<?xml version="1.0" encoding="UTF-8"?>
<testsuites tests="12" failures="3" errors="3" skipped="3">
  <testsuite timestamp="2025-08-15T01:03:22" time="840.961" tests="12" failures="3" errors="3" skipped="3">
    <properties>
      <property name="specId" value="0"/>
      <property name="suiteName" value="FundingContract"/>
      <property name="capabilities" value="chrome.138_0_7204_184.windows"/>
      <property name="file" value="file:///D:/a/1/s/test/specs/BusinessObjects/FundingContract.spec.js"/>
    </properties>
    <testcase classname="chrome.138_0_7204_184.windows.FundingContract" name="Should create Program" time="142.875">
      <system-out><![CDATA[
COMMAND: POST /session/7f0b97dca5eb0b98e64cb5c7a1170890/execute/async - {"script":"<script> [21 bytes]","args":[{"selector":{"controlType":"sap.m.GenericTile","properties":{"header":"Funding Program"}},"wdio_ui5_key":"sapm.GenericTile{\"header\":\"Funding Program\"}"}]}
RESULT: {"script":"<script> [21 bytes]","args":[{"selector":{"controlType":"sap.m.GenericTile","properties":{"header":"Funding Program"}},"wdio_ui5_key":"sapm.GenericTile{\"header\":\"Funding Program\"}"}]}
RESULT: undefined
COMMAND: POST /session/7f0b97dca5eb0b98e64cb5c7a1170890/element - {"using":"xpath","value":"//*[@id=\"__tile29\"]"}
RESULT: {"using":"xpath","value":"//*[@id=\"__tile29\"]"}
COMMAND: POST /session/7f0b97dca5eb0b98e64cb5c7a1170890/element/f.2870DC74FA737ABC0B7A253C39930840.d.442B7D2D408C6798DC0D1E8C0FC61690.e.79/click - {}
RESULT: {}
COMMAND: POST /session/7f0b97dca5eb0b98e64cb5c7a1170890/execute/async - {"script":"<script> [21 bytes]","args":[{"selector":{"id":"rfm.programui::xRFMxCU_ProgramList--fe::table::allTab::LineItem::StandardAction::Create","controlType":"sap.m.Button"},"wdio_ui5_key":"rfmprogramui::xRFMxCU_ProgramList--fe::table::allTab::LineItem::StandardAction::Createsap.m.Button"}]}
COMMAND: GET /session/7f0b97dca5eb0b98e64cb5c7a1170890/screenshot - {}
RESULT: {"script":"<script> [21 bytes]","args":[{"selector":{"id":"rfm.programui::xRFMxCU_ProgramList--fe::table::allTab::LineItem::StandardAction::Create","controlType":"sap.m.Button"},"wdio_ui5_key":"rfmprogramui::xRFMxCU_ProgramList--fe::table::allTab::LineItem::StandardAction::Createsap.m.Button"}]}
RESULT: undefined
COMMAND: POST /session/7f0b97dca5eb0b98e64cb5c7a1170890/element - {"using":"xpath","value":"//*[@id=\"rfm.programui::xRFMxCU_ProgramList--fe::table::allTab::LineItem::StandardAction::Create\"]"}
RESULT: {}
RESULT: {"using":"xpath","value":"//*[@id=\"rfm.programui::xRFMxCU_ProgramList--fe::table::allTab::LineItem::StandardAction::Create\"]"}
COMMAND: POST /session/7f0b97dca5eb0b98e64cb5c7a1170890/element/f.2870DC74FA737ABC0B7A253C39930840.d.442B7D2D408C6798DC0D1E8C0FC61690.e.144/click - {}
RESULT: {}
COMMAND: GET /session/7f0b97dca5eb0b98e64cb5c7a1170890/screenshot - {}
RESULT: {}
COMMAND: POST /session/7f0b97dca5eb0b98e64cb5c7a1170890/execute/async - {"script":"<script> [21 bytes]","args":[{"selector":{"id":"CreateDialog::xRFMxCU_ProgramType::FundingScope-inner","searchOpenDialogs":true,"interaction":{"idSuffix":"inner"}},"wdio_ui5_key":"CreateDialogxRFMxCU_ProgramType::FundingScope-inner"}]}
RESULT: {"script":"<script> [21 bytes]","args":[{"selector":{"id":"CreateDialog::xRFMxCU_ProgramType::FundingScope-inner","searchOpenDialogs":true,"interaction":{"idSuffix":"inner"}},"wdio_ui5_key":"CreateDialogxRFMxCU_ProgramType::FundingScope-inner"}]}
RESULT: undefined
COMMAND: POST /session/7f0b97dca5eb0b98e64cb5c7a1170890/execute/async - {"script":"<script> [20 bytes]","args":[{"enterText":"Installment","selector":{"id":"CreateDialog::xRFMxCU_ProgramType::FundingScope-inner","searchOpenDialogs":true,"interaction":{"idSuffix":"inner"}},"clearTextFirst":true,"interactionType":"ENTER_TEXT"}]}
RESULT: {"script":"<script> [20 bytes]","args":[{"enterText":"Installment","selector":{"id":"CreateDialog::xRFMxCU_ProgramType::FundingScope-inner","searchOpenDialogs":true,"interaction":{"idSuffix":"inner"}},"clearTextFirst":true,"interactionType":"ENTER_TEXT"}]}
COMMAND: POST /session/7f0b97dca5eb0b98e64cb5c7a1170890/execute/async - {"script":"<script> [21 bytes]","args":[{"selector":{"id":"CreateDialog::xRFMxCU_ProgramType::ValidFrom-inner","searchOpenDialogs":true,"interaction":{"idSuffix":"inner"}},"wdio_ui5_key":"CreateDialogxRFMxCU_ProgramType::ValidFrom-inner"}]}
RESULT: {"script":"<script> [21 bytes]","args":[{"selector":{"id":"CreateDialog::xRFMxCU_ProgramType::ValidFrom-inner","searchOpenDialogs":true,"interaction":{"idSuffix":"inner"}},"wdio_ui5_key":"CreateDialogxRFMxCU_ProgramType::ValidFrom-inner"}]}
RESULT: undefined
COMMAND: POST /session/7f0b97dca5eb0b98e64cb5c7a1170890/execute/async - {"script":"<script> [21 bytes]","args":[{"element-6066-11e4-a52e-4f735466cecf":"f.2870DC74FA737ABC0B7A253C39930840.d.442B7D2D408C6798DC0D1E8C0FC61690.e.309"},"setValue",["2025-01-01"]]}
RESULT: {"script":"<script> [21 bytes]","args":[{"element-6066-11e4-a52e-4f735466cecf":"f.2870DC74FA737ABC0B7A253C39930840.d.442B7D2D408C6798DC0D1E8C0FC61690.e.309"},"setValue",["2025-01-01"]]}
COMMAND: POST /session/7f0b97dca5eb0b98e64cb5c7a1170890/execute/async - {"script":"<script> [21 bytes]","args":[{"selector":{"id":"CreateDialog::xRFMxCU_ProgramType::PortfolioId-inner","searchOpenDialogs":true,"interaction":{"idSuffix":"inner"}},"wdio_ui5_key":"CreateDialogxRFMxCU_ProgramType::PortfolioId-inner"}]}
RESULT: {"script":"<script> [21 bytes]","args":[{"selector":{"id":"CreateDialog::xRFMxCU_ProgramType::PortfolioId-inner","searchOpenDialogs":true,"interaction":{"idSuffix":"inner"}},"wdio_ui5_key":"CreateDialogxRFMxCU_ProgramType::PortfolioId-inner"}]}
RESULT: undefined
COMMAND: POST /session/7f0b97dca5eb0b98e64cb5c7a1170890/execute/async - {"script":"<script> [20 bytes]","args":[{"enterText":"1","selector":{"id":"CreateDialog::xRFMxCU_ProgramType::PortfolioId-inner","searchOpenDialogs":true,"interaction":{"idSuffix":"inner"}},"clearTextFirst":true,"interactionType":"ENTER_TEXT"}]}
RESULT: {"script":"<script> [20 bytes]","args":[{"enterText":"1","selector":{"id":"CreateDialog::xRFMxCU_ProgramType::PortfolioId-inner","searchOpenDialogs":true,"interaction":{"idSuffix":"inner"}},"clearTextFirst":true,"interactionType":"ENTER_TEXT"}]}
COMMAND: POST /session/7f0b97dca5eb0b98e64cb5c7a1170890/execute/async - {"script":"<script> [21 bytes]","args":[{"selector":{"controlType":"sap.m.Button","viewName":"sap.fe.templates.ObjectPage.ObjectPage","viewId":"rfm.programui::xRFMxCU_ProgramObjectPage","properties":{"text":"Continue"},"searchOpenDialogs":true,"interaction":{"idSuffix":"BDI-content"}},"wdio_ui5_key":"sapfe.templates.ObjectPage.ObjectPagesap.m.Button{\"text\":\"Continue\"}"}]}
RESULT: {"script":"<script> [21 bytes]","args":[{"selector":{"controlType":"sap.m.Button","viewName":"sap.fe.templates.ObjectPage.ObjectPage","viewId":"rfm.programui::xRFMxCU_ProgramObjectPage","properties":{"text":"Continue"},"searchOpenDialogs":true,"interaction":{"idSuffix":"BDI-content"}},"wdio_ui5_key":"sapfe.templates.ObjectPage.ObjectPagesap.m.Button{\"text\":\"Continue\"}"}]}
RESULT: undefined
COMMAND: POST /session/7f0b97dca5eb0b98e64cb5c7a1170890/element - {"using":"xpath","value":"//*[@id=\"__button187\"]"}
RESULT: {"using":"xpath","value":"//*[@id=\"__button187\"]"}
COMMAND: POST /session/7f0b97dca5eb0b98e64cb5c7a1170890/element/f.2870DC74FA737ABC0B7A253C39930840.d.442B7D2D408C6798DC0D1E8C0FC61690.e.319/click - {}
RESULT: {}
COMMAND: GET /session/7f0b97dca5eb0b98e64cb5c7a1170890/screenshot - {}
RESULT: {}
COMMAND: POST /session/7f0b97dca5eb0b98e64cb5c7a1170890/execute/async - {"script":"<script> [21 bytes]","args":[{"selector":{"id":"rfm.programui::xRFMxCU_ProgramObjectPage--fe::CustomSubSection::CustomDetailsSection--fe::FormContainer::FieldGroup::basicData1::FormElement::DataField::Currency::Field-edit-inner","interaction":{"idSuffix":"inner"}},"wdio_ui5_key":"rfmprogramui::xRFMxCU_ProgramObjectPage--fe::CustomSubSection::CustomDetailsSection--fe::FormContainer::FieldGroup::basicData1::FormElement::DataField::Currency::Field-edit-inner"}]}
RESULT: {"script":"<script> [21 bytes]","args":[{"selector":{"id":"rfm.programui::xRFMxCU_ProgramObjectPage--fe::CustomSubSection::CustomDetailsSection--fe::FormContainer::FieldGroup::basicData1::FormElement::DataField::Currency::Field-edit-inner","interaction":{"idSuffix":"inner"}},"wdio_ui5_key":"rfmprogramui::xRFMxCU_ProgramObjectPage--fe::CustomSubSection::CustomDetailsSection--fe::FormContainer::FieldGroup::basicData1::FormElement::DataField::Currency::Field-edit-inner"}]}
RESULT: undefined
COMMAND: POST /session/7f0b97dca5eb0b98e64cb5c7a1170890/execute/async - {"script":"<script> [20 bytes]","args":[{"enterText":"EUR","selector":{"id":"rfm.programui::xRFMxCU_ProgramObjectPage--fe::CustomSubSection::CustomDetailsSection--fe::FormContainer::FieldGroup::basicData1::FormElement::DataField::Currency::Field-edit-inner","interaction":{"idSuffix":"inner"}},"clearTextFirst":true,"interactionType":"ENTER_TEXT"}]}
RESULT: {"script":"<script> [20 bytes]","args":[{"enterText":"EUR","selector":{"id":"rfm.programui::xRFMxCU_ProgramObjectPage--fe::CustomSubSection::CustomDetailsSection--fe::FormContainer::FieldGroup::basicData1::FormElement::DataField::Currency::Field-edit-inner","interaction":{"idSuffix":"inner"}},"clearTextFirst":true,"interactionType":"ENTER_TEXT"}]}
COMMAND: POST /session/7f0b97dca5eb0b98e64cb5c7a1170890/execute/async - {"script":"<script> [21 bytes]","args":[{"selector":{"id":"rfm.programui::xRFMxCU_ProgramObjectPage--fe::CustomSubSection::CustomDetailsSection--fe::FormContainer::FieldGroup::basicData1::FormElement::DataField::Volume::Field-edit-inner","interaction":{"idSuffix":"inner"}},"wdio_ui5_key":"rfmprogramui::xRFMxCU_ProgramObjectPage--fe::CustomSubSection::CustomDetailsSection--fe::FormContainer::FieldGroup::basicData1::FormElement::DataField::Volume::Field-edit-inner"}]}
RESULT: {"script":"<script> [21 bytes]","args":[{"selector":{"id":"rfm.programui::xRFMxCU_ProgramObjectPage--fe::CustomSubSection::CustomDetailsSection--fe::FormContainer::FieldGroup::basicData1::FormElement::DataField::Volume::Field-edit-inner","interaction":{"idSuffix":"inner"}},"wdio_ui5_key":"rfmprogramui::xRFMxCU_ProgramObjectPage--fe::CustomSubSection::CustomDetailsSection--fe::FormContainer::FieldGroup::basicData1::FormElement::DataField::Volume::Field-edit-inner"}]}
RESULT: undefined
COMMAND: POST /session/7f0b97dca5eb0b98e64cb5c7a1170890/execute/async - {"script":"<script> [20 bytes]","args":[{"enterText":"1,000,000,000.00","selector":{"id":"rfm.programui::xRFMxCU_ProgramObjectPage--fe::CustomSubSection::CustomDetailsSection--fe::FormContainer::FieldGroup::basicData1::FormElement::DataField::Volume::Field-edit-inner","interaction":{"idSuffix":"inner"}},"clearTextFirst":true,"interactionType":"ENTER_TEXT"}]}
RESULT: {"script":"<script> [20 bytes]","args":[{"enterText":"1,000,000,000.00","selector":{"id":"rfm.programui::xRFMxCU_ProgramObjectPage--fe::CustomSubSection::CustomDetailsSection--fe::FormContainer::FieldGroup::basicData1::FormElement::DataField::Volume::Field-edit-inner","interaction":{"idSuffix":"inner"}},"clearTextFirst":true,"interactionType":"ENTER_TEXT"}]}
COMMAND: POST /session/7f0b97dca5eb0b98e64cb5c7a1170890/execute/async - {"script":"<script> [21 bytes]","args":[{"selector":{"id":"rfm.programui::xRFMxCU_ProgramObjectPage--fe::CustomSubSection::CustomDetailsSection--fe::FormContainer::FieldGroup::basicData1::FormElement::DataField::ValidTo::Field-edit","interaction":{"idSuffix":"inner"}},"wdio_ui5_key":"rfmprogramui::xRFMxCU_ProgramObjectPage--fe::CustomSubSection::CustomDetailsSection--fe::FormContainer::FieldGroup::basicData1::FormElement::DataField::ValidTo::Field-edit"}]}
RESULT: {"script":"<script> [21 bytes]","args":[{"selector":{"id":"rfm.programui::xRFMxCU_ProgramObjectPage--fe::CustomSubSection::CustomDetailsSection--fe::FormContainer::FieldGroup::basicData1::FormElement::DataField::ValidTo::Field-edit","interaction":{"idSuffix":"inner"}},"wdio_ui5_key":"rfmprogramui::xRFMxCU_ProgramObjectPage--fe::CustomSubSection::CustomDetailsSection--fe::FormContainer::FieldGroup::basicData1::FormElement::DataField::ValidTo::Field-edit"}]}
RESULT: undefined
COMMAND: POST /session/7f0b97dca5eb0b98e64cb5c7a1170890/execute/async - {"script":"<script> [21 bytes]","args":[{"element-6066-11e4-a52e-4f735466cecf":"f.2870DC74FA737ABC0B7A253C39930840.d.442B7D2D408C6798DC0D1E8C0FC61690.e.358"},"setValue",["2027-12-31"]]}
RESULT: {"script":"<script> [21 bytes]","args":[{"element-6066-11e4-a52e-4f735466cecf":"f.2870DC74FA737ABC0B7A253C39930840.d.442B7D2D408C6798DC0D1E8C0FC61690.e.358"},"setValue",["2027-12-31"]]}
COMMAND: POST /session/7f0b97dca5eb0b98e64cb5c7a1170890/execute/async - {"script":"<script> [21 bytes]","args":[{"selector":{"id":"rfm.programui::xRFMxCU_ProgramObjectPage--fe::CustomSubSection::CustomDetailsSection--fe::FormContainer::FieldGroup::basicData2::FormElement::DataField::CompanyCode::Field-edit-inner","interaction":{"idSuffix":"inner"}},"wdio_ui5_key":"rfmprogramui::xRFMxCU_ProgramObjectPage--fe::CustomSubSection::CustomDetailsSection--fe::FormContainer::FieldGroup::basicData2::FormElement::DataField::CompanyCode::Field-edit-inner"}]}
RESULT: {"script":"<script> [21 bytes]","args":[{"selector":{"id":"rfm.programui::xRFMxCU_ProgramObjectPage--fe::CustomSubSection::CustomDetailsSection--fe::FormContainer::FieldGroup::basicData2::FormElement::DataField::CompanyCode::Field-edit-inner","interaction":{"idSuffix":"inner"}},"wdio_ui5_key":"rfmprogramui::xRFMxCU_ProgramObjectPage--fe::CustomSubSection::CustomDetailsSection--fe::FormContainer::FieldGroup::basicData2::FormElement::DataField::CompanyCode::Field-edit-inner"}]}
RESULT: undefined
COMMAND: POST /session/7f0b97dca5eb0b98e64cb5c7a1170890/execute/async - {"script":"<script> [20 bytes]","args":[{"enterText":"BearingPoint (0001)","selector":{"id":"rfm.programui::xRFMxCU_ProgramObjectPage--fe::CustomSubSection::CustomDetailsSection--fe::FormContainer::FieldGroup::basicData2::FormElement::DataField::CompanyCode::Field-edit-inner","interaction":{"idSuffix":"inner"}},"clearTextFirst":true,"interactionType":"ENTER_TEXT"}]}
RESULT: {"script":"<script> [20 bytes]","args":[{"enterText":"BearingPoint (0001)","selector":{"id":"rfm.programui::xRFMxCU_ProgramObjectPage--fe::CustomSubSection::CustomDetailsSection--fe::FormContainer::FieldGroup::basicData2::FormElement::DataField::CompanyCode::Field-edit-inner","interaction":{"idSuffix":"inner"}},"clearTextFirst":true,"interactionType":"ENTER_TEXT"}]}
COMMAND: POST /session/7f0b97dca5eb0b98e64cb5c7a1170890/execute/async - {"script":"<script> [21 bytes]","args":[{"selector":{"id":"rfm.programui::xRFMxCU_ProgramObjectPage--fe::CustomSubSection::CustomDetailsSection--DetailsFundingTypesTable-content::StandardAction::Create","interaction":{"idSuffix":"BDI-content"}},"wdio_ui5_key":"rfmprogramui::xRFMxCU_ProgramObjectPage--fe::CustomSubSection::CustomDetailsSection--DetailsFundingTypesTable-content::StandardAction::Create"}]}
RESULT: {"script":"<script> [21 bytes]","args":[{"selector":{"id":"rfm.programui::xRFMxCU_ProgramObjectPage--fe::CustomSubSection::CustomDetailsSection--DetailsFundingTypesTable-content::StandardAction::Create","interaction":{"idSuffix":"BDI-content"}},"wdio_ui5_key":"rfmprogramui::xRFMxCU_ProgramObjectPage--fe::CustomSubSection::CustomDetailsSection--DetailsFundingTypesTable-content::StandardAction::Create"}]}
RESULT: undefined
COMMAND: POST /session/7f0b97dca5eb0b98e64cb5c7a1170890/element - {"using":"xpath","value":"//*[@id=\"rfm.programui::xRFMxCU_ProgramObjectPage--fe::CustomSubSection::CustomDetailsSection--DetailsFundingTypesTable-content::StandardAction::Create\"]"}
RESULT: {"using":"xpath","value":"//*[@id=\"rfm.programui::xRFMxCU_ProgramObjectPage--fe::CustomSubSection::CustomDetailsSection--DetailsFundingTypesTable-content::StandardAction::Create\"]"}
COMMAND: POST /session/7f0b97dca5eb0b98e64cb5c7a1170890/element/f.2870DC74FA737ABC0B7A253C39930840.d.442B7D2D408C6798DC0D1E8C0FC61690.e.369/click - {}
RESULT: {}
COMMAND: GET /session/7f0b97dca5eb0b98e64cb5c7a1170890/screenshot - {}
RESULT: {}
COMMAND: POST /session/7f0b97dca5eb0b98e64cb5c7a1170890/execute/async - {"script":"<script> [21 bytes]","args":[{"selector":{"id":"CreateDialog::xRFMxCU_ProgramFundingTypeType::FundingType-inner","searchOpenDialogs":true,"interaction":{"idSuffix":"inner"}},"wdio_ui5_key":"CreateDialogxRFMxCU_ProgramFundingTypeType::FundingType-inner"}]}
RESULT: {"script":"<script> [21 bytes]","args":[{"selector":{"id":"CreateDialog::xRFMxCU_ProgramFundingTypeType::FundingType-inner","searchOpenDialogs":true,"interaction":{"idSuffix":"inner"}},"wdio_ui5_key":"CreateDialogxRFMxCU_ProgramFundingTypeType::FundingType-inner"}]}
RESULT: undefined
COMMAND: POST /session/7f0b97dca5eb0b98e64cb5c7a1170890/execute/async - {"script":"<script> [20 bytes]","args":[{"enterText":"20","selector":{"id":"CreateDialog::xRFMxCU_ProgramFundingTypeType::FundingType-inner","searchOpenDialogs":true,"interaction":{"idSuffix":"inner"}},"clearTextFirst":true,"interactionType":"ENTER_TEXT"}]}
RESULT: {"script":"<script> [20 bytes]","args":[{"enterText":"20","selector":{"id":"CreateDialog::xRFMxCU_ProgramFundingTypeType::FundingType-inner","searchOpenDialogs":true,"interaction":{"idSuffix":"inner"}},"clearTextFirst":true,"interactionType":"ENTER_TEXT"}]}
COMMAND: POST /session/7f0b97dca5eb0b98e64cb5c7a1170890/execute/async - {"script":"<script> [21 bytes]","args":[{"selector":{"id":"CreateDialog::xRFMxCU_Program::_AllowedFundingType-footer","searchOpenDialogs":true},"wdio_ui5_key":"CreateDialogxRFMxCU_Program::_AllowedFundingType-footer"}]}
RESULT: {"script":"<script> [21 bytes]","args":[{"selector":{"id":"CreateDialog::xRFMxCU_Program::_AllowedFundingType-footer","searchOpenDialogs":true},"wdio_ui5_key":"CreateDialogxRFMxCU_Program::_AllowedFundingType-footer"}]}
RESULT: undefined
COMMAND: POST /session/7f0b97dca5eb0b98e64cb5c7a1170890/element - {"using":"xpath","value":"//*[@id=\"CreateDialog::xRFMxCU_Program::_AllowedFundingType-footer\"]"}
RESULT: {"using":"xpath","value":"//*[@id=\"CreateDialog::xRFMxCU_Program::_AllowedFundingType-footer\"]"}
COMMAND: POST /session/7f0b97dca5eb0b98e64cb5c7a1170890/element/f.2870DC74FA737ABC0B7A253C39930840.d.442B7D2D408C6798DC0D1E8C0FC61690.e.517/click - {}
RESULT: {}
COMMAND: GET /session/7f0b97dca5eb0b98e64cb5c7a1170890/screenshot - {}
RESULT: {}
RESULT: undefined
COMMAND: POST /session/7f0b97dca5eb0b98e64cb5c7a1170890/execute/async - {"script":"<script> [21 bytes]","args":[{"element-6066-11e4-a52e-4f735466cecf":"f.2870DC74FA737ABC0B7A253C39930840.d.442B7D2D408C6798DC0D1E8C0FC61690.e.318"},"getEnabled",[]]}
COMMAND: POST /session/7f0b97dca5eb0b98e64cb5c7a1170890/execute/async - {"script":"<script> [21 bytes]","args":[{"selector":{"controlType":"sap.m.Button","viewName":"sap.fe.templates.ObjectPage.ObjectPage","viewId":"rfm.programui::xRFMxCU_ProgramObjectPage","properties":{"text":"Continue"},"searchOpenDialogs":true,"interaction":{"idSuffix":"BDI-content"}},"wdio_ui5_key":"sapfe.templates.ObjectPage.ObjectPagesap.m.Button{\"text\":\"Continue\"}"}]}
RESULT: {"script":"<script> [21 bytes]","args":[{"selector":{"controlType":"sap.m.Button","viewName":"sap.fe.templates.ObjectPage.ObjectPage","viewId":"rfm.programui::xRFMxCU_ProgramObjectPage","properties":{"text":"Continue"},"searchOpenDialogs":true,"interaction":{"idSuffix":"BDI-content"}},"wdio_ui5_key":"sapfe.templates.ObjectPage.ObjectPagesap.m.Button{\"text\":\"Continue\"}"}]}
COMMAND: POST /session/7f0b97dca5eb0b98e64cb5c7a1170890/execute/async - {"script":"<script> [21 bytes]","args":[{"element-6066-11e4-a52e-4f735466cecf":"f.2870DC74FA737ABC0B7A253C39930840.d.442B7D2D408C6798DC0D1E8C0FC61690.e.518"},"getEnabled",[]]}
RESULT: {"script":"<script> [21 bytes]","args":[{"element-6066-11e4-a52e-4f735466cecf":"f.2870DC74FA737ABC0B7A253C39930840.d.442B7D2D408C6798DC0D1E8C0FC61690.e.518"},"getEnabled",[]]}
COMMAND: POST /session/7f0b97dca5eb0b98e64cb5c7a1170890/element - {"using":"xpath","value":"//*[@id=\"__button199\"]"}
COMMAND: POST /session/7f0b97dca5eb0b98e64cb5c7a1170890/execute/async - {"script":"<script> [21 bytes]","args":[{"element-6066-11e4-a52e-4f735466cecf":"f.2870DC74FA737ABC0B7A253C39930840.d.442B7D2D408C6798DC0D1E8C0FC61690.e.318"},"getEnabled",[]]}
COMMAND: POST /session/7f0b97dca5eb0b98e64cb5c7a1170890/execute/async - {"script":"<script> [21 bytes]","args":[{"selector":{"controlType":"sap.m.Button","viewName":"sap.fe.templates.ObjectPage.ObjectPage","viewId":"rfm.programui::xRFMxCU_ProgramObjectPage","properties":{"text":"Continue"},"searchOpenDialogs":true,"interaction":{"idSuffix":"BDI-content"}},"wdio_ui5_key":"sapfe.templates.ObjectPage.ObjectPagesap.m.Button{\"text\":\"Continue\"}"}]}
RESULT: {"using":"xpath","value":"//*[@id=\"__button199\"]"}
COMMAND: POST /session/7f0b97dca5eb0b98e64cb5c7a1170890/element/f.2870DC74FA737ABC0B7A253C39930840.d.442B7D2D408C6798DC0D1E8C0FC61690.e.519/click - {}
RESULT: {"script":"<script> [21 bytes]","args":[{"selector":{"controlType":"sap.m.Button","viewName":"sap.fe.templates.ObjectPage.ObjectPage","viewId":"rfm.programui::xRFMxCU_ProgramObjectPage","properties":{"text":"Continue"},"searchOpenDialogs":true,"interaction":{"idSuffix":"BDI-content"}},"wdio_ui5_key":"sapfe.templates.ObjectPage.ObjectPagesap.m.Button{\"text\":\"Continue\"}"}]}
COMMAND: POST /session/7f0b97dca5eb0b98e64cb5c7a1170890/execute/async - {"script":"<script> [21 bytes]","args":[{"element-6066-11e4-a52e-4f735466cecf":"f.2870DC74FA737ABC0B7A253C39930840.d.442B7D2D408C6798DC0D1E8C0FC61690.e.518"},"getEnabled",[]]}
RESULT: {}
COMMAND: GET /session/7f0b97dca5eb0b98e64cb5c7a1170890/screenshot - {}
RESULT: {}
COMMAND: POST /session/7f0b97dca5eb0b98e64cb5c7a1170890/execute/async - {"script":"<script> [21 bytes]","args":[{"selector":{"id":"rfm.programui::xRFMxCU_Program__AllowedFundingTypeObjectPage--fe::FooterBar::StandardAction::Apply","interaction":{"idSuffix":"BDI-content"}},"wdio_ui5_key":"rfmprogramui::xRFMxCU_Program__AllowedFundingTypeObjectPage--fe::FooterBar::StandardAction::Apply"}]}
RESULT: {"script":"<script> [21 bytes]","args":[{"selector":{"id":"rfm.programui::xRFMxCU_Program__AllowedFundingTypeObjectPage--fe::FooterBar::StandardAction::Apply","interaction":{"idSuffix":"BDI-content"}},"wdio_ui5_key":"rfmprogramui::xRFMxCU_Program__AllowedFundingTypeObjectPage--fe::FooterBar::StandardAction::Apply"}]}
RESULT: undefined
COMMAND: POST /session/7f0b97dca5eb0b98e64cb5c7a1170890/element - {"using":"xpath","value":"//*[@id=\"rfm.programui::xRFMxCU_Program__AllowedFundingTypeObjectPage--fe::FooterBar::StandardAction::Apply\"]"}
RESULT: {"using":"xpath","value":"//*[@id=\"rfm.programui::xRFMxCU_Program__AllowedFundingTypeObjectPage--fe::FooterBar::StandardAction::Apply\"]"}
COMMAND: POST /session/7f0b97dca5eb0b98e64cb5c7a1170890/element/f.2870DC74FA737ABC0B7A253C39930840.d.442B7D2D408C6798DC0D1E8C0FC61690.e.510/click - {}
RESULT: {}
COMMAND: GET /session/7f0b97dca5eb0b98e64cb5c7a1170890/screenshot - {}
RESULT: {}
COMMAND: POST /session/7f0b97dca5eb0b98e64cb5c7a1170890/execute/async - {"script":"<script> [21 bytes]","args":[{"selector":{"id":"rfm.programui::xRFMxCU_ProgramObjectPage--fe::ObjectPage-anchBar-rfm.programui::xRFMxCU_ProgramObjectPage--fe::EditableHeaderSection-anchor","interaction":{"idSuffix":"text"}},"wdio_ui5_key":"rfmprogramui::xRFMxCU_ProgramObjectPage--fe::ObjectPage-anchBar-rfm.programui::xRFMxCU_ProgramObjectPage--fe::EditableHeaderSection-anchor"}]}
RESULT: {"script":"<script> [21 bytes]","args":[{"selector":{"id":"rfm.programui::xRFMxCU_ProgramObjectPage--fe::ObjectPage-anchBar-rfm.programui::xRFMxCU_ProgramObjectPage--fe::EditableHeaderSection-anchor","interaction":{"idSuffix":"text"}},"wdio_ui5_key":"rfmprogramui::xRFMxCU_ProgramObjectPage--fe::ObjectPage-anchBar-rfm.programui::xRFMxCU_ProgramObjectPage--fe::EditableHeaderSection-anchor"}]}
RESULT: undefined
COMMAND: POST /session/7f0b97dca5eb0b98e64cb5c7a1170890/element - {"using":"xpath","value":"//*[@id=\"rfm.programui::xRFMxCU_ProgramObjectPage--fe::ObjectPage-anchBar-rfm.programui::xRFMxCU_ProgramObjectPage--fe::EditableHeaderSection-anchor\"]"}
RESULT: {"using":"xpath","value":"//*[@id=\"rfm.programui::xRFMxCU_ProgramObjectPage--fe::ObjectPage-anchBar-rfm.programui::xRFMxCU_ProgramObjectPage--fe::EditableHeaderSection-anchor\"]"}
COMMAND: POST /session/7f0b97dca5eb0b98e64cb5c7a1170890/element/f.2870DC74FA737ABC0B7A253C39930840.d.442B7D2D408C6798DC0D1E8C0FC61690.e.569/click - {}
RESULT: {}
COMMAND: GET /session/7f0b97dca5eb0b98e64cb5c7a1170890/screenshot - {}
RESULT: {}
COMMAND: POST /session/7f0b97dca5eb0b98e64cb5c7a1170890/execute/async - {"script":"<script> [21 bytes]","args":[{"selector":{"id":"rfm.programui::xRFMxCU_ProgramObjectPage--fe::HeaderFacet::FormContainer::headerFieldsGP1::FormElement::DataField::Name::Field-edit","interaction":{"idSuffix":"inner"}},"wdio_ui5_key":"rfmprogramui::xRFMxCU_ProgramObjectPage--fe::HeaderFacet::FormContainer::headerFieldsGP1::FormElement::DataField::Name::Field-edit"}]}
RESULT: {"script":"<script> [21 bytes]","args":[{"selector":{"id":"rfm.programui::xRFMxCU_ProgramObjectPage--fe::HeaderFacet::FormContainer::headerFieldsGP1::FormElement::DataField::Name::Field-edit","interaction":{"idSuffix":"inner"}},"wdio_ui5_key":"rfmprogramui::xRFMxCU_ProgramObjectPage--fe::HeaderFacet::FormContainer::headerFieldsGP1::FormElement::DataField::Name::Field-edit"}]}
RESULT: undefined
COMMAND: POST /session/7f0b97dca5eb0b98e64cb5c7a1170890/execute/async - {"script":"<script> [20 bytes]","args":[{"enterText":"WDIO_FundingContract_2025-08-15","selector":{"id":"rfm.programui::xRFMxCU_ProgramObjectPage--fe::HeaderFacet::FormContainer::headerFieldsGP1::FormElement::DataField::Name::Field-edit","interaction":{"idSuffix":"inner"}},"clearTextFirst":true,"interactionType":"ENTER_TEXT"}]}
RESULT: {"script":"<script> [20 bytes]","args":[{"enterText":"WDIO_FundingContract_2025-08-15","selector":{"id":"rfm.programui::xRFMxCU_ProgramObjectPage--fe::HeaderFacet::FormContainer::headerFieldsGP1::FormElement::DataField::Name::Field-edit","interaction":{"idSuffix":"inner"}},"clearTextFirst":true,"interactionType":"ENTER_TEXT"}]}
COMMAND: POST /session/7f0b97dca5eb0b98e64cb5c7a1170890/execute/async - {"script":"<script> [21 bytes]","args":[{"selector":{"id":"rfm.programui::xRFMxCU_ProgramObjectPage--fe::FooterBar::StandardAction::Save","interaction":{"idSuffix":"BDI-content"}},"wdio_ui5_key":"rfmprogramui::xRFMxCU_ProgramObjectPage--fe::FooterBar::StandardAction::Save"}]}
RESULT: {"script":"<script> [21 bytes]","args":[{"selector":{"id":"rfm.programui::xRFMxCU_ProgramObjectPage--fe::FooterBar::StandardAction::Save","interaction":{"idSuffix":"BDI-content"}},"wdio_ui5_key":"rfmprogramui::xRFMxCU_ProgramObjectPage--fe::FooterBar::StandardAction::Save"}]}
RESULT: undefined
COMMAND: POST /session/7f0b97dca5eb0b98e64cb5c7a1170890/element - {"using":"xpath","value":"//*[@id=\"rfm.programui::xRFMxCU_ProgramObjectPage--fe::FooterBar::StandardAction::Save\"]"}
RESULT: {"using":"xpath","value":"//*[@id=\"rfm.programui::xRFMxCU_ProgramObjectPage--fe::FooterBar::StandardAction::Save\"]"}
COMMAND: POST /session/7f0b97dca5eb0b98e64cb5c7a1170890/element/f.2870DC74FA737ABC0B7A253C39930840.d.442B7D2D408C6798DC0D1E8C0FC61690.e.424/click - {}
RESULT: {}
COMMAND: GET /session/7f0b97dca5eb0b98e64cb5c7a1170890/screenshot - {}
RESULT: {}
COMMAND: POST /session/7f0b97dca5eb0b98e64cb5c7a1170890/execute/async - {"script":"<script> [21 bytes]","args":[{"selector":{"id":"rfm.programui::xRFMxCU_ProgramObjectPage--fe::HeaderFacet::Form::headerFieldsGP1::DataField::ProgramId::Field-content"},"wdio_ui5_key":"rfmprogramui::xRFMxCU_ProgramObjectPage--fe::HeaderFacet::Form::headerFieldsGP1::DataField::ProgramId::Field-content"}]}
RESULT: {"script":"<script> [21 bytes]","args":[{"selector":{"id":"rfm.programui::xRFMxCU_ProgramObjectPage--fe::HeaderFacet::Form::headerFieldsGP1::DataField::ProgramId::Field-content"},"wdio_ui5_key":"rfmprogramui::xRFMxCU_ProgramObjectPage--fe::HeaderFacet::Form::headerFieldsGP1::DataField::ProgramId::Field-content"}]}
RESULT: undefined
COMMAND: POST /session/7f0b97dca5eb0b98e64cb5c7a1170890/execute/async - {"script":"<script> [21 bytes]","args":[{"element-6066-11e4-a52e-4f735466cecf":"f.2870DC74FA737ABC0B7A253C39930840.d.442B7D2D408C6798DC0D1E8C0FC61690.e.586"},"getText",[]]}
RESULT: {"script":"<script> [21 bytes]","args":[{"element-6066-11e4-a52e-4f735466cecf":"f.2870DC74FA737ABC0B7A253C39930840.d.442B7D2D408C6798DC0D1E8C0FC61690.e.586"},"getText",[]]}
COMMAND: POST /session/7f0b97dca5eb0b98e64cb5c7a1170890/execute/async - {"script":"<script> [21 bytes]","args":[{"selector":{"id":"rfm.programui::xRFMxCU_ProgramObjectPage--fe::DataFieldForAction::com.sap.gateway.srvd.rfm.ui_program.v0001.Open::com.sap.gateway.srvd.rfm.ui_program.v0001.xRFMxCU_ProgramType","interaction":{"idSuffix":"BDI-content"}},"wdio_ui5_key":"rfmprogramui::xRFMxCU_ProgramObjectPage--fe::DataFieldForAction::com.sap.gateway.srvd.rfm.ui_program.v0001.Open::com.sap.gateway.srvd.rfm.ui_program.v0001.xRFMxCU_ProgramType"}]}
RESULT: {"script":"<script> [21 bytes]","args":[{"selector":{"id":"rfm.programui::xRFMxCU_ProgramObjectPage--fe::DataFieldForAction::com.sap.gateway.srvd.rfm.ui_program.v0001.Open::com.sap.gateway.srvd.rfm.ui_program.v0001.xRFMxCU_ProgramType","interaction":{"idSuffix":"BDI-content"}},"wdio_ui5_key":"rfmprogramui::xRFMxCU_ProgramObjectPage--fe::DataFieldForAction::com.sap.gateway.srvd.rfm.ui_program.v0001.Open::com.sap.gateway.srvd.rfm.ui_program.v0001.xRFMxCU_ProgramType"}]}
RESULT: undefined
COMMAND: POST /session/7f0b97dca5eb0b98e64cb5c7a1170890/element - {"using":"xpath","value":"//*[@id=\"rfm.programui::xRFMxCU_ProgramObjectPage--fe::DataFieldForAction::com.sap.gateway.srvd.rfm.ui_program.v0001.Open::com.sap.gateway.srvd.rfm.ui_program.v0001.xRFMxCU_ProgramType\"]"}
RESULT: {"using":"xpath","value":"//*[@id=\"rfm.programui::xRFMxCU_ProgramObjectPage--fe::DataFieldForAction::com.sap.gateway.srvd.rfm.ui_program.v0001.Open::com.sap.gateway.srvd.rfm.ui_program.v0001.xRFMxCU_ProgramType\"]"}
COMMAND: POST /session/7f0b97dca5eb0b98e64cb5c7a1170890/element/f.2870DC74FA737ABC0B7A253C39930840.d.442B7D2D408C6798DC0D1E8C0FC61690.e.350/click - {}
RESULT: {}
COMMAND: GET /session/7f0b97dca5eb0b98e64cb5c7a1170890/screenshot - {}
RESULT: {}
COMMAND: POST /session/7f0b97dca5eb0b98e64cb5c7a1170890/execute/async - {"script":"<script> [21 bytes]","args":[{"selector":{"controlType":"sap.m.Button","properties":{"text":"OK"},"searchOpenDialogs":true,"interaction":{"idSuffix":"BDI-content"}},"wdio_ui5_key":"sapm.Button{\"text\":\"OK\"}"}]}
RESULT: {"script":"<script> [21 bytes]","args":[{"selector":{"controlType":"sap.m.Button","properties":{"text":"OK"},"searchOpenDialogs":true,"interaction":{"idSuffix":"BDI-content"}},"wdio_ui5_key":"sapm.Button{\"text\":\"OK\"}"}]}
RESULT: undefined
COMMAND: POST /session/7f0b97dca5eb0b98e64cb5c7a1170890/element - {"using":"xpath","value":"//*[@id=\"__mbox-btn-0\"]"}
RESULT: {"using":"xpath","value":"//*[@id=\"__mbox-btn-0\"]"}
COMMAND: POST /session/7f0b97dca5eb0b98e64cb5c7a1170890/element/f.2870DC74FA737ABC0B7A253C39930840.d.442B7D2D408C6798DC0D1E8C0FC61690.e.588/click - {}
RESULT: {}
COMMAND: GET /session/7f0b97dca5eb0b98e64cb5c7a1170890/screenshot - {}
RESULT: {}
COMMAND: POST /session/7f0b97dca5eb0b98e64cb5c7a1170890/execute/async - {"script":"<script> [21 bytes]","args":[{"selector":{"id":"backBtn"},"wdio_ui5_key":"backBtn"}]}
RESULT: {"script":"<script> [21 bytes]","args":[{"selector":{"id":"backBtn"},"wdio_ui5_key":"backBtn"}]}
RESULT: undefined
COMMAND: POST /session/7f0b97dca5eb0b98e64cb5c7a1170890/element - {"using":"xpath","value":"//*[@id=\"backBtn\"]"}
RESULT: {"using":"xpath","value":"//*[@id=\"backBtn\"]"}
COMMAND: POST /session/7f0b97dca5eb0b98e64cb5c7a1170890/element/f.2870DC74FA737ABC0B7A253C39930840.d.442B7D2D408C6798DC0D1E8C0FC61690.e.593/click - {}
RESULT: {}
COMMAND: GET /session/7f0b97dca5eb0b98e64cb5c7a1170890/screenshot - {}
COMMAND: POST /session/7f0b97dca5eb0b98e64cb5c7a1170890/element/f.2870DC74FA737ABC0B7A253C39930840.d.442B7D2D408C6798DC0D1E8C0FC61690.e.593/click - {}
RESULT: {}
RESULT: {}
COMMAND: GET /session/7f0b97dca5eb0b98e64cb5c7a1170890/screenshot - {}
RESULT: {}
COMMAND: GET /session/7f0b97dca5eb0b98e64cb5c7a1170890/screenshot - {}
]]></system-out>
    </testcase>
    <testcase classname="chrome.138_0_7204_184.windows.FundingContract" name="Should create asset" time="269.763">
      <system-out><![CDATA[
RESULT: {}
COMMAND: POST /session/7f0b97dca5eb0b98e64cb5c7a1170890/execute/async - {"script":"<script> [21 bytes]","args":[{"selector":{"controlType":"sap.m.GenericTile","properties":{"header":"Funding Asset"}},"wdio_ui5_key":"sapm.GenericTile{\"header\":\"Funding Asset\"}"}]}
RESULT: {"script":"<script> [21 bytes]","args":[{"selector":{"controlType":"sap.m.GenericTile","properties":{"header":"Funding Asset"}},"wdio_ui5_key":"sapm.GenericTile{\"header\":\"Funding Asset\"}"}]}
RESULT: undefined
COMMAND: POST /session/7f0b97dca5eb0b98e64cb5c7a1170890/element - {"using":"xpath","value":"//*[@id=\"__tile53\"]"}
RESULT: {"using":"xpath","value":"//*[@id=\"__tile53\"]"}
COMMAND: POST /session/7f0b97dca5eb0b98e64cb5c7a1170890/element/f.2870DC74FA737ABC0B7A253C39930840.d.442B7D2D408C6798DC0D1E8C0FC61690.e.682/click - {}
RESULT: {}
COMMAND: POST /session/7f0b97dca5eb0b98e64cb5c7a1170890/execute/async - {"script":"<script> [21 bytes]","args":[{"selector":{"id":"rfm.assetui::xRFMxCU_AssetList--fe::table::allTab::LineItem::StandardAction::Create","controlType":"sap.m.Button"},"wdio_ui5_key":"rfmassetui::xRFMxCU_AssetList--fe::table::allTab::LineItem::StandardAction::Createsap.m.Button"}]}
COMMAND: GET /session/7f0b97dca5eb0b98e64cb5c7a1170890/screenshot - {}
RESULT: {"script":"<script> [21 bytes]","args":[{"selector":{"id":"rfm.assetui::xRFMxCU_AssetList--fe::table::allTab::LineItem::StandardAction::Create","controlType":"sap.m.Button"},"wdio_ui5_key":"rfmassetui::xRFMxCU_AssetList--fe::table::allTab::LineItem::StandardAction::Createsap.m.Button"}]}
RESULT: undefined
COMMAND: POST /session/7f0b97dca5eb0b98e64cb5c7a1170890/element - {"using":"xpath","value":"//*[@id=\"rfm.assetui::xRFMxCU_AssetList--fe::table::allTab::LineItem::StandardAction::Create\"]"}
RESULT: {}
RESULT: {"using":"xpath","value":"//*[@id=\"rfm.assetui::xRFMxCU_AssetList--fe::table::allTab::LineItem::StandardAction::Create\"]"}
COMMAND: POST /session/7f0b97dca5eb0b98e64cb5c7a1170890/element/f.2870DC74FA737ABC0B7A253C39930840.d.442B7D2D408C6798DC0D1E8C0FC61690.e.735/click - {}
RESULT: {}
COMMAND: GET /session/7f0b97dca5eb0b98e64cb5c7a1170890/screenshot - {}
RESULT: {}
COMMAND: POST /session/7f0b97dca5eb0b98e64cb5c7a1170890/execute/async - {"script":"<script> [21 bytes]","args":[{"selector":{"id":"CreateDialog::xRFMxCU_AssetType::AssetIdExtern-inner","controlType":"sap.ui.mdc.field.FieldInput","searchOpenDialogs":true},"wdio_ui5_key":"CreateDialogxRFMxCU_AssetType::AssetIdExtern-innersap.ui.mdc.field.FieldInput"}]}
RESULT: {"script":"<script> [21 bytes]","args":[{"selector":{"id":"CreateDialog::xRFMxCU_AssetType::AssetIdExtern-inner","controlType":"sap.ui.mdc.field.FieldInput","searchOpenDialogs":true},"wdio_ui5_key":"CreateDialogxRFMxCU_AssetType::AssetIdExtern-innersap.ui.mdc.field.FieldInput"}]}
RESULT: undefined
COMMAND: POST /session/7f0b97dca5eb0b98e64cb5c7a1170890/execute/async - {"script":"<script> [21 bytes]","args":[{"element-6066-11e4-a52e-4f735466cecf":"f.2870DC74FA737ABC0B7A253C39930840.d.442B7D2D408C6798DC0D1E8C0FC61690.e.895"},"setValue",["WDIO_FundingContract_2025-08-15"]]}
RESULT: {"script":"<script> [21 bytes]","args":[{"element-6066-11e4-a52e-4f735466cecf":"f.2870DC74FA737ABC0B7A253C39930840.d.442B7D2D408C6798DC0D1E8C0FC61690.e.895"},"setValue",["WDIO_FundingContract_2025-08-15"]]}
COMMAND: POST /session/7f0b97dca5eb0b98e64cb5c7a1170890/execute/async - {"script":"<script> [21 bytes]","args":[{"selector":{"id":"CreateDialog::xRFMxCU_AssetType::ExternalSystem-inner","searchOpenDialogs":true,"interaction":{"idSuffix":"inner"}},"wdio_ui5_key":"CreateDialogxRFMxCU_AssetType::ExternalSystem-inner"}]}
RESULT: {"script":"<script> [21 bytes]","args":[{"selector":{"id":"CreateDialog::xRFMxCU_AssetType::ExternalSystem-inner","searchOpenDialogs":true,"interaction":{"idSuffix":"inner"}},"wdio_ui5_key":"CreateDialogxRFMxCU_AssetType::ExternalSystem-inner"}]}
RESULT: undefined
COMMAND: POST /session/7f0b97dca5eb0b98e64cb5c7a1170890/execute/async - {"script":"<script> [20 bytes]","args":[{"enterText":"Test","selector":{"id":"CreateDialog::xRFMxCU_AssetType::ExternalSystem-inner","searchOpenDialogs":true,"interaction":{"idSuffix":"inner"}},"clearTextFirst":true,"interactionType":"ENTER_TEXT"}]}
RESULT: {"script":"<script> [20 bytes]","args":[{"enterText":"Test","selector":{"id":"CreateDialog::xRFMxCU_AssetType::ExternalSystem-inner","searchOpenDialogs":true,"interaction":{"idSuffix":"inner"}},"clearTextFirst":true,"interactionType":"ENTER_TEXT"}]}
COMMAND: POST /session/7f0b97dca5eb0b98e64cb5c7a1170890/execute/async - {"script":"<script> [21 bytes]","args":[{"selector":{"id":"CreateDialog::xRFMxCU_AssetType::InitiationDate-inner","controlType":"sap.m.DatePicker","searchOpenDialogs":true},"wdio_ui5_key":"CreateDialogxRFMxCU_AssetType::InitiationDate-innersap.m.DatePicker"}]}
RESULT: {"script":"<script> [21 bytes]","args":[{"selector":{"id":"CreateDialog::xRFMxCU_AssetType::InitiationDate-inner","controlType":"sap.m.DatePicker","searchOpenDialogs":true},"wdio_ui5_key":"CreateDialogxRFMxCU_AssetType::InitiationDate-innersap.m.DatePicker"}]}
RESULT: undefined
COMMAND: POST /session/7f0b97dca5eb0b98e64cb5c7a1170890/execute/async - {"script":"<script> [21 bytes]","args":[{"element-6066-11e4-a52e-4f735466cecf":"f.2870DC74FA737ABC0B7A253C39930840.d.442B7D2D408C6798DC0D1E8C0FC61690.e.896"},"setValue",["2025-01-01"]]}
RESULT: {"script":"<script> [21 bytes]","args":[{"element-6066-11e4-a52e-4f735466cecf":"f.2870DC74FA737ABC0B7A253C39930840.d.442B7D2D408C6798DC0D1E8C0FC61690.e.896"},"setValue",["2025-01-01"]]}
COMMAND: POST /session/7f0b97dca5eb0b98e64cb5c7a1170890/execute/async - {"script":"<script> [21 bytes]","args":[{"selector":{"id":"CreateDialog::xRFMxCU_AssetType::ClosingDate-inner","controlType":"sap.m.DatePicker","searchOpenDialogs":true},"wdio_ui5_key":"CreateDialogxRFMxCU_AssetType::ClosingDate-innersap.m.DatePicker"}]}
RESULT: {"script":"<script> [21 bytes]","args":[{"selector":{"id":"CreateDialog::xRFMxCU_AssetType::ClosingDate-inner","controlType":"sap.m.DatePicker","searchOpenDialogs":true},"wdio_ui5_key":"CreateDialogxRFMxCU_AssetType::ClosingDate-innersap.m.DatePicker"}]}
RESULT: undefined
COMMAND: POST /session/7f0b97dca5eb0b98e64cb5c7a1170890/execute/async - {"script":"<script> [21 bytes]","args":[{"element-6066-11e4-a52e-4f735466cecf":"f.2870DC74FA737ABC0B7A253C39930840.d.442B7D2D408C6798DC0D1E8C0FC61690.e.897"},"setValue",["2027-12-31"]]}
RESULT: {"script":"<script> [21 bytes]","args":[{"element-6066-11e4-a52e-4f735466cecf":"f.2870DC74FA737ABC0B7A253C39930840.d.442B7D2D408C6798DC0D1E8C0FC61690.e.897"},"setValue",["2027-12-31"]]}
COMMAND: POST /session/7f0b97dca5eb0b98e64cb5c7a1170890/execute/async - {"script":"<script> [21 bytes]","args":[{"forceSelect":true,"selector":{"controlType":"sap.m.Button","properties":{"text":"Continue"},"searchOpenDialogs":true},"wdio_ui5_key":"sapm.Button{\"text\":\"Continue\"}"}]}
RESULT: {"script":"<script> [21 bytes]","args":[{"forceSelect":true,"selector":{"controlType":"sap.m.Button","properties":{"text":"Continue"},"searchOpenDialogs":true},"wdio_ui5_key":"sapm.Button{\"text\":\"Continue\"}"}]}
RESULT: undefined
COMMAND: POST /session/7f0b97dca5eb0b98e64cb5c7a1170890/execute/async - {"script":"<script> [21 bytes]","args":[{"selector":{"id":"__button233"}}]}
RESULT: {"script":"<script> [21 bytes]","args":[{"selector":{"id":"__button233"}}]}
COMMAND: POST /session/7f0b97dca5eb0b98e64cb5c7a1170890/execute/async - {"script":"<script> [21 bytes]","args":[{"element-6066-11e4-a52e-4f735466cecf":"f.2870DC74FA737ABC0B7A253C39930840.d.442B7D2D408C6798DC0D1E8C0FC61690.e.913"},"getVisible",[]]}
RESULT: {"script":"<script> [21 bytes]","args":[{"element-6066-11e4-a52e-4f735466cecf":"f.2870DC74FA737ABC0B7A253C39930840.d.442B7D2D408C6798DC0D1E8C0FC61690.e.913"},"getVisible",[]]}
COMMAND: POST /session/7f0b97dca5eb0b98e64cb5c7a1170890/execute/async - {"script":"<script> [21 bytes]","args":[{"selector":{"id":"__button233"}}]}
RESULT: {"script":"<script> [21 bytes]","args":[{"selector":{"id":"__button233"}}]}
COMMAND: POST /session/7f0b97dca5eb0b98e64cb5c7a1170890/execute/async - {"script":"<script> [21 bytes]","args":[{"element-6066-11e4-a52e-4f735466cecf":"f.2870DC74FA737ABC0B7A253C39930840.d.442B7D2D408C6798DC0D1E8C0FC61690.e.913"},"getEnabled",[]]}
RESULT: {"script":"<script> [21 bytes]","args":[{"element-6066-11e4-a52e-4f735466cecf":"f.2870DC74FA737ABC0B7A253C39930840.d.442B7D2D408C6798DC0D1E8C0FC61690.e.913"},"getEnabled",[]]}
COMMAND: POST /session/7f0b97dca5eb0b98e64cb5c7a1170890/element - {"using":"xpath","value":"//*[@id=\"__button233\"]"}
RESULT: {"using":"xpath","value":"//*[@id=\"__button233\"]"}
COMMAND: POST /session/7f0b97dca5eb0b98e64cb5c7a1170890/element/f.2870DC74FA737ABC0B7A253C39930840.d.442B7D2D408C6798DC0D1E8C0FC61690.e.913/click - {}
RESULT: {}
COMMAND: POST /session/7f0b97dca5eb0b98e64cb5c7a1170890/execute/async - {"script":"<script> [21 bytes]","args":[{"selector":{"id":"rfm.assetui::xRFMxCU_AssetObjectPage--fe::FCLStandardAction::FullScreen","interaction":{"idSuffix":"inner"}},"wdio_ui5_key":"rfmassetui::xRFMxCU_AssetObjectPage--fe::FCLStandardAction::FullScreen"}]}
COMMAND: GET /session/7f0b97dca5eb0b98e64cb5c7a1170890/screenshot - {}
RESULT: {"script":"<script> [21 bytes]","args":[{"selector":{"id":"rfm.assetui::xRFMxCU_AssetObjectPage--fe::FCLStandardAction::FullScreen","interaction":{"idSuffix":"inner"}},"wdio_ui5_key":"rfmassetui::xRFMxCU_AssetObjectPage--fe::FCLStandardAction::FullScreen"}]}
RESULT: undefined
COMMAND: POST /session/7f0b97dca5eb0b98e64cb5c7a1170890/element - {"using":"xpath","value":"//*[@id=\"rfm.assetui::xRFMxCU_AssetObjectPage--fe::FCLStandardAction::FullScreen\"]"}
RESULT: {}
RESULT: {"using":"xpath","value":"//*[@id=\"rfm.assetui::xRFMxCU_AssetObjectPage--fe::FCLStandardAction::FullScreen\"]"}
COMMAND: POST /session/7f0b97dca5eb0b98e64cb5c7a1170890/element/f.2870DC74FA737ABC0B7A253C39930840.d.442B7D2D408C6798DC0D1E8C0FC61690.e.970/click - {}
RESULT: {}
COMMAND: GET /session/7f0b97dca5eb0b98e64cb5c7a1170890/screenshot - {}
RESULT: {}
COMMAND: POST /session/7f0b97dca5eb0b98e64cb5c7a1170890/execute/async - {"script":"<script> [21 bytes]","args":[{"selector":{"id":"rfm.assetui::xRFMxCU_AssetObjectPage--fe::FormContainer::FieldGroup::detailsFieldsGP1::FormElement::DataFieldWithIntentBasedNavigation::PartnerId::Debtor::Manage::Field-edit","interaction":{"idSuffix":"inner"}},"wdio_ui5_key":"rfmassetui::xRFMxCU_AssetObjectPage--fe::FormContainer::FieldGroup::detailsFieldsGP1::FormElement::DataFieldWithIntentBasedNavigation::PartnerId::Debtor::Manage::Field-edit"}]}
RESULT: {"script":"<script> [21 bytes]","args":[{"selector":{"id":"rfm.assetui::xRFMxCU_AssetObjectPage--fe::FormContainer::FieldGroup::detailsFieldsGP1::FormElement::DataFieldWithIntentBasedNavigation::PartnerId::Debtor::Manage::Field-edit","interaction":{"idSuffix":"inner"}},"wdio_ui5_key":"rfmassetui::xRFMxCU_AssetObjectPage--fe::FormContainer::FieldGroup::detailsFieldsGP1::FormElement::DataFieldWithIntentBasedNavigation::PartnerId::Debtor::Manage::Field-edit"}]}
RESULT: undefined
COMMAND: POST /session/7f0b97dca5eb0b98e64cb5c7a1170890/execute/async - {"script":"<script> [20 bytes]","args":[{"enterText":"117009960","selector":{"id":"rfm.assetui::xRFMxCU_AssetObjectPage--fe::FormContainer::FieldGroup::detailsFieldsGP1::FormElement::DataFieldWithIntentBasedNavigation::PartnerId::Debtor::Manage::Field-edit","interaction":{"idSuffix":"inner"}},"clearTextFirst":true,"interactionType":"ENTER_TEXT"}]}
RESULT: {"script":"<script> [20 bytes]","args":[{"enterText":"117009960","selector":{"id":"rfm.assetui::xRFMxCU_AssetObjectPage--fe::FormContainer::FieldGroup::detailsFieldsGP1::FormElement::DataFieldWithIntentBasedNavigation::PartnerId::Debtor::Manage::Field-edit","interaction":{"idSuffix":"inner"}},"clearTextFirst":true,"interactionType":"ENTER_TEXT"}]}
COMMAND: POST /session/7f0b97dca5eb0b98e64cb5c7a1170890/execute/async - {"script":"<script> [21 bytes]","args":[{"selector":{"id":"rfm.assetui::xRFMxCU_AssetObjectPage--fe::FormContainer::FieldGroup::detailsFieldsGP1::FormElement::DataField::NominalValue::Field-edit-inner","interaction":{"idSuffix":"inner"}},"wdio_ui5_key":"rfmassetui::xRFMxCU_AssetObjectPage--fe::FormContainer::FieldGroup::detailsFieldsGP1::FormElement::DataField::NominalValue::Field-edit-inner"}]}
RESULT: {"script":"<script> [21 bytes]","args":[{"selector":{"id":"rfm.assetui::xRFMxCU_AssetObjectPage--fe::FormContainer::FieldGroup::detailsFieldsGP1::FormElement::DataField::NominalValue::Field-edit-inner","interaction":{"idSuffix":"inner"}},"wdio_ui5_key":"rfmassetui::xRFMxCU_AssetObjectPage--fe::FormContainer::FieldGroup::detailsFieldsGP1::FormElement::DataField::NominalValue::Field-edit-inner"}]}
RESULT: undefined
COMMAND: POST /session/7f0b97dca5eb0b98e64cb5c7a1170890/execute/async - {"script":"<script> [20 bytes]","args":[{"enterText":"47,611.20","selector":{"id":"rfm.assetui::xRFMxCU_AssetObjectPage--fe::FormContainer::FieldGroup::detailsFieldsGP1::FormElement::DataField::NominalValue::Field-edit-inner","interaction":{"idSuffix":"inner"}},"clearTextFirst":true,"interactionType":"ENTER_TEXT"}]}
RESULT: {"script":"<script> [20 bytes]","args":[{"enterText":"47,611.20","selector":{"id":"rfm.assetui::xRFMxCU_AssetObjectPage--fe::FormContainer::FieldGroup::detailsFieldsGP1::FormElement::DataField::NominalValue::Field-edit-inner","interaction":{"idSuffix":"inner"}},"clearTextFirst":true,"interactionType":"ENTER_TEXT"}]}
COMMAND: POST /session/7f0b97dca5eb0b98e64cb5c7a1170890/execute/async - {"script":"<script> [21 bytes]","args":[{"selector":{"id":"rfm.assetui::xRFMxCU_AssetObjectPage--fe::FormContainer::FieldGroup::detailsFieldsGP1::FormElement::DataField::NominalValue::Field-edit-inner-unit","interaction":{"idSuffix":"inner"}},"wdio_ui5_key":"rfmassetui::xRFMxCU_AssetObjectPage--fe::FormContainer::FieldGroup::detailsFieldsGP1::FormElement::DataField::NominalValue::Field-edit-inner-unit"}]}
RESULT: {"script":"<script> [21 bytes]","args":[{"selector":{"id":"rfm.assetui::xRFMxCU_AssetObjectPage--fe::FormContainer::FieldGroup::detailsFieldsGP1::FormElement::DataField::NominalValue::Field-edit-inner-unit","interaction":{"idSuffix":"inner"}},"wdio_ui5_key":"rfmassetui::xRFMxCU_AssetObjectPage--fe::FormContainer::FieldGroup::detailsFieldsGP1::FormElement::DataField::NominalValue::Field-edit-inner-unit"}]}
RESULT: undefined
COMMAND: POST /session/7f0b97dca5eb0b98e64cb5c7a1170890/execute/async - {"script":"<script> [20 bytes]","args":[{"enterText":"EUR","selector":{"id":"rfm.assetui::xRFMxCU_AssetObjectPage--fe::FormContainer::FieldGroup::detailsFieldsGP1::FormElement::DataField::NominalValue::Field-edit-inner-unit","interaction":{"idSuffix":"inner"}},"clearTextFirst":true,"interactionType":"ENTER_TEXT"}]}
RESULT: {"script":"<script> [20 bytes]","args":[{"enterText":"EUR","selector":{"id":"rfm.assetui::xRFMxCU_AssetObjectPage--fe::FormContainer::FieldGroup::detailsFieldsGP1::FormElement::DataField::NominalValue::Field-edit-inner-unit","interaction":{"idSuffix":"inner"}},"clearTextFirst":true,"interactionType":"ENTER_TEXT"}]}
COMMAND: POST /session/7f0b97dca5eb0b98e64cb5c7a1170890/execute/async - {"script":"<script> [21 bytes]","args":[{"selector":{"id":"rfm.assetui::xRFMxCU_AssetObjectPage--fe::FormContainer::FieldGroup::detailsFieldsGP2::FormElement::DataField::AssetCategory::Field-edit-inner","interaction":{"idSuffix":"inner"}},"wdio_ui5_key":"rfmassetui::xRFMxCU_AssetObjectPage--fe::FormContainer::FieldGroup::detailsFieldsGP2::FormElement::DataField::AssetCategory::Field-edit-inner"}]}
RESULT: {"script":"<script> [21 bytes]","args":[{"selector":{"id":"rfm.assetui::xRFMxCU_AssetObjectPage--fe::FormContainer::FieldGroup::detailsFieldsGP2::FormElement::DataField::AssetCategory::Field-edit-inner","interaction":{"idSuffix":"inner"}},"wdio_ui5_key":"rfmassetui::xRFMxCU_AssetObjectPage--fe::FormContainer::FieldGroup::detailsFieldsGP2::FormElement::DataField::AssetCategory::Field-edit-inner"}]}
RESULT: undefined
COMMAND: POST /session/7f0b97dca5eb0b98e64cb5c7a1170890/execute/async - {"script":"<script> [20 bytes]","args":[{"enterText":"Leasing","selector":{"id":"rfm.assetui::xRFMxCU_AssetObjectPage--fe::FormContainer::FieldGroup::detailsFieldsGP2::FormElement::DataField::AssetCategory::Field-edit-inner","interaction":{"idSuffix":"inner"}},"clearTextFirst":true,"interactionType":"ENTER_TEXT"}]}
RESULT: {"script":"<script> [20 bytes]","args":[{"enterText":"Leasing","selector":{"id":"rfm.assetui::xRFMxCU_AssetObjectPage--fe::FormContainer::FieldGroup::detailsFieldsGP2::FormElement::DataField::AssetCategory::Field-edit-inner","interaction":{"idSuffix":"inner"}},"clearTextFirst":true,"interactionType":"ENTER_TEXT"}]}
COMMAND: POST /session/7f0b97dca5eb0b98e64cb5c7a1170890/execute/async - {"script":"<script> [21 bytes]","args":[{"selector":{"id":"rfm.assetui::xRFMxCU_AssetObjectPage--fe::FormContainer::FieldGroup::detailsFieldsGP2::FormElement::DataField::ContractType::Field-edit-inner","interaction":{"idSuffix":"inner"}},"wdio_ui5_key":"rfmassetui::xRFMxCU_AssetObjectPage--fe::FormContainer::FieldGroup::detailsFieldsGP2::FormElement::DataField::ContractType::Field-edit-inner"}]}
RESULT: {"script":"<script> [21 bytes]","args":[{"selector":{"id":"rfm.assetui::xRFMxCU_AssetObjectPage--fe::FormContainer::FieldGroup::detailsFieldsGP2::FormElement::DataField::ContractType::Field-edit-inner","interaction":{"idSuffix":"inner"}},"wdio_ui5_key":"rfmassetui::xRFMxCU_AssetObjectPage--fe::FormContainer::FieldGroup::detailsFieldsGP2::FormElement::DataField::ContractType::Field-edit-inner"}]}
RESULT: undefined
COMMAND: POST /session/7f0b97dca5eb0b98e64cb5c7a1170890/execute/async - {"script":"<script> [20 bytes]","args":[{"enterText":"Operating Lease (100)","selector":{"id":"rfm.assetui::xRFMxCU_AssetObjectPage--fe::FormContainer::FieldGroup::detailsFieldsGP2::FormElement::DataField::ContractType::Field-edit-inner","interaction":{"idSuffix":"inner"}},"clearTextFirst":true,"interactionType":"ENTER_TEXT"}]}
RESULT: {"script":"<script> [20 bytes]","args":[{"enterText":"Operating Lease (100)","selector":{"id":"rfm.assetui::xRFMxCU_AssetObjectPage--fe::FormContainer::FieldGroup::detailsFieldsGP2::FormElement::DataField::ContractType::Field-edit-inner","interaction":{"idSuffix":"inner"}},"clearTextFirst":true,"interactionType":"ENTER_TEXT"}]}
COMMAND: POST /session/7f0b97dca5eb0b98e64cb5c7a1170890/execute/async - {"script":"<script> [21 bytes]","args":[{"selector":{"id":"rfm.assetui::xRFMxCU_AssetObjectPage--fe::FormContainer::FieldGroup::detailsFieldsGP2::FormElement::DataField::Status::Field-edit-inner","interaction":{"idSuffix":"inner"}},"wdio_ui5_key":"rfmassetui::xRFMxCU_AssetObjectPage--fe::FormContainer::FieldGroup::detailsFieldsGP2::FormElement::DataField::Status::Field-edit-inner"}]}
RESULT: {"script":"<script> [21 bytes]","args":[{"selector":{"id":"rfm.assetui::xRFMxCU_AssetObjectPage--fe::FormContainer::FieldGroup::detailsFieldsGP2::FormElement::DataField::Status::Field-edit-inner","interaction":{"idSuffix":"inner"}},"wdio_ui5_key":"rfmassetui::xRFMxCU_AssetObjectPage--fe::FormContainer::FieldGroup::detailsFieldsGP2::FormElement::DataField::Status::Field-edit-inner"}]}
RESULT: undefined
COMMAND: POST /session/7f0b97dca5eb0b98e64cb5c7a1170890/execute/async - {"script":"<script> [20 bytes]","args":[{"enterText":"Active","selector":{"id":"rfm.assetui::xRFMxCU_AssetObjectPage--fe::FormContainer::FieldGroup::detailsFieldsGP2::FormElement::DataField::Status::Field-edit-inner","interaction":{"idSuffix":"inner"}},"clearTextFirst":true,"interactionType":"ENTER_TEXT"}]}
RESULT: {"script":"<script> [20 bytes]","args":[{"enterText":"Active","selector":{"id":"rfm.assetui::xRFMxCU_AssetObjectPage--fe::FormContainer::FieldGroup::detailsFieldsGP2::FormElement::DataField::Status::Field-edit-inner","interaction":{"idSuffix":"inner"}},"clearTextFirst":true,"interactionType":"ENTER_TEXT"}]}
COMMAND: POST /session/7f0b97dca5eb0b98e64cb5c7a1170890/execute/async - {"script":"<script> [21 bytes]","args":[{"selector":{"id":"rfm.assetui::xRFMxCU_AssetObjectPage--fe::ObjectPage-anchBar-rfm.assetui::xRFMxCU_AssetObjectPage--fe::FacetSection::CashFlowCollection-anchor","interaction":{"idSuffix":"text"}},"wdio_ui5_key":"rfmassetui::xRFMxCU_AssetObjectPage--fe::ObjectPage-anchBar-rfm.assetui::xRFMxCU_AssetObjectPage--fe::FacetSection::CashFlowCollection-anchor"}]}
RESULT: {"script":"<script> [21 bytes]","args":[{"selector":{"id":"rfm.assetui::xRFMxCU_AssetObjectPage--fe::ObjectPage-anchBar-rfm.assetui::xRFMxCU_AssetObjectPage--fe::FacetSection::CashFlowCollection-anchor","interaction":{"idSuffix":"text"}},"wdio_ui5_key":"rfmassetui::xRFMxCU_AssetObjectPage--fe::ObjectPage-anchBar-rfm.assetui::xRFMxCU_AssetObjectPage--fe::FacetSection::CashFlowCollection-anchor"}]}
RESULT: undefined
COMMAND: POST /session/7f0b97dca5eb0b98e64cb5c7a1170890/element - {"using":"xpath","value":"//*[@id=\"rfm.assetui::xRFMxCU_AssetObjectPage--fe::ObjectPage-anchBar-rfm.assetui::xRFMxCU_AssetObjectPage--fe::FacetSection::CashFlowCollection-anchor\"]"}
RESULT: {"using":"xpath","value":"//*[@id=\"rfm.assetui::xRFMxCU_AssetObjectPage--fe::ObjectPage-anchBar-rfm.assetui::xRFMxCU_AssetObjectPage--fe::FacetSection::CashFlowCollection-anchor\"]"}
COMMAND: POST /session/7f0b97dca5eb0b98e64cb5c7a1170890/element/f.2870DC74FA737ABC0B7A253C39930840.d.442B7D2D408C6798DC0D1E8C0FC61690.e.1054/click - {}
RESULT: {}
COMMAND: GET /session/7f0b97dca5eb0b98e64cb5c7a1170890/screenshot - {}
RESULT: {}
COMMAND: POST /session/7f0b97dca5eb0b98e64cb5c7a1170890/execute/async - {"script":"<script> [21 bytes]","args":[{"selector":{"id":"rfm.assetui::xRFMxCU_AssetObjectPage--fe::FacetSubSection::PlannedCFCollection"},"wdio_ui5_key":"rfmassetui::xRFMxCU_AssetObjectPage--fe::FacetSubSection::PlannedCFCollection"}]}
RESULT: {"script":"<script> [21 bytes]","args":[{"selector":{"id":"rfm.assetui::xRFMxCU_AssetObjectPage--fe::FacetSubSection::PlannedCFCollection"},"wdio_ui5_key":"rfmassetui::xRFMxCU_AssetObjectPage--fe::FacetSubSection::PlannedCFCollection"}]}
RESULT: undefined
COMMAND: POST /session/7f0b97dca5eb0b98e64cb5c7a1170890/element - {"using":"xpath","value":"//*[@id=\"rfm.assetui::xRFMxCU_AssetObjectPage--fe::FacetSubSection::PlannedCFCollection\"]"}
RESULT: {"using":"xpath","value":"//*[@id=\"rfm.assetui::xRFMxCU_AssetObjectPage--fe::FacetSubSection::PlannedCFCollection\"]"}
COMMAND: POST /session/7f0b97dca5eb0b98e64cb5c7a1170890/element/f.2870DC74FA737ABC0B7A253C39930840.d.442B7D2D408C6798DC0D1E8C0FC61690.e.1099/click - {}
RESULT: {}
COMMAND: GET /session/7f0b97dca5eb0b98e64cb5c7a1170890/screenshot - {}
RESULT: {}
COMMAND: POST /session/7f0b97dca5eb0b98e64cb5c7a1170890/execute/async - {"script":"<script> [21 bytes]","args":[{"selector":{"id":"rfm.assetui::xRFMxCU_AssetObjectPage--fe::table::_AssetCashflow::LineItem::StandardAction::Create","interaction":{"idSuffix":"BDI-content"}},"wdio_ui5_key":"rfmassetui::xRFMxCU_AssetObjectPage--fe::table::_AssetCashflow::LineItem::StandardAction::Create"}]}
RESULT: {"script":"<script> [21 bytes]","args":[{"selector":{"id":"rfm.assetui::xRFMxCU_AssetObjectPage--fe::table::_AssetCashflow::LineItem::StandardAction::Create","interaction":{"idSuffix":"BDI-content"}},"wdio_ui5_key":"rfmassetui::xRFMxCU_AssetObjectPage--fe::table::_AssetCashflow::LineItem::StandardAction::Create"}]}
RESULT: undefined
COMMAND: POST /session/7f0b97dca5eb0b98e64cb5c7a1170890/element - {"using":"xpath","value":"//*[@id=\"rfm.assetui::xRFMxCU_AssetObjectPage--fe::table::_AssetCashflow::LineItem::StandardAction::Create\"]"}
RESULT: {"using":"xpath","value":"//*[@id=\"rfm.assetui::xRFMxCU_AssetObjectPage--fe::table::_AssetCashflow::LineItem::StandardAction::Create\"]"}
COMMAND: POST /session/7f0b97dca5eb0b98e64cb5c7a1170890/element/f.2870DC74FA737ABC0B7A253C39930840.d.442B7D2D408C6798DC0D1E8C0FC61690.e.1055/click - {}
RESULT: {}
COMMAND: GET /session/7f0b97dca5eb0b98e64cb5c7a1170890/screenshot - {}
RESULT: {}
COMMAND: POST /session/7f0b97dca5eb0b98e64cb5c7a1170890/execute/async - {"script":"<script> [21 bytes]","args":[{"selector":{"id":"CreateDialog::xRFMxCU_AssetCashflowType::CashflowPartType-inner","searchOpenDialogs":true,"interaction":{"idSuffix":"inner"}},"wdio_ui5_key":"CreateDialogxRFMxCU_AssetCashflowType::CashflowPartType-inner"}]}
RESULT: {"script":"<script> [21 bytes]","args":[{"selector":{"id":"CreateDialog::xRFMxCU_AssetCashflowType::CashflowPartType-inner","searchOpenDialogs":true,"interaction":{"idSuffix":"inner"}},"wdio_ui5_key":"CreateDialogxRFMxCU_AssetCashflowType::CashflowPartType-inner"}]}
RESULT: undefined
COMMAND: POST /session/7f0b97dca5eb0b98e64cb5c7a1170890/execute/async - {"script":"<script> [20 bytes]","args":[{"enterText":"Interest","selector":{"id":"CreateDialog::xRFMxCU_AssetCashflowType::CashflowPartType-inner","searchOpenDialogs":true,"interaction":{"idSuffix":"inner"}},"clearTextFirst":true,"interactionType":"ENTER_TEXT"}]}
RESULT: {"script":"<script> [20 bytes]","args":[{"enterText":"Interest","selector":{"id":"CreateDialog::xRFMxCU_AssetCashflowType::CashflowPartType-inner","searchOpenDialogs":true,"interaction":{"idSuffix":"inner"}},"clearTextFirst":true,"interactionType":"ENTER_TEXT"}]}
COMMAND: POST /session/7f0b97dca5eb0b98e64cb5c7a1170890/execute/async - {"script":"<script> [21 bytes]","args":[{"selector":{"id":"CreateDialog::xRFMxCU_AssetCashflowType::DueDate-inner","searchOpenDialogs":true,"interaction":{"idSuffix":"inner"}},"wdio_ui5_key":"CreateDialogxRFMxCU_AssetCashflowType::DueDate-inner"}]}
RESULT: {"script":"<script> [21 bytes]","args":[{"selector":{"id":"CreateDialog::xRFMxCU_AssetCashflowType::DueDate-inner","searchOpenDialogs":true,"interaction":{"idSuffix":"inner"}},"wdio_ui5_key":"CreateDialogxRFMxCU_AssetCashflowType::DueDate-inner"}]}
RESULT: undefined
COMMAND: POST /session/7f0b97dca5eb0b98e64cb5c7a1170890/execute/async - {"script":"<script> [20 bytes]","args":[{"enterText":"2025-01-01","selector":{"id":"CreateDialog::xRFMxCU_AssetCashflowType::DueDate-inner","searchOpenDialogs":true,"interaction":{"idSuffix":"inner"}},"clearTextFirst":true,"interactionType":"ENTER_TEXT"}]}
RESULT: {"script":"<script> [20 bytes]","args":[{"enterText":"2025-01-01","selector":{"id":"CreateDialog::xRFMxCU_AssetCashflowType::DueDate-inner","searchOpenDialogs":true,"interaction":{"idSuffix":"inner"}},"clearTextFirst":true,"interactionType":"ENTER_TEXT"}]}
COMMAND: POST /session/7f0b97dca5eb0b98e64cb5c7a1170890/execute/async - {"script":"<script> [21 bytes]","args":[{"forceSelect":true,"selector":{"controlType":"sap.m.Button","viewName":"sap.fe.templates.ObjectPage.ObjectPage","viewId":"rfm.assetui::xRFMxCU_Asset__AssetCashflowObjectPage","properties":{"text":"Continue"},"searchOpenDialogs":true},"wdio_ui5_key":"sapfe.templates.ObjectPage.ObjectPagesap.m.Button{\"text\":\"Continue\"}"}]}
RESULT: {"script":"<script> [21 bytes]","args":[{"forceSelect":true,"selector":{"controlType":"sap.m.Button","viewName":"sap.fe.templates.ObjectPage.ObjectPage","viewId":"rfm.assetui::xRFMxCU_Asset__AssetCashflowObjectPage","properties":{"text":"Continue"},"searchOpenDialogs":true},"wdio_ui5_key":"sapfe.templates.ObjectPage.ObjectPagesap.m.Button{\"text\":\"Continue\"}"}]}
RESULT: undefined
COMMAND: POST /session/7f0b97dca5eb0b98e64cb5c7a1170890/execute/async - {"script":"<script> [21 bytes]","args":[{"selector":{"id":"__button246"}}]}
RESULT: {"script":"<script> [21 bytes]","args":[{"selector":{"id":"__button246"}}]}
COMMAND: POST /session/7f0b97dca5eb0b98e64cb5c7a1170890/execute/async - {"script":"<script> [21 bytes]","args":[{"element-6066-11e4-a52e-4f735466cecf":"f.2870DC74FA737ABC0B7A253C39930840.d.442B7D2D408C6798DC0D1E8C0FC61690.e.1161"},"getEnabled",[]]}
RESULT: {"script":"<script> [21 bytes]","args":[{"element-6066-11e4-a52e-4f735466cecf":"f.2870DC74FA737ABC0B7A253C39930840.d.442B7D2D408C6798DC0D1E8C0FC61690.e.1161"},"getEnabled",[]]}
COMMAND: POST /session/7f0b97dca5eb0b98e64cb5c7a1170890/element - {"using":"xpath","value":"//*[@id=\"__button246\"]"}
RESULT: {"using":"xpath","value":"//*[@id=\"__button246\"]"}
COMMAND: POST /session/7f0b97dca5eb0b98e64cb5c7a1170890/element/f.2870DC74FA737ABC0B7A253C39930840.d.442B7D2D408C6798DC0D1E8C0FC61690.e.1161/click - {}
RESULT: {}
COMMAND: GET /session/7f0b97dca5eb0b98e64cb5c7a1170890/screenshot - {}
RESULT: {}
COMMAND: POST /session/7f0b97dca5eb0b98e64cb5c7a1170890/execute/async - {"script":"<script> [21 bytes]","args":[{"selector":{"id":"rfm.assetui::xRFMxCU_Asset__AssetCashflowObjectPage--fe::FormContainer::CashFlow::FormElement::DataField::Amount::Field-edit-inner","interaction":{"idSuffix":"inner"}},"wdio_ui5_key":"rfmassetui::xRFMxCU_Asset__AssetCashflowObjectPage--fe::FormContainer::CashFlow::FormElement::DataField::Amount::Field-edit-inner"}]}
RESULT: {"script":"<script> [21 bytes]","args":[{"selector":{"id":"rfm.assetui::xRFMxCU_Asset__AssetCashflowObjectPage--fe::FormContainer::CashFlow::FormElement::DataField::Amount::Field-edit-inner","interaction":{"idSuffix":"inner"}},"wdio_ui5_key":"rfmassetui::xRFMxCU_Asset__AssetCashflowObjectPage--fe::FormContainer::CashFlow::FormElement::DataField::Amount::Field-edit-inner"}]}
RESULT: undefined
COMMAND: POST /session/7f0b97dca5eb0b98e64cb5c7a1170890/execute/async - {"script":"<script> [20 bytes]","args":[{"enterText":"141.77","selector":{"id":"rfm.assetui::xRFMxCU_Asset__AssetCashflowObjectPage--fe::FormContainer::CashFlow::FormElement::DataField::Amount::Field-edit-inner","interaction":{"idSuffix":"inner"}},"clearTextFirst":true,"interactionType":"ENTER_TEXT"}]}
RESULT: {"script":"<script> [20 bytes]","args":[{"enterText":"141.77","selector":{"id":"rfm.assetui::xRFMxCU_Asset__AssetCashflowObjectPage--fe::FormContainer::CashFlow::FormElement::DataField::Amount::Field-edit-inner","interaction":{"idSuffix":"inner"}},"clearTextFirst":true,"interactionType":"ENTER_TEXT"}]}
COMMAND: POST /session/7f0b97dca5eb0b98e64cb5c7a1170890/execute/async - {"script":"<script> [21 bytes]","args":[{"selector":{"id":"rfm.assetui::xRFMxCU_Asset__AssetCashflowObjectPage--fe::FormContainer::CashFlow::FormElement::DataField::Amount::Field-edit-inner-unit-vhi"},"wdio_ui5_key":"rfmassetui::xRFMxCU_Asset__AssetCashflowObjectPage--fe::FormContainer::CashFlow::FormElement::DataField::Amount::Field-edit-inner-unit-vhi"}]}
RESULT: {"script":"<script> [21 bytes]","args":[{"selector":{"id":"rfm.assetui::xRFMxCU_Asset__AssetCashflowObjectPage--fe::FormContainer::CashFlow::FormElement::DataField::Amount::Field-edit-inner-unit-vhi"},"wdio_ui5_key":"rfmassetui::xRFMxCU_Asset__AssetCashflowObjectPage--fe::FormContainer::CashFlow::FormElement::DataField::Amount::Field-edit-inner-unit-vhi"}]}
RESULT: undefined
COMMAND: POST /session/7f0b97dca5eb0b98e64cb5c7a1170890/element - {"using":"xpath","value":"//*[@id=\"rfm.assetui::xRFMxCU_Asset__AssetCashflowObjectPage--fe::FormContainer::CashFlow::FormElement::DataField::Amount::Field-edit-inner-unit-vhi\"]"}
RESULT: {"using":"xpath","value":"//*[@id=\"rfm.assetui::xRFMxCU_Asset__AssetCashflowObjectPage--fe::FormContainer::CashFlow::FormElement::DataField::Amount::Field-edit-inner-unit-vhi\"]"}
COMMAND: POST /session/7f0b97dca5eb0b98e64cb5c7a1170890/element/f.2870DC74FA737ABC0B7A253C39930840.d.442B7D2D408C6798DC0D1E8C0FC61690.e.1181/click - {}
RESULT: {}
COMMAND: GET /session/7f0b97dca5eb0b98e64cb5c7a1170890/screenshot - {}
RESULT: {}
COMMAND: POST /session/7f0b97dca5eb0b98e64cb5c7a1170890/execute/async - {"script":"<script> [21 bytes]","args":[{"selector":{"id":"rfm.assetui::xRFMxCU_Asset__AssetCashflowObjectPage--fe::FormContainer::CashFlow::FieldValueHelp::_AssetCashflow::Amount::_AssetCashflow::Currency::Dialog::qualifier::-search-inner","searchOpenDialogs":true,"interaction":{"idSuffix":"I"}},"wdio_ui5_key":"rfmassetui::xRFMxCU_Asset__AssetCashflowObjectPage--fe::FormContainer::CashFlow::FieldValueHelp::_AssetCashflow::Amount::_AssetCashflow::Currency::Dialog::qualifier::-search-inner"}]}
RESULT: {"script":"<script> [21 bytes]","args":[{"selector":{"id":"rfm.assetui::xRFMxCU_Asset__AssetCashflowObjectPage--fe::FormContainer::CashFlow::FieldValueHelp::_AssetCashflow::Amount::_AssetCashflow::Currency::Dialog::qualifier::-search-inner","searchOpenDialogs":true,"interaction":{"idSuffix":"I"}},"wdio_ui5_key":"rfmassetui::xRFMxCU_Asset__AssetCashflowObjectPage--fe::FormContainer::CashFlow::FieldValueHelp::_AssetCashflow::Amount::_AssetCashflow::Currency::Dialog::qualifier::-search-inner"}]}
RESULT: undefined
COMMAND: POST /session/7f0b97dca5eb0b98e64cb5c7a1170890/execute/async - {"script":"<script> [20 bytes]","args":[{"enterText":"EUR","selector":{"id":"rfm.assetui::xRFMxCU_Asset__AssetCashflowObjectPage--fe::FormContainer::CashFlow::FieldValueHelp::_AssetCashflow::Amount::_AssetCashflow::Currency::Dialog::qualifier::-search-inner","searchOpenDialogs":true,"interaction":{"idSuffix":"I"}},"clearTextFirst":true,"interactionType":"ENTER_TEXT"}]}
RESULT: {"script":"<script> [20 bytes]","args":[{"enterText":"EUR","selector":{"id":"rfm.assetui::xRFMxCU_Asset__AssetCashflowObjectPage--fe::FormContainer::CashFlow::FieldValueHelp::_AssetCashflow::Amount::_AssetCashflow::Currency::Dialog::qualifier::-search-inner","searchOpenDialogs":true,"interaction":{"idSuffix":"I"}},"clearTextFirst":true,"interactionType":"ENTER_TEXT"}]}
COMMAND: POST /session/7f0b97dca5eb0b98e64cb5c7a1170890/execute/async - {"script":"<script> [21 bytes]","args":[{"selector":{"id":"rfm.assetui::xRFMxCU_Asset__AssetCashflowObjectPage--fe::FormContainer::CashFlow::FieldValueHelp::_AssetCashflow::Amount::_AssetCashflow::Currency::Dialog::qualifier::::Table-innerTable-rows-row0","searchOpenDialogs":true,"interaction":{"idSuffix":"col0"}},"wdio_ui5_key":"rfmassetui::xRFMxCU_Asset__AssetCashflowObjectPage--fe::FormContainer::CashFlow::FieldValueHelp::_AssetCashflow::Amount::_AssetCashflow::Currency::Dialog::qualifier::::Table-innerTable-rows-row0"}]}
RESULT: {"script":"<script> [21 bytes]","args":[{"selector":{"id":"rfm.assetui::xRFMxCU_Asset__AssetCashflowObjectPage--fe::FormContainer::CashFlow::FieldValueHelp::_AssetCashflow::Amount::_AssetCashflow::Currency::Dialog::qualifier::::Table-innerTable-rows-row0","searchOpenDialogs":true,"interaction":{"idSuffix":"col0"}},"wdio_ui5_key":"rfmassetui::xRFMxCU_Asset__AssetCashflowObjectPage--fe::FormContainer::CashFlow::FieldValueHelp::_AssetCashflow::Amount::_AssetCashflow::Currency::Dialog::qualifier::::Table-innerTable-rows-row0"}]}
RESULT: undefined
COMMAND: POST /session/7f0b97dca5eb0b98e64cb5c7a1170890/element - {"using":"xpath","value":"//*[@id=\"rfm.assetui::xRFMxCU_Asset__AssetCashflowObjectPage--fe::FormContainer::CashFlow::FieldValueHelp::_AssetCashflow::Amount::_AssetCashflow::Currency::Dialog::qualifier::::Table-innerTable-rows-row0\"]"}
RESULT: {"using":"xpath","value":"//*[@id=\"rfm.assetui::xRFMxCU_Asset__AssetCashflowObjectPage--fe::FormContainer::CashFlow::FieldValueHelp::_AssetCashflow::Amount::_AssetCashflow::Currency::Dialog::qualifier::::Table-innerTable-rows-row0\"]"}
COMMAND: POST /session/7f0b97dca5eb0b98e64cb5c7a1170890/element/f.2870DC74FA737ABC0B7A253C39930840.d.442B7D2D408C6798DC0D1E8C0FC61690.e.1190/click - {}
RESULT: {}
COMMAND: GET /session/7f0b97dca5eb0b98e64cb5c7a1170890/screenshot - {}
RESULT: {}
COMMAND: POST /session/7f0b97dca5eb0b98e64cb5c7a1170890/execute/async - {"script":"<script> [21 bytes]","args":[{"selector":{"id":"rfm.assetui::xRFMxCU_Asset__AssetCashflowObjectPage--fe::FooterBar::StandardAction::Apply","interaction":{"idSuffix":"BDI-content"}},"wdio_ui5_key":"rfmassetui::xRFMxCU_Asset__AssetCashflowObjectPage--fe::FooterBar::StandardAction::Apply"}]}
RESULT: {"script":"<script> [21 bytes]","args":[{"selector":{"id":"rfm.assetui::xRFMxCU_Asset__AssetCashflowObjectPage--fe::FooterBar::StandardAction::Apply","interaction":{"idSuffix":"BDI-content"}},"wdio_ui5_key":"rfmassetui::xRFMxCU_Asset__AssetCashflowObjectPage--fe::FooterBar::StandardAction::Apply"}]}
RESULT: undefined
COMMAND: POST /session/7f0b97dca5eb0b98e64cb5c7a1170890/element - {"using":"xpath","value":"//*[@id=\"rfm.assetui::xRFMxCU_Asset__AssetCashflowObjectPage--fe::FooterBar::StandardAction::Apply\"]"}
RESULT: {"using":"xpath","value":"//*[@id=\"rfm.assetui::xRFMxCU_Asset__AssetCashflowObjectPage--fe::FooterBar::StandardAction::Apply\"]"}
COMMAND: POST /session/7f0b97dca5eb0b98e64cb5c7a1170890/element/f.2870DC74FA737ABC0B7A253C39930840.d.442B7D2D408C6798DC0D1E8C0FC61690.e.1153/click - {}
RESULT: {}
COMMAND: GET /session/7f0b97dca5eb0b98e64cb5c7a1170890/screenshot - {}
RESULT: {}
COMMAND: POST /session/7f0b97dca5eb0b98e64cb5c7a1170890/execute/async - {"script":"<script> [21 bytes]","args":[{"selector":{"id":"rfm.assetui::xRFMxCU_AssetObjectPage--fe::FooterBar::StandardAction::Save","controlType":"sap.m.Button"},"wdio_ui5_key":"rfmassetui::xRFMxCU_AssetObjectPage--fe::FooterBar::StandardAction::Savesap.m.Button"}]}
RESULT: {"script":"<script> [21 bytes]","args":[{"selector":{"id":"rfm.assetui::xRFMxCU_AssetObjectPage--fe::FooterBar::StandardAction::Save","controlType":"sap.m.Button"},"wdio_ui5_key":"rfmassetui::xRFMxCU_AssetObjectPage--fe::FooterBar::StandardAction::Savesap.m.Button"}]}
RESULT: undefined
COMMAND: POST /session/7f0b97dca5eb0b98e64cb5c7a1170890/element - {"using":"xpath","value":"//*[@id=\"rfm.assetui::xRFMxCU_AssetObjectPage--fe::FooterBar::StandardAction::Save\"]"}
RESULT: {"using":"xpath","value":"//*[@id=\"rfm.assetui::xRFMxCU_AssetObjectPage--fe::FooterBar::StandardAction::Save\"]"}
COMMAND: POST /session/7f0b97dca5eb0b98e64cb5c7a1170890/element/f.2870DC74FA737ABC0B7A253C39930840.d.442B7D2D408C6798DC0D1E8C0FC61690.e.1013/click - {}
RESULT: {}
COMMAND: GET /session/7f0b97dca5eb0b98e64cb5c7a1170890/screenshot - {}
RESULT: {}
COMMAND: POST /session/7f0b97dca5eb0b98e64cb5c7a1170890/execute/async - {"script":"<script> [21 bytes]","args":[{"selector":{"id":"rfm.assetui::xRFMxCU_AssetObjectPage--fe::StandardAction::Edit","interaction":{"idSuffix":"content"}},"wdio_ui5_key":"rfmassetui::xRFMxCU_AssetObjectPage--fe::StandardAction::Edit"}]}
RESULT: {"script":"<script> [21 bytes]","args":[{"selector":{"id":"rfm.assetui::xRFMxCU_AssetObjectPage--fe::StandardAction::Edit","interaction":{"idSuffix":"content"}},"wdio_ui5_key":"rfmassetui::xRFMxCU_AssetObjectPage--fe::StandardAction::Edit"}]}
RESULT: undefined
COMMAND: POST /session/7f0b97dca5eb0b98e64cb5c7a1170890/element - {"using":"xpath","value":"//*[@id=\"rfm.assetui::xRFMxCU_AssetObjectPage--fe::StandardAction::Edit\"]"}
RESULT: {"using":"xpath","value":"//*[@id=\"rfm.assetui::xRFMxCU_AssetObjectPage--fe::StandardAction::Edit\"]"}
COMMAND: POST /session/7f0b97dca5eb0b98e64cb5c7a1170890/element/f.2870DC74FA737ABC0B7A253C39930840.d.442B7D2D408C6798DC0D1E8C0FC61690.e.1334/click - {}
RESULT: {}
COMMAND: GET /session/7f0b97dca5eb0b98e64cb5c7a1170890/screenshot - {}
RESULT: {}
RESULT: undefined
COMMAND: POST /session/7f0b97dca5eb0b98e64cb5c7a1170890/element - {"using":"xpath","value":"//*[@id=\"rfm.assetui::xRFMxCU_AssetObjectPage--fe::ObjectPage-anchBar-rfm.assetui::xRFMxCU_AssetObjectPage--fe::FacetSection::CashFlowCollection-anchor\"]"}
RESULT: {"using":"xpath","value":"//*[@id=\"rfm.assetui::xRFMxCU_AssetObjectPage--fe::ObjectPage-anchBar-rfm.assetui::xRFMxCU_AssetObjectPage--fe::FacetSection::CashFlowCollection-anchor\"]"}
COMMAND: POST /session/7f0b97dca5eb0b98e64cb5c7a1170890/element/f.2870DC74FA737ABC0B7A253C39930840.d.442B7D2D408C6798DC0D1E8C0FC61690.e.1350/click - {}
RESULT: {}
COMMAND: GET /session/7f0b97dca5eb0b98e64cb5c7a1170890/screenshot - {}
RESULT: {}
RESULT: undefined
COMMAND: POST /session/7f0b97dca5eb0b98e64cb5c7a1170890/element - {"using":"xpath","value":"//*[@id=\"rfm.assetui::xRFMxCU_AssetObjectPage--fe::table::_AssetCashflow::LineItem::StandardAction::Create\"]"}
RESULT: {"using":"xpath","value":"//*[@id=\"rfm.assetui::xRFMxCU_AssetObjectPage--fe::table::_AssetCashflow::LineItem::StandardAction::Create\"]"}
COMMAND: POST /session/7f0b97dca5eb0b98e64cb5c7a1170890/element/f.2870DC74FA737ABC0B7A253C39930840.d.442B7D2D408C6798DC0D1E8C0FC61690.e.1338/click - {}
RESULT: {}
COMMAND: GET /session/7f0b97dca5eb0b98e64cb5c7a1170890/screenshot - {}
RESULT: {}
RESULT: undefined
COMMAND: POST /session/7f0b97dca5eb0b98e64cb5c7a1170890/execute/async - {"script":"<script> [20 bytes]","args":[{"enterText":"Principal","selector":{"id":"CreateDialog::xRFMxCU_AssetCashflowType::CashflowPartType-inner","searchOpenDialogs":true,"interaction":{"idSuffix":"inner"}},"clearTextFirst":true,"interactionType":"ENTER_TEXT"}]}
RESULT: {"script":"<script> [20 bytes]","args":[{"enterText":"Principal","selector":{"id":"CreateDialog::xRFMxCU_AssetCashflowType::CashflowPartType-inner","searchOpenDialogs":true,"interaction":{"idSuffix":"inner"}},"clearTextFirst":true,"interactionType":"ENTER_TEXT"}]}
RESULT: undefined
COMMAND: POST /session/7f0b97dca5eb0b98e64cb5c7a1170890/execute/async - {"script":"<script> [20 bytes]","args":[{"enterText":"2025-01-01","selector":{"id":"CreateDialog::xRFMxCU_AssetCashflowType::DueDate-inner","searchOpenDialogs":true,"interaction":{"idSuffix":"inner"}},"clearTextFirst":true,"interactionType":"ENTER_TEXT"}]}
RESULT: {"script":"<script> [20 bytes]","args":[{"enterText":"2025-01-01","selector":{"id":"CreateDialog::xRFMxCU_AssetCashflowType::DueDate-inner","searchOpenDialogs":true,"interaction":{"idSuffix":"inner"}},"clearTextFirst":true,"interactionType":"ENTER_TEXT"}]}
COMMAND: POST /session/7f0b97dca5eb0b98e64cb5c7a1170890/execute/async - {"script":"<script> [21 bytes]","args":[{"selector":{"id":"CreateDialog::xRFMxCU_Asset::_AssetCashflow-footer","searchOpenDialogs":true},"wdio_ui5_key":"CreateDialogxRFMxCU_Asset::_AssetCashflow-footer"}]}
RESULT: {"script":"<script> [21 bytes]","args":[{"selector":{"id":"CreateDialog::xRFMxCU_Asset::_AssetCashflow-footer","searchOpenDialogs":true},"wdio_ui5_key":"CreateDialogxRFMxCU_Asset::_AssetCashflow-footer"}]}
RESULT: undefined
COMMAND: POST /session/7f0b97dca5eb0b98e64cb5c7a1170890/execute/async - {"script":"<script> [21 bytes]","args":[{"element-6066-11e4-a52e-4f735466cecf":"f.2870DC74FA737ABC0B7A253C39930840.d.442B7D2D408C6798DC0D1E8C0FC61690.e.1388"},"getEnabled",[]]}
RESULT: {"script":"<script> [21 bytes]","args":[{"element-6066-11e4-a52e-4f735466cecf":"f.2870DC74FA737ABC0B7A253C39930840.d.442B7D2D408C6798DC0D1E8C0FC61690.e.1388"},"getEnabled",[]]}
COMMAND: POST /session/7f0b97dca5eb0b98e64cb5c7a1170890/element - {"using":"xpath","value":"//*[@id=\"CreateDialog::xRFMxCU_Asset::_AssetCashflow-footer\"]"}
RESULT: {"using":"xpath","value":"//*[@id=\"CreateDialog::xRFMxCU_Asset::_AssetCashflow-footer\"]"}
COMMAND: POST /session/7f0b97dca5eb0b98e64cb5c7a1170890/element/f.2870DC74FA737ABC0B7A253C39930840.d.442B7D2D408C6798DC0D1E8C0FC61690.e.1388/click - {}
RESULT: {}
COMMAND: GET /session/7f0b97dca5eb0b98e64cb5c7a1170890/screenshot - {}
RESULT: {}
COMMAND: POST /session/7f0b97dca5eb0b98e64cb5c7a1170890/execute/async - {"script":"<script> [21 bytes]","args":[{"forceSelect":true,"selector":{"controlType":"sap.m.Button","properties":{"text":"Continue"},"searchOpenDialogs":true},"wdio_ui5_key":"sapm.Button{\"text\":\"Continue\"}"}]}
RESULT: {"script":"<script> [21 bytes]","args":[{"forceSelect":true,"selector":{"controlType":"sap.m.Button","properties":{"text":"Continue"},"searchOpenDialogs":true},"wdio_ui5_key":"sapm.Button{\"text\":\"Continue\"}"}]}
RESULT: undefined
COMMAND: POST /session/7f0b97dca5eb0b98e64cb5c7a1170890/execute/async - {"script":"<script> [21 bytes]","args":[{"selector":{"id":"__button248"}}]}
RESULT: {"script":"<script> [21 bytes]","args":[{"selector":{"id":"__button248"}}]}
COMMAND: POST /session/7f0b97dca5eb0b98e64cb5c7a1170890/execute/async - {"script":"<script> [21 bytes]","args":[{"element-6066-11e4-a52e-4f735466cecf":"f.2870DC74FA737ABC0B7A253C39930840.d.442B7D2D408C6798DC0D1E8C0FC61690.e.1389"},"getVisible",[]]}
RESULT: {"script":"<script> [21 bytes]","args":[{"element-6066-11e4-a52e-4f735466cecf":"f.2870DC74FA737ABC0B7A253C39930840.d.442B7D2D408C6798DC0D1E8C0FC61690.e.1389"},"getVisible",[]]}
COMMAND: POST /session/7f0b97dca5eb0b98e64cb5c7a1170890/execute/async - {"script":"<script> [21 bytes]","args":[{"selector":{"id":"__button248"}}]}
RESULT: {"script":"<script> [21 bytes]","args":[{"selector":{"id":"__button248"}}]}
COMMAND: POST /session/7f0b97dca5eb0b98e64cb5c7a1170890/execute/async - {"script":"<script> [21 bytes]","args":[{"element-6066-11e4-a52e-4f735466cecf":"f.2870DC74FA737ABC0B7A253C39930840.d.442B7D2D408C6798DC0D1E8C0FC61690.e.1389"},"getEnabled",[]]}
RESULT: {"script":"<script> [21 bytes]","args":[{"element-6066-11e4-a52e-4f735466cecf":"f.2870DC74FA737ABC0B7A253C39930840.d.442B7D2D408C6798DC0D1E8C0FC61690.e.1389"},"getEnabled",[]]}
COMMAND: POST /session/7f0b97dca5eb0b98e64cb5c7a1170890/execute/async - {"script":"<script> [21 bytes]","args":[{"selector":{"id":"__button248"}}]}
RESULT: {"script":"<script> [21 bytes]","args":[{"selector":{"id":"__button248"}}]}
COMMAND: POST /session/7f0b97dca5eb0b98e64cb5c7a1170890/execute/async - {"script":"<script> [21 bytes]","args":[{"element-6066-11e4-a52e-4f735466cecf":"f.2870DC74FA737ABC0B7A253C39930840.d.442B7D2D408C6798DC0D1E8C0FC61690.e.1389"},"focus",[]]}
RESULT: {"script":"<script> [21 bytes]","args":[{"element-6066-11e4-a52e-4f735466cecf":"f.2870DC74FA737ABC0B7A253C39930840.d.442B7D2D408C6798DC0D1E8C0FC61690.e.1389"},"focus",[]]}
COMMAND: POST /session/7f0b97dca5eb0b98e64cb5c7a1170890/element - {"using":"xpath","value":"//*[@id=\"__button248\"]"}
RESULT: {"using":"xpath","value":"//*[@id=\"__button248\"]"}
COMMAND: POST /session/7f0b97dca5eb0b98e64cb5c7a1170890/element/f.2870DC74FA737ABC0B7A253C39930840.d.442B7D2D408C6798DC0D1E8C0FC61690.e.1389/click - {}
RESULT: {}
COMMAND: GET /session/7f0b97dca5eb0b98e64cb5c7a1170890/screenshot - {}
RESULT: {}
RESULT: undefined
COMMAND: POST /session/7f0b97dca5eb0b98e64cb5c7a1170890/execute/async - {"script":"<script> [20 bytes]","args":[{"enterText":"1,445.27","selector":{"id":"rfm.assetui::xRFMxCU_Asset__AssetCashflowObjectPage--fe::FormContainer::CashFlow::FormElement::DataField::Amount::Field-edit-inner","interaction":{"idSuffix":"inner"}},"clearTextFirst":true,"interactionType":"ENTER_TEXT"}]}
RESULT: {"script":"<script> [20 bytes]","args":[{"enterText":"1,445.27","selector":{"id":"rfm.assetui::xRFMxCU_Asset__AssetCashflowObjectPage--fe::FormContainer::CashFlow::FormElement::DataField::Amount::Field-edit-inner","interaction":{"idSuffix":"inner"}},"clearTextFirst":true,"interactionType":"ENTER_TEXT"}]}
COMMAND: POST /session/7f0b97dca5eb0b98e64cb5c7a1170890/execute/async - {"script":"<script> [21 bytes]","args":[{"selector":{"id":"rfm.assetui::xRFMxCU_Asset__AssetCashflowObjectPage--fe::FormContainer::CashFlow::FormElement::DataField::Amount::Field-edit-inner-unit","interaction":{"idSuffix":"inner"}},"wdio_ui5_key":"rfmassetui::xRFMxCU_Asset__AssetCashflowObjectPage--fe::FormContainer::CashFlow::FormElement::DataField::Amount::Field-edit-inner-unit"}]}
RESULT: {"script":"<script> [21 bytes]","args":[{"selector":{"id":"rfm.assetui::xRFMxCU_Asset__AssetCashflowObjectPage--fe::FormContainer::CashFlow::FormElement::DataField::Amount::Field-edit-inner-unit","interaction":{"idSuffix":"inner"}},"wdio_ui5_key":"rfmassetui::xRFMxCU_Asset__AssetCashflowObjectPage--fe::FormContainer::CashFlow::FormElement::DataField::Amount::Field-edit-inner-unit"}]}
RESULT: undefined
[...]
RESULT: {"script":"<script> [21 bytes]","args":[{"element-6066-11e4-a52e-4f735466cecf":"f.2870DC74FA737ABC0B7A253C39930840.d.442B7D2D408C6798DC0D1E8C0FC61690.e.2372"},"getText",[]]}
COMMAND: POST /session/7f0b97dca5eb0b98e64cb5c7a1170890/execute/async - {"script":"<script> [21 bytes]","args":[{"selector":{"id":"rfm.fundingcontractui::xRFMxCU_FundingContrProcessorObjectPage--fe::FormContainer::Details::FormElement::DataField::InterestCalcMethod::Field-display"},"wdio_ui5_key":"rfmfundingcontractui::xRFMxCU_FundingContrProcessorObjectPage--fe::FormContainer::Details::FormElement::DataField::InterestCalcMethod::Field-display"}]}
RESULT: {"script":"<script> [21 bytes]","args":[{"selector":{"id":"rfm.fundingcontractui::xRFMxCU_FundingContrProcessorObjectPage--fe::FormContainer::Details::FormElement::DataField::InterestCalcMethod::Field-display"},"wdio_ui5_key":"rfmfundingcontractui::xRFMxCU_FundingContrProcessorObjectPage--fe::FormContainer::Details::FormElement::DataField::InterestCalcMethod::Field-display"}]}
RESULT: undefined
COMMAND: POST /session/7f0b97dca5eb0b98e64cb5c7a1170890/execute/async - {"script":"<script> [21 bytes]","args":[{"element-6066-11e4-a52e-4f735466cecf":"f.2870DC74FA737ABC0B7A253C39930840.d.442B7D2D408C6798DC0D1E8C0FC61690.e.2373"},"getText",[]]}
RESULT: {"script":"<script> [21 bytes]","args":[{"element-6066-11e4-a52e-4f735466cecf":"f.2870DC74FA737ABC0B7A253C39930840.d.442B7D2D408C6798DC0D1E8C0FC61690.e.2373"},"getText",[]]}
COMMAND: GET /session/7f0b97dca5eb0b98e64cb5c7a1170890/screenshot - {}
]]></system-out>
    </testcase>
    <testcase classname="chrome.138_0_7204_184.windows.FundingContract" name="Should check Generate Funding Contracts action" time="19.45">
      <skipped/>
      <system-out><![CDATA[
COMMAND: POST /session/7f0b97dca5eb0b98e64cb5c7a1170890/execute/async - {"script":"<script> [21 bytes]","args":[{"selector":{"id":"rfm.fundingcontractui::xRFMxCU_FundingContrProcessorObjectPage--fe::ObjectPage-anchBar-rfm.fundingcontractui::xRFMxCU_FundingContrProcessorObjectPage--fe::FacetSection::Contracts-anchor","interaction":{"idSuffix":"text"}},"wdio_ui5_key":"rfmfundingcontractui::xRFMxCU_FundingContrProcessorObjectPage--fe::ObjectPage-anchBar-rfm.fundingcontractui::xRFMxCU_FundingContrProcessorObjectPage--fe::FacetSection::Contracts-anchor"}]}
RESULT: {}
RESULT: {"script":"<script> [21 bytes]","args":[{"selector":{"id":"rfm.fundingcontractui::xRFMxCU_FundingContrProcessorObjectPage--fe::ObjectPage-anchBar-rfm.fundingcontractui::xRFMxCU_FundingContrProcessorObjectPage--fe::FacetSection::Contracts-anchor","interaction":{"idSuffix":"text"}},"wdio_ui5_key":"rfmfundingcontractui::xRFMxCU_FundingContrProcessorObjectPage--fe::ObjectPage-anchBar-rfm.fundingcontractui::xRFMxCU_FundingContrProcessorObjectPage--fe::FacetSection::Contracts-anchor"}]}
RESULT: undefined
COMMAND: POST /session/7f0b97dca5eb0b98e64cb5c7a1170890/element - {"using":"xpath","value":"//*[@id=\"rfm.fundingcontractui::xRFMxCU_FundingContrProcessorObjectPage--fe::ObjectPage-anchBar-rfm.fundingcontractui::xRFMxCU_FundingContrProcessorObjectPage--fe::FacetSection::Contracts-anchor\"]"}
RESULT: {"using":"xpath","value":"//*[@id=\"rfm.fundingcontractui::xRFMxCU_FundingContrProcessorObjectPage--fe::ObjectPage-anchBar-rfm.fundingcontractui::xRFMxCU_FundingContrProcessorObjectPage--fe::FacetSection::Contracts-anchor\"]"}
COMMAND: POST /session/7f0b97dca5eb0b98e64cb5c7a1170890/element/f.2870DC74FA737ABC0B7A253C39930840.d.442B7D2D408C6798DC0D1E8C0FC61690.e.2375/click - {}
RESULT: {}
COMMAND: GET /session/7f0b97dca5eb0b98e64cb5c7a1170890/screenshot - {}
RESULT: {}
COMMAND: POST /session/7f0b97dca5eb0b98e64cb5c7a1170890/execute/async - {"script":"<script> [21 bytes]","args":[{"selector":{"id":"rfm.fundingcontractui::xRFMxCU_FundingContrProcessorObjectPage--fe::DataFieldForAction::com.sap.gateway.srvd.rfm.ui_fundingcontract.v0001.GenerateFundingContracts::com.sap.gateway.srvd.rfm.ui_fundingcontract.v0001.xRFMxCU_FundingContrProcessorType","interaction":{"idSuffix":"content"}},"wdio_ui5_key":"rfmfundingcontractui::xRFMxCU_FundingContrProcessorObjectPage--fe::DataFieldForAction::com.sap.gateway.srvd.rfm.ui_fundingcontract.v0001.GenerateFundingContracts::com.sap.gateway.srvd.rfm.ui_fundingcontract.v0001.xRFMxCU_FundingContrProcessorType"}]}
RESULT: {"script":"<script> [21 bytes]","args":[{"selector":{"id":"rfm.fundingcontractui::xRFMxCU_FundingContrProcessorObjectPage--fe::DataFieldForAction::com.sap.gateway.srvd.rfm.ui_fundingcontract.v0001.GenerateFundingContracts::com.sap.gateway.srvd.rfm.ui_fundingcontract.v0001.xRFMxCU_FundingContrProcessorType","interaction":{"idSuffix":"content"}},"wdio_ui5_key":"rfmfundingcontractui::xRFMxCU_FundingContrProcessorObjectPage--fe::DataFieldForAction::com.sap.gateway.srvd.rfm.ui_fundingcontract.v0001.GenerateFundingContracts::com.sap.gateway.srvd.rfm.ui_fundingcontract.v0001.xRFMxCU_FundingContrProcessorType"}]}
RESULT: undefined
COMMAND: POST /session/7f0b97dca5eb0b98e64cb5c7a1170890/element - {"using":"xpath","value":"//*[@id=\"rfm.fundingcontractui::xRFMxCU_FundingContrProcessorObjectPage--fe::DataFieldForAction::com.sap.gateway.srvd.rfm.ui_fundingcontract.v0001.GenerateFundingContracts::com.sap.gateway.srvd.rfm.ui_fundingcontract.v0001.xRFMxCU_FundingContrProcessorType\"]"}
RESULT: {"using":"xpath","value":"//*[@id=\"rfm.fundingcontractui::xRFMxCU_FundingContrProcessorObjectPage--fe::DataFieldForAction::com.sap.gateway.srvd.rfm.ui_fundingcontract.v0001.GenerateFundingContracts::com.sap.gateway.srvd.rfm.ui_fundingcontract.v0001.xRFMxCU_FundingContrProcessorType\"]"}
COMMAND: POST /session/7f0b97dca5eb0b98e64cb5c7a1170890/element/f.2870DC74FA737ABC0B7A253C39930840.d.442B7D2D408C6798DC0D1E8C0FC61690.e.2379/click - {}
RESULT: {}
COMMAND: GET /session/7f0b97dca5eb0b98e64cb5c7a1170890/screenshot - {}
RESULT: {}
COMMAND: POST /session/7f0b97dca5eb0b98e64cb5c7a1170890/execute/async - {"script":"<script> [21 bytes]","args":[{"selector":{"controlType":"sap.m.Title","viewName":"sap.fe.templates.ObjectPage.ObjectPage","viewId":"rfm.fundingcontractui::xRFMxCU_FundingContrProcessorObjectPage","properties":{"text":"No items available"}},"wdio_ui5_key":"sapfe.templates.ObjectPage.ObjectPagesap.m.Title{\"text\":\"No items available\"}"}]}
RESULT: {"script":"<script> [21 bytes]","args":[{"selector":{"controlType":"sap.m.Title","viewName":"sap.fe.templates.ObjectPage.ObjectPage","viewId":"rfm.fundingcontractui::xRFMxCU_FundingContrProcessorObjectPage","properties":{"text":"No items available"}},"wdio_ui5_key":"sapfe.templates.ObjectPage.ObjectPagesap.m.Title{\"text\":\"No items available\"}"}]}
RESULT: undefined
COMMAND: POST /session/7f0b97dca5eb0b98e64cb5c7a1170890/execute/async - {"script":"<script> [21 bytes]","args":[{"element-6066-11e4-a52e-4f735466cecf":"f.2870DC74FA737ABC0B7A253C39930840.d.442B7D2D408C6798DC0D1E8C0FC61690.e.2404"},"getText",[]]}
RESULT: {"script":"<script> [21 bytes]","args":[{"element-6066-11e4-a52e-4f735466cecf":"f.2870DC74FA737ABC0B7A253C39930840.d.442B7D2D408C6798DC0D1E8C0FC61690.e.2404"},"getText",[]]}
COMMAND: GET /session/7f0b97dca5eb0b98e64cb5c7a1170890/screenshot - {}
COMMAND: GET /session/7f0b97dca5eb0b98e64cb5c7a1170890/screenshot - {}
RESULT: {}
RESULT: {}
]]></system-out>
      <system-err><![CDATA[
Error: expect(received).not.toEqual(expected) // deep equality

Expected: not "No items available"

    at Context.<anonymous> (D:\a\1\s\test\specs\BusinessObjects\FundingContract.spec.js:1302:30)
]]></system-err>
    </testcase>
    <testcase classname="chrome.138_0_7204_184.windows.FundingContract" name="Should check Generate Funding Contracts action" time="16.862">
      <failure/>
      <error message="expect(received).not.toEqual(expected) // deep equality&#xA;&#xA;Expected: not &quot;No items available&quot;&#xA;"/>
      <system-out><![CDATA[
RESULT: undefined
COMMAND: POST /session/7f0b97dca5eb0b98e64cb5c7a1170890/element - {"using":"xpath","value":"//*[@id=\"rfm.fundingcontractui::xRFMxCU_FundingContrProcessorObjectPage--fe::ObjectPage-anchBar-rfm.fundingcontractui::xRFMxCU_FundingContrProcessorObjectPage--fe::FacetSection::Contracts-anchor\"]"}
RESULT: {"using":"xpath","value":"//*[@id=\"rfm.fundingcontractui::xRFMxCU_FundingContrProcessorObjectPage--fe::ObjectPage-anchBar-rfm.fundingcontractui::xRFMxCU_FundingContrProcessorObjectPage--fe::FacetSection::Contracts-anchor\"]"}
COMMAND: POST /session/7f0b97dca5eb0b98e64cb5c7a1170890/element/f.2870DC74FA737ABC0B7A253C39930840.d.442B7D2D408C6798DC0D1E8C0FC61690.e.2375/click - {}
RESULT: {}
COMMAND: GET /session/7f0b97dca5eb0b98e64cb5c7a1170890/screenshot - {}
RESULT: {}
RESULT: undefined
COMMAND: POST /session/7f0b97dca5eb0b98e64cb5c7a1170890/element - {"using":"xpath","value":"//*[@id=\"rfm.fundingcontractui::xRFMxCU_FundingContrProcessorObjectPage--fe::DataFieldForAction::com.sap.gateway.srvd.rfm.ui_fundingcontract.v0001.GenerateFundingContracts::com.sap.gateway.srvd.rfm.ui_fundingcontract.v0001.xRFMxCU_FundingContrProcessorType\"]"}
RESULT: {"using":"xpath","value":"//*[@id=\"rfm.fundingcontractui::xRFMxCU_FundingContrProcessorObjectPage--fe::DataFieldForAction::com.sap.gateway.srvd.rfm.ui_fundingcontract.v0001.GenerateFundingContracts::com.sap.gateway.srvd.rfm.ui_fundingcontract.v0001.xRFMxCU_FundingContrProcessorType\"]"}
COMMAND: POST /session/7f0b97dca5eb0b98e64cb5c7a1170890/element/f.2870DC74FA737ABC0B7A253C39930840.d.442B7D2D408C6798DC0D1E8C0FC61690.e.2379/click - {}
RESULT: {}
COMMAND: GET /session/7f0b97dca5eb0b98e64cb5c7a1170890/screenshot - {}
RESULT: {}
RESULT: undefined
COMMAND: POST /session/7f0b97dca5eb0b98e64cb5c7a1170890/execute/async - {"script":"<script> [21 bytes]","args":[{"element-6066-11e4-a52e-4f735466cecf":"f.2870DC74FA737ABC0B7A253C39930840.d.442B7D2D408C6798DC0D1E8C0FC61690.e.2404"},"getText",[]]}
RESULT: {"script":"<script> [21 bytes]","args":[{"element-6066-11e4-a52e-4f735466cecf":"f.2870DC74FA737ABC0B7A253C39930840.d.442B7D2D408C6798DC0D1E8C0FC61690.e.2404"},"getText",[]]}
COMMAND: GET /session/7f0b97dca5eb0b98e64cb5c7a1170890/screenshot - {}
COMMAND: GET /session/7f0b97dca5eb0b98e64cb5c7a1170890/screenshot - {}
RESULT: {}
RESULT: {}
]]></system-out>
      <system-err><![CDATA[
Error: expect(received).not.toEqual(expected) // deep equality

Expected: not "No items available"

    at Context.<anonymous> (D:\a\1\s\test\specs\BusinessObjects\FundingContract.spec.js:1302:30)
]]></system-err>
    </testcase>
    <testcase classname="chrome.138_0_7204_184.windows.FundingContract" name="Should check navigation to 3rd object page" time="22.003">
      <skipped/>
      <system-out><![CDATA[
COMMAND: GET /session/7f0b97dca5eb0b98e64cb5c7a1170890/screenshot - {}
RESULT: undefined
COMMAND: POST /session/7f0b97dca5eb0b98e64cb5c7a1170890/element - {"using":"xpath","value":"//*[@id=\"rfm.fundingcontractui::xRFMxCU_FundingContrProcessorObjectPage--fe::ObjectPage-anchBar-rfm.fundingcontractui::xRFMxCU_FundingContrProcessorObjectPage--fe::FacetSection::Contracts-anchor\"]"}
RESULT: {}
RESULT: {"using":"xpath","value":"//*[@id=\"rfm.fundingcontractui::xRFMxCU_FundingContrProcessorObjectPage--fe::ObjectPage-anchBar-rfm.fundingcontractui::xRFMxCU_FundingContrProcessorObjectPage--fe::FacetSection::Contracts-anchor\"]"}
COMMAND: POST /session/7f0b97dca5eb0b98e64cb5c7a1170890/element/f.2870DC74FA737ABC0B7A253C39930840.d.442B7D2D408C6798DC0D1E8C0FC61690.e.2375/click - {}
RESULT: {}
COMMAND: GET /session/7f0b97dca5eb0b98e64cb5c7a1170890/screenshot - {}
RESULT: {}
COMMAND: POST /session/7f0b97dca5eb0b98e64cb5c7a1170890/execute/async - {"script":"<script> [21 bytes]","args":[{"selector":{"id":"rfm.fundingcontractui::xRFMxCU_FundingContrProcessorObjectPage--fe::table::_FundingContract::LineItem-innerTable-rows-row0"},"wdio_ui5_key":"rfmfundingcontractui::xRFMxCU_FundingContrProcessorObjectPage--fe::table::_FundingContract::LineItem-innerTable-rows-row0"}]}
RESULT: {"script":"<script> [21 bytes]","args":[{"selector":{"id":"rfm.fundingcontractui::xRFMxCU_FundingContrProcessorObjectPage--fe::table::_FundingContract::LineItem-innerTable-rows-row0"},"wdio_ui5_key":"rfmfundingcontractui::xRFMxCU_FundingContrProcessorObjectPage--fe::table::_FundingContract::LineItem-innerTable-rows-row0"}]}
RESULT: undefined
COMMAND: POST /session/7f0b97dca5eb0b98e64cb5c7a1170890/element - {"using":"xpath","value":"//*[@id=\"rfm.fundingcontractui::xRFMxCU_FundingContrProcessorObjectPage--fe::table::_FundingContract::LineItem-innerTable-rows-row0\"]"}
RESULT: {"using":"xpath","value":"//*[@id=\"rfm.fundingcontractui::xRFMxCU_FundingContrProcessorObjectPage--fe::table::_FundingContract::LineItem-innerTable-rows-row0\"]"}
COMMAND: POST /session/7f0b97dca5eb0b98e64cb5c7a1170890/element/f.2870DC74FA737ABC0B7A253C39930840.d.442B7D2D408C6798DC0D1E8C0FC61690.e.2411/click - {}
RESULT: undefined
COMMAND: POST /session/7f0b97dca5eb0b98e64cb5c7a1170890/execute/async - {"script":"<script> [21 bytes]","args":[{"element-6066-11e4-a52e-4f735466cecf":"f.2870DC74FA737ABC0B7A253C39930840.d.442B7D2D408C6798DC0D1E8C0FC61690.e.2411"},"getBindingContext",[]]}
RESULT: {"script":"<script> [21 bytes]","args":[{"element-6066-11e4-a52e-4f735466cecf":"f.2870DC74FA737ABC0B7A253C39930840.d.442B7D2D408C6798DC0D1E8C0FC61690.e.2411"},"getBindingContext",[]]}
COMMAND: GET /session/7f0b97dca5eb0b98e64cb5c7a1170890/screenshot - {}
COMMAND: GET /session/7f0b97dca5eb0b98e64cb5c7a1170890/screenshot - {}
RESULT: {}
RESULT: {}
]]></system-out>
      <system-err><![CDATA[
TypeError: Cannot read properties of undefined (reading 'match')
    at Context.<anonymous> (D:\a\1\s\test\specs\BusinessObjects\FundingContract.spec.js:1331:37)
]]></system-err>
    </testcase>
    <testcase classname="chrome.138_0_7204_184.windows.FundingContract" name="Should check navigation to 3rd object page" time="20.989">
      <failure/>
      <error message="Cannot read properties of undefined (reading 'match')"/>
      <system-out><![CDATA[
RESULT: undefined
COMMAND: POST /session/7f0b97dca5eb0b98e64cb5c7a1170890/element - {"using":"xpath","value":"//*[@id=\"rfm.fundingcontractui::xRFMxCU_FundingContrProcessorObjectPage--fe::ObjectPage-anchBar-rfm.fundingcontractui::xRFMxCU_FundingContrProcessorObjectPage--fe::FacetSection::Contracts-anchor\"]"}
RESULT: {"using":"xpath","value":"//*[@id=\"rfm.fundingcontractui::xRFMxCU_FundingContrProcessorObjectPage--fe::ObjectPage-anchBar-rfm.fundingcontractui::xRFMxCU_FundingContrProcessorObjectPage--fe::FacetSection::Contracts-anchor\"]"}
COMMAND: POST /session/7f0b97dca5eb0b98e64cb5c7a1170890/element/f.2870DC74FA737ABC0B7A253C39930840.d.442B7D2D408C6798DC0D1E8C0FC61690.e.2375/click - {}
RESULT: {}
COMMAND: GET /session/7f0b97dca5eb0b98e64cb5c7a1170890/screenshot - {}
RESULT: {}
RESULT: undefined
COMMAND: POST /session/7f0b97dca5eb0b98e64cb5c7a1170890/element - {"using":"xpath","value":"//*[@id=\"rfm.fundingcontractui::xRFMxCU_FundingContrProcessorObjectPage--fe::table::_FundingContract::LineItem-innerTable-rows-row0\"]"}
RESULT: {"using":"xpath","value":"//*[@id=\"rfm.fundingcontractui::xRFMxCU_FundingContrProcessorObjectPage--fe::table::_FundingContract::LineItem-innerTable-rows-row0\"]"}
COMMAND: POST /session/7f0b97dca5eb0b98e64cb5c7a1170890/element/f.2870DC74FA737ABC0B7A253C39930840.d.442B7D2D408C6798DC0D1E8C0FC61690.e.2411/click - {}
RESULT: undefined
COMMAND: POST /session/7f0b97dca5eb0b98e64cb5c7a1170890/execute/async - {"script":"<script> [21 bytes]","args":[{"element-6066-11e4-a52e-4f735466cecf":"f.2870DC74FA737ABC0B7A253C39930840.d.442B7D2D408C6798DC0D1E8C0FC61690.e.2411"},"getBindingContext",[]]}
RESULT: {"script":"<script> [21 bytes]","args":[{"element-6066-11e4-a52e-4f735466cecf":"f.2870DC74FA737ABC0B7A253C39930840.d.442B7D2D408C6798DC0D1E8C0FC61690.e.2411"},"getBindingContext",[]]}
COMMAND: GET /session/7f0b97dca5eb0b98e64cb5c7a1170890/screenshot - {}
COMMAND: GET /session/7f0b97dca5eb0b98e64cb5c7a1170890/screenshot - {}
RESULT: {}
RESULT: {}
]]></system-out>
      <system-err><![CDATA[
TypeError: Cannot read properties of undefined (reading 'match')
    at Context.<anonymous> (D:\a\1\s\test\specs\BusinessObjects\FundingContract.spec.js:1331:37)
]]></system-err>
    </testcase>
    <testcase classname="chrome.138_0_7204_184.windows.FundingContract" name="Should check navigation to asset" time="11.543">
      <skipped/>
      <system-out><![CDATA[
COMMAND: POST /session/7f0b97dca5eb0b98e64cb5c7a1170890/execute/async - {"script":"<script> [21 bytes]","args":[{"selector":{"id":"rfm.fundingcontractui::xRFMxCU_FundingContrProcessor__FundingContractObjectPage--fe::ObjectPage-anchBar-rfm.fundingcontractui::xRFMxCU_FundingContrProcessor__FundingContractObjectPage--fe::FacetSection::Asset-anchor"},"wdio_ui5_key":"rfmfundingcontractui::xRFMxCU_FundingContrProcessor__FundingContractObjectPage--fe::ObjectPage-anchBar-rfm.fundingcontractui::xRFMxCU_FundingContrProcessor__FundingContractObjectPage--fe::FacetSection::Asset-anchor"}]}
COMMAND: GET /session/7f0b97dca5eb0b98e64cb5c7a1170890/screenshot - {}
RESULT: {"script":"<script> [21 bytes]","args":[{"selector":{"id":"rfm.fundingcontractui::xRFMxCU_FundingContrProcessor__FundingContractObjectPage--fe::ObjectPage-anchBar-rfm.fundingcontractui::xRFMxCU_FundingContrProcessor__FundingContractObjectPage--fe::FacetSection::Asset-anchor"},"wdio_ui5_key":"rfmfundingcontractui::xRFMxCU_FundingContrProcessor__FundingContractObjectPage--fe::ObjectPage-anchBar-rfm.fundingcontractui::xRFMxCU_FundingContrProcessor__FundingContractObjectPage--fe::FacetSection::Asset-anchor"}]}
RESULT: undefined
RESULT: {}
COMMAND: POST /session/7f0b97dca5eb0b98e64cb5c7a1170890/execute/async - {"script":"<script> [21 bytes]","args":[{"selector":{"id":"rfm.fundingcontractui::xRFMxCU_FundingContrProcessor__FundingContractObjectPage--fe::FormContainer::Asset::FormElement::DataFieldWithIntentBasedNavigation::AssetIdExtern::FundingAsset::Manage::Field-display"},"wdio_ui5_key":"rfmfundingcontractui::xRFMxCU_FundingContrProcessor__FundingContractObjectPage--fe::FormContainer::Asset::FormElement::DataFieldWithIntentBasedNavigation::AssetIdExtern::FundingAsset::Manage::Field-display"}]}
RESULT: {"script":"<script> [21 bytes]","args":[{"selector":{"id":"rfm.fundingcontractui::xRFMxCU_FundingContrProcessor__FundingContractObjectPage--fe::FormContainer::Asset::FormElement::DataFieldWithIntentBasedNavigation::AssetIdExtern::FundingAsset::Manage::Field-display"},"wdio_ui5_key":"rfmfundingcontractui::xRFMxCU_FundingContrProcessor__FundingContractObjectPage--fe::FormContainer::Asset::FormElement::DataFieldWithIntentBasedNavigation::AssetIdExtern::FundingAsset::Manage::Field-display"}]}
RESULT: undefined
COMMAND: GET /session/7f0b97dca5eb0b98e64cb5c7a1170890/screenshot - {}
COMMAND: GET /session/7f0b97dca5eb0b98e64cb5c7a1170890/screenshot - {}
RESULT: {}
RESULT: {}
]]></system-out>
      <system-err><![CDATA[
Error: AssetIdExternBeforeNav is undefined
    at Context.<anonymous> (D:\a\1\s\test\specs\BusinessObjects\FundingContract.spec.js:1403:23)
]]></system-err>
    </testcase>
    <testcase classname="chrome.138_0_7204_184.windows.FundingContract" name="Should check navigation to asset" time="10.331">
      <failure/>
      <error message="AssetIdExternBeforeNav is undefined"/>
      <system-out><![CDATA[
RESULT: undefined
RESULT: undefined
COMMAND: GET /session/7f0b97dca5eb0b98e64cb5c7a1170890/screenshot - {}
COMMAND: GET /session/7f0b97dca5eb0b98e64cb5c7a1170890/screenshot - {}
RESULT: {}
RESULT: {}
COMMAND: DELETE /session/7f0b97dca5eb0b98e64cb5c7a1170890 - {}
COMMAND: GET /session/7f0b97dca5eb0b98e64cb5c7a1170890/screenshot - {}
COMMAND: GET /session/7f0b97dca5eb0b98e64cb5c7a1170890/screenshot - {}
RESULT: {}
]]></system-out>
      <system-err><![CDATA[
Error: AssetIdExternBeforeNav is undefined
    at Context.<anonymous> (D:\a\1\s\test\specs\BusinessObjects\FundingContract.spec.js:1403:23)
]]></system-err>
    </testcase>
  </testsuite>
</testsuites>