<?xml version="1.0" encoding="UTF-8"?>
<testsuites tests="9" failures="3" errors="3" skipped="3">
  <testsuite timestamp="2025-10-08T23:57:58" time="278.816" tests="9" failures="3" errors="3" skipped="3">
    <properties>
      <property name="specId" value="0"/>
      <property name="suiteName" value="ABS Tranches"/>
      <property name="capabilities" value="chrome.140_0_7339_208.windows"/>
      <property name="file" value="file:///D:/a/1/s/test/specs/ABS/ABSTranches.spec.js"/>
    </properties>
    <testcase classname="chrome.140_0_7339_208.windows.ABS_Tranches" name="Should create Program" time="53.373">
      <system-out><![CDATA[
COMMAND: POST /session/e188f796b0d140d16571c64576153b9b/execute/async - {"script":"<script> [21 bytes]","args":[{"selector":{"controlType":"sap.m.GenericTile","properties":{"header":"Funding Program"}},"wdio_ui5_key":"sapm.GenericTile{\"header\":\"Funding Program\"}"}]}
RESULT: {"script":"<script> [21 bytes]","args":[{"selector":{"controlType":"sap.m.GenericTile","properties":{"header":"Funding Program"}},"wdio_ui5_key":"sapm.GenericTile{\"header\":\"Funding Program\"}"}]}
RESULT: undefined
COMMAND: POST /session/e188f796b0d140d16571c64576153b9b/element - {"using":"xpath","value":"//*[@id=\"__tile29\"]"}
RESULT: {"using":"xpath","value":"//*[@id=\"__tile29\"]"}
COMMAND: POST /session/e188f796b0d140d16571c64576153b9b/element/f.FE2A874FF398F5F790D00BDFEBF7B178.d.15213F6915C2A70241C6F10EF54C0034.e.69/click - {}
RESULT: {}
COMMAND: POST /session/e188f796b0d140d16571c64576153b9b/execute/async - {"script":"<script> [21 bytes]","args":[{"selector":{"id":"rfm.programui::xRFMxCU_ProgramList--fe::table::allTab::LineItem::StandardAction::Create","controlType":"sap.m.Button"},"wdio_ui5_key":"rfmprogramui::xRFMxCU_ProgramList--fe::table::allTab::LineItem::StandardAction::Createsap.m.Button"}]}
COMMAND: GET /session/e188f796b0d140d16571c64576153b9b/screenshot - {}
RESULT: {"script":"<script> [21 bytes]","args":[{"selector":{"id":"rfm.programui::xRFMxCU_ProgramList--fe::table::allTab::LineItem::StandardAction::Create","controlType":"sap.m.Button"},"wdio_ui5_key":"rfmprogramui::xRFMxCU_ProgramList--fe::table::allTab::LineItem::StandardAction::Createsap.m.Button"}]}
RESULT: undefined
COMMAND: POST /session/e188f796b0d140d16571c64576153b9b/element - {"using":"xpath","value":"//*[@id=\"rfm.programui::xRFMxCU_ProgramList--fe::table::allTab::LineItem::StandardAction::Create\"]"}
RESULT: {}
RESULT: {"using":"xpath","value":"//*[@id=\"rfm.programui::xRFMxCU_ProgramList--fe::table::allTab::LineItem::StandardAction::Create\"]"}
COMMAND: POST /session/e188f796b0d140d16571c64576153b9b/element/f.FE2A874FF398F5F790D00BDFEBF7B178.d.15213F6915C2A70241C6F10EF54C0034.e.195/click - {}
RESULT: {}
COMMAND: POST /session/e188f796b0d140d16571c64576153b9b/execute/async - {"script":"<script> [21 bytes]","args":[{"selector":{"id":"CreateDialog::xRFMxCU_ProgramType::FundingScope-inner","searchOpenDialogs":true,"interaction":{"idSuffix":"inner"}},"wdio_ui5_key":"CreateDialogxRFMxCU_ProgramType::FundingScope-inner"}]}
COMMAND: GET /session/e188f796b0d140d16571c64576153b9b/screenshot - {}
RESULT: {"script":"<script> [21 bytes]","args":[{"selector":{"id":"CreateDialog::xRFMxCU_ProgramType::FundingScope-inner","searchOpenDialogs":true,"interaction":{"idSuffix":"inner"}},"wdio_ui5_key":"CreateDialogxRFMxCU_ProgramType::FundingScope-inner"}]}
RESULT: undefined
COMMAND: POST /session/e188f796b0d140d16571c64576153b9b/execute/async - {"script":"<script> [20 bytes]","args":[{"enterText":"Installment","selector":{"id":"CreateDialog::xRFMxCU_ProgramType::FundingScope-inner","searchOpenDialogs":true,"interaction":{"idSuffix":"inner"}},"clearTextFirst":true,"interactionType":"ENTER_TEXT"}]}
RESULT: {}
RESULT: {"script":"<script> [20 bytes]","args":[{"enterText":"Installment","selector":{"id":"CreateDialog::xRFMxCU_ProgramType::FundingScope-inner","searchOpenDialogs":true,"interaction":{"idSuffix":"inner"}},"clearTextFirst":true,"interactionType":"ENTER_TEXT"}]}
COMMAND: POST /session/e188f796b0d140d16571c64576153b9b/execute/async - {"script":"<script> [21 bytes]","args":[{"selector":{"id":"CreateDialog::xRFMxCU_ProgramType::ValidFrom-inner","searchOpenDialogs":true,"interaction":{"idSuffix":"inner"}},"wdio_ui5_key":"CreateDialogxRFMxCU_ProgramType::ValidFrom-inner"}]}
RESULT: {"script":"<script> [21 bytes]","args":[{"selector":{"id":"CreateDialog::xRFMxCU_ProgramType::ValidFrom-inner","searchOpenDialogs":true,"interaction":{"idSuffix":"inner"}},"wdio_ui5_key":"CreateDialogxRFMxCU_ProgramType::ValidFrom-inner"}]}
RESULT: undefined
COMMAND: POST /session/e188f796b0d140d16571c64576153b9b/execute/async - {"script":"<script> [21 bytes]","args":[{"element-6066-11e4-a52e-4f735466cecf":"f.FE2A874FF398F5F790D00BDFEBF7B178.d.15213F6915C2A70241C6F10EF54C0034.e.283"},"setValue",["2025-01-01"]]}
RESULT: {"script":"<script> [21 bytes]","args":[{"element-6066-11e4-a52e-4f735466cecf":"f.FE2A874FF398F5F790D00BDFEBF7B178.d.15213F6915C2A70241C6F10EF54C0034.e.283"},"setValue",["2025-01-01"]]}
COMMAND: POST /session/e188f796b0d140d16571c64576153b9b/execute/async - {"script":"<script> [21 bytes]","args":[{"selector":{"id":"CreateDialog::xRFMxCU_ProgramType::PortfolioId-inner","searchOpenDialogs":true,"interaction":{"idSuffix":"inner"}},"wdio_ui5_key":"CreateDialogxRFMxCU_ProgramType::PortfolioId-inner"}]}
RESULT: {"script":"<script> [21 bytes]","args":[{"selector":{"id":"CreateDialog::xRFMxCU_ProgramType::PortfolioId-inner","searchOpenDialogs":true,"interaction":{"idSuffix":"inner"}},"wdio_ui5_key":"CreateDialogxRFMxCU_ProgramType::PortfolioId-inner"}]}
RESULT: undefined
COMMAND: POST /session/e188f796b0d140d16571c64576153b9b/execute/async - {"script":"<script> [20 bytes]","args":[{"enterText":"1","selector":{"id":"CreateDialog::xRFMxCU_ProgramType::PortfolioId-inner","searchOpenDialogs":true,"interaction":{"idSuffix":"inner"}},"clearTextFirst":true,"interactionType":"ENTER_TEXT"}]}
RESULT: {"script":"<script> [20 bytes]","args":[{"enterText":"1","selector":{"id":"CreateDialog::xRFMxCU_ProgramType::PortfolioId-inner","searchOpenDialogs":true,"interaction":{"idSuffix":"inner"}},"clearTextFirst":true,"interactionType":"ENTER_TEXT"}]}
COMMAND: POST /session/e188f796b0d140d16571c64576153b9b/execute/async - {"script":"<script> [21 bytes]","args":[{"selector":{"controlType":"sap.m.Button","viewName":"sap.fe.templates.ObjectPage.ObjectPage","viewId":"rfm.programui::xRFMxCU_ProgramObjectPage","properties":{"text":"Continue"},"searchOpenDialogs":true,"interaction":{"idSuffix":"BDI-content"}},"wdio_ui5_key":"sapfe.templates.ObjectPage.ObjectPagesap.m.Button{\"text\":\"Continue\"}"}]}
RESULT: {"script":"<script> [21 bytes]","args":[{"selector":{"controlType":"sap.m.Button","viewName":"sap.fe.templates.ObjectPage.ObjectPage","viewId":"rfm.programui::xRFMxCU_ProgramObjectPage","properties":{"text":"Continue"},"searchOpenDialogs":true,"interaction":{"idSuffix":"BDI-content"}},"wdio_ui5_key":"sapfe.templates.ObjectPage.ObjectPagesap.m.Button{\"text\":\"Continue\"}"}]}
RESULT: undefined
COMMAND: POST /session/e188f796b0d140d16571c64576153b9b/element - {"using":"xpath","value":"//*[@id=\"__button194\"]"}
RESULT: {"using":"xpath","value":"//*[@id=\"__button194\"]"}
COMMAND: POST /session/e188f796b0d140d16571c64576153b9b/element/f.FE2A874FF398F5F790D00BDFEBF7B178.d.15213F6915C2A70241C6F10EF54C0034.e.300/click - {}
RESULT: {}
COMMAND: POST /session/e188f796b0d140d16571c64576153b9b/execute/async - {"script":"<script> [21 bytes]","args":[{"selector":{"id":"rfm.programui::xRFMxCU_ProgramObjectPage--fe::CustomSubSection::CustomDetailsSection--fe::FormContainer::FieldGroup::basicData1::FormElement::DataField::Currency::Field-edit-inner","interaction":{"idSuffix":"inner"}},"wdio_ui5_key":"rfmprogramui::xRFMxCU_ProgramObjectPage--fe::CustomSubSection::CustomDetailsSection--fe::FormContainer::FieldGroup::basicData1::FormElement::DataField::Currency::Field-edit-inner"}]}
COMMAND: GET /session/e188f796b0d140d16571c64576153b9b/screenshot - {}
RESULT: {"script":"<script> [21 bytes]","args":[{"selector":{"id":"rfm.programui::xRFMxCU_ProgramObjectPage--fe::CustomSubSection::CustomDetailsSection--fe::FormContainer::FieldGroup::basicData1::FormElement::DataField::Currency::Field-edit-inner","interaction":{"idSuffix":"inner"}},"wdio_ui5_key":"rfmprogramui::xRFMxCU_ProgramObjectPage--fe::CustomSubSection::CustomDetailsSection--fe::FormContainer::FieldGroup::basicData1::FormElement::DataField::Currency::Field-edit-inner"}]}
RESULT: undefined
COMMAND: POST /session/e188f796b0d140d16571c64576153b9b/execute/async - {"script":"<script> [21 bytes]","args":[{"selector":{"id":"rfm.programui::xRFMxCU_ProgramObjectPage--fe::CustomSubSection::CustomDetailsSection--fe::FormContainer::FieldGroup::basicData1::FormElement::DataField::Volume::Field-edit-inner","interaction":{"idSuffix":"inner"}},"wdio_ui5_key":"rfmprogramui::xRFMxCU_ProgramObjectPage--fe::CustomSubSection::CustomDetailsSection--fe::FormContainer::FieldGroup::basicData1::FormElement::DataField::Volume::Field-edit-inner"}]}
RESULT: {}
RESULT: {"script":"<script> [21 bytes]","args":[{"selector":{"id":"rfm.programui::xRFMxCU_ProgramObjectPage--fe::CustomSubSection::CustomDetailsSection--fe::FormContainer::FieldGroup::basicData1::FormElement::DataField::Volume::Field-edit-inner","interaction":{"idSuffix":"inner"}},"wdio_ui5_key":"rfmprogramui::xRFMxCU_ProgramObjectPage--fe::CustomSubSection::CustomDetailsSection--fe::FormContainer::FieldGroup::basicData1::FormElement::DataField::Volume::Field-edit-inner"}]}
RESULT: undefined
COMMAND: POST /session/e188f796b0d140d16571c64576153b9b/execute/async - {"script":"<script> [21 bytes]","args":[{"selector":{"id":"rfm.programui::xRFMxCU_ProgramObjectPage--fe::CustomSubSection::CustomDetailsSection--fe::FormContainer::FieldGroup::basicData1::FormElement::DataField::ValidTo::Field-edit","interaction":{"idSuffix":"inner"}},"wdio_ui5_key":"rfmprogramui::xRFMxCU_ProgramObjectPage--fe::CustomSubSection::CustomDetailsSection--fe::FormContainer::FieldGroup::basicData1::FormElement::DataField::ValidTo::Field-edit"}]}
RESULT: {"script":"<script> [21 bytes]","args":[{"selector":{"id":"rfm.programui::xRFMxCU_ProgramObjectPage--fe::CustomSubSection::CustomDetailsSection--fe::FormContainer::FieldGroup::basicData1::FormElement::DataField::ValidTo::Field-edit","interaction":{"idSuffix":"inner"}},"wdio_ui5_key":"rfmprogramui::xRFMxCU_ProgramObjectPage--fe::CustomSubSection::CustomDetailsSection--fe::FormContainer::FieldGroup::basicData1::FormElement::DataField::ValidTo::Field-edit"}]}
RESULT: undefined
COMMAND: POST /session/e188f796b0d140d16571c64576153b9b/execute/async - {"script":"<script> [21 bytes]","args":[{"element-6066-11e4-a52e-4f735466cecf":"f.FE2A874FF398F5F790D00BDFEBF7B178.d.15213F6915C2A70241C6F10EF54C0034.e.341"},"setValue",["2027-12-31"]]}
RESULT: {"script":"<script> [21 bytes]","args":[{"element-6066-11e4-a52e-4f735466cecf":"f.FE2A874FF398F5F790D00BDFEBF7B178.d.15213F6915C2A70241C6F10EF54C0034.e.341"},"setValue",["2027-12-31"]]}
COMMAND: POST /session/e188f796b0d140d16571c64576153b9b/execute/async - {"script":"<script> [21 bytes]","args":[{"selector":{"id":"rfm.programui::xRFMxCU_ProgramObjectPage--fe::CustomSubSection::CustomDetailsSection--fe::FormContainer::FieldGroup::basicData2::FormElement::DataField::CompanyCode::Field-edit-inner","interaction":{"idSuffix":"inner"}},"wdio_ui5_key":"rfmprogramui::xRFMxCU_ProgramObjectPage--fe::CustomSubSection::CustomDetailsSection--fe::FormContainer::FieldGroup::basicData2::FormElement::DataField::CompanyCode::Field-edit-inner"}]}
RESULT: {"script":"<script> [21 bytes]","args":[{"selector":{"id":"rfm.programui::xRFMxCU_ProgramObjectPage--fe::CustomSubSection::CustomDetailsSection--fe::FormContainer::FieldGroup::basicData2::FormElement::DataField::CompanyCode::Field-edit-inner","interaction":{"idSuffix":"inner"}},"wdio_ui5_key":"rfmprogramui::xRFMxCU_ProgramObjectPage--fe::CustomSubSection::CustomDetailsSection--fe::FormContainer::FieldGroup::basicData2::FormElement::DataField::CompanyCode::Field-edit-inner"}]}
RESULT: undefined
COMMAND: POST /session/e188f796b0d140d16571c64576153b9b/execute/async - {"script":"<script> [20 bytes]","args":[{"enterText":"BearingPoint (0001)","selector":{"id":"rfm.programui::xRFMxCU_ProgramObjectPage--fe::CustomSubSection::CustomDetailsSection--fe::FormContainer::FieldGroup::basicData2::FormElement::DataField::CompanyCode::Field-edit-inner","interaction":{"idSuffix":"inner"}},"clearTextFirst":true,"interactionType":"ENTER_TEXT"}]}
RESULT: {"script":"<script> [20 bytes]","args":[{"enterText":"BearingPoint (0001)","selector":{"id":"rfm.programui::xRFMxCU_ProgramObjectPage--fe::CustomSubSection::CustomDetailsSection--fe::FormContainer::FieldGroup::basicData2::FormElement::DataField::CompanyCode::Field-edit-inner","interaction":{"idSuffix":"inner"}},"clearTextFirst":true,"interactionType":"ENTER_TEXT"}]}
COMMAND: POST /session/e188f796b0d140d16571c64576153b9b/execute/async - {"script":"<script> [21 bytes]","args":[{"selector":{"id":"rfm.programui::xRFMxCU_ProgramObjectPage--fe::CustomSubSection::CustomDetailsSection--DetailsFundingTypesTable-content::StandardAction::Create","interaction":{"idSuffix":"BDI-content"}},"wdio_ui5_key":"rfmprogramui::xRFMxCU_ProgramObjectPage--fe::CustomSubSection::CustomDetailsSection--DetailsFundingTypesTable-content::StandardAction::Create"}]}
RESULT: {"script":"<script> [21 bytes]","args":[{"selector":{"id":"rfm.programui::xRFMxCU_ProgramObjectPage--fe::CustomSubSection::CustomDetailsSection--DetailsFundingTypesTable-content::StandardAction::Create","interaction":{"idSuffix":"BDI-content"}},"wdio_ui5_key":"rfmprogramui::xRFMxCU_ProgramObjectPage--fe::CustomSubSection::CustomDetailsSection--DetailsFundingTypesTable-content::StandardAction::Create"}]}
RESULT: undefined
COMMAND: POST /session/e188f796b0d140d16571c64576153b9b/element - {"using":"xpath","value":"//*[@id=\"rfm.programui::xRFMxCU_ProgramObjectPage--fe::CustomSubSection::CustomDetailsSection--DetailsFundingTypesTable-content::StandardAction::Create\"]"}
RESULT: {"using":"xpath","value":"//*[@id=\"rfm.programui::xRFMxCU_ProgramObjectPage--fe::CustomSubSection::CustomDetailsSection--DetailsFundingTypesTable-content::StandardAction::Create\"]"}
COMMAND: POST /session/e188f796b0d140d16571c64576153b9b/element/f.FE2A874FF398F5F790D00BDFEBF7B178.d.15213F6915C2A70241C6F10EF54C0034.e.351/click - {}
RESULT: {}
COMMAND: POST /session/e188f796b0d140d16571c64576153b9b/execute/async - {"script":"<script> [21 bytes]","args":[{"selector":{"id":"CreateDialog::xRFMxCU_ProgramFundingTypeType::FundingType-inner","searchOpenDialogs":true,"interaction":{"idSuffix":"inner"}},"wdio_ui5_key":"CreateDialogxRFMxCU_ProgramFundingTypeType::FundingType-inner"}]}
COMMAND: GET /session/e188f796b0d140d16571c64576153b9b/screenshot - {}
RESULT: {"script":"<script> [21 bytes]","args":[{"selector":{"id":"CreateDialog::xRFMxCU_ProgramFundingTypeType::FundingType-inner","searchOpenDialogs":true,"interaction":{"idSuffix":"inner"}},"wdio_ui5_key":"CreateDialogxRFMxCU_ProgramFundingTypeType::FundingType-inner"}]}
RESULT: undefined
COMMAND: POST /session/e188f796b0d140d16571c64576153b9b/execute/async - {"script":"<script> [20 bytes]","args":[{"enterText":"99","selector":{"id":"CreateDialog::xRFMxCU_ProgramFundingTypeType::FundingType-inner","searchOpenDialogs":true,"interaction":{"idSuffix":"inner"}},"clearTextFirst":true,"interactionType":"ENTER_TEXT"}]}
RESULT: {}
RESULT: {"script":"<script> [20 bytes]","args":[{"enterText":"99","selector":{"id":"CreateDialog::xRFMxCU_ProgramFundingTypeType::FundingType-inner","searchOpenDialogs":true,"interaction":{"idSuffix":"inner"}},"clearTextFirst":true,"interactionType":"ENTER_TEXT"}]}
COMMAND: POST /session/e188f796b0d140d16571c64576153b9b/execute/async - {"script":"<script> [21 bytes]","args":[{"selector":{"id":"CreateDialog::xRFMxCU_Program::_AllowedFundingType-footer","searchOpenDialogs":true},"wdio_ui5_key":"CreateDialogxRFMxCU_Program::_AllowedFundingType-footer"}]}
RESULT: {"script":"<script> [21 bytes]","args":[{"selector":{"id":"CreateDialog::xRFMxCU_Program::_AllowedFundingType-footer","searchOpenDialogs":true},"wdio_ui5_key":"CreateDialogxRFMxCU_Program::_AllowedFundingType-footer"}]}
RESULT: undefined
COMMAND: POST /session/e188f796b0d140d16571c64576153b9b/element - {"using":"xpath","value":"//*[@id=\"CreateDialog::xRFMxCU_Program::_AllowedFundingType-footer\"]"}
RESULT: {"using":"xpath","value":"//*[@id=\"CreateDialog::xRFMxCU_Program::_AllowedFundingType-footer\"]"}
COMMAND: POST /session/e188f796b0d140d16571c64576153b9b/element/f.FE2A874FF398F5F790D00BDFEBF7B178.d.15213F6915C2A70241C6F10EF54C0034.e.523/click - {}
RESULT: {}
COMMAND: POST /session/e188f796b0d140d16571c64576153b9b/execute/async - {"script":"<script> [21 bytes]","args":[{"forceSelect":true,"selector":{"controlType":"sap.m.Button","viewName":"sap.fe.templates.ObjectPage.ObjectPage","viewId":"rfm.programui::xRFMxCU_Program__AllowedFundingTypeObjectPage","properties":{"text":"Continue"},"searchOpenDialogs":true,"interaction":{"idSuffix":"content"}},"wdio_ui5_key":"sapfe.templates.ObjectPage.ObjectPagesap.m.Button{\"text\":\"Continue\"}"}]}
COMMAND: GET /session/e188f796b0d140d16571c64576153b9b/screenshot - {}
RESULT: {"script":"<script> [21 bytes]","args":[{"forceSelect":true,"selector":{"controlType":"sap.m.Button","viewName":"sap.fe.templates.ObjectPage.ObjectPage","viewId":"rfm.programui::xRFMxCU_Program__AllowedFundingTypeObjectPage","properties":{"text":"Continue"},"searchOpenDialogs":true,"interaction":{"idSuffix":"content"}},"wdio_ui5_key":"sapfe.templates.ObjectPage.ObjectPagesap.m.Button{\"text\":\"Continue\"}"}]}
RESULT: undefined
COMMAND: POST /session/e188f796b0d140d16571c64576153b9b/execute/async - {"script":"<script> [21 bytes]","args":[{"selector":{"id":"__button207"}}]}
RESULT: {}
RESULT: {"script":"<script> [21 bytes]","args":[{"selector":{"id":"__button207"}}]}
COMMAND: POST /session/e188f796b0d140d16571c64576153b9b/execute/async - {"script":"<script> [21 bytes]","args":[{"element-6066-11e4-a52e-4f735466cecf":"f.FE2A874FF398F5F790D00BDFEBF7B178.d.15213F6915C2A70241C6F10EF54C0034.e.524"},"getEnabled",[]]}
RESULT: {"script":"<script> [21 bytes]","args":[{"element-6066-11e4-a52e-4f735466cecf":"f.FE2A874FF398F5F790D00BDFEBF7B178.d.15213F6915C2A70241C6F10EF54C0034.e.524"},"getEnabled",[]]}
COMMAND: POST /session/e188f796b0d140d16571c64576153b9b/element - {"using":"xpath","value":"//*[@id=\"__button207\"]"}
COMMAND: POST /session/e188f796b0d140d16571c64576153b9b/execute/async - {"script":"<script> [21 bytes]","args":[{"selector":{"id":"__button207"}}]}
RESULT: {"script":"<script> [21 bytes]","args":[{"selector":{"id":"__button207"}}]}
COMMAND: POST /session/e188f796b0d140d16571c64576153b9b/execute/async - {"script":"<script> [21 bytes]","args":[{"element-6066-11e4-a52e-4f735466cecf":"f.FE2A874FF398F5F790D00BDFEBF7B178.d.15213F6915C2A70241C6F10EF54C0034.e.524"},"getEnabled",[]]}
RESULT: {"using":"xpath","value":"//*[@id=\"__button207\"]"}
COMMAND: POST /session/e188f796b0d140d16571c64576153b9b/element/f.FE2A874FF398F5F790D00BDFEBF7B178.d.15213F6915C2A70241C6F10EF54C0034.e.525/click - {}
RESULT: {"script":"<script> [21 bytes]","args":[{"element-6066-11e4-a52e-4f735466cecf":"f.FE2A874FF398F5F790D00BDFEBF7B178.d.15213F6915C2A70241C6F10EF54C0034.e.524"},"getEnabled",[]]}
RESULT: {}
COMMAND: POST /session/e188f796b0d140d16571c64576153b9b/execute/async - {"script":"<script> [21 bytes]","args":[{"selector":{"id":"rfm.programui::xRFMxCU_Program__AllowedFundingTypeObjectPage--fe::FooterBar::StandardAction::Apply","interaction":{"idSuffix":"BDI-content"}},"wdio_ui5_key":"rfmprogramui::xRFMxCU_Program__AllowedFundingTypeObjectPage--fe::FooterBar::StandardAction::Apply"}]}
COMMAND: GET /session/e188f796b0d140d16571c64576153b9b/screenshot - {}
RESULT: {"script":"<script> [21 bytes]","args":[{"selector":{"id":"rfm.programui::xRFMxCU_Program__AllowedFundingTypeObjectPage--fe::FooterBar::StandardAction::Apply","interaction":{"idSuffix":"BDI-content"}},"wdio_ui5_key":"rfmprogramui::xRFMxCU_Program__AllowedFundingTypeObjectPage--fe::FooterBar::StandardAction::Apply"}]}
RESULT: undefined
COMMAND: POST /session/e188f796b0d140d16571c64576153b9b/element - {"using":"xpath","value":"//*[@id=\"rfm.programui::xRFMxCU_Program__AllowedFundingTypeObjectPage--fe::FooterBar::StandardAction::Apply\"]"}
RESULT: {}
RESULT: {"using":"xpath","value":"//*[@id=\"rfm.programui::xRFMxCU_Program__AllowedFundingTypeObjectPage--fe::FooterBar::StandardAction::Apply\"]"}
COMMAND: POST /session/e188f796b0d140d16571c64576153b9b/element/f.FE2A874FF398F5F790D00BDFEBF7B178.d.15213F6915C2A70241C6F10EF54C0034.e.513/click - {}
RESULT: {}
COMMAND: POST /session/e188f796b0d140d16571c64576153b9b/execute/async - {"script":"<script> [21 bytes]","args":[{"selector":{"id":"rfm.programui::xRFMxCU_ProgramObjectPage--fe::ObjectPage-anchBar-rfm.programui::xRFMxCU_ProgramObjectPage--fe::EditableHeaderSection-anchor","interaction":{"idSuffix":"text"}},"wdio_ui5_key":"rfmprogramui::xRFMxCU_ProgramObjectPage--fe::ObjectPage-anchBar-rfm.programui::xRFMxCU_ProgramObjectPage--fe::EditableHeaderSection-anchor"}]}
COMMAND: GET /session/e188f796b0d140d16571c64576153b9b/screenshot - {}
RESULT: {"script":"<script> [21 bytes]","args":[{"selector":{"id":"rfm.programui::xRFMxCU_ProgramObjectPage--fe::ObjectPage-anchBar-rfm.programui::xRFMxCU_ProgramObjectPage--fe::EditableHeaderSection-anchor","interaction":{"idSuffix":"text"}},"wdio_ui5_key":"rfmprogramui::xRFMxCU_ProgramObjectPage--fe::ObjectPage-anchBar-rfm.programui::xRFMxCU_ProgramObjectPage--fe::EditableHeaderSection-anchor"}]}
RESULT: undefined
COMMAND: POST /session/e188f796b0d140d16571c64576153b9b/execute/async - {"script":"<script> [21 bytes]","args":[{"selector":{"id":"rfm.programui::xRFMxCU_ProgramObjectPage--fe::HeaderFacet::FormContainer::headerFieldsGP1::FormElement::DataField::Name::Field-edit","interaction":{"idSuffix":"inner"}},"wdio_ui5_key":"rfmprogramui::xRFMxCU_ProgramObjectPage--fe::HeaderFacet::FormContainer::headerFieldsGP1::FormElement::DataField::Name::Field-edit"}]}
RESULT: {}
RESULT: {"script":"<script> [21 bytes]","args":[{"selector":{"id":"rfm.programui::xRFMxCU_ProgramObjectPage--fe::HeaderFacet::FormContainer::headerFieldsGP1::FormElement::DataField::Name::Field-edit","interaction":{"idSuffix":"inner"}},"wdio_ui5_key":"rfmprogramui::xRFMxCU_ProgramObjectPage--fe::HeaderFacet::FormContainer::headerFieldsGP1::FormElement::DataField::Name::Field-edit"}]}
RESULT: undefined
COMMAND: POST /session/e188f796b0d140d16571c64576153b9b/execute/async - {"script":"<script> [21 bytes]","args":[{"selector":{"id":"rfm.programui::xRFMxCU_ProgramObjectPage--fe::FooterBar::StandardAction::Save","interaction":{"idSuffix":"BDI-content"}},"wdio_ui5_key":"rfmprogramui::xRFMxCU_ProgramObjectPage--fe::FooterBar::StandardAction::Save"}]}
RESULT: {"script":"<script> [21 bytes]","args":[{"selector":{"id":"rfm.programui::xRFMxCU_ProgramObjectPage--fe::FooterBar::StandardAction::Save","interaction":{"idSuffix":"BDI-content"}},"wdio_ui5_key":"rfmprogramui::xRFMxCU_ProgramObjectPage--fe::FooterBar::StandardAction::Save"}]}
RESULT: undefined
COMMAND: POST /session/e188f796b0d140d16571c64576153b9b/element - {"using":"xpath","value":"//*[@id=\"rfm.programui::xRFMxCU_ProgramObjectPage--fe::FooterBar::StandardAction::Save\"]"}
RESULT: {"using":"xpath","value":"//*[@id=\"rfm.programui::xRFMxCU_ProgramObjectPage--fe::FooterBar::StandardAction::Save\"]"}
COMMAND: POST /session/e188f796b0d140d16571c64576153b9b/element/f.FE2A874FF398F5F790D00BDFEBF7B178.d.15213F6915C2A70241C6F10EF54C0034.e.436/click - {}
RESULT: {}
COMMAND: POST /session/e188f796b0d140d16571c64576153b9b/execute/async - {"script":"<script> [21 bytes]","args":[{"selector":{"id":"rfm.programui::xRFMxCU_ProgramObjectPage--fe::HeaderFacet::Form::headerFieldsGP1::DataField::ProgramId::Field-content"},"wdio_ui5_key":"rfmprogramui::xRFMxCU_ProgramObjectPage--fe::HeaderFacet::Form::headerFieldsGP1::DataField::ProgramId::Field-content"}]}
COMMAND: GET /session/e188f796b0d140d16571c64576153b9b/screenshot - {}
RESULT: {"script":"<script> [21 bytes]","args":[{"selector":{"id":"rfm.programui::xRFMxCU_ProgramObjectPage--fe::HeaderFacet::Form::headerFieldsGP1::DataField::ProgramId::Field-content"},"wdio_ui5_key":"rfmprogramui::xRFMxCU_ProgramObjectPage--fe::HeaderFacet::Form::headerFieldsGP1::DataField::ProgramId::Field-content"}]}
RESULT: undefined
COMMAND: POST /session/e188f796b0d140d16571c64576153b9b/execute/async - {"script":"<script> [21 bytes]","args":[{"selector":{"id":"rfm.programui::xRFMxCU_ProgramObjectPage--fe::DataFieldForAction::com.sap.gateway.srvd.rfm.ui_program.v0001.Open::com.sap.gateway.srvd.rfm.ui_program.v0001.xRFMxCU_ProgramType","interaction":{"idSuffix":"BDI-content"}},"wdio_ui5_key":"rfmprogramui::xRFMxCU_ProgramObjectPage--fe::DataFieldForAction::com.sap.gateway.srvd.rfm.ui_program.v0001.Open::com.sap.gateway.srvd.rfm.ui_program.v0001.xRFMxCU_ProgramType"}]}
RESULT: {}
RESULT: {"script":"<script> [21 bytes]","args":[{"selector":{"id":"rfm.programui::xRFMxCU_ProgramObjectPage--fe::DataFieldForAction::com.sap.gateway.srvd.rfm.ui_program.v0001.Open::com.sap.gateway.srvd.rfm.ui_program.v0001.xRFMxCU_ProgramType","interaction":{"idSuffix":"BDI-content"}},"wdio_ui5_key":"rfmprogramui::xRFMxCU_ProgramObjectPage--fe::DataFieldForAction::com.sap.gateway.srvd.rfm.ui_program.v0001.Open::com.sap.gateway.srvd.rfm.ui_program.v0001.xRFMxCU_ProgramType"}]}
RESULT: undefined
COMMAND: POST /session/e188f796b0d140d16571c64576153b9b/element - {"using":"xpath","value":"//*[@id=\"rfm.programui::xRFMxCU_ProgramObjectPage--fe::DataFieldForAction::com.sap.gateway.srvd.rfm.ui_program.v0001.Open::com.sap.gateway.srvd.rfm.ui_program.v0001.xRFMxCU_ProgramType\"]"}
RESULT: {"using":"xpath","value":"//*[@id=\"rfm.programui::xRFMxCU_ProgramObjectPage--fe::DataFieldForAction::com.sap.gateway.srvd.rfm.ui_program.v0001.Open::com.sap.gateway.srvd.rfm.ui_program.v0001.xRFMxCU_ProgramType\"]"}
COMMAND: POST /session/e188f796b0d140d16571c64576153b9b/element/f.FE2A874FF398F5F790D00BDFEBF7B178.d.15213F6915C2A70241C6F10EF54C0034.e.364/click - {}
COMMAND: POST /session/e188f796b0d140d16571c64576153b9b/execute/async - {"script":"<script> [21 bytes]","args":[{"selector":{"controlType":"sap.m.Button","properties":{"text":"OK"},"searchOpenDialogs":true,"interaction":{"idSuffix":"BDI-content"}},"wdio_ui5_key":"sapm.Button{\"text\":\"OK\"}"}]}
RESULT: {"script":"<script> [21 bytes]","args":[{"selector":{"controlType":"sap.m.Button","properties":{"text":"OK"},"searchOpenDialogs":true,"interaction":{"idSuffix":"BDI-content"}},"wdio_ui5_key":"sapm.Button{\"text\":\"OK\"}"}]}
RESULT: undefined
COMMAND: POST /session/e188f796b0d140d16571c64576153b9b/execute/async - {"script":"<script> [21 bytes]","args":[{"selector":{"id":"backBtn"},"wdio_ui5_key":"backBtn"}]}
RESULT: {"script":"<script> [21 bytes]","args":[{"selector":{"id":"backBtn"},"wdio_ui5_key":"backBtn"}]}
RESULT: undefined
COMMAND: POST /session/e188f796b0d140d16571c64576153b9b/element - {"using":"xpath","value":"//*[@id=\"backBtn\"]"}
RESULT: {"using":"xpath","value":"//*[@id=\"backBtn\"]"}
COMMAND: POST /session/e188f796b0d140d16571c64576153b9b/element/f.FE2A874FF398F5F790D00BDFEBF7B178.d.15213F6915C2A70241C6F10EF54C0034.e.598/click - {}
COMMAND: POST /session/e188f796b0d140d16571c64576153b9b/element/f.FE2A874FF398F5F790D00BDFEBF7B178.d.15213F6915C2A70241C6F10EF54C0034.e.598/click - {}
COMMAND: GET /session/e188f796b0d140d16571c64576153b9b/screenshot - {}
]]></system-out>
    </testcase>
    <testcase classname="chrome.140_0_7339_208.windows.ABS_Tranches" name="Should create Transaction" time="24.376">
      <skipped/>
      <system-out><![CDATA[
COMMAND: POST /session/e188f796b0d140d16571c64576153b9b/execute/async - {"script":"<script> [21 bytes]","args":[{"selector":{"controlType":"sap.m.GenericTile","properties":{"header":"Funding Transaction"}},"wdio_ui5_key":"sapm.GenericTile{\"header\":\"Funding Transaction\"}"}]}
RESULT: {}
RESULT: {"script":"<script> [21 bytes]","args":[{"selector":{"controlType":"sap.m.GenericTile","properties":{"header":"Funding Transaction"}},"wdio_ui5_key":"sapm.GenericTile{\"header\":\"Funding Transaction\"}"}]}
RESULT: undefined
COMMAND: POST /session/e188f796b0d140d16571c64576153b9b/execute/async - {"script":"<script> [21 bytes]","args":[{"selector":{"id":"rfm.transactionui::xRFMxCU_TransactionList--fe::table::allTab::LineItem::StandardAction::Create","controlType":"sap.m.Button"},"wdio_ui5_key":"rfmtransactionui::xRFMxCU_TransactionList--fe::table::allTab::LineItem::StandardAction::Createsap.m.Button"}]}
RESULT: {"script":"<script> [21 bytes]","args":[{"selector":{"id":"rfm.transactionui::xRFMxCU_TransactionList--fe::table::allTab::LineItem::StandardAction::Create","controlType":"sap.m.Button"},"wdio_ui5_key":"rfmtransactionui::xRFMxCU_TransactionList--fe::table::allTab::LineItem::StandardAction::Createsap.m.Button"}]}
RESULT: undefined
COMMAND: POST /session/e188f796b0d140d16571c64576153b9b/execute/async - {"script":"<script> [21 bytes]","args":[{"selector":{"id":"CreateDialog::xRFMxCU_TransactionType::ProgramId-inner-vhi","searchOpenDialogs":true},"wdio_ui5_key":"CreateDialogxRFMxCU_TransactionType::ProgramId-inner-vhi"}]}
RESULT: {"script":"<script> [21 bytes]","args":[{"selector":{"id":"CreateDialog::xRFMxCU_TransactionType::ProgramId-inner-vhi","searchOpenDialogs":true},"wdio_ui5_key":"CreateDialogxRFMxCU_TransactionType::ProgramId-inner-vhi"}]}
RESULT: undefined
COMMAND: POST /session/e188f796b0d140d16571c64576153b9b/execute/async - {"script":"<script> [21 bytes]","args":[{"selector":{"id":"ProgramId::VH::Dialog::qualifier::-search-inner","searchOpenDialogs":true,"interaction":{"idSuffix":"I"}},"wdio_ui5_key":"ProgramIdVH::Dialog::qualifier::-search-inner"}]}
RESULT: {"script":"<script> [21 bytes]","args":[{"selector":{"id":"ProgramId::VH::Dialog::qualifier::-search-inner","searchOpenDialogs":true,"interaction":{"idSuffix":"I"}},"wdio_ui5_key":"ProgramIdVH::Dialog::qualifier::-search-inner"}]}
RESULT: undefined
COMMAND: POST /session/e188f796b0d140d16571c64576153b9b/execute/async - {"script":"<script> [21 bytes]","args":[{"selector":{"id":"ProgramId::VH::Dialog::qualifier::::Table-innerTable-rows-row0","searchOpenDialogs":true},"wdio_ui5_key":"ProgramIdVH::Dialog::qualifier::::Table-innerTable-rows-row0"}]}
RESULT: {"script":"<script> [21 bytes]","args":[{"selector":{"id":"ProgramId::VH::Dialog::qualifier::::Table-innerTable-rows-row0","searchOpenDialogs":true},"wdio_ui5_key":"ProgramIdVH::Dialog::qualifier::::Table-innerTable-rows-row0"}]}
RESULT: undefined
COMMAND: POST /session/e188f796b0d140d16571c64576153b9b/execute/async - {"script":"<script> [21 bytes]","args":[{"selector":{"id":"CreateDialog::xRFMxCU_TransactionType::FundingType-inner","searchOpenDialogs":true,"interaction":{"idSuffix":"inner"}},"wdio_ui5_key":"CreateDialogxRFMxCU_TransactionType::FundingType-inner"}]}
RESULT: {"script":"<script> [21 bytes]","args":[{"selector":{"id":"CreateDialog::xRFMxCU_TransactionType::FundingType-inner","searchOpenDialogs":true,"interaction":{"idSuffix":"inner"}},"wdio_ui5_key":"CreateDialogxRFMxCU_TransactionType::FundingType-inner"}]}
RESULT: undefined
COMMAND: POST /session/e188f796b0d140d16571c64576153b9b/execute/async - {"script":"<script> [21 bytes]","args":[{"selector":{"id":"CreateDialog::xRFMxCU_Transaction-footer","searchOpenDialogs":true},"wdio_ui5_key":"CreateDialogxRFMxCU_Transaction-footer"}]}
RESULT: {"script":"<script> [21 bytes]","args":[{"selector":{"id":"CreateDialog::xRFMxCU_Transaction-footer","searchOpenDialogs":true},"wdio_ui5_key":"CreateDialogxRFMxCU_Transaction-footer"}]}
RESULT: undefined
COMMAND: POST /session/e188f796b0d140d16571c64576153b9b/execute/async - {"script":"<script> [21 bytes]","args":[{"forceSelect":true,"selector":{"controlType":"sap.m.Button","viewName":"sap.fe.templates.ObjectPage.ObjectPage","viewId":"rfm.transactionui::xRFMxCU_TransactionObjectPage","properties":{"text":"Continue"},"searchOpenDialogs":true,"interaction":{"idSuffix":"BDI-content"}},"wdio_ui5_key":"sapfe.templates.ObjectPage.ObjectPagesap.m.Button{\"text\":\"Continue\"}"}]}
RESULT: {"script":"<script> [21 bytes]","args":[{"forceSelect":true,"selector":{"controlType":"sap.m.Button","viewName":"sap.fe.templates.ObjectPage.ObjectPage","viewId":"rfm.transactionui::xRFMxCU_TransactionObjectPage","properties":{"text":"Continue"},"searchOpenDialogs":true,"interaction":{"idSuffix":"BDI-content"}},"wdio_ui5_key":"sapfe.templates.ObjectPage.ObjectPagesap.m.Button{\"text\":\"Continue\"}"}]}
RESULT: undefined
COMMAND: POST /session/e188f796b0d140d16571c64576153b9b/execute/async - {"script":"<script> [21 bytes]","args":[{"selector":{"id":"rfm.transactionui::xRFMxCU_TransactionObjectPage--fe::CustomSubSection::CustomDetailsSection--fe::FormContainer::FieldGroup::Term::FormElement::DataField::AssetCashflowDateFrom::Field-edit","interaction":{"idSuffix":"inner"}},"wdio_ui5_key":"rfmtransactionui::xRFMxCU_TransactionObjectPage--fe::CustomSubSection::CustomDetailsSection--fe::FormContainer::FieldGroup::Term::FormElement::DataField::AssetCashflowDateFrom::Field-edit"}]}
RESULT: {"script":"<script> [21 bytes]","args":[{"selector":{"id":"rfm.transactionui::xRFMxCU_TransactionObjectPage--fe::CustomSubSection::CustomDetailsSection--fe::FormContainer::FieldGroup::Term::FormElement::DataField::AssetCashflowDateFrom::Field-edit","interaction":{"idSuffix":"inner"}},"wdio_ui5_key":"rfmtransactionui::xRFMxCU_TransactionObjectPage--fe::CustomSubSection::CustomDetailsSection--fe::FormContainer::FieldGroup::Term::FormElement::DataField::AssetCashflowDateFrom::Field-edit"}]}
RESULT: undefined
COMMAND: POST /session/e188f796b0d140d16571c64576153b9b/execute/async - {"script":"<script> [21 bytes]","args":[{"selector":{"id":"rfm.transactionui::xRFMxCU_TransactionObjectPage--fe::CustomSubSection::CustomDetailsSection--fe::FormContainer::FieldGroup::Term::FormElement::DataField::AssetCashflowDateTo::Field-edit","interaction":{"idSuffix":"inner"}},"wdio_ui5_key":"rfmtransactionui::xRFMxCU_TransactionObjectPage--fe::CustomSubSection::CustomDetailsSection--fe::FormContainer::FieldGroup::Term::FormElement::DataField::AssetCashflowDateTo::Field-edit"}]}
RESULT: {"script":"<script> [21 bytes]","args":[{"selector":{"id":"rfm.transactionui::xRFMxCU_TransactionObjectPage--fe::CustomSubSection::CustomDetailsSection--fe::FormContainer::FieldGroup::Term::FormElement::DataField::AssetCashflowDateTo::Field-edit","interaction":{"idSuffix":"inner"}},"wdio_ui5_key":"rfmtransactionui::xRFMxCU_TransactionObjectPage--fe::CustomSubSection::CustomDetailsSection--fe::FormContainer::FieldGroup::Term::FormElement::DataField::AssetCashflowDateTo::Field-edit"}]}
RESULT: undefined
COMMAND: POST /session/e188f796b0d140d16571c64576153b9b/execute/async - {"script":"<script> [21 bytes]","args":[{"selector":{"id":"rfm.transactionui::xRFMxCU_TransactionObjectPage--fe::ObjectPage-anchBar-rfm.transactionui::xRFMxCU_TransactionObjectPage--fe::EditableHeaderSection-anchor","interaction":{"idSuffix":"text"}},"wdio_ui5_key":"rfmtransactionui::xRFMxCU_TransactionObjectPage--fe::ObjectPage-anchBar-rfm.transactionui::xRFMxCU_TransactionObjectPage--fe::EditableHeaderSection-anchor"}]}
RESULT: {"script":"<script> [21 bytes]","args":[{"selector":{"id":"rfm.transactionui::xRFMxCU_TransactionObjectPage--fe::ObjectPage-anchBar-rfm.transactionui::xRFMxCU_TransactionObjectPage--fe::EditableHeaderSection-anchor","interaction":{"idSuffix":"text"}},"wdio_ui5_key":"rfmtransactionui::xRFMxCU_TransactionObjectPage--fe::ObjectPage-anchBar-rfm.transactionui::xRFMxCU_TransactionObjectPage--fe::EditableHeaderSection-anchor"}]}
RESULT: undefined
COMMAND: POST /session/e188f796b0d140d16571c64576153b9b/execute/async - {"script":"<script> [21 bytes]","args":[{"selector":{"id":"rfm.transactionui::xRFMxCU_TransactionObjectPage--fe::HeaderFacet::FormContainer::headerFieldsGP1::FormElement::DataField::Name::Field-edit","interaction":{"idSuffix":"inner"}},"wdio_ui5_key":"rfmtransactionui::xRFMxCU_TransactionObjectPage--fe::HeaderFacet::FormContainer::headerFieldsGP1::FormElement::DataField::Name::Field-edit"}]}
RESULT: {"script":"<script> [21 bytes]","args":[{"selector":{"id":"rfm.transactionui::xRFMxCU_TransactionObjectPage--fe::HeaderFacet::FormContainer::headerFieldsGP1::FormElement::DataField::Name::Field-edit","interaction":{"idSuffix":"inner"}},"wdio_ui5_key":"rfmtransactionui::xRFMxCU_TransactionObjectPage--fe::HeaderFacet::FormContainer::headerFieldsGP1::FormElement::DataField::Name::Field-edit"}]}
RESULT: undefined
COMMAND: POST /session/e188f796b0d140d16571c64576153b9b/execute/async - {"script":"<script> [21 bytes]","args":[{"selector":{"id":"rfm.transactionui::xRFMxCU_TransactionObjectPage--fe::HeaderFacet::FormContainer::headerFieldsGP1::FormElement::DataField::TransactionId::Field-display"},"wdio_ui5_key":"rfmtransactionui::xRFMxCU_TransactionObjectPage--fe::HeaderFacet::FormContainer::headerFieldsGP1::FormElement::DataField::TransactionId::Field-display"}]}
RESULT: {"script":"<script> [21 bytes]","args":[{"selector":{"id":"rfm.transactionui::xRFMxCU_TransactionObjectPage--fe::HeaderFacet::FormContainer::headerFieldsGP1::FormElement::DataField::TransactionId::Field-display"},"wdio_ui5_key":"rfmtransactionui::xRFMxCU_TransactionObjectPage--fe::HeaderFacet::FormContainer::headerFieldsGP1::FormElement::DataField::TransactionId::Field-display"}]}
RESULT: undefined
COMMAND: POST /session/e188f796b0d140d16571c64576153b9b/execute/async - {"script":"<script> [21 bytes]","args":[{"selector":{"id":"rfm.transactionui::xRFMxCU_TransactionObjectPage--fe::ObjectPage-anchBar-rfm.transactionui::xRFMxCU_TransactionObjectPage--fe::FacetSection::FundingScopeCollection-anchor"},"wdio_ui5_key":"rfmtransactionui::xRFMxCU_TransactionObjectPage--fe::ObjectPage-anchBar-rfm.transactionui::xRFMxCU_TransactionObjectPage--fe::FacetSection::FundingScopeCollection-anchor"}]}
RESULT: {"script":"<script> [21 bytes]","args":[{"selector":{"id":"rfm.transactionui::xRFMxCU_TransactionObjectPage--fe::ObjectPage-anchBar-rfm.transactionui::xRFMxCU_TransactionObjectPage--fe::FacetSection::FundingScopeCollection-anchor"},"wdio_ui5_key":"rfmtransactionui::xRFMxCU_TransactionObjectPage--fe::ObjectPage-anchBar-rfm.transactionui::xRFMxCU_TransactionObjectPage--fe::FacetSection::FundingScopeCollection-anchor"}]}
RESULT: undefined
COMMAND: POST /session/e188f796b0d140d16571c64576153b9b/execute/async - {"script":"<script> [21 bytes]","args":[{"selector":{"controlType":"sap.ui.mdc.field.FieldInput","viewName":"sap.fe.templates.ObjectPage.ObjectPage","viewId":"rfm.transactionui::xRFMxCU_TransactionObjectPage","bindingPath":{"path":"","propertyPath":"/conditions","modelName":"$field"},"ancestor":{"controlType":"sap.ui.mdc.Field","viewName":"sap.fe.templates.ObjectPage.ObjectPage","viewId":"rfm.transactionui::xRFMxCU_TransactionObjectPage","bindingPath":{"path":"/xRFMxCU_Transaction(TransactionId='undefined',IsActiveEntity=false)/_TransactionCFPart(TransactionId='undefined',CashFlowPartType='1',IsActiveEntity=false)","propertyPath":"__EntityControl/Updatable"}},"interaction":{"idSuffix":"inner"}},"wdio_ui5_key":"sapfe.templates.ObjectPage.ObjectPagesap.ui.mdc.field.FieldInput{\"path\":\"\",\"propertyPath\":\"/conditions\",\"modelName\":\"$field\"}{\"controlType\":\"sap.ui.mdc.Field\",\"viewName\":\"sap.fe.templates.ObjectPage.ObjectPage\",\"viewId\":\"rfm.transactionui::xRFMxCU_TransactionObjectPage\",\"bindingPath\":{\"path\":\"/xRFMxCU_Transaction(TransactionId='undefined',IsActiveEntity=false)/_TransactionCFPart(TransactionId='undefined',CashFlowPartType='1',IsActiveEntity=false)\",\"propertyPath\":\"__EntityControl/Updatable\"}}"}]}
RESULT: {"script":"<script> [21 bytes]","args":[{"selector":{"controlType":"sap.ui.mdc.field.FieldInput","viewName":"sap.fe.templates.ObjectPage.ObjectPage","viewId":"rfm.transactionui::xRFMxCU_TransactionObjectPage","bindingPath":{"path":"","propertyPath":"/conditions","modelName":"$field"},"ancestor":{"controlType":"sap.ui.mdc.Field","viewName":"sap.fe.templates.ObjectPage.ObjectPage","viewId":"rfm.transactionui::xRFMxCU_TransactionObjectPage","bindingPath":{"path":"/xRFMxCU_Transaction(TransactionId='undefined',IsActiveEntity=false)/_TransactionCFPart(TransactionId='undefined',CashFlowPartType='1',IsActiveEntity=false)","propertyPath":"__EntityControl/Updatable"}},"interaction":{"idSuffix":"inner"}},"wdio_ui5_key":"sapfe.templates.ObjectPage.ObjectPagesap.ui.mdc.field.FieldInput{\"path\":\"\",\"propertyPath\":\"/conditions\",\"modelName\":\"$field\"}{\"controlType\":\"sap.ui.mdc.Field\",\"viewName\":\"sap.fe.templates.ObjectPage.ObjectPage\",\"viewId\":\"rfm.transactionui::xRFMxCU_TransactionObjectPage\",\"bindingPath\":{\"path\":\"/xRFMxCU_Transaction(TransactionId='undefined',IsActiveEntity=false)/_TransactionCFPart(TransactionId='undefined',CashFlowPartType='1',IsActiveEntity=false)\",\"propertyPath\":\"__EntityControl/Updatable\"}}"}]}
RESULT: undefined
COMMAND: POST /session/e188f796b0d140d16571c64576153b9b/execute/async - {"script":"<script> [21 bytes]","args":[{"selector":{"id":"rfm.transactionui::xRFMxCU_TransactionObjectPage--fe::table::_TransactionCFPart::LineItem-innerTable-rows-row1","interaction":{"idSuffix":"col0"}},"wdio_ui5_key":"rfmtransactionui::xRFMxCU_TransactionObjectPage--fe::table::_TransactionCFPart::LineItem-innerTable-rows-row1"}]}
RESULT: {"script":"<script> [21 bytes]","args":[{"selector":{"id":"rfm.transactionui::xRFMxCU_TransactionObjectPage--fe::table::_TransactionCFPart::LineItem-innerTable-rows-row1","interaction":{"idSuffix":"col0"}},"wdio_ui5_key":"rfmtransactionui::xRFMxCU_TransactionObjectPage--fe::table::_TransactionCFPart::LineItem-innerTable-rows-row1"}]}
RESULT: undefined
COMMAND: POST /session/e188f796b0d140d16571c64576153b9b/execute/async - {"script":"<script> [21 bytes]","args":[{"forceSelect":true,"selector":{"controlType":"sap.ui.mdc.field.FieldInput","viewName":"sap.fe.templates.ObjectPage.ObjectPage","viewId":"rfm.transactionui::xRFMxCU_TransactionObjectPage","bindingPath":{"path":"","propertyPath":"/conditions","modelName":"$field"},"ancestor":{"controlType":"sap.ui.mdc.Field","viewName":"sap.fe.templates.ObjectPage.ObjectPage","viewId":"rfm.transactionui::xRFMxCU_TransactionObjectPage","bindingPath":{"path":"/xRFMxCU_Transaction(TransactionId='undefined',IsActiveEntity=false)/_TransactionCFPart(TransactionId='undefined',CashFlowPartType='2',IsActiveEntity=false)","propertyPath":"__EntityControl/Updatable"}},"interaction":{"idSuffix":"inner"}},"wdio_ui5_key":"sapfe.templates.ObjectPage.ObjectPagesap.ui.mdc.field.FieldInput{\"path\":\"\",\"propertyPath\":\"/conditions\",\"modelName\":\"$field\"}{\"controlType\":\"sap.ui.mdc.Field\",\"viewName\":\"sap.fe.templates.ObjectPage.ObjectPage\",\"viewId\":\"rfm.transactionui::xRFMxCU_TransactionObjectPage\",\"bindingPath\":{\"path\":\"/xRFMxCU_Transaction(TransactionId='undefined',IsActiveEntity=false)/_TransactionCFPart(TransactionId='undefined',CashFlowPartType='2',IsActiveEntity=false)\",\"propertyPath\":\"__EntityControl/Updatable\"}}"}]}
RESULT: {"script":"<script> [21 bytes]","args":[{"forceSelect":true,"selector":{"controlType":"sap.ui.mdc.field.FieldInput","viewName":"sap.fe.templates.ObjectPage.ObjectPage","viewId":"rfm.transactionui::xRFMxCU_TransactionObjectPage","bindingPath":{"path":"","propertyPath":"/conditions","modelName":"$field"},"ancestor":{"controlType":"sap.ui.mdc.Field","viewName":"sap.fe.templates.ObjectPage.ObjectPage","viewId":"rfm.transactionui::xRFMxCU_TransactionObjectPage","bindingPath":{"path":"/xRFMxCU_Transaction(TransactionId='undefined',IsActiveEntity=false)/_TransactionCFPart(TransactionId='undefined',CashFlowPartType='2',IsActiveEntity=false)","propertyPath":"__EntityControl/Updatable"}},"interaction":{"idSuffix":"inner"}},"wdio_ui5_key":"sapfe.templates.ObjectPage.ObjectPagesap.ui.mdc.field.FieldInput{\"path\":\"\",\"propertyPath\":\"/conditions\",\"modelName\":\"$field\"}{\"controlType\":\"sap.ui.mdc.Field\",\"viewName\":\"sap.fe.templates.ObjectPage.ObjectPage\",\"viewId\":\"rfm.transactionui::xRFMxCU_TransactionObjectPage\",\"bindingPath\":{\"path\":\"/xRFMxCU_Transaction(TransactionId='undefined',IsActiveEntity=false)/_TransactionCFPart(TransactionId='undefined',CashFlowPartType='2',IsActiveEntity=false)\",\"propertyPath\":\"__EntityControl/Updatable\"}}"}]}
RESULT: undefined
COMMAND: GET /session/e188f796b0d140d16571c64576153b9b/screenshot - {}
COMMAND: GET /session/e188f796b0d140d16571c64576153b9b/screenshot - {}
RESULT: {}
RESULT: {}
]]></system-out>
      <system-err><![CDATA[
Error: waitUntil condition failed with the following reason: fieldInput.getEditable is not a function
    at async Context.<anonymous> (D:\a\1\s\test\specs\ABS\ABSTranches.spec.js:471:18)
]]></system-err>
    </testcase>
    <testcase classname="chrome.140_0_7339_208.windows.ABS_Tranches" name="Should create Transaction" time="11.412">
      <failure/>
      <error message="waitUntil condition failed with the following reason: fieldInput.getEditable is not a function"/>
      <system-out><![CDATA[
RESULT: undefined
RESULT: undefined
RESULT: undefined
RESULT: undefined
RESULT: undefined
RESULT: undefined
RESULT: undefined
COMMAND: POST /session/e188f796b0d140d16571c64576153b9b/execute/async - {"script":"<script> [21 bytes]","args":[{"forceSelect":true,"selector":{"controlType":"sap.m.Button","viewName":"sap.fe.templates.ObjectPage.ObjectPage","viewId":"rfm.transactionui::xRFMxCU_TransactionObjectPage","properties":{"text":"Continue"},"searchOpenDialogs":true,"interaction":{"idSuffix":"BDI-content"}},"wdio_ui5_key":"sapfe.templates.ObjectPage.ObjectPagesap.m.Button{\"text\":\"Continue\"}"}]}
RESULT: {"script":"<script> [21 bytes]","args":[{"forceSelect":true,"selector":{"controlType":"sap.m.Button","viewName":"sap.fe.templates.ObjectPage.ObjectPage","viewId":"rfm.transactionui::xRFMxCU_TransactionObjectPage","properties":{"text":"Continue"},"searchOpenDialogs":true,"interaction":{"idSuffix":"BDI-content"}},"wdio_ui5_key":"sapfe.templates.ObjectPage.ObjectPagesap.m.Button{\"text\":\"Continue\"}"}]}
RESULT: undefined
RESULT: undefined
RESULT: undefined
RESULT: undefined
RESULT: undefined
RESULT: undefined
RESULT: undefined
RESULT: undefined
RESULT: undefined
COMMAND: POST /session/e188f796b0d140d16571c64576153b9b/execute/async - {"script":"<script> [21 bytes]","args":[{"forceSelect":true,"selector":{"controlType":"sap.ui.mdc.field.FieldInput","viewName":"sap.fe.templates.ObjectPage.ObjectPage","viewId":"rfm.transactionui::xRFMxCU_TransactionObjectPage","bindingPath":{"path":"","propertyPath":"/conditions","modelName":"$field"},"ancestor":{"controlType":"sap.ui.mdc.Field","viewName":"sap.fe.templates.ObjectPage.ObjectPage","viewId":"rfm.transactionui::xRFMxCU_TransactionObjectPage","bindingPath":{"path":"/xRFMxCU_Transaction(TransactionId='undefined',IsActiveEntity=false)/_TransactionCFPart(TransactionId='undefined',CashFlowPartType='2',IsActiveEntity=false)","propertyPath":"__EntityControl/Updatable"}},"interaction":{"idSuffix":"inner"}},"wdio_ui5_key":"sapfe.templates.ObjectPage.ObjectPagesap.ui.mdc.field.FieldInput{\"path\":\"\",\"propertyPath\":\"/conditions\",\"modelName\":\"$field\"}{\"controlType\":\"sap.ui.mdc.Field\",\"viewName\":\"sap.fe.templates.ObjectPage.ObjectPage\",\"viewId\":\"rfm.transactionui::xRFMxCU_TransactionObjectPage\",\"bindingPath\":{\"path\":\"/xRFMxCU_Transaction(TransactionId='undefined',IsActiveEntity=false)/_TransactionCFPart(TransactionId='undefined',CashFlowPartType='2',IsActiveEntity=false)\",\"propertyPath\":\"__EntityControl/Updatable\"}}"}]}
RESULT: {"script":"<script> [21 bytes]","args":[{"forceSelect":true,"selector":{"controlType":"sap.ui.mdc.field.FieldInput","viewName":"sap.fe.templates.ObjectPage.ObjectPage","viewId":"rfm.transactionui::xRFMxCU_TransactionObjectPage","bindingPath":{"path":"","propertyPath":"/conditions","modelName":"$field"},"ancestor":{"controlType":"sap.ui.mdc.Field","viewName":"sap.fe.templates.ObjectPage.ObjectPage","viewId":"rfm.transactionui::xRFMxCU_TransactionObjectPage","bindingPath":{"path":"/xRFMxCU_Transaction(TransactionId='undefined',IsActiveEntity=false)/_TransactionCFPart(TransactionId='undefined',CashFlowPartType='2',IsActiveEntity=false)","propertyPath":"__EntityControl/Updatable"}},"interaction":{"idSuffix":"inner"}},"wdio_ui5_key":"sapfe.templates.ObjectPage.ObjectPagesap.ui.mdc.field.FieldInput{\"path\":\"\",\"propertyPath\":\"/conditions\",\"modelName\":\"$field\"}{\"controlType\":\"sap.ui.mdc.Field\",\"viewName\":\"sap.fe.templates.ObjectPage.ObjectPage\",\"viewId\":\"rfm.transactionui::xRFMxCU_TransactionObjectPage\",\"bindingPath\":{\"path\":\"/xRFMxCU_Transaction(TransactionId='undefined',IsActiveEntity=false)/_TransactionCFPart(TransactionId='undefined',CashFlowPartType='2',IsActiveEntity=false)\",\"propertyPath\":\"__EntityControl/Updatable\"}}"}]}
RESULT: undefined
COMMAND: GET /session/e188f796b0d140d16571c64576153b9b/screenshot - {}
COMMAND: GET /session/e188f796b0d140d16571c64576153b9b/screenshot - {}
RESULT: {}
RESULT: {}
]]></system-out>
      <system-err><![CDATA[
Error: waitUntil condition failed with the following reason: fieldInput.getEditable is not a function
    at async Context.<anonymous> (D:\a\1\s\test\specs\ABS\ABSTranches.spec.js:471:18)
]]></system-err>
    </testcase>
    <testcase classname="chrome.140_0_7339_208.windows.ABS_Tranches" name="Should filter created Transaction" time="3.513">
      <system-out><![CDATA[
COMMAND: POST /session/e188f796b0d140d16571c64576153b9b/execute/async - {"script":"<script> [21 bytes]","args":[{"selector":{"controlType":"sap.m.GenericTile","properties":{"header":"ABS Tranches"}},"wdio_ui5_key":"sapm.GenericTile{\"header\":\"ABS Tranches\"}"}]}
COMMAND: GET /session/e188f796b0d140d16571c64576153b9b/screenshot - {}
RESULT: {}
RESULT: {"script":"<script> [21 bytes]","args":[{"selector":{"controlType":"sap.m.GenericTile","properties":{"header":"ABS Tranches"}},"wdio_ui5_key":"sapm.GenericTile{\"header\":\"ABS Tranches\"}"}]}
RESULT: undefined
COMMAND: POST /session/e188f796b0d140d16571c64576153b9b/execute/async - {"script":"<script> [21 bytes]","args":[{"selector":{"id":"rfm.trancheui::xRFMxCU_TranchesList--fe::FilterBar::xRFMxCU_Tranches::FilterField::TransactionId-inner","interaction":{"idSuffix":"inner"}},"wdio_ui5_key":"rfmtrancheui::xRFMxCU_TranchesList--fe::FilterBar::xRFMxCU_Tranches::FilterField::TransactionId-inner"}]}
RESULT: {"script":"<script> [21 bytes]","args":[{"selector":{"id":"rfm.trancheui::xRFMxCU_TranchesList--fe::FilterBar::xRFMxCU_Tranches::FilterField::TransactionId-inner","interaction":{"idSuffix":"inner"}},"wdio_ui5_key":"rfmtrancheui::xRFMxCU_TranchesList--fe::FilterBar::xRFMxCU_Tranches::FilterField::TransactionId-inner"}]}
RESULT: undefined
COMMAND: POST /session/e188f796b0d140d16571c64576153b9b/execute/async - {"script":"<script> [21 bytes]","args":[{"selector":{"id":"rfm.trancheui::xRFMxCU_TranchesList--fe::FilterBar::xRFMxCU_Tranches-btnSearch","interaction":{"idSuffix":"BDI-content"}},"wdio_ui5_key":"rfmtrancheui::xRFMxCU_TranchesList--fe::FilterBar::xRFMxCU_Tranches-btnSearch"}]}
RESULT: {"script":"<script> [21 bytes]","args":[{"selector":{"id":"rfm.trancheui::xRFMxCU_TranchesList--fe::FilterBar::xRFMxCU_Tranches-btnSearch","interaction":{"idSuffix":"BDI-content"}},"wdio_ui5_key":"rfmtrancheui::xRFMxCU_TranchesList--fe::FilterBar::xRFMxCU_Tranches-btnSearch"}]}
RESULT: undefined
COMMAND: POST /session/e188f796b0d140d16571c64576153b9b/execute/async - {"script":"<script> [21 bytes]","args":[{"selector":{"id":"rfm.trancheui::xRFMxCU_TranchesList--fe::table::allTab::LineItem-innerTable-rows-row0"},"wdio_ui5_key":"rfmtrancheui::xRFMxCU_TranchesList--fe::table::allTab::LineItem-innerTable-rows-row0"}]}
RESULT: {"script":"<script> [21 bytes]","args":[{"selector":{"id":"rfm.trancheui::xRFMxCU_TranchesList--fe::table::allTab::LineItem-innerTable-rows-row0"},"wdio_ui5_key":"rfmtrancheui::xRFMxCU_TranchesList--fe::table::allTab::LineItem-innerTable-rows-row0"}]}
RESULT: undefined
COMMAND: POST /session/e188f796b0d140d16571c64576153b9b/execute/async - {"script":"<script> [21 bytes]","args":[{"selector":{"controlType":"sap.m.Link","viewName":"sap.fe.templates.ListReport.ListReport","viewId":"rfm.trancheui::xRFMxCU_TranchesList","bindingPath":{"path":"/xRFMxCU_Tranches(TransactionId='undefined',IsActiveEntity=true)","propertyPath":"TransactionId"}},"wdio_ui5_key":"sapfe.templates.ListReport.ListReportsap.m.Link{\"path\":\"/xRFMxCU_Tranches(TransactionId='undefined',IsActiveEntity=true)\",\"propertyPath\":\"TransactionId\"}"}]}
RESULT: {"script":"<script> [21 bytes]","args":[{"selector":{"controlType":"sap.m.Link","viewName":"sap.fe.templates.ListReport.ListReport","viewId":"rfm.trancheui::xRFMxCU_TranchesList","bindingPath":{"path":"/xRFMxCU_Tranches(TransactionId='undefined',IsActiveEntity=true)","propertyPath":"TransactionId"}},"wdio_ui5_key":"sapfe.templates.ListReport.ListReportsap.m.Link{\"path\":\"/xRFMxCU_Tranches(TransactionId='undefined',IsActiveEntity=true)\",\"propertyPath\":\"TransactionId\"}"}]}
RESULT: undefined
COMMAND: POST /session/e188f796b0d140d16571c64576153b9b/execute/async - {"script":"<script> [21 bytes]","args":[{"forceSelect":true,"selector":{"controlType":"sap.ui.core.Icon","viewName":"sap.fe.templates.ListReport.ListReport","viewId":"rfm.trancheui::xRFMxCU_TranchesList","properties":{"src":{"regex":{"source":"navigation\\-right\\-arrow"}}}},"wdio_ui5_key":"sapfe.templates.ListReport.ListReportsap.ui.core.Icon{\"src\":{\"regex\":{\"source\":\"navigation\\\\-right\\\\-arrow\"}}}"}]}
RESULT: {"script":"<script> [21 bytes]","args":[{"forceSelect":true,"selector":{"controlType":"sap.ui.core.Icon","viewName":"sap.fe.templates.ListReport.ListReport","viewId":"rfm.trancheui::xRFMxCU_TranchesList","properties":{"src":{"regex":{"source":"navigation\\-right\\-arrow"}}}},"wdio_ui5_key":"sapfe.templates.ListReport.ListReportsap.ui.core.Icon{\"src\":{\"regex\":{\"source\":\"navigation\\\\-right\\\\-arrow\"}}}"}]}
RESULT: undefined
COMMAND: GET /session/e188f796b0d140d16571c64576153b9b/screenshot - {}
]]></system-out>
    </testcase>
    <testcase classname="chrome.140_0_7339_208.windows.ABS_Tranches" name="Should check creation of a Tranche" time="4.454">
      <skipped/>
      <system-out><![CDATA[
COMMAND: POST /session/e188f796b0d140d16571c64576153b9b/execute/async - {"script":"<script> [21 bytes]","args":[{"selector":{"id":"rfm.trancheui::xRFMxCU_TranchesObjectPage--fe::StandardAction::Edit","interaction":{"idSuffix":"BDI-content"}},"wdio_ui5_key":"rfmtrancheui::xRFMxCU_TranchesObjectPage--fe::StandardAction::Edit"}]}
RESULT: {}
RESULT: {"script":"<script> [21 bytes]","args":[{"selector":{"id":"rfm.trancheui::xRFMxCU_TranchesObjectPage--fe::StandardAction::Edit","interaction":{"idSuffix":"BDI-content"}},"wdio_ui5_key":"rfmtrancheui::xRFMxCU_TranchesObjectPage--fe::StandardAction::Edit"}]}
RESULT: undefined
COMMAND: POST /session/e188f796b0d140d16571c64576153b9b/execute/async - {"script":"<script> [21 bytes]","args":[{"selector":{"id":"rfm.trancheui::xRFMxCU_TranchesObjectPage--fe::table::_Tranche::LineItem::StandardAction::Create","interaction":{"idSuffix":"content"}},"wdio_ui5_key":"rfmtrancheui::xRFMxCU_TranchesObjectPage--fe::table::_Tranche::LineItem::StandardAction::Create"}]}
RESULT: {"script":"<script> [21 bytes]","args":[{"selector":{"id":"rfm.trancheui::xRFMxCU_TranchesObjectPage--fe::table::_Tranche::LineItem::StandardAction::Create","interaction":{"idSuffix":"content"}},"wdio_ui5_key":"rfmtrancheui::xRFMxCU_TranchesObjectPage--fe::table::_Tranche::LineItem::StandardAction::Create"}]}
RESULT: undefined
COMMAND: POST /session/e188f796b0d140d16571c64576153b9b/execute/async - {"script":"<script> [21 bytes]","args":[{"selector":{"id":"rfm.trancheui::xRFMxCU_Tranches__TrancheObjectPage--fe::FormContainer::FieldGroup::detailsFieldsGP1::FormElement::DataField::TrancheNumber::Field-edit","interaction":{"idSuffix":"inner"}},"wdio_ui5_key":"rfmtrancheui::xRFMxCU_Tranches__TrancheObjectPage--fe::FormContainer::FieldGroup::detailsFieldsGP1::FormElement::DataField::TrancheNumber::Field-edit"}]}
RESULT: {"script":"<script> [21 bytes]","args":[{"selector":{"id":"rfm.trancheui::xRFMxCU_Tranches__TrancheObjectPage--fe::FormContainer::FieldGroup::detailsFieldsGP1::FormElement::DataField::TrancheNumber::Field-edit","interaction":{"idSuffix":"inner"}},"wdio_ui5_key":"rfmtrancheui::xRFMxCU_Tranches__TrancheObjectPage--fe::FormContainer::FieldGroup::detailsFieldsGP1::FormElement::DataField::TrancheNumber::Field-edit"}]}
RESULT: undefined
COMMAND: POST /session/e188f796b0d140d16571c64576153b9b/execute/async - {"script":"<script> [21 bytes]","args":[{"selector":{"id":"rfm.trancheui::xRFMxCU_Tranches__TrancheObjectPage--fe::ObjectPage-anchBar-rfm.trancheui::xRFMxCU_Tranches__TrancheObjectPage--fe::FacetSection::Calculation-anchor"},"wdio_ui5_key":"rfmtrancheui::xRFMxCU_Tranches__TrancheObjectPage--fe::ObjectPage-anchBar-rfm.trancheui::xRFMxCU_Tranches__TrancheObjectPage--fe::FacetSection::Calculation-anchor"}]}
RESULT: {"script":"<script> [21 bytes]","args":[{"selector":{"id":"rfm.trancheui::xRFMxCU_Tranches__TrancheObjectPage--fe::ObjectPage-anchBar-rfm.trancheui::xRFMxCU_Tranches__TrancheObjectPage--fe::FacetSection::Calculation-anchor"},"wdio_ui5_key":"rfmtrancheui::xRFMxCU_Tranches__TrancheObjectPage--fe::ObjectPage-anchBar-rfm.trancheui::xRFMxCU_Tranches__TrancheObjectPage--fe::FacetSection::Calculation-anchor"}]}
RESULT: undefined
COMMAND: POST /session/e188f796b0d140d16571c64576153b9b/execute/async - {"script":"<script> [21 bytes]","args":[{"selector":{"id":"rfm.trancheui::xRFMxCU_Tranches__TrancheObjectPage--fe::FormContainer::Calculation::FormElement::DataField::ExcludeInterestFlag::Field-edit","interaction":{"idSuffix":"CbBg"}},"wdio_ui5_key":"rfmtrancheui::xRFMxCU_Tranches__TrancheObjectPage--fe::FormContainer::Calculation::FormElement::DataField::ExcludeInterestFlag::Field-edit"}]}
RESULT: {"script":"<script> [21 bytes]","args":[{"selector":{"id":"rfm.trancheui::xRFMxCU_Tranches__TrancheObjectPage--fe::FormContainer::Calculation::FormElement::DataField::ExcludeInterestFlag::Field-edit","interaction":{"idSuffix":"CbBg"}},"wdio_ui5_key":"rfmtrancheui::xRFMxCU_Tranches__TrancheObjectPage--fe::FormContainer::Calculation::FormElement::DataField::ExcludeInterestFlag::Field-edit"}]}
RESULT: undefined
COMMAND: POST /session/e188f796b0d140d16571c64576153b9b/execute/async - {"script":"<script> [21 bytes]","args":[{"forceSelect":true,"selector":{"id":"rfm.trancheui::xRFMxCU_Tranches__TrancheObjectPage--fe::FooterBar::StandardAction::Apply","interaction":{"idSuffix":"BDI-content"}},"wdio_ui5_key":"rfmtrancheui::xRFMxCU_Tranches__TrancheObjectPage--fe::FooterBar::StandardAction::Apply"}]}
RESULT: {"script":"<script> [21 bytes]","args":[{"forceSelect":true,"selector":{"id":"rfm.trancheui::xRFMxCU_Tranches__TrancheObjectPage--fe::FooterBar::StandardAction::Apply","interaction":{"idSuffix":"BDI-content"}},"wdio_ui5_key":"rfmtrancheui::xRFMxCU_Tranches__TrancheObjectPage--fe::FooterBar::StandardAction::Apply"}]}
RESULT: undefined
COMMAND: POST /session/e188f796b0d140d16571c64576153b9b/execute/async - {"script":"<script> [21 bytes]","args":[{"selector":{"id":"rfm.trancheui::xRFMxCU_TranchesObjectPage--fe::FooterBar::StandardAction::Save","interaction":{"idSuffix":"BDI-content"}},"wdio_ui5_key":"rfmtrancheui::xRFMxCU_TranchesObjectPage--fe::FooterBar::StandardAction::Save"}]}
RESULT: {"script":"<script> [21 bytes]","args":[{"selector":{"id":"rfm.trancheui::xRFMxCU_TranchesObjectPage--fe::FooterBar::StandardAction::Save","interaction":{"idSuffix":"BDI-content"}},"wdio_ui5_key":"rfmtrancheui::xRFMxCU_TranchesObjectPage--fe::FooterBar::StandardAction::Save"}]}
RESULT: undefined
COMMAND: POST /session/e188f796b0d140d16571c64576153b9b/execute/async - {"script":"<script> [21 bytes]","args":[{"selector":{"controlType":"sap.ui.core.Icon","viewName":"sap.fe.templates.ObjectPage.ObjectPage","viewId":"rfm.trancheui::xRFMxCU_TranchesObjectPage","properties":{"src":{"regex":{"source":"navigation\\-right\\-arrow"}}}},"wdio_ui5_key":"sapfe.templates.ObjectPage.ObjectPagesap.ui.core.Icon{\"src\":{\"regex\":{\"source\":\"navigation\\\\-right\\\\-arrow\"}}}"}]}
RESULT: {"script":"<script> [21 bytes]","args":[{"selector":{"controlType":"sap.ui.core.Icon","viewName":"sap.fe.templates.ObjectPage.ObjectPage","viewId":"rfm.trancheui::xRFMxCU_TranchesObjectPage","properties":{"src":{"regex":{"source":"navigation\\-right\\-arrow"}}}},"wdio_ui5_key":"sapfe.templates.ObjectPage.ObjectPagesap.ui.core.Icon{\"src\":{\"regex\":{\"source\":\"navigation\\\\-right\\\\-arrow\"}}}"}]}
RESULT: undefined
COMMAND: POST /session/e188f796b0d140d16571c64576153b9b/execute/async - {"script":"<script> [21 bytes]","args":[{"selector":{"id":"rfm.trancheui::xRFMxCU_Tranches__TrancheObjectPage--fe::HeaderFacet::Form::headerFieldsGP1::DataField::TrancheNumber::Field-content"},"wdio_ui5_key":"rfmtrancheui::xRFMxCU_Tranches__TrancheObjectPage--fe::HeaderFacet::Form::headerFieldsGP1::DataField::TrancheNumber::Field-content"}]}
RESULT: {"script":"<script> [21 bytes]","args":[{"selector":{"id":"rfm.trancheui::xRFMxCU_Tranches__TrancheObjectPage--fe::HeaderFacet::Form::headerFieldsGP1::DataField::TrancheNumber::Field-content"},"wdio_ui5_key":"rfmtrancheui::xRFMxCU_Tranches__TrancheObjectPage--fe::HeaderFacet::Form::headerFieldsGP1::DataField::TrancheNumber::Field-content"}]}
RESULT: undefined
COMMAND: GET /session/e188f796b0d140d16571c64576153b9b/screenshot - {}
COMMAND: GET /session/e188f796b0d140d16571c64576153b9b/screenshot - {}
RESULT: {}
]]></system-out>
      <system-err><![CDATA[
Error: expect(received).toEqual(expected) // deep equality

Expected: "99"
Received: undefined
    at Context.<anonymous> (D:\a\1\s\test\specs\ABS\ABSTranches.spec.js:706:54)
]]></system-err>
    </testcase>
    <testcase classname="chrome.140_0_7339_208.windows.ABS_Tranches" name="Should check creation of a Tranche" time="1.232">
      <failure/>
      <error message="expect(received).toEqual(expected) // deep equality&#xA;&#xA;Expected: &quot;99&quot;&#xA;Received: undefined"/>
      <system-out><![CDATA[
RESULT: undefined
RESULT: undefined
RESULT: undefined
RESULT: undefined
RESULT: undefined
COMMAND: POST /session/e188f796b0d140d16571c64576153b9b/execute/async - {"script":"<script> [21 bytes]","args":[{"forceSelect":true,"selector":{"id":"rfm.trancheui::xRFMxCU_Tranches__TrancheObjectPage--fe::FooterBar::StandardAction::Apply","interaction":{"idSuffix":"BDI-content"}},"wdio_ui5_key":"rfmtrancheui::xRFMxCU_Tranches__TrancheObjectPage--fe::FooterBar::StandardAction::Apply"}]}
RESULT: {}
RESULT: {"script":"<script> [21 bytes]","args":[{"forceSelect":true,"selector":{"id":"rfm.trancheui::xRFMxCU_Tranches__TrancheObjectPage--fe::FooterBar::StandardAction::Apply","interaction":{"idSuffix":"BDI-content"}},"wdio_ui5_key":"rfmtrancheui::xRFMxCU_Tranches__TrancheObjectPage--fe::FooterBar::StandardAction::Apply"}]}
RESULT: undefined
RESULT: undefined
RESULT: undefined
RESULT: undefined
COMMAND: GET /session/e188f796b0d140d16571c64576153b9b/screenshot - {}
COMMAND: GET /session/e188f796b0d140d16571c64576153b9b/screenshot - {}
RESULT: {}
]]></system-out>
      <system-err><![CDATA[
Error: expect(received).toEqual(expected) // deep equality

Expected: "99"
Received: undefined
    at Context.<anonymous> (D:\a\1\s\test\specs\ABS\ABSTranches.spec.js:706:54)
]]></system-err>
    </testcase>
    <testcase classname="chrome.140_0_7339_208.windows.ABS_Tranches" name="Should check navigation to Subledger" time="7.628">
      <system-out><![CDATA[
COMMAND: POST /session/e188f796b0d140d16571c64576153b9b/execute/async - {"script":"<script> [21 bytes]","args":[{"selector":{"id":"rfm.trancheui::xRFMxCU_Tranches__TrancheObjectPage--fe::ObjectPage-anchBar-rfm.trancheui::xRFMxCU_Tranches__TrancheObjectPage--fe::FacetSection::Details-anchor"},"wdio_ui5_key":"rfmtrancheui::xRFMxCU_Tranches__TrancheObjectPage--fe::ObjectPage-anchBar-rfm.trancheui::xRFMxCU_Tranches__TrancheObjectPage--fe::FacetSection::Details-anchor"}]}
COMMAND: GET /session/e188f796b0d140d16571c64576153b9b/screenshot - {}
RESULT: {}
RESULT: {"script":"<script> [21 bytes]","args":[{"selector":{"id":"rfm.trancheui::xRFMxCU_Tranches__TrancheObjectPage--fe::ObjectPage-anchBar-rfm.trancheui::xRFMxCU_Tranches__TrancheObjectPage--fe::FacetSection::Details-anchor"},"wdio_ui5_key":"rfmtrancheui::xRFMxCU_Tranches__TrancheObjectPage--fe::ObjectPage-anchBar-rfm.trancheui::xRFMxCU_Tranches__TrancheObjectPage--fe::FacetSection::Details-anchor"}]}
RESULT: undefined
COMMAND: POST /session/e188f796b0d140d16571c64576153b9b/execute/async - {"script":"<script> [21 bytes]","args":[{"selector":{"id":"rfm.trancheui::xRFMxCU_Tranches__TrancheObjectPage--fe::FormContainer::FieldGroup::detailsFieldsGP1::FormElement::DataField::TrancheId::Field-display"},"wdio_ui5_key":"rfmtrancheui::xRFMxCU_Tranches__TrancheObjectPage--fe::FormContainer::FieldGroup::detailsFieldsGP1::FormElement::DataField::TrancheId::Field-display"}]}
RESULT: {}
RESULT: {"script":"<script> [21 bytes]","args":[{"selector":{"id":"rfm.trancheui::xRFMxCU_Tranches__TrancheObjectPage--fe::FormContainer::FieldGroup::detailsFieldsGP1::FormElement::DataField::TrancheId::Field-display"},"wdio_ui5_key":"rfmtrancheui::xRFMxCU_Tranches__TrancheObjectPage--fe::FormContainer::FieldGroup::detailsFieldsGP1::FormElement::DataField::TrancheId::Field-display"}]}
RESULT: undefined
COMMAND: POST /session/e188f796b0d140d16571c64576153b9b/execute/async - {"script":"<script> [21 bytes]","args":[{"selector":{"id":"rfm.trancheui::xRFMxCU_Tranches__TrancheObjectPage--fe::DataFieldForIntentBasedNavigation::Subledger::Manage","interaction":{"idSuffix":"BDI-content"}},"wdio_ui5_key":"rfmtrancheui::xRFMxCU_Tranches__TrancheObjectPage--fe::DataFieldForIntentBasedNavigation::Subledger::Manage"}]}
RESULT: {"script":"<script> [21 bytes]","args":[{"selector":{"id":"rfm.trancheui::xRFMxCU_Tranches__TrancheObjectPage--fe::DataFieldForIntentBasedNavigation::Subledger::Manage","interaction":{"idSuffix":"BDI-content"}},"wdio_ui5_key":"rfmtrancheui::xRFMxCU_Tranches__TrancheObjectPage--fe::DataFieldForIntentBasedNavigation::Subledger::Manage"}]}
RESULT: undefined
COMMAND: GET /session/e188f796b0d140d16571c64576153b9b/url - {}
RESULT: {}
COMMAND: POST /session/e188f796b0d140d16571c64576153b9b/execute/async - {"script":"<script> [21 bytes]","args":[{"selector":{"controlType":"sap.m.Title","viewName":"sap.fe.templates.ObjectPage.ObjectPage","viewId":"rfm.subledgerui::SubledgerObjectPage","bindingPath":{"path":"/Subledger(null)","propertyPath":"OwnerId"}},"wdio_ui5_key":"sapfe.templates.ObjectPage.ObjectPagesap.m.Title{\"path\":\"/Subledger(null)\",\"propertyPath\":\"OwnerId\"}"}]}
COMMAND: GET /session/e188f796b0d140d16571c64576153b9b/screenshot - {}
RESULT: {"script":"<script> [21 bytes]","args":[{"selector":{"controlType":"sap.m.Title","viewName":"sap.fe.templates.ObjectPage.ObjectPage","viewId":"rfm.subledgerui::SubledgerObjectPage","bindingPath":{"path":"/Subledger(null)","propertyPath":"OwnerId"}},"wdio_ui5_key":"sapfe.templates.ObjectPage.ObjectPagesap.m.Title{\"path\":\"/Subledger(null)\",\"propertyPath\":\"OwnerId\"}"}]}
RESULT: undefined
RESULT: undefined
COMMAND: POST /session/e188f796b0d140d16571c64576153b9b/element - {"using":"xpath","value":"//*[@id=\"backBtn\"]"}
RESULT: {}
RESULT: {"using":"xpath","value":"//*[@id=\"backBtn\"]"}
COMMAND: POST /session/e188f796b0d140d16571c64576153b9b/element/f.FE2A874FF398F5F790D00BDFEBF7B178.d.15213F6915C2A70241C6F10EF54C0034.e.598/click - {}
COMMAND: GET /session/e188f796b0d140d16571c64576153b9b/screenshot - {}
]]></system-out>
    </testcase>
    <testcase classname="chrome.140_0_7339_208.windows.ABS_Tranches" name="Should check deletion of a Tranche" time="61.824">
      <skipped/>
      <system-out><![CDATA[
COMMAND: POST /session/e188f796b0d140d16571c64576153b9b/execute/async - {"script":"<script> [21 bytes]","args":[{"selector":{"id":"rfm.trancheui::xRFMxCU_Tranches__TrancheObjectPage--fe::FCLStandardAction::Close-img"},"wdio_ui5_key":"rfmtrancheui::xRFMxCU_Tranches__TrancheObjectPage--fe::FCLStandardAction::Close-img"}]}
RESULT: {}
RESULT: {"script":"<script> [21 bytes]","args":[{"selector":{"id":"rfm.trancheui::xRFMxCU_Tranches__TrancheObjectPage--fe::FCLStandardAction::Close-img"},"wdio_ui5_key":"rfmtrancheui::xRFMxCU_Tranches__TrancheObjectPage--fe::FCLStandardAction::Close-img"}]}
RESULT: undefined
COMMAND: POST /session/e188f796b0d140d16571c64576153b9b/execute/async - {"script":"<script> [21 bytes]","args":[{"forceSelect":true,"selector":{"id":"rfm.trancheui::xRFMxCU_TranchesObjectPage--fe::StandardAction::Edit","interaction":{"idSuffix":"BDI-content"}},"wdio_ui5_key":"rfmtrancheui::xRFMxCU_TranchesObjectPage--fe::StandardAction::Edit"}]}
RESULT: {"script":"<script> [21 bytes]","args":[{"forceSelect":true,"selector":{"id":"rfm.trancheui::xRFMxCU_TranchesObjectPage--fe::StandardAction::Edit","interaction":{"idSuffix":"BDI-content"}},"wdio_ui5_key":"rfmtrancheui::xRFMxCU_TranchesObjectPage--fe::StandardAction::Edit"}]}
RESULT: undefined
COMMAND: POST /session/e188f796b0d140d16571c64576153b9b/element - {"using":"css selector","value":"div[id='rfm.trancheui::xRFMxCU_TranchesObjectPage--fe::table::_Tranche::LineItem-innerTable-rowsel0']"}
RESULT: {"using":"css selector","value":"div[id='rfm.trancheui::xRFMxCU_TranchesObjectPage--fe::table::_Tranche::LineItem-innerTable-rowsel0']"}
COMMAND: POST /session/e188f796b0d140d16571c64576153b9b/elements - {"using":"css selector","value":"div[id='rfm.trancheui::xRFMxCU_TranchesObjectPage--fe::table::_Tranche::LineItem-innerTable-rowsel0']"}
RESULT: {"using":"css selector","value":"div[id='rfm.trancheui::xRFMxCU_TranchesObjectPage--fe::table::_Tranche::LineItem-innerTable-rowsel0']"}
COMMAND: POST /session/e188f796b0d140d16571c64576153b9b/elements - {"using":"css selector","value":"div[id='rfm.trancheui::xRFMxCU_TranchesObjectPage--fe::table::_Tranche::LineItem-innerTable-rowsel0']"}
RESULT: {"using":"css selector","value":"div[id='rfm.trancheui::xRFMxCU_TranchesObjectPage--fe::table::_Tranche::LineItem-innerTable-rowsel0']"}
COMMAND: POST /session/e188f796b0d140d16571c64576153b9b/elements - {"using":"css selector","value":"div[id='rfm.trancheui::xRFMxCU_TranchesObjectPage--fe::table::_Tranche::LineItem-innerTable-rowsel0']"}
RESULT: {"using":"css selector","value":"div[id='rfm.trancheui::xRFMxCU_TranchesObjectPage--fe::table::_Tranche::LineItem-innerTable-rowsel0']"}
COMMAND: POST /session/e188f796b0d140d16571c64576153b9b/elements - {"using":"css selector","value":"div[id='rfm.trancheui::xRFMxCU_TranchesObjectPage--fe::table::_Tranche::LineItem-innerTable-rowsel0']"}
RESULT: {"using":"css selector","value":"div[id='rfm.trancheui::xRFMxCU_TranchesObjectPage--fe::table::_Tranche::LineItem-innerTable-rowsel0']"}
COMMAND: POST /session/e188f796b0d140d16571c64576153b9b/elements - {"using":"css selector","value":"div[id='rfm.trancheui::xRFMxCU_TranchesObjectPage--fe::table::_Tranche::LineItem-innerTable-rowsel0']"}
RESULT: {"using":"css selector","value":"div[id='rfm.trancheui::xRFMxCU_TranchesObjectPage--fe::table::_Tranche::LineItem-innerTable-rowsel0']"}
COMMAND: POST /session/e188f796b0d140d16571c64576153b9b/elements - {"using":"css selector","value":"div[id='rfm.trancheui::xRFMxCU_TranchesObjectPage--fe::table::_Tranche::LineItem-innerTable-rowsel0']"}
RESULT: {"using":"css selector","value":"div[id='rfm.trancheui::xRFMxCU_TranchesObjectPage--fe::table::_Tranche::LineItem-innerTable-rowsel0']"}
COMMAND: POST /session/e188f796b0d140d16571c64576153b9b/elements - {"using":"css selector","value":"div[id='rfm.trancheui::xRFMxCU_TranchesObjectPage--fe::table::_Tranche::LineItem-innerTable-rowsel0']"}
RESULT: {"using":"css selector","value":"div[id='rfm.trancheui::xRFMxCU_TranchesObjectPage--fe::table::_Tranche::LineItem-innerTable-rowsel0']"}
COMMAND: POST /session/e188f796b0d140d16571c64576153b9b/elements - {"using":"css selector","value":"div[id='rfm.trancheui::xRFMxCU_TranchesObjectPage--fe::table::_Tranche::LineItem-innerTable-rowsel0']"}
RESULT: {"using":"css selector","value":"div[id='rfm.trancheui::xRFMxCU_TranchesObjectPage--fe::table::_Tranche::LineItem-innerTable-rowsel0']"}
COMMAND: POST /session/e188f796b0d140d16571c64576153b9b/elements - {"using":"css selector","value":"div[id='rfm.trancheui::xRFMxCU_TranchesObjectPage--fe::table::_Tranche::LineItem-innerTable-rowsel0']"}
RESULT: {"using":"css selector","value":"div[id='rfm.trancheui::xRFMxCU_TranchesObjectPage--fe::table::_Tranche::LineItem-innerTable-rowsel0']"}
COMMAND: POST /session/e188f796b0d140d16571c64576153b9b/elements - {"using":"css selector","value":"div[id='rfm.trancheui::xRFMxCU_TranchesObjectPage--fe::table::_Tranche::LineItem-innerTable-rowsel0']"}
RESULT: {"using":"css selector","value":"div[id='rfm.trancheui::xRFMxCU_TranchesObjectPage--fe::table::_Tranche::LineItem-innerTable-rowsel0']"}
COMMAND: POST /session/e188f796b0d140d16571c64576153b9b/elements - {"using":"css selector","value":"div[id='rfm.trancheui::xRFMxCU_TranchesObjectPage--fe::table::_Tranche::LineItem-innerTable-rowsel0']"}
RESULT: {"using":"css selector","value":"div[id='rfm.trancheui::xRFMxCU_TranchesObjectPage--fe::table::_Tranche::LineItem-innerTable-rowsel0']"}
COMMAND: POST /session/e188f796b0d140d16571c64576153b9b/elements - {"using":"css selector","value":"div[id='rfm.trancheui::xRFMxCU_TranchesObjectPage--fe::table::_Tranche::LineItem-innerTable-rowsel0']"}
RESULT: {"using":"css selector","value":"div[id='rfm.trancheui::xRFMxCU_TranchesObjectPage--fe::table::_Tranche::LineItem-innerTable-rowsel0']"}
COMMAND: POST /session/e188f796b0d140d16571c64576153b9b/elements - {"using":"css selector","value":"div[id='rfm.trancheui::xRFMxCU_TranchesObjectPage--fe::table::_Tranche::LineItem-innerTable-rowsel0']"}
RESULT: {"using":"css selector","value":"div[id='rfm.trancheui::xRFMxCU_TranchesObjectPage--fe::table::_Tranche::LineItem-innerTable-rowsel0']"}
COMMAND: POST /session/e188f796b0d140d16571c64576153b9b/elements - {"using":"css selector","value":"div[id='rfm.trancheui::xRFMxCU_TranchesObjectPage--fe::table::_Tranche::LineItem-innerTable-rowsel0']"}
RESULT: {"using":"css selector","value":"div[id='rfm.trancheui::xRFMxCU_TranchesObjectPage--fe::table::_Tranche::LineItem-innerTable-rowsel0']"}
COMMAND: POST /session/e188f796b0d140d16571c64576153b9b/elements - {"using":"css selector","value":"div[id='rfm.trancheui::xRFMxCU_TranchesObjectPage--fe::table::_Tranche::LineItem-innerTable-rowsel0']"}
RESULT: {"using":"css selector","value":"div[id='rfm.trancheui::xRFMxCU_TranchesObjectPage--fe::table::_Tranche::LineItem-innerTable-rowsel0']"}
COMMAND: POST /session/e188f796b0d140d16571c64576153b9b/elements - {"using":"css selector","value":"div[id='rfm.trancheui::xRFMxCU_TranchesObjectPage--fe::table::_Tranche::LineItem-innerTable-rowsel0']"}
RESULT: {"using":"css selector","value":"div[id='rfm.trancheui::xRFMxCU_TranchesObjectPage--fe::table::_Tranche::LineItem-innerTable-rowsel0']"}
COMMAND: POST /session/e188f796b0d140d16571c64576153b9b/elements - {"using":"css selector","value":"div[id='rfm.trancheui::xRFMxCU_TranchesObjectPage--fe::table::_Tranche::LineItem-innerTable-rowsel0']"}
RESULT: {"using":"css selector","value":"div[id='rfm.trancheui::xRFMxCU_TranchesObjectPage--fe::table::_Tranche::LineItem-innerTable-rowsel0']"}
COMMAND: POST /session/e188f796b0d140d16571c64576153b9b/elements - {"using":"css selector","value":"div[id='rfm.trancheui::xRFMxCU_TranchesObjectPage--fe::table::_Tranche::LineItem-innerTable-rowsel0']"}
RESULT: {"using":"css selector","value":"div[id='rfm.trancheui::xRFMxCU_TranchesObjectPage--fe::table::_Tranche::LineItem-innerTable-rowsel0']"}
COMMAND: POST /session/e188f796b0d140d16571c64576153b9b/elements - {"using":"css selector","value":"div[id='rfm.trancheui::xRFMxCU_TranchesObjectPage--fe::table::_Tranche::LineItem-innerTable-rowsel0']"}
RESULT: {"using":"css selector","value":"div[id='rfm.trancheui::xRFMxCU_TranchesObjectPage--fe::table::_Tranche::LineItem-innerTable-rowsel0']"}
COMMAND: POST /session/e188f796b0d140d16571c64576153b9b/elements - {"using":"css selector","value":"div[id='rfm.trancheui::xRFMxCU_TranchesObjectPage--fe::table::_Tranche::LineItem-innerTable-rowsel0']"}
RESULT: {"using":"css selector","value":"div[id='rfm.trancheui::xRFMxCU_TranchesObjectPage--fe::table::_Tranche::LineItem-innerTable-rowsel0']"}
COMMAND: POST /session/e188f796b0d140d16571c64576153b9b/elements - {"using":"css selector","value":"div[id='rfm.trancheui::xRFMxCU_TranchesObjectPage--fe::table::_Tranche::LineItem-innerTable-rowsel0']"}
RESULT: {"using":"css selector","value":"div[id='rfm.trancheui::xRFMxCU_TranchesObjectPage--fe::table::_Tranche::LineItem-innerTable-rowsel0']"}
COMMAND: POST /session/e188f796b0d140d16571c64576153b9b/elements - {"using":"css selector","value":"div[id='rfm.trancheui::xRFMxCU_TranchesObjectPage--fe::table::_Tranche::LineItem-innerTable-rowsel0']"}
RESULT: {"using":"css selector","value":"div[id='rfm.trancheui::xRFMxCU_TranchesObjectPage--fe::table::_Tranche::LineItem-innerTable-rowsel0']"}
COMMAND: POST /session/e188f796b0d140d16571c64576153b9b/elements - {"using":"css selector","value":"div[id='rfm.trancheui::xRFMxCU_TranchesObjectPage--fe::table::_Tranche::LineItem-innerTable-rowsel0']"}
RESULT: {"using":"css selector","value":"div[id='rfm.trancheui::xRFMxCU_TranchesObjectPage--fe::table::_Tranche::LineItem-innerTable-rowsel0']"}
COMMAND: POST /session/e188f796b0d140d16571c64576153b9b/elements - {"using":"css selector","value":"div[id='rfm.trancheui::xRFMxCU_TranchesObjectPage--fe::table::_Tranche::LineItem-innerTable-rowsel0']"}
RESULT: {"using":"css selector","value":"div[id='rfm.trancheui::xRFMxCU_TranchesObjectPage--fe::table::_Tranche::LineItem-innerTable-rowsel0']"}
COMMAND: POST /session/e188f796b0d140d16571c64576153b9b/elements - {"using":"css selector","value":"div[id='rfm.trancheui::xRFMxCU_TranchesObjectPage--fe::table::_Tranche::LineItem-innerTable-rowsel0']"}
RESULT: {"using":"css selector","value":"div[id='rfm.trancheui::xRFMxCU_TranchesObjectPage--fe::table::_Tranche::LineItem-innerTable-rowsel0']"}
COMMAND: POST /session/e188f796b0d140d16571c64576153b9b/elements - {"using":"css selector","value":"div[id='rfm.trancheui::xRFMxCU_TranchesObjectPage--fe::table::_Tranche::LineItem-innerTable-rowsel0']"}
RESULT: {"using":"css selector","value":"div[id='rfm.trancheui::xRFMxCU_TranchesObjectPage--fe::table::_Tranche::LineItem-innerTable-rowsel0']"}
COMMAND: POST /session/e188f796b0d140d16571c64576153b9b/elements - {"using":"css selector","value":"div[id='rfm.trancheui::xRFMxCU_TranchesObjectPage--fe::table::_Tranche::LineItem-innerTable-rowsel0']"}
RESULT: {"using":"css selector","value":"div[id='rfm.trancheui::xRFMxCU_TranchesObjectPage--fe::table::_Tranche::LineItem-innerTable-rowsel0']"}
COMMAND: POST /session/e188f796b0d140d16571c64576153b9b/elements - {"using":"css selector","value":"div[id='rfm.trancheui::xRFMxCU_TranchesObjectPage--fe::table::_Tranche::LineItem-innerTable-rowsel0']"}
RESULT: {"using":"css selector","value":"div[id='rfm.trancheui::xRFMxCU_TranchesObjectPage--fe::table::_Tranche::LineItem-innerTable-rowsel0']"}
COMMAND: POST /session/e188f796b0d140d16571c64576153b9b/elements - {"using":"css selector","value":"div[id='rfm.trancheui::xRFMxCU_TranchesObjectPage--fe::table::_Tranche::LineItem-innerTable-rowsel0']"}
RESULT: {"using":"css selector","value":"div[id='rfm.trancheui::xRFMxCU_TranchesObjectPage--fe::table::_Tranche::LineItem-innerTable-rowsel0']"}
COMMAND: POST /session/e188f796b0d140d16571c64576153b9b/elements - {"using":"css selector","value":"div[id='rfm.trancheui::xRFMxCU_TranchesObjectPage--fe::table::_Tranche::LineItem-innerTable-rowsel0']"}
[...]
COMMAND: POST /session/e188f796b0d140d16571c64576153b9b/elements - {"using":"css selector","value":"div[id='rfm.trancheui::xRFMxCU_TranchesObjectPage--fe::table::_Tranche::LineItem-innerTable-rowsel0']"}
RESULT: {"using":"css selector","value":"div[id='rfm.trancheui::xRFMxCU_TranchesObjectPage--fe::table::_Tranche::LineItem-innerTable-rowsel0']"}
COMMAND: POST /session/e188f796b0d140d16571c64576153b9b/elements - {"using":"css selector","value":"div[id='rfm.trancheui::xRFMxCU_TranchesObjectPage--fe::table::_Tranche::LineItem-innerTable-rowsel0']"}
RESULT: {"using":"css selector","value":"div[id='rfm.trancheui::xRFMxCU_TranchesObjectPage--fe::table::_Tranche::LineItem-innerTable-rowsel0']"}
COMMAND: POST /session/e188f796b0d140d16571c64576153b9b/elements - {"using":"css selector","value":"div[id='rfm.trancheui::xRFMxCU_TranchesObjectPage--fe::table::_Tranche::LineItem-innerTable-rowsel0']"}
RESULT: {"using":"css selector","value":"div[id='rfm.trancheui::xRFMxCU_TranchesObjectPage--fe::table::_Tranche::LineItem-innerTable-rowsel0']"}
COMMAND: POST /session/e188f796b0d140d16571c64576153b9b/elements - {"using":"css selector","value":"div[id='rfm.trancheui::xRFMxCU_TranchesObjectPage--fe::table::_Tranche::LineItem-innerTable-rowsel0']"}
RESULT: {"using":"css selector","value":"div[id='rfm.trancheui::xRFMxCU_TranchesObjectPage--fe::table::_Tranche::LineItem-innerTable-rowsel0']"}
COMMAND: POST /session/e188f796b0d140d16571c64576153b9b/elements - {"using":"css selector","value":"div[id='rfm.trancheui::xRFMxCU_TranchesObjectPage--fe::table::_Tranche::LineItem-innerTable-rowsel0']"}
RESULT: {"using":"css selector","value":"div[id='rfm.trancheui::xRFMxCU_TranchesObjectPage--fe::table::_Tranche::LineItem-innerTable-rowsel0']"}
COMMAND: POST /session/e188f796b0d140d16571c64576153b9b/elements - {"using":"css selector","value":"div[id='rfm.trancheui::xRFMxCU_TranchesObjectPage--fe::table::_Tranche::LineItem-innerTable-rowsel0']"}
RESULT: {"using":"css selector","value":"div[id='rfm.trancheui::xRFMxCU_TranchesObjectPage--fe::table::_Tranche::LineItem-innerTable-rowsel0']"}
COMMAND: POST /session/e188f796b0d140d16571c64576153b9b/elements - {"using":"css selector","value":"div[id='rfm.trancheui::xRFMxCU_TranchesObjectPage--fe::table::_Tranche::LineItem-innerTable-rowsel0']"}
RESULT: {"using":"css selector","value":"div[id='rfm.trancheui::xRFMxCU_TranchesObjectPage--fe::table::_Tranche::LineItem-innerTable-rowsel0']"}
COMMAND: POST /session/e188f796b0d140d16571c64576153b9b/elements - {"using":"css selector","value":"div[id='rfm.trancheui::xRFMxCU_TranchesObjectPage--fe::table::_Tranche::LineItem-innerTable-rowsel0']"}
RESULT: {"using":"css selector","value":"div[id='rfm.trancheui::xRFMxCU_TranchesObjectPage--fe::table::_Tranche::LineItem-innerTable-rowsel0']"}
COMMAND: POST /session/e188f796b0d140d16571c64576153b9b/elements - {"using":"css selector","value":"div[id='rfm.trancheui::xRFMxCU_TranchesObjectPage--fe::table::_Tranche::LineItem-innerTable-rowsel0']"}
RESULT: {"using":"css selector","value":"div[id='rfm.trancheui::xRFMxCU_TranchesObjectPage--fe::table::_Tranche::LineItem-innerTable-rowsel0']"}
COMMAND: POST /session/e188f796b0d140d16571c64576153b9b/elements - {"using":"css selector","value":"div[id='rfm.trancheui::xRFMxCU_TranchesObjectPage--fe::table::_Tranche::LineItem-innerTable-rowsel0']"}
RESULT: {"using":"css selector","value":"div[id='rfm.trancheui::xRFMxCU_TranchesObjectPage--fe::table::_Tranche::LineItem-innerTable-rowsel0']"}
COMMAND: POST /session/e188f796b0d140d16571c64576153b9b/elements - {"using":"css selector","value":"div[id='rfm.trancheui::xRFMxCU_TranchesObjectPage--fe::table::_Tranche::LineItem-innerTable-rowsel0']"}
RESULT: {"using":"css selector","value":"div[id='rfm.trancheui::xRFMxCU_TranchesObjectPage--fe::table::_Tranche::LineItem-innerTable-rowsel0']"}
COMMAND: POST /session/e188f796b0d140d16571c64576153b9b/elements - {"using":"css selector","value":"div[id='rfm.trancheui::xRFMxCU_TranchesObjectPage--fe::table::_Tranche::LineItem-innerTable-rowsel0']"}
RESULT: {"using":"css selector","value":"div[id='rfm.trancheui::xRFMxCU_TranchesObjectPage--fe::table::_Tranche::LineItem-innerTable-rowsel0']"}
COMMAND: POST /session/e188f796b0d140d16571c64576153b9b/elements - {"using":"css selector","value":"div[id='rfm.trancheui::xRFMxCU_TranchesObjectPage--fe::table::_Tranche::LineItem-innerTable-rowsel0']"}
RESULT: {"using":"css selector","value":"div[id='rfm.trancheui::xRFMxCU_TranchesObjectPage--fe::table::_Tranche::LineItem-innerTable-rowsel0']"}
COMMAND: POST /session/e188f796b0d140d16571c64576153b9b/elements - {"using":"css selector","value":"div[id='rfm.trancheui::xRFMxCU_TranchesObjectPage--fe::table::_Tranche::LineItem-innerTable-rowsel0']"}
RESULT: {"using":"css selector","value":"div[id='rfm.trancheui::xRFMxCU_TranchesObjectPage--fe::table::_Tranche::LineItem-innerTable-rowsel0']"}
COMMAND: POST /session/e188f796b0d140d16571c64576153b9b/elements - {"using":"css selector","value":"div[id='rfm.trancheui::xRFMxCU_TranchesObjectPage--fe::table::_Tranche::LineItem-innerTable-rowsel0']"}
RESULT: {"using":"css selector","value":"div[id='rfm.trancheui::xRFMxCU_TranchesObjectPage--fe::table::_Tranche::LineItem-innerTable-rowsel0']"}
COMMAND: POST /session/e188f796b0d140d16571c64576153b9b/elements - {"using":"css selector","value":"div[id='rfm.trancheui::xRFMxCU_TranchesObjectPage--fe::table::_Tranche::LineItem-innerTable-rowsel0']"}
RESULT: {"using":"css selector","value":"div[id='rfm.trancheui::xRFMxCU_TranchesObjectPage--fe::table::_Tranche::LineItem-innerTable-rowsel0']"}
COMMAND: POST /session/e188f796b0d140d16571c64576153b9b/elements - {"using":"css selector","value":"div[id='rfm.trancheui::xRFMxCU_TranchesObjectPage--fe::table::_Tranche::LineItem-innerTable-rowsel0']"}
RESULT: {"using":"css selector","value":"div[id='rfm.trancheui::xRFMxCU_TranchesObjectPage--fe::table::_Tranche::LineItem-innerTable-rowsel0']"}
COMMAND: POST /session/e188f796b0d140d16571c64576153b9b/elements - {"using":"css selector","value":"div[id='rfm.trancheui::xRFMxCU_TranchesObjectPage--fe::table::_Tranche::LineItem-innerTable-rowsel0']"}
RESULT: {"using":"css selector","value":"div[id='rfm.trancheui::xRFMxCU_TranchesObjectPage--fe::table::_Tranche::LineItem-innerTable-rowsel0']"}
COMMAND: POST /session/e188f796b0d140d16571c64576153b9b/elements - {"using":"css selector","value":"div[id='rfm.trancheui::xRFMxCU_TranchesObjectPage--fe::table::_Tranche::LineItem-innerTable-rowsel0']"}
RESULT: {"using":"css selector","value":"div[id='rfm.trancheui::xRFMxCU_TranchesObjectPage--fe::table::_Tranche::LineItem-innerTable-rowsel0']"}
COMMAND: POST /session/e188f796b0d140d16571c64576153b9b/elements - {"using":"css selector","value":"div[id='rfm.trancheui::xRFMxCU_TranchesObjectPage--fe::table::_Tranche::LineItem-innerTable-rowsel0']"}
RESULT: {"using":"css selector","value":"div[id='rfm.trancheui::xRFMxCU_TranchesObjectPage--fe::table::_Tranche::LineItem-innerTable-rowsel0']"}
COMMAND: POST /session/e188f796b0d140d16571c64576153b9b/elements - {"using":"css selector","value":"div[id='rfm.trancheui::xRFMxCU_TranchesObjectPage--fe::table::_Tranche::LineItem-innerTable-rowsel0']"}
RESULT: {"using":"css selector","value":"div[id='rfm.trancheui::xRFMxCU_TranchesObjectPage--fe::table::_Tranche::LineItem-innerTable-rowsel0']"}
COMMAND: POST /session/e188f796b0d140d16571c64576153b9b/elements - {"using":"css selector","value":"div[id='rfm.trancheui::xRFMxCU_TranchesObjectPage--fe::table::_Tranche::LineItem-innerTable-rowsel0']"}
RESULT: {"using":"css selector","value":"div[id='rfm.trancheui::xRFMxCU_TranchesObjectPage--fe::table::_Tranche::LineItem-innerTable-rowsel0']"}
COMMAND: POST /session/e188f796b0d140d16571c64576153b9b/elements - {"using":"css selector","value":"div[id='rfm.trancheui::xRFMxCU_TranchesObjectPage--fe::table::_Tranche::LineItem-innerTable-rowsel0']"}
RESULT: {"using":"css selector","value":"div[id='rfm.trancheui::xRFMxCU_TranchesObjectPage--fe::table::_Tranche::LineItem-innerTable-rowsel0']"}
COMMAND: POST /session/e188f796b0d140d16571c64576153b9b/elements - {"using":"css selector","value":"div[id='rfm.trancheui::xRFMxCU_TranchesObjectPage--fe::table::_Tranche::LineItem-innerTable-rowsel0']"}
RESULT: {"using":"css selector","value":"div[id='rfm.trancheui::xRFMxCU_TranchesObjectPage--fe::table::_Tranche::LineItem-innerTable-rowsel0']"}
COMMAND: POST /session/e188f796b0d140d16571c64576153b9b/elements - {"using":"css selector","value":"div[id='rfm.trancheui::xRFMxCU_TranchesObjectPage--fe::table::_Tranche::LineItem-innerTable-rowsel0']"}
RESULT: {"using":"css selector","value":"div[id='rfm.trancheui::xRFMxCU_TranchesObjectPage--fe::table::_Tranche::LineItem-innerTable-rowsel0']"}
COMMAND: POST /session/e188f796b0d140d16571c64576153b9b/elements - {"using":"css selector","value":"div[id='rfm.trancheui::xRFMxCU_TranchesObjectPage--fe::table::_Tranche::LineItem-innerTable-rowsel0']"}
RESULT: {"using":"css selector","value":"div[id='rfm.trancheui::xRFMxCU_TranchesObjectPage--fe::table::_Tranche::LineItem-innerTable-rowsel0']"}
COMMAND: POST /session/e188f796b0d140d16571c64576153b9b/elements - {"using":"css selector","value":"div[id='rfm.trancheui::xRFMxCU_TranchesObjectPage--fe::table::_Tranche::LineItem-innerTable-rowsel0']"}
RESULT: {"using":"css selector","value":"div[id='rfm.trancheui::xRFMxCU_TranchesObjectPage--fe::table::_Tranche::LineItem-innerTable-rowsel0']"}
COMMAND: POST /session/e188f796b0d140d16571c64576153b9b/elements - {"using":"css selector","value":"div[id='rfm.trancheui::xRFMxCU_TranchesObjectPage--fe::table::_Tranche::LineItem-innerTable-rowsel0']"}
RESULT: {"using":"css selector","value":"div[id='rfm.trancheui::xRFMxCU_TranchesObjectPage--fe::table::_Tranche::LineItem-innerTable-rowsel0']"}
COMMAND: POST /session/e188f796b0d140d16571c64576153b9b/elements - {"using":"css selector","value":"div[id='rfm.trancheui::xRFMxCU_TranchesObjectPage--fe::table::_Tranche::LineItem-innerTable-rowsel0']"}
RESULT: {"using":"css selector","value":"div[id='rfm.trancheui::xRFMxCU_TranchesObjectPage--fe::table::_Tranche::LineItem-innerTable-rowsel0']"}
COMMAND: POST /session/e188f796b0d140d16571c64576153b9b/elements - {"using":"css selector","value":"div[id='rfm.trancheui::xRFMxCU_TranchesObjectPage--fe::table::_Tranche::LineItem-innerTable-rowsel0']"}
RESULT: {"using":"css selector","value":"div[id='rfm.trancheui::xRFMxCU_TranchesObjectPage--fe::table::_Tranche::LineItem-innerTable-rowsel0']"}
COMMAND: POST /session/e188f796b0d140d16571c64576153b9b/elements - {"using":"css selector","value":"div[id='rfm.trancheui::xRFMxCU_TranchesObjectPage--fe::table::_Tranche::LineItem-innerTable-rowsel0']"}
RESULT: {"using":"css selector","value":"div[id='rfm.trancheui::xRFMxCU_TranchesObjectPage--fe::table::_Tranche::LineItem-innerTable-rowsel0']"}
COMMAND: POST /session/e188f796b0d140d16571c64576153b9b/elements - {"using":"css selector","value":"div[id='rfm.trancheui::xRFMxCU_TranchesObjectPage--fe::table::_Tranche::LineItem-innerTable-rowsel0']"}
RESULT: {"using":"css selector","value":"div[id='rfm.trancheui::xRFMxCU_TranchesObjectPage--fe::table::_Tranche::LineItem-innerTable-rowsel0']"}
COMMAND: POST /session/e188f796b0d140d16571c64576153b9b/elements - {"using":"css selector","value":"div[id='rfm.trancheui::xRFMxCU_TranchesObjectPage--fe::table::_Tranche::LineItem-innerTable-rowsel0']"}
RESULT: {"using":"css selector","value":"div[id='rfm.trancheui::xRFMxCU_TranchesObjectPage--fe::table::_Tranche::LineItem-innerTable-rowsel0']"}
COMMAND: POST /session/e188f796b0d140d16571c64576153b9b/elements - {"using":"css selector","value":"div[id='rfm.trancheui::xRFMxCU_TranchesObjectPage--fe::table::_Tranche::LineItem-innerTable-rowsel0']"}
RESULT: {"using":"css selector","value":"div[id='rfm.trancheui::xRFMxCU_TranchesObjectPage--fe::table::_Tranche::LineItem-innerTable-rowsel0']"}
COMMAND: POST /session/e188f796b0d140d16571c64576153b9b/elements - {"using":"css selector","value":"div[id='rfm.trancheui::xRFMxCU_TranchesObjectPage--fe::table::_Tranche::LineItem-innerTable-rowsel0']"}
RESULT: {"using":"css selector","value":"div[id='rfm.trancheui::xRFMxCU_TranchesObjectPage--fe::table::_Tranche::LineItem-innerTable-rowsel0']"}
COMMAND: POST /session/e188f796b0d140d16571c64576153b9b/elements - {"using":"css selector","value":"div[id='rfm.trancheui::xRFMxCU_TranchesObjectPage--fe::table::_Tranche::LineItem-innerTable-rowsel0']"}
RESULT: {"using":"css selector","value":"div[id='rfm.trancheui::xRFMxCU_TranchesObjectPage--fe::table::_Tranche::LineItem-innerTable-rowsel0']"}
COMMAND: POST /session/e188f796b0d140d16571c64576153b9b/elements - {"using":"css selector","value":"div[id='rfm.trancheui::xRFMxCU_TranchesObjectPage--fe::table::_Tranche::LineItem-innerTable-rowsel0']"}
RESULT: {"using":"css selector","value":"div[id='rfm.trancheui::xRFMxCU_TranchesObjectPage--fe::table::_Tranche::LineItem-innerTable-rowsel0']"}
COMMAND: POST /session/e188f796b0d140d16571c64576153b9b/elements - {"using":"css selector","value":"div[id='rfm.trancheui::xRFMxCU_TranchesObjectPage--fe::table::_Tranche::LineItem-innerTable-rowsel0']"}
RESULT: {"using":"css selector","value":"div[id='rfm.trancheui::xRFMxCU_TranchesObjectPage--fe::table::_Tranche::LineItem-innerTable-rowsel0']"}
COMMAND: POST /session/e188f796b0d140d16571c64576153b9b/elements - {"using":"css selector","value":"div[id='rfm.trancheui::xRFMxCU_TranchesObjectPage--fe::table::_Tranche::LineItem-innerTable-rowsel0']"}
RESULT: {"using":"css selector","value":"div[id='rfm.trancheui::xRFMxCU_TranchesObjectPage--fe::table::_Tranche::LineItem-innerTable-rowsel0']"}
COMMAND: POST /session/e188f796b0d140d16571c64576153b9b/elements - {"using":"css selector","value":"div[id='rfm.trancheui::xRFMxCU_TranchesObjectPage--fe::table::_Tranche::LineItem-innerTable-rowsel0']"}
RESULT: {"using":"css selector","value":"div[id='rfm.trancheui::xRFMxCU_TranchesObjectPage--fe::table::_Tranche::LineItem-innerTable-rowsel0']"}
COMMAND: POST /session/e188f796b0d140d16571c64576153b9b/elements - {"using":"css selector","value":"div[id='rfm.trancheui::xRFMxCU_TranchesObjectPage--fe::table::_Tranche::LineItem-innerTable-rowsel0']"}
RESULT: {"using":"css selector","value":"div[id='rfm.trancheui::xRFMxCU_TranchesObjectPage--fe::table::_Tranche::LineItem-innerTable-rowsel0']"}
COMMAND: POST /session/e188f796b0d140d16571c64576153b9b/elements - {"using":"css selector","value":"div[id='rfm.trancheui::xRFMxCU_TranchesObjectPage--fe::table::_Tranche::LineItem-innerTable-rowsel0']"}
RESULT: {"using":"css selector","value":"div[id='rfm.trancheui::xRFMxCU_TranchesObjectPage--fe::table::_Tranche::LineItem-innerTable-rowsel0']"}
COMMAND: POST /session/e188f796b0d140d16571c64576153b9b/elements - {"using":"css selector","value":"div[id='rfm.trancheui::xRFMxCU_TranchesObjectPage--fe::table::_Tranche::LineItem-innerTable-rowsel0']"}
RESULT: {"using":"css selector","value":"div[id='rfm.trancheui::xRFMxCU_TranchesObjectPage--fe::table::_Tranche::LineItem-innerTable-rowsel0']"}
COMMAND: POST /session/e188f796b0d140d16571c64576153b9b/elements - {"using":"css selector","value":"div[id='rfm.trancheui::xRFMxCU_TranchesObjectPage--fe::table::_Tranche::LineItem-innerTable-rowsel0']"}
RESULT: {"using":"css selector","value":"div[id='rfm.trancheui::xRFMxCU_TranchesObjectPage--fe::table::_Tranche::LineItem-innerTable-rowsel0']"}
COMMAND: POST /session/e188f796b0d140d16571c64576153b9b/elements - {"using":"css selector","value":"div[id='rfm.trancheui::xRFMxCU_TranchesObjectPage--fe::table::_Tranche::LineItem-innerTable-rowsel0']"}
RESULT: {"using":"css selector","value":"div[id='rfm.trancheui::xRFMxCU_TranchesObjectPage--fe::table::_Tranche::LineItem-innerTable-rowsel0']"}
COMMAND: POST /session/e188f796b0d140d16571c64576153b9b/elements - {"using":"css selector","value":"div[id='rfm.trancheui::xRFMxCU_TranchesObjectPage--fe::table::_Tranche::LineItem-innerTable-rowsel0']"}
RESULT: {"using":"css selector","value":"div[id='rfm.trancheui::xRFMxCU_TranchesObjectPage--fe::table::_Tranche::LineItem-innerTable-rowsel0']"}
COMMAND: POST /session/e188f796b0d140d16571c64576153b9b/elements - {"using":"css selector","value":"div[id='rfm.trancheui::xRFMxCU_TranchesObjectPage--fe::table::_Tranche::LineItem-innerTable-rowsel0']"}
RESULT: {"using":"css selector","value":"div[id='rfm.trancheui::xRFMxCU_TranchesObjectPage--fe::table::_Tranche::LineItem-innerTable-rowsel0']"}
COMMAND: POST /session/e188f796b0d140d16571c64576153b9b/elements - {"using":"css selector","value":"div[id='rfm.trancheui::xRFMxCU_TranchesObjectPage--fe::table::_Tranche::LineItem-innerTable-rowsel0']"}
RESULT: {"using":"css selector","value":"div[id='rfm.trancheui::xRFMxCU_TranchesObjectPage--fe::table::_Tranche::LineItem-innerTable-rowsel0']"}
COMMAND: POST /session/e188f796b0d140d16571c64576153b9b/elements - {"using":"css selector","value":"div[id='rfm.trancheui::xRFMxCU_TranchesObjectPage--fe::table::_Tranche::LineItem-innerTable-rowsel0']"}
RESULT: {"using":"css selector","value":"div[id='rfm.trancheui::xRFMxCU_TranchesObjectPage--fe::table::_Tranche::LineItem-innerTable-rowsel0']"}
COMMAND: POST /session/e188f796b0d140d16571c64576153b9b/elements - {"using":"css selector","value":"div[id='rfm.trancheui::xRFMxCU_TranchesObjectPage--fe::table::_Tranche::LineItem-innerTable-rowsel0']"}
RESULT: {"using":"css selector","value":"div[id='rfm.trancheui::xRFMxCU_TranchesObjectPage--fe::table::_Tranche::LineItem-innerTable-rowsel0']"}
COMMAND: POST /session/e188f796b0d140d16571c64576153b9b/elements - {"using":"css selector","value":"div[id='rfm.trancheui::xRFMxCU_TranchesObjectPage--fe::table::_Tranche::LineItem-innerTable-rowsel0']"}
RESULT: {"using":"css selector","value":"div[id='rfm.trancheui::xRFMxCU_TranchesObjectPage--fe::table::_Tranche::LineItem-innerTable-rowsel0']"}
COMMAND: POST /session/e188f796b0d140d16571c64576153b9b/elements - {"using":"css selector","value":"div[id='rfm.trancheui::xRFMxCU_TranchesObjectPage--fe::table::_Tranche::LineItem-innerTable-rowsel0']"}
RESULT: {"using":"css selector","value":"div[id='rfm.trancheui::xRFMxCU_TranchesObjectPage--fe::table::_Tranche::LineItem-innerTable-rowsel0']"}
COMMAND: POST /session/e188f796b0d140d16571c64576153b9b/elements - {"using":"css selector","value":"div[id='rfm.trancheui::xRFMxCU_TranchesObjectPage--fe::table::_Tranche::LineItem-innerTable-rowsel0']"}
RESULT: {"using":"css selector","value":"div[id='rfm.trancheui::xRFMxCU_TranchesObjectPage--fe::table::_Tranche::LineItem-innerTable-rowsel0']"}
COMMAND: POST /session/e188f796b0d140d16571c64576153b9b/elements - {"using":"css selector","value":"div[id='rfm.trancheui::xRFMxCU_TranchesObjectPage--fe::table::_Tranche::LineItem-innerTable-rowsel0']"}
RESULT: {"using":"css selector","value":"div[id='rfm.trancheui::xRFMxCU_TranchesObjectPage--fe::table::_Tranche::LineItem-innerTable-rowsel0']"}
COMMAND: POST /session/e188f796b0d140d16571c64576153b9b/elements - {"using":"css selector","value":"div[id='rfm.trancheui::xRFMxCU_TranchesObjectPage--fe::table::_Tranche::LineItem-innerTable-rowsel0']"}
RESULT: {"using":"css selector","value":"div[id='rfm.trancheui::xRFMxCU_TranchesObjectPage--fe::table::_Tranche::LineItem-innerTable-rowsel0']"}
COMMAND: GET /session/e188f796b0d140d16571c64576153b9b/screenshot - {}
COMMAND: GET /session/e188f796b0d140d16571c64576153b9b/screenshot - {}
RESULT: {}
RESULT: {}
COMMAND: DELETE /session/e188f796b0d140d16571c64576153b9b - {}
COMMAND: GET /session/e188f796b0d140d16571c64576153b9b/screenshot - {}
COMMAND: GET /session/e188f796b0d140d16571c64576153b9b/screenshot - {}
RESULT: {}
]]></system-out>
      <system-err><![CDATA[
Error: Can't call click on element with selector "div[id='rfm.trancheui::xRFMxCU_TranchesObjectPage--fe::table::_Tranche::LineItem-innerTable-rowsel0']" because element wasn't found
    at async Context.<anonymous> (D:\a\1\s\test\specs\ABS\ABSTranches.spec.js:796:13)
]]></system-err>
    </testcase>
  </testsuite>
</testsuites>