<?xml version="1.0" encoding="UTF-8"?>
<testsuites tests="11" failures="3" errors="3" skipped="3">
  <testsuite timestamp="2025-08-20T00:41:34" time="325.29" tests="11" failures="3" errors="3" skipped="3">
    <properties>
      <property name="specId" value="0"/>
      <property name="suiteName" value="Trigger"/>
      <property name="capabilities" value="chrome.139_0_7258_67.windows"/>
      <property name="file" value="file:///D:/a/1/s/test/specs/BusinessObjects/Trigger.spec.js"/>
    </properties>
    <testcase classname="chrome.139_0_7258_67.windows.Trigger" name="Should create Program" time="65.94">
      <system-out><![CDATA[
COMMAND: POST /session/35868dbe4530074d1fc9d310fb9df28d/execute/async - {"script":"<script> [21 bytes]","args":[{"selector":{"controlType":"sap.m.GenericTile","properties":{"header":"Funding Program"}},"wdio_ui5_key":"sapm.GenericTile{\"header\":\"Funding Program\"}"}]}
RESULT: {"script":"<script> [21 bytes]","args":[{"selector":{"controlType":"sap.m.GenericTile","properties":{"header":"Funding Program"}},"wdio_ui5_key":"sapm.GenericTile{\"header\":\"Funding Program\"}"}]}
RESULT: undefined
COMMAND: POST /session/35868dbe4530074d1fc9d310fb9df28d/element - {"using":"xpath","value":"//*[@id=\"__tile29\"]"}
RESULT: {"using":"xpath","value":"//*[@id=\"__tile29\"]"}
COMMAND: POST /session/35868dbe4530074d1fc9d310fb9df28d/element/f.69104A186288B3B8DC84E7692C69F17A.d.B18E3C08AC4A68F5D86460F7FF046E43.e.74/click - {}
RESULT: {}
COMMAND: POST /session/35868dbe4530074d1fc9d310fb9df28d/execute/async - {"script":"<script> [21 bytes]","args":[{"selector":{"id":"rfm.programui::xRFMxCU_ProgramList--fe::table::allTab::LineItem::StandardAction::Create","controlType":"sap.m.Button"},"wdio_ui5_key":"rfmprogramui::xRFMxCU_ProgramList--fe::table::allTab::LineItem::StandardAction::Createsap.m.Button"}]}
COMMAND: GET /session/35868dbe4530074d1fc9d310fb9df28d/screenshot - {}
RESULT: {"script":"<script> [21 bytes]","args":[{"selector":{"id":"rfm.programui::xRFMxCU_ProgramList--fe::table::allTab::LineItem::StandardAction::Create","controlType":"sap.m.Button"},"wdio_ui5_key":"rfmprogramui::xRFMxCU_ProgramList--fe::table::allTab::LineItem::StandardAction::Createsap.m.Button"}]}
RESULT: undefined
COMMAND: POST /session/35868dbe4530074d1fc9d310fb9df28d/element - {"using":"xpath","value":"//*[@id=\"rfm.programui::xRFMxCU_ProgramList--fe::table::allTab::LineItem::StandardAction::Create\"]"}
RESULT: {}
RESULT: {"using":"xpath","value":"//*[@id=\"rfm.programui::xRFMxCU_ProgramList--fe::table::allTab::LineItem::StandardAction::Create\"]"}
COMMAND: POST /session/35868dbe4530074d1fc9d310fb9df28d/element/f.69104A186288B3B8DC84E7692C69F17A.d.B18E3C08AC4A68F5D86460F7FF046E43.e.130/click - {}
RESULT: {}
COMMAND: POST /session/35868dbe4530074d1fc9d310fb9df28d/element - {"using":"css selector","value":"div.sapUiLocalBusyIndicator"}
COMMAND: GET /session/35868dbe4530074d1fc9d310fb9df28d/screenshot - {}
RESULT: {"using":"css selector","value":"div.sapUiLocalBusyIndicator"}
COMMAND: POST /session/35868dbe4530074d1fc9d310fb9df28d/element - {"using":"css selector","value":"div.sapUiLocalBusyIndicator"}
RESULT: {}
RESULT: {"using":"css selector","value":"div.sapUiLocalBusyIndicator"}
COMMAND: POST /session/35868dbe4530074d1fc9d310fb9df28d/execute/sync - {"script":"<script> [21 bytes]","args":[{"element-6066-11e4-a52e-4f735466cecf":"f.69104A186288B3B8DC84E7692C69F17A.d.B18E3C08AC4A68F5D86460F7FF046E43.e.300","ELEMENT":"f.69104A186288B3B8DC84E7692C69F17A.d.B18E3C08AC4A68F5D86460F7FF046E43.e.300"}]}
RESULT: {"script":"<script> [21 bytes]","args":[{"element-6066-11e4-a52e-4f735466cecf":"f.69104A186288B3B8DC84E7692C69F17A.d.B18E3C08AC4A68F5D86460F7FF046E43.e.300","ELEMENT":"f.69104A186288B3B8DC84E7692C69F17A.d.B18E3C08AC4A68F5D86460F7FF046E43.e.300"}]}
COMMAND: POST /session/35868dbe4530074d1fc9d310fb9df28d/execute/async - {"script":"<script> [21 bytes]","args":[{"selector":{"id":"CreateDialog::xRFMxCU_ProgramType::FundingScope-inner","searchOpenDialogs":true,"interaction":{"idSuffix":"inner"}},"wdio_ui5_key":"CreateDialogxRFMxCU_ProgramType::FundingScope-inner"}]}
COMMAND: GET /session/35868dbe4530074d1fc9d310fb9df28d/screenshot - {}
RESULT: {"script":"<script> [21 bytes]","args":[{"selector":{"id":"CreateDialog::xRFMxCU_ProgramType::FundingScope-inner","searchOpenDialogs":true,"interaction":{"idSuffix":"inner"}},"wdio_ui5_key":"CreateDialogxRFMxCU_ProgramType::FundingScope-inner"}]}
RESULT: undefined
COMMAND: POST /session/35868dbe4530074d1fc9d310fb9df28d/execute/async - {"script":"<script> [20 bytes]","args":[{"enterText":"Installment","selector":{"id":"CreateDialog::xRFMxCU_ProgramType::FundingScope-inner","searchOpenDialogs":true,"interaction":{"idSuffix":"inner"}},"clearTextFirst":true,"interactionType":"ENTER_TEXT"}]}
RESULT: {}
RESULT: {"script":"<script> [20 bytes]","args":[{"enterText":"Installment","selector":{"id":"CreateDialog::xRFMxCU_ProgramType::FundingScope-inner","searchOpenDialogs":true,"interaction":{"idSuffix":"inner"}},"clearTextFirst":true,"interactionType":"ENTER_TEXT"}]}
COMMAND: POST /session/35868dbe4530074d1fc9d310fb9df28d/element - {"using":"css selector","value":"div.sapUiLocalBusyIndicator"}
RESULT: {"using":"css selector","value":"div.sapUiLocalBusyIndicator"}
COMMAND: POST /session/35868dbe4530074d1fc9d310fb9df28d/execute/sync - {"script":"<script> [21 bytes]","args":[{"element-6066-11e4-a52e-4f735466cecf":"f.69104A186288B3B8DC84E7692C69F17A.d.B18E3C08AC4A68F5D86460F7FF046E43.e.300","ELEMENT":"f.69104A186288B3B8DC84E7692C69F17A.d.B18E3C08AC4A68F5D86460F7FF046E43.e.300"}]}
RESULT: {"script":"<script> [21 bytes]","args":[{"element-6066-11e4-a52e-4f735466cecf":"f.69104A186288B3B8DC84E7692C69F17A.d.B18E3C08AC4A68F5D86460F7FF046E43.e.300","ELEMENT":"f.69104A186288B3B8DC84E7692C69F17A.d.B18E3C08AC4A68F5D86460F7FF046E43.e.300"}]}
COMMAND: POST /session/35868dbe4530074d1fc9d310fb9df28d/execute/async - {"script":"<script> [21 bytes]","args":[{"selector":{"id":"CreateDialog::xRFMxCU_ProgramType::ValidFrom-inner","searchOpenDialogs":true,"interaction":{"idSuffix":"inner"}},"wdio_ui5_key":"CreateDialogxRFMxCU_ProgramType::ValidFrom-inner"}]}
COMMAND: GET /session/35868dbe4530074d1fc9d310fb9df28d/screenshot - {}
RESULT: {"script":"<script> [21 bytes]","args":[{"selector":{"id":"CreateDialog::xRFMxCU_ProgramType::ValidFrom-inner","searchOpenDialogs":true,"interaction":{"idSuffix":"inner"}},"wdio_ui5_key":"CreateDialogxRFMxCU_ProgramType::ValidFrom-inner"}]}
RESULT: undefined
COMMAND: POST /session/35868dbe4530074d1fc9d310fb9df28d/execute/async - {"script":"<script> [21 bytes]","args":[{"element-6066-11e4-a52e-4f735466cecf":"f.69104A186288B3B8DC84E7692C69F17A.d.B18E3C08AC4A68F5D86460F7FF046E43.e.287"},"setValue",["2025-01-01"]]}
RESULT: {}
RESULT: {"script":"<script> [21 bytes]","args":[{"element-6066-11e4-a52e-4f735466cecf":"f.69104A186288B3B8DC84E7692C69F17A.d.B18E3C08AC4A68F5D86460F7FF046E43.e.287"},"setValue",["2025-01-01"]]}
COMMAND: POST /session/35868dbe4530074d1fc9d310fb9df28d/element - {"using":"css selector","value":"div.sapUiLocalBusyIndicator"}
RESULT: {"using":"css selector","value":"div.sapUiLocalBusyIndicator"}
COMMAND: POST /session/35868dbe4530074d1fc9d310fb9df28d/execute/sync - {"script":"<script> [21 bytes]","args":[{"element-6066-11e4-a52e-4f735466cecf":"f.69104A186288B3B8DC84E7692C69F17A.d.B18E3C08AC4A68F5D86460F7FF046E43.e.300","ELEMENT":"f.69104A186288B3B8DC84E7692C69F17A.d.B18E3C08AC4A68F5D86460F7FF046E43.e.300"}]}
RESULT: {"script":"<script> [21 bytes]","args":[{"element-6066-11e4-a52e-4f735466cecf":"f.69104A186288B3B8DC84E7692C69F17A.d.B18E3C08AC4A68F5D86460F7FF046E43.e.300","ELEMENT":"f.69104A186288B3B8DC84E7692C69F17A.d.B18E3C08AC4A68F5D86460F7FF046E43.e.300"}]}
COMMAND: POST /session/35868dbe4530074d1fc9d310fb9df28d/execute/async - {"script":"<script> [21 bytes]","args":[{"selector":{"id":"CreateDialog::xRFMxCU_ProgramType::PortfolioId-inner","searchOpenDialogs":true,"interaction":{"idSuffix":"inner"}},"wdio_ui5_key":"CreateDialogxRFMxCU_ProgramType::PortfolioId-inner"}]}
COMMAND: GET /session/35868dbe4530074d1fc9d310fb9df28d/screenshot - {}
RESULT: {"script":"<script> [21 bytes]","args":[{"selector":{"id":"CreateDialog::xRFMxCU_ProgramType::PortfolioId-inner","searchOpenDialogs":true,"interaction":{"idSuffix":"inner"}},"wdio_ui5_key":"CreateDialogxRFMxCU_ProgramType::PortfolioId-inner"}]}
RESULT: undefined
COMMAND: POST /session/35868dbe4530074d1fc9d310fb9df28d/execute/async - {"script":"<script> [20 bytes]","args":[{"enterText":"1","selector":{"id":"CreateDialog::xRFMxCU_ProgramType::PortfolioId-inner","searchOpenDialogs":true,"interaction":{"idSuffix":"inner"}},"clearTextFirst":true,"interactionType":"ENTER_TEXT"}]}
RESULT: {}
RESULT: {"script":"<script> [20 bytes]","args":[{"enterText":"1","selector":{"id":"CreateDialog::xRFMxCU_ProgramType::PortfolioId-inner","searchOpenDialogs":true,"interaction":{"idSuffix":"inner"}},"clearTextFirst":true,"interactionType":"ENTER_TEXT"}]}
COMMAND: POST /session/35868dbe4530074d1fc9d310fb9df28d/element - {"using":"css selector","value":"div.sapUiLocalBusyIndicator"}
RESULT: {"using":"css selector","value":"div.sapUiLocalBusyIndicator"}
COMMAND: POST /session/35868dbe4530074d1fc9d310fb9df28d/execute/sync - {"script":"<script> [21 bytes]","args":[{"element-6066-11e4-a52e-4f735466cecf":"f.69104A186288B3B8DC84E7692C69F17A.d.B18E3C08AC4A68F5D86460F7FF046E43.e.300","ELEMENT":"f.69104A186288B3B8DC84E7692C69F17A.d.B18E3C08AC4A68F5D86460F7FF046E43.e.300"}]}
RESULT: {"script":"<script> [21 bytes]","args":[{"element-6066-11e4-a52e-4f735466cecf":"f.69104A186288B3B8DC84E7692C69F17A.d.B18E3C08AC4A68F5D86460F7FF046E43.e.300","ELEMENT":"f.69104A186288B3B8DC84E7692C69F17A.d.B18E3C08AC4A68F5D86460F7FF046E43.e.300"}]}
COMMAND: POST /session/35868dbe4530074d1fc9d310fb9df28d/execute/async - {"script":"<script> [21 bytes]","args":[{"selector":{"controlType":"sap.m.Button","viewName":"sap.fe.templates.ObjectPage.ObjectPage","viewId":"rfm.programui::xRFMxCU_ProgramObjectPage","properties":{"text":"Continue"},"searchOpenDialogs":true,"interaction":{"idSuffix":"BDI-content"}},"wdio_ui5_key":"sapfe.templates.ObjectPage.ObjectPagesap.m.Button{\"text\":\"Continue\"}"}]}
COMMAND: GET /session/35868dbe4530074d1fc9d310fb9df28d/screenshot - {}
RESULT: {"script":"<script> [21 bytes]","args":[{"selector":{"controlType":"sap.m.Button","viewName":"sap.fe.templates.ObjectPage.ObjectPage","viewId":"rfm.programui::xRFMxCU_ProgramObjectPage","properties":{"text":"Continue"},"searchOpenDialogs":true,"interaction":{"idSuffix":"BDI-content"}},"wdio_ui5_key":"sapfe.templates.ObjectPage.ObjectPagesap.m.Button{\"text\":\"Continue\"}"}]}
RESULT: undefined
COMMAND: POST /session/35868dbe4530074d1fc9d310fb9df28d/element - {"using":"xpath","value":"//*[@id=\"__button198\"]"}
RESULT: {}
RESULT: {"using":"xpath","value":"//*[@id=\"__button198\"]"}
COMMAND: POST /session/35868dbe4530074d1fc9d310fb9df28d/element/f.69104A186288B3B8DC84E7692C69F17A.d.B18E3C08AC4A68F5D86460F7FF046E43.e.305/click - {}
RESULT: {}
COMMAND: POST /session/35868dbe4530074d1fc9d310fb9df28d/element - {"using":"css selector","value":"div.sapUiLocalBusyIndicator"}
COMMAND: GET /session/35868dbe4530074d1fc9d310fb9df28d/screenshot - {}
RESULT: {"using":"css selector","value":"div.sapUiLocalBusyIndicator"}
COMMAND: POST /session/35868dbe4530074d1fc9d310fb9df28d/execute/sync - {"script":"<script> [21 bytes]","args":[{"element-6066-11e4-a52e-4f735466cecf":"f.69104A186288B3B8DC84E7692C69F17A.d.B18E3C08AC4A68F5D86460F7FF046E43.e.306","ELEMENT":"f.69104A186288B3B8DC84E7692C69F17A.d.B18E3C08AC4A68F5D86460F7FF046E43.e.306"}]}
RESULT: {}
COMMAND: POST /session/35868dbe4530074d1fc9d310fb9df28d/element - {"using":"css selector","value":"div.sapUiLocalBusyIndicator"}
RESULT: {"using":"css selector","value":"div.sapUiLocalBusyIndicator"}
COMMAND: POST /session/35868dbe4530074d1fc9d310fb9df28d/element - {"using":"css selector","value":"div.sapUiLocalBusyIndicator"}
RESULT: {"using":"css selector","value":"div.sapUiLocalBusyIndicator"}
COMMAND: POST /session/35868dbe4530074d1fc9d310fb9df28d/execute/async - {"script":"<script> [21 bytes]","args":[{"selector":{"id":"rfm.programui::xRFMxCU_ProgramObjectPage--fe::CustomSubSection::CustomDetailsSection--fe::FormContainer::FieldGroup::basicData1::FormElement::DataField::Currency::Field-edit-inner","interaction":{"idSuffix":"inner"}},"wdio_ui5_key":"rfmprogramui::xRFMxCU_ProgramObjectPage--fe::CustomSubSection::CustomDetailsSection--fe::FormContainer::FieldGroup::basicData1::FormElement::DataField::Currency::Field-edit-inner"}]}
RESULT: {"script":"<script> [21 bytes]","args":[{"selector":{"id":"rfm.programui::xRFMxCU_ProgramObjectPage--fe::CustomSubSection::CustomDetailsSection--fe::FormContainer::FieldGroup::basicData1::FormElement::DataField::Currency::Field-edit-inner","interaction":{"idSuffix":"inner"}},"wdio_ui5_key":"rfmprogramui::xRFMxCU_ProgramObjectPage--fe::CustomSubSection::CustomDetailsSection--fe::FormContainer::FieldGroup::basicData1::FormElement::DataField::Currency::Field-edit-inner"}]}
RESULT: undefined
COMMAND: POST /session/35868dbe4530074d1fc9d310fb9df28d/execute/async - {"script":"<script> [20 bytes]","args":[{"enterText":"EUR","selector":{"id":"rfm.programui::xRFMxCU_ProgramObjectPage--fe::CustomSubSection::CustomDetailsSection--fe::FormContainer::FieldGroup::basicData1::FormElement::DataField::Currency::Field-edit-inner","interaction":{"idSuffix":"inner"}},"clearTextFirst":true,"interactionType":"ENTER_TEXT"}]}
RESULT: {"script":"<script> [20 bytes]","args":[{"enterText":"EUR","selector":{"id":"rfm.programui::xRFMxCU_ProgramObjectPage--fe::CustomSubSection::CustomDetailsSection--fe::FormContainer::FieldGroup::basicData1::FormElement::DataField::Currency::Field-edit-inner","interaction":{"idSuffix":"inner"}},"clearTextFirst":true,"interactionType":"ENTER_TEXT"}]}
COMMAND: POST /session/35868dbe4530074d1fc9d310fb9df28d/element - {"using":"css selector","value":"div.sapUiLocalBusyIndicator"}
RESULT: {"using":"css selector","value":"div.sapUiLocalBusyIndicator"}
COMMAND: POST /session/35868dbe4530074d1fc9d310fb9df28d/element - {"using":"css selector","value":"div.sapUiLocalBusyIndicator"}
RESULT: {"using":"css selector","value":"div.sapUiLocalBusyIndicator"}
COMMAND: POST /session/35868dbe4530074d1fc9d310fb9df28d/execute/async - {"script":"<script> [21 bytes]","args":[{"selector":{"id":"rfm.programui::xRFMxCU_ProgramObjectPage--fe::CustomSubSection::CustomDetailsSection--fe::FormContainer::FieldGroup::basicData1::FormElement::DataField::Volume::Field-edit-inner","interaction":{"idSuffix":"inner"}},"wdio_ui5_key":"rfmprogramui::xRFMxCU_ProgramObjectPage--fe::CustomSubSection::CustomDetailsSection--fe::FormContainer::FieldGroup::basicData1::FormElement::DataField::Volume::Field-edit-inner"}]}
RESULT: {"script":"<script> [21 bytes]","args":[{"selector":{"id":"rfm.programui::xRFMxCU_ProgramObjectPage--fe::CustomSubSection::CustomDetailsSection--fe::FormContainer::FieldGroup::basicData1::FormElement::DataField::Volume::Field-edit-inner","interaction":{"idSuffix":"inner"}},"wdio_ui5_key":"rfmprogramui::xRFMxCU_ProgramObjectPage--fe::CustomSubSection::CustomDetailsSection--fe::FormContainer::FieldGroup::basicData1::FormElement::DataField::Volume::Field-edit-inner"}]}
RESULT: undefined
COMMAND: POST /session/35868dbe4530074d1fc9d310fb9df28d/execute/async - {"script":"<script> [20 bytes]","args":[{"enterText":"1,000,000,000.00","selector":{"id":"rfm.programui::xRFMxCU_ProgramObjectPage--fe::CustomSubSection::CustomDetailsSection--fe::FormContainer::FieldGroup::basicData1::FormElement::DataField::Volume::Field-edit-inner","interaction":{"idSuffix":"inner"}},"clearTextFirst":true,"interactionType":"ENTER_TEXT"}]}
RESULT: {"script":"<script> [20 bytes]","args":[{"enterText":"1,000,000,000.00","selector":{"id":"rfm.programui::xRFMxCU_ProgramObjectPage--fe::CustomSubSection::CustomDetailsSection--fe::FormContainer::FieldGroup::basicData1::FormElement::DataField::Volume::Field-edit-inner","interaction":{"idSuffix":"inner"}},"clearTextFirst":true,"interactionType":"ENTER_TEXT"}]}
COMMAND: POST /session/35868dbe4530074d1fc9d310fb9df28d/element - {"using":"css selector","value":"div.sapUiLocalBusyIndicator"}
RESULT: {"using":"css selector","value":"div.sapUiLocalBusyIndicator"}
COMMAND: POST /session/35868dbe4530074d1fc9d310fb9df28d/element - {"using":"css selector","value":"div.sapUiLocalBusyIndicator"}
RESULT: {"using":"css selector","value":"div.sapUiLocalBusyIndicator"}
COMMAND: POST /session/35868dbe4530074d1fc9d310fb9df28d/execute/async - {"script":"<script> [21 bytes]","args":[{"selector":{"id":"rfm.programui::xRFMxCU_ProgramObjectPage--fe::CustomSubSection::CustomDetailsSection--fe::FormContainer::FieldGroup::basicData1::FormElement::DataField::ValidTo::Field-edit","interaction":{"idSuffix":"inner"}},"wdio_ui5_key":"rfmprogramui::xRFMxCU_ProgramObjectPage--fe::CustomSubSection::CustomDetailsSection--fe::FormContainer::FieldGroup::basicData1::FormElement::DataField::ValidTo::Field-edit"}]}
RESULT: {"script":"<script> [21 bytes]","args":[{"selector":{"id":"rfm.programui::xRFMxCU_ProgramObjectPage--fe::CustomSubSection::CustomDetailsSection--fe::FormContainer::FieldGroup::basicData1::FormElement::DataField::ValidTo::Field-edit","interaction":{"idSuffix":"inner"}},"wdio_ui5_key":"rfmprogramui::xRFMxCU_ProgramObjectPage--fe::CustomSubSection::CustomDetailsSection--fe::FormContainer::FieldGroup::basicData1::FormElement::DataField::ValidTo::Field-edit"}]}
RESULT: undefined
COMMAND: POST /session/35868dbe4530074d1fc9d310fb9df28d/execute/async - {"script":"<script> [21 bytes]","args":[{"element-6066-11e4-a52e-4f735466cecf":"f.69104A186288B3B8DC84E7692C69F17A.d.B18E3C08AC4A68F5D86460F7FF046E43.e.359"},"setValue",["2027-12-31"]]}
RESULT: {"script":"<script> [21 bytes]","args":[{"element-6066-11e4-a52e-4f735466cecf":"f.69104A186288B3B8DC84E7692C69F17A.d.B18E3C08AC4A68F5D86460F7FF046E43.e.359"},"setValue",["2027-12-31"]]}
COMMAND: POST /session/35868dbe4530074d1fc9d310fb9df28d/element - {"using":"css selector","value":"div.sapUiLocalBusyIndicator"}
RESULT: {"using":"css selector","value":"div.sapUiLocalBusyIndicator"}
COMMAND: POST /session/35868dbe4530074d1fc9d310fb9df28d/element - {"using":"css selector","value":"div.sapUiLocalBusyIndicator"}
RESULT: {"using":"css selector","value":"div.sapUiLocalBusyIndicator"}
COMMAND: POST /session/35868dbe4530074d1fc9d310fb9df28d/execute/async - {"script":"<script> [21 bytes]","args":[{"selector":{"id":"rfm.programui::xRFMxCU_ProgramObjectPage--fe::CustomSubSection::CustomDetailsSection--fe::FormContainer::FieldGroup::basicData2::FormElement::DataField::CompanyCode::Field-edit-inner","interaction":{"idSuffix":"inner"}},"wdio_ui5_key":"rfmprogramui::xRFMxCU_ProgramObjectPage--fe::CustomSubSection::CustomDetailsSection--fe::FormContainer::FieldGroup::basicData2::FormElement::DataField::CompanyCode::Field-edit-inner"}]}
RESULT: {"script":"<script> [21 bytes]","args":[{"selector":{"id":"rfm.programui::xRFMxCU_ProgramObjectPage--fe::CustomSubSection::CustomDetailsSection--fe::FormContainer::FieldGroup::basicData2::FormElement::DataField::CompanyCode::Field-edit-inner","interaction":{"idSuffix":"inner"}},"wdio_ui5_key":"rfmprogramui::xRFMxCU_ProgramObjectPage--fe::CustomSubSection::CustomDetailsSection--fe::FormContainer::FieldGroup::basicData2::FormElement::DataField::CompanyCode::Field-edit-inner"}]}
RESULT: undefined
COMMAND: POST /session/35868dbe4530074d1fc9d310fb9df28d/execute/async - {"script":"<script> [20 bytes]","args":[{"enterText":"BearingPoint (0001)","selector":{"id":"rfm.programui::xRFMxCU_ProgramObjectPage--fe::CustomSubSection::CustomDetailsSection--fe::FormContainer::FieldGroup::basicData2::FormElement::DataField::CompanyCode::Field-edit-inner","interaction":{"idSuffix":"inner"}},"clearTextFirst":true,"interactionType":"ENTER_TEXT"}]}
RESULT: {"script":"<script> [20 bytes]","args":[{"enterText":"BearingPoint (0001)","selector":{"id":"rfm.programui::xRFMxCU_ProgramObjectPage--fe::CustomSubSection::CustomDetailsSection--fe::FormContainer::FieldGroup::basicData2::FormElement::DataField::CompanyCode::Field-edit-inner","interaction":{"idSuffix":"inner"}},"clearTextFirst":true,"interactionType":"ENTER_TEXT"}]}
COMMAND: POST /session/35868dbe4530074d1fc9d310fb9df28d/element - {"using":"css selector","value":"div.sapUiLocalBusyIndicator"}
RESULT: {"using":"css selector","value":"div.sapUiLocalBusyIndicator"}
COMMAND: POST /session/35868dbe4530074d1fc9d310fb9df28d/element - {"using":"css selector","value":"div.sapUiLocalBusyIndicator"}
RESULT: {"using":"css selector","value":"div.sapUiLocalBusyIndicator"}
COMMAND: POST /session/35868dbe4530074d1fc9d310fb9df28d/execute/async - {"script":"<script> [21 bytes]","args":[{"selector":{"id":"rfm.programui::xRFMxCU_ProgramObjectPage--fe::CustomSubSection::CustomDetailsSection--DetailsFundingTypesTable-content::StandardAction::Create","interaction":{"idSuffix":"BDI-content"}},"wdio_ui5_key":"rfmprogramui::xRFMxCU_ProgramObjectPage--fe::CustomSubSection::CustomDetailsSection--DetailsFundingTypesTable-content::StandardAction::Create"}]}
RESULT: {"script":"<script> [21 bytes]","args":[{"selector":{"id":"rfm.programui::xRFMxCU_ProgramObjectPage--fe::CustomSubSection::CustomDetailsSection--DetailsFundingTypesTable-content::StandardAction::Create","interaction":{"idSuffix":"BDI-content"}},"wdio_ui5_key":"rfmprogramui::xRFMxCU_ProgramObjectPage--fe::CustomSubSection::CustomDetailsSection--DetailsFundingTypesTable-content::StandardAction::Create"}]}
RESULT: undefined
COMMAND: POST /session/35868dbe4530074d1fc9d310fb9df28d/element - {"using":"xpath","value":"//*[@id=\"rfm.programui::xRFMxCU_ProgramObjectPage--fe::CustomSubSection::CustomDetailsSection--DetailsFundingTypesTable-content::StandardAction::Create\"]"}
RESULT: {"using":"xpath","value":"//*[@id=\"rfm.programui::xRFMxCU_ProgramObjectPage--fe::CustomSubSection::CustomDetailsSection--DetailsFundingTypesTable-content::StandardAction::Create\"]"}
COMMAND: POST /session/35868dbe4530074d1fc9d310fb9df28d/element/f.69104A186288B3B8DC84E7692C69F17A.d.B18E3C08AC4A68F5D86460F7FF046E43.e.370/click - {}
RESULT: {}
COMMAND: POST /session/35868dbe4530074d1fc9d310fb9df28d/element - {"using":"css selector","value":"div.sapUiLocalBusyIndicator"}
COMMAND: GET /session/35868dbe4530074d1fc9d310fb9df28d/screenshot - {}
RESULT: {"using":"css selector","value":"div.sapUiLocalBusyIndicator"}
COMMAND: POST /session/35868dbe4530074d1fc9d310fb9df28d/execute/sync - {"script":"<script> [21 bytes]","args":[{"element-6066-11e4-a52e-4f735466cecf":"f.69104A186288B3B8DC84E7692C69F17A.d.B18E3C08AC4A68F5D86460F7FF046E43.e.511","ELEMENT":"f.69104A186288B3B8DC84E7692C69F17A.d.B18E3C08AC4A68F5D86460F7FF046E43.e.511"}]}
RESULT: {}
RESULT: {"script":"<script> [21 bytes]","args":[{"element-6066-11e4-a52e-4f735466cecf":"f.69104A186288B3B8DC84E7692C69F17A.d.B18E3C08AC4A68F5D86460F7FF046E43.e.511","ELEMENT":"f.69104A186288B3B8DC84E7692C69F17A.d.B18E3C08AC4A68F5D86460F7FF046E43.e.511"}]}
COMMAND: POST /session/35868dbe4530074d1fc9d310fb9df28d/execute/async - {"script":"<script> [21 bytes]","args":[{"selector":{"id":"CreateDialog::xRFMxCU_ProgramFundingTypeType::FundingType-inner","searchOpenDialogs":true,"interaction":{"idSuffix":"inner"}},"wdio_ui5_key":"CreateDialogxRFMxCU_ProgramFundingTypeType::FundingType-inner"}]}
COMMAND: GET /session/35868dbe4530074d1fc9d310fb9df28d/screenshot - {}
RESULT: {"script":"<script> [21 bytes]","args":[{"selector":{"id":"CreateDialog::xRFMxCU_ProgramFundingTypeType::FundingType-inner","searchOpenDialogs":true,"interaction":{"idSuffix":"inner"}},"wdio_ui5_key":"CreateDialogxRFMxCU_ProgramFundingTypeType::FundingType-inner"}]}
RESULT: undefined
COMMAND: POST /session/35868dbe4530074d1fc9d310fb9df28d/execute/async - {"script":"<script> [20 bytes]","args":[{"enterText":"30","selector":{"id":"CreateDialog::xRFMxCU_ProgramFundingTypeType::FundingType-inner","searchOpenDialogs":true,"interaction":{"idSuffix":"inner"}},"clearTextFirst":true,"interactionType":"ENTER_TEXT"}]}
RESULT: {}
RESULT: {"script":"<script> [20 bytes]","args":[{"enterText":"30","selector":{"id":"CreateDialog::xRFMxCU_ProgramFundingTypeType::FundingType-inner","searchOpenDialogs":true,"interaction":{"idSuffix":"inner"}},"clearTextFirst":true,"interactionType":"ENTER_TEXT"}]}
COMMAND: POST /session/35868dbe4530074d1fc9d310fb9df28d/element - {"using":"css selector","value":"div.sapUiLocalBusyIndicator"}
RESULT: {"using":"css selector","value":"div.sapUiLocalBusyIndicator"}
COMMAND: POST /session/35868dbe4530074d1fc9d310fb9df28d/execute/sync - {"script":"<script> [21 bytes]","args":[{"element-6066-11e4-a52e-4f735466cecf":"f.69104A186288B3B8DC84E7692C69F17A.d.B18E3C08AC4A68F5D86460F7FF046E43.e.511","ELEMENT":"f.69104A186288B3B8DC84E7692C69F17A.d.B18E3C08AC4A68F5D86460F7FF046E43.e.511"}]}
RESULT: {"script":"<script> [21 bytes]","args":[{"element-6066-11e4-a52e-4f735466cecf":"f.69104A186288B3B8DC84E7692C69F17A.d.B18E3C08AC4A68F5D86460F7FF046E43.e.511","ELEMENT":"f.69104A186288B3B8DC84E7692C69F17A.d.B18E3C08AC4A68F5D86460F7FF046E43.e.511"}]}
COMMAND: POST /session/35868dbe4530074d1fc9d310fb9df28d/execute/async - {"script":"<script> [21 bytes]","args":[{"selector":{"id":"CreateDialog::xRFMxCU_Program::_AllowedFundingType-footer","searchOpenDialogs":true},"wdio_ui5_key":"CreateDialogxRFMxCU_Program::_AllowedFundingType-footer"}]}
COMMAND: GET /session/35868dbe4530074d1fc9d310fb9df28d/screenshot - {}
RESULT: {"script":"<script> [21 bytes]","args":[{"selector":{"id":"CreateDialog::xRFMxCU_Program::_AllowedFundingType-footer","searchOpenDialogs":true},"wdio_ui5_key":"CreateDialogxRFMxCU_Program::_AllowedFundingType-footer"}]}
RESULT: undefined
COMMAND: POST /session/35868dbe4530074d1fc9d310fb9df28d/element - {"using":"xpath","value":"//*[@id=\"CreateDialog::xRFMxCU_Program::_AllowedFundingType-footer\"]"}
RESULT: {}
RESULT: {"using":"xpath","value":"//*[@id=\"CreateDialog::xRFMxCU_Program::_AllowedFundingType-footer\"]"}
COMMAND: POST /session/35868dbe4530074d1fc9d310fb9df28d/element/f.69104A186288B3B8DC84E7692C69F17A.d.B18E3C08AC4A68F5D86460F7FF046E43.e.515/click - {}
RESULT: {}
COMMAND: POST /session/35868dbe4530074d1fc9d310fb9df28d/element - {"using":"css selector","value":"div.sapUiLocalBusyIndicator"}
COMMAND: GET /session/35868dbe4530074d1fc9d310fb9df28d/screenshot - {}
RESULT: {"using":"css selector","value":"div.sapUiLocalBusyIndicator"}
COMMAND: POST /session/35868dbe4530074d1fc9d310fb9df28d/execute/sync - {"script":"<script> [21 bytes]","args":[{"element-6066-11e4-a52e-4f735466cecf":"f.69104A186288B3B8DC84E7692C69F17A.d.B18E3C08AC4A68F5D86460F7FF046E43.e.511","ELEMENT":"f.69104A186288B3B8DC84E7692C69F17A.d.B18E3C08AC4A68F5D86460F7FF046E43.e.511"}]}
RESULT: {}
RESULT: {"script":"<script> [21 bytes]","args":[{"element-6066-11e4-a52e-4f735466cecf":"f.69104A186288B3B8DC84E7692C69F17A.d.B18E3C08AC4A68F5D86460F7FF046E43.e.511","ELEMENT":"f.69104A186288B3B8DC84E7692C69F17A.d.B18E3C08AC4A68F5D86460F7FF046E43.e.511"}]}
COMMAND: POST /session/35868dbe4530074d1fc9d310fb9df28d/execute/async - {"script":"<script> [21 bytes]","args":[{"forceSelect":true,"selector":{"controlType":"sap.m.Button","viewName":"sap.fe.templates.ObjectPage.ObjectPage","viewId":"rfm.programui::xRFMxCU_Program__AllowedFundingTypeObjectPage","properties":{"text":"Continue"},"searchOpenDialogs":true,"interaction":{"idSuffix":"content"}},"wdio_ui5_key":"sapfe.templates.ObjectPage.ObjectPagesap.m.Button{\"text\":\"Continue\"}"}]}
COMMAND: GET /session/35868dbe4530074d1fc9d310fb9df28d/screenshot - {}
RESULT: {"script":"<script> [21 bytes]","args":[{"forceSelect":true,"selector":{"controlType":"sap.m.Button","viewName":"sap.fe.templates.ObjectPage.ObjectPage","viewId":"rfm.programui::xRFMxCU_Program__AllowedFundingTypeObjectPage","properties":{"text":"Continue"},"searchOpenDialogs":true,"interaction":{"idSuffix":"content"}},"wdio_ui5_key":"sapfe.templates.ObjectPage.ObjectPagesap.m.Button{\"text\":\"Continue\"}"}]}
RESULT: undefined
COMMAND: POST /session/35868dbe4530074d1fc9d310fb9df28d/element - {"using":"xpath","value":"//*[@id=\"__button211\"]"}
RESULT: {}
RESULT: {"using":"xpath","value":"//*[@id=\"__button211\"]"}
COMMAND: POST /session/35868dbe4530074d1fc9d310fb9df28d/element/f.69104A186288B3B8DC84E7692C69F17A.d.B18E3C08AC4A68F5D86460F7FF046E43.e.517/click - {}
RESULT: {}
COMMAND: POST /session/35868dbe4530074d1fc9d310fb9df28d/execute/async - {"script":"<script> [21 bytes]","args":[{"selector":{"id":"rfm.programui::xRFMxCU_Program__AllowedFundingTypeObjectPage--fe::FooterBar::_fc"},"wdio_ui5_key":"rfmprogramui::xRFMxCU_Program__AllowedFundingTypeObjectPage--fe::FooterBar::_fc"}]}
COMMAND: GET /session/35868dbe4530074d1fc9d310fb9df28d/screenshot - {}
RESULT: {"script":"<script> [21 bytes]","args":[{"selector":{"id":"rfm.programui::xRFMxCU_Program__AllowedFundingTypeObjectPage--fe::FooterBar::_fc"},"wdio_ui5_key":"rfmprogramui::xRFMxCU_Program__AllowedFundingTypeObjectPage--fe::FooterBar::_fc"}]}
RESULT: undefined
COMMAND: POST /session/35868dbe4530074d1fc9d310fb9df28d/element - {"using":"xpath","value":"//*[@id=\"rfm.programui::xRFMxCU_Program__AllowedFundingTypeObjectPage--fe::FooterBar::_fc\"]"}
RESULT: {}
RESULT: {"using":"xpath","value":"//*[@id=\"rfm.programui::xRFMxCU_Program__AllowedFundingTypeObjectPage--fe::FooterBar::_fc\"]"}
COMMAND: POST /session/35868dbe4530074d1fc9d310fb9df28d/element/f.69104A186288B3B8DC84E7692C69F17A.d.B18E3C08AC4A68F5D86460F7FF046E43.e.523/click - {}
RESULT: {}
COMMAND: GET /session/35868dbe4530074d1fc9d310fb9df28d/screenshot - {}
RESULT: {}
COMMAND: POST /session/35868dbe4530074d1fc9d310fb9df28d/execute/async - {"script":"<script> [21 bytes]","args":[{"forceSelect":true,"selector":{"id":"rfm.programui::xRFMxCU_Program__AllowedFundingTypeObjectPage--fe::FooterBar::StandardAction::Apply"},"wdio_ui5_key":"rfmprogramui::xRFMxCU_Program__AllowedFundingTypeObjectPage--fe::FooterBar::StandardAction::Apply"}]}
RESULT: {"script":"<script> [21 bytes]","args":[{"forceSelect":true,"selector":{"id":"rfm.programui::xRFMxCU_Program__AllowedFundingTypeObjectPage--fe::FooterBar::StandardAction::Apply"},"wdio_ui5_key":"rfmprogramui::xRFMxCU_Program__AllowedFundingTypeObjectPage--fe::FooterBar::StandardAction::Apply"}]}
RESULT: undefined
COMMAND: POST /session/35868dbe4530074d1fc9d310fb9df28d/element - {"using":"xpath","value":"//*[@id=\"rfm.programui::xRFMxCU_Program__AllowedFundingTypeObjectPage--fe::FooterBar::StandardAction::Apply\"]"}
RESULT: {"using":"xpath","value":"//*[@id=\"rfm.programui::xRFMxCU_Program__AllowedFundingTypeObjectPage--fe::FooterBar::StandardAction::Apply\"]"}
COMMAND: POST /session/35868dbe4530074d1fc9d310fb9df28d/element/f.69104A186288B3B8DC84E7692C69F17A.d.B18E3C08AC4A68F5D86460F7FF046E43.e.508/click - {}
RESULT: {}
COMMAND: GET /session/35868dbe4530074d1fc9d310fb9df28d/screenshot - {}
RESULT: {}
COMMAND: POST /session/35868dbe4530074d1fc9d310fb9df28d/execute/async - {"script":"<script> [21 bytes]","args":[{"selector":{"id":"rfm.programui::xRFMxCU_ProgramObjectPage--fe::ObjectPage-anchBar-rfm.programui::xRFMxCU_ProgramObjectPage--fe::EditableHeaderSection-anchor","interaction":{"idSuffix":"text"}},"wdio_ui5_key":"rfmprogramui::xRFMxCU_ProgramObjectPage--fe::ObjectPage-anchBar-rfm.programui::xRFMxCU_ProgramObjectPage--fe::EditableHeaderSection-anchor"}]}
RESULT: {"script":"<script> [21 bytes]","args":[{"selector":{"id":"rfm.programui::xRFMxCU_ProgramObjectPage--fe::ObjectPage-anchBar-rfm.programui::xRFMxCU_ProgramObjectPage--fe::EditableHeaderSection-anchor","interaction":{"idSuffix":"text"}},"wdio_ui5_key":"rfmprogramui::xRFMxCU_ProgramObjectPage--fe::ObjectPage-anchBar-rfm.programui::xRFMxCU_ProgramObjectPage--fe::EditableHeaderSection-anchor"}]}
RESULT: undefined
COMMAND: POST /session/35868dbe4530074d1fc9d310fb9df28d/element - {"using":"xpath","value":"//*[@id=\"rfm.programui::xRFMxCU_ProgramObjectPage--fe::ObjectPage-anchBar-rfm.programui::xRFMxCU_ProgramObjectPage--fe::EditableHeaderSection-anchor\"]"}
RESULT: {"using":"xpath","value":"//*[@id=\"rfm.programui::xRFMxCU_ProgramObjectPage--fe::ObjectPage-anchBar-rfm.programui::xRFMxCU_ProgramObjectPage--fe::EditableHeaderSection-anchor\"]"}
COMMAND: POST /session/35868dbe4530074d1fc9d310fb9df28d/element/f.69104A186288B3B8DC84E7692C69F17A.d.B18E3C08AC4A68F5D86460F7FF046E43.e.565/click - {}
RESULT: {}
COMMAND: POST /session/35868dbe4530074d1fc9d310fb9df28d/element - {"using":"css selector","value":"div.sapUiLocalBusyIndicator"}
COMMAND: GET /session/35868dbe4530074d1fc9d310fb9df28d/screenshot - {}
RESULT: {"using":"css selector","value":"div.sapUiLocalBusyIndicator"}
COMMAND: POST /session/35868dbe4530074d1fc9d310fb9df28d/element - {"using":"css selector","value":"div.sapUiLocalBusyIndicator"}
RESULT: {}
RESULT: {"using":"css selector","value":"div.sapUiLocalBusyIndicator"}
COMMAND: POST /session/35868dbe4530074d1fc9d310fb9df28d/execute/async - {"script":"<script> [21 bytes]","args":[{"selector":{"id":"rfm.programui::xRFMxCU_ProgramObjectPage--fe::HeaderFacet::FormContainer::headerFieldsGP1::FormElement::DataField::Name::Field-edit","interaction":{"idSuffix":"inner"}},"wdio_ui5_key":"rfmprogramui::xRFMxCU_ProgramObjectPage--fe::HeaderFacet::FormContainer::headerFieldsGP1::FormElement::DataField::Name::Field-edit"}]}
RESULT: {"script":"<script> [21 bytes]","args":[{"selector":{"id":"rfm.programui::xRFMxCU_ProgramObjectPage--fe::HeaderFacet::FormContainer::headerFieldsGP1::FormElement::DataField::Name::Field-edit","interaction":{"idSuffix":"inner"}},"wdio_ui5_key":"rfmprogramui::xRFMxCU_ProgramObjectPage--fe::HeaderFacet::FormContainer::headerFieldsGP1::FormElement::DataField::Name::Field-edit"}]}
RESULT: undefined
COMMAND: POST /session/35868dbe4530074d1fc9d310fb9df28d/execute/async - {"script":"<script> [20 bytes]","args":[{"enterText":"WDIO_Trigger_2025-08-20","selector":{"id":"rfm.programui::xRFMxCU_ProgramObjectPage--fe::HeaderFacet::FormContainer::headerFieldsGP1::FormElement::DataField::Name::Field-edit","interaction":{"idSuffix":"inner"}},"clearTextFirst":true,"interactionType":"ENTER_TEXT"}]}
RESULT: {"script":"<script> [20 bytes]","args":[{"enterText":"WDIO_Trigger_2025-08-20","selector":{"id":"rfm.programui::xRFMxCU_ProgramObjectPage--fe::HeaderFacet::FormContainer::headerFieldsGP1::FormElement::DataField::Name::Field-edit","interaction":{"idSuffix":"inner"}},"clearTextFirst":true,"interactionType":"ENTER_TEXT"}]}
COMMAND: POST /session/35868dbe4530074d1fc9d310fb9df28d/element - {"using":"css selector","value":"div.sapUiLocalBusyIndicator"}
RESULT: {"using":"css selector","value":"div.sapUiLocalBusyIndicator"}
COMMAND: POST /session/35868dbe4530074d1fc9d310fb9df28d/element - {"using":"css selector","value":"div.sapUiLocalBusyIndicator"}
RESULT: {"using":"css selector","value":"div.sapUiLocalBusyIndicator"}
COMMAND: POST /session/35868dbe4530074d1fc9d310fb9df28d/execute/async - {"script":"<script> [21 bytes]","args":[{"selector":{"id":"rfm.programui::xRFMxCU_ProgramObjectPage--fe::FooterBar::StandardAction::Save","interaction":{"idSuffix":"BDI-content"}},"wdio_ui5_key":"rfmprogramui::xRFMxCU_ProgramObjectPage--fe::FooterBar::StandardAction::Save"}]}
RESULT: {"script":"<script> [21 bytes]","args":[{"selector":{"id":"rfm.programui::xRFMxCU_ProgramObjectPage--fe::FooterBar::StandardAction::Save","interaction":{"idSuffix":"BDI-content"}},"wdio_ui5_key":"rfmprogramui::xRFMxCU_ProgramObjectPage--fe::FooterBar::StandardAction::Save"}]}
RESULT: undefined
COMMAND: POST /session/35868dbe4530074d1fc9d310fb9df28d/element - {"using":"xpath","value":"//*[@id=\"rfm.programui::xRFMxCU_ProgramObjectPage--fe::FooterBar::StandardAction::Save\"]"}
RESULT: {"using":"xpath","value":"//*[@id=\"rfm.programui::xRFMxCU_ProgramObjectPage--fe::FooterBar::StandardAction::Save\"]"}
COMMAND: POST /session/35868dbe4530074d1fc9d310fb9df28d/element/f.69104A186288B3B8DC84E7692C69F17A.d.B18E3C08AC4A68F5D86460F7FF046E43.e.425/click - {}
RESULT: {}
COMMAND: POST /session/35868dbe4530074d1fc9d310fb9df28d/element - {"using":"css selector","value":"div.sapUiLocalBusyIndicator"}
COMMAND: GET /session/35868dbe4530074d1fc9d310fb9df28d/screenshot - {}
RESULT: {"using":"css selector","value":"div.sapUiLocalBusyIndicator"}
COMMAND: POST /session/35868dbe4530074d1fc9d310fb9df28d/execute/sync - {"script":"<script> [21 bytes]","args":[{"element-6066-11e4-a52e-4f735466cecf":"f.69104A186288B3B8DC84E7692C69F17A.d.B18E3C08AC4A68F5D86460F7FF046E43.e.573","ELEMENT":"f.69104A186288B3B8DC84E7692C69F17A.d.B18E3C08AC4A68F5D86460F7FF046E43.e.573"}]}
RESULT: {}
RESULT: {"script":"<script> [21 bytes]","args":[{"element-6066-11e4-a52e-4f735466cecf":"f.69104A186288B3B8DC84E7692C69F17A.d.B18E3C08AC4A68F5D86460F7FF046E43.e.573","ELEMENT":"f.69104A186288B3B8DC84E7692C69F17A.d.B18E3C08AC4A68F5D86460F7FF046E43.e.573"}]}
COMMAND: POST /session/35868dbe4530074d1fc9d310fb9df28d/execute/async - {"script":"<script> [21 bytes]","args":[{"selector":{"id":"rfm.programui::xRFMxCU_ProgramObjectPage--fe::HeaderFacet::Form::headerFieldsGP1::DataField::ProgramId::Field-content"},"wdio_ui5_key":"rfmprogramui::xRFMxCU_ProgramObjectPage--fe::HeaderFacet::Form::headerFieldsGP1::DataField::ProgramId::Field-content"}]}
COMMAND: GET /session/35868dbe4530074d1fc9d310fb9df28d/screenshot - {}
RESULT: {"script":"<script> [21 bytes]","args":[{"selector":{"id":"rfm.programui::xRFMxCU_ProgramObjectPage--fe::HeaderFacet::Form::headerFieldsGP1::DataField::ProgramId::Field-content"},"wdio_ui5_key":"rfmprogramui::xRFMxCU_ProgramObjectPage--fe::HeaderFacet::Form::headerFieldsGP1::DataField::ProgramId::Field-content"}]}
RESULT: undefined
COMMAND: POST /session/35868dbe4530074d1fc9d310fb9df28d/execute/async - {"script":"<script> [21 bytes]","args":[{"element-6066-11e4-a52e-4f735466cecf":"f.69104A186288B3B8DC84E7692C69F17A.d.B18E3C08AC4A68F5D86460F7FF046E43.e.583"},"getText",[]]}
RESULT: {}
RESULT: {"script":"<script> [21 bytes]","args":[{"element-6066-11e4-a52e-4f735466cecf":"f.69104A186288B3B8DC84E7692C69F17A.d.B18E3C08AC4A68F5D86460F7FF046E43.e.583"},"getText",[]]}
COMMAND: POST /session/35868dbe4530074d1fc9d310fb9df28d/element - {"using":"css selector","value":"div.sapUiLocalBusyIndicator"}
RESULT: {"using":"css selector","value":"div.sapUiLocalBusyIndicator"}
COMMAND: POST /session/35868dbe4530074d1fc9d310fb9df28d/element - {"using":"css selector","value":"div.sapUiLocalBusyIndicator"}
RESULT: {"using":"css selector","value":"div.sapUiLocalBusyIndicator"}
COMMAND: POST /session/35868dbe4530074d1fc9d310fb9df28d/execute/async - {"script":"<script> [21 bytes]","args":[{"selector":{"id":"rfm.programui::xRFMxCU_ProgramObjectPage--fe::DataFieldForAction::com.sap.gateway.srvd.rfm.ui_program.v0001.Open::com.sap.gateway.srvd.rfm.ui_program.v0001.xRFMxCU_ProgramType","interaction":{"idSuffix":"BDI-content"}},"wdio_ui5_key":"rfmprogramui::xRFMxCU_ProgramObjectPage--fe::DataFieldForAction::com.sap.gateway.srvd.rfm.ui_program.v0001.Open::com.sap.gateway.srvd.rfm.ui_program.v0001.xRFMxCU_ProgramType"}]}
RESULT: {"script":"<script> [21 bytes]","args":[{"selector":{"id":"rfm.programui::xRFMxCU_ProgramObjectPage--fe::DataFieldForAction::com.sap.gateway.srvd.rfm.ui_program.v0001.Open::com.sap.gateway.srvd.rfm.ui_program.v0001.xRFMxCU_ProgramType","interaction":{"idSuffix":"BDI-content"}},"wdio_ui5_key":"rfmprogramui::xRFMxCU_ProgramObjectPage--fe::DataFieldForAction::com.sap.gateway.srvd.rfm.ui_program.v0001.Open::com.sap.gateway.srvd.rfm.ui_program.v0001.xRFMxCU_ProgramType"}]}
RESULT: undefined
COMMAND: POST /session/35868dbe4530074d1fc9d310fb9df28d/element - {"using":"xpath","value":"//*[@id=\"rfm.programui::xRFMxCU_ProgramObjectPage--fe::DataFieldForAction::com.sap.gateway.srvd.rfm.ui_program.v0001.Open::com.sap.gateway.srvd.rfm.ui_program.v0001.xRFMxCU_ProgramType\"]"}
RESULT: {"using":"xpath","value":"//*[@id=\"rfm.programui::xRFMxCU_ProgramObjectPage--fe::DataFieldForAction::com.sap.gateway.srvd.rfm.ui_program.v0001.Open::com.sap.gateway.srvd.rfm.ui_program.v0001.xRFMxCU_ProgramType\"]"}
COMMAND: POST /session/35868dbe4530074d1fc9d310fb9df28d/element/f.69104A186288B3B8DC84E7692C69F17A.d.B18E3C08AC4A68F5D86460F7FF046E43.e.344/click - {}
RESULT: {}
COMMAND: POST /session/35868dbe4530074d1fc9d310fb9df28d/element - {"using":"css selector","value":"div.sapUiLocalBusyIndicator"}
COMMAND: GET /session/35868dbe4530074d1fc9d310fb9df28d/screenshot - {}
RESULT: {"using":"css selector","value":"div.sapUiLocalBusyIndicator"}
COMMAND: POST /session/35868dbe4530074d1fc9d310fb9df28d/element - {"using":"css selector","value":"div.sapUiLocalBusyIndicator"}
RESULT: {}
RESULT: {"using":"css selector","value":"div.sapUiLocalBusyIndicator"}
COMMAND: POST /session/35868dbe4530074d1fc9d310fb9df28d/execute/async - {"script":"<script> [21 bytes]","args":[{"selector":{"controlType":"sap.m.Button","properties":{"text":"OK"},"searchOpenDialogs":true,"interaction":{"idSuffix":"BDI-content"}},"wdio_ui5_key":"sapm.Button{\"text\":\"OK\"}"}]}
RESULT: {"script":"<script> [21 bytes]","args":[{"selector":{"controlType":"sap.m.Button","properties":{"text":"OK"},"searchOpenDialogs":true,"interaction":{"idSuffix":"BDI-content"}},"wdio_ui5_key":"sapm.Button{\"text\":\"OK\"}"}]}
RESULT: undefined
COMMAND: POST /session/35868dbe4530074d1fc9d310fb9df28d/element - {"using":"xpath","value":"//*[@id=\"__mbox-btn-0\"]"}
RESULT: {"using":"xpath","value":"//*[@id=\"__mbox-btn-0\"]"}
COMMAND: POST /session/35868dbe4530074d1fc9d310fb9df28d/element/f.69104A186288B3B8DC84E7692C69F17A.d.B18E3C08AC4A68F5D86460F7FF046E43.e.618/click - {}
RESULT: {}
COMMAND: POST /session/35868dbe4530074d1fc9d310fb9df28d/element - {"using":"css selector","value":"div.sapUiLocalBusyIndicator"}
COMMAND: GET /session/35868dbe4530074d1fc9d310fb9df28d/screenshot - {}
RESULT: {"using":"css selector","value":"div.sapUiLocalBusyIndicator"}
COMMAND: POST /session/35868dbe4530074d1fc9d310fb9df28d/element - {"using":"css selector","value":"div.sapUiLocalBusyIndicator"}
RESULT: {}
RESULT: {"using":"css selector","value":"div.sapUiLocalBusyIndicator"}
COMMAND: POST /session/35868dbe4530074d1fc9d310fb9df28d/execute/async - {"script":"<script> [21 bytes]","args":[{"selector":{"id":"backBtn"},"wdio_ui5_key":"backBtn"}]}
RESULT: {"script":"<script> [21 bytes]","args":[{"selector":{"id":"backBtn"},"wdio_ui5_key":"backBtn"}]}
RESULT: undefined
COMMAND: POST /session/35868dbe4530074d1fc9d310fb9df28d/element - {"using":"xpath","value":"//*[@id=\"backBtn\"]"}
RESULT: {"using":"xpath","value":"//*[@id=\"backBtn\"]"}
COMMAND: POST /session/35868dbe4530074d1fc9d310fb9df28d/element/f.69104A186288B3B8DC84E7692C69F17A.d.B18E3C08AC4A68F5D86460F7FF046E43.e.623/click - {}
RESULT: {}
COMMAND: GET /session/35868dbe4530074d1fc9d310fb9df28d/screenshot - {}
RESULT: {}
COMMAND: POST /session/35868dbe4530074d1fc9d310fb9df28d/element/f.69104A186288B3B8DC84E7692C69F17A.d.B18E3C08AC4A68F5D86460F7FF046E43.e.623/click - {}
COMMAND: GET /session/35868dbe4530074d1fc9d310fb9df28d/screenshot - {}
]]></system-out>
    </testcase>
    <testcase classname="chrome.139_0_7258_67.windows.Trigger" name="Should create Transaction" time="60.776">
      <system-out><![CDATA[
COMMAND: POST /session/35868dbe4530074d1fc9d310fb9df28d/execute/async - {"script":"<script> [21 bytes]","args":[{"selector":{"controlType":"sap.m.GenericTile","properties":{"header":"Funding Transaction"}},"wdio_ui5_key":"sapm.GenericTile{\"header\":\"Funding Transaction\"}"}]}
RESULT: {}
COMMAND: GET /session/35868dbe4530074d1fc9d310fb9df28d/screenshot - {}
RESULT: {}
RESULT: {"script":"<script> [21 bytes]","args":[{"selector":{"controlType":"sap.m.GenericTile","properties":{"header":"Funding Transaction"}},"wdio_ui5_key":"sapm.GenericTile{\"header\":\"Funding Transaction\"}"}]}
RESULT: undefined
COMMAND: POST /session/35868dbe4530074d1fc9d310fb9df28d/element - {"using":"xpath","value":"//*[@id=\"__tile30\"]"}
RESULT: {}
RESULT: {"using":"xpath","value":"//*[@id=\"__tile30\"]"}
COMMAND: POST /session/35868dbe4530074d1fc9d310fb9df28d/element/f.69104A186288B3B8DC84E7692C69F17A.d.B18E3C08AC4A68F5D86460F7FF046E43.e.732/click - {}
RESULT: {}
COMMAND: POST /session/35868dbe4530074d1fc9d310fb9df28d/execute/async - {"script":"<script> [21 bytes]","args":[{"selector":{"id":"rfm.transactionui::xRFMxCU_TransactionList--fe::table::allTab::LineItem::StandardAction::Create","controlType":"sap.m.Button"},"wdio_ui5_key":"rfmtransactionui::xRFMxCU_TransactionList--fe::table::allTab::LineItem::StandardAction::Createsap.m.Button"}]}
COMMAND: GET /session/35868dbe4530074d1fc9d310fb9df28d/screenshot - {}
RESULT: {"script":"<script> [21 bytes]","args":[{"selector":{"id":"rfm.transactionui::xRFMxCU_TransactionList--fe::table::allTab::LineItem::StandardAction::Create","controlType":"sap.m.Button"},"wdio_ui5_key":"rfmtransactionui::xRFMxCU_TransactionList--fe::table::allTab::LineItem::StandardAction::Createsap.m.Button"}]}
RESULT: undefined
COMMAND: POST /session/35868dbe4530074d1fc9d310fb9df28d/element - {"using":"xpath","value":"//*[@id=\"rfm.transactionui::xRFMxCU_TransactionList--fe::table::allTab::LineItem::StandardAction::Create\"]"}
RESULT: {}
RESULT: {"using":"xpath","value":"//*[@id=\"rfm.transactionui::xRFMxCU_TransactionList--fe::table::allTab::LineItem::StandardAction::Create\"]"}
COMMAND: POST /session/35868dbe4530074d1fc9d310fb9df28d/element/f.69104A186288B3B8DC84E7692C69F17A.d.B18E3C08AC4A68F5D86460F7FF046E43.e.787/click - {}
RESULT: {}
COMMAND: POST /session/35868dbe4530074d1fc9d310fb9df28d/element - {"using":"css selector","value":"div.sapUiLocalBusyIndicator"}
COMMAND: GET /session/35868dbe4530074d1fc9d310fb9df28d/screenshot - {}
RESULT: {"using":"css selector","value":"div.sapUiLocalBusyIndicator"}
COMMAND: POST /session/35868dbe4530074d1fc9d310fb9df28d/execute/sync - {"script":"<script> [21 bytes]","args":[{"element-6066-11e4-a52e-4f735466cecf":"f.69104A186288B3B8DC84E7692C69F17A.d.B18E3C08AC4A68F5D86460F7FF046E43.e.972","ELEMENT":"f.69104A186288B3B8DC84E7692C69F17A.d.B18E3C08AC4A68F5D86460F7FF046E43.e.972"}]}
RESULT: {}
RESULT: {"script":"<script> [21 bytes]","args":[{"element-6066-11e4-a52e-4f735466cecf":"f.69104A186288B3B8DC84E7692C69F17A.d.B18E3C08AC4A68F5D86460F7FF046E43.e.972","ELEMENT":"f.69104A186288B3B8DC84E7692C69F17A.d.B18E3C08AC4A68F5D86460F7FF046E43.e.972"}]}
COMMAND: POST /session/35868dbe4530074d1fc9d310fb9df28d/execute/async - {"script":"<script> [21 bytes]","args":[{"selector":{"id":"CreateDialog::xRFMxCU_TransactionType::ProgramId-inner-vhi","searchOpenDialogs":true},"wdio_ui5_key":"CreateDialogxRFMxCU_TransactionType::ProgramId-inner-vhi"}]}
COMMAND: GET /session/35868dbe4530074d1fc9d310fb9df28d/screenshot - {}
RESULT: {"script":"<script> [21 bytes]","args":[{"selector":{"id":"CreateDialog::xRFMxCU_TransactionType::ProgramId-inner-vhi","searchOpenDialogs":true},"wdio_ui5_key":"CreateDialogxRFMxCU_TransactionType::ProgramId-inner-vhi"}]}
RESULT: undefined
COMMAND: POST /session/35868dbe4530074d1fc9d310fb9df28d/element - {"using":"xpath","value":"//*[@id=\"CreateDialog::xRFMxCU_TransactionType::ProgramId-inner-vhi\"]"}
RESULT: {}
RESULT: {"using":"xpath","value":"//*[@id=\"CreateDialog::xRFMxCU_TransactionType::ProgramId-inner-vhi\"]"}
COMMAND: POST /session/35868dbe4530074d1fc9d310fb9df28d/element/f.69104A186288B3B8DC84E7692C69F17A.d.B18E3C08AC4A68F5D86460F7FF046E43.e.974/click - {}
RESULT: {}
COMMAND: POST /session/35868dbe4530074d1fc9d310fb9df28d/element - {"using":"css selector","value":"div.sapUiLocalBusyIndicator"}
COMMAND: GET /session/35868dbe4530074d1fc9d310fb9df28d/screenshot - {}
RESULT: {"using":"css selector","value":"div.sapUiLocalBusyIndicator"}
COMMAND: POST /session/35868dbe4530074d1fc9d310fb9df28d/execute/sync - {"script":"<script> [21 bytes]","args":[{"element-6066-11e4-a52e-4f735466cecf":"f.69104A186288B3B8DC84E7692C69F17A.d.B18E3C08AC4A68F5D86460F7FF046E43.e.972","ELEMENT":"f.69104A186288B3B8DC84E7692C69F17A.d.B18E3C08AC4A68F5D86460F7FF046E43.e.972"}]}
RESULT: {}
RESULT: {"script":"<script> [21 bytes]","args":[{"element-6066-11e4-a52e-4f735466cecf":"f.69104A186288B3B8DC84E7692C69F17A.d.B18E3C08AC4A68F5D86460F7FF046E43.e.972","ELEMENT":"f.69104A186288B3B8DC84E7692C69F17A.d.B18E3C08AC4A68F5D86460F7FF046E43.e.972"}]}
COMMAND: POST /session/35868dbe4530074d1fc9d310fb9df28d/execute/async - {"script":"<script> [21 bytes]","args":[{"selector":{"id":"ProgramId::VH::Dialog::qualifier::-search-inner","searchOpenDialogs":true,"interaction":{"idSuffix":"I"}},"wdio_ui5_key":"ProgramIdVH::Dialog::qualifier::-search-inner"}]}
COMMAND: GET /session/35868dbe4530074d1fc9d310fb9df28d/screenshot - {}
RESULT: {"script":"<script> [21 bytes]","args":[{"selector":{"id":"ProgramId::VH::Dialog::qualifier::-search-inner","searchOpenDialogs":true,"interaction":{"idSuffix":"I"}},"wdio_ui5_key":"ProgramIdVH::Dialog::qualifier::-search-inner"}]}
RESULT: undefined
COMMAND: POST /session/35868dbe4530074d1fc9d310fb9df28d/execute/async - {"script":"<script> [20 bytes]","args":[{"enterText":"*1781*","selector":{"id":"ProgramId::VH::Dialog::qualifier::-search-inner","searchOpenDialogs":true,"interaction":{"idSuffix":"I"}},"clearTextFirst":true,"interactionType":"ENTER_TEXT"}]}
RESULT: {}
RESULT: {"script":"<script> [20 bytes]","args":[{"enterText":"*1781*","selector":{"id":"ProgramId::VH::Dialog::qualifier::-search-inner","searchOpenDialogs":true,"interaction":{"idSuffix":"I"}},"clearTextFirst":true,"interactionType":"ENTER_TEXT"}]}
COMMAND: POST /session/35868dbe4530074d1fc9d310fb9df28d/element - {"using":"css selector","value":"div.sapUiLocalBusyIndicator"}
RESULT: {"using":"css selector","value":"div.sapUiLocalBusyIndicator"}
COMMAND: POST /session/35868dbe4530074d1fc9d310fb9df28d/execute/sync - {"script":"<script> [21 bytes]","args":[{"element-6066-11e4-a52e-4f735466cecf":"f.69104A186288B3B8DC84E7692C69F17A.d.B18E3C08AC4A68F5D86460F7FF046E43.e.972","ELEMENT":"f.69104A186288B3B8DC84E7692C69F17A.d.B18E3C08AC4A68F5D86460F7FF046E43.e.972"}]}
RESULT: {"script":"<script> [21 bytes]","args":[{"element-6066-11e4-a52e-4f735466cecf":"f.69104A186288B3B8DC84E7692C69F17A.d.B18E3C08AC4A68F5D86460F7FF046E43.e.972","ELEMENT":"f.69104A186288B3B8DC84E7692C69F17A.d.B18E3C08AC4A68F5D86460F7FF046E43.e.972"}]}
COMMAND: POST /session/35868dbe4530074d1fc9d310fb9df28d/execute/async - {"script":"<script> [21 bytes]","args":[{"selector":{"id":"ProgramId::VH::Dialog::qualifier::::Table-innerTable-rows-row0","searchOpenDialogs":true},"wdio_ui5_key":"ProgramIdVH::Dialog::qualifier::::Table-innerTable-rows-row0"}]}
COMMAND: GET /session/35868dbe4530074d1fc9d310fb9df28d/screenshot - {}
RESULT: {"script":"<script> [21 bytes]","args":[{"selector":{"id":"ProgramId::VH::Dialog::qualifier::::Table-innerTable-rows-row0","searchOpenDialogs":true},"wdio_ui5_key":"ProgramIdVH::Dialog::qualifier::::Table-innerTable-rows-row0"}]}
RESULT: undefined
COMMAND: POST /session/35868dbe4530074d1fc9d310fb9df28d/element - {"using":"xpath","value":"//*[@id=\"ProgramId::VH::Dialog::qualifier::::Table-innerTable-rows-row0\"]"}
RESULT: {}
RESULT: {"using":"xpath","value":"//*[@id=\"ProgramId::VH::Dialog::qualifier::::Table-innerTable-rows-row0\"]"}
COMMAND: POST /session/35868dbe4530074d1fc9d310fb9df28d/element/f.69104A186288B3B8DC84E7692C69F17A.d.B18E3C08AC4A68F5D86460F7FF046E43.e.981/click - {}
RESULT: {}
COMMAND: POST /session/35868dbe4530074d1fc9d310fb9df28d/element - {"using":"css selector","value":"div.sapUiLocalBusyIndicator"}
COMMAND: GET /session/35868dbe4530074d1fc9d310fb9df28d/screenshot - {}
RESULT: {"using":"css selector","value":"div.sapUiLocalBusyIndicator"}
COMMAND: POST /session/35868dbe4530074d1fc9d310fb9df28d/execute/sync - {"script":"<script> [21 bytes]","args":[{"element-6066-11e4-a52e-4f735466cecf":"f.69104A186288B3B8DC84E7692C69F17A.d.B18E3C08AC4A68F5D86460F7FF046E43.e.972","ELEMENT":"f.69104A186288B3B8DC84E7692C69F17A.d.B18E3C08AC4A68F5D86460F7FF046E43.e.972"}]}
RESULT: {}
RESULT: {"script":"<script> [21 bytes]","args":[{"element-6066-11e4-a52e-4f735466cecf":"f.69104A186288B3B8DC84E7692C69F17A.d.B18E3C08AC4A68F5D86460F7FF046E43.e.972","ELEMENT":"f.69104A186288B3B8DC84E7692C69F17A.d.B18E3C08AC4A68F5D86460F7FF046E43.e.972"}]}
COMMAND: POST /session/35868dbe4530074d1fc9d310fb9df28d/execute/async - {"script":"<script> [21 bytes]","args":[{"selector":{"id":"CreateDialog::xRFMxCU_TransactionType::FundingType-inner","searchOpenDialogs":true,"interaction":{"idSuffix":"inner"}},"wdio_ui5_key":"CreateDialogxRFMxCU_TransactionType::FundingType-inner"}]}
COMMAND: GET /session/35868dbe4530074d1fc9d310fb9df28d/screenshot - {}
RESULT: {"script":"<script> [21 bytes]","args":[{"selector":{"id":"CreateDialog::xRFMxCU_TransactionType::FundingType-inner","searchOpenDialogs":true,"interaction":{"idSuffix":"inner"}},"wdio_ui5_key":"CreateDialogxRFMxCU_TransactionType::FundingType-inner"}]}
RESULT: undefined
COMMAND: POST /session/35868dbe4530074d1fc9d310fb9df28d/execute/async - {"script":"<script> [20 bytes]","args":[{"enterText":"30","selector":{"id":"CreateDialog::xRFMxCU_TransactionType::FundingType-inner","searchOpenDialogs":true,"interaction":{"idSuffix":"inner"}},"clearTextFirst":true,"interactionType":"ENTER_TEXT"}]}
RESULT: {}
RESULT: {"script":"<script> [20 bytes]","args":[{"enterText":"30","selector":{"id":"CreateDialog::xRFMxCU_TransactionType::FundingType-inner","searchOpenDialogs":true,"interaction":{"idSuffix":"inner"}},"clearTextFirst":true,"interactionType":"ENTER_TEXT"}]}
COMMAND: POST /session/35868dbe4530074d1fc9d310fb9df28d/element - {"using":"css selector","value":"div.sapUiLocalBusyIndicator"}
RESULT: {"using":"css selector","value":"div.sapUiLocalBusyIndicator"}
COMMAND: POST /session/35868dbe4530074d1fc9d310fb9df28d/execute/sync - {"script":"<script> [21 bytes]","args":[{"element-6066-11e4-a52e-4f735466cecf":"f.69104A186288B3B8DC84E7692C69F17A.d.B18E3C08AC4A68F5D86460F7FF046E43.e.972","ELEMENT":"f.69104A186288B3B8DC84E7692C69F17A.d.B18E3C08AC4A68F5D86460F7FF046E43.e.972"}]}
RESULT: {"script":"<script> [21 bytes]","args":[{"element-6066-11e4-a52e-4f735466cecf":"f.69104A186288B3B8DC84E7692C69F17A.d.B18E3C08AC4A68F5D86460F7FF046E43.e.972","ELEMENT":"f.69104A186288B3B8DC84E7692C69F17A.d.B18E3C08AC4A68F5D86460F7FF046E43.e.972"}]}
COMMAND: POST /session/35868dbe4530074d1fc9d310fb9df28d/execute/async - {"script":"<script> [21 bytes]","args":[{"selector":{"id":"CreateDialog::xRFMxCU_Transaction-footer","searchOpenDialogs":true},"wdio_ui5_key":"CreateDialogxRFMxCU_Transaction-footer"}]}
COMMAND: GET /session/35868dbe4530074d1fc9d310fb9df28d/screenshot - {}
RESULT: {"script":"<script> [21 bytes]","args":[{"selector":{"id":"CreateDialog::xRFMxCU_Transaction-footer","searchOpenDialogs":true},"wdio_ui5_key":"CreateDialogxRFMxCU_Transaction-footer"}]}
RESULT: undefined
COMMAND: POST /session/35868dbe4530074d1fc9d310fb9df28d/element - {"using":"xpath","value":"//*[@id=\"CreateDialog::xRFMxCU_Transaction-footer\"]"}
RESULT: {}
RESULT: {"using":"xpath","value":"//*[@id=\"CreateDialog::xRFMxCU_Transaction-footer\"]"}
COMMAND: POST /session/35868dbe4530074d1fc9d310fb9df28d/element/f.69104A186288B3B8DC84E7692C69F17A.d.B18E3C08AC4A68F5D86460F7FF046E43.e.985/click - {}
COMMAND: POST /session/35868dbe4530074d1fc9d310fb9df28d/element - {"using":"css selector","value":"div.sapUiLocalBusyIndicator"}
RESULT: {"using":"css selector","value":"div.sapUiLocalBusyIndicator"}
COMMAND: POST /session/35868dbe4530074d1fc9d310fb9df28d/execute/sync - {"script":"<script> [21 bytes]","args":[{"element-6066-11e4-a52e-4f735466cecf":"f.69104A186288B3B8DC84E7692C69F17A.d.B18E3C08AC4A68F5D86460F7FF046E43.e.972","ELEMENT":"f.69104A186288B3B8DC84E7692C69F17A.d.B18E3C08AC4A68F5D86460F7FF046E43.e.972"}]}
RESULT: {"script":"<script> [21 bytes]","args":[{"element-6066-11e4-a52e-4f735466cecf":"f.69104A186288B3B8DC84E7692C69F17A.d.B18E3C08AC4A68F5D86460F7FF046E43.e.972","ELEMENT":"f.69104A186288B3B8DC84E7692C69F17A.d.B18E3C08AC4A68F5D86460F7FF046E43.e.972"}]}
COMMAND: POST /session/35868dbe4530074d1fc9d310fb9df28d/execute/async - {"script":"<script> [21 bytes]","args":[{"forceSelect":true,"selector":{"controlType":"sap.m.Button","viewName":"sap.fe.templates.ObjectPage.ObjectPage","viewId":"rfm.transactionui::xRFMxCU_TransactionObjectPage","properties":{"text":"Continue"},"searchOpenDialogs":true,"interaction":{"idSuffix":"BDI-content"}},"wdio_ui5_key":"sapfe.templates.ObjectPage.ObjectPagesap.m.Button{\"text\":\"Continue\"}"}]}
COMMAND: GET /session/35868dbe4530074d1fc9d310fb9df28d/screenshot - {}
RESULT: {"script":"<script> [21 bytes]","args":[{"forceSelect":true,"selector":{"controlType":"sap.m.Button","viewName":"sap.fe.templates.ObjectPage.ObjectPage","viewId":"rfm.transactionui::xRFMxCU_TransactionObjectPage","properties":{"text":"Continue"},"searchOpenDialogs":true,"interaction":{"idSuffix":"BDI-content"}},"wdio_ui5_key":"sapfe.templates.ObjectPage.ObjectPagesap.m.Button{\"text\":\"Continue\"}"}]}
RESULT: undefined
COMMAND: POST /session/35868dbe4530074d1fc9d310fb9df28d/element - {"using":"xpath","value":"//*[@id=\"__button257\"]"}
RESULT: {}
RESULT: {"using":"xpath","value":"//*[@id=\"__button257\"]"}
COMMAND: POST /session/35868dbe4530074d1fc9d310fb9df28d/element/f.69104A186288B3B8DC84E7692C69F17A.d.B18E3C08AC4A68F5D86460F7FF046E43.e.987/click - {}
COMMAND: POST /session/35868dbe4530074d1fc9d310fb9df28d/element - {"using":"css selector","value":"div.sapUiLocalBusyIndicator"}
RESULT: {"using":"css selector","value":"div.sapUiLocalBusyIndicator"}
COMMAND: POST /session/35868dbe4530074d1fc9d310fb9df28d/execute/sync - {"script":"<script> [21 bytes]","args":[{"element-6066-11e4-a52e-4f735466cecf":"f.69104A186288B3B8DC84E7692C69F17A.d.B18E3C08AC4A68F5D86460F7FF046E43.e.972","ELEMENT":"f.69104A186288B3B8DC84E7692C69F17A.d.B18E3C08AC4A68F5D86460F7FF046E43.e.972"}]}
RESULT: {"script":"<script> [21 bytes]","args":[{"element-6066-11e4-a52e-4f735466cecf":"f.69104A186288B3B8DC84E7692C69F17A.d.B18E3C08AC4A68F5D86460F7FF046E43.e.972","ELEMENT":"f.69104A186288B3B8DC84E7692C69F17A.d.B18E3C08AC4A68F5D86460F7FF046E43.e.972"}]}
COMMAND: POST /session/35868dbe4530074d1fc9d310fb9df28d/execute/async - {"script":"<script> [21 bytes]","args":[{"selector":{"id":"rfm.transactionui::xRFMxCU_TransactionObjectPage--fe::CustomSubSection::CustomDetailsSection--fe::FormContainer::FieldGroup::Term::FormElement::DataField::AssetCashflowDateFrom::Field-edit","interaction":{"idSuffix":"inner"}},"wdio_ui5_key":"rfmtransactionui::xRFMxCU_TransactionObjectPage--fe::CustomSubSection::CustomDetailsSection--fe::FormContainer::FieldGroup::Term::FormElement::DataField::AssetCashflowDateFrom::Field-edit"}]}
COMMAND: GET /session/35868dbe4530074d1fc9d310fb9df28d/screenshot - {}
RESULT: {"script":"<script> [21 bytes]","args":[{"selector":{"id":"rfm.transactionui::xRFMxCU_TransactionObjectPage--fe::CustomSubSection::CustomDetailsSection--fe::FormContainer::FieldGroup::Term::FormElement::DataField::AssetCashflowDateFrom::Field-edit","interaction":{"idSuffix":"inner"}},"wdio_ui5_key":"rfmtransactionui::xRFMxCU_TransactionObjectPage--fe::CustomSubSection::CustomDetailsSection--fe::FormContainer::FieldGroup::Term::FormElement::DataField::AssetCashflowDateFrom::Field-edit"}]}
RESULT: undefined
COMMAND: POST /session/35868dbe4530074d1fc9d310fb9df28d/element - {"using":"css selector","value":"div.sapUiLocalBusyIndicator"}
RESULT: {}
RESULT: {"using":"css selector","value":"div.sapUiLocalBusyIndicator"}
COMMAND: POST /session/35868dbe4530074d1fc9d310fb9df28d/execute/sync - {"script":"<script> [21 bytes]","args":[{"element-6066-11e4-a52e-4f735466cecf":"f.69104A186288B3B8DC84E7692C69F17A.d.B18E3C08AC4A68F5D86460F7FF046E43.e.972","ELEMENT":"f.69104A186288B3B8DC84E7692C69F17A.d.B18E3C08AC4A68F5D86460F7FF046E43.e.972"}]}
RESULT: {"script":"<script> [21 bytes]","args":[{"element-6066-11e4-a52e-4f735466cecf":"f.69104A186288B3B8DC84E7692C69F17A.d.B18E3C08AC4A68F5D86460F7FF046E43.e.972","ELEMENT":"f.69104A186288B3B8DC84E7692C69F17A.d.B18E3C08AC4A68F5D86460F7FF046E43.e.972"}]}
COMMAND: POST /session/35868dbe4530074d1fc9d310fb9df28d/execute/async - {"script":"<script> [21 bytes]","args":[{"selector":{"id":"rfm.transactionui::xRFMxCU_TransactionObjectPage--fe::CustomSubSection::CustomDetailsSection--fe::FormContainer::FieldGroup::Term::FormElement::DataField::AssetCashflowDateTo::Field-edit","interaction":{"idSuffix":"inner"}},"wdio_ui5_key":"rfmtransactionui::xRFMxCU_TransactionObjectPage--fe::CustomSubSection::CustomDetailsSection--fe::FormContainer::FieldGroup::Term::FormElement::DataField::AssetCashflowDateTo::Field-edit"}]}
COMMAND: GET /session/35868dbe4530074d1fc9d310fb9df28d/screenshot - {}
RESULT: {"script":"<script> [21 bytes]","args":[{"selector":{"id":"rfm.transactionui::xRFMxCU_TransactionObjectPage--fe::CustomSubSection::CustomDetailsSection--fe::FormContainer::FieldGroup::Term::FormElement::DataField::AssetCashflowDateTo::Field-edit","interaction":{"idSuffix":"inner"}},"wdio_ui5_key":"rfmtransactionui::xRFMxCU_TransactionObjectPage--fe::CustomSubSection::CustomDetailsSection--fe::FormContainer::FieldGroup::Term::FormElement::DataField::AssetCashflowDateTo::Field-edit"}]}
RESULT: undefined
COMMAND: POST /session/35868dbe4530074d1fc9d310fb9df28d/element - {"using":"css selector","value":"div.sapUiLocalBusyIndicator"}
RESULT: {}
RESULT: {"using":"css selector","value":"div.sapUiLocalBusyIndicator"}
COMMAND: POST /session/35868dbe4530074d1fc9d310fb9df28d/execute/sync - {"script":"<script> [21 bytes]","args":[{"element-6066-11e4-a52e-4f735466cecf":"f.69104A186288B3B8DC84E7692C69F17A.d.B18E3C08AC4A68F5D86460F7FF046E43.e.972","ELEMENT":"f.69104A186288B3B8DC84E7692C69F17A.d.B18E3C08AC4A68F5D86460F7FF046E43.e.972"}]}
RESULT: {"script":"<script> [21 bytes]","args":[{"element-6066-11e4-a52e-4f735466cecf":"f.69104A186288B3B8DC84E7692C69F17A.d.B18E3C08AC4A68F5D86460F7FF046E43.e.972","ELEMENT":"f.69104A186288B3B8DC84E7692C69F17A.d.B18E3C08AC4A68F5D86460F7FF046E43.e.972"}]}
COMMAND: POST /session/35868dbe4530074d1fc9d310fb9df28d/execute/async - {"script":"<script> [21 bytes]","args":[{"selector":{"id":"rfm.transactionui::xRFMxCU_TransactionObjectPage--fe::ObjectPage-anchBar-rfm.transactionui::xRFMxCU_TransactionObjectPage--fe::EditableHeaderSection-anchor","interaction":{"idSuffix":"text"}},"wdio_ui5_key":"rfmtransactionui::xRFMxCU_TransactionObjectPage--fe::ObjectPage-anchBar-rfm.transactionui::xRFMxCU_TransactionObjectPage--fe::EditableHeaderSection-anchor"}]}
COMMAND: GET /session/35868dbe4530074d1fc9d310fb9df28d/screenshot - {}
RESULT: {"script":"<script> [21 bytes]","args":[{"selector":{"id":"rfm.transactionui::xRFMxCU_TransactionObjectPage--fe::ObjectPage-anchBar-rfm.transactionui::xRFMxCU_TransactionObjectPage--fe::EditableHeaderSection-anchor","interaction":{"idSuffix":"text"}},"wdio_ui5_key":"rfmtransactionui::xRFMxCU_TransactionObjectPage--fe::ObjectPage-anchBar-rfm.transactionui::xRFMxCU_TransactionObjectPage--fe::EditableHeaderSection-anchor"}]}
RESULT: undefined
COMMAND: POST /session/35868dbe4530074d1fc9d310fb9df28d/element - {"using":"css selector","value":"div.sapUiLocalBusyIndicator"}
RESULT: {}
RESULT: {"using":"css selector","value":"div.sapUiLocalBusyIndicator"}
COMMAND: POST /session/35868dbe4530074d1fc9d310fb9df28d/execute/sync - {"script":"<script> [21 bytes]","args":[{"element-6066-11e4-a52e-4f735466cecf":"f.69104A186288B3B8DC84E7692C69F17A.d.B18E3C08AC4A68F5D86460F7FF046E43.e.972","ELEMENT":"f.69104A186288B3B8DC84E7692C69F17A.d.B18E3C08AC4A68F5D86460F7FF046E43.e.972"}]}
RESULT: {"script":"<script> [21 bytes]","args":[{"element-6066-11e4-a52e-4f735466cecf":"f.69104A186288B3B8DC84E7692C69F17A.d.B18E3C08AC4A68F5D86460F7FF046E43.e.972","ELEMENT":"f.69104A186288B3B8DC84E7692C69F17A.d.B18E3C08AC4A68F5D86460F7FF046E43.e.972"}]}
COMMAND: POST /session/35868dbe4530074d1fc9d310fb9df28d/execute/async - {"script":"<script> [21 bytes]","args":[{"selector":{"id":"rfm.transactionui::xRFMxCU_TransactionObjectPage--fe::HeaderFacet::FormContainer::headerFieldsGP1::FormElement::DataField::Name::Field-edit","interaction":{"idSuffix":"inner"}},"wdio_ui5_key":"rfmtransactionui::xRFMxCU_TransactionObjectPage--fe::HeaderFacet::FormContainer::headerFieldsGP1::FormElement::DataField::Name::Field-edit"}]}
COMMAND: GET /session/35868dbe4530074d1fc9d310fb9df28d/screenshot - {}
RESULT: {"script":"<script> [21 bytes]","args":[{"selector":{"id":"rfm.transactionui::xRFMxCU_TransactionObjectPage--fe::HeaderFacet::FormContainer::headerFieldsGP1::FormElement::DataField::Name::Field-edit","interaction":{"idSuffix":"inner"}},"wdio_ui5_key":"rfmtransactionui::xRFMxCU_TransactionObjectPage--fe::HeaderFacet::FormContainer::headerFieldsGP1::FormElement::DataField::Name::Field-edit"}]}
RESULT: undefined
COMMAND: POST /session/35868dbe4530074d1fc9d310fb9df28d/element - {"using":"css selector","value":"div.sapUiLocalBusyIndicator"}
RESULT: {}
RESULT: {"using":"css selector","value":"div.sapUiLocalBusyIndicator"}
COMMAND: POST /session/35868dbe4530074d1fc9d310fb9df28d/execute/sync - {"script":"<script> [21 bytes]","args":[{"element-6066-11e4-a52e-4f735466cecf":"f.69104A186288B3B8DC84E7692C69F17A.d.B18E3C08AC4A68F5D86460F7FF046E43.e.972","ELEMENT":"f.69104A186288B3B8DC84E7692C69F17A.d.B18E3C08AC4A68F5D86460F7FF046E43.e.972"}]}
RESULT: {"script":"<script> [21 bytes]","args":[{"element-6066-11e4-a52e-4f735466cecf":"f.69104A186288B3B8DC84E7692C69F17A.d.B18E3C08AC4A68F5D86460F7FF046E43.e.972","ELEMENT":"f.69104A186288B3B8DC84E7692C69F17A.d.B18E3C08AC4A68F5D86460F7FF046E43.e.972"}]}
COMMAND: POST /session/35868dbe4530074d1fc9d310fb9df28d/execute/async - {"script":"<script> [21 bytes]","args":[{"selector":{"id":"rfm.transactionui::xRFMxCU_TransactionObjectPage--fe::HeaderFacet::FormContainer::headerFieldsGP1::FormElement::DataField::TransactionId::Field-display"},"wdio_ui5_key":"rfmtransactionui::xRFMxCU_TransactionObjectPage--fe::HeaderFacet::FormContainer::headerFieldsGP1::FormElement::DataField::TransactionId::Field-display"}]}
COMMAND: GET /session/35868dbe4530074d1fc9d310fb9df28d/screenshot - {}
RESULT: {"script":"<script> [21 bytes]","args":[{"selector":{"id":"rfm.transactionui::xRFMxCU_TransactionObjectPage--fe::HeaderFacet::FormContainer::headerFieldsGP1::FormElement::DataField::TransactionId::Field-display"},"wdio_ui5_key":"rfmtransactionui::xRFMxCU_TransactionObjectPage--fe::HeaderFacet::FormContainer::headerFieldsGP1::FormElement::DataField::TransactionId::Field-display"}]}
RESULT: undefined
COMMAND: POST /session/35868dbe4530074d1fc9d310fb9df28d/element - {"using":"css selector","value":"div.sapUiLocalBusyIndicator"}
RESULT: {}
RESULT: {"using":"css selector","value":"div.sapUiLocalBusyIndicator"}
COMMAND: POST /session/35868dbe4530074d1fc9d310fb9df28d/execute/sync - {"script":"<script> [21 bytes]","args":[{"element-6066-11e4-a52e-4f735466cecf":"f.69104A186288B3B8DC84E7692C69F17A.d.B18E3C08AC4A68F5D86460F7FF046E43.e.972","ELEMENT":"f.69104A186288B3B8DC84E7692C69F17A.d.B18E3C08AC4A68F5D86460F7FF046E43.e.972"}]}
RESULT: {"script":"<script> [21 bytes]","args":[{"element-6066-11e4-a52e-4f735466cecf":"f.69104A186288B3B8DC84E7692C69F17A.d.B18E3C08AC4A68F5D86460F7FF046E43.e.972","ELEMENT":"f.69104A186288B3B8DC84E7692C69F17A.d.B18E3C08AC4A68F5D86460F7FF046E43.e.972"}]}
COMMAND: POST /session/35868dbe4530074d1fc9d310fb9df28d/execute/async - {"script":"<script> [21 bytes]","args":[{"selector":{"id":"rfm.transactionui::xRFMxCU_TransactionObjectPage--fe::ObjectPage-anchBar-rfm.transactionui::xRFMxCU_TransactionObjectPage--fe::FacetSection::FundingScopeCollection-anchor"},"wdio_ui5_key":"rfmtransactionui::xRFMxCU_TransactionObjectPage--fe::ObjectPage-anchBar-rfm.transactionui::xRFMxCU_TransactionObjectPage--fe::FacetSection::FundingScopeCollection-anchor"}]}
COMMAND: GET /session/35868dbe4530074d1fc9d310fb9df28d/screenshot - {}
RESULT: {"script":"<script> [21 bytes]","args":[{"selector":{"id":"rfm.transactionui::xRFMxCU_TransactionObjectPage--fe::ObjectPage-anchBar-rfm.transactionui::xRFMxCU_TransactionObjectPage--fe::FacetSection::FundingScopeCollection-anchor"},"wdio_ui5_key":"rfmtransactionui::xRFMxCU_TransactionObjectPage--fe::ObjectPage-anchBar-rfm.transactionui::xRFMxCU_TransactionObjectPage--fe::FacetSection::FundingScopeCollection-anchor"}]}
RESULT: undefined
COMMAND: POST /session/35868dbe4530074d1fc9d310fb9df28d/element - {"using":"xpath","value":"//*[@id=\"rfm.transactionui::xRFMxCU_TransactionObjectPage--fe::ObjectPage-anchBar-rfm.transactionui::xRFMxCU_TransactionObjectPage--fe::FacetSection::FundingScopeCollection-anchor\"]"}
RESULT: {}
RESULT: {"using":"xpath","value":"//*[@id=\"rfm.transactionui::xRFMxCU_TransactionObjectPage--fe::ObjectPage-anchBar-rfm.transactionui::xRFMxCU_TransactionObjectPage--fe::FacetSection::FundingScopeCollection-anchor\"]"}
COMMAND: POST /session/35868dbe4530074d1fc9d310fb9df28d/element/f.69104A186288B3B8DC84E7692C69F17A.d.B18E3C08AC4A68F5D86460F7FF046E43.e.988/click - {}
COMMAND: POST /session/35868dbe4530074d1fc9d310fb9df28d/element - {"using":"css selector","value":"div.sapUiLocalBusyIndicator"}
RESULT: {"using":"css selector","value":"div.sapUiLocalBusyIndicator"}
COMMAND: POST /session/35868dbe4530074d1fc9d310fb9df28d/execute/sync - {"script":"<script> [21 bytes]","args":[{"element-6066-11e4-a52e-4f735466cecf":"f.69104A186288B3B8DC84E7692C69F17A.d.B18E3C08AC4A68F5D86460F7FF046E43.e.972","ELEMENT":"f.69104A186288B3B8DC84E7692C69F17A.d.B18E3C08AC4A68F5D86460F7FF046E43.e.972"}]}
RESULT: {"script":"<script> [21 bytes]","args":[{"element-6066-11e4-a52e-4f735466cecf":"f.69104A186288B3B8DC84E7692C69F17A.d.B18E3C08AC4A68F5D86460F7FF046E43.e.972","ELEMENT":"f.69104A186288B3B8DC84E7692C69F17A.d.B18E3C08AC4A68F5D86460F7FF046E43.e.972"}]}
COMMAND: POST /session/35868dbe4530074d1fc9d310fb9df28d/execute/async - {"script":"<script> [21 bytes]","args":[{"selector":{"controlType":"sap.ui.mdc.field.FieldInput","viewName":"sap.fe.templates.ObjectPage.ObjectPage","viewId":"rfm.transactionui::xRFMxCU_TransactionObjectPage","bindingPath":{"path":"","propertyPath":"/conditions","modelName":"$field"},"ancestor":{"controlType":"sap.ui.mdc.Field","viewName":"sap.fe.templates.ObjectPage.ObjectPage","viewId":"rfm.transactionui::xRFMxCU_TransactionObjectPage","bindingPath":{"path":"/xRFMxCU_Transaction(TransactionId='undefined',IsActiveEntity=false)/_TransactionCFPart(TransactionId='undefined',CashFlowPartType='1',IsActiveEntity=false)","propertyPath":"__EntityControl/Updatable"}},"interaction":{"idSuffix":"inner"}},"wdio_ui5_key":"sapfe.templates.ObjectPage.ObjectPagesap.ui.mdc.field.FieldInput{\"path\":\"\",\"propertyPath\":\"/conditions\",\"modelName\":\"$field\"}{\"controlType\":\"sap.ui.mdc.Field\",\"viewName\":\"sap.fe.templates.ObjectPage.ObjectPage\",\"viewId\":\"rfm.transactionui::xRFMxCU_TransactionObjectPage\",\"bindingPath\":{\"path\":\"/xRFMxCU_Transaction(TransactionId='undefined',IsActiveEntity=false)/_TransactionCFPart(TransactionId='undefined',CashFlowPartType='1',IsActiveEntity=false)\",\"propertyPath\":\"__EntityControl/Updatable\"}}"}]}
COMMAND: GET /session/35868dbe4530074d1fc9d310fb9df28d/screenshot - {}
RESULT: {"script":"<script> [21 bytes]","args":[{"selector":{"controlType":"sap.ui.mdc.field.FieldInput","viewName":"sap.fe.templates.ObjectPage.ObjectPage","viewId":"rfm.transactionui::xRFMxCU_TransactionObjectPage","bindingPath":{"path":"","propertyPath":"/conditions","modelName":"$field"},"ancestor":{"controlType":"sap.ui.mdc.Field","viewName":"sap.fe.templates.ObjectPage.ObjectPage","viewId":"rfm.transactionui::xRFMxCU_TransactionObjectPage","bindingPath":{"path":"/xRFMxCU_Transaction(TransactionId='undefined',IsActiveEntity=false)/_TransactionCFPart(TransactionId='undefined',CashFlowPartType='1',IsActiveEntity=false)","propertyPath":"__EntityControl/Updatable"}},"interaction":{"idSuffix":"inner"}},"wdio_ui5_key":"sapfe.templates.ObjectPage.ObjectPagesap.ui.mdc.field.FieldInput{\"path\":\"\",\"propertyPath\":\"/conditions\",\"modelName\":\"$field\"}{\"controlType\":\"sap.ui.mdc.Field\",\"viewName\":\"sap.fe.templates.ObjectPage.ObjectPage\",\"viewId\":\"rfm.transactionui::xRFMxCU_TransactionObjectPage\",\"bindingPath\":{\"path\":\"/xRFMxCU_Transaction(TransactionId='undefined',IsActiveEntity=false)/_TransactionCFPart(TransactionId='undefined',CashFlowPartType='1',IsActiveEntity=false)\",\"propertyPath\":\"__EntityControl/Updatable\"}}"}]}
RESULT: undefined
COMMAND: POST /session/35868dbe4530074d1fc9d310fb9df28d/element - {"using":"css selector","value":"div.sapUiLocalBusyIndicator"}
RESULT: {}
RESULT: {"using":"css selector","value":"div.sapUiLocalBusyIndicator"}
COMMAND: POST /session/35868dbe4530074d1fc9d310fb9df28d/execute/sync - {"script":"<script> [21 bytes]","args":[{"element-6066-11e4-a52e-4f735466cecf":"f.69104A186288B3B8DC84E7692C69F17A.d.B18E3C08AC4A68F5D86460F7FF046E43.e.972","ELEMENT":"f.69104A186288B3B8DC84E7692C69F17A.d.B18E3C08AC4A68F5D86460F7FF046E43.e.972"}]}
RESULT: {"script":"<script> [21 bytes]","args":[{"element-6066-11e4-a52e-4f735466cecf":"f.69104A186288B3B8DC84E7692C69F17A.d.B18E3C08AC4A68F5D86460F7FF046E43.e.972","ELEMENT":"f.69104A186288B3B8DC84E7692C69F17A.d.B18E3C08AC4A68F5D86460F7FF046E43.e.972"}]}
COMMAND: POST /session/35868dbe4530074d1fc9d310fb9df28d/execute/async - {"script":"<script> [21 bytes]","args":[{"selector":{"id":"rfm.transactionui::xRFMxCU_TransactionObjectPage--fe::table::_TransactionCFPart::LineItem-innerTable-rows-row1","interaction":{"idSuffix":"col0"}},"wdio_ui5_key":"rfmtransactionui::xRFMxCU_TransactionObjectPage--fe::table::_TransactionCFPart::LineItem-innerTable-rows-row1"}]}
COMMAND: GET /session/35868dbe4530074d1fc9d310fb9df28d/screenshot - {}
RESULT: {"script":"<script> [21 bytes]","args":[{"selector":{"id":"rfm.transactionui::xRFMxCU_TransactionObjectPage--fe::table::_TransactionCFPart::LineItem-innerTable-rows-row1","interaction":{"idSuffix":"col0"}},"wdio_ui5_key":"rfmtransactionui::xRFMxCU_TransactionObjectPage--fe::table::_TransactionCFPart::LineItem-innerTable-rows-row1"}]}
RESULT: undefined
COMMAND: POST /session/35868dbe4530074d1fc9d310fb9df28d/element - {"using":"css selector","value":"div.sapUiLocalBusyIndicator"}
RESULT: {}
RESULT: {"using":"css selector","value":"div.sapUiLocalBusyIndicator"}
COMMAND: POST /session/35868dbe4530074d1fc9d310fb9df28d/execute/sync - {"script":"<script> [21 bytes]","args":[{"element-6066-11e4-a52e-4f735466cecf":"f.69104A186288B3B8DC84E7692C69F17A.d.B18E3C08AC4A68F5D86460F7FF046E43.e.972","ELEMENT":"f.69104A186288B3B8DC84E7692C69F17A.d.B18E3C08AC4A68F5D86460F7FF046E43.e.972"}]}
RESULT: {"script":"<script> [21 bytes]","args":[{"element-6066-11e4-a52e-4f735466cecf":"f.69104A186288B3B8DC84E7692C69F17A.d.B18E3C08AC4A68F5D86460F7FF046E43.e.972","ELEMENT":"f.69104A186288B3B8DC84E7692C69F17A.d.B18E3C08AC4A68F5D86460F7FF046E43.e.972"}]}
COMMAND: POST /session/35868dbe4530074d1fc9d310fb9df28d/execute/async - {"script":"<script> [21 bytes]","args":[{"forceSelect":true,"selector":{"controlType":"sap.ui.mdc.field.FieldInput","viewName":"sap.fe.templates.ObjectPage.ObjectPage","viewId":"rfm.transactionui::xRFMxCU_TransactionObjectPage","bindingPath":{"path":"","propertyPath":"/conditions","modelName":"$field"},"ancestor":{"controlType":"sap.ui.mdc.Field","viewName":"sap.fe.templates.ObjectPage.ObjectPage","viewId":"rfm.transactionui::xRFMxCU_TransactionObjectPage","bindingPath":{"path":"/xRFMxCU_Transaction(TransactionId='undefined',IsActiveEntity=false)/_TransactionCFPart(TransactionId='undefined',CashFlowPartType='2',IsActiveEntity=false)","propertyPath":"__EntityControl/Updatable"}},"interaction":{"idSuffix":"inner"}},"wdio_ui5_key":"sapfe.templates.ObjectPage.ObjectPagesap.ui.mdc.field.FieldInput{\"path\":\"\",\"propertyPath\":\"/conditions\",\"modelName\":\"$field\"}{\"controlType\":\"sap.ui.mdc.Field\",\"viewName\":\"sap.fe.templates.ObjectPage.ObjectPage\",\"viewId\":\"rfm.transactionui::xRFMxCU_TransactionObjectPage\",\"bindingPath\":{\"path\":\"/xRFMxCU_Transaction(TransactionId='undefined',IsActiveEntity=false)/_TransactionCFPart(TransactionId='undefined',CashFlowPartType='2',IsActiveEntity=false)\",\"propertyPath\":\"__EntityControl/Updatable\"}}"}]}
COMMAND: GET /session/35868dbe4530074d1fc9d310fb9df28d/screenshot - {}
RESULT: {"script":"<script> [21 bytes]","args":[{"forceSelect":true,"selector":{"controlType":"sap.ui.mdc.field.FieldInput","viewName":"sap.fe.templates.ObjectPage.ObjectPage","viewId":"rfm.transactionui::xRFMxCU_TransactionObjectPage","bindingPath":{"path":"","propertyPath":"/conditions","modelName":"$field"},"ancestor":{"controlType":"sap.ui.mdc.Field","viewName":"sap.fe.templates.ObjectPage.ObjectPage","viewId":"rfm.transactionui::xRFMxCU_TransactionObjectPage","bindingPath":{"path":"/xRFMxCU_Transaction(TransactionId='undefined',IsActiveEntity=false)/_TransactionCFPart(TransactionId='undefined',CashFlowPartType='2',IsActiveEntity=false)","propertyPath":"__EntityControl/Updatable"}},"interaction":{"idSuffix":"inner"}},"wdio_ui5_key":"sapfe.templates.ObjectPage.ObjectPagesap.ui.mdc.field.FieldInput{\"path\":\"\",\"propertyPath\":\"/conditions\",\"modelName\":\"$field\"}{\"controlType\":\"sap.ui.mdc.Field\",\"viewName\":\"sap.fe.templates.ObjectPage.ObjectPage\",\"viewId\":\"rfm.transactionui::xRFMxCU_TransactionObjectPage\",\"bindingPath\":{\"path\":\"/xRFMxCU_Transaction(TransactionId='undefined',IsActiveEntity=false)/_TransactionCFPart(TransactionId='undefined',CashFlowPartType='2',IsActiveEntity=false)\",\"propertyPath\":\"__EntityControl/Updatable\"}}"}]}
RESULT: undefined
COMMAND: POST /session/35868dbe4530074d1fc9d310fb9df28d/execute/async - {"script":"<script> [21 bytes]","args":[{"selector":{"id":"rfm.transactionui::xRFMxCU_TransactionObjectPage--fe::FooterBar::StandardAction::Save","interaction":{"idSuffix":"BDI-content"}},"wdio_ui5_key":"rfmtransactionui::xRFMxCU_TransactionObjectPage--fe::FooterBar::StandardAction::Save"}]}
RESULT: {}
RESULT: {"script":"<script> [21 bytes]","args":[{"selector":{"id":"rfm.transactionui::xRFMxCU_TransactionObjectPage--fe::FooterBar::StandardAction::Save","interaction":{"idSuffix":"BDI-content"}},"wdio_ui5_key":"rfmtransactionui::xRFMxCU_TransactionObjectPage--fe::FooterBar::StandardAction::Save"}]}
RESULT: undefined
COMMAND: POST /session/35868dbe4530074d1fc9d310fb9df28d/execute/async - {"script":"<script> [21 bytes]","args":[{"selector":{"id":"rfm.transactionui::xRFMxCU_TransactionObjectPage--fe::FooterBar::MessageButton-img"},"wdio_ui5_key":"rfmtransactionui::xRFMxCU_TransactionObjectPage--fe::FooterBar::MessageButton-img"}]}
RESULT: {"script":"<script> [21 bytes]","args":[{"selector":{"id":"rfm.transactionui::xRFMxCU_TransactionObjectPage--fe::FooterBar::MessageButton-img"},"wdio_ui5_key":"rfmtransactionui::xRFMxCU_TransactionObjectPage--fe::FooterBar::MessageButton-img"}]}
RESULT: undefined
COMMAND: POST /session/35868dbe4530074d1fc9d310fb9df28d/url - {"url":"https://d4debac0-4a79-4bd3-a71c-dba92f957697.abap-web.eu10.hana.ondemand.com/ui#Shell-home"}
RESULT: {"url":"https://d4debac0-4a79-4bd3-a71c-dba92f957697.abap-web.eu10.hana.ondemand.com/ui#Shell-home"}
RESULT: undefined
COMMAND: POST /session/35868dbe4530074d1fc9d310fb9df28d/element - {"using":"css selector","value":"div.sapUiLocalBusyIndicator"}
COMMAND: GET /session/35868dbe4530074d1fc9d310fb9df28d/screenshot - {}
RESULT: {"using":"css selector","value":"div.sapUiLocalBusyIndicator"}
COMMAND: POST /session/35868dbe4530074d1fc9d310fb9df28d/element - {"using":"css selector","value":"div.sapUiLocalBusyIndicator"}
RESULT: {}
RESULT: {"using":"css selector","value":"div.sapUiLocalBusyIndicator"}
COMMAND: GET /session/35868dbe4530074d1fc9d310fb9df28d/screenshot - {}
]]></system-out>
    </testcase>
    <testcase classname="chrome.139_0_7258_67.windows.Trigger" name="Should filter created Transaction" time="13.292">
      <system-out><![CDATA[
COMMAND: POST /session/35868dbe4530074d1fc9d310fb9df28d/execute/async - {"script":"<script> [21 bytes]","args":[{"selector":{"controlType":"sap.m.GenericTile","properties":{"header":"Triggers"}},"wdio_ui5_key":"sapm.GenericTile{\"header\":\"Triggers\"}"}]}
RESULT: {}
[...]
COMMAND: POST /session/35868dbe4530074d1fc9d310fb9df28d/execute/sync - {"script":"<script> [21 bytes]","args":[{"element-6066-11e4-a52e-4f735466cecf":"f.69104A186288B3B8DC84E7692C69F17A.d.B18E3C08AC4A68F5D86460F7FF046E43.e.1377","ELEMENT":"f.69104A186288B3B8DC84E7692C69F17A.d.B18E3C08AC4A68F5D86460F7FF046E43.e.1377"}]}
RESULT: {}
RESULT: {"script":"<script> [21 bytes]","args":[{"element-6066-11e4-a52e-4f735466cecf":"f.69104A186288B3B8DC84E7692C69F17A.d.B18E3C08AC4A68F5D86460F7FF046E43.e.1377","ELEMENT":"f.69104A186288B3B8DC84E7692C69F17A.d.B18E3C08AC4A68F5D86460F7FF046E43.e.1377"}]}
COMMAND: POST /session/35868dbe4530074d1fc9d310fb9df28d/element - {"using":"css selector","value":"div[id='rfm.triggerui::TriggerSetObjectPage--fe::table::_Trigger::LineItem-innerTable-rowsel0']"}
COMMAND: GET /session/35868dbe4530074d1fc9d310fb9df28d/screenshot - {}
RESULT: {"using":"css selector","value":"div[id='rfm.triggerui::TriggerSetObjectPage--fe::table::_Trigger::LineItem-innerTable-rowsel0']"}
COMMAND: POST /session/35868dbe4530074d1fc9d310fb9df28d/element/f.69104A186288B3B8DC84E7692C69F17A.d.B18E3C08AC4A68F5D86460F7FF046E43.e.1398/click - {}
RESULT: {}
COMMAND: GET /session/35868dbe4530074d1fc9d310fb9df28d/screenshot - {}
COMMAND: GET /session/35868dbe4530074d1fc9d310fb9df28d/screenshot - {}
RESULT: {}
]]></system-out>
      <system-err><![CDATA[
element click intercepted: element click intercepted: Element <div id="rfm.triggerui::TriggerSetObjectPage--fe::table::_Trigger::LineItem-innerTable-rowsel0" tabindex="-1" role="gridcell" aria-colindex="1" class="sapUiTableCell sapUiTableContentCell sapUiTableRowSelectionCell" style="height: 33px;" aria-selected="false">...</div> is not clickable at point (494, 467). Other element would receive the click: <div id="sap-ui-blocklayer-popup" tabindex="0" class="sapUiBLy" style="z-index: 139; visibility: visible; display: block;"></div>
  (Session info: chrome=139.0.7258.67)
    at async Context.<anonymous> (D:\a\1\s\test\specs\BusinessObjects\Trigger.spec.js:1275:5)
]]></system-err>
    </testcase>
    <testcase classname="chrome.139_0_7258_67.windows.Trigger" name="Should check deletion of a trigger" time="6.806">
      <failure/>
      <error message="element click intercepted: Element &lt;div id=&quot;rfm.triggerui::TriggerSetObjectPage--fe::table::_Trigger::LineItem-innerTable-rowsel0&quot; tabindex=&quot;-1&quot; role=&quot;gridcell&quot; aria-colindex=&quot;1&quot; class=&quot;sapUiTableCell sapUiTableContentCell sapUiTableRowSelectionCell&quot; style=&quot;height: 33px;&quot; aria-selected=&quot;false&quot;>...&lt;/div> is not clickable at point (494, 467). Other element would receive the click: &lt;div id=&quot;sap-ui-blocklayer-popup&quot; tabindex=&quot;0&quot; class=&quot;sapUiBLy&quot; style=&quot;z-index: 139; visibility: visible; display: block;&quot;>&lt;/div>&#xA;  (Session info: chrome=139.0.7258.67)"/>
      <system-out><![CDATA[
RESULT: undefined
COMMAND: POST /session/35868dbe4530074d1fc9d310fb9df28d/element - {"using":"css selector","value":"div.sapUiLocalBusyIndicator"}
RESULT: {}
RESULT: {"using":"css selector","value":"div.sapUiLocalBusyIndicator"}
COMMAND: POST /session/35868dbe4530074d1fc9d310fb9df28d/execute/sync - {"script":"<script> [21 bytes]","args":[{"element-6066-11e4-a52e-4f735466cecf":"f.69104A186288B3B8DC84E7692C69F17A.d.B18E3C08AC4A68F5D86460F7FF046E43.e.1377","ELEMENT":"f.69104A186288B3B8DC84E7692C69F17A.d.B18E3C08AC4A68F5D86460F7FF046E43.e.1377"}]}
RESULT: {"script":"<script> [21 bytes]","args":[{"element-6066-11e4-a52e-4f735466cecf":"f.69104A186288B3B8DC84E7692C69F17A.d.B18E3C08AC4A68F5D86460F7FF046E43.e.1377","ELEMENT":"f.69104A186288B3B8DC84E7692C69F17A.d.B18E3C08AC4A68F5D86460F7FF046E43.e.1377"}]}
COMMAND: POST /session/35868dbe4530074d1fc9d310fb9df28d/element - {"using":"css selector","value":"div[id='rfm.triggerui::TriggerSetObjectPage--fe::table::_Trigger::LineItem-innerTable-rowsel0']"}
COMMAND: GET /session/35868dbe4530074d1fc9d310fb9df28d/screenshot - {}
RESULT: {"using":"css selector","value":"div[id='rfm.triggerui::TriggerSetObjectPage--fe::table::_Trigger::LineItem-innerTable-rowsel0']"}
COMMAND: POST /session/35868dbe4530074d1fc9d310fb9df28d/element/f.69104A186288B3B8DC84E7692C69F17A.d.B18E3C08AC4A68F5D86460F7FF046E43.e.1398/click - {}
RESULT: {}
COMMAND: GET /session/35868dbe4530074d1fc9d310fb9df28d/screenshot - {}
COMMAND: GET /session/35868dbe4530074d1fc9d310fb9df28d/screenshot - {}
RESULT: {}
]]></system-out>
      <system-err><![CDATA[
element click intercepted: element click intercepted: Element <div id="rfm.triggerui::TriggerSetObjectPage--fe::table::_Trigger::LineItem-innerTable-rowsel0" tabindex="-1" role="gridcell" aria-colindex="1" class="sapUiTableCell sapUiTableContentCell sapUiTableRowSelectionCell" style="height: 33px;" aria-selected="false">...</div> is not clickable at point (494, 467). Other element would receive the click: <div id="sap-ui-blocklayer-popup" tabindex="0" class="sapUiBLy" style="z-index: 139; visibility: visible; display: block;"></div>
  (Session info: chrome=139.0.7258.67)
    at async Context.<anonymous> (D:\a\1\s\test\specs\BusinessObjects\Trigger.spec.js:1275:5)
]]></system-err>
    </testcase>
    <testcase classname="chrome.139_0_7258_67.windows.Trigger" name="Should check navigation to Transaction" time="18.619">
      <system-out><![CDATA[
COMMAND: POST /session/35868dbe4530074d1fc9d310fb9df28d/execute/async - {"script":"<script> [21 bytes]","args":[{"selector":{"id":"rfm.triggerui::TriggerSetObjectPage--fe::HeaderFacet::Form::headerFieldsGP1::DataFieldWithIntentBasedNavigation::TransactionId::FundingTransaction::Manage::Field-content"},"wdio_ui5_key":"rfmtriggerui::TriggerSetObjectPage--fe::HeaderFacet::Form::headerFieldsGP1::DataFieldWithIntentBasedNavigation::TransactionId::FundingTransaction::Manage::Field-content"}]}
COMMAND: GET /session/35868dbe4530074d1fc9d310fb9df28d/screenshot - {}
RESULT: {}
RESULT: {"script":"<script> [21 bytes]","args":[{"selector":{"id":"rfm.triggerui::TriggerSetObjectPage--fe::HeaderFacet::Form::headerFieldsGP1::DataFieldWithIntentBasedNavigation::TransactionId::FundingTransaction::Manage::Field-content"},"wdio_ui5_key":"rfmtriggerui::TriggerSetObjectPage--fe::HeaderFacet::Form::headerFieldsGP1::DataFieldWithIntentBasedNavigation::TransactionId::FundingTransaction::Manage::Field-content"}]}
RESULT: undefined
COMMAND: POST /session/35868dbe4530074d1fc9d310fb9df28d/element - {"using":"xpath","value":"//*[@id=\"rfm.triggerui::TriggerSetObjectPage--fe::HeaderFacet::Form::headerFieldsGP1::DataFieldWithIntentBasedNavigation::TransactionId::FundingTransaction::Manage::Field-content\"]"}
RESULT: {}
RESULT: {"using":"xpath","value":"//*[@id=\"rfm.triggerui::TriggerSetObjectPage--fe::HeaderFacet::Form::headerFieldsGP1::DataFieldWithIntentBasedNavigation::TransactionId::FundingTransaction::Manage::Field-content\"]"}
COMMAND: POST /session/35868dbe4530074d1fc9d310fb9df28d/element/f.69104A186288B3B8DC84E7692C69F17A.d.B18E3C08AC4A68F5D86460F7FF046E43.e.1209/click - {}
COMMAND: POST /session/35868dbe4530074d1fc9d310fb9df28d/element - {"using":"css selector","value":"div.sapUiLocalBusyIndicator"}
RESULT: {"using":"css selector","value":"div.sapUiLocalBusyIndicator"}
COMMAND: POST /session/35868dbe4530074d1fc9d310fb9df28d/execute/sync - {"script":"<script> [21 bytes]","args":[{"element-6066-11e4-a52e-4f735466cecf":"f.69104A186288B3B8DC84E7692C69F17A.d.B18E3C08AC4A68F5D86460F7FF046E43.e.1377","ELEMENT":"f.69104A186288B3B8DC84E7692C69F17A.d.B18E3C08AC4A68F5D86460F7FF046E43.e.1377"}]}
RESULT: {"script":"<script> [21 bytes]","args":[{"element-6066-11e4-a52e-4f735466cecf":"f.69104A186288B3B8DC84E7692C69F17A.d.B18E3C08AC4A68F5D86460F7FF046E43.e.1377","ELEMENT":"f.69104A186288B3B8DC84E7692C69F17A.d.B18E3C08AC4A68F5D86460F7FF046E43.e.1377"}]}
COMMAND: POST /session/35868dbe4530074d1fc9d310fb9df28d/execute/async - {"script":"<script> [21 bytes]","args":[{"selector":{"id":"rfm.transactionui::xRFMxCU_TransactionObjectPage--fe::HeaderFacet::Form::headerFieldsGP1::DataField::TransactionId::Field-content"},"wdio_ui5_key":"rfmtransactionui::xRFMxCU_TransactionObjectPage--fe::HeaderFacet::Form::headerFieldsGP1::DataField::TransactionId::Field-content"}]}
COMMAND: GET /session/35868dbe4530074d1fc9d310fb9df28d/screenshot - {}
RESULT: {"script":"<script> [21 bytes]","args":[{"selector":{"id":"rfm.transactionui::xRFMxCU_TransactionObjectPage--fe::HeaderFacet::Form::headerFieldsGP1::DataField::TransactionId::Field-content"},"wdio_ui5_key":"rfmtransactionui::xRFMxCU_TransactionObjectPage--fe::HeaderFacet::Form::headerFieldsGP1::DataField::TransactionId::Field-content"}]}
RESULT: undefined
COMMAND: POST /session/35868dbe4530074d1fc9d310fb9df28d/element - {"using":"css selector","value":"div.sapUiLocalBusyIndicator"}
RESULT: {}
RESULT: {"using":"css selector","value":"div.sapUiLocalBusyIndicator"}
COMMAND: POST /session/35868dbe4530074d1fc9d310fb9df28d/execute/sync - {"script":"<script> [21 bytes]","args":[{"element-6066-11e4-a52e-4f735466cecf":"f.69104A186288B3B8DC84E7692C69F17A.d.B18E3C08AC4A68F5D86460F7FF046E43.e.1377","ELEMENT":"f.69104A186288B3B8DC84E7692C69F17A.d.B18E3C08AC4A68F5D86460F7FF046E43.e.1377"}]}
RESULT: {"script":"<script> [21 bytes]","args":[{"element-6066-11e4-a52e-4f735466cecf":"f.69104A186288B3B8DC84E7692C69F17A.d.B18E3C08AC4A68F5D86460F7FF046E43.e.1377","ELEMENT":"f.69104A186288B3B8DC84E7692C69F17A.d.B18E3C08AC4A68F5D86460F7FF046E43.e.1377"}]}
RESULT: undefined
COMMAND: POST /session/35868dbe4530074d1fc9d310fb9df28d/element - {"using":"xpath","value":"//*[@id=\"backBtn\"]"}
COMMAND: GET /session/35868dbe4530074d1fc9d310fb9df28d/screenshot - {}
RESULT: {"using":"xpath","value":"//*[@id=\"backBtn\"]"}
COMMAND: POST /session/35868dbe4530074d1fc9d310fb9df28d/element/f.69104A186288B3B8DC84E7692C69F17A.d.B18E3C08AC4A68F5D86460F7FF046E43.e.1399/click - {}
RESULT: {}
COMMAND: POST /session/35868dbe4530074d1fc9d310fb9df28d/element - {"using":"css selector","value":"div.sapUiLocalBusyIndicator"}
RESULT: {"using":"css selector","value":"div.sapUiLocalBusyIndicator"}
COMMAND: POST /session/35868dbe4530074d1fc9d310fb9df28d/execute/sync - {"script":"<script> [21 bytes]","args":[{"element-6066-11e4-a52e-4f735466cecf":"f.69104A186288B3B8DC84E7692C69F17A.d.B18E3C08AC4A68F5D86460F7FF046E43.e.1377","ELEMENT":"f.69104A186288B3B8DC84E7692C69F17A.d.B18E3C08AC4A68F5D86460F7FF046E43.e.1377"}]}
RESULT: {"script":"<script> [21 bytes]","args":[{"element-6066-11e4-a52e-4f735466cecf":"f.69104A186288B3B8DC84E7692C69F17A.d.B18E3C08AC4A68F5D86460F7FF046E43.e.1377","ELEMENT":"f.69104A186288B3B8DC84E7692C69F17A.d.B18E3C08AC4A68F5D86460F7FF046E43.e.1377"}]}
COMMAND: GET /session/35868dbe4530074d1fc9d310fb9df28d/screenshot - {}
]]></system-out>
    </testcase>
    <testcase classname="chrome.139_0_7258_67.windows.Trigger" name="Should check navigation to Program" time="8.828">
      <skipped/>
      <system-out><![CDATA[
COMMAND: POST /session/35868dbe4530074d1fc9d310fb9df28d/execute/async - {"script":"<script> [21 bytes]","args":[{"selector":{"id":"rfm.triggerui::TriggerSetObjectPage--fe::HeaderFacet::Form::headerFieldsGP1::DataFieldWithIntentBasedNavigation::ProgramId::FundingProgram::Manage::Field-content"},"wdio_ui5_key":"rfmtriggerui::TriggerSetObjectPage--fe::HeaderFacet::Form::headerFieldsGP1::DataFieldWithIntentBasedNavigation::ProgramId::FundingProgram::Manage::Field-content"}]}
COMMAND: GET /session/35868dbe4530074d1fc9d310fb9df28d/screenshot - {}
RESULT: {"script":"<script> [21 bytes]","args":[{"selector":{"id":"rfm.triggerui::TriggerSetObjectPage--fe::HeaderFacet::Form::headerFieldsGP1::DataFieldWithIntentBasedNavigation::ProgramId::FundingProgram::Manage::Field-content"},"wdio_ui5_key":"rfmtriggerui::TriggerSetObjectPage--fe::HeaderFacet::Form::headerFieldsGP1::DataFieldWithIntentBasedNavigation::ProgramId::FundingProgram::Manage::Field-content"}]}
RESULT: undefined
COMMAND: POST /session/35868dbe4530074d1fc9d310fb9df28d/element - {"using":"xpath","value":"//*[@id=\"rfm.triggerui::TriggerSetObjectPage--fe::HeaderFacet::Form::headerFieldsGP1::DataFieldWithIntentBasedNavigation::ProgramId::FundingProgram::Manage::Field-content\"]"}
RESULT: {}
RESULT: {}
RESULT: {"using":"xpath","value":"//*[@id=\"rfm.triggerui::TriggerSetObjectPage--fe::HeaderFacet::Form::headerFieldsGP1::DataFieldWithIntentBasedNavigation::ProgramId::FundingProgram::Manage::Field-content\"]"}
COMMAND: POST /session/35868dbe4530074d1fc9d310fb9df28d/element/f.69104A186288B3B8DC84E7692C69F17A.d.B18E3C08AC4A68F5D86460F7FF046E43.e.1212/click - {}
COMMAND: POST /session/35868dbe4530074d1fc9d310fb9df28d/element - {"using":"css selector","value":"div.sapUiLocalBusyIndicator"}
RESULT: {"using":"css selector","value":"div.sapUiLocalBusyIndicator"}
COMMAND: POST /session/35868dbe4530074d1fc9d310fb9df28d/execute/sync - {"script":"<script> [21 bytes]","args":[{"element-6066-11e4-a52e-4f735466cecf":"f.69104A186288B3B8DC84E7692C69F17A.d.B18E3C08AC4A68F5D86460F7FF046E43.e.1377","ELEMENT":"f.69104A186288B3B8DC84E7692C69F17A.d.B18E3C08AC4A68F5D86460F7FF046E43.e.1377"}]}
RESULT: {"script":"<script> [21 bytes]","args":[{"element-6066-11e4-a52e-4f735466cecf":"f.69104A186288B3B8DC84E7692C69F17A.d.B18E3C08AC4A68F5D86460F7FF046E43.e.1377","ELEMENT":"f.69104A186288B3B8DC84E7692C69F17A.d.B18E3C08AC4A68F5D86460F7FF046E43.e.1377"}]}
RESULT: undefined
COMMAND: POST /session/35868dbe4530074d1fc9d310fb9df28d/execute/async - {"script":"<script> [21 bytes]","args":[{"element-6066-11e4-a52e-4f735466cecf":"f.69104A186288B3B8DC84E7692C69F17A.d.B18E3C08AC4A68F5D86460F7FF046E43.e.583"},"getText",[]]}
COMMAND: GET /session/35868dbe4530074d1fc9d310fb9df28d/screenshot - {}
COMMAND: POST /session/35868dbe4530074d1fc9d310fb9df28d/execute/async - {"script":"<script> [21 bytes]","args":[{"selector":{"id":"rfm.programui::xRFMxCU_ProgramObjectPage--fe::HeaderFacet::Form::headerFieldsGP1::DataField::ProgramId::Field-content"},"wdio_ui5_key":"rfmprogramui::xRFMxCU_ProgramObjectPage--fe::HeaderFacet::Form::headerFieldsGP1::DataField::ProgramId::Field-content"}]}
RESULT: {}
RESULT: {"script":"<script> [21 bytes]","args":[{"selector":{"id":"rfm.programui::xRFMxCU_ProgramObjectPage--fe::HeaderFacet::Form::headerFieldsGP1::DataField::ProgramId::Field-content"},"wdio_ui5_key":"rfmprogramui::xRFMxCU_ProgramObjectPage--fe::HeaderFacet::Form::headerFieldsGP1::DataField::ProgramId::Field-content"}]}
COMMAND: POST /session/35868dbe4530074d1fc9d310fb9df28d/element - {"using":"css selector","value":"div.sapUiLocalBusyIndicator"}
RESULT: {"using":"css selector","value":"div.sapUiLocalBusyIndicator"}
COMMAND: POST /session/35868dbe4530074d1fc9d310fb9df28d/execute/sync - {"script":"<script> [21 bytes]","args":[{"element-6066-11e4-a52e-4f735466cecf":"f.69104A186288B3B8DC84E7692C69F17A.d.B18E3C08AC4A68F5D86460F7FF046E43.e.1377","ELEMENT":"f.69104A186288B3B8DC84E7692C69F17A.d.B18E3C08AC4A68F5D86460F7FF046E43.e.1377"}]}
RESULT: {"script":"<script> [21 bytes]","args":[{"element-6066-11e4-a52e-4f735466cecf":"f.69104A186288B3B8DC84E7692C69F17A.d.B18E3C08AC4A68F5D86460F7FF046E43.e.1377","ELEMENT":"f.69104A186288B3B8DC84E7692C69F17A.d.B18E3C08AC4A68F5D86460F7FF046E43.e.1377"}]}
COMMAND: GET /session/35868dbe4530074d1fc9d310fb9df28d/screenshot - {}
COMMAND: GET /session/35868dbe4530074d1fc9d310fb9df28d/screenshot - {}
COMMAND: GET /session/35868dbe4530074d1fc9d310fb9df28d/screenshot - {}
RESULT: {}
]]></system-out>
      <system-err><![CDATA[
Error: expect(received).toEqual(expected) // deep equality

Expected: "1781"
Received: null
    at Context.<anonymous> (D:\a\1\s\test\specs\BusinessObjects\Trigger.spec.js:1367:43)
]]></system-err>
    </testcase>
    <testcase classname="chrome.139_0_7258_67.windows.Trigger" name="Should check navigation to Program" time="8.379">
      <failure/>
      <error message="expect(received).toEqual(expected) // deep equality&#xA;&#xA;Expected: &quot;1781&quot;&#xA;Received: null"/>
      <system-out><![CDATA[
RESULT: undefined
COMMAND: POST /session/35868dbe4530074d1fc9d310fb9df28d/element - {"using":"xpath","value":"//*[@id=\"rfm.triggerui::TriggerSetObjectPage--fe::HeaderFacet::Form::headerFieldsGP1::DataFieldWithIntentBasedNavigation::ProgramId::FundingProgram::Manage::Field-content\"]"}
RESULT: {}
RESULT: {}
RESULT: {"using":"xpath","value":"//*[@id=\"rfm.triggerui::TriggerSetObjectPage--fe::HeaderFacet::Form::headerFieldsGP1::DataFieldWithIntentBasedNavigation::ProgramId::FundingProgram::Manage::Field-content\"]"}
COMMAND: POST /session/35868dbe4530074d1fc9d310fb9df28d/element/f.69104A186288B3B8DC84E7692C69F17A.d.B18E3C08AC4A68F5D86460F7FF046E43.e.1212/click - {}
COMMAND: POST /session/35868dbe4530074d1fc9d310fb9df28d/element - {"using":"css selector","value":"div.sapUiLocalBusyIndicator"}
RESULT: {"using":"css selector","value":"div.sapUiLocalBusyIndicator"}
COMMAND: POST /session/35868dbe4530074d1fc9d310fb9df28d/execute/sync - {"script":"<script> [21 bytes]","args":[{"element-6066-11e4-a52e-4f735466cecf":"f.69104A186288B3B8DC84E7692C69F17A.d.B18E3C08AC4A68F5D86460F7FF046E43.e.1377","ELEMENT":"f.69104A186288B3B8DC84E7692C69F17A.d.B18E3C08AC4A68F5D86460F7FF046E43.e.1377"}]}
RESULT: {"script":"<script> [21 bytes]","args":[{"element-6066-11e4-a52e-4f735466cecf":"f.69104A186288B3B8DC84E7692C69F17A.d.B18E3C08AC4A68F5D86460F7FF046E43.e.1377","ELEMENT":"f.69104A186288B3B8DC84E7692C69F17A.d.B18E3C08AC4A68F5D86460F7FF046E43.e.1377"}]}
RESULT: undefined
COMMAND: POST /session/35868dbe4530074d1fc9d310fb9df28d/execute/async - {"script":"<script> [21 bytes]","args":[{"element-6066-11e4-a52e-4f735466cecf":"f.69104A186288B3B8DC84E7692C69F17A.d.B18E3C08AC4A68F5D86460F7FF046E43.e.583"},"getText",[]]}
COMMAND: GET /session/35868dbe4530074d1fc9d310fb9df28d/screenshot - {}
COMMAND: POST /session/35868dbe4530074d1fc9d310fb9df28d/execute/async - {"script":"<script> [21 bytes]","args":[{"selector":{"id":"rfm.programui::xRFMxCU_ProgramObjectPage--fe::HeaderFacet::Form::headerFieldsGP1::DataField::ProgramId::Field-content"},"wdio_ui5_key":"rfmprogramui::xRFMxCU_ProgramObjectPage--fe::HeaderFacet::Form::headerFieldsGP1::DataField::ProgramId::Field-content"}]}
RESULT: {}
RESULT: {"script":"<script> [21 bytes]","args":[{"selector":{"id":"rfm.programui::xRFMxCU_ProgramObjectPage--fe::HeaderFacet::Form::headerFieldsGP1::DataField::ProgramId::Field-content"},"wdio_ui5_key":"rfmprogramui::xRFMxCU_ProgramObjectPage--fe::HeaderFacet::Form::headerFieldsGP1::DataField::ProgramId::Field-content"}]}
COMMAND: POST /session/35868dbe4530074d1fc9d310fb9df28d/element - {"using":"css selector","value":"div.sapUiLocalBusyIndicator"}
RESULT: {"using":"css selector","value":"div.sapUiLocalBusyIndicator"}
COMMAND: POST /session/35868dbe4530074d1fc9d310fb9df28d/execute/sync - {"script":"<script> [21 bytes]","args":[{"element-6066-11e4-a52e-4f735466cecf":"f.69104A186288B3B8DC84E7692C69F17A.d.B18E3C08AC4A68F5D86460F7FF046E43.e.1377","ELEMENT":"f.69104A186288B3B8DC84E7692C69F17A.d.B18E3C08AC4A68F5D86460F7FF046E43.e.1377"}]}
RESULT: {"script":"<script> [21 bytes]","args":[{"element-6066-11e4-a52e-4f735466cecf":"f.69104A186288B3B8DC84E7692C69F17A.d.B18E3C08AC4A68F5D86460F7FF046E43.e.1377","ELEMENT":"f.69104A186288B3B8DC84E7692C69F17A.d.B18E3C08AC4A68F5D86460F7FF046E43.e.1377"}]}
COMMAND: GET /session/35868dbe4530074d1fc9d310fb9df28d/screenshot - {}
COMMAND: GET /session/35868dbe4530074d1fc9d310fb9df28d/screenshot - {}
COMMAND: GET /session/35868dbe4530074d1fc9d310fb9df28d/screenshot - {}
RESULT: {}
COMMAND: DELETE /session/35868dbe4530074d1fc9d310fb9df28d - {}
COMMAND: GET /session/35868dbe4530074d1fc9d310fb9df28d/screenshot - {}
COMMAND: GET /session/35868dbe4530074d1fc9d310fb9df28d/screenshot - {}
RESULT: {}
RESULT: {}
RESULT: {}
]]></system-out>
      <system-err><![CDATA[
Error: expect(received).toEqual(expected) // deep equality

Expected: "1781"
Received: null
    at Context.<anonymous> (D:\a\1\s\test\specs\BusinessObjects\Trigger.spec.js:1367:43)
]]></system-err>
    </testcase>
  </testsuite>
</testsuites>