<?xml version="1.0" encoding="UTF-8"?>
<testsuites tests="1" failures="1" errors="1" skipped="0">
  <testsuite timestamp="2025-09-06T22:25:06" time="96.418" tests="1" failures="1" errors="1" skipped="0">
    <properties>
      <property name="specId" value="0"/>
      <property name="suiteName" value="Funding Program"/>
      <property name="capabilities" value="chrome.139_0_7258_155.windows"/>
      <property name="file" value="file:///D:/a/1/s/test/specs/BusinessObjects/FundingProgram.spec.js"/>
    </properties>
    <testcase classname="chrome.139_0_7258_155.windows.Funding_Program" name="before all hook for Funding Program" time="96.412">
      <failure/>
      <error message="waitUntil condition timed out after 60000ms"/>
      <system-err><![CDATA[
Error: waitUntil condition timed out after 60000ms
]]></system-err>
    </testcase>
  </testsuite>
</testsuites>