<?xml version="1.0" encoding="UTF-8"?>
<testsuites tests="1" failures="1" errors="1" skipped="0">
  <testsuite timestamp="2025-09-13T00:10:41" time="96.138" tests="1" failures="1" errors="1" skipped="0">
    <properties>
      <property name="specId" value="0"/>
      <property name="suiteName" value="ABS"/>
      <property name="capabilities" value="chrome.140_0_7339_81.windows"/>
      <property name="file" value="file:///D:/a/1/s/test/specs/ABS/ABS.spec.js"/>
    </properties>
    <testcase classname="chrome.140_0_7339_81.windows.ABS" name="before all hook for ABS" time="96.133">
      <failure/>
      <error message="waitUntil condition timed out after 60000ms"/>
      <system-err><![CDATA[
Error: waitUntil condition timed out after 60000ms
]]></system-err>
    </testcase>
  </testsuite>
</testsuites>