<?xml version="1.0" encoding="UTF-8"?>
<testsuites tests="8" failures="0" errors="0" skipped="0">
  <testsuite timestamp="2025-08-14T01:04:29" time="327.668" tests="8" failures="0" errors="0" skipped="0">
    <properties>
      <property name="specId" value="0"/>
      <property name="suiteName" value="Loan Contract"/>
      <property name="capabilities" value="chrome.138_0_7204_184.windows"/>
      <property name="file" value="file:///D:/a/1/s/test/specs/BusinessObjects/LoanContract.spec.js"/>
    </properties>
    <testcase classname="chrome.138_0_7204_184.windows.Loan_Contract" name="Should create Program" time="60.577">
      <system-out><![CDATA[
COMMAND: POST /session/478225154d0d829807d6977df85b81ee/execute/async - {"script":"<script> [21 bytes]","args":[{"selector":{"controlType":"sap.m.GenericTile","properties":{"header":"Funding Program"}},"wdio_ui5_key":"sapm.GenericTile{\"header\":\"Funding Program\"}"}]}
RESULT: {"script":"<script> [21 bytes]","args":[{"selector":{"controlType":"sap.m.GenericTile","properties":{"header":"Funding Program"}},"wdio_ui5_key":"sapm.GenericTile{\"header\":\"Funding Program\"}"}]}
RESULT: undefined
COMMAND: POST /session/478225154d0d829807d6977df85b81ee/element - {"using":"xpath","value":"//*[@id=\"__tile29\"]"}
RESULT: {"using":"xpath","value":"//*[@id=\"__tile29\"]"}
COMMAND: POST /session/478225154d0d829807d6977df85b81ee/element/f.A19E321CC5520976077B9020827129C1.d.010E2258B29D1B9567748451B06B3AF9.e.78/click - {}
RESULT: {}
COMMAND: POST /session/478225154d0d829807d6977df85b81ee/execute/async - {"script":"<script> [21 bytes]","args":[{"selector":{"id":"rfm.programui::xRFMxCU_ProgramList--fe::table::allTab::LineItem::StandardAction::Create","controlType":"sap.m.Button"},"wdio_ui5_key":"rfmprogramui::xRFMxCU_ProgramList--fe::table::allTab::LineItem::StandardAction::Createsap.m.Button"}]}
COMMAND: GET /session/478225154d0d829807d6977df85b81ee/screenshot - {}
RESULT: {"script":"<script> [21 bytes]","args":[{"selector":{"id":"rfm.programui::xRFMxCU_ProgramList--fe::table::allTab::LineItem::StandardAction::Create","controlType":"sap.m.Button"},"wdio_ui5_key":"rfmprogramui::xRFMxCU_ProgramList--fe::table::allTab::LineItem::StandardAction::Createsap.m.Button"}]}
RESULT: undefined
COMMAND: POST /session/478225154d0d829807d6977df85b81ee/element - {"using":"xpath","value":"//*[@id=\"rfm.programui::xRFMxCU_ProgramList--fe::table::allTab::LineItem::StandardAction::Create\"]"}
RESULT: {}
RESULT: {"using":"xpath","value":"//*[@id=\"rfm.programui::xRFMxCU_ProgramList--fe::table::allTab::LineItem::StandardAction::Create\"]"}
COMMAND: POST /session/478225154d0d829807d6977df85b81ee/element/f.A19E321CC5520976077B9020827129C1.d.010E2258B29D1B9567748451B06B3AF9.e.144/click - {}
RESULT: {}
COMMAND: POST /session/478225154d0d829807d6977df85b81ee/execute/async - {"script":"<script> [21 bytes]","args":[{"selector":{"id":"CreateDialog::xRFMxCU_ProgramType::FundingScope-inner","searchOpenDialogs":true,"interaction":{"idSuffix":"inner"}},"wdio_ui5_key":"CreateDialogxRFMxCU_ProgramType::FundingScope-inner"}]}
COMMAND: GET /session/478225154d0d829807d6977df85b81ee/screenshot - {}
RESULT: {"script":"<script> [21 bytes]","args":[{"selector":{"id":"CreateDialog::xRFMxCU_ProgramType::FundingScope-inner","searchOpenDialogs":true,"interaction":{"idSuffix":"inner"}},"wdio_ui5_key":"CreateDialogxRFMxCU_ProgramType::FundingScope-inner"}]}
RESULT: undefined
COMMAND: POST /session/478225154d0d829807d6977df85b81ee/execute/async - {"script":"<script> [20 bytes]","args":[{"enterText":"Installment","selector":{"id":"CreateDialog::xRFMxCU_ProgramType::FundingScope-inner","searchOpenDialogs":true,"interaction":{"idSuffix":"inner"}},"clearTextFirst":true,"interactionType":"ENTER_TEXT"}]}
RESULT: {}
RESULT: {"script":"<script> [20 bytes]","args":[{"enterText":"Installment","selector":{"id":"CreateDialog::xRFMxCU_ProgramType::FundingScope-inner","searchOpenDialogs":true,"interaction":{"idSuffix":"inner"}},"clearTextFirst":true,"interactionType":"ENTER_TEXT"}]}
COMMAND: POST /session/478225154d0d829807d6977df85b81ee/execute/async - {"script":"<script> [21 bytes]","args":[{"selector":{"id":"CreateDialog::xRFMxCU_ProgramType::ValidFrom-inner","searchOpenDialogs":true,"interaction":{"idSuffix":"inner"}},"wdio_ui5_key":"CreateDialogxRFMxCU_ProgramType::ValidFrom-inner"}]}
RESULT: {"script":"<script> [21 bytes]","args":[{"selector":{"id":"CreateDialog::xRFMxCU_ProgramType::ValidFrom-inner","searchOpenDialogs":true,"interaction":{"idSuffix":"inner"}},"wdio_ui5_key":"CreateDialogxRFMxCU_ProgramType::ValidFrom-inner"}]}
RESULT: undefined
COMMAND: POST /session/478225154d0d829807d6977df85b81ee/execute/async - {"script":"<script> [21 bytes]","args":[{"element-6066-11e4-a52e-4f735466cecf":"f.A19E321CC5520976077B9020827129C1.d.010E2258B29D1B9567748451B06B3AF9.e.308"},"setValue",["2025-01-01"]]}
RESULT: {"script":"<script> [21 bytes]","args":[{"element-6066-11e4-a52e-4f735466cecf":"f.A19E321CC5520976077B9020827129C1.d.010E2258B29D1B9567748451B06B3AF9.e.308"},"setValue",["2025-01-01"]]}
COMMAND: POST /session/478225154d0d829807d6977df85b81ee/execute/async - {"script":"<script> [21 bytes]","args":[{"selector":{"id":"CreateDialog::xRFMxCU_ProgramType::PortfolioId-inner","searchOpenDialogs":true,"interaction":{"idSuffix":"inner"}},"wdio_ui5_key":"CreateDialogxRFMxCU_ProgramType::PortfolioId-inner"}]}
RESULT: {"script":"<script> [21 bytes]","args":[{"selector":{"id":"CreateDialog::xRFMxCU_ProgramType::PortfolioId-inner","searchOpenDialogs":true,"interaction":{"idSuffix":"inner"}},"wdio_ui5_key":"CreateDialogxRFMxCU_ProgramType::PortfolioId-inner"}]}
RESULT: undefined
COMMAND: POST /session/478225154d0d829807d6977df85b81ee/execute/async - {"script":"<script> [20 bytes]","args":[{"enterText":"1","selector":{"id":"CreateDialog::xRFMxCU_ProgramType::PortfolioId-inner","searchOpenDialogs":true,"interaction":{"idSuffix":"inner"}},"clearTextFirst":true,"interactionType":"ENTER_TEXT"}]}
RESULT: {"script":"<script> [20 bytes]","args":[{"enterText":"1","selector":{"id":"CreateDialog::xRFMxCU_ProgramType::PortfolioId-inner","searchOpenDialogs":true,"interaction":{"idSuffix":"inner"}},"clearTextFirst":true,"interactionType":"ENTER_TEXT"}]}
COMMAND: POST /session/478225154d0d829807d6977df85b81ee/execute/async - {"script":"<script> [21 bytes]","args":[{"selector":{"controlType":"sap.m.Button","viewName":"sap.fe.templates.ObjectPage.ObjectPage","viewId":"rfm.programui::xRFMxCU_ProgramObjectPage","properties":{"text":"Continue"},"searchOpenDialogs":true,"interaction":{"idSuffix":"BDI-content"}},"wdio_ui5_key":"sapfe.templates.ObjectPage.ObjectPagesap.m.Button{\"text\":\"Continue\"}"}]}
RESULT: {"script":"<script> [21 bytes]","args":[{"selector":{"controlType":"sap.m.Button","viewName":"sap.fe.templates.ObjectPage.ObjectPage","viewId":"rfm.programui::xRFMxCU_ProgramObjectPage","properties":{"text":"Continue"},"searchOpenDialogs":true,"interaction":{"idSuffix":"BDI-content"}},"wdio_ui5_key":"sapfe.templates.ObjectPage.ObjectPagesap.m.Button{\"text\":\"Continue\"}"}]}
RESULT: undefined
COMMAND: POST /session/478225154d0d829807d6977df85b81ee/element - {"using":"xpath","value":"//*[@id=\"__button187\"]"}
RESULT: {"using":"xpath","value":"//*[@id=\"__button187\"]"}
COMMAND: POST /session/478225154d0d829807d6977df85b81ee/element/f.A19E321CC5520976077B9020827129C1.d.010E2258B29D1B9567748451B06B3AF9.e.318/click - {}
RESULT: {}
COMMAND: POST /session/478225154d0d829807d6977df85b81ee/execute/async - {"script":"<script> [21 bytes]","args":[{"selector":{"id":"rfm.programui::xRFMxCU_ProgramObjectPage--fe::CustomSubSection::CustomDetailsSection--fe::FormContainer::FieldGroup::basicData1::FormElement::DataField::Currency::Field-edit-inner","interaction":{"idSuffix":"inner"}},"wdio_ui5_key":"rfmprogramui::xRFMxCU_ProgramObjectPage--fe::CustomSubSection::CustomDetailsSection--fe::FormContainer::FieldGroup::basicData1::FormElement::DataField::Currency::Field-edit-inner"}]}
COMMAND: GET /session/478225154d0d829807d6977df85b81ee/screenshot - {}
RESULT: {"script":"<script> [21 bytes]","args":[{"selector":{"id":"rfm.programui::xRFMxCU_ProgramObjectPage--fe::CustomSubSection::CustomDetailsSection--fe::FormContainer::FieldGroup::basicData1::FormElement::DataField::Currency::Field-edit-inner","interaction":{"idSuffix":"inner"}},"wdio_ui5_key":"rfmprogramui::xRFMxCU_ProgramObjectPage--fe::CustomSubSection::CustomDetailsSection--fe::FormContainer::FieldGroup::basicData1::FormElement::DataField::Currency::Field-edit-inner"}]}
RESULT: undefined
COMMAND: POST /session/478225154d0d829807d6977df85b81ee/execute/async - {"script":"<script> [20 bytes]","args":[{"enterText":"EUR","selector":{"id":"rfm.programui::xRFMxCU_ProgramObjectPage--fe::CustomSubSection::CustomDetailsSection--fe::FormContainer::FieldGroup::basicData1::FormElement::DataField::Currency::Field-edit-inner","interaction":{"idSuffix":"inner"}},"clearTextFirst":true,"interactionType":"ENTER_TEXT"}]}
RESULT: {}
RESULT: {"script":"<script> [20 bytes]","args":[{"enterText":"EUR","selector":{"id":"rfm.programui::xRFMxCU_ProgramObjectPage--fe::CustomSubSection::CustomDetailsSection--fe::FormContainer::FieldGroup::basicData1::FormElement::DataField::Currency::Field-edit-inner","interaction":{"idSuffix":"inner"}},"clearTextFirst":true,"interactionType":"ENTER_TEXT"}]}
COMMAND: POST /session/478225154d0d829807d6977df85b81ee/execute/async - {"script":"<script> [21 bytes]","args":[{"selector":{"id":"rfm.programui::xRFMxCU_ProgramObjectPage--fe::CustomSubSection::CustomDetailsSection--fe::FormContainer::FieldGroup::basicData1::FormElement::DataField::Volume::Field-edit-inner","interaction":{"idSuffix":"inner"}},"wdio_ui5_key":"rfmprogramui::xRFMxCU_ProgramObjectPage--fe::CustomSubSection::CustomDetailsSection--fe::FormContainer::FieldGroup::basicData1::FormElement::DataField::Volume::Field-edit-inner"}]}
RESULT: {"script":"<script> [21 bytes]","args":[{"selector":{"id":"rfm.programui::xRFMxCU_ProgramObjectPage--fe::CustomSubSection::CustomDetailsSection--fe::FormContainer::FieldGroup::basicData1::FormElement::DataField::Volume::Field-edit-inner","interaction":{"idSuffix":"inner"}},"wdio_ui5_key":"rfmprogramui::xRFMxCU_ProgramObjectPage--fe::CustomSubSection::CustomDetailsSection--fe::FormContainer::FieldGroup::basicData1::FormElement::DataField::Volume::Field-edit-inner"}]}
RESULT: undefined
COMMAND: POST /session/478225154d0d829807d6977df85b81ee/execute/async - {"script":"<script> [20 bytes]","args":[{"enterText":"1,000,000,000.00","selector":{"id":"rfm.programui::xRFMxCU_ProgramObjectPage--fe::CustomSubSection::CustomDetailsSection--fe::FormContainer::FieldGroup::basicData1::FormElement::DataField::Volume::Field-edit-inner","interaction":{"idSuffix":"inner"}},"clearTextFirst":true,"interactionType":"ENTER_TEXT"}]}
RESULT: {"script":"<script> [20 bytes]","args":[{"enterText":"1,000,000,000.00","selector":{"id":"rfm.programui::xRFMxCU_ProgramObjectPage--fe::CustomSubSection::CustomDetailsSection--fe::FormContainer::FieldGroup::basicData1::FormElement::DataField::Volume::Field-edit-inner","interaction":{"idSuffix":"inner"}},"clearTextFirst":true,"interactionType":"ENTER_TEXT"}]}
COMMAND: POST /session/478225154d0d829807d6977df85b81ee/execute/async - {"script":"<script> [21 bytes]","args":[{"selector":{"id":"rfm.programui::xRFMxCU_ProgramObjectPage--fe::CustomSubSection::CustomDetailsSection--fe::FormContainer::FieldGroup::basicData1::FormElement::DataField::ValidTo::Field-edit","interaction":{"idSuffix":"inner"}},"wdio_ui5_key":"rfmprogramui::xRFMxCU_ProgramObjectPage--fe::CustomSubSection::CustomDetailsSection--fe::FormContainer::FieldGroup::basicData1::FormElement::DataField::ValidTo::Field-edit"}]}
RESULT: {"script":"<script> [21 bytes]","args":[{"selector":{"id":"rfm.programui::xRFMxCU_ProgramObjectPage--fe::CustomSubSection::CustomDetailsSection--fe::FormContainer::FieldGroup::basicData1::FormElement::DataField::ValidTo::Field-edit","interaction":{"idSuffix":"inner"}},"wdio_ui5_key":"rfmprogramui::xRFMxCU_ProgramObjectPage--fe::CustomSubSection::CustomDetailsSection--fe::FormContainer::FieldGroup::basicData1::FormElement::DataField::ValidTo::Field-edit"}]}
RESULT: undefined
COMMAND: POST /session/478225154d0d829807d6977df85b81ee/execute/async - {"script":"<script> [21 bytes]","args":[{"element-6066-11e4-a52e-4f735466cecf":"f.A19E321CC5520976077B9020827129C1.d.010E2258B29D1B9567748451B06B3AF9.e.357"},"setValue",["2027-12-31"]]}
RESULT: {"script":"<script> [21 bytes]","args":[{"element-6066-11e4-a52e-4f735466cecf":"f.A19E321CC5520976077B9020827129C1.d.010E2258B29D1B9567748451B06B3AF9.e.357"},"setValue",["2027-12-31"]]}
COMMAND: POST /session/478225154d0d829807d6977df85b81ee/execute/async - {"script":"<script> [21 bytes]","args":[{"selector":{"id":"rfm.programui::xRFMxCU_ProgramObjectPage--fe::CustomSubSection::CustomDetailsSection--fe::FormContainer::FieldGroup::basicData2::FormElement::DataField::CompanyCode::Field-edit-inner","interaction":{"idSuffix":"inner"}},"wdio_ui5_key":"rfmprogramui::xRFMxCU_ProgramObjectPage--fe::CustomSubSection::CustomDetailsSection--fe::FormContainer::FieldGroup::basicData2::FormElement::DataField::CompanyCode::Field-edit-inner"}]}
RESULT: {"script":"<script> [21 bytes]","args":[{"selector":{"id":"rfm.programui::xRFMxCU_ProgramObjectPage--fe::CustomSubSection::CustomDetailsSection--fe::FormContainer::FieldGroup::basicData2::FormElement::DataField::CompanyCode::Field-edit-inner","interaction":{"idSuffix":"inner"}},"wdio_ui5_key":"rfmprogramui::xRFMxCU_ProgramObjectPage--fe::CustomSubSection::CustomDetailsSection--fe::FormContainer::FieldGroup::basicData2::FormElement::DataField::CompanyCode::Field-edit-inner"}]}
RESULT: undefined
COMMAND: POST /session/478225154d0d829807d6977df85b81ee/execute/async - {"script":"<script> [20 bytes]","args":[{"enterText":"BearingPoint (0001)","selector":{"id":"rfm.programui::xRFMxCU_ProgramObjectPage--fe::CustomSubSection::CustomDetailsSection--fe::FormContainer::FieldGroup::basicData2::FormElement::DataField::CompanyCode::Field-edit-inner","interaction":{"idSuffix":"inner"}},"clearTextFirst":true,"interactionType":"ENTER_TEXT"}]}
RESULT: {"script":"<script> [20 bytes]","args":[{"enterText":"BearingPoint (0001)","selector":{"id":"rfm.programui::xRFMxCU_ProgramObjectPage--fe::CustomSubSection::CustomDetailsSection--fe::FormContainer::FieldGroup::basicData2::FormElement::DataField::CompanyCode::Field-edit-inner","interaction":{"idSuffix":"inner"}},"clearTextFirst":true,"interactionType":"ENTER_TEXT"}]}
COMMAND: POST /session/478225154d0d829807d6977df85b81ee/execute/async - {"script":"<script> [21 bytes]","args":[{"selector":{"id":"rfm.programui::xRFMxCU_ProgramObjectPage--fe::CustomSubSection::CustomDetailsSection--DetailsFundingTypesTable-content::StandardAction::Create","interaction":{"idSuffix":"BDI-content"}},"wdio_ui5_key":"rfmprogramui::xRFMxCU_ProgramObjectPage--fe::CustomSubSection::CustomDetailsSection--DetailsFundingTypesTable-content::StandardAction::Create"}]}
RESULT: {"script":"<script> [21 bytes]","args":[{"selector":{"id":"rfm.programui::xRFMxCU_ProgramObjectPage--fe::CustomSubSection::CustomDetailsSection--DetailsFundingTypesTable-content::StandardAction::Create","interaction":{"idSuffix":"BDI-content"}},"wdio_ui5_key":"rfmprogramui::xRFMxCU_ProgramObjectPage--fe::CustomSubSection::CustomDetailsSection--DetailsFundingTypesTable-content::StandardAction::Create"}]}
RESULT: undefined
COMMAND: POST /session/478225154d0d829807d6977df85b81ee/element - {"using":"xpath","value":"//*[@id=\"rfm.programui::xRFMxCU_ProgramObjectPage--fe::CustomSubSection::CustomDetailsSection--DetailsFundingTypesTable-content::StandardAction::Create\"]"}
RESULT: {"using":"xpath","value":"//*[@id=\"rfm.programui::xRFMxCU_ProgramObjectPage--fe::CustomSubSection::CustomDetailsSection--DetailsFundingTypesTable-content::StandardAction::Create\"]"}
COMMAND: POST /session/478225154d0d829807d6977df85b81ee/element/f.A19E321CC5520976077B9020827129C1.d.010E2258B29D1B9567748451B06B3AF9.e.368/click - {}
RESULT: {}
COMMAND: POST /session/478225154d0d829807d6977df85b81ee/execute/async - {"script":"<script> [21 bytes]","args":[{"selector":{"id":"CreateDialog::xRFMxCU_ProgramFundingTypeType::FundingType-inner","searchOpenDialogs":true,"interaction":{"idSuffix":"inner"}},"wdio_ui5_key":"CreateDialogxRFMxCU_ProgramFundingTypeType::FundingType-inner"}]}
COMMAND: GET /session/478225154d0d829807d6977df85b81ee/screenshot - {}
RESULT: {"script":"<script> [21 bytes]","args":[{"selector":{"id":"CreateDialog::xRFMxCU_ProgramFundingTypeType::FundingType-inner","searchOpenDialogs":true,"interaction":{"idSuffix":"inner"}},"wdio_ui5_key":"CreateDialogxRFMxCU_ProgramFundingTypeType::FundingType-inner"}]}
RESULT: undefined
COMMAND: POST /session/478225154d0d829807d6977df85b81ee/execute/async - {"script":"<script> [20 bytes]","args":[{"enterText":"10","selector":{"id":"CreateDialog::xRFMxCU_ProgramFundingTypeType::FundingType-inner","searchOpenDialogs":true,"interaction":{"idSuffix":"inner"}},"clearTextFirst":true,"interactionType":"ENTER_TEXT"}]}
RESULT: {}
RESULT: {"script":"<script> [20 bytes]","args":[{"enterText":"10","selector":{"id":"CreateDialog::xRFMxCU_ProgramFundingTypeType::FundingType-inner","searchOpenDialogs":true,"interaction":{"idSuffix":"inner"}},"clearTextFirst":true,"interactionType":"ENTER_TEXT"}]}
COMMAND: POST /session/478225154d0d829807d6977df85b81ee/execute/async - {"script":"<script> [21 bytes]","args":[{"selector":{"id":"CreateDialog::xRFMxCU_Program::_AllowedFundingType-footer","searchOpenDialogs":true},"wdio_ui5_key":"CreateDialogxRFMxCU_Program::_AllowedFundingType-footer"}]}
RESULT: {"script":"<script> [21 bytes]","args":[{"selector":{"id":"CreateDialog::xRFMxCU_Program::_AllowedFundingType-footer","searchOpenDialogs":true},"wdio_ui5_key":"CreateDialogxRFMxCU_Program::_AllowedFundingType-footer"}]}
RESULT: undefined
COMMAND: POST /session/478225154d0d829807d6977df85b81ee/element - {"using":"xpath","value":"//*[@id=\"CreateDialog::xRFMxCU_Program::_AllowedFundingType-footer\"]"}
RESULT: {"using":"xpath","value":"//*[@id=\"CreateDialog::xRFMxCU_Program::_AllowedFundingType-footer\"]"}
COMMAND: POST /session/478225154d0d829807d6977df85b81ee/element/f.A19E321CC5520976077B9020827129C1.d.010E2258B29D1B9567748451B06B3AF9.e.515/click - {}
RESULT: {}
COMMAND: POST /session/478225154d0d829807d6977df85b81ee/execute/async - {"script":"<script> [21 bytes]","args":[{"forceSelect":true,"selector":{"controlType":"sap.m.Button","viewName":"sap.fe.templates.ObjectPage.ObjectPage","viewId":"rfm.programui::xRFMxCU_Program__AllowedFundingTypeObjectPage","properties":{"text":"Continue"},"searchOpenDialogs":true,"interaction":{"idSuffix":"content"}},"wdio_ui5_key":"sapfe.templates.ObjectPage.ObjectPagesap.m.Button{\"text\":\"Continue\"}"}]}
COMMAND: GET /session/478225154d0d829807d6977df85b81ee/screenshot - {}
RESULT: {"script":"<script> [21 bytes]","args":[{"forceSelect":true,"selector":{"controlType":"sap.m.Button","viewName":"sap.fe.templates.ObjectPage.ObjectPage","viewId":"rfm.programui::xRFMxCU_Program__AllowedFundingTypeObjectPage","properties":{"text":"Continue"},"searchOpenDialogs":true,"interaction":{"idSuffix":"content"}},"wdio_ui5_key":"sapfe.templates.ObjectPage.ObjectPagesap.m.Button{\"text\":\"Continue\"}"}]}
RESULT: undefined
COMMAND: POST /session/478225154d0d829807d6977df85b81ee/execute/async - {"script":"<script> [21 bytes]","args":[{"selector":{"id":"__button199"}}]}
RESULT: {}
RESULT: {"script":"<script> [21 bytes]","args":[{"selector":{"id":"__button199"}}]}
COMMAND: POST /session/478225154d0d829807d6977df85b81ee/execute/async - {"script":"<script> [21 bytes]","args":[{"element-6066-11e4-a52e-4f735466cecf":"f.A19E321CC5520976077B9020827129C1.d.010E2258B29D1B9567748451B06B3AF9.e.516"},"getEnabled",[]]}
RESULT: {"script":"<script> [21 bytes]","args":[{"element-6066-11e4-a52e-4f735466cecf":"f.A19E321CC5520976077B9020827129C1.d.010E2258B29D1B9567748451B06B3AF9.e.516"},"getEnabled",[]]}
COMMAND: POST /session/478225154d0d829807d6977df85b81ee/element - {"using":"xpath","value":"//*[@id=\"__button199\"]"}
COMMAND: POST /session/478225154d0d829807d6977df85b81ee/execute/async - {"script":"<script> [21 bytes]","args":[{"selector":{"id":"__button199"}}]}
RESULT: {"script":"<script> [21 bytes]","args":[{"selector":{"id":"__button199"}}]}
COMMAND: POST /session/478225154d0d829807d6977df85b81ee/execute/async - {"script":"<script> [21 bytes]","args":[{"element-6066-11e4-a52e-4f735466cecf":"f.A19E321CC5520976077B9020827129C1.d.010E2258B29D1B9567748451B06B3AF9.e.516"},"getEnabled",[]]}
RESULT: {"using":"xpath","value":"//*[@id=\"__button199\"]"}
COMMAND: POST /session/478225154d0d829807d6977df85b81ee/element/f.A19E321CC5520976077B9020827129C1.d.010E2258B29D1B9567748451B06B3AF9.e.517/click - {}
RESULT: {"script":"<script> [21 bytes]","args":[{"element-6066-11e4-a52e-4f735466cecf":"f.A19E321CC5520976077B9020827129C1.d.010E2258B29D1B9567748451B06B3AF9.e.516"},"getEnabled",[]]}
RESULT: {}
COMMAND: POST /session/478225154d0d829807d6977df85b81ee/execute/async - {"script":"<script> [21 bytes]","args":[{"selector":{"id":"rfm.programui::xRFMxCU_Program__AllowedFundingTypeObjectPage--fe::FooterBar::StandardAction::Apply","interaction":{"idSuffix":"BDI-content"}},"wdio_ui5_key":"rfmprogramui::xRFMxCU_Program__AllowedFundingTypeObjectPage--fe::FooterBar::StandardAction::Apply"}]}
COMMAND: GET /session/478225154d0d829807d6977df85b81ee/screenshot - {}
RESULT: {"script":"<script> [21 bytes]","args":[{"selector":{"id":"rfm.programui::xRFMxCU_Program__AllowedFundingTypeObjectPage--fe::FooterBar::StandardAction::Apply","interaction":{"idSuffix":"BDI-content"}},"wdio_ui5_key":"rfmprogramui::xRFMxCU_Program__AllowedFundingTypeObjectPage--fe::FooterBar::StandardAction::Apply"}]}
RESULT: undefined
COMMAND: POST /session/478225154d0d829807d6977df85b81ee/element - {"using":"xpath","value":"//*[@id=\"rfm.programui::xRFMxCU_Program__AllowedFundingTypeObjectPage--fe::FooterBar::StandardAction::Apply\"]"}
RESULT: {}
RESULT: {"using":"xpath","value":"//*[@id=\"rfm.programui::xRFMxCU_Program__AllowedFundingTypeObjectPage--fe::FooterBar::StandardAction::Apply\"]"}
COMMAND: POST /session/478225154d0d829807d6977df85b81ee/element/f.A19E321CC5520976077B9020827129C1.d.010E2258B29D1B9567748451B06B3AF9.e.508/click - {}
RESULT: {}
COMMAND: POST /session/478225154d0d829807d6977df85b81ee/execute/async - {"script":"<script> [21 bytes]","args":[{"selector":{"id":"rfm.programui::xRFMxCU_ProgramObjectPage--fe::ObjectPage-anchBar-rfm.programui::xRFMxCU_ProgramObjectPage--fe::EditableHeaderSection-anchor","interaction":{"idSuffix":"text"}},"wdio_ui5_key":"rfmprogramui::xRFMxCU_ProgramObjectPage--fe::ObjectPage-anchBar-rfm.programui::xRFMxCU_ProgramObjectPage--fe::EditableHeaderSection-anchor"}]}
COMMAND: GET /session/478225154d0d829807d6977df85b81ee/screenshot - {}
RESULT: {"script":"<script> [21 bytes]","args":[{"selector":{"id":"rfm.programui::xRFMxCU_ProgramObjectPage--fe::ObjectPage-anchBar-rfm.programui::xRFMxCU_ProgramObjectPage--fe::EditableHeaderSection-anchor","interaction":{"idSuffix":"text"}},"wdio_ui5_key":"rfmprogramui::xRFMxCU_ProgramObjectPage--fe::ObjectPage-anchBar-rfm.programui::xRFMxCU_ProgramObjectPage--fe::EditableHeaderSection-anchor"}]}
RESULT: undefined
COMMAND: POST /session/478225154d0d829807d6977df85b81ee/element - {"using":"xpath","value":"//*[@id=\"rfm.programui::xRFMxCU_ProgramObjectPage--fe::ObjectPage-anchBar-rfm.programui::xRFMxCU_ProgramObjectPage--fe::EditableHeaderSection-anchor\"]"}
RESULT: {}
RESULT: {"using":"xpath","value":"//*[@id=\"rfm.programui::xRFMxCU_ProgramObjectPage--fe::ObjectPage-anchBar-rfm.programui::xRFMxCU_ProgramObjectPage--fe::EditableHeaderSection-anchor\"]"}
COMMAND: POST /session/478225154d0d829807d6977df85b81ee/element/f.A19E321CC5520976077B9020827129C1.d.010E2258B29D1B9567748451B06B3AF9.e.569/click - {}
RESULT: {}
COMMAND: POST /session/478225154d0d829807d6977df85b81ee/execute/async - {"script":"<script> [21 bytes]","args":[{"selector":{"id":"rfm.programui::xRFMxCU_ProgramObjectPage--fe::HeaderFacet::FormContainer::headerFieldsGP1::FormElement::DataField::Name::Field-edit","interaction":{"idSuffix":"inner"}},"wdio_ui5_key":"rfmprogramui::xRFMxCU_ProgramObjectPage--fe::HeaderFacet::FormContainer::headerFieldsGP1::FormElement::DataField::Name::Field-edit"}]}
COMMAND: GET /session/478225154d0d829807d6977df85b81ee/screenshot - {}
RESULT: {"script":"<script> [21 bytes]","args":[{"selector":{"id":"rfm.programui::xRFMxCU_ProgramObjectPage--fe::HeaderFacet::FormContainer::headerFieldsGP1::FormElement::DataField::Name::Field-edit","interaction":{"idSuffix":"inner"}},"wdio_ui5_key":"rfmprogramui::xRFMxCU_ProgramObjectPage--fe::HeaderFacet::FormContainer::headerFieldsGP1::FormElement::DataField::Name::Field-edit"}]}
RESULT: undefined
COMMAND: POST /session/478225154d0d829807d6977df85b81ee/execute/async - {"script":"<script> [20 bytes]","args":[{"enterText":"WDIO_LoanContract_2025-08-14","selector":{"id":"rfm.programui::xRFMxCU_ProgramObjectPage--fe::HeaderFacet::FormContainer::headerFieldsGP1::FormElement::DataField::Name::Field-edit","interaction":{"idSuffix":"inner"}},"clearTextFirst":true,"interactionType":"ENTER_TEXT"}]}
RESULT: {}
RESULT: {"script":"<script> [20 bytes]","args":[{"enterText":"WDIO_LoanContract_2025-08-14","selector":{"id":"rfm.programui::xRFMxCU_ProgramObjectPage--fe::HeaderFacet::FormContainer::headerFieldsGP1::FormElement::DataField::Name::Field-edit","interaction":{"idSuffix":"inner"}},"clearTextFirst":true,"interactionType":"ENTER_TEXT"}]}
COMMAND: POST /session/478225154d0d829807d6977df85b81ee/execute/async - {"script":"<script> [21 bytes]","args":[{"selector":{"id":"rfm.programui::xRFMxCU_ProgramObjectPage--fe::FooterBar::StandardAction::Save","interaction":{"idSuffix":"BDI-content"}},"wdio_ui5_key":"rfmprogramui::xRFMxCU_ProgramObjectPage--fe::FooterBar::StandardAction::Save"}]}
RESULT: {"script":"<script> [21 bytes]","args":[{"selector":{"id":"rfm.programui::xRFMxCU_ProgramObjectPage--fe::FooterBar::StandardAction::Save","interaction":{"idSuffix":"BDI-content"}},"wdio_ui5_key":"rfmprogramui::xRFMxCU_ProgramObjectPage--fe::FooterBar::StandardAction::Save"}]}
RESULT: undefined
COMMAND: POST /session/478225154d0d829807d6977df85b81ee/element - {"using":"xpath","value":"//*[@id=\"rfm.programui::xRFMxCU_ProgramObjectPage--fe::FooterBar::StandardAction::Save\"]"}
RESULT: {"using":"xpath","value":"//*[@id=\"rfm.programui::xRFMxCU_ProgramObjectPage--fe::FooterBar::StandardAction::Save\"]"}
COMMAND: POST /session/478225154d0d829807d6977df85b81ee/element/f.A19E321CC5520976077B9020827129C1.d.010E2258B29D1B9567748451B06B3AF9.e.423/click - {}
RESULT: {}
COMMAND: POST /session/478225154d0d829807d6977df85b81ee/execute/async - {"script":"<script> [21 bytes]","args":[{"selector":{"id":"rfm.programui::xRFMxCU_ProgramObjectPage--fe::HeaderFacet::Form::headerFieldsGP1::DataField::ProgramId::Field-content"},"wdio_ui5_key":"rfmprogramui::xRFMxCU_ProgramObjectPage--fe::HeaderFacet::Form::headerFieldsGP1::DataField::ProgramId::Field-content"}]}
COMMAND: GET /session/478225154d0d829807d6977df85b81ee/screenshot - {}
RESULT: {"script":"<script> [21 bytes]","args":[{"selector":{"id":"rfm.programui::xRFMxCU_ProgramObjectPage--fe::HeaderFacet::Form::headerFieldsGP1::DataField::ProgramId::Field-content"},"wdio_ui5_key":"rfmprogramui::xRFMxCU_ProgramObjectPage--fe::HeaderFacet::Form::headerFieldsGP1::DataField::ProgramId::Field-content"}]}
RESULT: undefined
COMMAND: POST /session/478225154d0d829807d6977df85b81ee/execute/async - {"script":"<script> [21 bytes]","args":[{"element-6066-11e4-a52e-4f735466cecf":"f.A19E321CC5520976077B9020827129C1.d.010E2258B29D1B9567748451B06B3AF9.e.586"},"getText",[]]}
RESULT: {}
RESULT: {"script":"<script> [21 bytes]","args":[{"element-6066-11e4-a52e-4f735466cecf":"f.A19E321CC5520976077B9020827129C1.d.010E2258B29D1B9567748451B06B3AF9.e.586"},"getText",[]]}
COMMAND: POST /session/478225154d0d829807d6977df85b81ee/execute/async - {"script":"<script> [21 bytes]","args":[{"selector":{"id":"rfm.programui::xRFMxCU_ProgramObjectPage--fe::DataFieldForAction::com.sap.gateway.srvd.rfm.ui_program.v0001.Open::com.sap.gateway.srvd.rfm.ui_program.v0001.xRFMxCU_ProgramType","interaction":{"idSuffix":"BDI-content"}},"wdio_ui5_key":"rfmprogramui::xRFMxCU_ProgramObjectPage--fe::DataFieldForAction::com.sap.gateway.srvd.rfm.ui_program.v0001.Open::com.sap.gateway.srvd.rfm.ui_program.v0001.xRFMxCU_ProgramType"}]}
RESULT: {"script":"<script> [21 bytes]","args":[{"selector":{"id":"rfm.programui::xRFMxCU_ProgramObjectPage--fe::DataFieldForAction::com.sap.gateway.srvd.rfm.ui_program.v0001.Open::com.sap.gateway.srvd.rfm.ui_program.v0001.xRFMxCU_ProgramType","interaction":{"idSuffix":"BDI-content"}},"wdio_ui5_key":"rfmprogramui::xRFMxCU_ProgramObjectPage--fe::DataFieldForAction::com.sap.gateway.srvd.rfm.ui_program.v0001.Open::com.sap.gateway.srvd.rfm.ui_program.v0001.xRFMxCU_ProgramType"}]}
RESULT: undefined
COMMAND: POST /session/478225154d0d829807d6977df85b81ee/element - {"using":"xpath","value":"//*[@id=\"rfm.programui::xRFMxCU_ProgramObjectPage--fe::DataFieldForAction::com.sap.gateway.srvd.rfm.ui_program.v0001.Open::com.sap.gateway.srvd.rfm.ui_program.v0001.xRFMxCU_ProgramType\"]"}
RESULT: {"using":"xpath","value":"//*[@id=\"rfm.programui::xRFMxCU_ProgramObjectPage--fe::DataFieldForAction::com.sap.gateway.srvd.rfm.ui_program.v0001.Open::com.sap.gateway.srvd.rfm.ui_program.v0001.xRFMxCU_ProgramType\"]"}
COMMAND: POST /session/478225154d0d829807d6977df85b81ee/element/f.A19E321CC5520976077B9020827129C1.d.010E2258B29D1B9567748451B06B3AF9.e.349/click - {}
RESULT: {}
COMMAND: POST /session/478225154d0d829807d6977df85b81ee/execute/async - {"script":"<script> [21 bytes]","args":[{"selector":{"controlType":"sap.m.Button","properties":{"text":"OK"},"searchOpenDialogs":true,"interaction":{"idSuffix":"BDI-content"}},"wdio_ui5_key":"sapm.Button{\"text\":\"OK\"}"}]}
COMMAND: GET /session/478225154d0d829807d6977df85b81ee/screenshot - {}
RESULT: {"script":"<script> [21 bytes]","args":[{"selector":{"controlType":"sap.m.Button","properties":{"text":"OK"},"searchOpenDialogs":true,"interaction":{"idSuffix":"BDI-content"}},"wdio_ui5_key":"sapm.Button{\"text\":\"OK\"}"}]}
RESULT: undefined
COMMAND: POST /session/478225154d0d829807d6977df85b81ee/element - {"using":"xpath","value":"//*[@id=\"__mbox-btn-0\"]"}
RESULT: {}
RESULT: {"using":"xpath","value":"//*[@id=\"__mbox-btn-0\"]"}
COMMAND: POST /session/478225154d0d829807d6977df85b81ee/element/f.A19E321CC5520976077B9020827129C1.d.010E2258B29D1B9567748451B06B3AF9.e.588/click - {}
RESULT: {}
COMMAND: POST /session/478225154d0d829807d6977df85b81ee/execute/async - {"script":"<script> [21 bytes]","args":[{"selector":{"id":"backBtn"},"wdio_ui5_key":"backBtn"}]}
COMMAND: GET /session/478225154d0d829807d6977df85b81ee/screenshot - {}
RESULT: {}
RESULT: {"script":"<script> [21 bytes]","args":[{"selector":{"id":"backBtn"},"wdio_ui5_key":"backBtn"}]}
RESULT: undefined
COMMAND: POST /session/478225154d0d829807d6977df85b81ee/element - {"using":"xpath","value":"//*[@id=\"backBtn\"]"}
RESULT: {"using":"xpath","value":"//*[@id=\"backBtn\"]"}
COMMAND: POST /session/478225154d0d829807d6977df85b81ee/element/f.A19E321CC5520976077B9020827129C1.d.010E2258B29D1B9567748451B06B3AF9.e.593/click - {}
RESULT: {}
COMMAND: GET /session/478225154d0d829807d6977df85b81ee/screenshot - {}
RESULT: {}
COMMAND: POST /session/478225154d0d829807d6977df85b81ee/element/f.A19E321CC5520976077B9020827129C1.d.010E2258B29D1B9567748451B06B3AF9.e.593/click - {}
COMMAND: GET /session/478225154d0d829807d6977df85b81ee/screenshot - {}
]]></system-out>
    </testcase>
    <testcase classname="chrome.138_0_7204_184.windows.Loan_Contract" name="Should create Transaction" time="55.873">
      <system-out><![CDATA[
COMMAND: POST /session/478225154d0d829807d6977df85b81ee/execute/async - {"script":"<script> [21 bytes]","args":[{"selector":{"controlType":"sap.m.GenericTile","properties":{"header":"Funding Transaction"}},"wdio_ui5_key":"sapm.GenericTile{\"header\":\"Funding Transaction\"}"}]}
RESULT: {}
COMMAND: GET /session/478225154d0d829807d6977df85b81ee/screenshot - {}
RESULT: {}
RESULT: {"script":"<script> [21 bytes]","args":[{"selector":{"controlType":"sap.m.GenericTile","properties":{"header":"Funding Transaction"}},"wdio_ui5_key":"sapm.GenericTile{\"header\":\"Funding Transaction\"}"}]}
RESULT: undefined
COMMAND: POST /session/478225154d0d829807d6977df85b81ee/element - {"using":"xpath","value":"//*[@id=\"__tile30\"]"}
RESULT: {}
RESULT: {"using":"xpath","value":"//*[@id=\"__tile30\"]"}
COMMAND: POST /session/478225154d0d829807d6977df85b81ee/element/f.A19E321CC5520976077B9020827129C1.d.010E2258B29D1B9567748451B06B3AF9.e.686/click - {}
RESULT: {}
COMMAND: POST /session/478225154d0d829807d6977df85b81ee/execute/async - {"script":"<script> [21 bytes]","args":[{"selector":{"id":"rfm.transactionui::xRFMxCU_TransactionList--fe::table::allTab::LineItem::StandardAction::Create","controlType":"sap.m.Button"},"wdio_ui5_key":"rfmtransactionui::xRFMxCU_TransactionList--fe::table::allTab::LineItem::StandardAction::Createsap.m.Button"}]}
COMMAND: GET /session/478225154d0d829807d6977df85b81ee/screenshot - {}
RESULT: {"script":"<script> [21 bytes]","args":[{"selector":{"id":"rfm.transactionui::xRFMxCU_TransactionList--fe::table::allTab::LineItem::StandardAction::Create","controlType":"sap.m.Button"},"wdio_ui5_key":"rfmtransactionui::xRFMxCU_TransactionList--fe::table::allTab::LineItem::StandardAction::Createsap.m.Button"}]}
RESULT: undefined
COMMAND: POST /session/478225154d0d829807d6977df85b81ee/element - {"using":"xpath","value":"//*[@id=\"rfm.transactionui::xRFMxCU_TransactionList--fe::table::allTab::LineItem::StandardAction::Create\"]"}
RESULT: {}
RESULT: {"using":"xpath","value":"//*[@id=\"rfm.transactionui::xRFMxCU_TransactionList--fe::table::allTab::LineItem::StandardAction::Create\"]"}
COMMAND: POST /session/478225154d0d829807d6977df85b81ee/element/f.A19E321CC5520976077B9020827129C1.d.010E2258B29D1B9567748451B06B3AF9.e.744/click - {}
RESULT: {}
COMMAND: POST /session/478225154d0d829807d6977df85b81ee/execute/async - {"script":"<script> [21 bytes]","args":[{"selector":{"id":"CreateDialog::xRFMxCU_TransactionType::ProgramId-inner-vhi","searchOpenDialogs":true},"wdio_ui5_key":"CreateDialogxRFMxCU_TransactionType::ProgramId-inner-vhi"}]}
COMMAND: GET /session/478225154d0d829807d6977df85b81ee/screenshot - {}
RESULT: {"script":"<script> [21 bytes]","args":[{"selector":{"id":"CreateDialog::xRFMxCU_TransactionType::ProgramId-inner-vhi","searchOpenDialogs":true},"wdio_ui5_key":"CreateDialogxRFMxCU_TransactionType::ProgramId-inner-vhi"}]}
RESULT: undefined
COMMAND: POST /session/478225154d0d829807d6977df85b81ee/element - {"using":"xpath","value":"//*[@id=\"CreateDialog::xRFMxCU_TransactionType::ProgramId-inner-vhi\"]"}
RESULT: {}
RESULT: {"using":"xpath","value":"//*[@id=\"CreateDialog::xRFMxCU_TransactionType::ProgramId-inner-vhi\"]"}
COMMAND: POST /session/478225154d0d829807d6977df85b81ee/element/f.A19E321CC5520976077B9020827129C1.d.010E2258B29D1B9567748451B06B3AF9.e.959/click - {}
RESULT: {}
COMMAND: POST /session/478225154d0d829807d6977df85b81ee/execute/async - {"script":"<script> [21 bytes]","args":[{"selector":{"id":"ProgramId::VH::Dialog::qualifier::-search-inner","searchOpenDialogs":true,"interaction":{"idSuffix":"I"}},"wdio_ui5_key":"ProgramIdVH::Dialog::qualifier::-search-inner"}]}
COMMAND: GET /session/478225154d0d829807d6977df85b81ee/screenshot - {}
RESULT: {"script":"<script> [21 bytes]","args":[{"selector":{"id":"ProgramId::VH::Dialog::qualifier::-search-inner","searchOpenDialogs":true,"interaction":{"idSuffix":"I"}},"wdio_ui5_key":"ProgramIdVH::Dialog::qualifier::-search-inner"}]}
RESULT: undefined
COMMAND: POST /session/478225154d0d829807d6977df85b81ee/execute/async - {"script":"<script> [20 bytes]","args":[{"enterText":"*1611*","selector":{"id":"ProgramId::VH::Dialog::qualifier::-search-inner","searchOpenDialogs":true,"interaction":{"idSuffix":"I"}},"clearTextFirst":true,"interactionType":"ENTER_TEXT"}]}
RESULT: {}
RESULT: {"script":"<script> [20 bytes]","args":[{"enterText":"*1611*","selector":{"id":"ProgramId::VH::Dialog::qualifier::-search-inner","searchOpenDialogs":true,"interaction":{"idSuffix":"I"}},"clearTextFirst":true,"interactionType":"ENTER_TEXT"}]}
COMMAND: POST /session/478225154d0d829807d6977df85b81ee/execute/async - {"script":"<script> [21 bytes]","args":[{"selector":{"id":"ProgramId::VH::Dialog::qualifier::::Table-innerTable-rows-row0","searchOpenDialogs":true},"wdio_ui5_key":"ProgramIdVH::Dialog::qualifier::::Table-innerTable-rows-row0"}]}
RESULT: {"script":"<script> [21 bytes]","args":[{"selector":{"id":"ProgramId::VH::Dialog::qualifier::::Table-innerTable-rows-row0","searchOpenDialogs":true},"wdio_ui5_key":"ProgramIdVH::Dialog::qualifier::::Table-innerTable-rows-row0"}]}
RESULT: undefined
COMMAND: POST /session/478225154d0d829807d6977df85b81ee/element - {"using":"xpath","value":"//*[@id=\"ProgramId::VH::Dialog::qualifier::::Table-innerTable-rows-row0\"]"}
RESULT: {"using":"xpath","value":"//*[@id=\"ProgramId::VH::Dialog::qualifier::::Table-innerTable-rows-row0\"]"}
COMMAND: POST /session/478225154d0d829807d6977df85b81ee/element/f.A19E321CC5520976077B9020827129C1.d.010E2258B29D1B9567748451B06B3AF9.e.968/click - {}
RESULT: {}
COMMAND: POST /session/478225154d0d829807d6977df85b81ee/execute/async - {"script":"<script> [21 bytes]","args":[{"selector":{"id":"CreateDialog::xRFMxCU_TransactionType::FundingType-inner","searchOpenDialogs":true,"interaction":{"idSuffix":"inner"}},"wdio_ui5_key":"CreateDialogxRFMxCU_TransactionType::FundingType-inner"}]}
COMMAND: GET /session/478225154d0d829807d6977df85b81ee/screenshot - {}
RESULT: {"script":"<script> [21 bytes]","args":[{"selector":{"id":"CreateDialog::xRFMxCU_TransactionType::FundingType-inner","searchOpenDialogs":true,"interaction":{"idSuffix":"inner"}},"wdio_ui5_key":"CreateDialogxRFMxCU_TransactionType::FundingType-inner"}]}
RESULT: undefined
COMMAND: POST /session/478225154d0d829807d6977df85b81ee/execute/async - {"script":"<script> [20 bytes]","args":[{"enterText":"10","selector":{"id":"CreateDialog::xRFMxCU_TransactionType::FundingType-inner","searchOpenDialogs":true,"interaction":{"idSuffix":"inner"}},"clearTextFirst":true,"interactionType":"ENTER_TEXT"}]}
RESULT: {}
RESULT: {"script":"<script> [20 bytes]","args":[{"enterText":"10","selector":{"id":"CreateDialog::xRFMxCU_TransactionType::FundingType-inner","searchOpenDialogs":true,"interaction":{"idSuffix":"inner"}},"clearTextFirst":true,"interactionType":"ENTER_TEXT"}]}
COMMAND: POST /session/478225154d0d829807d6977df85b81ee/execute/async - {"script":"<script> [21 bytes]","args":[{"selector":{"id":"CreateDialog::xRFMxCU_Transaction-footer","searchOpenDialogs":true},"wdio_ui5_key":"CreateDialogxRFMxCU_Transaction-footer"}]}
RESULT: {"script":"<script> [21 bytes]","args":[{"selector":{"id":"CreateDialog::xRFMxCU_Transaction-footer","searchOpenDialogs":true},"wdio_ui5_key":"CreateDialogxRFMxCU_Transaction-footer"}]}
RESULT: undefined
COMMAND: POST /session/478225154d0d829807d6977df85b81ee/element - {"using":"xpath","value":"//*[@id=\"CreateDialog::xRFMxCU_Transaction-footer\"]"}
RESULT: {"using":"xpath","value":"//*[@id=\"CreateDialog::xRFMxCU_Transaction-footer\"]"}
COMMAND: POST /session/478225154d0d829807d6977df85b81ee/element/f.A19E321CC5520976077B9020827129C1.d.010E2258B29D1B9567748451B06B3AF9.e.971/click - {}
RESULT: {}
COMMAND: POST /session/478225154d0d829807d6977df85b81ee/execute/async - {"script":"<script> [21 bytes]","args":[{"forceSelect":true,"selector":{"controlType":"sap.m.Button","viewName":"sap.fe.templates.ObjectPage.ObjectPage","viewId":"rfm.transactionui::xRFMxCU_TransactionObjectPage","properties":{"text":"Continue"},"searchOpenDialogs":true,"interaction":{"idSuffix":"BDI-content"}},"wdio_ui5_key":"sapfe.templates.ObjectPage.ObjectPagesap.m.Button{\"text\":\"Continue\"}"}]}
COMMAND: GET /session/478225154d0d829807d6977df85b81ee/screenshot - {}
RESULT: {"script":"<script> [21 bytes]","args":[{"forceSelect":true,"selector":{"controlType":"sap.m.Button","viewName":"sap.fe.templates.ObjectPage.ObjectPage","viewId":"rfm.transactionui::xRFMxCU_TransactionObjectPage","properties":{"text":"Continue"},"searchOpenDialogs":true,"interaction":{"idSuffix":"BDI-content"}},"wdio_ui5_key":"sapfe.templates.ObjectPage.ObjectPagesap.m.Button{\"text\":\"Continue\"}"}]}
RESULT: undefined
COMMAND: POST /session/478225154d0d829807d6977df85b81ee/element - {"using":"xpath","value":"//*[@id=\"__button245\"]"}
RESULT: {}
RESULT: {"using":"xpath","value":"//*[@id=\"__button245\"]"}
COMMAND: POST /session/478225154d0d829807d6977df85b81ee/element/f.A19E321CC5520976077B9020827129C1.d.010E2258B29D1B9567748451B06B3AF9.e.973/click - {}
RESULT: {}
COMMAND: POST /session/478225154d0d829807d6977df85b81ee/execute/async - {"script":"<script> [21 bytes]","args":[{"selector":{"id":"rfm.transactionui::xRFMxCU_TransactionObjectPage--fe::CustomSubSection::CustomDetailsSection--fe::FormContainer::FieldGroup::Term::FormElement::DataField::AssetCashflowDateFrom::Field-edit","interaction":{"idSuffix":"inner"}},"wdio_ui5_key":"rfmtransactionui::xRFMxCU_TransactionObjectPage--fe::CustomSubSection::CustomDetailsSection--fe::FormContainer::FieldGroup::Term::FormElement::DataField::AssetCashflowDateFrom::Field-edit"}]}
COMMAND: GET /session/478225154d0d829807d6977df85b81ee/screenshot - {}
RESULT: {"script":"<script> [21 bytes]","args":[{"selector":{"id":"rfm.transactionui::xRFMxCU_TransactionObjectPage--fe::CustomSubSection::CustomDetailsSection--fe::FormContainer::FieldGroup::Term::FormElement::DataField::AssetCashflowDateFrom::Field-edit","interaction":{"idSuffix":"inner"}},"wdio_ui5_key":"rfmtransactionui::xRFMxCU_TransactionObjectPage--fe::CustomSubSection::CustomDetailsSection--fe::FormContainer::FieldGroup::Term::FormElement::DataField::AssetCashflowDateFrom::Field-edit"}]}
RESULT: undefined
COMMAND: POST /session/478225154d0d829807d6977df85b81ee/execute/async - {"script":"<script> [20 bytes]","args":[{"enterText":"2025-01-01","selector":{"id":"rfm.transactionui::xRFMxCU_TransactionObjectPage--fe::CustomSubSection::CustomDetailsSection--fe::FormContainer::FieldGroup::Term::FormElement::DataField::AssetCashflowDateFrom::Field-edit","interaction":{"idSuffix":"inner"}},"clearTextFirst":true,"interactionType":"ENTER_TEXT"}]}
RESULT: {}
RESULT: {"script":"<script> [20 bytes]","args":[{"enterText":"2025-01-01","selector":{"id":"rfm.transactionui::xRFMxCU_TransactionObjectPage--fe::CustomSubSection::CustomDetailsSection--fe::FormContainer::FieldGroup::Term::FormElement::DataField::AssetCashflowDateFrom::Field-edit","interaction":{"idSuffix":"inner"}},"clearTextFirst":true,"interactionType":"ENTER_TEXT"}]}
COMMAND: POST /session/478225154d0d829807d6977df85b81ee/execute/async - {"script":"<script> [21 bytes]","args":[{"selector":{"id":"rfm.transactionui::xRFMxCU_TransactionObjectPage--fe::CustomSubSection::CustomDetailsSection--fe::FormContainer::FieldGroup::Term::FormElement::DataField::AssetCashflowDateTo::Field-edit","interaction":{"idSuffix":"inner"}},"wdio_ui5_key":"rfmtransactionui::xRFMxCU_TransactionObjectPage--fe::CustomSubSection::CustomDetailsSection--fe::FormContainer::FieldGroup::Term::FormElement::DataField::AssetCashflowDateTo::Field-edit"}]}
RESULT: {"script":"<script> [21 bytes]","args":[{"selector":{"id":"rfm.transactionui::xRFMxCU_TransactionObjectPage--fe::CustomSubSection::CustomDetailsSection--fe::FormContainer::FieldGroup::Term::FormElement::DataField::AssetCashflowDateTo::Field-edit","interaction":{"idSuffix":"inner"}},"wdio_ui5_key":"rfmtransactionui::xRFMxCU_TransactionObjectPage--fe::CustomSubSection::CustomDetailsSection--fe::FormContainer::FieldGroup::Term::FormElement::DataField::AssetCashflowDateTo::Field-edit"}]}
RESULT: undefined
COMMAND: POST /session/478225154d0d829807d6977df85b81ee/execute/async - {"script":"<script> [20 bytes]","args":[{"enterText":"2027-12-31","selector":{"id":"rfm.transactionui::xRFMxCU_TransactionObjectPage--fe::CustomSubSection::CustomDetailsSection--fe::FormContainer::FieldGroup::Term::FormElement::DataField::AssetCashflowDateTo::Field-edit","interaction":{"idSuffix":"inner"}},"clearTextFirst":true,"interactionType":"ENTER_TEXT"}]}
RESULT: {"script":"<script> [20 bytes]","args":[{"enterText":"2027-12-31","selector":{"id":"rfm.transactionui::xRFMxCU_TransactionObjectPage--fe::CustomSubSection::CustomDetailsSection--fe::FormContainer::FieldGroup::Term::FormElement::DataField::AssetCashflowDateTo::Field-edit","interaction":{"idSuffix":"inner"}},"clearTextFirst":true,"interactionType":"ENTER_TEXT"}]}
COMMAND: POST /session/478225154d0d829807d6977df85b81ee/execute/async - {"script":"<script> [21 bytes]","args":[{"selector":{"id":"rfm.transactionui::xRFMxCU_TransactionObjectPage--fe::ObjectPage-anchBar-rfm.transactionui::xRFMxCU_TransactionObjectPage--fe::EditableHeaderSection-anchor","interaction":{"idSuffix":"text"}},"wdio_ui5_key":"rfmtransactionui::xRFMxCU_TransactionObjectPage--fe::ObjectPage-anchBar-rfm.transactionui::xRFMxCU_TransactionObjectPage--fe::EditableHeaderSection-anchor"}]}
RESULT: {"script":"<script> [21 bytes]","args":[{"selector":{"id":"rfm.transactionui::xRFMxCU_TransactionObjectPage--fe::ObjectPage-anchBar-rfm.transactionui::xRFMxCU_TransactionObjectPage--fe::EditableHeaderSection-anchor","interaction":{"idSuffix":"text"}},"wdio_ui5_key":"rfmtransactionui::xRFMxCU_TransactionObjectPage--fe::ObjectPage-anchBar-rfm.transactionui::xRFMxCU_TransactionObjectPage--fe::EditableHeaderSection-anchor"}]}
RESULT: undefined
COMMAND: POST /session/478225154d0d829807d6977df85b81ee/element - {"using":"xpath","value":"//*[@id=\"rfm.transactionui::xRFMxCU_TransactionObjectPage--fe::ObjectPage-anchBar-rfm.transactionui::xRFMxCU_TransactionObjectPage--fe::EditableHeaderSection-anchor\"]"}
RESULT: {"using":"xpath","value":"//*[@id=\"rfm.transactionui::xRFMxCU_TransactionObjectPage--fe::ObjectPage-anchBar-rfm.transactionui::xRFMxCU_TransactionObjectPage--fe::EditableHeaderSection-anchor\"]"}
COMMAND: POST /session/478225154d0d829807d6977df85b81ee/element/f.A19E321CC5520976077B9020827129C1.d.010E2258B29D1B9567748451B06B3AF9.e.1029/click - {}
RESULT: {}
COMMAND: POST /session/478225154d0d829807d6977df85b81ee/execute/async - {"script":"<script> [21 bytes]","args":[{"selector":{"id":"rfm.transactionui::xRFMxCU_TransactionObjectPage--fe::HeaderFacet::FormContainer::headerFieldsGP1::FormElement::DataField::Name::Field-edit","interaction":{"idSuffix":"inner"}},"wdio_ui5_key":"rfmtransactionui::xRFMxCU_TransactionObjectPage--fe::HeaderFacet::FormContainer::headerFieldsGP1::FormElement::DataField::Name::Field-edit"}]}
COMMAND: GET /session/478225154d0d829807d6977df85b81ee/screenshot - {}
RESULT: {"script":"<script> [21 bytes]","args":[{"selector":{"id":"rfm.transactionui::xRFMxCU_TransactionObjectPage--fe::HeaderFacet::FormContainer::headerFieldsGP1::FormElement::DataField::Name::Field-edit","interaction":{"idSuffix":"inner"}},"wdio_ui5_key":"rfmtransactionui::xRFMxCU_TransactionObjectPage--fe::HeaderFacet::FormContainer::headerFieldsGP1::FormElement::DataField::Name::Field-edit"}]}
RESULT: undefined
COMMAND: POST /session/478225154d0d829807d6977df85b81ee/execute/async - {"script":"<script> [20 bytes]","args":[{"enterText":"WDIO_LoanContract_2025-08-14","selector":{"id":"rfm.transactionui::xRFMxCU_TransactionObjectPage--fe::HeaderFacet::FormContainer::headerFieldsGP1::FormElement::DataField::Name::Field-edit","interaction":{"idSuffix":"inner"}},"clearTextFirst":true,"interactionType":"ENTER_TEXT"}]}
RESULT: {}
RESULT: {"script":"<script> [20 bytes]","args":[{"enterText":"WDIO_LoanContract_2025-08-14","selector":{"id":"rfm.transactionui::xRFMxCU_TransactionObjectPage--fe::HeaderFacet::FormContainer::headerFieldsGP1::FormElement::DataField::Name::Field-edit","interaction":{"idSuffix":"inner"}},"clearTextFirst":true,"interactionType":"ENTER_TEXT"}]}
COMMAND: POST /session/478225154d0d829807d6977df85b81ee/execute/async - {"script":"<script> [21 bytes]","args":[{"selector":{"id":"rfm.transactionui::xRFMxCU_TransactionObjectPage--fe::HeaderFacet::FormContainer::headerFieldsGP1::FormElement::DataField::TransactionId::Field-display"},"wdio_ui5_key":"rfmtransactionui::xRFMxCU_TransactionObjectPage--fe::HeaderFacet::FormContainer::headerFieldsGP1::FormElement::DataField::TransactionId::Field-display"}]}
RESULT: {"script":"<script> [21 bytes]","args":[{"selector":{"id":"rfm.transactionui::xRFMxCU_TransactionObjectPage--fe::HeaderFacet::FormContainer::headerFieldsGP1::FormElement::DataField::TransactionId::Field-display"},"wdio_ui5_key":"rfmtransactionui::xRFMxCU_TransactionObjectPage--fe::HeaderFacet::FormContainer::headerFieldsGP1::FormElement::DataField::TransactionId::Field-display"}]}
RESULT: undefined
COMMAND: POST /session/478225154d0d829807d6977df85b81ee/execute/async - {"script":"<script> [21 bytes]","args":[{"element-6066-11e4-a52e-4f735466cecf":"f.A19E321CC5520976077B9020827129C1.d.010E2258B29D1B9567748451B06B3AF9.e.1037"},"getText",[]]}
RESULT: {"script":"<script> [21 bytes]","args":[{"element-6066-11e4-a52e-4f735466cecf":"f.A19E321CC5520976077B9020827129C1.d.010E2258B29D1B9567748451B06B3AF9.e.1037"},"getText",[]]}
COMMAND: POST /session/478225154d0d829807d6977df85b81ee/execute/async - {"script":"<script> [21 bytes]","args":[{"selector":{"id":"rfm.transactionui::xRFMxCU_TransactionObjectPage--fe::ObjectPage-anchBar-rfm.transactionui::xRFMxCU_TransactionObjectPage--fe::FacetSection::FundingScopeCollection-anchor"},"wdio_ui5_key":"rfmtransactionui::xRFMxCU_TransactionObjectPage--fe::ObjectPage-anchBar-rfm.transactionui::xRFMxCU_TransactionObjectPage--fe::FacetSection::FundingScopeCollection-anchor"}]}
RESULT: {"script":"<script> [21 bytes]","args":[{"selector":{"id":"rfm.transactionui::xRFMxCU_TransactionObjectPage--fe::ObjectPage-anchBar-rfm.transactionui::xRFMxCU_TransactionObjectPage--fe::FacetSection::FundingScopeCollection-anchor"},"wdio_ui5_key":"rfmtransactionui::xRFMxCU_TransactionObjectPage--fe::ObjectPage-anchBar-rfm.transactionui::xRFMxCU_TransactionObjectPage--fe::FacetSection::FundingScopeCollection-anchor"}]}
RESULT: undefined
COMMAND: POST /session/478225154d0d829807d6977df85b81ee/element - {"using":"xpath","value":"//*[@id=\"rfm.transactionui::xRFMxCU_TransactionObjectPage--fe::ObjectPage-anchBar-rfm.transactionui::xRFMxCU_TransactionObjectPage--fe::FacetSection::FundingScopeCollection-anchor\"]"}
RESULT: {"using":"xpath","value":"//*[@id=\"rfm.transactionui::xRFMxCU_TransactionObjectPage--fe::ObjectPage-anchBar-rfm.transactionui::xRFMxCU_TransactionObjectPage--fe::FacetSection::FundingScopeCollection-anchor\"]"}
COMMAND: POST /session/478225154d0d829807d6977df85b81ee/element/f.A19E321CC5520976077B9020827129C1.d.010E2258B29D1B9567748451B06B3AF9.e.1038/click - {}
RESULT: {}
COMMAND: POST /session/478225154d0d829807d6977df85b81ee/execute/async - {"script":"<script> [21 bytes]","args":[{"selector":{"controlType":"sap.ui.mdc.field.FieldInput","viewName":"sap.fe.templates.ObjectPage.ObjectPage","viewId":"rfm.transactionui::xRFMxCU_TransactionObjectPage","bindingPath":{"path":"","propertyPath":"/conditions","modelName":"$field"},"ancestor":{"controlType":"sap.ui.mdc.Field","viewName":"sap.fe.templates.ObjectPage.ObjectPage","viewId":"rfm.transactionui::xRFMxCU_TransactionObjectPage","bindingPath":{"path":"/xRFMxCU_Transaction(TransactionId='1071',IsActiveEntity=false)/_TransactionCFPart(TransactionId='1071',CashFlowPartType='1',IsActiveEntity=false)","propertyPath":"__EntityControl/Updatable"}},"interaction":{"idSuffix":"inner"}},"wdio_ui5_key":"sapfe.templates.ObjectPage.ObjectPagesap.ui.mdc.field.FieldInput{\"path\":\"\",\"propertyPath\":\"/conditions\",\"modelName\":\"$field\"}{\"controlType\":\"sap.ui.mdc.Field\",\"viewName\":\"sap.fe.templates.ObjectPage.ObjectPage\",\"viewId\":\"rfm.transactionui::xRFMxCU_TransactionObjectPage\",\"bindingPath\":{\"path\":\"/xRFMxCU_Transaction(TransactionId='1071',IsActiveEntity=false)/_TransactionCFPart(TransactionId='1071',CashFlowPartType='1',IsActiveEntity=false)\",\"propertyPath\":\"__EntityControl/Updatable\"}}"}]}
COMMAND: GET /session/478225154d0d829807d6977df85b81ee/screenshot - {}
RESULT: {"script":"<script> [21 bytes]","args":[{"selector":{"controlType":"sap.ui.mdc.field.FieldInput","viewName":"sap.fe.templates.ObjectPage.ObjectPage","viewId":"rfm.transactionui::xRFMxCU_TransactionObjectPage","bindingPath":{"path":"","propertyPath":"/conditions","modelName":"$field"},"ancestor":{"controlType":"sap.ui.mdc.Field","viewName":"sap.fe.templates.ObjectPage.ObjectPage","viewId":"rfm.transactionui::xRFMxCU_TransactionObjectPage","bindingPath":{"path":"/xRFMxCU_Transaction(TransactionId='1071',IsActiveEntity=false)/_TransactionCFPart(TransactionId='1071',CashFlowPartType='1',IsActiveEntity=false)","propertyPath":"__EntityControl/Updatable"}},"interaction":{"idSuffix":"inner"}},"wdio_ui5_key":"sapfe.templates.ObjectPage.ObjectPagesap.ui.mdc.field.FieldInput{\"path\":\"\",\"propertyPath\":\"/conditions\",\"modelName\":\"$field\"}{\"controlType\":\"sap.ui.mdc.Field\",\"viewName\":\"sap.fe.templates.ObjectPage.ObjectPage\",\"viewId\":\"rfm.transactionui::xRFMxCU_TransactionObjectPage\",\"bindingPath\":{\"path\":\"/xRFMxCU_Transaction(TransactionId='1071',IsActiveEntity=false)/_TransactionCFPart(TransactionId='1071',CashFlowPartType='1',IsActiveEntity=false)\",\"propertyPath\":\"__EntityControl/Updatable\"}}"}]}
RESULT: undefined
COMMAND: POST /session/478225154d0d829807d6977df85b81ee/execute/async - {"script":"<script> [20 bytes]","args":[{"enterText":"Funding","selector":{"controlType":"sap.ui.mdc.field.FieldInput","viewName":"sap.fe.templates.ObjectPage.ObjectPage","viewId":"rfm.transactionui::xRFMxCU_TransactionObjectPage","bindingPath":{"path":"","propertyPath":"/conditions","modelName":"$field"},"ancestor":{"controlType":"sap.ui.mdc.Field","viewName":"sap.fe.templates.ObjectPage.ObjectPage","viewId":"rfm.transactionui::xRFMxCU_TransactionObjectPage","bindingPath":{"path":"/xRFMxCU_Transaction(TransactionId='1071',IsActiveEntity=false)/_TransactionCFPart(TransactionId='1071',CashFlowPartType='1',IsActiveEntity=false)","propertyPath":"__EntityControl/Updatable"}},"interaction":{"idSuffix":"inner"}},"clearTextFirst":true,"interactionType":"ENTER_TEXT"}]}
RESULT: {}
RESULT: {"script":"<script> [20 bytes]","args":[{"enterText":"Funding","selector":{"controlType":"sap.ui.mdc.field.FieldInput","viewName":"sap.fe.templates.ObjectPage.ObjectPage","viewId":"rfm.transactionui::xRFMxCU_TransactionObjectPage","bindingPath":{"path":"","propertyPath":"/conditions","modelName":"$field"},"ancestor":{"controlType":"sap.ui.mdc.Field","viewName":"sap.fe.templates.ObjectPage.ObjectPage","viewId":"rfm.transactionui::xRFMxCU_TransactionObjectPage","bindingPath":{"path":"/xRFMxCU_Transaction(TransactionId='1071',IsActiveEntity=false)/_TransactionCFPart(TransactionId='1071',CashFlowPartType='1',IsActiveEntity=false)","propertyPath":"__EntityControl/Updatable"}},"interaction":{"idSuffix":"inner"}},"clearTextFirst":true,"interactionType":"ENTER_TEXT"}]}
COMMAND: POST /session/478225154d0d829807d6977df85b81ee/execute/async - {"script":"<script> [21 bytes]","args":[{"selector":{"id":"rfm.transactionui::xRFMxCU_TransactionObjectPage--fe::table::_TransactionCFPart::LineItem-innerTable-rows-row1","interaction":{"idSuffix":"col0"}},"wdio_ui5_key":"rfmtransactionui::xRFMxCU_TransactionObjectPage--fe::table::_TransactionCFPart::LineItem-innerTable-rows-row1"}]}
RESULT: {"script":"<script> [21 bytes]","args":[{"selector":{"id":"rfm.transactionui::xRFMxCU_TransactionObjectPage--fe::table::_TransactionCFPart::LineItem-innerTable-rows-row1","interaction":{"idSuffix":"col0"}},"wdio_ui5_key":"rfmtransactionui::xRFMxCU_TransactionObjectPage--fe::table::_TransactionCFPart::LineItem-innerTable-rows-row1"}]}
RESULT: undefined
COMMAND: POST /session/478225154d0d829807d6977df85b81ee/element - {"using":"xpath","value":"//*[@id=\"rfm.transactionui::xRFMxCU_TransactionObjectPage--fe::table::_TransactionCFPart::LineItem-innerTable-rows-row1\"]"}
RESULT: {"using":"xpath","value":"//*[@id=\"rfm.transactionui::xRFMxCU_TransactionObjectPage--fe::table::_TransactionCFPart::LineItem-innerTable-rows-row1\"]"}
COMMAND: POST /session/478225154d0d829807d6977df85b81ee/element/f.A19E321CC5520976077B9020827129C1.d.010E2258B29D1B9567748451B06B3AF9.e.1056/click - {}
RESULT: {}
COMMAND: POST /session/478225154d0d829807d6977df85b81ee/execute/async - {"script":"<script> [21 bytes]","args":[{"forceSelect":true,"selector":{"controlType":"sap.ui.mdc.field.FieldInput","viewName":"sap.fe.templates.ObjectPage.ObjectPage","viewId":"rfm.transactionui::xRFMxCU_TransactionObjectPage","bindingPath":{"path":"","propertyPath":"/conditions","modelName":"$field"},"ancestor":{"controlType":"sap.ui.mdc.Field","viewName":"sap.fe.templates.ObjectPage.ObjectPage","viewId":"rfm.transactionui::xRFMxCU_TransactionObjectPage","bindingPath":{"path":"/xRFMxCU_Transaction(TransactionId='1071',IsActiveEntity=false)/_TransactionCFPart(TransactionId='1071',CashFlowPartType='2',IsActiveEntity=false)","propertyPath":"__EntityControl/Updatable"}},"interaction":{"idSuffix":"inner"}},"wdio_ui5_key":"sapfe.templates.ObjectPage.ObjectPagesap.ui.mdc.field.FieldInput{\"path\":\"\",\"propertyPath\":\"/conditions\",\"modelName\":\"$field\"}{\"controlType\":\"sap.ui.mdc.Field\",\"viewName\":\"sap.fe.templates.ObjectPage.ObjectPage\",\"viewId\":\"rfm.transactionui::xRFMxCU_TransactionObjectPage\",\"bindingPath\":{\"path\":\"/xRFMxCU_Transaction(TransactionId='1071',IsActiveEntity=false)/_TransactionCFPart(TransactionId='1071',CashFlowPartType='2',IsActiveEntity=false)\",\"propertyPath\":\"__EntityControl/Updatable\"}}"}]}
COMMAND: GET /session/478225154d0d829807d6977df85b81ee/screenshot - {}
RESULT: {"script":"<script> [21 bytes]","args":[{"forceSelect":true,"selector":{"controlType":"sap.ui.mdc.field.FieldInput","viewName":"sap.fe.templates.ObjectPage.ObjectPage","viewId":"rfm.transactionui::xRFMxCU_TransactionObjectPage","bindingPath":{"path":"","propertyPath":"/conditions","modelName":"$field"},"ancestor":{"controlType":"sap.ui.mdc.Field","viewName":"sap.fe.templates.ObjectPage.ObjectPage","viewId":"rfm.transactionui::xRFMxCU_TransactionObjectPage","bindingPath":{"path":"/xRFMxCU_Transaction(TransactionId='1071',IsActiveEntity=false)/_TransactionCFPart(TransactionId='1071',CashFlowPartType='2',IsActiveEntity=false)","propertyPath":"__EntityControl/Updatable"}},"interaction":{"idSuffix":"inner"}},"wdio_ui5_key":"sapfe.templates.ObjectPage.ObjectPagesap.ui.mdc.field.FieldInput{\"path\":\"\",\"propertyPath\":\"/conditions\",\"modelName\":\"$field\"}{\"controlType\":\"sap.ui.mdc.Field\",\"viewName\":\"sap.fe.templates.ObjectPage.ObjectPage\",\"viewId\":\"rfm.transactionui::xRFMxCU_TransactionObjectPage\",\"bindingPath\":{\"path\":\"/xRFMxCU_Transaction(TransactionId='1071',IsActiveEntity=false)/_TransactionCFPart(TransactionId='1071',CashFlowPartType='2',IsActiveEntity=false)\",\"propertyPath\":\"__EntityControl/Updatable\"}}"}]}
RESULT: undefined
COMMAND: POST /session/478225154d0d829807d6977df85b81ee/execute/async - {"script":"<script> [21 bytes]","args":[{"selector":{"id":"__field11-__clone716-__clone904-inner"}}]}
RESULT: {}
RESULT: {"script":"<script> [21 bytes]","args":[{"selector":{"id":"__field11-__clone716-__clone904-inner"}}]}
COMMAND: POST /session/478225154d0d829807d6977df85b81ee/execute/async - {"script":"<script> [21 bytes]","args":[{"element-6066-11e4-a52e-4f735466cecf":"f.A19E321CC5520976077B9020827129C1.d.010E2258B29D1B9567748451B06B3AF9.e.1044"},"getEditable",[]]}
RESULT: {"script":"<script> [21 bytes]","args":[{"element-6066-11e4-a52e-4f735466cecf":"f.A19E321CC5520976077B9020827129C1.d.010E2258B29D1B9567748451B06B3AF9.e.1044"},"getEditable",[]]}
COMMAND: POST /session/478225154d0d829807d6977df85b81ee/execute/async - {"script":"<script> [21 bytes]","args":[{"selector":{"id":"__field11-__clone716-__clone904-inner-vhi"}}]}
RESULT: {"script":"<script> [21 bytes]","args":[{"selector":{"id":"__field11-__clone716-__clone904-inner-vhi"}}]}
COMMAND: POST /session/478225154d0d829807d6977df85b81ee/execute/async - {"script":"<script> [21 bytes]","args":[{"element-6066-11e4-a52e-4f735466cecf":"f.A19E321CC5520976077B9020827129C1.d.010E2258B29D1B9567748451B06B3AF9.e.1044"},"getVisible",[]]}
RESULT: {"script":"<script> [21 bytes]","args":[{"element-6066-11e4-a52e-4f735466cecf":"f.A19E321CC5520976077B9020827129C1.d.010E2258B29D1B9567748451B06B3AF9.e.1044"},"getVisible",[]]}
COMMAND: POST /session/478225154d0d829807d6977df85b81ee/execute/async - {"script":"<script> [20 bytes]","args":[{"enterText":"Funding","selector":{"controlType":"sap.ui.mdc.field.FieldInput","viewName":"sap.fe.templates.ObjectPage.ObjectPage","viewId":"rfm.transactionui::xRFMxCU_TransactionObjectPage","bindingPath":{"path":"","propertyPath":"/conditions","modelName":"$field"},"ancestor":{"controlType":"sap.ui.mdc.Field","viewName":"sap.fe.templates.ObjectPage.ObjectPage","viewId":"rfm.transactionui::xRFMxCU_TransactionObjectPage","bindingPath":{"path":"/xRFMxCU_Transaction(TransactionId='1071',IsActiveEntity=false)/_TransactionCFPart(TransactionId='1071',CashFlowPartType='2',IsActiveEntity=false)","propertyPath":"__EntityControl/Updatable"}},"interaction":{"idSuffix":"inner"}},"clearTextFirst":true,"interactionType":"ENTER_TEXT"}]}
RESULT: {"script":"<script> [20 bytes]","args":[{"enterText":"Funding","selector":{"controlType":"sap.ui.mdc.field.FieldInput","viewName":"sap.fe.templates.ObjectPage.ObjectPage","viewId":"rfm.transactionui::xRFMxCU_TransactionObjectPage","bindingPath":{"path":"","propertyPath":"/conditions","modelName":"$field"},"ancestor":{"controlType":"sap.ui.mdc.Field","viewName":"sap.fe.templates.ObjectPage.ObjectPage","viewId":"rfm.transactionui::xRFMxCU_TransactionObjectPage","bindingPath":{"path":"/xRFMxCU_Transaction(TransactionId='1071',IsActiveEntity=false)/_TransactionCFPart(TransactionId='1071',CashFlowPartType='2',IsActiveEntity=false)","propertyPath":"__EntityControl/Updatable"}},"interaction":{"idSuffix":"inner"}},"clearTextFirst":true,"interactionType":"ENTER_TEXT"}]}
COMMAND: POST /session/478225154d0d829807d6977df85b81ee/execute/async - {"script":"<script> [21 bytes]","args":[{"selector":{"id":"rfm.transactionui::xRFMxCU_TransactionObjectPage--fe::FooterBar::StandardAction::Save","interaction":{"idSuffix":"BDI-content"}},"wdio_ui5_key":"rfmtransactionui::xRFMxCU_TransactionObjectPage--fe::FooterBar::StandardAction::Save"}]}
RESULT: {"script":"<script> [21 bytes]","args":[{"selector":{"id":"rfm.transactionui::xRFMxCU_TransactionObjectPage--fe::FooterBar::StandardAction::Save","interaction":{"idSuffix":"BDI-content"}},"wdio_ui5_key":"rfmtransactionui::xRFMxCU_TransactionObjectPage--fe::FooterBar::StandardAction::Save"}]}
RESULT: undefined
COMMAND: POST /session/478225154d0d829807d6977df85b81ee/element - {"using":"xpath","value":"//*[@id=\"rfm.transactionui::xRFMxCU_TransactionObjectPage--fe::FooterBar::StandardAction::Save\"]"}
RESULT: {"using":"xpath","value":"//*[@id=\"rfm.transactionui::xRFMxCU_TransactionObjectPage--fe::FooterBar::StandardAction::Save\"]"}
COMMAND: POST /session/478225154d0d829807d6977df85b81ee/element/f.A19E321CC5520976077B9020827129C1.d.010E2258B29D1B9567748451B06B3AF9.e.1060/click - {}
RESULT: {}
COMMAND: POST /session/478225154d0d829807d6977df85b81ee/execute/async - {"script":"<script> [21 bytes]","args":[{"selector":{"id":"rfm.transactionui::xRFMxCU_TransactionObjectPage--fe::FooterBar::MessageButton-img"},"wdio_ui5_key":"rfmtransactionui::xRFMxCU_TransactionObjectPage--fe::FooterBar::MessageButton-img"}]}
COMMAND: GET /session/478225154d0d829807d6977df85b81ee/screenshot - {}
RESULT: {"script":"<script> [21 bytes]","args":[{"selector":{"id":"rfm.transactionui::xRFMxCU_TransactionObjectPage--fe::FooterBar::MessageButton-img"},"wdio_ui5_key":"rfmtransactionui::xRFMxCU_TransactionObjectPage--fe::FooterBar::MessageButton-img"}]}
RESULT: undefined
COMMAND: POST /session/478225154d0d829807d6977df85b81ee/url - {"url":"https://d4debac0-4a79-4bd3-a71c-dba92f957697.abap-web.eu10.hana.ondemand.com/ui#Shell-home"}
RESULT: {}
RESULT: {"url":"https://d4debac0-4a79-4bd3-a71c-dba92f957697.abap-web.eu10.hana.ondemand.com/ui#Shell-home"}
RESULT: undefined
COMMAND: GET /session/478225154d0d829807d6977df85b81ee/screenshot - {}
]]></system-out>
    </testcase>
    <testcase classname="chrome.138_0_7204_184.windows.Loan_Contract" name="Should filter created Transaction" time="12.449">
      <system-out><![CDATA[
COMMAND: GET /session/478225154d0d829807d6977df85b81ee/screenshot - {}
COMMAND: POST /session/478225154d0d829807d6977df85b81ee/execute/async - {"script":"<script> [21 bytes]","args":[{"selector":{"controlType":"sap.m.GenericTile","properties":{"header":"Loan Contract"}},"wdio_ui5_key":"sapm.GenericTile{\"header\":\"Loan Contract\"}"}]}
RESULT: {}
RESULT: {}
RESULT: {"script":"<script> [21 bytes]","args":[{"selector":{"controlType":"sap.m.GenericTile","properties":{"header":"Loan Contract"}},"wdio_ui5_key":"sapm.GenericTile{\"header\":\"Loan Contract\"}"}]}
RESULT: undefined
COMMAND: POST /session/478225154d0d829807d6977df85b81ee/element - {"using":"xpath","value":"//*[@id=\"__tile35\"]"}
RESULT: {"using":"xpath","value":"//*[@id=\"__tile35\"]"}
COMMAND: POST /session/478225154d0d829807d6977df85b81ee/element/f.A19E321CC5520976077B9020827129C1.d.010E2258B29D1B9567748451B06B3AF9.e.1084/click - {}
RESULT: {}
COMMAND: POST /session/478225154d0d829807d6977df85b81ee/execute/async - {"script":"<script> [21 bytes]","args":[{"selector":{"id":"rfm.loancontractui::xRFMxCU_LoanSetList--fe::FilterBar::xRFMxCU_LoanSet::FilterField::TransactionId-inner","interaction":{"idSuffix":"inner"}},"wdio_ui5_key":"rfmloancontractui::xRFMxCU_LoanSetList--fe::FilterBar::xRFMxCU_LoanSet::FilterField::TransactionId-inner"}]}
COMMAND: GET /session/478225154d0d829807d6977df85b81ee/screenshot - {}
RESULT: {"script":"<script> [21 bytes]","args":[{"selector":{"id":"rfm.loancontractui::xRFMxCU_LoanSetList--fe::FilterBar::xRFMxCU_LoanSet::FilterField::TransactionId-inner","interaction":{"idSuffix":"inner"}},"wdio_ui5_key":"rfmloancontractui::xRFMxCU_LoanSetList--fe::FilterBar::xRFMxCU_LoanSet::FilterField::TransactionId-inner"}]}
RESULT: undefined
COMMAND: POST /session/478225154d0d829807d6977df85b81ee/execute/async - {"script":"<script> [20 bytes]","args":[{"enterText":"1071","selector":{"id":"rfm.loancontractui::xRFMxCU_LoanSetList--fe::FilterBar::xRFMxCU_LoanSet::FilterField::TransactionId-inner","interaction":{"idSuffix":"inner"}},"clearTextFirst":true,"interactionType":"ENTER_TEXT"}]}
RESULT: {}
RESULT: {"script":"<script> [20 bytes]","args":[{"enterText":"1071","selector":{"id":"rfm.loancontractui::xRFMxCU_LoanSetList--fe::FilterBar::xRFMxCU_LoanSet::FilterField::TransactionId-inner","interaction":{"idSuffix":"inner"}},"clearTextFirst":true,"interactionType":"ENTER_TEXT"}]}
COMMAND: POST /session/478225154d0d829807d6977df85b81ee/execute/async - {"script":"<script> [21 bytes]","args":[{"selector":{"id":"rfm.loancontractui::xRFMxCU_LoanSetList--fe::FilterBar::xRFMxCU_LoanSet-btnSearch","interaction":{"idSuffix":"BDI-content"}},"wdio_ui5_key":"rfmloancontractui::xRFMxCU_LoanSetList--fe::FilterBar::xRFMxCU_LoanSet-btnSearch"}]}
RESULT: {"script":"<script> [21 bytes]","args":[{"selector":{"id":"rfm.loancontractui::xRFMxCU_LoanSetList--fe::FilterBar::xRFMxCU_LoanSet-btnSearch","interaction":{"idSuffix":"BDI-content"}},"wdio_ui5_key":"rfmloancontractui::xRFMxCU_LoanSetList--fe::FilterBar::xRFMxCU_LoanSet-btnSearch"}]}
RESULT: undefined
COMMAND: POST /session/478225154d0d829807d6977df85b81ee/element - {"using":"xpath","value":"//*[@id=\"rfm.loancontractui::xRFMxCU_LoanSetList--fe::FilterBar::xRFMxCU_LoanSet-btnSearch\"]"}
RESULT: {"using":"xpath","value":"//*[@id=\"rfm.loancontractui::xRFMxCU_LoanSetList--fe::FilterBar::xRFMxCU_LoanSet-btnSearch\"]"}
COMMAND: POST /session/478225154d0d829807d6977df85b81ee/element/f.A19E321CC5520976077B9020827129C1.d.010E2258B29D1B9567748451B06B3AF9.e.1172/click - {}
RESULT: {}
COMMAND: POST /session/478225154d0d829807d6977df85b81ee/execute/async - {"script":"<script> [21 bytes]","args":[{"selector":{"id":"rfm.loancontractui::xRFMxCU_LoanSetList--fe::table::xRFMxCU_LoanSet::LineItem-innerTable-rows-row0"},"wdio_ui5_key":"rfmloancontractui::xRFMxCU_LoanSetList--fe::table::xRFMxCU_LoanSet::LineItem-innerTable-rows-row0"}]}
COMMAND: GET /session/478225154d0d829807d6977df85b81ee/screenshot - {}
RESULT: {"script":"<script> [21 bytes]","args":[{"selector":{"id":"rfm.loancontractui::xRFMxCU_LoanSetList--fe::table::xRFMxCU_LoanSet::LineItem-innerTable-rows-row0"},"wdio_ui5_key":"rfmloancontractui::xRFMxCU_LoanSetList--fe::table::xRFMxCU_LoanSet::LineItem-innerTable-rows-row0"}]}
RESULT: undefined
COMMAND: POST /session/478225154d0d829807d6977df85b81ee/element - {"using":"xpath","value":"//*[@id=\"rfm.loancontractui::xRFMxCU_LoanSetList--fe::table::xRFMxCU_LoanSet::LineItem-innerTable-rows-row0\"]"}
RESULT: {}
RESULT: {"using":"xpath","value":"//*[@id=\"rfm.loancontractui::xRFMxCU_LoanSetList--fe::table::xRFMxCU_LoanSet::LineItem-innerTable-rows-row0\"]"}
COMMAND: POST /session/478225154d0d829807d6977df85b81ee/element/f.A19E321CC5520976077B9020827129C1.d.010E2258B29D1B9567748451B06B3AF9.e.1174/click - {}
RESULT: {}
RESULT: undefined
COMMAND: POST /session/478225154d0d829807d6977df85b81ee/execute/async - {"script":"<script> [21 bytes]","args":[{"element-6066-11e4-a52e-4f735466cecf":"f.A19E321CC5520976077B9020827129C1.d.010E2258B29D1B9567748451B06B3AF9.e.1174"},"getBindingContext",[]]}
COMMAND: GET /session/478225154d0d829807d6977df85b81ee/screenshot - {}
RESULT: {}
RESULT: {"script":"<script> [21 bytes]","args":[{"element-6066-11e4-a52e-4f735466cecf":"f.A19E321CC5520976077B9020827129C1.d.010E2258B29D1B9567748451B06B3AF9.e.1174"},"getBindingContext",[]]}
COMMAND: POST /session/478225154d0d829807d6977df85b81ee/execute/async - {"script":"<script> [21 bytes]","args":["8192df86-5fce-4579-97d2-df3bb54922a5","getPath",[]]}
RESULT: {"script":"<script> [21 bytes]","args":["8192df86-5fce-4579-97d2-df3bb54922a5","getPath",[]]}
COMMAND: POST /session/478225154d0d829807d6977df85b81ee/execute/async - {"script":"<script> [21 bytes]","args":[{"selector":{"controlType":"sap.m.Text","viewName":"sap.fe.templates.ListReport.ListReport","viewId":"rfm.loancontractui::xRFMxCU_LoanSetList","bindingPath":{"path":"/xRFMxCU_LoanSet(LoanSetId='175',IsActiveEntity=true)","propertyPath":"TransactionId"}},"wdio_ui5_key":"sapfe.templates.ListReport.ListReportsap.m.Text{\"path\":\"/xRFMxCU_LoanSet(LoanSetId='175',IsActiveEntity=true)\",\"propertyPath\":\"TransactionId\"}"}]}
RESULT: {"script":"<script> [21 bytes]","args":[{"selector":{"controlType":"sap.m.Text","viewName":"sap.fe.templates.ListReport.ListReport","viewId":"rfm.loancontractui::xRFMxCU_LoanSetList","bindingPath":{"path":"/xRFMxCU_LoanSet(LoanSetId='175',IsActiveEntity=true)","propertyPath":"TransactionId"}},"wdio_ui5_key":"sapfe.templates.ListReport.ListReportsap.m.Text{\"path\":\"/xRFMxCU_LoanSet(LoanSetId='175',IsActiveEntity=true)\",\"propertyPath\":\"TransactionId\"}"}]}
RESULT: undefined
COMMAND: POST /session/478225154d0d829807d6977df85b81ee/execute/async - {"script":"<script> [21 bytes]","args":[{"element-6066-11e4-a52e-4f735466cecf":"f.A19E321CC5520976077B9020827129C1.d.010E2258B29D1B9567748451B06B3AF9.e.1177"},"getText",[]]}
RESULT: {"script":"<script> [21 bytes]","args":[{"element-6066-11e4-a52e-4f735466cecf":"f.A19E321CC5520976077B9020827129C1.d.010E2258B29D1B9567748451B06B3AF9.e.1177"},"getText",[]]}
COMMAND: POST /session/478225154d0d829807d6977df85b81ee/execute/async - {"script":"<script> [21 bytes]","args":[{"forceSelect":true,"selector":{"controlType":"sap.ui.core.Icon","viewName":"sap.fe.templates.ListReport.ListReport","viewId":"rfm.loancontractui::xRFMxCU_LoanSetList","properties":{"src":{"regex":{"source":"navigation\\-right\\-arrow"}}}},"wdio_ui5_key":"sapfe.templates.ListReport.ListReportsap.ui.core.Icon{\"src\":{\"regex\":{\"source\":\"navigation\\\\-right\\\\-arrow\"}}}"}]}
RESULT: {"script":"<script> [21 bytes]","args":[{"forceSelect":true,"selector":{"controlType":"sap.ui.core.Icon","viewName":"sap.fe.templates.ListReport.ListReport","viewId":"rfm.loancontractui::xRFMxCU_LoanSetList","properties":{"src":{"regex":{"source":"navigation\\-right\\-arrow"}}}},"wdio_ui5_key":"sapfe.templates.ListReport.ListReportsap.ui.core.Icon{\"src\":{\"regex\":{\"source\":\"navigation\\\\-right\\\\-arrow\"}}}"}]}
RESULT: undefined
COMMAND: POST /session/478225154d0d829807d6977df85b81ee/element - {"using":"xpath","value":"//*[@id=\"__action18-__clone933-icon0\"]"}
RESULT: {"using":"xpath","value":"//*[@id=\"__action18-__clone933-icon0\"]"}
COMMAND: POST /session/478225154d0d829807d6977df85b81ee/element/f.A19E321CC5520976077B9020827129C1.d.010E2258B29D1B9567748451B06B3AF9.e.1178/click - {}
RESULT: {}
COMMAND: GET /session/478225154d0d829807d6977df85b81ee/screenshot - {}
]]></system-out>
    </testcase>
    <testcase classname="chrome.138_0_7204_184.windows.Loan_Contract" name="Should check navigation to Transaction" time="18.72">
      <system-out><![CDATA[
COMMAND: POST /session/478225154d0d829807d6977df85b81ee/execute/async - {"script":"<script> [21 bytes]","args":[{"selector":{"controlType":"sap.m.Title","viewName":"sap.fe.templates.ObjectPage.ObjectPage","viewId":"rfm.loancontractui::xRFMxCU_LoanSetObjectPage","bindingPath":{"path":"/xRFMxCU_LoanSet(LoanSetId='175',IsActiveEntity=true)","propertyPath":"TransactionId"}},"wdio_ui5_key":"sapfe.templates.ObjectPage.ObjectPagesap.m.Title{\"path\":\"/xRFMxCU_LoanSet(LoanSetId='175',IsActiveEntity=true)\",\"propertyPath\":\"TransactionId\"}"}]}
COMMAND: GET /session/478225154d0d829807d6977df85b81ee/screenshot - {}
RESULT: {}
RESULT: {"script":"<script> [21 bytes]","args":[{"selector":{"controlType":"sap.m.Title","viewName":"sap.fe.templates.ObjectPage.ObjectPage","viewId":"rfm.loancontractui::xRFMxCU_LoanSetObjectPage","bindingPath":{"path":"/xRFMxCU_LoanSet(LoanSetId='175',IsActiveEntity=true)","propertyPath":"TransactionId"}},"wdio_ui5_key":"sapfe.templates.ObjectPage.ObjectPagesap.m.Title{\"path\":\"/xRFMxCU_LoanSet(LoanSetId='175',IsActiveEntity=true)\",\"propertyPath\":\"TransactionId\"}"}]}
RESULT: undefined
COMMAND: POST /session/478225154d0d829807d6977df85b81ee/execute/async - {"script":"<script> [21 bytes]","args":[{"element-6066-11e4-a52e-4f735466cecf":"f.A19E321CC5520976077B9020827129C1.d.010E2258B29D1B9567748451B06B3AF9.e.1238"},"getText",[]]}
RESULT: {}
RESULT: {"script":"<script> [21 bytes]","args":[{"element-6066-11e4-a52e-4f735466cecf":"f.A19E321CC5520976077B9020827129C1.d.010E2258B29D1B9567748451B06B3AF9.e.1238"},"getText",[]]}
COMMAND: POST /session/478225154d0d829807d6977df85b81ee/execute/async - {"script":"<script> [21 bytes]","args":[{"selector":{"id":"rfm.loancontractui::xRFMxCU_LoanSetObjectPage--fe::DataFieldForIntentBasedNavigation::FundingTransaction::Manage","interaction":{"idSuffix":"BDI-content"}},"wdio_ui5_key":"rfmloancontractui::xRFMxCU_LoanSetObjectPage--fe::DataFieldForIntentBasedNavigation::FundingTransaction::Manage"}]}
RESULT: {"script":"<script> [21 bytes]","args":[{"selector":{"id":"rfm.loancontractui::xRFMxCU_LoanSetObjectPage--fe::DataFieldForIntentBasedNavigation::FundingTransaction::Manage","interaction":{"idSuffix":"BDI-content"}},"wdio_ui5_key":"rfmloancontractui::xRFMxCU_LoanSetObjectPage--fe::DataFieldForIntentBasedNavigation::FundingTransaction::Manage"}]}
RESULT: undefined
COMMAND: POST /session/478225154d0d829807d6977df85b81ee/element - {"using":"xpath","value":"//*[@id=\"rfm.loancontractui::xRFMxCU_LoanSetObjectPage--fe::DataFieldForIntentBasedNavigation::FundingTransaction::Manage\"]"}
RESULT: {"using":"xpath","value":"//*[@id=\"rfm.loancontractui::xRFMxCU_LoanSetObjectPage--fe::DataFieldForIntentBasedNavigation::FundingTransaction::Manage\"]"}
COMMAND: POST /session/478225154d0d829807d6977df85b81ee/element/f.A19E321CC5520976077B9020827129C1.d.010E2258B29D1B9567748451B06B3AF9.e.1240/click - {}
RESULT: {}
COMMAND: POST /session/478225154d0d829807d6977df85b81ee/execute/async - {"script":"<script> [21 bytes]","args":[{"selector":{"id":"rfm.transactionui::xRFMxCU_TransactionObjectPage--fe::HeaderFacet::Form::headerFieldsGP1::DataField::TransactionId::Field-content"},"wdio_ui5_key":"rfmtransactionui::xRFMxCU_TransactionObjectPage--fe::HeaderFacet::Form::headerFieldsGP1::DataField::TransactionId::Field-content"}]}
COMMAND: GET /session/478225154d0d829807d6977df85b81ee/screenshot - {}
RESULT: {"script":"<script> [21 bytes]","args":[{"selector":{"id":"rfm.transactionui::xRFMxCU_TransactionObjectPage--fe::HeaderFacet::Form::headerFieldsGP1::DataField::TransactionId::Field-content"},"wdio_ui5_key":"rfmtransactionui::xRFMxCU_TransactionObjectPage--fe::HeaderFacet::Form::headerFieldsGP1::DataField::TransactionId::Field-content"}]}
RESULT: undefined
COMMAND: POST /session/478225154d0d829807d6977df85b81ee/execute/async - {"script":"<script> [21 bytes]","args":[{"element-6066-11e4-a52e-4f735466cecf":"f.A19E321CC5520976077B9020827129C1.d.010E2258B29D1B9567748451B06B3AF9.e.1362"},"getText",[]]}
RESULT: {}
RESULT: {"script":"<script> [21 bytes]","args":[{"element-6066-11e4-a52e-4f735466cecf":"f.A19E321CC5520976077B9020827129C1.d.010E2258B29D1B9567748451B06B3AF9.e.1362"},"getText",[]]}
RESULT: undefined
COMMAND: POST /session/478225154d0d829807d6977df85b81ee/element - {"using":"xpath","value":"//*[@id=\"backBtn\"]"}
RESULT: {"using":"xpath","value":"//*[@id=\"backBtn\"]"}
COMMAND: POST /session/478225154d0d829807d6977df85b81ee/element/f.A19E321CC5520976077B9020827129C1.d.010E2258B29D1B9567748451B06B3AF9.e.1400/click - {}
RESULT: {}
COMMAND: GET /session/478225154d0d829807d6977df85b81ee/screenshot - {}
COMMAND: GET /session/478225154d0d829807d6977df85b81ee/screenshot - {}
]]></system-out>
    </testcase>
    <testcase classname="chrome.138_0_7204_184.windows.Loan_Contract" name="Should create a Loan" time="33.66">
      <system-out><![CDATA[
COMMAND: POST /session/478225154d0d829807d6977df85b81ee/execute/async - {"script":"<script> [21 bytes]","args":[{"selector":{"id":"rfm.loancontractui::xRFMxCU_LoanSetObjectPage--fe::StandardAction::Edit","interaction":{"idSuffix":"BDI-content"}},"wdio_ui5_key":"rfmloancontractui::xRFMxCU_LoanSetObjectPage--fe::StandardAction::Edit"}]}
RESULT: {}
RESULT: {}
RESULT: {"script":"<script> [21 bytes]","args":[{"selector":{"id":"rfm.loancontractui::xRFMxCU_LoanSetObjectPage--fe::StandardAction::Edit","interaction":{"idSuffix":"BDI-content"}},"wdio_ui5_key":"rfmloancontractui::xRFMxCU_LoanSetObjectPage--fe::StandardAction::Edit"}]}
RESULT: undefined
COMMAND: POST /session/478225154d0d829807d6977df85b81ee/element - {"using":"xpath","value":"//*[@id=\"rfm.loancontractui::xRFMxCU_LoanSetObjectPage--fe::StandardAction::Edit\"]"}
RESULT: {"using":"xpath","value":"//*[@id=\"rfm.loancontractui::xRFMxCU_LoanSetObjectPage--fe::StandardAction::Edit\"]"}
COMMAND: POST /session/478225154d0d829807d6977df85b81ee/element/f.A19E321CC5520976077B9020827129C1.d.010E2258B29D1B9567748451B06B3AF9.e.1481/click - {}
RESULT: {}
COMMAND: POST /session/478225154d0d829807d6977df85b81ee/execute/async - {"script":"<script> [21 bytes]","args":[{"selector":{"id":"rfm.loancontractui::xRFMxCU_LoanSetObjectPage--fe::table::_Loan::LineItem::StandardAction::Create","interaction":{"idSuffix":"content"}},"wdio_ui5_key":"rfmloancontractui::xRFMxCU_LoanSetObjectPage--fe::table::_Loan::LineItem::StandardAction::Create"}]}
COMMAND: GET /session/478225154d0d829807d6977df85b81ee/screenshot - {}
[...]
RESULT: {}
COMMAND: POST /session/478225154d0d829807d6977df85b81ee/execute/async - {"script":"<script> [21 bytes]","args":[{"selector":{"id":"rfm.loancontractui::xRFMxCU_LoanSet__Loan__LoanInpaymentObjectPage--fe::CustomSubSection::LoanInpayDetailsSection--fe::FormContainer::FieldGroup::detailsFieldsGP1::FormElement::DataField::InpaymentPostingType::Field-edit","interaction":{"idSuffix":"inner"}},"wdio_ui5_key":"rfmloancontractui::xRFMxCU_LoanSet__Loan__LoanInpaymentObjectPage--fe::CustomSubSection::LoanInpayDetailsSection--fe::FormContainer::FieldGroup::detailsFieldsGP1::FormElement::DataField::InpaymentPostingType::Field-edit"}]}
COMMAND: GET /session/478225154d0d829807d6977df85b81ee/screenshot - {}
RESULT: {"script":"<script> [21 bytes]","args":[{"selector":{"id":"rfm.loancontractui::xRFMxCU_LoanSet__Loan__LoanInpaymentObjectPage--fe::CustomSubSection::LoanInpayDetailsSection--fe::FormContainer::FieldGroup::detailsFieldsGP1::FormElement::DataField::InpaymentPostingType::Field-edit","interaction":{"idSuffix":"inner"}},"wdio_ui5_key":"rfmloancontractui::xRFMxCU_LoanSet__Loan__LoanInpaymentObjectPage--fe::CustomSubSection::LoanInpayDetailsSection--fe::FormContainer::FieldGroup::detailsFieldsGP1::FormElement::DataField::InpaymentPostingType::Field-edit"}]}
RESULT: undefined
COMMAND: POST /session/478225154d0d829807d6977df85b81ee/execute/async - {"script":"<script> [20 bytes]","args":[{"enterText":"99","selector":{"id":"rfm.loancontractui::xRFMxCU_LoanSet__Loan__LoanInpaymentObjectPage--fe::CustomSubSection::LoanInpayDetailsSection--fe::FormContainer::FieldGroup::detailsFieldsGP1::FormElement::DataField::InpaymentPostingType::Field-edit","interaction":{"idSuffix":"inner"}},"clearTextFirst":true,"interactionType":"ENTER_TEXT"}]}
RESULT: {}
RESULT: {"script":"<script> [20 bytes]","args":[{"enterText":"99","selector":{"id":"rfm.loancontractui::xRFMxCU_LoanSet__Loan__LoanInpaymentObjectPage--fe::CustomSubSection::LoanInpayDetailsSection--fe::FormContainer::FieldGroup::detailsFieldsGP1::FormElement::DataField::InpaymentPostingType::Field-edit","interaction":{"idSuffix":"inner"}},"clearTextFirst":true,"interactionType":"ENTER_TEXT"}]}
COMMAND: POST /session/478225154d0d829807d6977df85b81ee/execute/async - {"script":"<script> [21 bytes]","args":[{"selector":{"id":"rfm.loancontractui::xRFMxCU_LoanSet__Loan__LoanInpaymentObjectPage--fe::CustomSubSection::LoanInpayDetailsSection--fe::FormContainer::FieldGroup::detailsFieldsGP1::FormElement::DataField::InpaymentAmount::Field-edit-inner","interaction":{"idSuffix":"inner"}},"wdio_ui5_key":"rfmloancontractui::xRFMxCU_LoanSet__Loan__LoanInpaymentObjectPage--fe::CustomSubSection::LoanInpayDetailsSection--fe::FormContainer::FieldGroup::detailsFieldsGP1::FormElement::DataField::InpaymentAmount::Field-edit-inner"}]}
RESULT: {"script":"<script> [21 bytes]","args":[{"selector":{"id":"rfm.loancontractui::xRFMxCU_LoanSet__Loan__LoanInpaymentObjectPage--fe::CustomSubSection::LoanInpayDetailsSection--fe::FormContainer::FieldGroup::detailsFieldsGP1::FormElement::DataField::InpaymentAmount::Field-edit-inner","interaction":{"idSuffix":"inner"}},"wdio_ui5_key":"rfmloancontractui::xRFMxCU_LoanSet__Loan__LoanInpaymentObjectPage--fe::CustomSubSection::LoanInpayDetailsSection--fe::FormContainer::FieldGroup::detailsFieldsGP1::FormElement::DataField::InpaymentAmount::Field-edit-inner"}]}
RESULT: undefined
COMMAND: POST /session/478225154d0d829807d6977df85b81ee/execute/async - {"script":"<script> [20 bytes]","args":[{"enterText":"100","selector":{"id":"rfm.loancontractui::xRFMxCU_LoanSet__Loan__LoanInpaymentObjectPage--fe::CustomSubSection::LoanInpayDetailsSection--fe::FormContainer::FieldGroup::detailsFieldsGP1::FormElement::DataField::InpaymentAmount::Field-edit-inner","interaction":{"idSuffix":"inner"}},"clearTextFirst":true,"interactionType":"ENTER_TEXT"}]}
RESULT: {"script":"<script> [20 bytes]","args":[{"enterText":"100","selector":{"id":"rfm.loancontractui::xRFMxCU_LoanSet__Loan__LoanInpaymentObjectPage--fe::CustomSubSection::LoanInpayDetailsSection--fe::FormContainer::FieldGroup::detailsFieldsGP1::FormElement::DataField::InpaymentAmount::Field-edit-inner","interaction":{"idSuffix":"inner"}},"clearTextFirst":true,"interactionType":"ENTER_TEXT"}]}
COMMAND: POST /session/478225154d0d829807d6977df85b81ee/execute/async - {"script":"<script> [21 bytes]","args":[{"selector":{"id":"rfm.loancontractui::xRFMxCU_LoanSet__Loan__LoanInpaymentObjectPage--fe::CustomSubSection::LoanInpayDetailsSection--fe::FormContainer::FieldGroup::detailsFieldsGP1::FormElement::DataField::InpaymentDate::Field-edit","interaction":{"idSuffix":"inner"}},"wdio_ui5_key":"rfmloancontractui::xRFMxCU_LoanSet__Loan__LoanInpaymentObjectPage--fe::CustomSubSection::LoanInpayDetailsSection--fe::FormContainer::FieldGroup::detailsFieldsGP1::FormElement::DataField::InpaymentDate::Field-edit"}]}
RESULT: {"script":"<script> [21 bytes]","args":[{"selector":{"id":"rfm.loancontractui::xRFMxCU_LoanSet__Loan__LoanInpaymentObjectPage--fe::CustomSubSection::LoanInpayDetailsSection--fe::FormContainer::FieldGroup::detailsFieldsGP1::FormElement::DataField::InpaymentDate::Field-edit","interaction":{"idSuffix":"inner"}},"wdio_ui5_key":"rfmloancontractui::xRFMxCU_LoanSet__Loan__LoanInpaymentObjectPage--fe::CustomSubSection::LoanInpayDetailsSection--fe::FormContainer::FieldGroup::detailsFieldsGP1::FormElement::DataField::InpaymentDate::Field-edit"}]}
RESULT: undefined
COMMAND: POST /session/478225154d0d829807d6977df85b81ee/execute/async - {"script":"<script> [20 bytes]","args":[{"enterText":"02/01/2025","selector":{"id":"rfm.loancontractui::xRFMxCU_LoanSet__Loan__LoanInpaymentObjectPage--fe::CustomSubSection::LoanInpayDetailsSection--fe::FormContainer::FieldGroup::detailsFieldsGP1::FormElement::DataField::InpaymentDate::Field-edit","interaction":{"idSuffix":"inner"}},"clearTextFirst":true,"interactionType":"ENTER_TEXT"}]}
RESULT: {"script":"<script> [20 bytes]","args":[{"enterText":"02/01/2025","selector":{"id":"rfm.loancontractui::xRFMxCU_LoanSet__Loan__LoanInpaymentObjectPage--fe::CustomSubSection::LoanInpayDetailsSection--fe::FormContainer::FieldGroup::detailsFieldsGP1::FormElement::DataField::InpaymentDate::Field-edit","interaction":{"idSuffix":"inner"}},"clearTextFirst":true,"interactionType":"ENTER_TEXT"}]}
COMMAND: POST /session/478225154d0d829807d6977df85b81ee/execute/async - {"script":"<script> [21 bytes]","args":[{"selector":{"id":"rfm.loancontractui::xRFMxCU_LoanSet__Loan__LoanInpaymentObjectPage--fe::CustomSubSection::LoanInpayDetailsSection--fe::FormContainer::FieldGroup::detailsFieldsGP1::FormElement::DataField::PostDate::Field-edit","interaction":{"idSuffix":"inner"}},"wdio_ui5_key":"rfmloancontractui::xRFMxCU_LoanSet__Loan__LoanInpaymentObjectPage--fe::CustomSubSection::LoanInpayDetailsSection--fe::FormContainer::FieldGroup::detailsFieldsGP1::FormElement::DataField::PostDate::Field-edit"}]}
RESULT: {"script":"<script> [21 bytes]","args":[{"selector":{"id":"rfm.loancontractui::xRFMxCU_LoanSet__Loan__LoanInpaymentObjectPage--fe::CustomSubSection::LoanInpayDetailsSection--fe::FormContainer::FieldGroup::detailsFieldsGP1::FormElement::DataField::PostDate::Field-edit","interaction":{"idSuffix":"inner"}},"wdio_ui5_key":"rfmloancontractui::xRFMxCU_LoanSet__Loan__LoanInpaymentObjectPage--fe::CustomSubSection::LoanInpayDetailsSection--fe::FormContainer::FieldGroup::detailsFieldsGP1::FormElement::DataField::PostDate::Field-edit"}]}
RESULT: undefined
COMMAND: POST /session/478225154d0d829807d6977df85b81ee/execute/async - {"script":"<script> [20 bytes]","args":[{"enterText":"05/01/2025","selector":{"id":"rfm.loancontractui::xRFMxCU_LoanSet__Loan__LoanInpaymentObjectPage--fe::CustomSubSection::LoanInpayDetailsSection--fe::FormContainer::FieldGroup::detailsFieldsGP1::FormElement::DataField::PostDate::Field-edit","interaction":{"idSuffix":"inner"}},"clearTextFirst":true,"interactionType":"ENTER_TEXT"}]}
RESULT: {"script":"<script> [20 bytes]","args":[{"enterText":"05/01/2025","selector":{"id":"rfm.loancontractui::xRFMxCU_LoanSet__Loan__LoanInpaymentObjectPage--fe::CustomSubSection::LoanInpayDetailsSection--fe::FormContainer::FieldGroup::detailsFieldsGP1::FormElement::DataField::PostDate::Field-edit","interaction":{"idSuffix":"inner"}},"clearTextFirst":true,"interactionType":"ENTER_TEXT"}]}
COMMAND: POST /session/478225154d0d829807d6977df85b81ee/execute/async - {"script":"<script> [21 bytes]","args":[{"forceSelect":true,"selector":{"id":"rfm.loancontractui::xRFMxCU_LoanSet__Loan__LoanInpaymentObjectPage--fe::FooterBar::StandardAction::Apply","interaction":{"idSuffix":"BDI-content"}},"wdio_ui5_key":"rfmloancontractui::xRFMxCU_LoanSet__Loan__LoanInpaymentObjectPage--fe::FooterBar::StandardAction::Apply"}]}
RESULT: {"script":"<script> [21 bytes]","args":[{"forceSelect":true,"selector":{"id":"rfm.loancontractui::xRFMxCU_LoanSet__Loan__LoanInpaymentObjectPage--fe::FooterBar::StandardAction::Apply","interaction":{"idSuffix":"BDI-content"}},"wdio_ui5_key":"rfmloancontractui::xRFMxCU_LoanSet__Loan__LoanInpaymentObjectPage--fe::FooterBar::StandardAction::Apply"}]}
RESULT: undefined
COMMAND: POST /session/478225154d0d829807d6977df85b81ee/element - {"using":"xpath","value":"//*[@id=\"rfm.loancontractui::xRFMxCU_LoanSet__Loan__LoanInpaymentObjectPage--fe::FooterBar::StandardAction::Apply\"]"}
RESULT: {"using":"xpath","value":"//*[@id=\"rfm.loancontractui::xRFMxCU_LoanSet__Loan__LoanInpaymentObjectPage--fe::FooterBar::StandardAction::Apply\"]"}
COMMAND: POST /session/478225154d0d829807d6977df85b81ee/element/f.A19E321CC5520976077B9020827129C1.d.010E2258B29D1B9567748451B06B3AF9.e.2806/click - {}
RESULT: {}
COMMAND: POST /session/478225154d0d829807d6977df85b81ee/execute/async - {"script":"<script> [21 bytes]","args":[{"forceSelect":true,"selector":{"id":"rfm.loancontractui::xRFMxCU_LoanSetObjectPage--fe::FooterBar::StandardAction::Save","interaction":{"idSuffix":"BDI-content"}},"wdio_ui5_key":"rfmloancontractui::xRFMxCU_LoanSetObjectPage--fe::FooterBar::StandardAction::Save"}]}
COMMAND: GET /session/478225154d0d829807d6977df85b81ee/screenshot - {}
RESULT: {"script":"<script> [21 bytes]","args":[{"forceSelect":true,"selector":{"id":"rfm.loancontractui::xRFMxCU_LoanSetObjectPage--fe::FooterBar::StandardAction::Save","interaction":{"idSuffix":"BDI-content"}},"wdio_ui5_key":"rfmloancontractui::xRFMxCU_LoanSetObjectPage--fe::FooterBar::StandardAction::Save"}]}
RESULT: undefined
COMMAND: POST /session/478225154d0d829807d6977df85b81ee/element - {"using":"xpath","value":"//*[@id=\"rfm.loancontractui::xRFMxCU_LoanSetObjectPage--fe::FooterBar::StandardAction::Save\"]"}
RESULT: {}
RESULT: {"using":"xpath","value":"//*[@id=\"rfm.loancontractui::xRFMxCU_LoanSetObjectPage--fe::FooterBar::StandardAction::Save\"]"}
COMMAND: POST /session/478225154d0d829807d6977df85b81ee/element/f.A19E321CC5520976077B9020827129C1.d.010E2258B29D1B9567748451B06B3AF9.e.2686/click - {}
RESULT: {}
RESULT: undefined
COMMAND: GET /session/478225154d0d829807d6977df85b81ee/screenshot - {}
]]></system-out>
    </testcase>
    <testcase classname="chrome.138_0_7204_184.windows.Loan_Contract" name="Should delete created Loan" time="21.93">
      <system-out><![CDATA[
COMMAND: POST /session/478225154d0d829807d6977df85b81ee/execute/async - {"script":"<script> [21 bytes]","args":[{"selector":{"id":"rfm.loancontractui::xRFMxCU_LoanSet__LoanObjectPage--fe::FCLStandardAction::Close-img"},"wdio_ui5_key":"rfmloancontractui::xRFMxCU_LoanSet__LoanObjectPage--fe::FCLStandardAction::Close-img"}]}
COMMAND: GET /session/478225154d0d829807d6977df85b81ee/screenshot - {}
RESULT: {"script":"<script> [21 bytes]","args":[{"selector":{"id":"rfm.loancontractui::xRFMxCU_LoanSet__LoanObjectPage--fe::FCLStandardAction::Close-img"},"wdio_ui5_key":"rfmloancontractui::xRFMxCU_LoanSet__LoanObjectPage--fe::FCLStandardAction::Close-img"}]}
RESULT: undefined
COMMAND: POST /session/478225154d0d829807d6977df85b81ee/element - {"using":"xpath","value":"//*[@id=\"rfm.loancontractui::xRFMxCU_LoanSet__LoanObjectPage--fe::FCLStandardAction::Close-img\"]"}
RESULT: {}
RESULT: {}
RESULT: {"using":"xpath","value":"//*[@id=\"rfm.loancontractui::xRFMxCU_LoanSet__LoanObjectPage--fe::FCLStandardAction::Close-img\"]"}
COMMAND: POST /session/478225154d0d829807d6977df85b81ee/element/f.A19E321CC5520976077B9020827129C1.d.010E2258B29D1B9567748451B06B3AF9.e.2878/click - {}
RESULT: {}
RESULT: undefined
COMMAND: POST /session/478225154d0d829807d6977df85b81ee/element - {"using":"xpath","value":"//*[@id=\"rfm.loancontractui::xRFMxCU_LoanSetObjectPage--fe::StandardAction::Edit\"]"}
COMMAND: GET /session/478225154d0d829807d6977df85b81ee/screenshot - {}
RESULT: {"using":"xpath","value":"//*[@id=\"rfm.loancontractui::xRFMxCU_LoanSetObjectPage--fe::StandardAction::Edit\"]"}
COMMAND: POST /session/478225154d0d829807d6977df85b81ee/element/f.A19E321CC5520976077B9020827129C1.d.010E2258B29D1B9567748451B06B3AF9.e.2884/click - {}
RESULT: {}
RESULT: {}
COMMAND: POST /session/478225154d0d829807d6977df85b81ee/element - {"using":"css selector","value":"div[id='rfm.loancontractui::xRFMxCU_LoanSetObjectPage--fe::table::_Loan::LineItem-innerTable-rowsel0']"}
COMMAND: GET /session/478225154d0d829807d6977df85b81ee/screenshot - {}
RESULT: {"using":"css selector","value":"div[id='rfm.loancontractui::xRFMxCU_LoanSetObjectPage--fe::table::_Loan::LineItem-innerTable-rowsel0']"}
COMMAND: POST /session/478225154d0d829807d6977df85b81ee/element/f.A19E321CC5520976077B9020827129C1.d.010E2258B29D1B9567748451B06B3AF9.e.2940/click - {}
RESULT: {}
COMMAND: POST /session/478225154d0d829807d6977df85b81ee/element - {"using":"css selector","value":"div[id='rfm.loancontractui::xRFMxCU_LoanSetObjectPage--fe::table::_Loan::LineItem-innerTable-rowsel0']"}
RESULT: {"using":"css selector","value":"div[id='rfm.loancontractui::xRFMxCU_LoanSetObjectPage--fe::table::_Loan::LineItem-innerTable-rowsel0']"}
COMMAND: POST /session/478225154d0d829807d6977df85b81ee/element/f.A19E321CC5520976077B9020827129C1.d.010E2258B29D1B9567748451B06B3AF9.e.2940/click - {}
COMMAND: POST /session/478225154d0d829807d6977df85b81ee/element - {"using":"css selector","value":"div[id='rfm.loancontractui::xRFMxCU_LoanSetObjectPage--fe::table::_Loan::LineItem-innerTable-rowsel0']"}
RESULT: {"using":"css selector","value":"div[id='rfm.loancontractui::xRFMxCU_LoanSetObjectPage--fe::table::_Loan::LineItem-innerTable-rowsel0']"}
COMMAND: POST /session/478225154d0d829807d6977df85b81ee/element/f.A19E321CC5520976077B9020827129C1.d.010E2258B29D1B9567748451B06B3AF9.e.3002/click - {}
RESULT: {}
COMMAND: POST /session/478225154d0d829807d6977df85b81ee/execute/async - {"script":"<script> [21 bytes]","args":[{"selector":{"id":"rfm.loancontractui::xRFMxCU_LoanSetObjectPage--fe::table::_Loan::LineItem::StandardAction::Delete","interaction":{"idSuffix":"content"}},"wdio_ui5_key":"rfmloancontractui::xRFMxCU_LoanSetObjectPage--fe::table::_Loan::LineItem::StandardAction::Delete"}]}
COMMAND: GET /session/478225154d0d829807d6977df85b81ee/screenshot - {}
RESULT: {"script":"<script> [21 bytes]","args":[{"selector":{"id":"rfm.loancontractui::xRFMxCU_LoanSetObjectPage--fe::table::_Loan::LineItem::StandardAction::Delete","interaction":{"idSuffix":"content"}},"wdio_ui5_key":"rfmloancontractui::xRFMxCU_LoanSetObjectPage--fe::table::_Loan::LineItem::StandardAction::Delete"}]}
RESULT: undefined
COMMAND: POST /session/478225154d0d829807d6977df85b81ee/element - {"using":"xpath","value":"//*[@id=\"rfm.loancontractui::xRFMxCU_LoanSetObjectPage--fe::table::_Loan::LineItem::StandardAction::Delete\"]"}
RESULT: {}
RESULT: {"using":"xpath","value":"//*[@id=\"rfm.loancontractui::xRFMxCU_LoanSetObjectPage--fe::table::_Loan::LineItem::StandardAction::Delete\"]"}
COMMAND: POST /session/478225154d0d829807d6977df85b81ee/element/f.A19E321CC5520976077B9020827129C1.d.010E2258B29D1B9567748451B06B3AF9.e.3005/click - {}
RESULT: {}
COMMAND: POST /session/478225154d0d829807d6977df85b81ee/execute/async - {"script":"<script> [21 bytes]","args":[{"forceSelect":true,"selector":{"controlType":"sap.m.Button","properties":{"text":"Delete"},"searchOpenDialogs":true,"interaction":{"idSuffix":"inner"}},"wdio_ui5_key":"sapm.Button{\"text\":\"Delete\"}"}]}
COMMAND: GET /session/478225154d0d829807d6977df85b81ee/screenshot - {}
RESULT: {"script":"<script> [21 bytes]","args":[{"forceSelect":true,"selector":{"controlType":"sap.m.Button","properties":{"text":"Delete"},"searchOpenDialogs":true,"interaction":{"idSuffix":"inner"}},"wdio_ui5_key":"sapm.Button{\"text\":\"Delete\"}"}]}
RESULT: undefined
COMMAND: POST /session/478225154d0d829807d6977df85b81ee/element - {"using":"xpath","value":"//*[@id=\"__button358\"]"}
RESULT: {}
RESULT: {"using":"xpath","value":"//*[@id=\"__button358\"]"}
COMMAND: POST /session/478225154d0d829807d6977df85b81ee/element/f.A19E321CC5520976077B9020827129C1.d.010E2258B29D1B9567748451B06B3AF9.e.3006/click - {}
RESULT: {}
COMMAND: POST /session/478225154d0d829807d6977df85b81ee/execute/async - {"script":"<script> [21 bytes]","args":[{"forceSelect":true,"selector":{"controlType":"sap.m.Title","viewName":"sap.fe.templates.ObjectPage.ObjectPage","viewId":"rfm.loancontractui::xRFMxCU_LoanSetObjectPage","properties":{"text":"No items available"}},"wdio_ui5_key":"sapfe.templates.ObjectPage.ObjectPagesap.m.Title{\"text\":\"No items available\"}"}]}
COMMAND: GET /session/478225154d0d829807d6977df85b81ee/screenshot - {}
RESULT: {"script":"<script> [21 bytes]","args":[{"forceSelect":true,"selector":{"controlType":"sap.m.Title","viewName":"sap.fe.templates.ObjectPage.ObjectPage","viewId":"rfm.loancontractui::xRFMxCU_LoanSetObjectPage","properties":{"text":"No items available"}},"wdio_ui5_key":"sapfe.templates.ObjectPage.ObjectPagesap.m.Title{\"text\":\"No items available\"}"}]}
RESULT: undefined
COMMAND: POST /session/478225154d0d829807d6977df85b81ee/execute/async - {"script":"<script> [21 bytes]","args":[{"selector":{"id":"__title61"}}]}
RESULT: {}
RESULT: {"script":"<script> [21 bytes]","args":[{"selector":{"id":"__title61"}}]}
COMMAND: POST /session/478225154d0d829807d6977df85b81ee/execute/async - {"script":"<script> [21 bytes]","args":[{"element-6066-11e4-a52e-4f735466cecf":"f.A19E321CC5520976077B9020827129C1.d.010E2258B29D1B9567748451B06B3AF9.e.3012"},"getText",[]]}
RESULT: {"script":"<script> [21 bytes]","args":[{"element-6066-11e4-a52e-4f735466cecf":"f.A19E321CC5520976077B9020827129C1.d.010E2258B29D1B9567748451B06B3AF9.e.3012"},"getText",[]]}
COMMAND: POST /session/478225154d0d829807d6977df85b81ee/execute/async - {"script":"<script> [21 bytes]","args":[{"forceSelect":true,"selector":{"id":"rfm.loancontractui::xRFMxCU_LoanSetObjectPage--fe::FooterBar::StandardAction::Save","interaction":{"idSuffix":"BDI-content"}},"wdio_ui5_key":"rfmloancontractui::xRFMxCU_LoanSetObjectPage--fe::FooterBar::StandardAction::Save"}]}
RESULT: {"script":"<script> [21 bytes]","args":[{"forceSelect":true,"selector":{"id":"rfm.loancontractui::xRFMxCU_LoanSetObjectPage--fe::FooterBar::StandardAction::Save","interaction":{"idSuffix":"BDI-content"}},"wdio_ui5_key":"rfmloancontractui::xRFMxCU_LoanSetObjectPage--fe::FooterBar::StandardAction::Save"}]}
RESULT: undefined
COMMAND: POST /session/478225154d0d829807d6977df85b81ee/element - {"using":"xpath","value":"//*[@id=\"rfm.loancontractui::xRFMxCU_LoanSetObjectPage--fe::FooterBar::StandardAction::Save\"]"}
RESULT: {"using":"xpath","value":"//*[@id=\"rfm.loancontractui::xRFMxCU_LoanSetObjectPage--fe::FooterBar::StandardAction::Save\"]"}
COMMAND: POST /session/478225154d0d829807d6977df85b81ee/element/f.A19E321CC5520976077B9020827129C1.d.010E2258B29D1B9567748451B06B3AF9.e.3014/click - {}
RESULT: {}
COMMAND: GET /session/478225154d0d829807d6977df85b81ee/screenshot - {}
COMMAND: DELETE /session/478225154d0d829807d6977df85b81ee - {}
COMMAND: GET /session/478225154d0d829807d6977df85b81ee/screenshot - {}
RESULT: {}
]]></system-out>
    </testcase>
  </testsuite>
</testsuites>