<?xml version="1.0" encoding="UTF-8"?>
<testsuites tests="7" failures="0" errors="0" skipped="0">
  <testsuite timestamp="2025-08-14T00:09:40" time="477.544" tests="7" failures="0" errors="0" skipped="0">
    <properties>
      <property name="specId" value="0"/>
      <property name="suiteName" value="ABS"/>
      <property name="capabilities" value="chrome.138_0_7204_184.windows"/>
      <property name="file" value="file:///D:/a/1/s/test/specs/ABS/ABS.spec.js"/>
    </properties>
    <testcase classname="chrome.138_0_7204_184.windows.ABS" name="Should create Program" time="90.54">
      <system-out><![CDATA[
COMMAND: POST /session/d5fb0bb8ba0b7d9f809863b4e6e9c5e5/execute/async - {"script":"<script> [21 bytes]","args":[{"selector":{"controlType":"sap.m.GenericTile","properties":{"header":"Funding Program"}},"wdio_ui5_key":"sapm.GenericTile{\"header\":\"Funding Program\"}"}]}
RESULT: {"script":"<script> [21 bytes]","args":[{"selector":{"controlType":"sap.m.GenericTile","properties":{"header":"Funding Program"}},"wdio_ui5_key":"sapm.GenericTile{\"header\":\"Funding Program\"}"}]}
RESULT: undefined
COMMAND: POST /session/d5fb0bb8ba0b7d9f809863b4e6e9c5e5/element - {"using":"xpath","value":"//*[@id=\"__tile29\"]"}
RESULT: {"using":"xpath","value":"//*[@id=\"__tile29\"]"}
COMMAND: POST /session/d5fb0bb8ba0b7d9f809863b4e6e9c5e5/element/f.9C1ADC5FD25D6B40A0EDBEE75A358769.d.964DE47BD595FE148BF6CB5B5C34D416.e.79/click - {}
RESULT: {}
COMMAND: POST /session/d5fb0bb8ba0b7d9f809863b4e6e9c5e5/execute/async - {"script":"<script> [21 bytes]","args":[{"selector":{"id":"rfm.programui::xRFMxCU_ProgramList--fe::table::allTab::LineItem::StandardAction::Create","controlType":"sap.m.Button"},"wdio_ui5_key":"rfmprogramui::xRFMxCU_ProgramList--fe::table::allTab::LineItem::StandardAction::Createsap.m.Button"}]}
COMMAND: GET /session/d5fb0bb8ba0b7d9f809863b4e6e9c5e5/screenshot - {}
RESULT: {"script":"<script> [21 bytes]","args":[{"selector":{"id":"rfm.programui::xRFMxCU_ProgramList--fe::table::allTab::LineItem::StandardAction::Create","controlType":"sap.m.Button"},"wdio_ui5_key":"rfmprogramui::xRFMxCU_ProgramList--fe::table::allTab::LineItem::StandardAction::Createsap.m.Button"}]}
RESULT: undefined
COMMAND: POST /session/d5fb0bb8ba0b7d9f809863b4e6e9c5e5/element - {"using":"xpath","value":"//*[@id=\"rfm.programui::xRFMxCU_ProgramList--fe::table::allTab::LineItem::StandardAction::Create\"]"}
RESULT: {}
RESULT: {"using":"xpath","value":"//*[@id=\"rfm.programui::xRFMxCU_ProgramList--fe::table::allTab::LineItem::StandardAction::Create\"]"}
COMMAND: POST /session/d5fb0bb8ba0b7d9f809863b4e6e9c5e5/element/f.9C1ADC5FD25D6B40A0EDBEE75A358769.d.964DE47BD595FE148BF6CB5B5C34D416.e.144/click - {}
RESULT: {}
COMMAND: GET /session/d5fb0bb8ba0b7d9f809863b4e6e9c5e5/screenshot - {}
RESULT: {}
COMMAND: POST /session/d5fb0bb8ba0b7d9f809863b4e6e9c5e5/execute/async - {"script":"<script> [21 bytes]","args":[{"selector":{"id":"CreateDialog::xRFMxCU_ProgramType::FundingScope-inner","searchOpenDialogs":true,"interaction":{"idSuffix":"inner"}},"wdio_ui5_key":"CreateDialogxRFMxCU_ProgramType::FundingScope-inner"}]}
RESULT: {"script":"<script> [21 bytes]","args":[{"selector":{"id":"CreateDialog::xRFMxCU_ProgramType::FundingScope-inner","searchOpenDialogs":true,"interaction":{"idSuffix":"inner"}},"wdio_ui5_key":"CreateDialogxRFMxCU_ProgramType::FundingScope-inner"}]}
RESULT: undefined
COMMAND: POST /session/d5fb0bb8ba0b7d9f809863b4e6e9c5e5/execute/async - {"script":"<script> [20 bytes]","args":[{"enterText":"Installment","selector":{"id":"CreateDialog::xRFMxCU_ProgramType::FundingScope-inner","searchOpenDialogs":true,"interaction":{"idSuffix":"inner"}},"clearTextFirst":true,"interactionType":"ENTER_TEXT"}]}
RESULT: {"script":"<script> [20 bytes]","args":[{"enterText":"Installment","selector":{"id":"CreateDialog::xRFMxCU_ProgramType::FundingScope-inner","searchOpenDialogs":true,"interaction":{"idSuffix":"inner"}},"clearTextFirst":true,"interactionType":"ENTER_TEXT"}]}
COMMAND: POST /session/d5fb0bb8ba0b7d9f809863b4e6e9c5e5/execute/async - {"script":"<script> [21 bytes]","args":[{"selector":{"id":"CreateDialog::xRFMxCU_ProgramType::ValidFrom-inner","searchOpenDialogs":true,"interaction":{"idSuffix":"inner"}},"wdio_ui5_key":"CreateDialogxRFMxCU_ProgramType::ValidFrom-inner"}]}
RESULT: {"script":"<script> [21 bytes]","args":[{"selector":{"id":"CreateDialog::xRFMxCU_ProgramType::ValidFrom-inner","searchOpenDialogs":true,"interaction":{"idSuffix":"inner"}},"wdio_ui5_key":"CreateDialogxRFMxCU_ProgramType::ValidFrom-inner"}]}
RESULT: undefined
COMMAND: POST /session/d5fb0bb8ba0b7d9f809863b4e6e9c5e5/execute/async - {"script":"<script> [20 bytes]","args":[{"enterText":"2025-01-01","selector":{"id":"CreateDialog::xRFMxCU_ProgramType::ValidFrom-inner","searchOpenDialogs":true,"interaction":{"idSuffix":"inner"}},"clearTextFirst":true,"interactionType":"ENTER_TEXT"}]}
RESULT: {"script":"<script> [20 bytes]","args":[{"enterText":"2025-01-01","selector":{"id":"CreateDialog::xRFMxCU_ProgramType::ValidFrom-inner","searchOpenDialogs":true,"interaction":{"idSuffix":"inner"}},"clearTextFirst":true,"interactionType":"ENTER_TEXT"}]}
COMMAND: POST /session/d5fb0bb8ba0b7d9f809863b4e6e9c5e5/execute/async - {"script":"<script> [21 bytes]","args":[{"selector":{"id":"CreateDialog::xRFMxCU_ProgramType::PortfolioId-inner","searchOpenDialogs":true,"interaction":{"idSuffix":"inner"}},"wdio_ui5_key":"CreateDialogxRFMxCU_ProgramType::PortfolioId-inner"}]}
RESULT: {"script":"<script> [21 bytes]","args":[{"selector":{"id":"CreateDialog::xRFMxCU_ProgramType::PortfolioId-inner","searchOpenDialogs":true,"interaction":{"idSuffix":"inner"}},"wdio_ui5_key":"CreateDialogxRFMxCU_ProgramType::PortfolioId-inner"}]}
RESULT: undefined
COMMAND: POST /session/d5fb0bb8ba0b7d9f809863b4e6e9c5e5/execute/async - {"script":"<script> [20 bytes]","args":[{"enterText":"1","selector":{"id":"CreateDialog::xRFMxCU_ProgramType::PortfolioId-inner","searchOpenDialogs":true,"interaction":{"idSuffix":"inner"}},"clearTextFirst":true,"interactionType":"ENTER_TEXT"}]}
RESULT: {"script":"<script> [20 bytes]","args":[{"enterText":"1","selector":{"id":"CreateDialog::xRFMxCU_ProgramType::PortfolioId-inner","searchOpenDialogs":true,"interaction":{"idSuffix":"inner"}},"clearTextFirst":true,"interactionType":"ENTER_TEXT"}]}
COMMAND: POST /session/d5fb0bb8ba0b7d9f809863b4e6e9c5e5/execute/async - {"script":"<script> [21 bytes]","args":[{"selector":{"controlType":"sap.m.Button","viewName":"sap.fe.templates.ObjectPage.ObjectPage","viewId":"rfm.programui::xRFMxCU_ProgramObjectPage","properties":{"text":"Continue"},"searchOpenDialogs":true,"interaction":{"idSuffix":"BDI-content"}},"wdio_ui5_key":"sapfe.templates.ObjectPage.ObjectPagesap.m.Button{\"text\":\"Continue\"}"}]}
RESULT: {"script":"<script> [21 bytes]","args":[{"selector":{"controlType":"sap.m.Button","viewName":"sap.fe.templates.ObjectPage.ObjectPage","viewId":"rfm.programui::xRFMxCU_ProgramObjectPage","properties":{"text":"Continue"},"searchOpenDialogs":true,"interaction":{"idSuffix":"BDI-content"}},"wdio_ui5_key":"sapfe.templates.ObjectPage.ObjectPagesap.m.Button{\"text\":\"Continue\"}"}]}
RESULT: undefined
COMMAND: POST /session/d5fb0bb8ba0b7d9f809863b4e6e9c5e5/element - {"using":"xpath","value":"//*[@id=\"__button187\"]"}
RESULT: {"using":"xpath","value":"//*[@id=\"__button187\"]"}
COMMAND: POST /session/d5fb0bb8ba0b7d9f809863b4e6e9c5e5/element/f.9C1ADC5FD25D6B40A0EDBEE75A358769.d.964DE47BD595FE148BF6CB5B5C34D416.e.318/click - {}
RESULT: {}
COMMAND: GET /session/d5fb0bb8ba0b7d9f809863b4e6e9c5e5/screenshot - {}
RESULT: {}
COMMAND: POST /session/d5fb0bb8ba0b7d9f809863b4e6e9c5e5/execute/async - {"script":"<script> [21 bytes]","args":[{"selector":{"id":"rfm.programui::xRFMxCU_ProgramObjectPage--fe::CustomSubSection::CustomDetailsSection--fe::FormContainer::FieldGroup::basicData1::FormElement::DataField::Currency::Field-edit-inner","interaction":{"idSuffix":"inner"}},"wdio_ui5_key":"rfmprogramui::xRFMxCU_ProgramObjectPage--fe::CustomSubSection::CustomDetailsSection--fe::FormContainer::FieldGroup::basicData1::FormElement::DataField::Currency::Field-edit-inner"}]}
RESULT: {"script":"<script> [21 bytes]","args":[{"selector":{"id":"rfm.programui::xRFMxCU_ProgramObjectPage--fe::CustomSubSection::CustomDetailsSection--fe::FormContainer::FieldGroup::basicData1::FormElement::DataField::Currency::Field-edit-inner","interaction":{"idSuffix":"inner"}},"wdio_ui5_key":"rfmprogramui::xRFMxCU_ProgramObjectPage--fe::CustomSubSection::CustomDetailsSection--fe::FormContainer::FieldGroup::basicData1::FormElement::DataField::Currency::Field-edit-inner"}]}
RESULT: undefined
COMMAND: POST /session/d5fb0bb8ba0b7d9f809863b4e6e9c5e5/execute/async - {"script":"<script> [20 bytes]","args":[{"enterText":"EUR","selector":{"id":"rfm.programui::xRFMxCU_ProgramObjectPage--fe::CustomSubSection::CustomDetailsSection--fe::FormContainer::FieldGroup::basicData1::FormElement::DataField::Currency::Field-edit-inner","interaction":{"idSuffix":"inner"}},"clearTextFirst":true,"interactionType":"ENTER_TEXT"}]}
RESULT: {"script":"<script> [20 bytes]","args":[{"enterText":"EUR","selector":{"id":"rfm.programui::xRFMxCU_ProgramObjectPage--fe::CustomSubSection::CustomDetailsSection--fe::FormContainer::FieldGroup::basicData1::FormElement::DataField::Currency::Field-edit-inner","interaction":{"idSuffix":"inner"}},"clearTextFirst":true,"interactionType":"ENTER_TEXT"}]}
COMMAND: POST /session/d5fb0bb8ba0b7d9f809863b4e6e9c5e5/execute/async - {"script":"<script> [21 bytes]","args":[{"selector":{"id":"rfm.programui::xRFMxCU_ProgramObjectPage--fe::CustomSubSection::CustomDetailsSection--fe::FormContainer::FieldGroup::basicData1::FormElement::DataField::Volume::Field-edit-inner","interaction":{"idSuffix":"inner"}},"wdio_ui5_key":"rfmprogramui::xRFMxCU_ProgramObjectPage--fe::CustomSubSection::CustomDetailsSection--fe::FormContainer::FieldGroup::basicData1::FormElement::DataField::Volume::Field-edit-inner"}]}
RESULT: {"script":"<script> [21 bytes]","args":[{"selector":{"id":"rfm.programui::xRFMxCU_ProgramObjectPage--fe::CustomSubSection::CustomDetailsSection--fe::FormContainer::FieldGroup::basicData1::FormElement::DataField::Volume::Field-edit-inner","interaction":{"idSuffix":"inner"}},"wdio_ui5_key":"rfmprogramui::xRFMxCU_ProgramObjectPage--fe::CustomSubSection::CustomDetailsSection--fe::FormContainer::FieldGroup::basicData1::FormElement::DataField::Volume::Field-edit-inner"}]}
RESULT: undefined
COMMAND: POST /session/d5fb0bb8ba0b7d9f809863b4e6e9c5e5/execute/async - {"script":"<script> [20 bytes]","args":[{"enterText":"1,000,000,000.00","selector":{"id":"rfm.programui::xRFMxCU_ProgramObjectPage--fe::CustomSubSection::CustomDetailsSection--fe::FormContainer::FieldGroup::basicData1::FormElement::DataField::Volume::Field-edit-inner","interaction":{"idSuffix":"inner"}},"clearTextFirst":true,"interactionType":"ENTER_TEXT"}]}
RESULT: {"script":"<script> [20 bytes]","args":[{"enterText":"1,000,000,000.00","selector":{"id":"rfm.programui::xRFMxCU_ProgramObjectPage--fe::CustomSubSection::CustomDetailsSection--fe::FormContainer::FieldGroup::basicData1::FormElement::DataField::Volume::Field-edit-inner","interaction":{"idSuffix":"inner"}},"clearTextFirst":true,"interactionType":"ENTER_TEXT"}]}
COMMAND: POST /session/d5fb0bb8ba0b7d9f809863b4e6e9c5e5/execute/async - {"script":"<script> [21 bytes]","args":[{"selector":{"id":"rfm.programui::xRFMxCU_ProgramObjectPage--fe::CustomSubSection::CustomDetailsSection--fe::FormContainer::FieldGroup::basicData1::FormElement::DataField::ValidTo::Field-edit","interaction":{"idSuffix":"inner"}},"wdio_ui5_key":"rfmprogramui::xRFMxCU_ProgramObjectPage--fe::CustomSubSection::CustomDetailsSection--fe::FormContainer::FieldGroup::basicData1::FormElement::DataField::ValidTo::Field-edit"}]}
RESULT: {"script":"<script> [21 bytes]","args":[{"selector":{"id":"rfm.programui::xRFMxCU_ProgramObjectPage--fe::CustomSubSection::CustomDetailsSection--fe::FormContainer::FieldGroup::basicData1::FormElement::DataField::ValidTo::Field-edit","interaction":{"idSuffix":"inner"}},"wdio_ui5_key":"rfmprogramui::xRFMxCU_ProgramObjectPage--fe::CustomSubSection::CustomDetailsSection--fe::FormContainer::FieldGroup::basicData1::FormElement::DataField::ValidTo::Field-edit"}]}
RESULT: undefined
COMMAND: POST /session/d5fb0bb8ba0b7d9f809863b4e6e9c5e5/execute/async - {"script":"<script> [20 bytes]","args":[{"enterText":"2027-12-31","selector":{"id":"rfm.programui::xRFMxCU_ProgramObjectPage--fe::CustomSubSection::CustomDetailsSection--fe::FormContainer::FieldGroup::basicData1::FormElement::DataField::ValidTo::Field-edit","interaction":{"idSuffix":"inner"}},"clearTextFirst":true,"interactionType":"ENTER_TEXT"}]}
RESULT: {"script":"<script> [20 bytes]","args":[{"enterText":"2027-12-31","selector":{"id":"rfm.programui::xRFMxCU_ProgramObjectPage--fe::CustomSubSection::CustomDetailsSection--fe::FormContainer::FieldGroup::basicData1::FormElement::DataField::ValidTo::Field-edit","interaction":{"idSuffix":"inner"}},"clearTextFirst":true,"interactionType":"ENTER_TEXT"}]}
COMMAND: POST /session/d5fb0bb8ba0b7d9f809863b4e6e9c5e5/execute/async - {"script":"<script> [21 bytes]","args":[{"selector":{"id":"rfm.programui::xRFMxCU_ProgramObjectPage--fe::CustomSubSection::CustomDetailsSection--fe::FormContainer::FieldGroup::basicData2::FormElement::DataField::CompanyCode::Field-edit-inner","interaction":{"idSuffix":"inner"}},"wdio_ui5_key":"rfmprogramui::xRFMxCU_ProgramObjectPage--fe::CustomSubSection::CustomDetailsSection--fe::FormContainer::FieldGroup::basicData2::FormElement::DataField::CompanyCode::Field-edit-inner"}]}
RESULT: {"script":"<script> [21 bytes]","args":[{"selector":{"id":"rfm.programui::xRFMxCU_ProgramObjectPage--fe::CustomSubSection::CustomDetailsSection--fe::FormContainer::FieldGroup::basicData2::FormElement::DataField::CompanyCode::Field-edit-inner","interaction":{"idSuffix":"inner"}},"wdio_ui5_key":"rfmprogramui::xRFMxCU_ProgramObjectPage--fe::CustomSubSection::CustomDetailsSection--fe::FormContainer::FieldGroup::basicData2::FormElement::DataField::CompanyCode::Field-edit-inner"}]}
RESULT: undefined
COMMAND: POST /session/d5fb0bb8ba0b7d9f809863b4e6e9c5e5/execute/async - {"script":"<script> [20 bytes]","args":[{"enterText":"BearingPoint (0001)","selector":{"id":"rfm.programui::xRFMxCU_ProgramObjectPage--fe::CustomSubSection::CustomDetailsSection--fe::FormContainer::FieldGroup::basicData2::FormElement::DataField::CompanyCode::Field-edit-inner","interaction":{"idSuffix":"inner"}},"clearTextFirst":true,"interactionType":"ENTER_TEXT"}]}
RESULT: {"script":"<script> [20 bytes]","args":[{"enterText":"BearingPoint (0001)","selector":{"id":"rfm.programui::xRFMxCU_ProgramObjectPage--fe::CustomSubSection::CustomDetailsSection--fe::FormContainer::FieldGroup::basicData2::FormElement::DataField::CompanyCode::Field-edit-inner","interaction":{"idSuffix":"inner"}},"clearTextFirst":true,"interactionType":"ENTER_TEXT"}]}
COMMAND: POST /session/d5fb0bb8ba0b7d9f809863b4e6e9c5e5/execute/async - {"script":"<script> [21 bytes]","args":[{"selector":{"id":"rfm.programui::xRFMxCU_ProgramObjectPage--fe::CustomSubSection::CustomDetailsSection--DetailsFundingTypesTable-content::StandardAction::Create","interaction":{"idSuffix":"BDI-content"}},"wdio_ui5_key":"rfmprogramui::xRFMxCU_ProgramObjectPage--fe::CustomSubSection::CustomDetailsSection--DetailsFundingTypesTable-content::StandardAction::Create"}]}
RESULT: {"script":"<script> [21 bytes]","args":[{"selector":{"id":"rfm.programui::xRFMxCU_ProgramObjectPage--fe::CustomSubSection::CustomDetailsSection--DetailsFundingTypesTable-content::StandardAction::Create","interaction":{"idSuffix":"BDI-content"}},"wdio_ui5_key":"rfmprogramui::xRFMxCU_ProgramObjectPage--fe::CustomSubSection::CustomDetailsSection--DetailsFundingTypesTable-content::StandardAction::Create"}]}
RESULT: undefined
COMMAND: POST /session/d5fb0bb8ba0b7d9f809863b4e6e9c5e5/element - {"using":"xpath","value":"//*[@id=\"rfm.programui::xRFMxCU_ProgramObjectPage--fe::CustomSubSection::CustomDetailsSection--DetailsFundingTypesTable-content::StandardAction::Create\"]"}
RESULT: {"using":"xpath","value":"//*[@id=\"rfm.programui::xRFMxCU_ProgramObjectPage--fe::CustomSubSection::CustomDetailsSection--DetailsFundingTypesTable-content::StandardAction::Create\"]"}
COMMAND: POST /session/d5fb0bb8ba0b7d9f809863b4e6e9c5e5/element/f.9C1ADC5FD25D6B40A0EDBEE75A358769.d.964DE47BD595FE148BF6CB5B5C34D416.e.368/click - {}
RESULT: {}
COMMAND: POST /session/d5fb0bb8ba0b7d9f809863b4e6e9c5e5/execute/async - {"script":"<script> [21 bytes]","args":[{"selector":{"id":"CreateDialog::xRFMxCU_ProgramFundingTypeType::FundingType-inner","searchOpenDialogs":true,"interaction":{"idSuffix":"inner"}},"wdio_ui5_key":"CreateDialogxRFMxCU_ProgramFundingTypeType::FundingType-inner"}]}
COMMAND: GET /session/d5fb0bb8ba0b7d9f809863b4e6e9c5e5/screenshot - {}
RESULT: {"script":"<script> [21 bytes]","args":[{"selector":{"id":"CreateDialog::xRFMxCU_ProgramFundingTypeType::FundingType-inner","searchOpenDialogs":true,"interaction":{"idSuffix":"inner"}},"wdio_ui5_key":"CreateDialogxRFMxCU_ProgramFundingTypeType::FundingType-inner"}]}
RESULT: undefined
COMMAND: POST /session/d5fb0bb8ba0b7d9f809863b4e6e9c5e5/execute/async - {"script":"<script> [20 bytes]","args":[{"enterText":"30","selector":{"id":"CreateDialog::xRFMxCU_ProgramFundingTypeType::FundingType-inner","searchOpenDialogs":true,"interaction":{"idSuffix":"inner"}},"clearTextFirst":true,"interactionType":"ENTER_TEXT"}]}
RESULT: {}
RESULT: {"script":"<script> [20 bytes]","args":[{"enterText":"30","selector":{"id":"CreateDialog::xRFMxCU_ProgramFundingTypeType::FundingType-inner","searchOpenDialogs":true,"interaction":{"idSuffix":"inner"}},"clearTextFirst":true,"interactionType":"ENTER_TEXT"}]}
COMMAND: POST /session/d5fb0bb8ba0b7d9f809863b4e6e9c5e5/execute/async - {"script":"<script> [21 bytes]","args":[{"selector":{"id":"CreateDialog::xRFMxCU_Program::_AllowedFundingType-footer","searchOpenDialogs":true},"wdio_ui5_key":"CreateDialogxRFMxCU_Program::_AllowedFundingType-footer"}]}
RESULT: {"script":"<script> [21 bytes]","args":[{"selector":{"id":"CreateDialog::xRFMxCU_Program::_AllowedFundingType-footer","searchOpenDialogs":true},"wdio_ui5_key":"CreateDialogxRFMxCU_Program::_AllowedFundingType-footer"}]}
RESULT: undefined
COMMAND: POST /session/d5fb0bb8ba0b7d9f809863b4e6e9c5e5/element - {"using":"xpath","value":"//*[@id=\"CreateDialog::xRFMxCU_Program::_AllowedFundingType-footer\"]"}
RESULT: {"using":"xpath","value":"//*[@id=\"CreateDialog::xRFMxCU_Program::_AllowedFundingType-footer\"]"}
COMMAND: POST /session/d5fb0bb8ba0b7d9f809863b4e6e9c5e5/element/f.9C1ADC5FD25D6B40A0EDBEE75A358769.d.964DE47BD595FE148BF6CB5B5C34D416.e.508/click - {}
RESULT: {}
COMMAND: GET /session/d5fb0bb8ba0b7d9f809863b4e6e9c5e5/screenshot - {}
RESULT: {}
COMMAND: POST /session/d5fb0bb8ba0b7d9f809863b4e6e9c5e5/execute/async - {"script":"<script> [21 bytes]","args":[{"forceSelect":true,"selector":{"controlType":"sap.m.Button","viewName":"sap.fe.templates.ObjectPage.ObjectPage","viewId":"rfm.programui::xRFMxCU_Program__AllowedFundingTypeObjectPage","properties":{"text":"Continue"},"searchOpenDialogs":true,"interaction":{"idSuffix":"content"}},"wdio_ui5_key":"sapfe.templates.ObjectPage.ObjectPagesap.m.Button{\"text\":\"Continue\"}"}]}
RESULT: {"script":"<script> [21 bytes]","args":[{"forceSelect":true,"selector":{"controlType":"sap.m.Button","viewName":"sap.fe.templates.ObjectPage.ObjectPage","viewId":"rfm.programui::xRFMxCU_Program__AllowedFundingTypeObjectPage","properties":{"text":"Continue"},"searchOpenDialogs":true,"interaction":{"idSuffix":"content"}},"wdio_ui5_key":"sapfe.templates.ObjectPage.ObjectPagesap.m.Button{\"text\":\"Continue\"}"}]}
RESULT: undefined
COMMAND: POST /session/d5fb0bb8ba0b7d9f809863b4e6e9c5e5/element - {"using":"xpath","value":"//*[@id=\"__button199\"]"}
RESULT: {"using":"xpath","value":"//*[@id=\"__button199\"]"}
COMMAND: POST /session/d5fb0bb8ba0b7d9f809863b4e6e9c5e5/element/f.9C1ADC5FD25D6B40A0EDBEE75A358769.d.964DE47BD595FE148BF6CB5B5C34D416.e.510/click - {}
RESULT: {}
COMMAND: GET /session/d5fb0bb8ba0b7d9f809863b4e6e9c5e5/screenshot - {}
RESULT: {}
COMMAND: POST /session/d5fb0bb8ba0b7d9f809863b4e6e9c5e5/execute/async - {"script":"<script> [21 bytes]","args":[{"selector":{"id":"rfm.programui::xRFMxCU_Program__AllowedFundingTypeObjectPage--fe::FooterBar::StandardAction::Apply","interaction":{"idSuffix":"BDI-content"}},"wdio_ui5_key":"rfmprogramui::xRFMxCU_Program__AllowedFundingTypeObjectPage--fe::FooterBar::StandardAction::Apply"}]}
RESULT: {"script":"<script> [21 bytes]","args":[{"selector":{"id":"rfm.programui::xRFMxCU_Program__AllowedFundingTypeObjectPage--fe::FooterBar::StandardAction::Apply","interaction":{"idSuffix":"BDI-content"}},"wdio_ui5_key":"rfmprogramui::xRFMxCU_Program__AllowedFundingTypeObjectPage--fe::FooterBar::StandardAction::Apply"}]}
RESULT: undefined
COMMAND: POST /session/d5fb0bb8ba0b7d9f809863b4e6e9c5e5/element - {"using":"xpath","value":"//*[@id=\"rfm.programui::xRFMxCU_Program__AllowedFundingTypeObjectPage--fe::FooterBar::StandardAction::Apply\"]"}
RESULT: {"using":"xpath","value":"//*[@id=\"rfm.programui::xRFMxCU_Program__AllowedFundingTypeObjectPage--fe::FooterBar::StandardAction::Apply\"]"}
COMMAND: POST /session/d5fb0bb8ba0b7d9f809863b4e6e9c5e5/element/f.9C1ADC5FD25D6B40A0EDBEE75A358769.d.964DE47BD595FE148BF6CB5B5C34D416.e.502/click - {}
RESULT: {}
COMMAND: POST /session/d5fb0bb8ba0b7d9f809863b4e6e9c5e5/execute/async - {"script":"<script> [21 bytes]","args":[{"selector":{"id":"rfm.programui::xRFMxCU_ProgramObjectPage--fe::ObjectPage-anchBar-rfm.programui::xRFMxCU_ProgramObjectPage--fe::EditableHeaderSection-anchor","interaction":{"idSuffix":"text"}},"wdio_ui5_key":"rfmprogramui::xRFMxCU_ProgramObjectPage--fe::ObjectPage-anchBar-rfm.programui::xRFMxCU_ProgramObjectPage--fe::EditableHeaderSection-anchor"}]}
COMMAND: GET /session/d5fb0bb8ba0b7d9f809863b4e6e9c5e5/screenshot - {}
RESULT: {"script":"<script> [21 bytes]","args":[{"selector":{"id":"rfm.programui::xRFMxCU_ProgramObjectPage--fe::ObjectPage-anchBar-rfm.programui::xRFMxCU_ProgramObjectPage--fe::EditableHeaderSection-anchor","interaction":{"idSuffix":"text"}},"wdio_ui5_key":"rfmprogramui::xRFMxCU_ProgramObjectPage--fe::ObjectPage-anchBar-rfm.programui::xRFMxCU_ProgramObjectPage--fe::EditableHeaderSection-anchor"}]}
RESULT: undefined
COMMAND: POST /session/d5fb0bb8ba0b7d9f809863b4e6e9c5e5/element - {"using":"xpath","value":"//*[@id=\"rfm.programui::xRFMxCU_ProgramObjectPage--fe::ObjectPage-anchBar-rfm.programui::xRFMxCU_ProgramObjectPage--fe::EditableHeaderSection-anchor\"]"}
RESULT: {}
RESULT: {"using":"xpath","value":"//*[@id=\"rfm.programui::xRFMxCU_ProgramObjectPage--fe::ObjectPage-anchBar-rfm.programui::xRFMxCU_ProgramObjectPage--fe::EditableHeaderSection-anchor\"]"}
COMMAND: POST /session/d5fb0bb8ba0b7d9f809863b4e6e9c5e5/element/f.9C1ADC5FD25D6B40A0EDBEE75A358769.d.964DE47BD595FE148BF6CB5B5C34D416.e.568/click - {}
RESULT: {}
COMMAND: GET /session/d5fb0bb8ba0b7d9f809863b4e6e9c5e5/screenshot - {}
RESULT: {}
COMMAND: POST /session/d5fb0bb8ba0b7d9f809863b4e6e9c5e5/execute/async - {"script":"<script> [21 bytes]","args":[{"selector":{"id":"rfm.programui::xRFMxCU_ProgramObjectPage--fe::HeaderFacet::FormContainer::headerFieldsGP1::FormElement::DataField::Name::Field-edit","interaction":{"idSuffix":"inner"}},"wdio_ui5_key":"rfmprogramui::xRFMxCU_ProgramObjectPage--fe::HeaderFacet::FormContainer::headerFieldsGP1::FormElement::DataField::Name::Field-edit"}]}
RESULT: {"script":"<script> [21 bytes]","args":[{"selector":{"id":"rfm.programui::xRFMxCU_ProgramObjectPage--fe::HeaderFacet::FormContainer::headerFieldsGP1::FormElement::DataField::Name::Field-edit","interaction":{"idSuffix":"inner"}},"wdio_ui5_key":"rfmprogramui::xRFMxCU_ProgramObjectPage--fe::HeaderFacet::FormContainer::headerFieldsGP1::FormElement::DataField::Name::Field-edit"}]}
RESULT: undefined
COMMAND: POST /session/d5fb0bb8ba0b7d9f809863b4e6e9c5e5/execute/async - {"script":"<script> [20 bytes]","args":[{"enterText":"WDIO_ABS_2025-08-14","selector":{"id":"rfm.programui::xRFMxCU_ProgramObjectPage--fe::HeaderFacet::FormContainer::headerFieldsGP1::FormElement::DataField::Name::Field-edit","interaction":{"idSuffix":"inner"}},"clearTextFirst":true,"interactionType":"ENTER_TEXT"}]}
RESULT: {"script":"<script> [20 bytes]","args":[{"enterText":"WDIO_ABS_2025-08-14","selector":{"id":"rfm.programui::xRFMxCU_ProgramObjectPage--fe::HeaderFacet::FormContainer::headerFieldsGP1::FormElement::DataField::Name::Field-edit","interaction":{"idSuffix":"inner"}},"clearTextFirst":true,"interactionType":"ENTER_TEXT"}]}
COMMAND: POST /session/d5fb0bb8ba0b7d9f809863b4e6e9c5e5/execute/async - {"script":"<script> [21 bytes]","args":[{"selector":{"id":"rfm.programui::xRFMxCU_ProgramObjectPage--fe::FooterBar::StandardAction::Save","interaction":{"idSuffix":"BDI-content"}},"wdio_ui5_key":"rfmprogramui::xRFMxCU_ProgramObjectPage--fe::FooterBar::StandardAction::Save"}]}
RESULT: {"script":"<script> [21 bytes]","args":[{"selector":{"id":"rfm.programui::xRFMxCU_ProgramObjectPage--fe::FooterBar::StandardAction::Save","interaction":{"idSuffix":"BDI-content"}},"wdio_ui5_key":"rfmprogramui::xRFMxCU_ProgramObjectPage--fe::FooterBar::StandardAction::Save"}]}
RESULT: undefined
COMMAND: POST /session/d5fb0bb8ba0b7d9f809863b4e6e9c5e5/element - {"using":"xpath","value":"//*[@id=\"rfm.programui::xRFMxCU_ProgramObjectPage--fe::FooterBar::StandardAction::Save\"]"}
RESULT: {"using":"xpath","value":"//*[@id=\"rfm.programui::xRFMxCU_ProgramObjectPage--fe::FooterBar::StandardAction::Save\"]"}
COMMAND: POST /session/d5fb0bb8ba0b7d9f809863b4e6e9c5e5/element/f.9C1ADC5FD25D6B40A0EDBEE75A358769.d.964DE47BD595FE148BF6CB5B5C34D416.e.423/click - {}
RESULT: {}
COMMAND: POST /session/d5fb0bb8ba0b7d9f809863b4e6e9c5e5/execute/async - {"script":"<script> [21 bytes]","args":[{"selector":{"id":"rfm.programui::xRFMxCU_ProgramObjectPage--fe::HeaderFacet::Form::headerFieldsGP1::DataField::ProgramId::Field-content"},"wdio_ui5_key":"rfmprogramui::xRFMxCU_ProgramObjectPage--fe::HeaderFacet::Form::headerFieldsGP1::DataField::ProgramId::Field-content"}]}
COMMAND: GET /session/d5fb0bb8ba0b7d9f809863b4e6e9c5e5/screenshot - {}
RESULT: {"script":"<script> [21 bytes]","args":[{"selector":{"id":"rfm.programui::xRFMxCU_ProgramObjectPage--fe::HeaderFacet::Form::headerFieldsGP1::DataField::ProgramId::Field-content"},"wdio_ui5_key":"rfmprogramui::xRFMxCU_ProgramObjectPage--fe::HeaderFacet::Form::headerFieldsGP1::DataField::ProgramId::Field-content"}]}
RESULT: undefined
COMMAND: POST /session/d5fb0bb8ba0b7d9f809863b4e6e9c5e5/execute/async - {"script":"<script> [21 bytes]","args":[{"element-6066-11e4-a52e-4f735466cecf":"f.9C1ADC5FD25D6B40A0EDBEE75A358769.d.964DE47BD595FE148BF6CB5B5C34D416.e.585"},"getText",[]]}
RESULT: {}
RESULT: {"script":"<script> [21 bytes]","args":[{"element-6066-11e4-a52e-4f735466cecf":"f.9C1ADC5FD25D6B40A0EDBEE75A358769.d.964DE47BD595FE148BF6CB5B5C34D416.e.585"},"getText",[]]}
COMMAND: POST /session/d5fb0bb8ba0b7d9f809863b4e6e9c5e5/execute/async - {"script":"<script> [21 bytes]","args":[{"selector":{"id":"rfm.programui::xRFMxCU_ProgramObjectPage--fe::DataFieldForAction::com.sap.gateway.srvd.rfm.ui_program.v0001.Open::com.sap.gateway.srvd.rfm.ui_program.v0001.xRFMxCU_ProgramType","interaction":{"idSuffix":"BDI-content"}},"wdio_ui5_key":"rfmprogramui::xRFMxCU_ProgramObjectPage--fe::DataFieldForAction::com.sap.gateway.srvd.rfm.ui_program.v0001.Open::com.sap.gateway.srvd.rfm.ui_program.v0001.xRFMxCU_ProgramType"}]}
RESULT: {"script":"<script> [21 bytes]","args":[{"selector":{"id":"rfm.programui::xRFMxCU_ProgramObjectPage--fe::DataFieldForAction::com.sap.gateway.srvd.rfm.ui_program.v0001.Open::com.sap.gateway.srvd.rfm.ui_program.v0001.xRFMxCU_ProgramType","interaction":{"idSuffix":"BDI-content"}},"wdio_ui5_key":"rfmprogramui::xRFMxCU_ProgramObjectPage--fe::DataFieldForAction::com.sap.gateway.srvd.rfm.ui_program.v0001.Open::com.sap.gateway.srvd.rfm.ui_program.v0001.xRFMxCU_ProgramType"}]}
RESULT: undefined
COMMAND: POST /session/d5fb0bb8ba0b7d9f809863b4e6e9c5e5/element - {"using":"xpath","value":"//*[@id=\"rfm.programui::xRFMxCU_ProgramObjectPage--fe::DataFieldForAction::com.sap.gateway.srvd.rfm.ui_program.v0001.Open::com.sap.gateway.srvd.rfm.ui_program.v0001.xRFMxCU_ProgramType\"]"}
RESULT: {"using":"xpath","value":"//*[@id=\"rfm.programui::xRFMxCU_ProgramObjectPage--fe::DataFieldForAction::com.sap.gateway.srvd.rfm.ui_program.v0001.Open::com.sap.gateway.srvd.rfm.ui_program.v0001.xRFMxCU_ProgramType\"]"}
COMMAND: POST /session/d5fb0bb8ba0b7d9f809863b4e6e9c5e5/element/f.9C1ADC5FD25D6B40A0EDBEE75A358769.d.964DE47BD595FE148BF6CB5B5C34D416.e.349/click - {}
RESULT: {}
COMMAND: GET /session/d5fb0bb8ba0b7d9f809863b4e6e9c5e5/screenshot - {}
RESULT: {}
COMMAND: POST /session/d5fb0bb8ba0b7d9f809863b4e6e9c5e5/execute/async - {"script":"<script> [21 bytes]","args":[{"selector":{"controlType":"sap.m.Button","properties":{"text":"OK"},"searchOpenDialogs":true,"interaction":{"idSuffix":"BDI-content"}},"wdio_ui5_key":"sapm.Button{\"text\":\"OK\"}"}]}
RESULT: {"script":"<script> [21 bytes]","args":[{"selector":{"controlType":"sap.m.Button","properties":{"text":"OK"},"searchOpenDialogs":true,"interaction":{"idSuffix":"BDI-content"}},"wdio_ui5_key":"sapm.Button{\"text\":\"OK\"}"}]}
RESULT: undefined
COMMAND: POST /session/d5fb0bb8ba0b7d9f809863b4e6e9c5e5/element - {"using":"xpath","value":"//*[@id=\"__mbox-btn-0\"]"}
RESULT: {"using":"xpath","value":"//*[@id=\"__mbox-btn-0\"]"}
COMMAND: POST /session/d5fb0bb8ba0b7d9f809863b4e6e9c5e5/element/f.9C1ADC5FD25D6B40A0EDBEE75A358769.d.964DE47BD595FE148BF6CB5B5C34D416.e.587/click - {}
RESULT: {}
COMMAND: POST /session/d5fb0bb8ba0b7d9f809863b4e6e9c5e5/execute/async - {"script":"<script> [21 bytes]","args":[{"selector":{"id":"backBtn"},"wdio_ui5_key":"backBtn"}]}
COMMAND: GET /session/d5fb0bb8ba0b7d9f809863b4e6e9c5e5/screenshot - {}
RESULT: {"script":"<script> [21 bytes]","args":[{"selector":{"id":"backBtn"},"wdio_ui5_key":"backBtn"}]}
RESULT: undefined
COMMAND: POST /session/d5fb0bb8ba0b7d9f809863b4e6e9c5e5/element - {"using":"xpath","value":"//*[@id=\"backBtn\"]"}
RESULT: {}
RESULT: {"using":"xpath","value":"//*[@id=\"backBtn\"]"}
COMMAND: POST /session/d5fb0bb8ba0b7d9f809863b4e6e9c5e5/element/f.9C1ADC5FD25D6B40A0EDBEE75A358769.d.964DE47BD595FE148BF6CB5B5C34D416.e.592/click - {}
RESULT: {}
COMMAND: GET /session/d5fb0bb8ba0b7d9f809863b4e6e9c5e5/screenshot - {}
RESULT: {}
COMMAND: POST /session/d5fb0bb8ba0b7d9f809863b4e6e9c5e5/element/f.9C1ADC5FD25D6B40A0EDBEE75A358769.d.964DE47BD595FE148BF6CB5B5C34D416.e.592/click - {}
COMMAND: GET /session/d5fb0bb8ba0b7d9f809863b4e6e9c5e5/screenshot - {}
]]></system-out>
    </testcase>
    <testcase classname="chrome.138_0_7204_184.windows.ABS" name="Should create asset" time="166.397">
      <system-out><![CDATA[
RESULT: {}
COMMAND: GET /session/d5fb0bb8ba0b7d9f809863b4e6e9c5e5/screenshot - {}
RESULT: {}
RESULT: {}
COMMAND: POST /session/d5fb0bb8ba0b7d9f809863b4e6e9c5e5/execute/async - {"script":"<script> [21 bytes]","args":[{"selector":{"controlType":"sap.m.GenericTile","properties":{"header":"Funding Asset"}},"wdio_ui5_key":"sapm.GenericTile{\"header\":\"Funding Asset\"}"}]}
RESULT: {"script":"<script> [21 bytes]","args":[{"selector":{"controlType":"sap.m.GenericTile","properties":{"header":"Funding Asset"}},"wdio_ui5_key":"sapm.GenericTile{\"header\":\"Funding Asset\"}"}]}
RESULT: undefined
COMMAND: POST /session/d5fb0bb8ba0b7d9f809863b4e6e9c5e5/element - {"using":"xpath","value":"//*[@id=\"__tile53\"]"}
RESULT: {"using":"xpath","value":"//*[@id=\"__tile53\"]"}
COMMAND: POST /session/d5fb0bb8ba0b7d9f809863b4e6e9c5e5/element/f.9C1ADC5FD25D6B40A0EDBEE75A358769.d.964DE47BD595FE148BF6CB5B5C34D416.e.684/click - {}
RESULT: {}
COMMAND: POST /session/d5fb0bb8ba0b7d9f809863b4e6e9c5e5/execute/async - {"script":"<script> [21 bytes]","args":[{"selector":{"id":"rfm.assetui::xRFMxCU_AssetList--fe::table::allTab::LineItem::StandardAction::Create","controlType":"sap.m.Button"},"wdio_ui5_key":"rfmassetui::xRFMxCU_AssetList--fe::table::allTab::LineItem::StandardAction::Createsap.m.Button"}]}
COMMAND: GET /session/d5fb0bb8ba0b7d9f809863b4e6e9c5e5/screenshot - {}
RESULT: {"script":"<script> [21 bytes]","args":[{"selector":{"id":"rfm.assetui::xRFMxCU_AssetList--fe::table::allTab::LineItem::StandardAction::Create","controlType":"sap.m.Button"},"wdio_ui5_key":"rfmassetui::xRFMxCU_AssetList--fe::table::allTab::LineItem::StandardAction::Createsap.m.Button"}]}
RESULT: undefined
COMMAND: POST /session/d5fb0bb8ba0b7d9f809863b4e6e9c5e5/element - {"using":"xpath","value":"//*[@id=\"rfm.assetui::xRFMxCU_AssetList--fe::table::allTab::LineItem::StandardAction::Create\"]"}
RESULT: {}
RESULT: {"using":"xpath","value":"//*[@id=\"rfm.assetui::xRFMxCU_AssetList--fe::table::allTab::LineItem::StandardAction::Create\"]"}
COMMAND: POST /session/d5fb0bb8ba0b7d9f809863b4e6e9c5e5/element/f.9C1ADC5FD25D6B40A0EDBEE75A358769.d.964DE47BD595FE148BF6CB5B5C34D416.e.792/click - {}
RESULT: {}
COMMAND: GET /session/d5fb0bb8ba0b7d9f809863b4e6e9c5e5/screenshot - {}
RESULT: {}
COMMAND: POST /session/d5fb0bb8ba0b7d9f809863b4e6e9c5e5/execute/async - {"script":"<script> [21 bytes]","args":[{"selector":{"id":"CreateDialog::xRFMxCU_AssetType::AssetIdExtern-inner","controlType":"sap.ui.mdc.field.FieldInput","searchOpenDialogs":true},"wdio_ui5_key":"CreateDialogxRFMxCU_AssetType::AssetIdExtern-innersap.ui.mdc.field.FieldInput"}]}
RESULT: {"script":"<script> [21 bytes]","args":[{"selector":{"id":"CreateDialog::xRFMxCU_AssetType::AssetIdExtern-inner","controlType":"sap.ui.mdc.field.FieldInput","searchOpenDialogs":true},"wdio_ui5_key":"CreateDialogxRFMxCU_AssetType::AssetIdExtern-innersap.ui.mdc.field.FieldInput"}]}
RESULT: undefined
COMMAND: POST /session/d5fb0bb8ba0b7d9f809863b4e6e9c5e5/execute/async - {"script":"<script> [21 bytes]","args":[{"element-6066-11e4-a52e-4f735466cecf":"f.9C1ADC5FD25D6B40A0EDBEE75A358769.d.964DE47BD595FE148BF6CB5B5C34D416.e.897"},"setValue",["WDIO_ABS_2025-08-14"]]}
RESULT: {"script":"<script> [21 bytes]","args":[{"element-6066-11e4-a52e-4f735466cecf":"f.9C1ADC5FD25D6B40A0EDBEE75A358769.d.964DE47BD595FE148BF6CB5B5C34D416.e.897"},"setValue",["WDIO_ABS_2025-08-14"]]}
COMMAND: POST /session/d5fb0bb8ba0b7d9f809863b4e6e9c5e5/execute/async - {"script":"<script> [21 bytes]","args":[{"selector":{"id":"CreateDialog::xRFMxCU_AssetType::ExternalSystem-inner","searchOpenDialogs":true,"interaction":{"idSuffix":"inner"}},"wdio_ui5_key":"CreateDialogxRFMxCU_AssetType::ExternalSystem-inner"}]}
RESULT: {"script":"<script> [21 bytes]","args":[{"selector":{"id":"CreateDialog::xRFMxCU_AssetType::ExternalSystem-inner","searchOpenDialogs":true,"interaction":{"idSuffix":"inner"}},"wdio_ui5_key":"CreateDialogxRFMxCU_AssetType::ExternalSystem-inner"}]}
RESULT: undefined
COMMAND: POST /session/d5fb0bb8ba0b7d9f809863b4e6e9c5e5/execute/async - {"script":"<script> [20 bytes]","args":[{"enterText":"Test","selector":{"id":"CreateDialog::xRFMxCU_AssetType::ExternalSystem-inner","searchOpenDialogs":true,"interaction":{"idSuffix":"inner"}},"clearTextFirst":true,"interactionType":"ENTER_TEXT"}]}
RESULT: {"script":"<script> [20 bytes]","args":[{"enterText":"Test","selector":{"id":"CreateDialog::xRFMxCU_AssetType::ExternalSystem-inner","searchOpenDialogs":true,"interaction":{"idSuffix":"inner"}},"clearTextFirst":true,"interactionType":"ENTER_TEXT"}]}
COMMAND: POST /session/d5fb0bb8ba0b7d9f809863b4e6e9c5e5/execute/async - {"script":"<script> [21 bytes]","args":[{"selector":{"id":"CreateDialog::xRFMxCU_AssetType::InitiationDate-inner","controlType":"sap.m.DatePicker","searchOpenDialogs":true},"wdio_ui5_key":"CreateDialogxRFMxCU_AssetType::InitiationDate-innersap.m.DatePicker"}]}
RESULT: {"script":"<script> [21 bytes]","args":[{"selector":{"id":"CreateDialog::xRFMxCU_AssetType::InitiationDate-inner","controlType":"sap.m.DatePicker","searchOpenDialogs":true},"wdio_ui5_key":"CreateDialogxRFMxCU_AssetType::InitiationDate-innersap.m.DatePicker"}]}
RESULT: undefined
COMMAND: POST /session/d5fb0bb8ba0b7d9f809863b4e6e9c5e5/execute/async - {"script":"<script> [21 bytes]","args":[{"element-6066-11e4-a52e-4f735466cecf":"f.9C1ADC5FD25D6B40A0EDBEE75A358769.d.964DE47BD595FE148BF6CB5B5C34D416.e.898"},"setValue",["2025-01-01"]]}
RESULT: {"script":"<script> [21 bytes]","args":[{"element-6066-11e4-a52e-4f735466cecf":"f.9C1ADC5FD25D6B40A0EDBEE75A358769.d.964DE47BD595FE148BF6CB5B5C34D416.e.898"},"setValue",["2025-01-01"]]}
COMMAND: POST /session/d5fb0bb8ba0b7d9f809863b4e6e9c5e5/execute/async - {"script":"<script> [21 bytes]","args":[{"selector":{"id":"CreateDialog::xRFMxCU_AssetType::ClosingDate-inner","controlType":"sap.m.DatePicker","searchOpenDialogs":true},"wdio_ui5_key":"CreateDialogxRFMxCU_AssetType::ClosingDate-innersap.m.DatePicker"}]}
RESULT: {"script":"<script> [21 bytes]","args":[{"selector":{"id":"CreateDialog::xRFMxCU_AssetType::ClosingDate-inner","controlType":"sap.m.DatePicker","searchOpenDialogs":true},"wdio_ui5_key":"CreateDialogxRFMxCU_AssetType::ClosingDate-innersap.m.DatePicker"}]}
RESULT: undefined
COMMAND: POST /session/d5fb0bb8ba0b7d9f809863b4e6e9c5e5/execute/async - {"script":"<script> [21 bytes]","args":[{"element-6066-11e4-a52e-4f735466cecf":"f.9C1ADC5FD25D6B40A0EDBEE75A358769.d.964DE47BD595FE148BF6CB5B5C34D416.e.899"},"setValue",["2027-12-31"]]}
RESULT: {"script":"<script> [21 bytes]","args":[{"element-6066-11e4-a52e-4f735466cecf":"f.9C1ADC5FD25D6B40A0EDBEE75A358769.d.964DE47BD595FE148BF6CB5B5C34D416.e.899"},"setValue",["2027-12-31"]]}
COMMAND: POST /session/d5fb0bb8ba0b7d9f809863b4e6e9c5e5/execute/async - {"script":"<script> [21 bytes]","args":[{"forceSelect":true,"selector":{"controlType":"sap.m.Button","properties":{"text":"Continue"},"searchOpenDialogs":true},"wdio_ui5_key":"sapm.Button{\"text\":\"Continue\"}"}]}
RESULT: {"script":"<script> [21 bytes]","args":[{"forceSelect":true,"selector":{"controlType":"sap.m.Button","properties":{"text":"Continue"},"searchOpenDialogs":true},"wdio_ui5_key":"sapm.Button{\"text\":\"Continue\"}"}]}
RESULT: undefined
COMMAND: POST /session/d5fb0bb8ba0b7d9f809863b4e6e9c5e5/element - {"using":"xpath","value":"//*[@id=\"__button233\"]"}
RESULT: {"using":"xpath","value":"//*[@id=\"__button233\"]"}
COMMAND: POST /session/d5fb0bb8ba0b7d9f809863b4e6e9c5e5/element/f.9C1ADC5FD25D6B40A0EDBEE75A358769.d.964DE47BD595FE148BF6CB5B5C34D416.e.912/click - {}
RESULT: {}
COMMAND: POST /session/d5fb0bb8ba0b7d9f809863b4e6e9c5e5/execute/async - {"script":"<script> [21 bytes]","args":[{"selector":{"id":"rfm.assetui::xRFMxCU_AssetObjectPage--fe::FCLStandardAction::FullScreen","interaction":{"idSuffix":"inner"}},"wdio_ui5_key":"rfmassetui::xRFMxCU_AssetObjectPage--fe::FCLStandardAction::FullScreen"}]}
COMMAND: GET /session/d5fb0bb8ba0b7d9f809863b4e6e9c5e5/screenshot - {}
RESULT: {"script":"<script> [21 bytes]","args":[{"selector":{"id":"rfm.assetui::xRFMxCU_AssetObjectPage--fe::FCLStandardAction::FullScreen","interaction":{"idSuffix":"inner"}},"wdio_ui5_key":"rfmassetui::xRFMxCU_AssetObjectPage--fe::FCLStandardAction::FullScreen"}]}
RESULT: undefined
COMMAND: POST /session/d5fb0bb8ba0b7d9f809863b4e6e9c5e5/element - {"using":"xpath","value":"//*[@id=\"rfm.assetui::xRFMxCU_AssetObjectPage--fe::FCLStandardAction::FullScreen\"]"}
RESULT: {}
RESULT: {"using":"xpath","value":"//*[@id=\"rfm.assetui::xRFMxCU_AssetObjectPage--fe::FCLStandardAction::FullScreen\"]"}
COMMAND: POST /session/d5fb0bb8ba0b7d9f809863b4e6e9c5e5/element/f.9C1ADC5FD25D6B40A0EDBEE75A358769.d.964DE47BD595FE148BF6CB5B5C34D416.e.975/click - {}
RESULT: {}
COMMAND: POST /session/d5fb0bb8ba0b7d9f809863b4e6e9c5e5/execute/async - {"script":"<script> [21 bytes]","args":[{"selector":{"id":"rfm.assetui::xRFMxCU_AssetObjectPage--fe::FormContainer::FieldGroup::detailsFieldsGP1::FormElement::DataFieldWithIntentBasedNavigation::PartnerId::Debtor::Manage::Field-edit","interaction":{"idSuffix":"inner"}},"wdio_ui5_key":"rfmassetui::xRFMxCU_AssetObjectPage--fe::FormContainer::FieldGroup::detailsFieldsGP1::FormElement::DataFieldWithIntentBasedNavigation::PartnerId::Debtor::Manage::Field-edit"}]}
COMMAND: GET /session/d5fb0bb8ba0b7d9f809863b4e6e9c5e5/screenshot - {}
RESULT: {"script":"<script> [21 bytes]","args":[{"selector":{"id":"rfm.assetui::xRFMxCU_AssetObjectPage--fe::FormContainer::FieldGroup::detailsFieldsGP1::FormElement::DataFieldWithIntentBasedNavigation::PartnerId::Debtor::Manage::Field-edit","interaction":{"idSuffix":"inner"}},"wdio_ui5_key":"rfmassetui::xRFMxCU_AssetObjectPage--fe::FormContainer::FieldGroup::detailsFieldsGP1::FormElement::DataFieldWithIntentBasedNavigation::PartnerId::Debtor::Manage::Field-edit"}]}
RESULT: undefined
COMMAND: POST /session/d5fb0bb8ba0b7d9f809863b4e6e9c5e5/execute/async - {"script":"<script> [20 bytes]","args":[{"enterText":"117009960","selector":{"id":"rfm.assetui::xRFMxCU_AssetObjectPage--fe::FormContainer::FieldGroup::detailsFieldsGP1::FormElement::DataFieldWithIntentBasedNavigation::PartnerId::Debtor::Manage::Field-edit","interaction":{"idSuffix":"inner"}},"clearTextFirst":true,"interactionType":"ENTER_TEXT"}]}
RESULT: {}
RESULT: {"script":"<script> [20 bytes]","args":[{"enterText":"117009960","selector":{"id":"rfm.assetui::xRFMxCU_AssetObjectPage--fe::FormContainer::FieldGroup::detailsFieldsGP1::FormElement::DataFieldWithIntentBasedNavigation::PartnerId::Debtor::Manage::Field-edit","interaction":{"idSuffix":"inner"}},"clearTextFirst":true,"interactionType":"ENTER_TEXT"}]}
COMMAND: POST /session/d5fb0bb8ba0b7d9f809863b4e6e9c5e5/execute/async - {"script":"<script> [21 bytes]","args":[{"selector":{"id":"rfm.assetui::xRFMxCU_AssetObjectPage--fe::FormContainer::FieldGroup::detailsFieldsGP1::FormElement::DataField::NominalValue::Field-edit-inner","interaction":{"idSuffix":"inner"}},"wdio_ui5_key":"rfmassetui::xRFMxCU_AssetObjectPage--fe::FormContainer::FieldGroup::detailsFieldsGP1::FormElement::DataField::NominalValue::Field-edit-inner"}]}
RESULT: {"script":"<script> [21 bytes]","args":[{"selector":{"id":"rfm.assetui::xRFMxCU_AssetObjectPage--fe::FormContainer::FieldGroup::detailsFieldsGP1::FormElement::DataField::NominalValue::Field-edit-inner","interaction":{"idSuffix":"inner"}},"wdio_ui5_key":"rfmassetui::xRFMxCU_AssetObjectPage--fe::FormContainer::FieldGroup::detailsFieldsGP1::FormElement::DataField::NominalValue::Field-edit-inner"}]}
RESULT: undefined
COMMAND: POST /session/d5fb0bb8ba0b7d9f809863b4e6e9c5e5/execute/async - {"script":"<script> [20 bytes]","args":[{"enterText":"47,611.20","selector":{"id":"rfm.assetui::xRFMxCU_AssetObjectPage--fe::FormContainer::FieldGroup::detailsFieldsGP1::FormElement::DataField::NominalValue::Field-edit-inner","interaction":{"idSuffix":"inner"}},"clearTextFirst":true,"interactionType":"ENTER_TEXT"}]}
RESULT: {"script":"<script> [20 bytes]","args":[{"enterText":"47,611.20","selector":{"id":"rfm.assetui::xRFMxCU_AssetObjectPage--fe::FormContainer::FieldGroup::detailsFieldsGP1::FormElement::DataField::NominalValue::Field-edit-inner","interaction":{"idSuffix":"inner"}},"clearTextFirst":true,"interactionType":"ENTER_TEXT"}]}
COMMAND: POST /session/d5fb0bb8ba0b7d9f809863b4e6e9c5e5/execute/async - {"script":"<script> [21 bytes]","args":[{"selector":{"id":"rfm.assetui::xRFMxCU_AssetObjectPage--fe::FormContainer::FieldGroup::detailsFieldsGP1::FormElement::DataField::NominalValue::Field-edit-inner-unit","interaction":{"idSuffix":"inner"}},"wdio_ui5_key":"rfmassetui::xRFMxCU_AssetObjectPage--fe::FormContainer::FieldGroup::detailsFieldsGP1::FormElement::DataField::NominalValue::Field-edit-inner-unit"}]}
RESULT: {"script":"<script> [21 bytes]","args":[{"selector":{"id":"rfm.assetui::xRFMxCU_AssetObjectPage--fe::FormContainer::FieldGroup::detailsFieldsGP1::FormElement::DataField::NominalValue::Field-edit-inner-unit","interaction":{"idSuffix":"inner"}},"wdio_ui5_key":"rfmassetui::xRFMxCU_AssetObjectPage--fe::FormContainer::FieldGroup::detailsFieldsGP1::FormElement::DataField::NominalValue::Field-edit-inner-unit"}]}
RESULT: undefined
COMMAND: POST /session/d5fb0bb8ba0b7d9f809863b4e6e9c5e5/execute/async - {"script":"<script> [20 bytes]","args":[{"enterText":"EUR","selector":{"id":"rfm.assetui::xRFMxCU_AssetObjectPage--fe::FormContainer::FieldGroup::detailsFieldsGP1::FormElement::DataField::NominalValue::Field-edit-inner-unit","interaction":{"idSuffix":"inner"}},"clearTextFirst":true,"interactionType":"ENTER_TEXT"}]}
RESULT: {"script":"<script> [20 bytes]","args":[{"enterText":"EUR","selector":{"id":"rfm.assetui::xRFMxCU_AssetObjectPage--fe::FormContainer::FieldGroup::detailsFieldsGP1::FormElement::DataField::NominalValue::Field-edit-inner-unit","interaction":{"idSuffix":"inner"}},"clearTextFirst":true,"interactionType":"ENTER_TEXT"}]}
COMMAND: POST /session/d5fb0bb8ba0b7d9f809863b4e6e9c5e5/execute/async - {"script":"<script> [21 bytes]","args":[{"selector":{"id":"rfm.assetui::xRFMxCU_AssetObjectPage--fe::FormContainer::FieldGroup::detailsFieldsGP2::FormElement::DataField::AssetCategory::Field-edit-inner","interaction":{"idSuffix":"inner"}},"wdio_ui5_key":"rfmassetui::xRFMxCU_AssetObjectPage--fe::FormContainer::FieldGroup::detailsFieldsGP2::FormElement::DataField::AssetCategory::Field-edit-inner"}]}
RESULT: {"script":"<script> [21 bytes]","args":[{"selector":{"id":"rfm.assetui::xRFMxCU_AssetObjectPage--fe::FormContainer::FieldGroup::detailsFieldsGP2::FormElement::DataField::AssetCategory::Field-edit-inner","interaction":{"idSuffix":"inner"}},"wdio_ui5_key":"rfmassetui::xRFMxCU_AssetObjectPage--fe::FormContainer::FieldGroup::detailsFieldsGP2::FormElement::DataField::AssetCategory::Field-edit-inner"}]}
RESULT: undefined
COMMAND: POST /session/d5fb0bb8ba0b7d9f809863b4e6e9c5e5/execute/async - {"script":"<script> [20 bytes]","args":[{"enterText":"Leasing","selector":{"id":"rfm.assetui::xRFMxCU_AssetObjectPage--fe::FormContainer::FieldGroup::detailsFieldsGP2::FormElement::DataField::AssetCategory::Field-edit-inner","interaction":{"idSuffix":"inner"}},"clearTextFirst":true,"interactionType":"ENTER_TEXT"}]}
RESULT: {"script":"<script> [20 bytes]","args":[{"enterText":"Leasing","selector":{"id":"rfm.assetui::xRFMxCU_AssetObjectPage--fe::FormContainer::FieldGroup::detailsFieldsGP2::FormElement::DataField::AssetCategory::Field-edit-inner","interaction":{"idSuffix":"inner"}},"clearTextFirst":true,"interactionType":"ENTER_TEXT"}]}
COMMAND: POST /session/d5fb0bb8ba0b7d9f809863b4e6e9c5e5/execute/async - {"script":"<script> [21 bytes]","args":[{"selector":{"id":"rfm.assetui::xRFMxCU_AssetObjectPage--fe::FormContainer::FieldGroup::detailsFieldsGP2::FormElement::DataField::ContractType::Field-edit-inner","interaction":{"idSuffix":"inner"}},"wdio_ui5_key":"rfmassetui::xRFMxCU_AssetObjectPage--fe::FormContainer::FieldGroup::detailsFieldsGP2::FormElement::DataField::ContractType::Field-edit-inner"}]}
RESULT: {"script":"<script> [21 bytes]","args":[{"selector":{"id":"rfm.assetui::xRFMxCU_AssetObjectPage--fe::FormContainer::FieldGroup::detailsFieldsGP2::FormElement::DataField::ContractType::Field-edit-inner","interaction":{"idSuffix":"inner"}},"wdio_ui5_key":"rfmassetui::xRFMxCU_AssetObjectPage--fe::FormContainer::FieldGroup::detailsFieldsGP2::FormElement::DataField::ContractType::Field-edit-inner"}]}
RESULT: undefined
COMMAND: POST /session/d5fb0bb8ba0b7d9f809863b4e6e9c5e5/execute/async - {"script":"<script> [20 bytes]","args":[{"enterText":"Operating Lease (100)","selector":{"id":"rfm.assetui::xRFMxCU_AssetObjectPage--fe::FormContainer::FieldGroup::detailsFieldsGP2::FormElement::DataField::ContractType::Field-edit-inner","interaction":{"idSuffix":"inner"}},"clearTextFirst":true,"interactionType":"ENTER_TEXT"}]}
RESULT: {"script":"<script> [20 bytes]","args":[{"enterText":"Operating Lease (100)","selector":{"id":"rfm.assetui::xRFMxCU_AssetObjectPage--fe::FormContainer::FieldGroup::detailsFieldsGP2::FormElement::DataField::ContractType::Field-edit-inner","interaction":{"idSuffix":"inner"}},"clearTextFirst":true,"interactionType":"ENTER_TEXT"}]}
COMMAND: POST /session/d5fb0bb8ba0b7d9f809863b4e6e9c5e5/execute/async - {"script":"<script> [21 bytes]","args":[{"selector":{"id":"rfm.assetui::xRFMxCU_AssetObjectPage--fe::FormContainer::FieldGroup::detailsFieldsGP2::FormElement::DataField::Status::Field-edit-inner","interaction":{"idSuffix":"inner"}},"wdio_ui5_key":"rfmassetui::xRFMxCU_AssetObjectPage--fe::FormContainer::FieldGroup::detailsFieldsGP2::FormElement::DataField::Status::Field-edit-inner"}]}
RESULT: {"script":"<script> [21 bytes]","args":[{"selector":{"id":"rfm.assetui::xRFMxCU_AssetObjectPage--fe::FormContainer::FieldGroup::detailsFieldsGP2::FormElement::DataField::Status::Field-edit-inner","interaction":{"idSuffix":"inner"}},"wdio_ui5_key":"rfmassetui::xRFMxCU_AssetObjectPage--fe::FormContainer::FieldGroup::detailsFieldsGP2::FormElement::DataField::Status::Field-edit-inner"}]}
RESULT: undefined
COMMAND: POST /session/d5fb0bb8ba0b7d9f809863b4e6e9c5e5/execute/async - {"script":"<script> [20 bytes]","args":[{"enterText":"Active","selector":{"id":"rfm.assetui::xRFMxCU_AssetObjectPage--fe::FormContainer::FieldGroup::detailsFieldsGP2::FormElement::DataField::Status::Field-edit-inner","interaction":{"idSuffix":"inner"}},"clearTextFirst":true,"interactionType":"ENTER_TEXT"}]}
RESULT: {"script":"<script> [20 bytes]","args":[{"enterText":"Active","selector":{"id":"rfm.assetui::xRFMxCU_AssetObjectPage--fe::FormContainer::FieldGroup::detailsFieldsGP2::FormElement::DataField::Status::Field-edit-inner","interaction":{"idSuffix":"inner"}},"clearTextFirst":true,"interactionType":"ENTER_TEXT"}]}
COMMAND: POST /session/d5fb0bb8ba0b7d9f809863b4e6e9c5e5/execute/async - {"script":"<script> [21 bytes]","args":[{"selector":{"id":"rfm.assetui::xRFMxCU_AssetObjectPage--fe::ObjectPage-anchBar-rfm.assetui::xRFMxCU_AssetObjectPage--fe::FacetSection::CashFlowCollection-anchor","interaction":{"idSuffix":"text"}},"wdio_ui5_key":"rfmassetui::xRFMxCU_AssetObjectPage--fe::ObjectPage-anchBar-rfm.assetui::xRFMxCU_AssetObjectPage--fe::FacetSection::CashFlowCollection-anchor"}]}
RESULT: {"script":"<script> [21 bytes]","args":[{"selector":{"id":"rfm.assetui::xRFMxCU_AssetObjectPage--fe::ObjectPage-anchBar-rfm.assetui::xRFMxCU_AssetObjectPage--fe::FacetSection::CashFlowCollection-anchor","interaction":{"idSuffix":"text"}},"wdio_ui5_key":"rfmassetui::xRFMxCU_AssetObjectPage--fe::ObjectPage-anchBar-rfm.assetui::xRFMxCU_AssetObjectPage--fe::FacetSection::CashFlowCollection-anchor"}]}
RESULT: undefined
COMMAND: POST /session/d5fb0bb8ba0b7d9f809863b4e6e9c5e5/element - {"using":"xpath","value":"//*[@id=\"rfm.assetui::xRFMxCU_AssetObjectPage--fe::ObjectPage-anchBar-rfm.assetui::xRFMxCU_AssetObjectPage--fe::FacetSection::CashFlowCollection-anchor\"]"}
RESULT: {"using":"xpath","value":"//*[@id=\"rfm.assetui::xRFMxCU_AssetObjectPage--fe::ObjectPage-anchBar-rfm.assetui::xRFMxCU_AssetObjectPage--fe::FacetSection::CashFlowCollection-anchor\"]"}
COMMAND: POST /session/d5fb0bb8ba0b7d9f809863b4e6e9c5e5/element/f.9C1ADC5FD25D6B40A0EDBEE75A358769.d.964DE47BD595FE148BF6CB5B5C34D416.e.1059/click - {}
RESULT: {}
COMMAND: GET /session/d5fb0bb8ba0b7d9f809863b4e6e9c5e5/screenshot - {}
RESULT: {}
COMMAND: POST /session/d5fb0bb8ba0b7d9f809863b4e6e9c5e5/execute/async - {"script":"<script> [21 bytes]","args":[{"selector":{"id":"rfm.assetui::xRFMxCU_AssetObjectPage--fe::FacetSubSection::PlannedCFCollection"},"wdio_ui5_key":"rfmassetui::xRFMxCU_AssetObjectPage--fe::FacetSubSection::PlannedCFCollection"}]}
RESULT: {"script":"<script> [21 bytes]","args":[{"selector":{"id":"rfm.assetui::xRFMxCU_AssetObjectPage--fe::FacetSubSection::PlannedCFCollection"},"wdio_ui5_key":"rfmassetui::xRFMxCU_AssetObjectPage--fe::FacetSubSection::PlannedCFCollection"}]}
RESULT: undefined
COMMAND: POST /session/d5fb0bb8ba0b7d9f809863b4e6e9c5e5/element - {"using":"xpath","value":"//*[@id=\"rfm.assetui::xRFMxCU_AssetObjectPage--fe::FacetSubSection::PlannedCFCollection\"]"}
RESULT: {"using":"xpath","value":"//*[@id=\"rfm.assetui::xRFMxCU_AssetObjectPage--fe::FacetSubSection::PlannedCFCollection\"]"}
COMMAND: POST /session/d5fb0bb8ba0b7d9f809863b4e6e9c5e5/element/f.9C1ADC5FD25D6B40A0EDBEE75A358769.d.964DE47BD595FE148BF6CB5B5C34D416.e.1104/click - {}
RESULT: {}
COMMAND: POST /session/d5fb0bb8ba0b7d9f809863b4e6e9c5e5/execute/async - {"script":"<script> [21 bytes]","args":[{"selector":{"id":"rfm.assetui::xRFMxCU_AssetObjectPage--fe::table::_AssetCashflow::LineItem::StandardAction::Create","interaction":{"idSuffix":"BDI-content"}},"wdio_ui5_key":"rfmassetui::xRFMxCU_AssetObjectPage--fe::table::_AssetCashflow::LineItem::StandardAction::Create"}]}
COMMAND: GET /session/d5fb0bb8ba0b7d9f809863b4e6e9c5e5/screenshot - {}
RESULT: {"script":"<script> [21 bytes]","args":[{"selector":{"id":"rfm.assetui::xRFMxCU_AssetObjectPage--fe::table::_AssetCashflow::LineItem::StandardAction::Create","interaction":{"idSuffix":"BDI-content"}},"wdio_ui5_key":"rfmassetui::xRFMxCU_AssetObjectPage--fe::table::_AssetCashflow::LineItem::StandardAction::Create"}]}
RESULT: undefined
COMMAND: POST /session/d5fb0bb8ba0b7d9f809863b4e6e9c5e5/element - {"using":"xpath","value":"//*[@id=\"rfm.assetui::xRFMxCU_AssetObjectPage--fe::table::_AssetCashflow::LineItem::StandardAction::Create\"]"}
RESULT: {}
RESULT: {"using":"xpath","value":"//*[@id=\"rfm.assetui::xRFMxCU_AssetObjectPage--fe::table::_AssetCashflow::LineItem::StandardAction::Create\"]"}
COMMAND: POST /session/d5fb0bb8ba0b7d9f809863b4e6e9c5e5/element/f.9C1ADC5FD25D6B40A0EDBEE75A358769.d.964DE47BD595FE148BF6CB5B5C34D416.e.1060/click - {}
RESULT: {}
COMMAND: GET /session/d5fb0bb8ba0b7d9f809863b4e6e9c5e5/screenshot - {}
RESULT: {}
COMMAND: POST /session/d5fb0bb8ba0b7d9f809863b4e6e9c5e5/execute/async - {"script":"<script> [21 bytes]","args":[{"selector":{"id":"CreateDialog::xRFMxCU_AssetCashflowType::CashflowPartType-inner","searchOpenDialogs":true,"interaction":{"idSuffix":"inner"}},"wdio_ui5_key":"CreateDialogxRFMxCU_AssetCashflowType::CashflowPartType-inner"}]}
RESULT: {"script":"<script> [21 bytes]","args":[{"selector":{"id":"CreateDialog::xRFMxCU_AssetCashflowType::CashflowPartType-inner","searchOpenDialogs":true,"interaction":{"idSuffix":"inner"}},"wdio_ui5_key":"CreateDialogxRFMxCU_AssetCashflowType::CashflowPartType-inner"}]}
RESULT: undefined
COMMAND: POST /session/d5fb0bb8ba0b7d9f809863b4e6e9c5e5/execute/async - {"script":"<script> [20 bytes]","args":[{"enterText":"Interest","selector":{"id":"CreateDialog::xRFMxCU_AssetCashflowType::CashflowPartType-inner","searchOpenDialogs":true,"interaction":{"idSuffix":"inner"}},"clearTextFirst":true,"interactionType":"ENTER_TEXT"}]}
RESULT: {"script":"<script> [20 bytes]","args":[{"enterText":"Interest","selector":{"id":"CreateDialog::xRFMxCU_AssetCashflowType::CashflowPartType-inner","searchOpenDialogs":true,"interaction":{"idSuffix":"inner"}},"clearTextFirst":true,"interactionType":"ENTER_TEXT"}]}
COMMAND: POST /session/d5fb0bb8ba0b7d9f809863b4e6e9c5e5/execute/async - {"script":"<script> [21 bytes]","args":[{"selector":{"id":"CreateDialog::xRFMxCU_AssetCashflowType::DueDate-inner","searchOpenDialogs":true,"interaction":{"idSuffix":"inner"}},"wdio_ui5_key":"CreateDialogxRFMxCU_AssetCashflowType::DueDate-inner"}]}
RESULT: {"script":"<script> [21 bytes]","args":[{"selector":{"id":"CreateDialog::xRFMxCU_AssetCashflowType::DueDate-inner","searchOpenDialogs":true,"interaction":{"idSuffix":"inner"}},"wdio_ui5_key":"CreateDialogxRFMxCU_AssetCashflowType::DueDate-inner"}]}
RESULT: undefined
COMMAND: POST /session/d5fb0bb8ba0b7d9f809863b4e6e9c5e5/execute/async - {"script":"<script> [20 bytes]","args":[{"enterText":"2025-01-01","selector":{"id":"CreateDialog::xRFMxCU_AssetCashflowType::DueDate-inner","searchOpenDialogs":true,"interaction":{"idSuffix":"inner"}},"clearTextFirst":true,"interactionType":"ENTER_TEXT"}]}
RESULT: {"script":"<script> [20 bytes]","args":[{"enterText":"2025-01-01","selector":{"id":"CreateDialog::xRFMxCU_AssetCashflowType::DueDate-inner","searchOpenDialogs":true,"interaction":{"idSuffix":"inner"}},"clearTextFirst":true,"interactionType":"ENTER_TEXT"}]}
COMMAND: POST /session/d5fb0bb8ba0b7d9f809863b4e6e9c5e5/execute/async - {"script":"<script> [21 bytes]","args":[{"forceSelect":true,"selector":{"controlType":"sap.m.Button","viewName":"sap.fe.templates.ObjectPage.ObjectPage","viewId":"rfm.assetui::xRFMxCU_Asset__AssetCashflowObjectPage","properties":{"text":"Continue"},"searchOpenDialogs":true},"wdio_ui5_key":"sapfe.templates.ObjectPage.ObjectPagesap.m.Button{\"text\":\"Continue\"}"}]}
RESULT: {"script":"<script> [21 bytes]","args":[{"forceSelect":true,"selector":{"controlType":"sap.m.Button","viewName":"sap.fe.templates.ObjectPage.ObjectPage","viewId":"rfm.assetui::xRFMxCU_Asset__AssetCashflowObjectPage","properties":{"text":"Continue"},"searchOpenDialogs":true},"wdio_ui5_key":"sapfe.templates.ObjectPage.ObjectPagesap.m.Button{\"text\":\"Continue\"}"}]}
RESULT: undefined
COMMAND: POST /session/d5fb0bb8ba0b7d9f809863b4e6e9c5e5/execute/async - {"script":"<script> [21 bytes]","args":[{"selector":{"id":"__button246"}}]}
RESULT: {"script":"<script> [21 bytes]","args":[{"selector":{"id":"__button246"}}]}
COMMAND: POST /session/d5fb0bb8ba0b7d9f809863b4e6e9c5e5/execute/async - {"script":"<script> [21 bytes]","args":[{"element-6066-11e4-a52e-4f735466cecf":"f.9C1ADC5FD25D6B40A0EDBEE75A358769.d.964DE47BD595FE148BF6CB5B5C34D416.e.1166"},"getEnabled",[]]}
RESULT: {"script":"<script> [21 bytes]","args":[{"element-6066-11e4-a52e-4f735466cecf":"f.9C1ADC5FD25D6B40A0EDBEE75A358769.d.964DE47BD595FE148BF6CB5B5C34D416.e.1166"},"getEnabled",[]]}
COMMAND: POST /session/d5fb0bb8ba0b7d9f809863b4e6e9c5e5/element - {"using":"xpath","value":"//*[@id=\"__button246\"]"}
RESULT: {"using":"xpath","value":"//*[@id=\"__button246\"]"}
COMMAND: POST /session/d5fb0bb8ba0b7d9f809863b4e6e9c5e5/element/f.9C1ADC5FD25D6B40A0EDBEE75A358769.d.964DE47BD595FE148BF6CB5B5C34D416.e.1166/click - {}
RESULT: {}
COMMAND: GET /session/d5fb0bb8ba0b7d9f809863b4e6e9c5e5/screenshot - {}
RESULT: {}
COMMAND: POST /session/d5fb0bb8ba0b7d9f809863b4e6e9c5e5/execute/async - {"script":"<script> [21 bytes]","args":[{"selector":{"id":"rfm.assetui::xRFMxCU_Asset__AssetCashflowObjectPage--fe::FormContainer::CashFlow::FormElement::DataField::Amount::Field-edit-inner","interaction":{"idSuffix":"inner"}},"wdio_ui5_key":"rfmassetui::xRFMxCU_Asset__AssetCashflowObjectPage--fe::FormContainer::CashFlow::FormElement::DataField::Amount::Field-edit-inner"}]}
RESULT: {"script":"<script> [21 bytes]","args":[{"selector":{"id":"rfm.assetui::xRFMxCU_Asset__AssetCashflowObjectPage--fe::FormContainer::CashFlow::FormElement::DataField::Amount::Field-edit-inner","interaction":{"idSuffix":"inner"}},"wdio_ui5_key":"rfmassetui::xRFMxCU_Asset__AssetCashflowObjectPage--fe::FormContainer::CashFlow::FormElement::DataField::Amount::Field-edit-inner"}]}
RESULT: undefined
COMMAND: POST /session/d5fb0bb8ba0b7d9f809863b4e6e9c5e5/execute/async - {"script":"<script> [20 bytes]","args":[{"enterText":"141.77","selector":{"id":"rfm.assetui::xRFMxCU_Asset__AssetCashflowObjectPage--fe::FormContainer::CashFlow::FormElement::DataField::Amount::Field-edit-inner","interaction":{"idSuffix":"inner"}},"clearTextFirst":true,"interactionType":"ENTER_TEXT"}]}
RESULT: {"script":"<script> [20 bytes]","args":[{"enterText":"141.77","selector":{"id":"rfm.assetui::xRFMxCU_Asset__AssetCashflowObjectPage--fe::FormContainer::CashFlow::FormElement::DataField::Amount::Field-edit-inner","interaction":{"idSuffix":"inner"}},"clearTextFirst":true,"interactionType":"ENTER_TEXT"}]}
COMMAND: POST /session/d5fb0bb8ba0b7d9f809863b4e6e9c5e5/execute/async - {"script":"<script> [21 bytes]","args":[{"selector":{"id":"rfm.assetui::xRFMxCU_Asset__AssetCashflowObjectPage--fe::FormContainer::CashFlow::FormElement::DataField::Amount::Field-edit-inner-unit-vhi"},"wdio_ui5_key":"rfmassetui::xRFMxCU_Asset__AssetCashflowObjectPage--fe::FormContainer::CashFlow::FormElement::DataField::Amount::Field-edit-inner-unit-vhi"}]}
RESULT: {"script":"<script> [21 bytes]","args":[{"selector":{"id":"rfm.assetui::xRFMxCU_Asset__AssetCashflowObjectPage--fe::FormContainer::CashFlow::FormElement::DataField::Amount::Field-edit-inner-unit-vhi"},"wdio_ui5_key":"rfmassetui::xRFMxCU_Asset__AssetCashflowObjectPage--fe::FormContainer::CashFlow::FormElement::DataField::Amount::Field-edit-inner-unit-vhi"}]}
RESULT: undefined
COMMAND: POST /session/d5fb0bb8ba0b7d9f809863b4e6e9c5e5/element - {"using":"xpath","value":"//*[@id=\"rfm.assetui::xRFMxCU_Asset__AssetCashflowObjectPage--fe::FormContainer::CashFlow::FormElement::DataField::Amount::Field-edit-inner-unit-vhi\"]"}
RESULT: {"using":"xpath","value":"//*[@id=\"rfm.assetui::xRFMxCU_Asset__AssetCashflowObjectPage--fe::FormContainer::CashFlow::FormElement::DataField::Amount::Field-edit-inner-unit-vhi\"]"}
COMMAND: POST /session/d5fb0bb8ba0b7d9f809863b4e6e9c5e5/element/f.9C1ADC5FD25D6B40A0EDBEE75A358769.d.964DE47BD595FE148BF6CB5B5C34D416.e.1184/click - {}
RESULT: {}
COMMAND: POST /session/d5fb0bb8ba0b7d9f809863b4e6e9c5e5/execute/async - {"script":"<script> [21 bytes]","args":[{"selector":{"id":"rfm.assetui::xRFMxCU_Asset__AssetCashflowObjectPage--fe::FormContainer::CashFlow::FieldValueHelp::_AssetCashflow::Amount::_AssetCashflow::Currency::Dialog::qualifier::-search-inner","searchOpenDialogs":true,"interaction":{"idSuffix":"I"}},"wdio_ui5_key":"rfmassetui::xRFMxCU_Asset__AssetCashflowObjectPage--fe::FormContainer::CashFlow::FieldValueHelp::_AssetCashflow::Amount::_AssetCashflow::Currency::Dialog::qualifier::-search-inner"}]}
COMMAND: GET /session/d5fb0bb8ba0b7d9f809863b4e6e9c5e5/screenshot - {}
RESULT: {"script":"<script> [21 bytes]","args":[{"selector":{"id":"rfm.assetui::xRFMxCU_Asset__AssetCashflowObjectPage--fe::FormContainer::CashFlow::FieldValueHelp::_AssetCashflow::Amount::_AssetCashflow::Currency::Dialog::qualifier::-search-inner","searchOpenDialogs":true,"interaction":{"idSuffix":"I"}},"wdio_ui5_key":"rfmassetui::xRFMxCU_Asset__AssetCashflowObjectPage--fe::FormContainer::CashFlow::FieldValueHelp::_AssetCashflow::Amount::_AssetCashflow::Currency::Dialog::qualifier::-search-inner"}]}
RESULT: undefined
COMMAND: POST /session/d5fb0bb8ba0b7d9f809863b4e6e9c5e5/execute/async - {"script":"<script> [20 bytes]","args":[{"enterText":"EUR","selector":{"id":"rfm.assetui::xRFMxCU_Asset__AssetCashflowObjectPage--fe::FormContainer::CashFlow::FieldValueHelp::_AssetCashflow::Amount::_AssetCashflow::Currency::Dialog::qualifier::-search-inner","searchOpenDialogs":true,"interaction":{"idSuffix":"I"}},"clearTextFirst":true,"interactionType":"ENTER_TEXT"}]}
RESULT: {}
RESULT: {"script":"<script> [20 bytes]","args":[{"enterText":"EUR","selector":{"id":"rfm.assetui::xRFMxCU_Asset__AssetCashflowObjectPage--fe::FormContainer::CashFlow::FieldValueHelp::_AssetCashflow::Amount::_AssetCashflow::Currency::Dialog::qualifier::-search-inner","searchOpenDialogs":true,"interaction":{"idSuffix":"I"}},"clearTextFirst":true,"interactionType":"ENTER_TEXT"}]}
COMMAND: POST /session/d5fb0bb8ba0b7d9f809863b4e6e9c5e5/execute/async - {"script":"<script> [21 bytes]","args":[{"selector":{"id":"rfm.assetui::xRFMxCU_Asset__AssetCashflowObjectPage--fe::FormContainer::CashFlow::FieldValueHelp::_AssetCashflow::Amount::_AssetCashflow::Currency::Dialog::qualifier::::Table-innerTable-rows-row0","searchOpenDialogs":true,"interaction":{"idSuffix":"col0"}},"wdio_ui5_key":"rfmassetui::xRFMxCU_Asset__AssetCashflowObjectPage--fe::FormContainer::CashFlow::FieldValueHelp::_AssetCashflow::Amount::_AssetCashflow::Currency::Dialog::qualifier::::Table-innerTable-rows-row0"}]}
RESULT: {"script":"<script> [21 bytes]","args":[{"selector":{"id":"rfm.assetui::xRFMxCU_Asset__AssetCashflowObjectPage--fe::FormContainer::CashFlow::FieldValueHelp::_AssetCashflow::Amount::_AssetCashflow::Currency::Dialog::qualifier::::Table-innerTable-rows-row0","searchOpenDialogs":true,"interaction":{"idSuffix":"col0"}},"wdio_ui5_key":"rfmassetui::xRFMxCU_Asset__AssetCashflowObjectPage--fe::FormContainer::CashFlow::FieldValueHelp::_AssetCashflow::Amount::_AssetCashflow::Currency::Dialog::qualifier::::Table-innerTable-rows-row0"}]}
RESULT: undefined
COMMAND: POST /session/d5fb0bb8ba0b7d9f809863b4e6e9c5e5/element - {"using":"xpath","value":"//*[@id=\"rfm.assetui::xRFMxCU_Asset__AssetCashflowObjectPage--fe::FormContainer::CashFlow::FieldValueHelp::_AssetCashflow::Amount::_AssetCashflow::Currency::Dialog::qualifier::::Table-innerTable-rows-row0\"]"}
RESULT: {"using":"xpath","value":"//*[@id=\"rfm.assetui::xRFMxCU_Asset__AssetCashflowObjectPage--fe::FormContainer::CashFlow::FieldValueHelp::_AssetCashflow::Amount::_AssetCashflow::Currency::Dialog::qualifier::::Table-innerTable-rows-row0\"]"}
COMMAND: POST /session/d5fb0bb8ba0b7d9f809863b4e6e9c5e5/element/f.9C1ADC5FD25D6B40A0EDBEE75A358769.d.964DE47BD595FE148BF6CB5B5C34D416.e.1194/click - {}
RESULT: {}
COMMAND: POST /session/d5fb0bb8ba0b7d9f809863b4e6e9c5e5/execute/async - {"script":"<script> [21 bytes]","args":[{"selector":{"id":"rfm.assetui::xRFMxCU_Asset__AssetCashflowObjectPage--fe::FooterBar::StandardAction::Apply","interaction":{"idSuffix":"BDI-content"}},"wdio_ui5_key":"rfmassetui::xRFMxCU_Asset__AssetCashflowObjectPage--fe::FooterBar::StandardAction::Apply"}]}
COMMAND: GET /session/d5fb0bb8ba0b7d9f809863b4e6e9c5e5/screenshot - {}
RESULT: {"script":"<script> [21 bytes]","args":[{"selector":{"id":"rfm.assetui::xRFMxCU_Asset__AssetCashflowObjectPage--fe::FooterBar::StandardAction::Apply","interaction":{"idSuffix":"BDI-content"}},"wdio_ui5_key":"rfmassetui::xRFMxCU_Asset__AssetCashflowObjectPage--fe::FooterBar::StandardAction::Apply"}]}
RESULT: undefined
COMMAND: POST /session/d5fb0bb8ba0b7d9f809863b4e6e9c5e5/element - {"using":"xpath","value":"//*[@id=\"rfm.assetui::xRFMxCU_Asset__AssetCashflowObjectPage--fe::FooterBar::StandardAction::Apply\"]"}
RESULT: {}
RESULT: {"using":"xpath","value":"//*[@id=\"rfm.assetui::xRFMxCU_Asset__AssetCashflowObjectPage--fe::FooterBar::StandardAction::Apply\"]"}
COMMAND: POST /session/d5fb0bb8ba0b7d9f809863b4e6e9c5e5/element/f.9C1ADC5FD25D6B40A0EDBEE75A358769.d.964DE47BD595FE148BF6CB5B5C34D416.e.1158/click - {}
RESULT: {}
COMMAND: GET /session/d5fb0bb8ba0b7d9f809863b4e6e9c5e5/screenshot - {}
RESULT: {}
COMMAND: POST /session/d5fb0bb8ba0b7d9f809863b4e6e9c5e5/execute/async - {"script":"<script> [21 bytes]","args":[{"selector":{"id":"rfm.assetui::xRFMxCU_AssetObjectPage--fe::FooterBar::StandardAction::Save","controlType":"sap.m.Button"},"wdio_ui5_key":"rfmassetui::xRFMxCU_AssetObjectPage--fe::FooterBar::StandardAction::Savesap.m.Button"}]}
RESULT: {"script":"<script> [21 bytes]","args":[{"selector":{"id":"rfm.assetui::xRFMxCU_AssetObjectPage--fe::FooterBar::StandardAction::Save","controlType":"sap.m.Button"},"wdio_ui5_key":"rfmassetui::xRFMxCU_AssetObjectPage--fe::FooterBar::StandardAction::Savesap.m.Button"}]}
RESULT: undefined
COMMAND: POST /session/d5fb0bb8ba0b7d9f809863b4e6e9c5e5/element - {"using":"xpath","value":"//*[@id=\"rfm.assetui::xRFMxCU_AssetObjectPage--fe::FooterBar::StandardAction::Save\"]"}
RESULT: {"using":"xpath","value":"//*[@id=\"rfm.assetui::xRFMxCU_AssetObjectPage--fe::FooterBar::StandardAction::Save\"]"}
COMMAND: POST /session/d5fb0bb8ba0b7d9f809863b4e6e9c5e5/element/f.9C1ADC5FD25D6B40A0EDBEE75A358769.d.964DE47BD595FE148BF6CB5B5C34D416.e.1016/click - {}
RESULT: {}
COMMAND: GET /session/d5fb0bb8ba0b7d9f809863b4e6e9c5e5/screenshot - {}
RESULT: {}
COMMAND: POST /session/d5fb0bb8ba0b7d9f809863b4e6e9c5e5/execute/async - {"script":"<script> [21 bytes]","args":[{"selector":{"id":"rfm.assetui::xRFMxCU_AssetObjectPage--fe::StandardAction::Edit","interaction":{"idSuffix":"content"}},"wdio_ui5_key":"rfmassetui::xRFMxCU_AssetObjectPage--fe::StandardAction::Edit"}]}
RESULT: {"script":"<script> [21 bytes]","args":[{"selector":{"id":"rfm.assetui::xRFMxCU_AssetObjectPage--fe::StandardAction::Edit","interaction":{"idSuffix":"content"}},"wdio_ui5_key":"rfmassetui::xRFMxCU_AssetObjectPage--fe::StandardAction::Edit"}]}
RESULT: undefined
COMMAND: POST /session/d5fb0bb8ba0b7d9f809863b4e6e9c5e5/element - {"using":"xpath","value":"//*[@id=\"rfm.assetui::xRFMxCU_AssetObjectPage--fe::StandardAction::Edit\"]"}
RESULT: {"using":"xpath","value":"//*[@id=\"rfm.assetui::xRFMxCU_AssetObjectPage--fe::StandardAction::Edit\"]"}
COMMAND: POST /session/d5fb0bb8ba0b7d9f809863b4e6e9c5e5/element/f.9C1ADC5FD25D6B40A0EDBEE75A358769.d.964DE47BD595FE148BF6CB5B5C34D416.e.1338/click - {}
RESULT: {}
RESULT: undefined
COMMAND: POST /session/d5fb0bb8ba0b7d9f809863b4e6e9c5e5/element - {"using":"xpath","value":"//*[@id=\"rfm.assetui::xRFMxCU_AssetObjectPage--fe::ObjectPage-anchBar-rfm.assetui::xRFMxCU_AssetObjectPage--fe::FacetSection::CashFlowCollection-anchor\"]"}
COMMAND: GET /session/d5fb0bb8ba0b7d9f809863b4e6e9c5e5/screenshot - {}
RESULT: {"using":"xpath","value":"//*[@id=\"rfm.assetui::xRFMxCU_AssetObjectPage--fe::ObjectPage-anchBar-rfm.assetui::xRFMxCU_AssetObjectPage--fe::FacetSection::CashFlowCollection-anchor\"]"}
COMMAND: POST /session/d5fb0bb8ba0b7d9f809863b4e6e9c5e5/element/f.9C1ADC5FD25D6B40A0EDBEE75A358769.d.964DE47BD595FE148BF6CB5B5C34D416.e.1342/click - {}
RESULT: {}
RESULT: {}
RESULT: undefined
COMMAND: POST /session/d5fb0bb8ba0b7d9f809863b4e6e9c5e5/element - {"using":"xpath","value":"//*[@id=\"rfm.assetui::xRFMxCU_AssetObjectPage--fe::table::_AssetCashflow::LineItem::StandardAction::Create\"]"}
COMMAND: GET /session/d5fb0bb8ba0b7d9f809863b4e6e9c5e5/screenshot - {}
RESULT: {"using":"xpath","value":"//*[@id=\"rfm.assetui::xRFMxCU_AssetObjectPage--fe::table::_AssetCashflow::LineItem::StandardAction::Create\"]"}
COMMAND: POST /session/d5fb0bb8ba0b7d9f809863b4e6e9c5e5/element/f.9C1ADC5FD25D6B40A0EDBEE75A358769.d.964DE47BD595FE148BF6CB5B5C34D416.e.1343/click - {}
RESULT: {}
RESULT: {}
COMMAND: GET /session/d5fb0bb8ba0b7d9f809863b4e6e9c5e5/screenshot - {}
RESULT: {}
RESULT: undefined
COMMAND: POST /session/d5fb0bb8ba0b7d9f809863b4e6e9c5e5/execute/async - {"script":"<script> [20 bytes]","args":[{"enterText":"Principal","selector":{"id":"CreateDialog::xRFMxCU_AssetCashflowType::CashflowPartType-inner","searchOpenDialogs":true,"interaction":{"idSuffix":"inner"}},"clearTextFirst":true,"interactionType":"ENTER_TEXT"}]}
RESULT: {"script":"<script> [20 bytes]","args":[{"enterText":"Principal","selector":{"id":"CreateDialog::xRFMxCU_AssetCashflowType::CashflowPartType-inner","searchOpenDialogs":true,"interaction":{"idSuffix":"inner"}},"clearTextFirst":true,"interactionType":"ENTER_TEXT"}]}
RESULT: undefined
COMMAND: POST /session/d5fb0bb8ba0b7d9f809863b4e6e9c5e5/execute/async - {"script":"<script> [20 bytes]","args":[{"enterText":"2025-01-01","selector":{"id":"CreateDialog::xRFMxCU_AssetCashflowType::DueDate-inner","searchOpenDialogs":true,"interaction":{"idSuffix":"inner"}},"clearTextFirst":true,"interactionType":"ENTER_TEXT"}]}
RESULT: {"script":"<script> [20 bytes]","args":[{"enterText":"2025-01-01","selector":{"id":"CreateDialog::xRFMxCU_AssetCashflowType::DueDate-inner","searchOpenDialogs":true,"interaction":{"idSuffix":"inner"}},"clearTextFirst":true,"interactionType":"ENTER_TEXT"}]}
COMMAND: POST /session/d5fb0bb8ba0b7d9f809863b4e6e9c5e5/execute/async - {"script":"<script> [21 bytes]","args":[{"selector":{"id":"CreateDialog::xRFMxCU_Asset::_AssetCashflow-footer","searchOpenDialogs":true},"wdio_ui5_key":"CreateDialogxRFMxCU_Asset::_AssetCashflow-footer"}]}
RESULT: {"script":"<script> [21 bytes]","args":[{"selector":{"id":"CreateDialog::xRFMxCU_Asset::_AssetCashflow-footer","searchOpenDialogs":true},"wdio_ui5_key":"CreateDialogxRFMxCU_Asset::_AssetCashflow-footer"}]}
RESULT: undefined
COMMAND: POST /session/d5fb0bb8ba0b7d9f809863b4e6e9c5e5/execute/async - {"script":"<script> [21 bytes]","args":[{"element-6066-11e4-a52e-4f735466cecf":"f.9C1ADC5FD25D6B40A0EDBEE75A358769.d.964DE47BD595FE148BF6CB5B5C34D416.e.1391"},"getEnabled",[]]}
RESULT: {"script":"<script> [21 bytes]","args":[{"element-6066-11e4-a52e-4f735466cecf":"f.9C1ADC5FD25D6B40A0EDBEE75A358769.d.964DE47BD595FE148BF6CB5B5C34D416.e.1391"},"getEnabled",[]]}
COMMAND: POST /session/d5fb0bb8ba0b7d9f809863b4e6e9c5e5/element - {"using":"xpath","value":"//*[@id=\"CreateDialog::xRFMxCU_Asset::_AssetCashflow-footer\"]"}
RESULT: {"using":"xpath","value":"//*[@id=\"CreateDialog::xRFMxCU_Asset::_AssetCashflow-footer\"]"}
COMMAND: POST /session/d5fb0bb8ba0b7d9f809863b4e6e9c5e5/element/f.9C1ADC5FD25D6B40A0EDBEE75A358769.d.964DE47BD595FE148BF6CB5B5C34D416.e.1391/click - {}
RESULT: {}
COMMAND: GET /session/d5fb0bb8ba0b7d9f809863b4e6e9c5e5/screenshot - {}
RESULT: {}
COMMAND: POST /session/d5fb0bb8ba0b7d9f809863b4e6e9c5e5/execute/async - {"script":"<script> [21 bytes]","args":[{"forceSelect":true,"selector":{"controlType":"sap.m.Button","properties":{"text":"Continue"},"searchOpenDialogs":true},"wdio_ui5_key":"sapm.Button{\"text\":\"Continue\"}"}]}
RESULT: {"script":"<script> [21 bytes]","args":[{"forceSelect":true,"selector":{"controlType":"sap.m.Button","properties":{"text":"Continue"},"searchOpenDialogs":true},"wdio_ui5_key":"sapm.Button{\"text\":\"Continue\"}"}]}
RESULT: undefined
COMMAND: POST /session/d5fb0bb8ba0b7d9f809863b4e6e9c5e5/execute/async - {"script":"<script> [21 bytes]","args":[{"selector":{"id":"__button248"}}]}
RESULT: {"script":"<script> [21 bytes]","args":[{"selector":{"id":"__button248"}}]}
COMMAND: POST /session/d5fb0bb8ba0b7d9f809863b4e6e9c5e5/execute/async - {"script":"<script> [21 bytes]","args":[{"element-6066-11e4-a52e-4f735466cecf":"f.9C1ADC5FD25D6B40A0EDBEE75A358769.d.964DE47BD595FE148BF6CB5B5C34D416.e.1392"},"getVisible",[]]}
RESULT: {"script":"<script> [21 bytes]","args":[{"element-6066-11e4-a52e-4f735466cecf":"f.9C1ADC5FD25D6B40A0EDBEE75A358769.d.964DE47BD595FE148BF6CB5B5C34D416.e.1392"},"getVisible",[]]}
COMMAND: POST /session/d5fb0bb8ba0b7d9f809863b4e6e9c5e5/execute/async - {"script":"<script> [21 bytes]","args":[{"selector":{"id":"__button248"}}]}
RESULT: {"script":"<script> [21 bytes]","args":[{"selector":{"id":"__button248"}}]}
COMMAND: POST /session/d5fb0bb8ba0b7d9f809863b4e6e9c5e5/execute/async - {"script":"<script> [21 bytes]","args":[{"element-6066-11e4-a52e-4f735466cecf":"f.9C1ADC5FD25D6B40A0EDBEE75A358769.d.964DE47BD595FE148BF6CB5B5C34D416.e.1392"},"getEnabled",[]]}
RESULT: {"script":"<script> [21 bytes]","args":[{"element-6066-11e4-a52e-4f735466cecf":"f.9C1ADC5FD25D6B40A0EDBEE75A358769.d.964DE47BD595FE148BF6CB5B5C34D416.e.1392"},"getEnabled",[]]}
COMMAND: POST /session/d5fb0bb8ba0b7d9f809863b4e6e9c5e5/execute/async - {"script":"<script> [21 bytes]","args":[{"selector":{"id":"__button248"}}]}
RESULT: {"script":"<script> [21 bytes]","args":[{"selector":{"id":"__button248"}}]}
COMMAND: POST /session/d5fb0bb8ba0b7d9f809863b4e6e9c5e5/execute/async - {"script":"<script> [21 bytes]","args":[{"element-6066-11e4-a52e-4f735466cecf":"f.9C1ADC5FD25D6B40A0EDBEE75A358769.d.964DE47BD595FE148BF6CB5B5C34D416.e.1392"},"focus",[]]}
RESULT: {"script":"<script> [21 bytes]","args":[{"element-6066-11e4-a52e-4f735466cecf":"f.9C1ADC5FD25D6B40A0EDBEE75A358769.d.964DE47BD595FE148BF6CB5B5C34D416.e.1392"},"focus",[]]}
COMMAND: POST /session/d5fb0bb8ba0b7d9f809863b4e6e9c5e5/element - {"using":"xpath","value":"//*[@id=\"__button248\"]"}
RESULT: {"using":"xpath","value":"//*[@id=\"__button248\"]"}
COMMAND: POST /session/d5fb0bb8ba0b7d9f809863b4e6e9c5e5/element/f.9C1ADC5FD25D6B40A0EDBEE75A358769.d.964DE47BD595FE148BF6CB5B5C34D416.e.1392/click - {}
RESULT: {}
COMMAND: GET /session/d5fb0bb8ba0b7d9f809863b4e6e9c5e5/screenshot - {}
RESULT: {}
RESULT: undefined
COMMAND: POST /session/d5fb0bb8ba0b7d9f809863b4e6e9c5e5/execute/async - {"script":"<script> [20 bytes]","args":[{"enterText":"1,445.27","selector":{"id":"rfm.assetui::xRFMxCU_Asset__AssetCashflowObjectPage--fe::FormContainer::CashFlow::FormElement::DataField::Amount::Field-edit-inner","interaction":{"idSuffix":"inner"}},"clearTextFirst":true,"interactionType":"ENTER_TEXT"}]}
RESULT: {"script":"<script> [20 bytes]","args":[{"enterText":"1,445.27","selector":{"id":"rfm.assetui::xRFMxCU_Asset__AssetCashflowObjectPage--fe::FormContainer::CashFlow::FormElement::DataField::Amount::Field-edit-inner","interaction":{"idSuffix":"inner"}},"clearTextFirst":true,"interactionType":"ENTER_TEXT"}]}
COMMAND: POST /session/d5fb0bb8ba0b7d9f809863b4e6e9c5e5/execute/async - {"script":"<script> [21 bytes]","args":[{"selector":{"id":"rfm.assetui::xRFMxCU_Asset__AssetCashflowObjectPage--fe::FormContainer::CashFlow::FormElement::DataField::Amount::Field-edit-inner-unit","interaction":{"idSuffix":"inner"}},"wdio_ui5_key":"rfmassetui::xRFMxCU_Asset__AssetCashflowObjectPage--fe::FormContainer::CashFlow::FormElement::DataField::Amount::Field-edit-inner-unit"}]}
RESULT: {"script":"<script> [21 bytes]","args":[{"selector":{"id":"rfm.assetui::xRFMxCU_Asset__AssetCashflowObjectPage--fe::FormContainer::CashFlow::FormElement::DataField::Amount::Field-edit-inner-unit","interaction":{"idSuffix":"inner"}},"wdio_ui5_key":"rfmassetui::xRFMxCU_Asset__AssetCashflowObjectPage--fe::FormContainer::CashFlow::FormElement::DataField::Amount::Field-edit-inner-unit"}]}
RESULT: undefined
COMMAND: POST /session/d5fb0bb8ba0b7d9f809863b4e6e9c5e5/execute/async - {"script":"<script> [20 bytes]","args":[{"enterText":"EUR","selector":{"id":"rfm.assetui::xRFMxCU_Asset__AssetCashflowObjectPage--fe::FormContainer::CashFlow::FormElement::DataField::Amount::Field-edit-inner-unit","interaction":{"idSuffix":"inner"}},"clearTextFirst":true,"interactionType":"ENTER_TEXT"}]}
RESULT: {"script":"<script> [20 bytes]","args":[{"enterText":"EUR","selector":{"id":"rfm.assetui::xRFMxCU_Asset__AssetCashflowObjectPage--fe::FormContainer::CashFlow::FormElement::DataField::Amount::Field-edit-inner-unit","interaction":{"idSuffix":"inner"}},"clearTextFirst":true,"interactionType":"ENTER_TEXT"}]}
RESULT: undefined
COMMAND: POST /session/d5fb0bb8ba0b7d9f809863b4e6e9c5e5/element - {"using":"xpath","value":"//*[@id=\"rfm.assetui::xRFMxCU_Asset__AssetCashflowObjectPage--fe::FooterBar::StandardAction::Apply\"]"}
RESULT: {"using":"xpath","value":"//*[@id=\"rfm.assetui::xRFMxCU_Asset__AssetCashflowObjectPage--fe::FooterBar::StandardAction::Apply\"]"}
COMMAND: POST /session/d5fb0bb8ba0b7d9f809863b4e6e9c5e5/element/f.9C1ADC5FD25D6B40A0EDBEE75A358769.d.964DE47BD595FE148BF6CB5B5C34D416.e.1388/click - {}
RESULT: {}
COMMAND: GET /session/d5fb0bb8ba0b7d9f809863b4e6e9c5e5/screenshot - {}
RESULT: {}
RESULT: undefined
COMMAND: POST /session/d5fb0bb8ba0b7d9f809863b4e6e9c5e5/element/f.9C1ADC5FD25D6B40A0EDBEE75A358769.d.964DE47BD595FE148BF6CB5B5C34D416.e.1016/click - {}
COMMAND: POST /session/d5fb0bb8ba0b7d9f809863b4e6e9c5e5/element - {"using":"xpath","value":"//*[@id=\"rfm.assetui::xRFMxCU_AssetObjectPage--fe::FooterBar::StandardAction::Save\"]"}
RESULT: {"using":"xpath","value":"//*[@id=\"rfm.assetui::xRFMxCU_AssetObjectPage--fe::FooterBar::StandardAction::Save\"]"}
COMMAND: POST /session/d5fb0bb8ba0b7d9f809863b4e6e9c5e5/element/f.9C1ADC5FD25D6B40A0EDBEE75A358769.d.964DE47BD595FE148BF6CB5B5C34D416.e.1016/click - {}
COMMAND: POST /session/d5fb0bb8ba0b7d9f809863b4e6e9c5e5/element - {"using":"xpath","value":"//*[@id=\"rfm.assetui::xRFMxCU_AssetObjectPage--fe::FooterBar::StandardAction::Save\"]"}
RESULT: {"using":"xpath","value":"//*[@id=\"rfm.assetui::xRFMxCU_AssetObjectPage--fe::FooterBar::StandardAction::Save\"]"}
COMMAND: POST /session/d5fb0bb8ba0b7d9f809863b4e6e9c5e5/element/f.9C1ADC5FD25D6B40A0EDBEE75A358769.d.964DE47BD595FE148BF6CB5B5C34D416.e.1425/click - {}
RESULT: {}
COMMAND: GET /session/d5fb0bb8ba0b7d9f809863b4e6e9c5e5/screenshot - {}
RESULT: {}
COMMAND: POST /session/d5fb0bb8ba0b7d9f809863b4e6e9c5e5/execute/async - {"script":"<script> [21 bytes]","args":[{"selector":{"id":"rfm.assetui::xRFMxCU_AssetObjectPage--fe::FooterBar::MessageButton-img"},"wdio_ui5_key":"rfmassetui::xRFMxCU_AssetObjectPage--fe::FooterBar::MessageButton-img"}]}
RESULT: {"script":"<script> [21 bytes]","args":[{"selector":{"id":"rfm.assetui::xRFMxCU_AssetObjectPage--fe::FooterBar::MessageButton-img"},"wdio_ui5_key":"rfmassetui::xRFMxCU_AssetObjectPage--fe::FooterBar::MessageButton-img"}]}
RESULT: undefined
[...]
RESULT: {"using":"xpath","value":"//*[@id=\"fe::APD_::com.sap.gateway.srvd.rfm.ui_abstransaction.v0001.CreateOffer::Action::Ok\"]"}
COMMAND: POST /session/d5fb0bb8ba0b7d9f809863b4e6e9c5e5/element/f.9C1ADC5FD25D6B40A0EDBEE75A358769.d.964DE47BD595FE148BF6CB5B5C34D416.e.2101/click - {}
RESULT: {}
COMMAND: POST /session/d5fb0bb8ba0b7d9f809863b4e6e9c5e5/execute/async - {"script":"<script> [21 bytes]","args":[{"forceSelect":true,"selector":{"controlType":"sap.m.Text","properties":{"text":"Success"},"searchOpenDialogs":true},"wdio_ui5_key":"sapm.Text{\"text\":\"Success\"}"}]}
COMMAND: GET /session/d5fb0bb8ba0b7d9f809863b4e6e9c5e5/screenshot - {}
RESULT: {"script":"<script> [21 bytes]","args":[{"forceSelect":true,"selector":{"controlType":"sap.m.Text","properties":{"text":"Success"},"searchOpenDialogs":true},"wdio_ui5_key":"sapm.Text{\"text\":\"Success\"}"}]}
RESULT: undefined
COMMAND: POST /session/d5fb0bb8ba0b7d9f809863b4e6e9c5e5/execute/async - {"script":"<script> [21 bytes]","args":[{"selector":{"id":"__text984"}}]}
RESULT: {}
RESULT: {"script":"<script> [21 bytes]","args":[{"selector":{"id":"__text984"}}]}
COMMAND: POST /session/d5fb0bb8ba0b7d9f809863b4e6e9c5e5/execute/async - {"script":"<script> [21 bytes]","args":[{"element-6066-11e4-a52e-4f735466cecf":"f.9C1ADC5FD25D6B40A0EDBEE75A358769.d.964DE47BD595FE148BF6CB5B5C34D416.e.2106"},"getText",[]]}
RESULT: {"script":"<script> [21 bytes]","args":[{"element-6066-11e4-a52e-4f735466cecf":"f.9C1ADC5FD25D6B40A0EDBEE75A358769.d.964DE47BD595FE148BF6CB5B5C34D416.e.2106"},"getText",[]]}
COMMAND: POST /session/d5fb0bb8ba0b7d9f809863b4e6e9c5e5/execute/async - {"script":"<script> [21 bytes]","args":[{"forceSelect":true,"selector":{"controlType":"sap.m.Button","properties":{"text":"Close"},"searchOpenDialogs":true,"interaction":{"idSuffix":"content"}},"wdio_ui5_key":"sapm.Button{\"text\":\"Close\"}"}]}
RESULT: {"script":"<script> [21 bytes]","args":[{"forceSelect":true,"selector":{"controlType":"sap.m.Button","properties":{"text":"Close"},"searchOpenDialogs":true,"interaction":{"idSuffix":"content"}},"wdio_ui5_key":"sapm.Button{\"text\":\"Close\"}"}]}
RESULT: undefined
COMMAND: POST /session/d5fb0bb8ba0b7d9f809863b4e6e9c5e5/element - {"using":"xpath","value":"//*[@id=\"__button337\"]"}
RESULT: {"using":"xpath","value":"//*[@id=\"__button337\"]"}
COMMAND: POST /session/d5fb0bb8ba0b7d9f809863b4e6e9c5e5/element/f.9C1ADC5FD25D6B40A0EDBEE75A358769.d.964DE47BD595FE148BF6CB5B5C34D416.e.2105/click - {}
RESULT: {}
COMMAND: GET /session/d5fb0bb8ba0b7d9f809863b4e6e9c5e5/screenshot - {}
]]></system-out>
    </testcase>
    <testcase classname="chrome.138_0_7204_184.windows.ABS" name="Should check navigation to ABS Asset" time="25.149">
      <system-out><![CDATA[
COMMAND: POST /session/d5fb0bb8ba0b7d9f809863b4e6e9c5e5/execute/async - {"script":"<script> [21 bytes]","args":[{"forceSelect":true,"selector":{"controlType":"sap.ui.core.Icon","viewName":"sap.fe.templates.ObjectPage.ObjectPage","viewId":"rfm.absui::xRFMxCU_ABSTransactionObjectPage","properties":{"src":{"regex":{"source":"navigation\\-right\\-arrow"}}}},"wdio_ui5_key":"sapfe.templates.ObjectPage.ObjectPagesap.ui.core.Icon{\"src\":{\"regex\":{\"source\":\"navigation\\\\-right\\\\-arrow\"}}}"}]}
COMMAND: GET /session/d5fb0bb8ba0b7d9f809863b4e6e9c5e5/screenshot - {}
RESULT: {"script":"<script> [21 bytes]","args":[{"forceSelect":true,"selector":{"controlType":"sap.ui.core.Icon","viewName":"sap.fe.templates.ObjectPage.ObjectPage","viewId":"rfm.absui::xRFMxCU_ABSTransactionObjectPage","properties":{"src":{"regex":{"source":"navigation\\-right\\-arrow"}}}},"wdio_ui5_key":"sapfe.templates.ObjectPage.ObjectPagesap.ui.core.Icon{\"src\":{\"regex\":{\"source\":\"navigation\\\\-right\\\\-arrow\"}}}"}]}
RESULT: undefined
COMMAND: POST /session/d5fb0bb8ba0b7d9f809863b4e6e9c5e5/element - {"using":"xpath","value":"//*[@id=\"__action34-__clone2056-icon0\"]"}
RESULT: {}
RESULT: {}
RESULT: {"using":"xpath","value":"//*[@id=\"__action34-__clone2056-icon0\"]"}
COMMAND: POST /session/d5fb0bb8ba0b7d9f809863b4e6e9c5e5/element/f.9C1ADC5FD25D6B40A0EDBEE75A358769.d.964DE47BD595FE148BF6CB5B5C34D416.e.2109/click - {}
RESULT: {}
COMMAND: POST /session/d5fb0bb8ba0b7d9f809863b4e6e9c5e5/execute/async - {"script":"<script> [21 bytes]","args":[{"selector":{"id":"rfm.absui::xRFMxCU_ABSProcessObjectPage--fe::table::_ABSAsset::LineItem-innerTable-rows-row0"},"wdio_ui5_key":"rfmabsui::xRFMxCU_ABSProcessObjectPage--fe::table::_ABSAsset::LineItem-innerTable-rows-row0"}]}
COMMAND: GET /session/d5fb0bb8ba0b7d9f809863b4e6e9c5e5/screenshot - {}
RESULT: {"script":"<script> [21 bytes]","args":[{"selector":{"id":"rfm.absui::xRFMxCU_ABSProcessObjectPage--fe::table::_ABSAsset::LineItem-innerTable-rows-row0"},"wdio_ui5_key":"rfmabsui::xRFMxCU_ABSProcessObjectPage--fe::table::_ABSAsset::LineItem-innerTable-rows-row0"}]}
RESULT: undefined
COMMAND: POST /session/d5fb0bb8ba0b7d9f809863b4e6e9c5e5/element - {"using":"xpath","value":"//*[@id=\"rfm.absui::xRFMxCU_ABSProcessObjectPage--fe::table::_ABSAsset::LineItem-innerTable-rows-row0\"]"}
RESULT: {}
RESULT: {"using":"xpath","value":"//*[@id=\"rfm.absui::xRFMxCU_ABSProcessObjectPage--fe::table::_ABSAsset::LineItem-innerTable-rows-row0\"]"}
COMMAND: POST /session/d5fb0bb8ba0b7d9f809863b4e6e9c5e5/element/f.9C1ADC5FD25D6B40A0EDBEE75A358769.d.964DE47BD595FE148BF6CB5B5C34D416.e.2251/click - {}
RESULT: {}
RESULT: undefined
COMMAND: POST /session/d5fb0bb8ba0b7d9f809863b4e6e9c5e5/execute/async - {"script":"<script> [21 bytes]","args":[{"element-6066-11e4-a52e-4f735466cecf":"f.9C1ADC5FD25D6B40A0EDBEE75A358769.d.964DE47BD595FE148BF6CB5B5C34D416.e.2251"},"getBindingContext",[]]}
COMMAND: GET /session/d5fb0bb8ba0b7d9f809863b4e6e9c5e5/screenshot - {}
RESULT: {"script":"<script> [21 bytes]","args":[{"element-6066-11e4-a52e-4f735466cecf":"f.9C1ADC5FD25D6B40A0EDBEE75A358769.d.964DE47BD595FE148BF6CB5B5C34D416.e.2251"},"getBindingContext",[]]}
COMMAND: POST /session/d5fb0bb8ba0b7d9f809863b4e6e9c5e5/execute/async - {"script":"<script> [21 bytes]","args":["f12c49b2-71e6-4d24-9896-ef7a6fee48c9","getPath",[]]}
RESULT: {}
RESULT: {"script":"<script> [21 bytes]","args":["f12c49b2-71e6-4d24-9896-ef7a6fee48c9","getPath",[]]}
COMMAND: POST /session/d5fb0bb8ba0b7d9f809863b4e6e9c5e5/execute/async - {"script":"<script> [21 bytes]","args":[{"selector":{"controlType":"sap.m.Text","viewName":"sap.fe.templates.ObjectPage.ObjectPage","viewId":"rfm.absui::xRFMxCU_ABSProcessObjectPage","bindingPath":{"path":"/xRFMxCU_ABSTransaction('1065')/_ABSProcess(4e4439c8-6b75-1fd0-9e94-7e3ee6dc7bf0)/_ABSAsset(ProcessStepId=4e4439c8-6b75-1fd0-9e94-7e3ee6dc7bf0,AssetId=4e4439c8-6b75-1fd0-9e93-4fa559f69bf0)","propertyPath":"AssetIdExtern"}},"wdio_ui5_key":"sapfe.templates.ObjectPage.ObjectPagesap.m.Text{\"path\":\"/xRFMxCU_ABSTransaction('1065')/_ABSProcess(4e4439c8-6b75-1fd0-9e94-7e3ee6dc7bf0)/_ABSAsset(ProcessStepId=4e4439c8-6b75-1fd0-9e94-7e3ee6dc7bf0,AssetId=4e4439c8-6b75-1fd0-9e93-4fa559f69bf0)\",\"propertyPath\":\"AssetIdExtern\"}"}]}
RESULT: {"script":"<script> [21 bytes]","args":[{"selector":{"controlType":"sap.m.Text","viewName":"sap.fe.templates.ObjectPage.ObjectPage","viewId":"rfm.absui::xRFMxCU_ABSProcessObjectPage","bindingPath":{"path":"/xRFMxCU_ABSTransaction('1065')/_ABSProcess(4e4439c8-6b75-1fd0-9e94-7e3ee6dc7bf0)/_ABSAsset(ProcessStepId=4e4439c8-6b75-1fd0-9e94-7e3ee6dc7bf0,AssetId=4e4439c8-6b75-1fd0-9e93-4fa559f69bf0)","propertyPath":"AssetIdExtern"}},"wdio_ui5_key":"sapfe.templates.ObjectPage.ObjectPagesap.m.Text{\"path\":\"/xRFMxCU_ABSTransaction('1065')/_ABSProcess(4e4439c8-6b75-1fd0-9e94-7e3ee6dc7bf0)/_ABSAsset(ProcessStepId=4e4439c8-6b75-1fd0-9e94-7e3ee6dc7bf0,AssetId=4e4439c8-6b75-1fd0-9e93-4fa559f69bf0)\",\"propertyPath\":\"AssetIdExtern\"}"}]}
RESULT: undefined
COMMAND: POST /session/d5fb0bb8ba0b7d9f809863b4e6e9c5e5/execute/async - {"script":"<script> [21 bytes]","args":[{"element-6066-11e4-a52e-4f735466cecf":"f.9C1ADC5FD25D6B40A0EDBEE75A358769.d.964DE47BD595FE148BF6CB5B5C34D416.e.2252"},"getText",[]]}
RESULT: {"script":"<script> [21 bytes]","args":[{"element-6066-11e4-a52e-4f735466cecf":"f.9C1ADC5FD25D6B40A0EDBEE75A358769.d.964DE47BD595FE148BF6CB5B5C34D416.e.2252"},"getText",[]]}
COMMAND: POST /session/d5fb0bb8ba0b7d9f809863b4e6e9c5e5/execute/async - {"script":"<script> [21 bytes]","args":[{"selector":{"controlType":"sap.ui.core.Icon","viewName":"sap.fe.templates.ObjectPage.ObjectPage","viewId":"rfm.absui::xRFMxCU_ABSProcessObjectPage","properties":{"src":{"regex":{"source":"navigation\\-right\\-arrow"}}},"ancestor":{"id":"rfm.absui::xRFMxCU_ABSProcessObjectPage--fe::table::_ABSAsset::LineItem-innerTable-rows-row0"}},"wdio_ui5_key":"sapfe.templates.ObjectPage.ObjectPagesap.ui.core.Icon{\"src\":{\"regex\":{\"source\":\"navigation\\\\-right\\\\-arrow\"}}}{\"id\":\"rfm.absui::xRFMxCU_ABSProcessObjectPage--fe::table::_ABSAsset::LineItem-innerTable-rows-row0\"}"}]}
RESULT: {"script":"<script> [21 bytes]","args":[{"selector":{"controlType":"sap.ui.core.Icon","viewName":"sap.fe.templates.ObjectPage.ObjectPage","viewId":"rfm.absui::xRFMxCU_ABSProcessObjectPage","properties":{"src":{"regex":{"source":"navigation\\-right\\-arrow"}}},"ancestor":{"id":"rfm.absui::xRFMxCU_ABSProcessObjectPage--fe::table::_ABSAsset::LineItem-innerTable-rows-row0"}},"wdio_ui5_key":"sapfe.templates.ObjectPage.ObjectPagesap.ui.core.Icon{\"src\":{\"regex\":{\"source\":\"navigation\\\\-right\\\\-arrow\"}}}{\"id\":\"rfm.absui::xRFMxCU_ABSProcessObjectPage--fe::table::_ABSAsset::LineItem-innerTable-rows-row0\"}"}]}
RESULT: undefined
COMMAND: POST /session/d5fb0bb8ba0b7d9f809863b4e6e9c5e5/element - {"using":"xpath","value":"//*[@id=\"__action35-__clone2315-icon0\"]"}
RESULT: {"using":"xpath","value":"//*[@id=\"__action35-__clone2315-icon0\"]"}
COMMAND: POST /session/d5fb0bb8ba0b7d9f809863b4e6e9c5e5/element/f.9C1ADC5FD25D6B40A0EDBEE75A358769.d.964DE47BD595FE148BF6CB5B5C34D416.e.2253/click - {}
RESULT: {}
COMMAND: POST /session/d5fb0bb8ba0b7d9f809863b4e6e9c5e5/execute/async - {"script":"<script> [21 bytes]","args":[{"selector":{"controlType":"sap.m.Title","viewName":"sap.fe.templates.ObjectPage.ObjectPage","viewId":"rfm.assetui::xRFMxCU_AssetObjectPage","bindingPath":{"path":"/xRFMxCU_Asset(AssetId=4e4439c8-6b75-1fd0-9e93-4fa559f69bf0,IsActiveEntity=true)","propertyPath":"AssetIdExtern"}},"wdio_ui5_key":"sapfe.templates.ObjectPage.ObjectPagesap.m.Title{\"path\":\"/xRFMxCU_Asset(AssetId=4e4439c8-6b75-1fd0-9e93-4fa559f69bf0,IsActiveEntity=true)\",\"propertyPath\":\"AssetIdExtern\"}"}]}
COMMAND: GET /session/d5fb0bb8ba0b7d9f809863b4e6e9c5e5/screenshot - {}
RESULT: {"script":"<script> [21 bytes]","args":[{"selector":{"controlType":"sap.m.Title","viewName":"sap.fe.templates.ObjectPage.ObjectPage","viewId":"rfm.assetui::xRFMxCU_AssetObjectPage","bindingPath":{"path":"/xRFMxCU_Asset(AssetId=4e4439c8-6b75-1fd0-9e93-4fa559f69bf0,IsActiveEntity=true)","propertyPath":"AssetIdExtern"}},"wdio_ui5_key":"sapfe.templates.ObjectPage.ObjectPagesap.m.Title{\"path\":\"/xRFMxCU_Asset(AssetId=4e4439c8-6b75-1fd0-9e93-4fa559f69bf0,IsActiveEntity=true)\",\"propertyPath\":\"AssetIdExtern\"}"}]}
RESULT: undefined
COMMAND: POST /session/d5fb0bb8ba0b7d9f809863b4e6e9c5e5/execute/async - {"script":"<script> [21 bytes]","args":[{"element-6066-11e4-a52e-4f735466cecf":"f.9C1ADC5FD25D6B40A0EDBEE75A358769.d.964DE47BD595FE148BF6CB5B5C34D416.e.2462"},"getText",[]]}
RESULT: {}
RESULT: {"script":"<script> [21 bytes]","args":[{"element-6066-11e4-a52e-4f735466cecf":"f.9C1ADC5FD25D6B40A0EDBEE75A358769.d.964DE47BD595FE148BF6CB5B5C34D416.e.2462"},"getText",[]]}
RESULT: undefined
COMMAND: POST /session/d5fb0bb8ba0b7d9f809863b4e6e9c5e5/element - {"using":"xpath","value":"//*[@id=\"backBtn\"]"}
RESULT: {"using":"xpath","value":"//*[@id=\"backBtn\"]"}
COMMAND: POST /session/d5fb0bb8ba0b7d9f809863b4e6e9c5e5/element/f.9C1ADC5FD25D6B40A0EDBEE75A358769.d.964DE47BD595FE148BF6CB5B5C34D416.e.2463/click - {}
RESULT: {}
COMMAND: GET /session/d5fb0bb8ba0b7d9f809863b4e6e9c5e5/screenshot - {}
COMMAND: GET /session/d5fb0bb8ba0b7d9f809863b4e6e9c5e5/screenshot - {}
]]></system-out>
    </testcase>
    <testcase classname="chrome.138_0_7204_184.windows.ABS" name="Should cancel last offer" time="20.874">
      <system-out><![CDATA[
COMMAND: POST /session/d5fb0bb8ba0b7d9f809863b4e6e9c5e5/execute/async - {"script":"<script> [21 bytes]","args":[{"selector":{"id":"rfm.absui::xRFMxCU_ABSProcessObjectPage--fe::FCLStandardAction::Close-img"},"wdio_ui5_key":"rfmabsui::xRFMxCU_ABSProcessObjectPage--fe::FCLStandardAction::Close-img"}]}
RESULT: {}
RESULT: {}
RESULT: {"script":"<script> [21 bytes]","args":[{"selector":{"id":"rfm.absui::xRFMxCU_ABSProcessObjectPage--fe::FCLStandardAction::Close-img"},"wdio_ui5_key":"rfmabsui::xRFMxCU_ABSProcessObjectPage--fe::FCLStandardAction::Close-img"}]}
RESULT: undefined
COMMAND: POST /session/d5fb0bb8ba0b7d9f809863b4e6e9c5e5/element - {"using":"xpath","value":"//*[@id=\"rfm.absui::xRFMxCU_ABSProcessObjectPage--fe::FCLStandardAction::Close-img\"]"}
RESULT: {"using":"xpath","value":"//*[@id=\"rfm.absui::xRFMxCU_ABSProcessObjectPage--fe::FCLStandardAction::Close-img\"]"}
COMMAND: POST /session/d5fb0bb8ba0b7d9f809863b4e6e9c5e5/element/f.9C1ADC5FD25D6B40A0EDBEE75A358769.d.964DE47BD595FE148BF6CB5B5C34D416.e.2590/click - {}
RESULT: {}
COMMAND: POST /session/d5fb0bb8ba0b7d9f809863b4e6e9c5e5/execute/async - {"script":"<script> [21 bytes]","args":[{"selector":{"id":"rfm.absui::xRFMxCU_ABSTransactionObjectPage--fe::DataFieldForAction::com.sap.gateway.srvd.rfm.ui_abstransaction.v0001.CancelLastOffer::com.sap.gateway.srvd.rfm.ui_abstransaction.v0001.xRFMxCU_ABSTransactionType","interaction":{"idSuffix":"BDI-content"}},"wdio_ui5_key":"rfmabsui::xRFMxCU_ABSTransactionObjectPage--fe::DataFieldForAction::com.sap.gateway.srvd.rfm.ui_abstransaction.v0001.CancelLastOffer::com.sap.gateway.srvd.rfm.ui_abstransaction.v0001.xRFMxCU_ABSTransactionType"}]}
COMMAND: GET /session/d5fb0bb8ba0b7d9f809863b4e6e9c5e5/screenshot - {}
RESULT: {"script":"<script> [21 bytes]","args":[{"selector":{"id":"rfm.absui::xRFMxCU_ABSTransactionObjectPage--fe::DataFieldForAction::com.sap.gateway.srvd.rfm.ui_abstransaction.v0001.CancelLastOffer::com.sap.gateway.srvd.rfm.ui_abstransaction.v0001.xRFMxCU_ABSTransactionType","interaction":{"idSuffix":"BDI-content"}},"wdio_ui5_key":"rfmabsui::xRFMxCU_ABSTransactionObjectPage--fe::DataFieldForAction::com.sap.gateway.srvd.rfm.ui_abstransaction.v0001.CancelLastOffer::com.sap.gateway.srvd.rfm.ui_abstransaction.v0001.xRFMxCU_ABSTransactionType"}]}
RESULT: undefined
COMMAND: POST /session/d5fb0bb8ba0b7d9f809863b4e6e9c5e5/element - {"using":"xpath","value":"//*[@id=\"rfm.absui::xRFMxCU_ABSTransactionObjectPage--fe::DataFieldForAction::com.sap.gateway.srvd.rfm.ui_abstransaction.v0001.CancelLastOffer::com.sap.gateway.srvd.rfm.ui_abstransaction.v0001.xRFMxCU_ABSTransactionType\"]"}
RESULT: {}
RESULT: {"using":"xpath","value":"//*[@id=\"rfm.absui::xRFMxCU_ABSTransactionObjectPage--fe::DataFieldForAction::com.sap.gateway.srvd.rfm.ui_abstransaction.v0001.CancelLastOffer::com.sap.gateway.srvd.rfm.ui_abstransaction.v0001.xRFMxCU_ABSTransactionType\"]"}
COMMAND: POST /session/d5fb0bb8ba0b7d9f809863b4e6e9c5e5/element/f.9C1ADC5FD25D6B40A0EDBEE75A358769.d.964DE47BD595FE148BF6CB5B5C34D416.e.2530/click - {}
RESULT: {}
COMMAND: POST /session/d5fb0bb8ba0b7d9f809863b4e6e9c5e5/execute/async - {"script":"<script> [21 bytes]","args":[{"forceSelect":true,"selector":{"controlType":"sap.m.Button","properties":{"text":"OK"},"searchOpenDialogs":true,"interaction":{"idSuffix":"inner"}},"wdio_ui5_key":"sapm.Button{\"text\":\"OK\"}"}]}
COMMAND: GET /session/d5fb0bb8ba0b7d9f809863b4e6e9c5e5/screenshot - {}
RESULT: {"script":"<script> [21 bytes]","args":[{"forceSelect":true,"selector":{"controlType":"sap.m.Button","properties":{"text":"OK"},"searchOpenDialogs":true,"interaction":{"idSuffix":"inner"}},"wdio_ui5_key":"sapm.Button{\"text\":\"OK\"}"}]}
RESULT: undefined
COMMAND: POST /session/d5fb0bb8ba0b7d9f809863b4e6e9c5e5/element - {"using":"xpath","value":"//*[@id=\"__mbox-btn-2\"]"}
RESULT: {}
RESULT: {"using":"xpath","value":"//*[@id=\"__mbox-btn-2\"]"}
COMMAND: POST /session/d5fb0bb8ba0b7d9f809863b4e6e9c5e5/element/f.9C1ADC5FD25D6B40A0EDBEE75A358769.d.964DE47BD595FE148BF6CB5B5C34D416.e.2728/click - {}
RESULT: {}
COMMAND: GET /session/d5fb0bb8ba0b7d9f809863b4e6e9c5e5/screenshot - {}
RESULT: {}
COMMAND: POST /session/d5fb0bb8ba0b7d9f809863b4e6e9c5e5/execute/async - {"script":"<script> [21 bytes]","args":[{"forceSelect":true,"selector":{"controlType":"sap.m.Text","properties":{"text":"Success"},"searchOpenDialogs":true},"wdio_ui5_key":"sapm.Text{\"text\":\"Success\"}"}]}
RESULT: {"script":"<script> [21 bytes]","args":[{"forceSelect":true,"selector":{"controlType":"sap.m.Text","properties":{"text":"Success"},"searchOpenDialogs":true},"wdio_ui5_key":"sapm.Text{\"text\":\"Success\"}"}]}
RESULT: undefined
COMMAND: POST /session/d5fb0bb8ba0b7d9f809863b4e6e9c5e5/execute/async - {"script":"<script> [21 bytes]","args":[{"selector":{"id":"__text1282"}}]}
RESULT: {"script":"<script> [21 bytes]","args":[{"selector":{"id":"__text1282"}}]}
COMMAND: POST /session/d5fb0bb8ba0b7d9f809863b4e6e9c5e5/execute/async - {"script":"<script> [21 bytes]","args":[{"element-6066-11e4-a52e-4f735466cecf":"f.9C1ADC5FD25D6B40A0EDBEE75A358769.d.964DE47BD595FE148BF6CB5B5C34D416.e.2735"},"getText",[]]}
RESULT: {"script":"<script> [21 bytes]","args":[{"element-6066-11e4-a52e-4f735466cecf":"f.9C1ADC5FD25D6B40A0EDBEE75A358769.d.964DE47BD595FE148BF6CB5B5C34D416.e.2735"},"getText",[]]}
COMMAND: POST /session/d5fb0bb8ba0b7d9f809863b4e6e9c5e5/execute/async - {"script":"<script> [21 bytes]","args":[{"forceSelect":true,"selector":{"controlType":"sap.m.Button","properties":{"text":"Close"},"searchOpenDialogs":true,"interaction":{"idSuffix":"BDI-content"}},"wdio_ui5_key":"sapm.Button{\"text\":\"Close\"}"}]}
RESULT: {"script":"<script> [21 bytes]","args":[{"forceSelect":true,"selector":{"controlType":"sap.m.Button","properties":{"text":"Close"},"searchOpenDialogs":true,"interaction":{"idSuffix":"BDI-content"}},"wdio_ui5_key":"sapm.Button{\"text\":\"Close\"}"}]}
RESULT: undefined
COMMAND: POST /session/d5fb0bb8ba0b7d9f809863b4e6e9c5e5/element - {"using":"xpath","value":"//*[@id=\"__button424\"]"}
RESULT: {"using":"xpath","value":"//*[@id=\"__button424\"]"}
COMMAND: POST /session/d5fb0bb8ba0b7d9f809863b4e6e9c5e5/element/f.9C1ADC5FD25D6B40A0EDBEE75A358769.d.964DE47BD595FE148BF6CB5B5C34D416.e.2734/click - {}
RESULT: {}
COMMAND: POST /session/d5fb0bb8ba0b7d9f809863b4e6e9c5e5/execute/async - {"script":"<script> [21 bytes]","args":[{"selector":{"controlType":"sap.m.Title","viewName":"sap.fe.templates.ObjectPage.ObjectPage","viewId":"rfm.absui::xRFMxCU_ABSTransactionObjectPage","properties":{"text":"No items available"}},"wdio_ui5_key":"sapfe.templates.ObjectPage.ObjectPagesap.m.Title{\"text\":\"No items available\"}"}]}
COMMAND: GET /session/d5fb0bb8ba0b7d9f809863b4e6e9c5e5/screenshot - {}
RESULT: {"script":"<script> [21 bytes]","args":[{"selector":{"controlType":"sap.m.Title","viewName":"sap.fe.templates.ObjectPage.ObjectPage","viewId":"rfm.absui::xRFMxCU_ABSTransactionObjectPage","properties":{"text":"No items available"}},"wdio_ui5_key":"sapfe.templates.ObjectPage.ObjectPagesap.m.Title{\"text\":\"No items available\"}"}]}
RESULT: undefined
COMMAND: POST /session/d5fb0bb8ba0b7d9f809863b4e6e9c5e5/execute/async - {"script":"<script> [21 bytes]","args":[{"element-6066-11e4-a52e-4f735466cecf":"f.9C1ADC5FD25D6B40A0EDBEE75A358769.d.964DE47BD595FE148BF6CB5B5C34D416.e.2738"},"getText",[]]}
RESULT: {}
RESULT: {"script":"<script> [21 bytes]","args":[{"element-6066-11e4-a52e-4f735466cecf":"f.9C1ADC5FD25D6B40A0EDBEE75A358769.d.964DE47BD595FE148BF6CB5B5C34D416.e.2738"},"getText",[]]}
COMMAND: GET /session/d5fb0bb8ba0b7d9f809863b4e6e9c5e5/screenshot - {}
COMMAND: DELETE /session/d5fb0bb8ba0b7d9f809863b4e6e9c5e5 - {}
RESULT: {}
RESULT: {}
]]></system-out>
    </testcase>
  </testsuite>
</testsuites>