<?xml version="1.0" encoding="UTF-8"?>
<testsuites tests="8" failures="0" errors="0" skipped="0">
  <testsuite timestamp="2025-08-05T01:14:08" time="264.169" tests="8" failures="0" errors="0" skipped="0">
    <properties>
      <property name="specId" value="0"/>
      <property name="suiteName" value="Limiting"/>
      <property name="capabilities" value="chrome.138_0_7204_169.windows"/>
      <property name="file" value="file:///D:/a/1/s/test/specs/BusinessObjects/Limiting.spec.js"/>
    </properties>
    <testcase classname="chrome.138_0_7204_169.windows.Limiting" name="Should create Program" time="61.511">
      <system-out><![CDATA[
COMMAND: POST /session/5137edba1e05708fe0a22897cbef073a/execute/async - {"script":"<script> [21 bytes]","args":[{"selector":{"controlType":"sap.m.GenericTile","properties":{"header":"Funding Program"}},"wdio_ui5_key":"sapm.GenericTile{\"header\":\"Funding Program\"}"}]}
RESULT: {"script":"<script> [21 bytes]","args":[{"selector":{"controlType":"sap.m.GenericTile","properties":{"header":"Funding Program"}},"wdio_ui5_key":"sapm.GenericTile{\"header\":\"Funding Program\"}"}]}
RESULT: undefined
COMMAND: POST /session/5137edba1e05708fe0a22897cbef073a/element - {"using":"xpath","value":"//*[@id=\"__tile29\"]"}
RESULT: {"using":"xpath","value":"//*[@id=\"__tile29\"]"}
COMMAND: POST /session/5137edba1e05708fe0a22897cbef073a/element/f.E9FCB901438473B5AA77786D707CBB51.d.63E90104DFA6EF5EB50E7B26D804ED63.e.77/click - {}
RESULT: {}
COMMAND: POST /session/5137edba1e05708fe0a22897cbef073a/execute/async - {"script":"<script> [21 bytes]","args":[{"selector":{"id":"rfm.programui::xRFMxCU_ProgramList--fe::table::allTab::LineItem::StandardAction::Create","controlType":"sap.m.Button"},"wdio_ui5_key":"rfmprogramui::xRFMxCU_ProgramList--fe::table::allTab::LineItem::StandardAction::Createsap.m.Button"}]}
COMMAND: GET /session/5137edba1e05708fe0a22897cbef073a/screenshot - {}
RESULT: {"script":"<script> [21 bytes]","args":[{"selector":{"id":"rfm.programui::xRFMxCU_ProgramList--fe::table::allTab::LineItem::StandardAction::Create","controlType":"sap.m.Button"},"wdio_ui5_key":"rfmprogramui::xRFMxCU_ProgramList--fe::table::allTab::LineItem::StandardAction::Createsap.m.Button"}]}
RESULT: undefined
COMMAND: POST /session/5137edba1e05708fe0a22897cbef073a/element - {"using":"xpath","value":"//*[@id=\"rfm.programui::xRFMxCU_ProgramList--fe::table::allTab::LineItem::StandardAction::Create\"]"}
RESULT: {}
RESULT: {"using":"xpath","value":"//*[@id=\"rfm.programui::xRFMxCU_ProgramList--fe::table::allTab::LineItem::StandardAction::Create\"]"}
COMMAND: POST /session/5137edba1e05708fe0a22897cbef073a/element/f.E9FCB901438473B5AA77786D707CBB51.d.63E90104DFA6EF5EB50E7B26D804ED63.e.139/click - {}
RESULT: {}
COMMAND: POST /session/5137edba1e05708fe0a22897cbef073a/execute/async - {"script":"<script> [21 bytes]","args":[{"selector":{"id":"CreateDialog::xRFMxCU_ProgramType::FundingScope-inner","searchOpenDialogs":true,"interaction":{"idSuffix":"inner"}},"wdio_ui5_key":"CreateDialogxRFMxCU_ProgramType::FundingScope-inner"}]}
COMMAND: GET /session/5137edba1e05708fe0a22897cbef073a/screenshot - {}
RESULT: {"script":"<script> [21 bytes]","args":[{"selector":{"id":"CreateDialog::xRFMxCU_ProgramType::FundingScope-inner","searchOpenDialogs":true,"interaction":{"idSuffix":"inner"}},"wdio_ui5_key":"CreateDialogxRFMxCU_ProgramType::FundingScope-inner"}]}
RESULT: undefined
COMMAND: POST /session/5137edba1e05708fe0a22897cbef073a/execute/async - {"script":"<script> [20 bytes]","args":[{"enterText":"Installment","selector":{"id":"CreateDialog::xRFMxCU_ProgramType::FundingScope-inner","searchOpenDialogs":true,"interaction":{"idSuffix":"inner"}},"clearTextFirst":true,"interactionType":"ENTER_TEXT"}]}
RESULT: {}
RESULT: {"script":"<script> [20 bytes]","args":[{"enterText":"Installment","selector":{"id":"CreateDialog::xRFMxCU_ProgramType::FundingScope-inner","searchOpenDialogs":true,"interaction":{"idSuffix":"inner"}},"clearTextFirst":true,"interactionType":"ENTER_TEXT"}]}
COMMAND: POST /session/5137edba1e05708fe0a22897cbef073a/execute/async - {"script":"<script> [21 bytes]","args":[{"selector":{"id":"CreateDialog::xRFMxCU_ProgramType::ValidFrom-inner","searchOpenDialogs":true,"interaction":{"idSuffix":"inner"}},"wdio_ui5_key":"CreateDialogxRFMxCU_ProgramType::ValidFrom-inner"}]}
RESULT: {"script":"<script> [21 bytes]","args":[{"selector":{"id":"CreateDialog::xRFMxCU_ProgramType::ValidFrom-inner","searchOpenDialogs":true,"interaction":{"idSuffix":"inner"}},"wdio_ui5_key":"CreateDialogxRFMxCU_ProgramType::ValidFrom-inner"}]}
RESULT: undefined
COMMAND: POST /session/5137edba1e05708fe0a22897cbef073a/execute/async - {"script":"<script> [21 bytes]","args":[{"element-6066-11e4-a52e-4f735466cecf":"f.E9FCB901438473B5AA77786D707CBB51.d.63E90104DFA6EF5EB50E7B26D804ED63.e.296"},"setValue",["2025-01-01"]]}
RESULT: {"script":"<script> [21 bytes]","args":[{"element-6066-11e4-a52e-4f735466cecf":"f.E9FCB901438473B5AA77786D707CBB51.d.63E90104DFA6EF5EB50E7B26D804ED63.e.296"},"setValue",["2025-01-01"]]}
COMMAND: POST /session/5137edba1e05708fe0a22897cbef073a/execute/async - {"script":"<script> [21 bytes]","args":[{"selector":{"id":"CreateDialog::xRFMxCU_ProgramType::PortfolioId-inner","searchOpenDialogs":true,"interaction":{"idSuffix":"inner"}},"wdio_ui5_key":"CreateDialogxRFMxCU_ProgramType::PortfolioId-inner"}]}
RESULT: {"script":"<script> [21 bytes]","args":[{"selector":{"id":"CreateDialog::xRFMxCU_ProgramType::PortfolioId-inner","searchOpenDialogs":true,"interaction":{"idSuffix":"inner"}},"wdio_ui5_key":"CreateDialogxRFMxCU_ProgramType::PortfolioId-inner"}]}
RESULT: undefined
COMMAND: POST /session/5137edba1e05708fe0a22897cbef073a/execute/async - {"script":"<script> [20 bytes]","args":[{"enterText":"1","selector":{"id":"CreateDialog::xRFMxCU_ProgramType::PortfolioId-inner","searchOpenDialogs":true,"interaction":{"idSuffix":"inner"}},"clearTextFirst":true,"interactionType":"ENTER_TEXT"}]}
RESULT: {"script":"<script> [20 bytes]","args":[{"enterText":"1","selector":{"id":"CreateDialog::xRFMxCU_ProgramType::PortfolioId-inner","searchOpenDialogs":true,"interaction":{"idSuffix":"inner"}},"clearTextFirst":true,"interactionType":"ENTER_TEXT"}]}
COMMAND: POST /session/5137edba1e05708fe0a22897cbef073a/execute/async - {"script":"<script> [21 bytes]","args":[{"selector":{"controlType":"sap.m.Button","viewName":"sap.fe.templates.ObjectPage.ObjectPage","viewId":"rfm.programui::xRFMxCU_ProgramObjectPage","properties":{"text":"Continue"},"searchOpenDialogs":true,"interaction":{"idSuffix":"BDI-content"}},"wdio_ui5_key":"sapfe.templates.ObjectPage.ObjectPagesap.m.Button{\"text\":\"Continue\"}"}]}
RESULT: {"script":"<script> [21 bytes]","args":[{"selector":{"controlType":"sap.m.Button","viewName":"sap.fe.templates.ObjectPage.ObjectPage","viewId":"rfm.programui::xRFMxCU_ProgramObjectPage","properties":{"text":"Continue"},"searchOpenDialogs":true,"interaction":{"idSuffix":"BDI-content"}},"wdio_ui5_key":"sapfe.templates.ObjectPage.ObjectPagesap.m.Button{\"text\":\"Continue\"}"}]}
RESULT: undefined
COMMAND: POST /session/5137edba1e05708fe0a22897cbef073a/element - {"using":"xpath","value":"//*[@id=\"__button187\"]"}
RESULT: {"using":"xpath","value":"//*[@id=\"__button187\"]"}
COMMAND: POST /session/5137edba1e05708fe0a22897cbef073a/element/f.E9FCB901438473B5AA77786D707CBB51.d.63E90104DFA6EF5EB50E7B26D804ED63.e.310/click - {}
RESULT: {}
COMMAND: POST /session/5137edba1e05708fe0a22897cbef073a/execute/async - {"script":"<script> [21 bytes]","args":[{"selector":{"id":"rfm.programui::xRFMxCU_ProgramObjectPage--fe::CustomSubSection::CustomDetailsSection--fe::FormContainer::FieldGroup::basicData1::FormElement::DataField::Currency::Field-edit-inner","interaction":{"idSuffix":"inner"}},"wdio_ui5_key":"rfmprogramui::xRFMxCU_ProgramObjectPage--fe::CustomSubSection::CustomDetailsSection--fe::FormContainer::FieldGroup::basicData1::FormElement::DataField::Currency::Field-edit-inner"}]}
COMMAND: GET /session/5137edba1e05708fe0a22897cbef073a/screenshot - {}
RESULT: {}
RESULT: {"script":"<script> [21 bytes]","args":[{"selector":{"id":"rfm.programui::xRFMxCU_ProgramObjectPage--fe::CustomSubSection::CustomDetailsSection--fe::FormContainer::FieldGroup::basicData1::FormElement::DataField::Currency::Field-edit-inner","interaction":{"idSuffix":"inner"}},"wdio_ui5_key":"rfmprogramui::xRFMxCU_ProgramObjectPage--fe::CustomSubSection::CustomDetailsSection--fe::FormContainer::FieldGroup::basicData1::FormElement::DataField::Currency::Field-edit-inner"}]}
RESULT: undefined
COMMAND: POST /session/5137edba1e05708fe0a22897cbef073a/execute/async - {"script":"<script> [20 bytes]","args":[{"enterText":"EUR","selector":{"id":"rfm.programui::xRFMxCU_ProgramObjectPage--fe::CustomSubSection::CustomDetailsSection--fe::FormContainer::FieldGroup::basicData1::FormElement::DataField::Currency::Field-edit-inner","interaction":{"idSuffix":"inner"}},"clearTextFirst":true,"interactionType":"ENTER_TEXT"}]}
RESULT: {"script":"<script> [20 bytes]","args":[{"enterText":"EUR","selector":{"id":"rfm.programui::xRFMxCU_ProgramObjectPage--fe::CustomSubSection::CustomDetailsSection--fe::FormContainer::FieldGroup::basicData1::FormElement::DataField::Currency::Field-edit-inner","interaction":{"idSuffix":"inner"}},"clearTextFirst":true,"interactionType":"ENTER_TEXT"}]}
COMMAND: POST /session/5137edba1e05708fe0a22897cbef073a/execute/async - {"script":"<script> [21 bytes]","args":[{"selector":{"id":"rfm.programui::xRFMxCU_ProgramObjectPage--fe::CustomSubSection::CustomDetailsSection--fe::FormContainer::FieldGroup::basicData1::FormElement::DataField::Volume::Field-edit-inner","interaction":{"idSuffix":"inner"}},"wdio_ui5_key":"rfmprogramui::xRFMxCU_ProgramObjectPage--fe::CustomSubSection::CustomDetailsSection--fe::FormContainer::FieldGroup::basicData1::FormElement::DataField::Volume::Field-edit-inner"}]}
RESULT: {"script":"<script> [21 bytes]","args":[{"selector":{"id":"rfm.programui::xRFMxCU_ProgramObjectPage--fe::CustomSubSection::CustomDetailsSection--fe::FormContainer::FieldGroup::basicData1::FormElement::DataField::Volume::Field-edit-inner","interaction":{"idSuffix":"inner"}},"wdio_ui5_key":"rfmprogramui::xRFMxCU_ProgramObjectPage--fe::CustomSubSection::CustomDetailsSection--fe::FormContainer::FieldGroup::basicData1::FormElement::DataField::Volume::Field-edit-inner"}]}
RESULT: undefined
COMMAND: POST /session/5137edba1e05708fe0a22897cbef073a/execute/async - {"script":"<script> [20 bytes]","args":[{"enterText":"1,000,000,000.00","selector":{"id":"rfm.programui::xRFMxCU_ProgramObjectPage--fe::CustomSubSection::CustomDetailsSection--fe::FormContainer::FieldGroup::basicData1::FormElement::DataField::Volume::Field-edit-inner","interaction":{"idSuffix":"inner"}},"clearTextFirst":true,"interactionType":"ENTER_TEXT"}]}
RESULT: {"script":"<script> [20 bytes]","args":[{"enterText":"1,000,000,000.00","selector":{"id":"rfm.programui::xRFMxCU_ProgramObjectPage--fe::CustomSubSection::CustomDetailsSection--fe::FormContainer::FieldGroup::basicData1::FormElement::DataField::Volume::Field-edit-inner","interaction":{"idSuffix":"inner"}},"clearTextFirst":true,"interactionType":"ENTER_TEXT"}]}
COMMAND: POST /session/5137edba1e05708fe0a22897cbef073a/execute/async - {"script":"<script> [21 bytes]","args":[{"selector":{"id":"rfm.programui::xRFMxCU_ProgramObjectPage--fe::CustomSubSection::CustomDetailsSection--fe::FormContainer::FieldGroup::basicData1::FormElement::DataField::ValidTo::Field-edit","interaction":{"idSuffix":"inner"}},"wdio_ui5_key":"rfmprogramui::xRFMxCU_ProgramObjectPage--fe::CustomSubSection::CustomDetailsSection--fe::FormContainer::FieldGroup::basicData1::FormElement::DataField::ValidTo::Field-edit"}]}
RESULT: {"script":"<script> [21 bytes]","args":[{"selector":{"id":"rfm.programui::xRFMxCU_ProgramObjectPage--fe::CustomSubSection::CustomDetailsSection--fe::FormContainer::FieldGroup::basicData1::FormElement::DataField::ValidTo::Field-edit","interaction":{"idSuffix":"inner"}},"wdio_ui5_key":"rfmprogramui::xRFMxCU_ProgramObjectPage--fe::CustomSubSection::CustomDetailsSection--fe::FormContainer::FieldGroup::basicData1::FormElement::DataField::ValidTo::Field-edit"}]}
RESULT: undefined
COMMAND: POST /session/5137edba1e05708fe0a22897cbef073a/execute/async - {"script":"<script> [21 bytes]","args":[{"element-6066-11e4-a52e-4f735466cecf":"f.E9FCB901438473B5AA77786D707CBB51.d.63E90104DFA6EF5EB50E7B26D804ED63.e.351"},"setValue",["2027-12-31"]]}
RESULT: {"script":"<script> [21 bytes]","args":[{"element-6066-11e4-a52e-4f735466cecf":"f.E9FCB901438473B5AA77786D707CBB51.d.63E90104DFA6EF5EB50E7B26D804ED63.e.351"},"setValue",["2027-12-31"]]}
COMMAND: POST /session/5137edba1e05708fe0a22897cbef073a/execute/async - {"script":"<script> [21 bytes]","args":[{"selector":{"id":"rfm.programui::xRFMxCU_ProgramObjectPage--fe::CustomSubSection::CustomDetailsSection--fe::FormContainer::FieldGroup::basicData2::FormElement::DataField::CompanyCode::Field-edit-inner","interaction":{"idSuffix":"inner"}},"wdio_ui5_key":"rfmprogramui::xRFMxCU_ProgramObjectPage--fe::CustomSubSection::CustomDetailsSection--fe::FormContainer::FieldGroup::basicData2::FormElement::DataField::CompanyCode::Field-edit-inner"}]}
RESULT: {"script":"<script> [21 bytes]","args":[{"selector":{"id":"rfm.programui::xRFMxCU_ProgramObjectPage--fe::CustomSubSection::CustomDetailsSection--fe::FormContainer::FieldGroup::basicData2::FormElement::DataField::CompanyCode::Field-edit-inner","interaction":{"idSuffix":"inner"}},"wdio_ui5_key":"rfmprogramui::xRFMxCU_ProgramObjectPage--fe::CustomSubSection::CustomDetailsSection--fe::FormContainer::FieldGroup::basicData2::FormElement::DataField::CompanyCode::Field-edit-inner"}]}
RESULT: undefined
COMMAND: POST /session/5137edba1e05708fe0a22897cbef073a/execute/async - {"script":"<script> [20 bytes]","args":[{"enterText":"BearingPoint (0001)","selector":{"id":"rfm.programui::xRFMxCU_ProgramObjectPage--fe::CustomSubSection::CustomDetailsSection--fe::FormContainer::FieldGroup::basicData2::FormElement::DataField::CompanyCode::Field-edit-inner","interaction":{"idSuffix":"inner"}},"clearTextFirst":true,"interactionType":"ENTER_TEXT"}]}
RESULT: {"script":"<script> [20 bytes]","args":[{"enterText":"BearingPoint (0001)","selector":{"id":"rfm.programui::xRFMxCU_ProgramObjectPage--fe::CustomSubSection::CustomDetailsSection--fe::FormContainer::FieldGroup::basicData2::FormElement::DataField::CompanyCode::Field-edit-inner","interaction":{"idSuffix":"inner"}},"clearTextFirst":true,"interactionType":"ENTER_TEXT"}]}
COMMAND: POST /session/5137edba1e05708fe0a22897cbef073a/execute/async - {"script":"<script> [21 bytes]","args":[{"selector":{"id":"rfm.programui::xRFMxCU_ProgramObjectPage--fe::CustomSubSection::CustomDetailsSection--DetailsFundingTypesTable-content::StandardAction::Create","interaction":{"idSuffix":"BDI-content"}},"wdio_ui5_key":"rfmprogramui::xRFMxCU_ProgramObjectPage--fe::CustomSubSection::CustomDetailsSection--DetailsFundingTypesTable-content::StandardAction::Create"}]}
RESULT: {"script":"<script> [21 bytes]","args":[{"selector":{"id":"rfm.programui::xRFMxCU_ProgramObjectPage--fe::CustomSubSection::CustomDetailsSection--DetailsFundingTypesTable-content::StandardAction::Create","interaction":{"idSuffix":"BDI-content"}},"wdio_ui5_key":"rfmprogramui::xRFMxCU_ProgramObjectPage--fe::CustomSubSection::CustomDetailsSection--DetailsFundingTypesTable-content::StandardAction::Create"}]}
RESULT: undefined
COMMAND: POST /session/5137edba1e05708fe0a22897cbef073a/element - {"using":"xpath","value":"//*[@id=\"rfm.programui::xRFMxCU_ProgramObjectPage--fe::CustomSubSection::CustomDetailsSection--DetailsFundingTypesTable-content::StandardAction::Create\"]"}
RESULT: {"using":"xpath","value":"//*[@id=\"rfm.programui::xRFMxCU_ProgramObjectPage--fe::CustomSubSection::CustomDetailsSection--DetailsFundingTypesTable-content::StandardAction::Create\"]"}
COMMAND: POST /session/5137edba1e05708fe0a22897cbef073a/element/f.E9FCB901438473B5AA77786D707CBB51.d.63E90104DFA6EF5EB50E7B26D804ED63.e.362/click - {}
RESULT: {}
COMMAND: POST /session/5137edba1e05708fe0a22897cbef073a/execute/async - {"script":"<script> [21 bytes]","args":[{"selector":{"id":"CreateDialog::xRFMxCU_ProgramFundingTypeType::FundingType-inner","searchOpenDialogs":true,"interaction":{"idSuffix":"inner"}},"wdio_ui5_key":"CreateDialogxRFMxCU_ProgramFundingTypeType::FundingType-inner"}]}
COMMAND: GET /session/5137edba1e05708fe0a22897cbef073a/screenshot - {}
RESULT: {"script":"<script> [21 bytes]","args":[{"selector":{"id":"CreateDialog::xRFMxCU_ProgramFundingTypeType::FundingType-inner","searchOpenDialogs":true,"interaction":{"idSuffix":"inner"}},"wdio_ui5_key":"CreateDialogxRFMxCU_ProgramFundingTypeType::FundingType-inner"}]}
RESULT: undefined
COMMAND: POST /session/5137edba1e05708fe0a22897cbef073a/execute/async - {"script":"<script> [20 bytes]","args":[{"enterText":"99","selector":{"id":"CreateDialog::xRFMxCU_ProgramFundingTypeType::FundingType-inner","searchOpenDialogs":true,"interaction":{"idSuffix":"inner"}},"clearTextFirst":true,"interactionType":"ENTER_TEXT"}]}
RESULT: {}
RESULT: {"script":"<script> [20 bytes]","args":[{"enterText":"99","selector":{"id":"CreateDialog::xRFMxCU_ProgramFundingTypeType::FundingType-inner","searchOpenDialogs":true,"interaction":{"idSuffix":"inner"}},"clearTextFirst":true,"interactionType":"ENTER_TEXT"}]}
COMMAND: POST /session/5137edba1e05708fe0a22897cbef073a/execute/async - {"script":"<script> [21 bytes]","args":[{"selector":{"id":"CreateDialog::xRFMxCU_Program::_AllowedFundingType-footer","searchOpenDialogs":true},"wdio_ui5_key":"CreateDialogxRFMxCU_Program::_AllowedFundingType-footer"}]}
RESULT: {"script":"<script> [21 bytes]","args":[{"selector":{"id":"CreateDialog::xRFMxCU_Program::_AllowedFundingType-footer","searchOpenDialogs":true},"wdio_ui5_key":"CreateDialogxRFMxCU_Program::_AllowedFundingType-footer"}]}
RESULT: undefined
COMMAND: POST /session/5137edba1e05708fe0a22897cbef073a/element - {"using":"xpath","value":"//*[@id=\"CreateDialog::xRFMxCU_Program::_AllowedFundingType-footer\"]"}
RESULT: {"using":"xpath","value":"//*[@id=\"CreateDialog::xRFMxCU_Program::_AllowedFundingType-footer\"]"}
COMMAND: POST /session/5137edba1e05708fe0a22897cbef073a/element/f.E9FCB901438473B5AA77786D707CBB51.d.63E90104DFA6EF5EB50E7B26D804ED63.e.503/click - {}
RESULT: {}
COMMAND: GET /session/5137edba1e05708fe0a22897cbef073a/screenshot - {}
RESULT: {}
COMMAND: POST /session/5137edba1e05708fe0a22897cbef073a/execute/async - {"script":"<script> [21 bytes]","args":[{"forceSelect":true,"selector":{"controlType":"sap.m.Button","viewName":"sap.fe.templates.ObjectPage.ObjectPage","viewId":"rfm.programui::xRFMxCU_Program__AllowedFundingTypeObjectPage","properties":{"text":"Continue"},"searchOpenDialogs":true,"interaction":{"idSuffix":"content"}},"wdio_ui5_key":"sapfe.templates.ObjectPage.ObjectPagesap.m.Button{\"text\":\"Continue\"}"}]}
RESULT: {"script":"<script> [21 bytes]","args":[{"forceSelect":true,"selector":{"controlType":"sap.m.Button","viewName":"sap.fe.templates.ObjectPage.ObjectPage","viewId":"rfm.programui::xRFMxCU_Program__AllowedFundingTypeObjectPage","properties":{"text":"Continue"},"searchOpenDialogs":true,"interaction":{"idSuffix":"content"}},"wdio_ui5_key":"sapfe.templates.ObjectPage.ObjectPagesap.m.Button{\"text\":\"Continue\"}"}]}
RESULT: undefined
COMMAND: POST /session/5137edba1e05708fe0a22897cbef073a/execute/async - {"script":"<script> [21 bytes]","args":[{"selector":{"id":"__button199"}}]}
RESULT: {"script":"<script> [21 bytes]","args":[{"selector":{"id":"__button199"}}]}
COMMAND: POST /session/5137edba1e05708fe0a22897cbef073a/execute/async - {"script":"<script> [21 bytes]","args":[{"element-6066-11e4-a52e-4f735466cecf":"f.E9FCB901438473B5AA77786D707CBB51.d.63E90104DFA6EF5EB50E7B26D804ED63.e.504"},"getEnabled",[]]}
RESULT: {"script":"<script> [21 bytes]","args":[{"element-6066-11e4-a52e-4f735466cecf":"f.E9FCB901438473B5AA77786D707CBB51.d.63E90104DFA6EF5EB50E7B26D804ED63.e.504"},"getEnabled",[]]}
COMMAND: POST /session/5137edba1e05708fe0a22897cbef073a/element - {"using":"xpath","value":"//*[@id=\"__button199\"]"}
COMMAND: POST /session/5137edba1e05708fe0a22897cbef073a/execute/async - {"script":"<script> [21 bytes]","args":[{"selector":{"id":"__button199"}}]}
RESULT: {"script":"<script> [21 bytes]","args":[{"selector":{"id":"__button199"}}]}
COMMAND: POST /session/5137edba1e05708fe0a22897cbef073a/execute/async - {"script":"<script> [21 bytes]","args":[{"element-6066-11e4-a52e-4f735466cecf":"f.E9FCB901438473B5AA77786D707CBB51.d.63E90104DFA6EF5EB50E7B26D804ED63.e.504"},"getEnabled",[]]}
RESULT: {"using":"xpath","value":"//*[@id=\"__button199\"]"}
COMMAND: POST /session/5137edba1e05708fe0a22897cbef073a/element/f.E9FCB901438473B5AA77786D707CBB51.d.63E90104DFA6EF5EB50E7B26D804ED63.e.505/click - {}
RESULT: {"script":"<script> [21 bytes]","args":[{"element-6066-11e4-a52e-4f735466cecf":"f.E9FCB901438473B5AA77786D707CBB51.d.63E90104DFA6EF5EB50E7B26D804ED63.e.504"},"getEnabled",[]]}
RESULT: {}
COMMAND: POST /session/5137edba1e05708fe0a22897cbef073a/execute/async - {"script":"<script> [21 bytes]","args":[{"selector":{"id":"rfm.programui::xRFMxCU_Program__AllowedFundingTypeObjectPage--fe::FooterBar::StandardAction::Apply","interaction":{"idSuffix":"BDI-content"}},"wdio_ui5_key":"rfmprogramui::xRFMxCU_Program__AllowedFundingTypeObjectPage--fe::FooterBar::StandardAction::Apply"}]}
COMMAND: GET /session/5137edba1e05708fe0a22897cbef073a/screenshot - {}
RESULT: {"script":"<script> [21 bytes]","args":[{"selector":{"id":"rfm.programui::xRFMxCU_Program__AllowedFundingTypeObjectPage--fe::FooterBar::StandardAction::Apply","interaction":{"idSuffix":"BDI-content"}},"wdio_ui5_key":"rfmprogramui::xRFMxCU_Program__AllowedFundingTypeObjectPage--fe::FooterBar::StandardAction::Apply"}]}
RESULT: undefined
COMMAND: POST /session/5137edba1e05708fe0a22897cbef073a/element - {"using":"xpath","value":"//*[@id=\"rfm.programui::xRFMxCU_Program__AllowedFundingTypeObjectPage--fe::FooterBar::StandardAction::Apply\"]"}
RESULT: {}
RESULT: {"using":"xpath","value":"//*[@id=\"rfm.programui::xRFMxCU_Program__AllowedFundingTypeObjectPage--fe::FooterBar::StandardAction::Apply\"]"}
COMMAND: POST /session/5137edba1e05708fe0a22897cbef073a/element/f.E9FCB901438473B5AA77786D707CBB51.d.63E90104DFA6EF5EB50E7B26D804ED63.e.496/click - {}
RESULT: {}
COMMAND: POST /session/5137edba1e05708fe0a22897cbef073a/execute/async - {"script":"<script> [21 bytes]","args":[{"selector":{"id":"rfm.programui::xRFMxCU_ProgramObjectPage--fe::ObjectPage-anchBar-rfm.programui::xRFMxCU_ProgramObjectPage--fe::EditableHeaderSection-anchor","interaction":{"idSuffix":"text"}},"wdio_ui5_key":"rfmprogramui::xRFMxCU_ProgramObjectPage--fe::ObjectPage-anchBar-rfm.programui::xRFMxCU_ProgramObjectPage--fe::EditableHeaderSection-anchor"}]}
COMMAND: GET /session/5137edba1e05708fe0a22897cbef073a/screenshot - {}
RESULT: {"script":"<script> [21 bytes]","args":[{"selector":{"id":"rfm.programui::xRFMxCU_ProgramObjectPage--fe::ObjectPage-anchBar-rfm.programui::xRFMxCU_ProgramObjectPage--fe::EditableHeaderSection-anchor","interaction":{"idSuffix":"text"}},"wdio_ui5_key":"rfmprogramui::xRFMxCU_ProgramObjectPage--fe::ObjectPage-anchBar-rfm.programui::xRFMxCU_ProgramObjectPage--fe::EditableHeaderSection-anchor"}]}
RESULT: undefined
COMMAND: POST /session/5137edba1e05708fe0a22897cbef073a/element - {"using":"xpath","value":"//*[@id=\"rfm.programui::xRFMxCU_ProgramObjectPage--fe::ObjectPage-anchBar-rfm.programui::xRFMxCU_ProgramObjectPage--fe::EditableHeaderSection-anchor\"]"}
RESULT: {}
RESULT: {"using":"xpath","value":"//*[@id=\"rfm.programui::xRFMxCU_ProgramObjectPage--fe::ObjectPage-anchBar-rfm.programui::xRFMxCU_ProgramObjectPage--fe::EditableHeaderSection-anchor\"]"}
COMMAND: POST /session/5137edba1e05708fe0a22897cbef073a/element/f.E9FCB901438473B5AA77786D707CBB51.d.63E90104DFA6EF5EB50E7B26D804ED63.e.565/click - {}
RESULT: {}
COMMAND: POST /session/5137edba1e05708fe0a22897cbef073a/execute/async - {"script":"<script> [21 bytes]","args":[{"selector":{"id":"rfm.programui::xRFMxCU_ProgramObjectPage--fe::HeaderFacet::FormContainer::headerFieldsGP1::FormElement::DataField::Name::Field-edit","interaction":{"idSuffix":"inner"}},"wdio_ui5_key":"rfmprogramui::xRFMxCU_ProgramObjectPage--fe::HeaderFacet::FormContainer::headerFieldsGP1::FormElement::DataField::Name::Field-edit"}]}
COMMAND: GET /session/5137edba1e05708fe0a22897cbef073a/screenshot - {}
RESULT: {"script":"<script> [21 bytes]","args":[{"selector":{"id":"rfm.programui::xRFMxCU_ProgramObjectPage--fe::HeaderFacet::FormContainer::headerFieldsGP1::FormElement::DataField::Name::Field-edit","interaction":{"idSuffix":"inner"}},"wdio_ui5_key":"rfmprogramui::xRFMxCU_ProgramObjectPage--fe::HeaderFacet::FormContainer::headerFieldsGP1::FormElement::DataField::Name::Field-edit"}]}
RESULT: undefined
COMMAND: POST /session/5137edba1e05708fe0a22897cbef073a/execute/async - {"script":"<script> [20 bytes]","args":[{"enterText":"WDIO_Limiting_2025-08-05","selector":{"id":"rfm.programui::xRFMxCU_ProgramObjectPage--fe::HeaderFacet::FormContainer::headerFieldsGP1::FormElement::DataField::Name::Field-edit","interaction":{"idSuffix":"inner"}},"clearTextFirst":true,"interactionType":"ENTER_TEXT"}]}
RESULT: {}
RESULT: {"script":"<script> [20 bytes]","args":[{"enterText":"WDIO_Limiting_2025-08-05","selector":{"id":"rfm.programui::xRFMxCU_ProgramObjectPage--fe::HeaderFacet::FormContainer::headerFieldsGP1::FormElement::DataField::Name::Field-edit","interaction":{"idSuffix":"inner"}},"clearTextFirst":true,"interactionType":"ENTER_TEXT"}]}
COMMAND: POST /session/5137edba1e05708fe0a22897cbef073a/execute/async - {"script":"<script> [21 bytes]","args":[{"selector":{"id":"rfm.programui::xRFMxCU_ProgramObjectPage--fe::FooterBar::StandardAction::Save","interaction":{"idSuffix":"BDI-content"}},"wdio_ui5_key":"rfmprogramui::xRFMxCU_ProgramObjectPage--fe::FooterBar::StandardAction::Save"}]}
RESULT: {"script":"<script> [21 bytes]","args":[{"selector":{"id":"rfm.programui::xRFMxCU_ProgramObjectPage--fe::FooterBar::StandardAction::Save","interaction":{"idSuffix":"BDI-content"}},"wdio_ui5_key":"rfmprogramui::xRFMxCU_ProgramObjectPage--fe::FooterBar::StandardAction::Save"}]}
RESULT: undefined
COMMAND: POST /session/5137edba1e05708fe0a22897cbef073a/element - {"using":"xpath","value":"//*[@id=\"rfm.programui::xRFMxCU_ProgramObjectPage--fe::FooterBar::StandardAction::Save\"]"}
RESULT: {"using":"xpath","value":"//*[@id=\"rfm.programui::xRFMxCU_ProgramObjectPage--fe::FooterBar::StandardAction::Save\"]"}
COMMAND: POST /session/5137edba1e05708fe0a22897cbef073a/element/f.E9FCB901438473B5AA77786D707CBB51.d.63E90104DFA6EF5EB50E7B26D804ED63.e.417/click - {}
RESULT: {}
COMMAND: POST /session/5137edba1e05708fe0a22897cbef073a/execute/async - {"script":"<script> [21 bytes]","args":[{"selector":{"id":"rfm.programui::xRFMxCU_ProgramObjectPage--fe::HeaderFacet::Form::headerFieldsGP1::DataField::ProgramId::Field-content"},"wdio_ui5_key":"rfmprogramui::xRFMxCU_ProgramObjectPage--fe::HeaderFacet::Form::headerFieldsGP1::DataField::ProgramId::Field-content"}]}
COMMAND: GET /session/5137edba1e05708fe0a22897cbef073a/screenshot - {}
RESULT: {"script":"<script> [21 bytes]","args":[{"selector":{"id":"rfm.programui::xRFMxCU_ProgramObjectPage--fe::HeaderFacet::Form::headerFieldsGP1::DataField::ProgramId::Field-content"},"wdio_ui5_key":"rfmprogramui::xRFMxCU_ProgramObjectPage--fe::HeaderFacet::Form::headerFieldsGP1::DataField::ProgramId::Field-content"}]}
RESULT: undefined
COMMAND: POST /session/5137edba1e05708fe0a22897cbef073a/execute/async - {"script":"<script> [21 bytes]","args":[{"element-6066-11e4-a52e-4f735466cecf":"f.E9FCB901438473B5AA77786D707CBB51.d.63E90104DFA6EF5EB50E7B26D804ED63.e.581"},"getText",[]]}
RESULT: {}
RESULT: {"script":"<script> [21 bytes]","args":[{"element-6066-11e4-a52e-4f735466cecf":"f.E9FCB901438473B5AA77786D707CBB51.d.63E90104DFA6EF5EB50E7B26D804ED63.e.581"},"getText",[]]}
COMMAND: POST /session/5137edba1e05708fe0a22897cbef073a/execute/async - {"script":"<script> [21 bytes]","args":[{"selector":{"id":"rfm.programui::xRFMxCU_ProgramObjectPage--fe::DataFieldForAction::com.sap.gateway.srvd.rfm.ui_program.v0001.Open::com.sap.gateway.srvd.rfm.ui_program.v0001.xRFMxCU_ProgramType","interaction":{"idSuffix":"BDI-content"}},"wdio_ui5_key":"rfmprogramui::xRFMxCU_ProgramObjectPage--fe::DataFieldForAction::com.sap.gateway.srvd.rfm.ui_program.v0001.Open::com.sap.gateway.srvd.rfm.ui_program.v0001.xRFMxCU_ProgramType"}]}
RESULT: {"script":"<script> [21 bytes]","args":[{"selector":{"id":"rfm.programui::xRFMxCU_ProgramObjectPage--fe::DataFieldForAction::com.sap.gateway.srvd.rfm.ui_program.v0001.Open::com.sap.gateway.srvd.rfm.ui_program.v0001.xRFMxCU_ProgramType","interaction":{"idSuffix":"BDI-content"}},"wdio_ui5_key":"rfmprogramui::xRFMxCU_ProgramObjectPage--fe::DataFieldForAction::com.sap.gateway.srvd.rfm.ui_program.v0001.Open::com.sap.gateway.srvd.rfm.ui_program.v0001.xRFMxCU_ProgramType"}]}
RESULT: undefined
COMMAND: POST /session/5137edba1e05708fe0a22897cbef073a/element - {"using":"xpath","value":"//*[@id=\"rfm.programui::xRFMxCU_ProgramObjectPage--fe::DataFieldForAction::com.sap.gateway.srvd.rfm.ui_program.v0001.Open::com.sap.gateway.srvd.rfm.ui_program.v0001.xRFMxCU_ProgramType\"]"}
RESULT: {"using":"xpath","value":"//*[@id=\"rfm.programui::xRFMxCU_ProgramObjectPage--fe::DataFieldForAction::com.sap.gateway.srvd.rfm.ui_program.v0001.Open::com.sap.gateway.srvd.rfm.ui_program.v0001.xRFMxCU_ProgramType\"]"}
COMMAND: POST /session/5137edba1e05708fe0a22897cbef073a/element/f.E9FCB901438473B5AA77786D707CBB51.d.63E90104DFA6EF5EB50E7B26D804ED63.e.341/click - {}
RESULT: {}
COMMAND: POST /session/5137edba1e05708fe0a22897cbef073a/execute/async - {"script":"<script> [21 bytes]","args":[{"selector":{"controlType":"sap.m.Button","properties":{"text":"OK"},"searchOpenDialogs":true,"interaction":{"idSuffix":"BDI-content"}},"wdio_ui5_key":"sapm.Button{\"text\":\"OK\"}"}]}
COMMAND: GET /session/5137edba1e05708fe0a22897cbef073a/screenshot - {}
RESULT: {"script":"<script> [21 bytes]","args":[{"selector":{"controlType":"sap.m.Button","properties":{"text":"OK"},"searchOpenDialogs":true,"interaction":{"idSuffix":"BDI-content"}},"wdio_ui5_key":"sapm.Button{\"text\":\"OK\"}"}]}
RESULT: undefined
COMMAND: POST /session/5137edba1e05708fe0a22897cbef073a/element - {"using":"xpath","value":"//*[@id=\"__mbox-btn-0\"]"}
RESULT: {}
RESULT: {"using":"xpath","value":"//*[@id=\"__mbox-btn-0\"]"}
COMMAND: POST /session/5137edba1e05708fe0a22897cbef073a/element/f.E9FCB901438473B5AA77786D707CBB51.d.63E90104DFA6EF5EB50E7B26D804ED63.e.584/click - {}
RESULT: {}
COMMAND: POST /session/5137edba1e05708fe0a22897cbef073a/execute/async - {"script":"<script> [21 bytes]","args":[{"selector":{"id":"backBtn"},"wdio_ui5_key":"backBtn"}]}
COMMAND: GET /session/5137edba1e05708fe0a22897cbef073a/screenshot - {}
RESULT: {"script":"<script> [21 bytes]","args":[{"selector":{"id":"backBtn"},"wdio_ui5_key":"backBtn"}]}
RESULT: undefined
COMMAND: POST /session/5137edba1e05708fe0a22897cbef073a/element - {"using":"xpath","value":"//*[@id=\"backBtn\"]"}
RESULT: {}
RESULT: {"using":"xpath","value":"//*[@id=\"backBtn\"]"}
COMMAND: POST /session/5137edba1e05708fe0a22897cbef073a/element/f.E9FCB901438473B5AA77786D707CBB51.d.63E90104DFA6EF5EB50E7B26D804ED63.e.589/click - {}
RESULT: {}
COMMAND: GET /session/5137edba1e05708fe0a22897cbef073a/screenshot - {}
RESULT: {}
COMMAND: POST /session/5137edba1e05708fe0a22897cbef073a/element/f.E9FCB901438473B5AA77786D707CBB51.d.63E90104DFA6EF5EB50E7B26D804ED63.e.589/click - {}
COMMAND: GET /session/5137edba1e05708fe0a22897cbef073a/screenshot - {}
]]></system-out>
    </testcase>
    <testcase classname="chrome.138_0_7204_169.windows.Limiting" name="Should create Transaction" time="56.804">
      <system-out><![CDATA[
COMMAND: POST /session/5137edba1e05708fe0a22897cbef073a/execute/async - {"script":"<script> [21 bytes]","args":[{"selector":{"controlType":"sap.m.GenericTile","properties":{"header":"Funding Transaction"}},"wdio_ui5_key":"sapm.GenericTile{\"header\":\"Funding Transaction\"}"}]}
RESULT: {}
COMMAND: GET /session/5137edba1e05708fe0a22897cbef073a/screenshot - {}
RESULT: {}
RESULT: {"script":"<script> [21 bytes]","args":[{"selector":{"controlType":"sap.m.GenericTile","properties":{"header":"Funding Transaction"}},"wdio_ui5_key":"sapm.GenericTile{\"header\":\"Funding Transaction\"}"}]}
RESULT: undefined
COMMAND: POST /session/5137edba1e05708fe0a22897cbef073a/element - {"using":"xpath","value":"//*[@id=\"__tile30\"]"}
RESULT: {}
RESULT: {"using":"xpath","value":"//*[@id=\"__tile30\"]"}
COMMAND: POST /session/5137edba1e05708fe0a22897cbef073a/element/f.E9FCB901438473B5AA77786D707CBB51.d.63E90104DFA6EF5EB50E7B26D804ED63.e.681/click - {}
RESULT: {}
COMMAND: POST /session/5137edba1e05708fe0a22897cbef073a/execute/async - {"script":"<script> [21 bytes]","args":[{"selector":{"id":"rfm.transactionui::xRFMxCU_TransactionList--fe::table::allTab::LineItem::StandardAction::Create","controlType":"sap.m.Button"},"wdio_ui5_key":"rfmtransactionui::xRFMxCU_TransactionList--fe::table::allTab::LineItem::StandardAction::Createsap.m.Button"}]}
COMMAND: GET /session/5137edba1e05708fe0a22897cbef073a/screenshot - {}
RESULT: {"script":"<script> [21 bytes]","args":[{"selector":{"id":"rfm.transactionui::xRFMxCU_TransactionList--fe::table::allTab::LineItem::StandardAction::Create","controlType":"sap.m.Button"},"wdio_ui5_key":"rfmtransactionui::xRFMxCU_TransactionList--fe::table::allTab::LineItem::StandardAction::Createsap.m.Button"}]}
RESULT: undefined
COMMAND: POST /session/5137edba1e05708fe0a22897cbef073a/element - {"using":"xpath","value":"//*[@id=\"rfm.transactionui::xRFMxCU_TransactionList--fe::table::allTab::LineItem::StandardAction::Create\"]"}
RESULT: {}
RESULT: {"using":"xpath","value":"//*[@id=\"rfm.transactionui::xRFMxCU_TransactionList--fe::table::allTab::LineItem::StandardAction::Create\"]"}
COMMAND: POST /session/5137edba1e05708fe0a22897cbef073a/element/f.E9FCB901438473B5AA77786D707CBB51.d.63E90104DFA6EF5EB50E7B26D804ED63.e.738/click - {}
RESULT: {}
COMMAND: POST /session/5137edba1e05708fe0a22897cbef073a/execute/async - {"script":"<script> [21 bytes]","args":[{"selector":{"id":"CreateDialog::xRFMxCU_TransactionType::ProgramId-inner-vhi","searchOpenDialogs":true},"wdio_ui5_key":"CreateDialogxRFMxCU_TransactionType::ProgramId-inner-vhi"}]}
COMMAND: GET /session/5137edba1e05708fe0a22897cbef073a/screenshot - {}
RESULT: {"script":"<script> [21 bytes]","args":[{"selector":{"id":"CreateDialog::xRFMxCU_TransactionType::ProgramId-inner-vhi","searchOpenDialogs":true},"wdio_ui5_key":"CreateDialogxRFMxCU_TransactionType::ProgramId-inner-vhi"}]}
RESULT: undefined
COMMAND: POST /session/5137edba1e05708fe0a22897cbef073a/element - {"using":"xpath","value":"//*[@id=\"CreateDialog::xRFMxCU_TransactionType::ProgramId-inner-vhi\"]"}
RESULT: {}
RESULT: {"using":"xpath","value":"//*[@id=\"CreateDialog::xRFMxCU_TransactionType::ProgramId-inner-vhi\"]"}
COMMAND: POST /session/5137edba1e05708fe0a22897cbef073a/element/f.E9FCB901438473B5AA77786D707CBB51.d.63E90104DFA6EF5EB50E7B26D804ED63.e.952/click - {}
RESULT: {}
COMMAND: POST /session/5137edba1e05708fe0a22897cbef073a/execute/async - {"script":"<script> [21 bytes]","args":[{"selector":{"id":"ProgramId::VH::Dialog::qualifier::-search-inner","searchOpenDialogs":true,"interaction":{"idSuffix":"I"}},"wdio_ui5_key":"ProgramIdVH::Dialog::qualifier::-search-inner"}]}
COMMAND: GET /session/5137edba1e05708fe0a22897cbef073a/screenshot - {}
RESULT: {"script":"<script> [21 bytes]","args":[{"selector":{"id":"ProgramId::VH::Dialog::qualifier::-search-inner","searchOpenDialogs":true,"interaction":{"idSuffix":"I"}},"wdio_ui5_key":"ProgramIdVH::Dialog::qualifier::-search-inner"}]}
RESULT: undefined
COMMAND: POST /session/5137edba1e05708fe0a22897cbef073a/execute/async - {"script":"<script> [20 bytes]","args":[{"enterText":"*1345*","selector":{"id":"ProgramId::VH::Dialog::qualifier::-search-inner","searchOpenDialogs":true,"interaction":{"idSuffix":"I"}},"clearTextFirst":true,"interactionType":"ENTER_TEXT"}]}
RESULT: {}
RESULT: {"script":"<script> [20 bytes]","args":[{"enterText":"*1345*","selector":{"id":"ProgramId::VH::Dialog::qualifier::-search-inner","searchOpenDialogs":true,"interaction":{"idSuffix":"I"}},"clearTextFirst":true,"interactionType":"ENTER_TEXT"}]}
COMMAND: POST /session/5137edba1e05708fe0a22897cbef073a/execute/async - {"script":"<script> [21 bytes]","args":[{"selector":{"id":"ProgramId::VH::Dialog::qualifier::::Table-innerTable-rows-row0","searchOpenDialogs":true},"wdio_ui5_key":"ProgramIdVH::Dialog::qualifier::::Table-innerTable-rows-row0"}]}
RESULT: {"script":"<script> [21 bytes]","args":[{"selector":{"id":"ProgramId::VH::Dialog::qualifier::::Table-innerTable-rows-row0","searchOpenDialogs":true},"wdio_ui5_key":"ProgramIdVH::Dialog::qualifier::::Table-innerTable-rows-row0"}]}
RESULT: undefined
COMMAND: POST /session/5137edba1e05708fe0a22897cbef073a/element - {"using":"xpath","value":"//*[@id=\"ProgramId::VH::Dialog::qualifier::::Table-innerTable-rows-row0\"]"}
RESULT: {"using":"xpath","value":"//*[@id=\"ProgramId::VH::Dialog::qualifier::::Table-innerTable-rows-row0\"]"}
COMMAND: POST /session/5137edba1e05708fe0a22897cbef073a/element/f.E9FCB901438473B5AA77786D707CBB51.d.63E90104DFA6EF5EB50E7B26D804ED63.e.961/click - {}
RESULT: {}
COMMAND: POST /session/5137edba1e05708fe0a22897cbef073a/execute/async - {"script":"<script> [21 bytes]","args":[{"selector":{"id":"CreateDialog::xRFMxCU_TransactionType::FundingType-inner","searchOpenDialogs":true,"interaction":{"idSuffix":"inner"}},"wdio_ui5_key":"CreateDialogxRFMxCU_TransactionType::FundingType-inner"}]}
COMMAND: GET /session/5137edba1e05708fe0a22897cbef073a/screenshot - {}
RESULT: {"script":"<script> [21 bytes]","args":[{"selector":{"id":"CreateDialog::xRFMxCU_TransactionType::FundingType-inner","searchOpenDialogs":true,"interaction":{"idSuffix":"inner"}},"wdio_ui5_key":"CreateDialogxRFMxCU_TransactionType::FundingType-inner"}]}
RESULT: undefined
COMMAND: POST /session/5137edba1e05708fe0a22897cbef073a/execute/async - {"script":"<script> [20 bytes]","args":[{"enterText":"Securitization (Structuring by Originator) (99)","selector":{"id":"CreateDialog::xRFMxCU_TransactionType::FundingType-inner","searchOpenDialogs":true,"interaction":{"idSuffix":"inner"}},"clearTextFirst":true,"interactionType":"ENTER_TEXT"}]}
RESULT: {}
RESULT: {"script":"<script> [20 bytes]","args":[{"enterText":"Securitization (Structuring by Originator) (99)","selector":{"id":"CreateDialog::xRFMxCU_TransactionType::FundingType-inner","searchOpenDialogs":true,"interaction":{"idSuffix":"inner"}},"clearTextFirst":true,"interactionType":"ENTER_TEXT"}]}
COMMAND: POST /session/5137edba1e05708fe0a22897cbef073a/execute/async - {"script":"<script> [21 bytes]","args":[{"selector":{"id":"CreateDialog::xRFMxCU_Transaction-footer","searchOpenDialogs":true},"wdio_ui5_key":"CreateDialogxRFMxCU_Transaction-footer"}]}
RESULT: {"script":"<script> [21 bytes]","args":[{"selector":{"id":"CreateDialog::xRFMxCU_Transaction-footer","searchOpenDialogs":true},"wdio_ui5_key":"CreateDialogxRFMxCU_Transaction-footer"}]}
RESULT: undefined
COMMAND: POST /session/5137edba1e05708fe0a22897cbef073a/element - {"using":"xpath","value":"//*[@id=\"CreateDialog::xRFMxCU_Transaction-footer\"]"}
RESULT: {"using":"xpath","value":"//*[@id=\"CreateDialog::xRFMxCU_Transaction-footer\"]"}
COMMAND: POST /session/5137edba1e05708fe0a22897cbef073a/element/f.E9FCB901438473B5AA77786D707CBB51.d.63E90104DFA6EF5EB50E7B26D804ED63.e.964/click - {}
RESULT: {}
COMMAND: POST /session/5137edba1e05708fe0a22897cbef073a/execute/async - {"script":"<script> [21 bytes]","args":[{"forceSelect":true,"selector":{"controlType":"sap.m.Button","viewName":"sap.fe.templates.ObjectPage.ObjectPage","viewId":"rfm.transactionui::xRFMxCU_TransactionObjectPage","properties":{"text":"Continue"},"searchOpenDialogs":true,"interaction":{"idSuffix":"BDI-content"}},"wdio_ui5_key":"sapfe.templates.ObjectPage.ObjectPagesap.m.Button{\"text\":\"Continue\"}"}]}
COMMAND: GET /session/5137edba1e05708fe0a22897cbef073a/screenshot - {}
RESULT: {"script":"<script> [21 bytes]","args":[{"forceSelect":true,"selector":{"controlType":"sap.m.Button","viewName":"sap.fe.templates.ObjectPage.ObjectPage","viewId":"rfm.transactionui::xRFMxCU_TransactionObjectPage","properties":{"text":"Continue"},"searchOpenDialogs":true,"interaction":{"idSuffix":"BDI-content"}},"wdio_ui5_key":"sapfe.templates.ObjectPage.ObjectPagesap.m.Button{\"text\":\"Continue\"}"}]}
RESULT: undefined
COMMAND: POST /session/5137edba1e05708fe0a22897cbef073a/element - {"using":"xpath","value":"//*[@id=\"__button245\"]"}
RESULT: {}
RESULT: {"using":"xpath","value":"//*[@id=\"__button245\"]"}
COMMAND: POST /session/5137edba1e05708fe0a22897cbef073a/element/f.E9FCB901438473B5AA77786D707CBB51.d.63E90104DFA6EF5EB50E7B26D804ED63.e.966/click - {}
RESULT: {}
COMMAND: POST /session/5137edba1e05708fe0a22897cbef073a/execute/async - {"script":"<script> [21 bytes]","args":[{"selector":{"id":"rfm.transactionui::xRFMxCU_TransactionObjectPage--fe::CustomSubSection::CustomDetailsSection--fe::FormContainer::FieldGroup::Term::FormElement::DataField::AssetCashflowDateFrom::Field-edit","interaction":{"idSuffix":"inner"}},"wdio_ui5_key":"rfmtransactionui::xRFMxCU_TransactionObjectPage--fe::CustomSubSection::CustomDetailsSection--fe::FormContainer::FieldGroup::Term::FormElement::DataField::AssetCashflowDateFrom::Field-edit"}]}
COMMAND: GET /session/5137edba1e05708fe0a22897cbef073a/screenshot - {}
RESULT: {"script":"<script> [21 bytes]","args":[{"selector":{"id":"rfm.transactionui::xRFMxCU_TransactionObjectPage--fe::CustomSubSection::CustomDetailsSection--fe::FormContainer::FieldGroup::Term::FormElement::DataField::AssetCashflowDateFrom::Field-edit","interaction":{"idSuffix":"inner"}},"wdio_ui5_key":"rfmtransactionui::xRFMxCU_TransactionObjectPage--fe::CustomSubSection::CustomDetailsSection--fe::FormContainer::FieldGroup::Term::FormElement::DataField::AssetCashflowDateFrom::Field-edit"}]}
RESULT: undefined
COMMAND: POST /session/5137edba1e05708fe0a22897cbef073a/execute/async - {"script":"<script> [20 bytes]","args":[{"enterText":"2025-01-01","selector":{"id":"rfm.transactionui::xRFMxCU_TransactionObjectPage--fe::CustomSubSection::CustomDetailsSection--fe::FormContainer::FieldGroup::Term::FormElement::DataField::AssetCashflowDateFrom::Field-edit","interaction":{"idSuffix":"inner"}},"clearTextFirst":true,"interactionType":"ENTER_TEXT"}]}
RESULT: {}
RESULT: {"script":"<script> [20 bytes]","args":[{"enterText":"2025-01-01","selector":{"id":"rfm.transactionui::xRFMxCU_TransactionObjectPage--fe::CustomSubSection::CustomDetailsSection--fe::FormContainer::FieldGroup::Term::FormElement::DataField::AssetCashflowDateFrom::Field-edit","interaction":{"idSuffix":"inner"}},"clearTextFirst":true,"interactionType":"ENTER_TEXT"}]}
COMMAND: POST /session/5137edba1e05708fe0a22897cbef073a/execute/async - {"script":"<script> [21 bytes]","args":[{"selector":{"id":"rfm.transactionui::xRFMxCU_TransactionObjectPage--fe::CustomSubSection::CustomDetailsSection--fe::FormContainer::FieldGroup::Term::FormElement::DataField::AssetCashflowDateTo::Field-edit","interaction":{"idSuffix":"inner"}},"wdio_ui5_key":"rfmtransactionui::xRFMxCU_TransactionObjectPage--fe::CustomSubSection::CustomDetailsSection--fe::FormContainer::FieldGroup::Term::FormElement::DataField::AssetCashflowDateTo::Field-edit"}]}
RESULT: {"script":"<script> [21 bytes]","args":[{"selector":{"id":"rfm.transactionui::xRFMxCU_TransactionObjectPage--fe::CustomSubSection::CustomDetailsSection--fe::FormContainer::FieldGroup::Term::FormElement::DataField::AssetCashflowDateTo::Field-edit","interaction":{"idSuffix":"inner"}},"wdio_ui5_key":"rfmtransactionui::xRFMxCU_TransactionObjectPage--fe::CustomSubSection::CustomDetailsSection--fe::FormContainer::FieldGroup::Term::FormElement::DataField::AssetCashflowDateTo::Field-edit"}]}
RESULT: undefined
COMMAND: POST /session/5137edba1e05708fe0a22897cbef073a/execute/async - {"script":"<script> [20 bytes]","args":[{"enterText":"2027-12-31","selector":{"id":"rfm.transactionui::xRFMxCU_TransactionObjectPage--fe::CustomSubSection::CustomDetailsSection--fe::FormContainer::FieldGroup::Term::FormElement::DataField::AssetCashflowDateTo::Field-edit","interaction":{"idSuffix":"inner"}},"clearTextFirst":true,"interactionType":"ENTER_TEXT"}]}
RESULT: {"script":"<script> [20 bytes]","args":[{"enterText":"2027-12-31","selector":{"id":"rfm.transactionui::xRFMxCU_TransactionObjectPage--fe::CustomSubSection::CustomDetailsSection--fe::FormContainer::FieldGroup::Term::FormElement::DataField::AssetCashflowDateTo::Field-edit","interaction":{"idSuffix":"inner"}},"clearTextFirst":true,"interactionType":"ENTER_TEXT"}]}
COMMAND: POST /session/5137edba1e05708fe0a22897cbef073a/execute/async - {"script":"<script> [21 bytes]","args":[{"selector":{"id":"rfm.transactionui::xRFMxCU_TransactionObjectPage--fe::ObjectPage-anchBar-rfm.transactionui::xRFMxCU_TransactionObjectPage--fe::EditableHeaderSection-anchor","interaction":{"idSuffix":"text"}},"wdio_ui5_key":"rfmtransactionui::xRFMxCU_TransactionObjectPage--fe::ObjectPage-anchBar-rfm.transactionui::xRFMxCU_TransactionObjectPage--fe::EditableHeaderSection-anchor"}]}
RESULT: {"script":"<script> [21 bytes]","args":[{"selector":{"id":"rfm.transactionui::xRFMxCU_TransactionObjectPage--fe::ObjectPage-anchBar-rfm.transactionui::xRFMxCU_TransactionObjectPage--fe::EditableHeaderSection-anchor","interaction":{"idSuffix":"text"}},"wdio_ui5_key":"rfmtransactionui::xRFMxCU_TransactionObjectPage--fe::ObjectPage-anchBar-rfm.transactionui::xRFMxCU_TransactionObjectPage--fe::EditableHeaderSection-anchor"}]}
RESULT: undefined
COMMAND: POST /session/5137edba1e05708fe0a22897cbef073a/element - {"using":"xpath","value":"//*[@id=\"rfm.transactionui::xRFMxCU_TransactionObjectPage--fe::ObjectPage-anchBar-rfm.transactionui::xRFMxCU_TransactionObjectPage--fe::EditableHeaderSection-anchor\"]"}
RESULT: {"using":"xpath","value":"//*[@id=\"rfm.transactionui::xRFMxCU_TransactionObjectPage--fe::ObjectPage-anchBar-rfm.transactionui::xRFMxCU_TransactionObjectPage--fe::EditableHeaderSection-anchor\"]"}
COMMAND: POST /session/5137edba1e05708fe0a22897cbef073a/element/f.E9FCB901438473B5AA77786D707CBB51.d.63E90104DFA6EF5EB50E7B26D804ED63.e.1022/click - {}
RESULT: {}
COMMAND: POST /session/5137edba1e05708fe0a22897cbef073a/execute/async - {"script":"<script> [21 bytes]","args":[{"selector":{"id":"rfm.transactionui::xRFMxCU_TransactionObjectPage--fe::HeaderFacet::FormContainer::headerFieldsGP1::FormElement::DataField::Name::Field-edit","interaction":{"idSuffix":"inner"}},"wdio_ui5_key":"rfmtransactionui::xRFMxCU_TransactionObjectPage--fe::HeaderFacet::FormContainer::headerFieldsGP1::FormElement::DataField::Name::Field-edit"}]}
COMMAND: GET /session/5137edba1e05708fe0a22897cbef073a/screenshot - {}
RESULT: {"script":"<script> [21 bytes]","args":[{"selector":{"id":"rfm.transactionui::xRFMxCU_TransactionObjectPage--fe::HeaderFacet::FormContainer::headerFieldsGP1::FormElement::DataField::Name::Field-edit","interaction":{"idSuffix":"inner"}},"wdio_ui5_key":"rfmtransactionui::xRFMxCU_TransactionObjectPage--fe::HeaderFacet::FormContainer::headerFieldsGP1::FormElement::DataField::Name::Field-edit"}]}
RESULT: undefined
COMMAND: POST /session/5137edba1e05708fe0a22897cbef073a/execute/async - {"script":"<script> [20 bytes]","args":[{"enterText":"WDIO_Limiting_2025-08-05","selector":{"id":"rfm.transactionui::xRFMxCU_TransactionObjectPage--fe::HeaderFacet::FormContainer::headerFieldsGP1::FormElement::DataField::Name::Field-edit","interaction":{"idSuffix":"inner"}},"clearTextFirst":true,"interactionType":"ENTER_TEXT"}]}
RESULT: {}
RESULT: {"script":"<script> [20 bytes]","args":[{"enterText":"WDIO_Limiting_2025-08-05","selector":{"id":"rfm.transactionui::xRFMxCU_TransactionObjectPage--fe::HeaderFacet::FormContainer::headerFieldsGP1::FormElement::DataField::Name::Field-edit","interaction":{"idSuffix":"inner"}},"clearTextFirst":true,"interactionType":"ENTER_TEXT"}]}
COMMAND: POST /session/5137edba1e05708fe0a22897cbef073a/execute/async - {"script":"<script> [21 bytes]","args":[{"selector":{"id":"rfm.transactionui::xRFMxCU_TransactionObjectPage--fe::HeaderFacet::FormContainer::headerFieldsGP1::FormElement::DataField::TransactionId::Field-display"},"wdio_ui5_key":"rfmtransactionui::xRFMxCU_TransactionObjectPage--fe::HeaderFacet::FormContainer::headerFieldsGP1::FormElement::DataField::TransactionId::Field-display"}]}
RESULT: {"script":"<script> [21 bytes]","args":[{"selector":{"id":"rfm.transactionui::xRFMxCU_TransactionObjectPage--fe::HeaderFacet::FormContainer::headerFieldsGP1::FormElement::DataField::TransactionId::Field-display"},"wdio_ui5_key":"rfmtransactionui::xRFMxCU_TransactionObjectPage--fe::HeaderFacet::FormContainer::headerFieldsGP1::FormElement::DataField::TransactionId::Field-display"}]}
RESULT: undefined
COMMAND: POST /session/5137edba1e05708fe0a22897cbef073a/execute/async - {"script":"<script> [21 bytes]","args":[{"element-6066-11e4-a52e-4f735466cecf":"f.E9FCB901438473B5AA77786D707CBB51.d.63E90104DFA6EF5EB50E7B26D804ED63.e.1030"},"getText",[]]}
RESULT: {"script":"<script> [21 bytes]","args":[{"element-6066-11e4-a52e-4f735466cecf":"f.E9FCB901438473B5AA77786D707CBB51.d.63E90104DFA6EF5EB50E7B26D804ED63.e.1030"},"getText",[]]}
COMMAND: POST /session/5137edba1e05708fe0a22897cbef073a/execute/async - {"script":"<script> [21 bytes]","args":[{"selector":{"id":"rfm.transactionui::xRFMxCU_TransactionObjectPage--fe::ObjectPage-anchBar-rfm.transactionui::xRFMxCU_TransactionObjectPage--fe::FacetSection::FundingScopeCollection-anchor"},"wdio_ui5_key":"rfmtransactionui::xRFMxCU_TransactionObjectPage--fe::ObjectPage-anchBar-rfm.transactionui::xRFMxCU_TransactionObjectPage--fe::FacetSection::FundingScopeCollection-anchor"}]}
RESULT: {"script":"<script> [21 bytes]","args":[{"selector":{"id":"rfm.transactionui::xRFMxCU_TransactionObjectPage--fe::ObjectPage-anchBar-rfm.transactionui::xRFMxCU_TransactionObjectPage--fe::FacetSection::FundingScopeCollection-anchor"},"wdio_ui5_key":"rfmtransactionui::xRFMxCU_TransactionObjectPage--fe::ObjectPage-anchBar-rfm.transactionui::xRFMxCU_TransactionObjectPage--fe::FacetSection::FundingScopeCollection-anchor"}]}
RESULT: undefined
COMMAND: POST /session/5137edba1e05708fe0a22897cbef073a/element - {"using":"xpath","value":"//*[@id=\"rfm.transactionui::xRFMxCU_TransactionObjectPage--fe::ObjectPage-anchBar-rfm.transactionui::xRFMxCU_TransactionObjectPage--fe::FacetSection::FundingScopeCollection-anchor\"]"}
RESULT: {"using":"xpath","value":"//*[@id=\"rfm.transactionui::xRFMxCU_TransactionObjectPage--fe::ObjectPage-anchBar-rfm.transactionui::xRFMxCU_TransactionObjectPage--fe::FacetSection::FundingScopeCollection-anchor\"]"}
COMMAND: POST /session/5137edba1e05708fe0a22897cbef073a/element/f.E9FCB901438473B5AA77786D707CBB51.d.63E90104DFA6EF5EB50E7B26D804ED63.e.1031/click - {}
RESULT: {}
COMMAND: POST /session/5137edba1e05708fe0a22897cbef073a/execute/async - {"script":"<script> [21 bytes]","args":[{"selector":{"controlType":"sap.ui.mdc.field.FieldInput","viewName":"sap.fe.templates.ObjectPage.ObjectPage","viewId":"rfm.transactionui::xRFMxCU_TransactionObjectPage","bindingPath":{"path":"","propertyPath":"/conditions","modelName":"$field"},"ancestor":{"controlType":"sap.ui.mdc.Field","viewName":"sap.fe.templates.ObjectPage.ObjectPage","viewId":"rfm.transactionui::xRFMxCU_TransactionObjectPage","bindingPath":{"path":"/xRFMxCU_Transaction(TransactionId='847',IsActiveEntity=false)/_TransactionCFPart(TransactionId='847',CashFlowPartType='1',IsActiveEntity=false)","propertyPath":"__EntityControl/Updatable"}},"interaction":{"idSuffix":"inner"}},"wdio_ui5_key":"sapfe.templates.ObjectPage.ObjectPagesap.ui.mdc.field.FieldInput{\"path\":\"\",\"propertyPath\":\"/conditions\",\"modelName\":\"$field\"}{\"controlType\":\"sap.ui.mdc.Field\",\"viewName\":\"sap.fe.templates.ObjectPage.ObjectPage\",\"viewId\":\"rfm.transactionui::xRFMxCU_TransactionObjectPage\",\"bindingPath\":{\"path\":\"/xRFMxCU_Transaction(TransactionId='847',IsActiveEntity=false)/_TransactionCFPart(TransactionId='847',CashFlowPartType='1',IsActiveEntity=false)\",\"propertyPath\":\"__EntityControl/Updatable\"}}"}]}
COMMAND: GET /session/5137edba1e05708fe0a22897cbef073a/screenshot - {}
RESULT: {"script":"<script> [21 bytes]","args":[{"selector":{"controlType":"sap.ui.mdc.field.FieldInput","viewName":"sap.fe.templates.ObjectPage.ObjectPage","viewId":"rfm.transactionui::xRFMxCU_TransactionObjectPage","bindingPath":{"path":"","propertyPath":"/conditions","modelName":"$field"},"ancestor":{"controlType":"sap.ui.mdc.Field","viewName":"sap.fe.templates.ObjectPage.ObjectPage","viewId":"rfm.transactionui::xRFMxCU_TransactionObjectPage","bindingPath":{"path":"/xRFMxCU_Transaction(TransactionId='847',IsActiveEntity=false)/_TransactionCFPart(TransactionId='847',CashFlowPartType='1',IsActiveEntity=false)","propertyPath":"__EntityControl/Updatable"}},"interaction":{"idSuffix":"inner"}},"wdio_ui5_key":"sapfe.templates.ObjectPage.ObjectPagesap.ui.mdc.field.FieldInput{\"path\":\"\",\"propertyPath\":\"/conditions\",\"modelName\":\"$field\"}{\"controlType\":\"sap.ui.mdc.Field\",\"viewName\":\"sap.fe.templates.ObjectPage.ObjectPage\",\"viewId\":\"rfm.transactionui::xRFMxCU_TransactionObjectPage\",\"bindingPath\":{\"path\":\"/xRFMxCU_Transaction(TransactionId='847',IsActiveEntity=false)/_TransactionCFPart(TransactionId='847',CashFlowPartType='1',IsActiveEntity=false)\",\"propertyPath\":\"__EntityControl/Updatable\"}}"}]}
RESULT: undefined
COMMAND: POST /session/5137edba1e05708fe0a22897cbef073a/execute/async - {"script":"<script> [20 bytes]","args":[{"enterText":"Funding","selector":{"controlType":"sap.ui.mdc.field.FieldInput","viewName":"sap.fe.templates.ObjectPage.ObjectPage","viewId":"rfm.transactionui::xRFMxCU_TransactionObjectPage","bindingPath":{"path":"","propertyPath":"/conditions","modelName":"$field"},"ancestor":{"controlType":"sap.ui.mdc.Field","viewName":"sap.fe.templates.ObjectPage.ObjectPage","viewId":"rfm.transactionui::xRFMxCU_TransactionObjectPage","bindingPath":{"path":"/xRFMxCU_Transaction(TransactionId='847',IsActiveEntity=false)/_TransactionCFPart(TransactionId='847',CashFlowPartType='1',IsActiveEntity=false)","propertyPath":"__EntityControl/Updatable"}},"interaction":{"idSuffix":"inner"}},"clearTextFirst":true,"interactionType":"ENTER_TEXT"}]}
RESULT: {}
RESULT: {"script":"<script> [20 bytes]","args":[{"enterText":"Funding","selector":{"controlType":"sap.ui.mdc.field.FieldInput","viewName":"sap.fe.templates.ObjectPage.ObjectPage","viewId":"rfm.transactionui::xRFMxCU_TransactionObjectPage","bindingPath":{"path":"","propertyPath":"/conditions","modelName":"$field"},"ancestor":{"controlType":"sap.ui.mdc.Field","viewName":"sap.fe.templates.ObjectPage.ObjectPage","viewId":"rfm.transactionui::xRFMxCU_TransactionObjectPage","bindingPath":{"path":"/xRFMxCU_Transaction(TransactionId='847',IsActiveEntity=false)/_TransactionCFPart(TransactionId='847',CashFlowPartType='1',IsActiveEntity=false)","propertyPath":"__EntityControl/Updatable"}},"interaction":{"idSuffix":"inner"}},"clearTextFirst":true,"interactionType":"ENTER_TEXT"}]}
COMMAND: POST /session/5137edba1e05708fe0a22897cbef073a/execute/async - {"script":"<script> [21 bytes]","args":[{"selector":{"id":"rfm.transactionui::xRFMxCU_TransactionObjectPage--fe::table::_TransactionCFPart::LineItem-innerTable-rows-row1","interaction":{"idSuffix":"col0"}},"wdio_ui5_key":"rfmtransactionui::xRFMxCU_TransactionObjectPage--fe::table::_TransactionCFPart::LineItem-innerTable-rows-row1"}]}
RESULT: {"script":"<script> [21 bytes]","args":[{"selector":{"id":"rfm.transactionui::xRFMxCU_TransactionObjectPage--fe::table::_TransactionCFPart::LineItem-innerTable-rows-row1","interaction":{"idSuffix":"col0"}},"wdio_ui5_key":"rfmtransactionui::xRFMxCU_TransactionObjectPage--fe::table::_TransactionCFPart::LineItem-innerTable-rows-row1"}]}
RESULT: undefined
COMMAND: POST /session/5137edba1e05708fe0a22897cbef073a/element - {"using":"xpath","value":"//*[@id=\"rfm.transactionui::xRFMxCU_TransactionObjectPage--fe::table::_TransactionCFPart::LineItem-innerTable-rows-row1\"]"}
RESULT: {"using":"xpath","value":"//*[@id=\"rfm.transactionui::xRFMxCU_TransactionObjectPage--fe::table::_TransactionCFPart::LineItem-innerTable-rows-row1\"]"}
COMMAND: POST /session/5137edba1e05708fe0a22897cbef073a/element/f.E9FCB901438473B5AA77786D707CBB51.d.63E90104DFA6EF5EB50E7B26D804ED63.e.1042/click - {}
RESULT: {}
COMMAND: GET /session/5137edba1e05708fe0a22897cbef073a/screenshot - {}
RESULT: {}
COMMAND: POST /session/5137edba1e05708fe0a22897cbef073a/execute/async - {"script":"<script> [21 bytes]","args":[{"forceSelect":true,"selector":{"controlType":"sap.ui.mdc.field.FieldInput","viewName":"sap.fe.templates.ObjectPage.ObjectPage","viewId":"rfm.transactionui::xRFMxCU_TransactionObjectPage","bindingPath":{"path":"","propertyPath":"/conditions","modelName":"$field"},"ancestor":{"controlType":"sap.ui.mdc.Field","viewName":"sap.fe.templates.ObjectPage.ObjectPage","viewId":"rfm.transactionui::xRFMxCU_TransactionObjectPage","bindingPath":{"path":"/xRFMxCU_Transaction(TransactionId='847',IsActiveEntity=false)/_TransactionCFPart(TransactionId='847',CashFlowPartType='2',IsActiveEntity=false)","propertyPath":"__EntityControl/Updatable"}},"interaction":{"idSuffix":"inner"}},"wdio_ui5_key":"sapfe.templates.ObjectPage.ObjectPagesap.ui.mdc.field.FieldInput{\"path\":\"\",\"propertyPath\":\"/conditions\",\"modelName\":\"$field\"}{\"controlType\":\"sap.ui.mdc.Field\",\"viewName\":\"sap.fe.templates.ObjectPage.ObjectPage\",\"viewId\":\"rfm.transactionui::xRFMxCU_TransactionObjectPage\",\"bindingPath\":{\"path\":\"/xRFMxCU_Transaction(TransactionId='847',IsActiveEntity=false)/_TransactionCFPart(TransactionId='847',CashFlowPartType='2',IsActiveEntity=false)\",\"propertyPath\":\"__EntityControl/Updatable\"}}"}]}
RESULT: {"script":"<script> [21 bytes]","args":[{"forceSelect":true,"selector":{"controlType":"sap.ui.mdc.field.FieldInput","viewName":"sap.fe.templates.ObjectPage.ObjectPage","viewId":"rfm.transactionui::xRFMxCU_TransactionObjectPage","bindingPath":{"path":"","propertyPath":"/conditions","modelName":"$field"},"ancestor":{"controlType":"sap.ui.mdc.Field","viewName":"sap.fe.templates.ObjectPage.ObjectPage","viewId":"rfm.transactionui::xRFMxCU_TransactionObjectPage","bindingPath":{"path":"/xRFMxCU_Transaction(TransactionId='847',IsActiveEntity=false)/_TransactionCFPart(TransactionId='847',CashFlowPartType='2',IsActiveEntity=false)","propertyPath":"__EntityControl/Updatable"}},"interaction":{"idSuffix":"inner"}},"wdio_ui5_key":"sapfe.templates.ObjectPage.ObjectPagesap.ui.mdc.field.FieldInput{\"path\":\"\",\"propertyPath\":\"/conditions\",\"modelName\":\"$field\"}{\"controlType\":\"sap.ui.mdc.Field\",\"viewName\":\"sap.fe.templates.ObjectPage.ObjectPage\",\"viewId\":\"rfm.transactionui::xRFMxCU_TransactionObjectPage\",\"bindingPath\":{\"path\":\"/xRFMxCU_Transaction(TransactionId='847',IsActiveEntity=false)/_TransactionCFPart(TransactionId='847',CashFlowPartType='2',IsActiveEntity=false)\",\"propertyPath\":\"__EntityControl/Updatable\"}}"}]}
RESULT: undefined
COMMAND: POST /session/5137edba1e05708fe0a22897cbef073a/execute/async - {"script":"<script> [21 bytes]","args":[{"selector":{"id":"__field11-__clone716-__clone904-inner"}}]}
RESULT: {"script":"<script> [21 bytes]","args":[{"selector":{"id":"__field11-__clone716-__clone904-inner"}}]}
COMMAND: POST /session/5137edba1e05708fe0a22897cbef073a/execute/async - {"script":"<script> [21 bytes]","args":[{"element-6066-11e4-a52e-4f735466cecf":"f.E9FCB901438473B5AA77786D707CBB51.d.63E90104DFA6EF5EB50E7B26D804ED63.e.1037"},"getEditable",[]]}
RESULT: {"script":"<script> [21 bytes]","args":[{"element-6066-11e4-a52e-4f735466cecf":"f.E9FCB901438473B5AA77786D707CBB51.d.63E90104DFA6EF5EB50E7B26D804ED63.e.1037"},"getEditable",[]]}
COMMAND: POST /session/5137edba1e05708fe0a22897cbef073a/execute/async - {"script":"<script> [21 bytes]","args":[{"selector":{"id":"__field11-__clone716-__clone904-inner-vhi"}}]}
RESULT: {"script":"<script> [21 bytes]","args":[{"selector":{"id":"__field11-__clone716-__clone904-inner-vhi"}}]}
COMMAND: POST /session/5137edba1e05708fe0a22897cbef073a/execute/async - {"script":"<script> [21 bytes]","args":[{"element-6066-11e4-a52e-4f735466cecf":"f.E9FCB901438473B5AA77786D707CBB51.d.63E90104DFA6EF5EB50E7B26D804ED63.e.1037"},"getVisible",[]]}
RESULT: {"script":"<script> [21 bytes]","args":[{"element-6066-11e4-a52e-4f735466cecf":"f.E9FCB901438473B5AA77786D707CBB51.d.63E90104DFA6EF5EB50E7B26D804ED63.e.1037"},"getVisible",[]]}
COMMAND: POST /session/5137edba1e05708fe0a22897cbef073a/execute/async - {"script":"<script> [20 bytes]","args":[{"enterText":"Funding","selector":{"controlType":"sap.ui.mdc.field.FieldInput","viewName":"sap.fe.templates.ObjectPage.ObjectPage","viewId":"rfm.transactionui::xRFMxCU_TransactionObjectPage","bindingPath":{"path":"","propertyPath":"/conditions","modelName":"$field"},"ancestor":{"controlType":"sap.ui.mdc.Field","viewName":"sap.fe.templates.ObjectPage.ObjectPage","viewId":"rfm.transactionui::xRFMxCU_TransactionObjectPage","bindingPath":{"path":"/xRFMxCU_Transaction(TransactionId='847',IsActiveEntity=false)/_TransactionCFPart(TransactionId='847',CashFlowPartType='2',IsActiveEntity=false)","propertyPath":"__EntityControl/Updatable"}},"interaction":{"idSuffix":"inner"}},"clearTextFirst":true,"interactionType":"ENTER_TEXT"}]}
RESULT: {"script":"<script> [20 bytes]","args":[{"enterText":"Funding","selector":{"controlType":"sap.ui.mdc.field.FieldInput","viewName":"sap.fe.templates.ObjectPage.ObjectPage","viewId":"rfm.transactionui::xRFMxCU_TransactionObjectPage","bindingPath":{"path":"","propertyPath":"/conditions","modelName":"$field"},"ancestor":{"controlType":"sap.ui.mdc.Field","viewName":"sap.fe.templates.ObjectPage.ObjectPage","viewId":"rfm.transactionui::xRFMxCU_TransactionObjectPage","bindingPath":{"path":"/xRFMxCU_Transaction(TransactionId='847',IsActiveEntity=false)/_TransactionCFPart(TransactionId='847',CashFlowPartType='2',IsActiveEntity=false)","propertyPath":"__EntityControl/Updatable"}},"interaction":{"idSuffix":"inner"}},"clearTextFirst":true,"interactionType":"ENTER_TEXT"}]}
COMMAND: POST /session/5137edba1e05708fe0a22897cbef073a/execute/async - {"script":"<script> [21 bytes]","args":[{"selector":{"id":"rfm.transactionui::xRFMxCU_TransactionObjectPage--fe::FooterBar::StandardAction::Save","interaction":{"idSuffix":"BDI-content"}},"wdio_ui5_key":"rfmtransactionui::xRFMxCU_TransactionObjectPage--fe::FooterBar::StandardAction::Save"}]}
RESULT: {"script":"<script> [21 bytes]","args":[{"selector":{"id":"rfm.transactionui::xRFMxCU_TransactionObjectPage--fe::FooterBar::StandardAction::Save","interaction":{"idSuffix":"BDI-content"}},"wdio_ui5_key":"rfmtransactionui::xRFMxCU_TransactionObjectPage--fe::FooterBar::StandardAction::Save"}]}
RESULT: undefined
COMMAND: POST /session/5137edba1e05708fe0a22897cbef073a/element - {"using":"xpath","value":"//*[@id=\"rfm.transactionui::xRFMxCU_TransactionObjectPage--fe::FooterBar::StandardAction::Save\"]"}
RESULT: {"using":"xpath","value":"//*[@id=\"rfm.transactionui::xRFMxCU_TransactionObjectPage--fe::FooterBar::StandardAction::Save\"]"}
COMMAND: POST /session/5137edba1e05708fe0a22897cbef073a/element/f.E9FCB901438473B5AA77786D707CBB51.d.63E90104DFA6EF5EB50E7B26D804ED63.e.1046/click - {}
RESULT: {}
COMMAND: POST /session/5137edba1e05708fe0a22897cbef073a/execute/async - {"script":"<script> [21 bytes]","args":[{"selector":{"id":"rfm.transactionui::xRFMxCU_TransactionObjectPage--fe::FooterBar::MessageButton-img"},"wdio_ui5_key":"rfmtransactionui::xRFMxCU_TransactionObjectPage--fe::FooterBar::MessageButton-img"}]}
COMMAND: GET /session/5137edba1e05708fe0a22897cbef073a/screenshot - {}
RESULT: {"script":"<script> [21 bytes]","args":[{"selector":{"id":"rfm.transactionui::xRFMxCU_TransactionObjectPage--fe::FooterBar::MessageButton-img"},"wdio_ui5_key":"rfmtransactionui::xRFMxCU_TransactionObjectPage--fe::FooterBar::MessageButton-img"}]}
RESULT: undefined
COMMAND: POST /session/5137edba1e05708fe0a22897cbef073a/url - {"url":"https://d4debac0-4a79-4bd3-a71c-dba92f957697.abap-web.eu10.hana.ondemand.com/ui#Shell-home"}
RESULT: {}
RESULT: {"url":"https://d4debac0-4a79-4bd3-a71c-dba92f957697.abap-web.eu10.hana.ondemand.com/ui#Shell-home"}
RESULT: undefined
COMMAND: GET /session/5137edba1e05708fe0a22897cbef073a/screenshot - {}
]]></system-out>
    </testcase>
    <testcase classname="chrome.138_0_7204_169.windows.Limiting" name="Should filter created Transaction" time="16.479">
      <system-out><![CDATA[
COMMAND: GET /session/5137edba1e05708fe0a22897cbef073a/screenshot - {}
COMMAND: POST /session/5137edba1e05708fe0a22897cbef073a/execute/async - {"script":"<script> [21 bytes]","args":[{"selector":{"controlType":"sap.m.GenericTile","properties":{"header":"Limiting"}},"wdio_ui5_key":"sapm.GenericTile{\"header\":\"Limiting\"}"}]}
RESULT: {}
RESULT: {}
RESULT: {"script":"<script> [21 bytes]","args":[{"selector":{"controlType":"sap.m.GenericTile","properties":{"header":"Limiting"}},"wdio_ui5_key":"sapm.GenericTile{\"header\":\"Limiting\"}"}]}
RESULT: undefined
COMMAND: POST /session/5137edba1e05708fe0a22897cbef073a/element - {"using":"xpath","value":"//*[@id=\"__tile32\"]"}
RESULT: {"using":"xpath","value":"//*[@id=\"__tile32\"]"}
COMMAND: POST /session/5137edba1e05708fe0a22897cbef073a/element/f.E9FCB901438473B5AA77786D707CBB51.d.63E90104DFA6EF5EB50E7B26D804ED63.e.1070/click - {}
RESULT: {}
COMMAND: POST /session/5137edba1e05708fe0a22897cbef073a/execute/async - {"script":"<script> [21 bytes]","args":[{"selector":{"id":"rfm.limitingui::xRFMxCU_LimitingList--fe::FilterBar::xRFMxCU_Limiting::FilterField::TransactionId-inner","interaction":{"idSuffix":"inner"}},"wdio_ui5_key":"rfmlimitingui::xRFMxCU_LimitingList--fe::FilterBar::xRFMxCU_Limiting::FilterField::TransactionId-inner"}]}
COMMAND: GET /session/5137edba1e05708fe0a22897cbef073a/screenshot - {}
RESULT: {"script":"<script> [21 bytes]","args":[{"selector":{"id":"rfm.limitingui::xRFMxCU_LimitingList--fe::FilterBar::xRFMxCU_Limiting::FilterField::TransactionId-inner","interaction":{"idSuffix":"inner"}},"wdio_ui5_key":"rfmlimitingui::xRFMxCU_LimitingList--fe::FilterBar::xRFMxCU_Limiting::FilterField::TransactionId-inner"}]}
RESULT: undefined
COMMAND: POST /session/5137edba1e05708fe0a22897cbef073a/execute/async - {"script":"<script> [20 bytes]","args":[{"enterText":"847","selector":{"id":"rfm.limitingui::xRFMxCU_LimitingList--fe::FilterBar::xRFMxCU_Limiting::FilterField::TransactionId-inner","interaction":{"idSuffix":"inner"}},"clearTextFirst":true,"interactionType":"ENTER_TEXT"}]}
RESULT: {}
RESULT: {"script":"<script> [20 bytes]","args":[{"enterText":"847","selector":{"id":"rfm.limitingui::xRFMxCU_LimitingList--fe::FilterBar::xRFMxCU_Limiting::FilterField::TransactionId-inner","interaction":{"idSuffix":"inner"}},"clearTextFirst":true,"interactionType":"ENTER_TEXT"}]}
COMMAND: POST /session/5137edba1e05708fe0a22897cbef073a/execute/async - {"script":"<script> [21 bytes]","args":[{"selector":{"id":"rfm.limitingui::xRFMxCU_LimitingList--fe::FilterBar::xRFMxCU_Limiting-btnSearch","interaction":{"idSuffix":"BDI-content"}},"wdio_ui5_key":"rfmlimitingui::xRFMxCU_LimitingList--fe::FilterBar::xRFMxCU_Limiting-btnSearch"}]}
RESULT: {"script":"<script> [21 bytes]","args":[{"selector":{"id":"rfm.limitingui::xRFMxCU_LimitingList--fe::FilterBar::xRFMxCU_Limiting-btnSearch","interaction":{"idSuffix":"BDI-content"}},"wdio_ui5_key":"rfmlimitingui::xRFMxCU_LimitingList--fe::FilterBar::xRFMxCU_Limiting-btnSearch"}]}
RESULT: undefined
COMMAND: POST /session/5137edba1e05708fe0a22897cbef073a/element - {"using":"xpath","value":"//*[@id=\"rfm.limitingui::xRFMxCU_LimitingList--fe::FilterBar::xRFMxCU_Limiting-btnSearch\"]"}
RESULT: {"using":"xpath","value":"//*[@id=\"rfm.limitingui::xRFMxCU_LimitingList--fe::FilterBar::xRFMxCU_Limiting-btnSearch\"]"}
COMMAND: POST /session/5137edba1e05708fe0a22897cbef073a/element/f.E9FCB901438473B5AA77786D707CBB51.d.63E90104DFA6EF5EB50E7B26D804ED63.e.1173/click - {}
RESULT: {}
COMMAND: GET /session/5137edba1e05708fe0a22897cbef073a/screenshot - {}
RESULT: {}
COMMAND: POST /session/5137edba1e05708fe0a22897cbef073a/execute/async - {"script":"<script> [21 bytes]","args":[{"selector":{"id":"rfm.limitingui::xRFMxCU_LimitingList--fe::table::allTab::LineItem-innerTable-rows-row0"},"wdio_ui5_key":"rfmlimitingui::xRFMxCU_LimitingList--fe::table::allTab::LineItem-innerTable-rows-row0"}]}
RESULT: {"script":"<script> [21 bytes]","args":[{"selector":{"id":"rfm.limitingui::xRFMxCU_LimitingList--fe::table::allTab::LineItem-innerTable-rows-row0"},"wdio_ui5_key":"rfmlimitingui::xRFMxCU_LimitingList--fe::table::allTab::LineItem-innerTable-rows-row0"}]}
RESULT: undefined
COMMAND: POST /session/5137edba1e05708fe0a22897cbef073a/element - {"using":"xpath","value":"//*[@id=\"rfm.limitingui::xRFMxCU_LimitingList--fe::table::allTab::LineItem-innerTable-rows-row0\"]"}
RESULT: {"using":"xpath","value":"//*[@id=\"rfm.limitingui::xRFMxCU_LimitingList--fe::table::allTab::LineItem-innerTable-rows-row0\"]"}
COMMAND: POST /session/5137edba1e05708fe0a22897cbef073a/element/f.E9FCB901438473B5AA77786D707CBB51.d.63E90104DFA6EF5EB50E7B26D804ED63.e.1175/click - {}
RESULT: {}
RESULT: undefined
COMMAND: POST /session/5137edba1e05708fe0a22897cbef073a/execute/async - {"script":"<script> [21 bytes]","args":[{"element-6066-11e4-a52e-4f735466cecf":"f.E9FCB901438473B5AA77786D707CBB51.d.63E90104DFA6EF5EB50E7B26D804ED63.e.1175"},"getBindingContext",[]]}
COMMAND: GET /session/5137edba1e05708fe0a22897cbef073a/screenshot - {}
RESULT: {"script":"<script> [21 bytes]","args":[{"element-6066-11e4-a52e-4f735466cecf":"f.E9FCB901438473B5AA77786D707CBB51.d.63E90104DFA6EF5EB50E7B26D804ED63.e.1175"},"getBindingContext",[]]}
COMMAND: POST /session/5137edba1e05708fe0a22897cbef073a/execute/async - {"script":"<script> [21 bytes]","args":["be4e2ae4-95ea-48c6-be49-066dd3c400e2","getPath",[]]}
RESULT: {}
RESULT: {"script":"<script> [21 bytes]","args":["be4e2ae4-95ea-48c6-be49-066dd3c400e2","getPath",[]]}
COMMAND: POST /session/5137edba1e05708fe0a22897cbef073a/execute/async - {"script":"<script> [21 bytes]","args":[{"selector":{"controlType":"sap.m.Link","viewName":"sap.fe.templates.ListReport.ListReport","viewId":"rfm.limitingui::xRFMxCU_LimitingList","bindingPath":{"path":"/xRFMxCU_Limiting(LimitingId=4e4439c8-6b75-1fd0-9cb3-3bb625ecdbf0,IsActiveEntity=true)","propertyPath":"TransactionId"}},"wdio_ui5_key":"sapfe.templates.ListReport.ListReportsap.m.Link{\"path\":\"/xRFMxCU_Limiting(LimitingId=4e4439c8-6b75-1fd0-9cb3-3bb625ecdbf0,IsActiveEntity=true)\",\"propertyPath\":\"TransactionId\"}"}]}
RESULT: {"script":"<script> [21 bytes]","args":[{"selector":{"controlType":"sap.m.Link","viewName":"sap.fe.templates.ListReport.ListReport","viewId":"rfm.limitingui::xRFMxCU_LimitingList","bindingPath":{"path":"/xRFMxCU_Limiting(LimitingId=4e4439c8-6b75-1fd0-9cb3-3bb625ecdbf0,IsActiveEntity=true)","propertyPath":"TransactionId"}},"wdio_ui5_key":"sapfe.templates.ListReport.ListReportsap.m.Link{\"path\":\"/xRFMxCU_Limiting(LimitingId=4e4439c8-6b75-1fd0-9cb3-3bb625ecdbf0,IsActiveEntity=true)\",\"propertyPath\":\"TransactionId\"}"}]}
RESULT: undefined
COMMAND: POST /session/5137edba1e05708fe0a22897cbef073a/execute/async - {"script":"<script> [21 bytes]","args":[{"element-6066-11e4-a52e-4f735466cecf":"f.E9FCB901438473B5AA77786D707CBB51.d.63E90104DFA6EF5EB50E7B26D804ED63.e.1178"},"getText",[]]}
RESULT: {"script":"<script> [21 bytes]","args":[{"element-6066-11e4-a52e-4f735466cecf":"f.E9FCB901438473B5AA77786D707CBB51.d.63E90104DFA6EF5EB50E7B26D804ED63.e.1178"},"getText",[]]}
COMMAND: POST /session/5137edba1e05708fe0a22897cbef073a/execute/async - {"script":"<script> [21 bytes]","args":[{"forceSelect":true,"selector":{"controlType":"sap.ui.core.Icon","viewName":"sap.fe.templates.ListReport.ListReport","viewId":"rfm.limitingui::xRFMxCU_LimitingList","properties":{"src":{"regex":{"source":"navigation\\-right\\-arrow"}}}},"wdio_ui5_key":"sapfe.templates.ListReport.ListReportsap.ui.core.Icon{\"src\":{\"regex\":{\"source\":\"navigation\\\\-right\\\\-arrow\"}}}"}]}
RESULT: {"script":"<script> [21 bytes]","args":[{"forceSelect":true,"selector":{"controlType":"sap.ui.core.Icon","viewName":"sap.fe.templates.ListReport.ListReport","viewId":"rfm.limitingui::xRFMxCU_LimitingList","properties":{"src":{"regex":{"source":"navigation\\-right\\-arrow"}}}},"wdio_ui5_key":"sapfe.templates.ListReport.ListReportsap.ui.core.Icon{\"src\":{\"regex\":{\"source\":\"navigation\\\\-right\\\\-arrow\"}}}"}]}
RESULT: undefined
COMMAND: POST /session/5137edba1e05708fe0a22897cbef073a/element - {"using":"xpath","value":"//*[@id=\"__action18-__clone975-icon0\"]"}
RESULT: {"using":"xpath","value":"//*[@id=\"__action18-__clone975-icon0\"]"}
COMMAND: POST /session/5137edba1e05708fe0a22897cbef073a/element/f.E9FCB901438473B5AA77786D707CBB51.d.63E90104DFA6EF5EB50E7B26D804ED63.e.1179/click - {}
RESULT: {}
COMMAND: GET /session/5137edba1e05708fe0a22897cbef073a/screenshot - {}
]]></system-out>
    </testcase>
    <testcase classname="chrome.138_0_7204_169.windows.Limiting" name="Should check creation of a Limiting Rule" time="36.479">
      <system-out><![CDATA[
COMMAND: POST /session/5137edba1e05708fe0a22897cbef073a/execute/async - {"script":"<script> [21 bytes]","args":[{"selector":{"id":"rfm.limitingui::xRFMxCU_LimitingObjectPage--fe::StandardAction::Edit","interaction":{"idSuffix":"BDI-content"}},"wdio_ui5_key":"rfmlimitingui::xRFMxCU_LimitingObjectPage--fe::StandardAction::Edit"}]}
COMMAND: GET /session/5137edba1e05708fe0a22897cbef073a/screenshot - {}
RESULT: {}
RESULT: {"script":"<script> [21 bytes]","args":[{"selector":{"id":"rfm.limitingui::xRFMxCU_LimitingObjectPage--fe::StandardAction::Edit","interaction":{"idSuffix":"BDI-content"}},"wdio_ui5_key":"rfmlimitingui::xRFMxCU_LimitingObjectPage--fe::StandardAction::Edit"}]}
RESULT: undefined
COMMAND: POST /session/5137edba1e05708fe0a22897cbef073a/element - {"using":"xpath","value":"//*[@id=\"rfm.limitingui::xRFMxCU_LimitingObjectPage--fe::StandardAction::Edit\"]"}
RESULT: {}
RESULT: {"using":"xpath","value":"//*[@id=\"rfm.limitingui::xRFMxCU_LimitingObjectPage--fe::StandardAction::Edit\"]"}
COMMAND: POST /session/5137edba1e05708fe0a22897cbef073a/element/f.E9FCB901438473B5AA77786D707CBB51.d.63E90104DFA6EF5EB50E7B26D804ED63.e.1259/click - {}
RESULT: {}
COMMAND: GET /session/5137edba1e05708fe0a22897cbef073a/screenshot - {}
RESULT: {}
COMMAND: POST /session/5137edba1e05708fe0a22897cbef073a/execute/async - {"script":"<script> [21 bytes]","args":[{"forceSelect":true,"selector":{"id":"rfm.limitingui::xRFMxCU_LimitingObjectPage--fe::table::_LimitingRule::LineItem::StandardAction::Create","interaction":{"idSuffix":"content"}},"wdio_ui5_key":"rfmlimitingui::xRFMxCU_LimitingObjectPage--fe::table::_LimitingRule::LineItem::StandardAction::Create"}]}
RESULT: {"script":"<script> [21 bytes]","args":[{"forceSelect":true,"selector":{"id":"rfm.limitingui::xRFMxCU_LimitingObjectPage--fe::table::_LimitingRule::LineItem::StandardAction::Create","interaction":{"idSuffix":"content"}},"wdio_ui5_key":"rfmlimitingui::xRFMxCU_LimitingObjectPage--fe::table::_LimitingRule::LineItem::StandardAction::Create"}]}
RESULT: undefined
COMMAND: POST /session/5137edba1e05708fe0a22897cbef073a/element - {"using":"xpath","value":"//*[@id=\"rfm.limitingui::xRFMxCU_LimitingObjectPage--fe::table::_LimitingRule::LineItem::StandardAction::Create\"]"}
RESULT: {"using":"xpath","value":"//*[@id=\"rfm.limitingui::xRFMxCU_LimitingObjectPage--fe::table::_LimitingRule::LineItem::StandardAction::Create\"]"}
COMMAND: POST /session/5137edba1e05708fe0a22897cbef073a/element/f.E9FCB901438473B5AA77786D707CBB51.d.63E90104DFA6EF5EB50E7B26D804ED63.e.1302/click - {}
RESULT: {}
COMMAND: POST /session/5137edba1e05708fe0a22897cbef073a/execute/async - {"script":"<script> [21 bytes]","args":[{"selector":{"id":"CreateDialog::xRFMxCU_LimitingRuleType::Category-inner","searchOpenDialogs":true,"interaction":{"idSuffix":"inner"}},"wdio_ui5_key":"CreateDialogxRFMxCU_LimitingRuleType::Category-inner"}]}
COMMAND: GET /session/5137edba1e05708fe0a22897cbef073a/screenshot - {}
RESULT: {"script":"<script> [21 bytes]","args":[{"selector":{"id":"CreateDialog::xRFMxCU_LimitingRuleType::Category-inner","searchOpenDialogs":true,"interaction":{"idSuffix":"inner"}},"wdio_ui5_key":"CreateDialogxRFMxCU_LimitingRuleType::Category-inner"}]}
RESULT: undefined
COMMAND: POST /session/5137edba1e05708fe0a22897cbef073a/execute/async - {"script":"<script> [20 bytes]","args":[{"enterText":"1","selector":{"id":"CreateDialog::xRFMxCU_LimitingRuleType::Category-inner","searchOpenDialogs":true,"interaction":{"idSuffix":"inner"}},"clearTextFirst":true,"interactionType":"ENTER_TEXT"}]}
RESULT: {}
RESULT: {"script":"<script> [20 bytes]","args":[{"enterText":"1","selector":{"id":"CreateDialog::xRFMxCU_LimitingRuleType::Category-inner","searchOpenDialogs":true,"interaction":{"idSuffix":"inner"}},"clearTextFirst":true,"interactionType":"ENTER_TEXT"}]}
COMMAND: POST /session/5137edba1e05708fe0a22897cbef073a/execute/async - {"script":"<script> [21 bytes]","args":[{"forceSelect":true,"selector":{"controlType":"sap.m.Button","viewName":"sap.fe.templates.ObjectPage.ObjectPage","viewId":"rfm.limitingui::xRFMxCU_Limiting__LimitingRuleObjectPage","properties":{"text":"Continue"},"searchOpenDialogs":true,"interaction":{"idSuffix":"BDI-content"}},"wdio_ui5_key":"sapfe.templates.ObjectPage.ObjectPagesap.m.Button{\"text\":\"Continue\"}"}]}
RESULT: {"script":"<script> [21 bytes]","args":[{"forceSelect":true,"selector":{"controlType":"sap.m.Button","viewName":"sap.fe.templates.ObjectPage.ObjectPage","viewId":"rfm.limitingui::xRFMxCU_Limiting__LimitingRuleObjectPage","properties":{"text":"Continue"},"searchOpenDialogs":true,"interaction":{"idSuffix":"BDI-content"}},"wdio_ui5_key":"sapfe.templates.ObjectPage.ObjectPagesap.m.Button{\"text\":\"Continue\"}"}]}
RESULT: undefined
COMMAND: POST /session/5137edba1e05708fe0a22897cbef073a/element - {"using":"xpath","value":"//*[@id=\"__button280\"]"}
RESULT: {"using":"xpath","value":"//*[@id=\"__button280\"]"}
COMMAND: POST /session/5137edba1e05708fe0a22897cbef073a/element/f.E9FCB901438473B5AA77786D707CBB51.d.63E90104DFA6EF5EB50E7B26D804ED63.e.1432/click - {}
RESULT: {}
COMMAND: POST /session/5137edba1e05708fe0a22897cbef073a/execute/async - {"script":"<script> [21 bytes]","args":[{"forceSelect":true,"selector":{"id":"rfm.limitingui::xRFMxCU_Limiting__LimitingRuleObjectPage--fe::FooterBar::StandardAction::Apply","interaction":{"idSuffix":"BDI-content"}},"wdio_ui5_key":"rfmlimitingui::xRFMxCU_Limiting__LimitingRuleObjectPage--fe::FooterBar::StandardAction::Apply"}]}
COMMAND: GET /session/5137edba1e05708fe0a22897cbef073a/screenshot - {}
RESULT: {"script":"<script> [21 bytes]","args":[{"forceSelect":true,"selector":{"id":"rfm.limitingui::xRFMxCU_Limiting__LimitingRuleObjectPage--fe::FooterBar::StandardAction::Apply","interaction":{"idSuffix":"BDI-content"}},"wdio_ui5_key":"rfmlimitingui::xRFMxCU_Limiting__LimitingRuleObjectPage--fe::FooterBar::StandardAction::Apply"}]}
RESULT: undefined
COMMAND: POST /session/5137edba1e05708fe0a22897cbef073a/element - {"using":"xpath","value":"//*[@id=\"rfm.limitingui::xRFMxCU_Limiting__LimitingRuleObjectPage--fe::FooterBar::StandardAction::Apply\"]"}
RESULT: {}
RESULT: {"using":"xpath","value":"//*[@id=\"rfm.limitingui::xRFMxCU_Limiting__LimitingRuleObjectPage--fe::FooterBar::StandardAction::Apply\"]"}
COMMAND: POST /session/5137edba1e05708fe0a22897cbef073a/element/f.E9FCB901438473B5AA77786D707CBB51.d.63E90104DFA6EF5EB50E7B26D804ED63.e.1457/click - {}
RESULT: {}
[...]
COMMAND: GET /session/5137edba1e05708fe0a22897cbef073a/screenshot - {}
RESULT: {"script":"<script> [21 bytes]","args":[{"selector":{"id":"rfm.limitingui::xRFMxCU_Limiting__LimitingRuleObjectPage--fe::FormContainer::Details::FormElement::DataField::Category::Field-display"},"wdio_ui5_key":"rfmlimitingui::xRFMxCU_Limiting__LimitingRuleObjectPage--fe::FormContainer::Details::FormElement::DataField::Category::Field-display"}]}
RESULT: undefined
COMMAND: POST /session/5137edba1e05708fe0a22897cbef073a/execute/async - {"script":"<script> [21 bytes]","args":[{"element-6066-11e4-a52e-4f735466cecf":"f.E9FCB901438473B5AA77786D707CBB51.d.63E90104DFA6EF5EB50E7B26D804ED63.e.1592"},"getText",[]]}
RESULT: {}
RESULT: {"script":"<script> [21 bytes]","args":[{"element-6066-11e4-a52e-4f735466cecf":"f.E9FCB901438473B5AA77786D707CBB51.d.63E90104DFA6EF5EB50E7B26D804ED63.e.1592"},"getText",[]]}
COMMAND: GET /session/5137edba1e05708fe0a22897cbef073a/screenshot - {}
]]></system-out>
    </testcase>
    <testcase classname="chrome.138_0_7204_169.windows.Limiting" name="Should check navigation to Selection Rules" time="8.984">
      <system-out><![CDATA[
COMMAND: POST /session/5137edba1e05708fe0a22897cbef073a/execute/async - {"script":"<script> [21 bytes]","args":[{"selector":{"id":"rfm.limitingui::xRFMxCU_Limiting__LimitingRuleObjectPage--fe::CustomAction::SelectionRule","interaction":{"idSuffix":"content"}},"wdio_ui5_key":"rfmlimitingui::xRFMxCU_Limiting__LimitingRuleObjectPage--fe::CustomAction::SelectionRule"}]}
RESULT: {}
RESULT: {"script":"<script> [21 bytes]","args":[{"selector":{"id":"rfm.limitingui::xRFMxCU_Limiting__LimitingRuleObjectPage--fe::CustomAction::SelectionRule","interaction":{"idSuffix":"content"}},"wdio_ui5_key":"rfmlimitingui::xRFMxCU_Limiting__LimitingRuleObjectPage--fe::CustomAction::SelectionRule"}]}
RESULT: undefined
COMMAND: POST /session/5137edba1e05708fe0a22897cbef073a/element - {"using":"xpath","value":"//*[@id=\"rfm.limitingui::xRFMxCU_Limiting__LimitingRuleObjectPage--fe::CustomAction::SelectionRule\"]"}
RESULT: {"using":"xpath","value":"//*[@id=\"rfm.limitingui::xRFMxCU_Limiting__LimitingRuleObjectPage--fe::CustomAction::SelectionRule\"]"}
COMMAND: POST /session/5137edba1e05708fe0a22897cbef073a/element/f.E9FCB901438473B5AA77786D707CBB51.d.63E90104DFA6EF5EB50E7B26D804ED63.e.1589/click - {}
RESULT: {}
COMMAND: POST /session/5137edba1e05708fe0a22897cbef073a/execute/async - {"script":"<script> [21 bytes]","args":[{"selector":{"id":"shellAppTitle"},"wdio_ui5_key":"shellAppTitle"}]}
COMMAND: GET /session/5137edba1e05708fe0a22897cbef073a/screenshot - {}
RESULT: {"script":"<script> [21 bytes]","args":[{"selector":{"id":"shellAppTitle"},"wdio_ui5_key":"shellAppTitle"}]}
RESULT: undefined
COMMAND: POST /session/5137edba1e05708fe0a22897cbef073a/execute/async - {"script":"<script> [21 bytes]","args":[{"element-6066-11e4-a52e-4f735466cecf":"f.E9FCB901438473B5AA77786D707CBB51.d.63E90104DFA6EF5EB50E7B26D804ED63.e.1600"},"getTitle",[]]}
RESULT: {}
RESULT: {"script":"<script> [21 bytes]","args":[{"element-6066-11e4-a52e-4f735466cecf":"f.E9FCB901438473B5AA77786D707CBB51.d.63E90104DFA6EF5EB50E7B26D804ED63.e.1600"},"getTitle",[]]}
RESULT: undefined
COMMAND: POST /session/5137edba1e05708fe0a22897cbef073a/element - {"using":"xpath","value":"//*[@id=\"backBtn\"]"}
RESULT: {"using":"xpath","value":"//*[@id=\"backBtn\"]"}
COMMAND: POST /session/5137edba1e05708fe0a22897cbef073a/element/f.E9FCB901438473B5AA77786D707CBB51.d.63E90104DFA6EF5EB50E7B26D804ED63.e.1601/click - {}
RESULT: {}
COMMAND: GET /session/5137edba1e05708fe0a22897cbef073a/screenshot - {}
RESULT: {}
COMMAND: GET /session/5137edba1e05708fe0a22897cbef073a/screenshot - {}
]]></system-out>
    </testcase>
    <testcase classname="chrome.138_0_7204_169.windows.Limiting" name="Should check Evaluate action" time="12.45">
      <system-out><![CDATA[
COMMAND: POST /session/5137edba1e05708fe0a22897cbef073a/execute/async - {"script":"<script> [21 bytes]","args":[{"selector":{"id":"rfm.limitingui::xRFMxCU_Limiting__LimitingRuleObjectPage--fe::FCLStandardAction::Close-img"},"wdio_ui5_key":"rfmlimitingui::xRFMxCU_Limiting__LimitingRuleObjectPage--fe::FCLStandardAction::Close-img"}]}
RESULT: {}
RESULT: {"script":"<script> [21 bytes]","args":[{"selector":{"id":"rfm.limitingui::xRFMxCU_Limiting__LimitingRuleObjectPage--fe::FCLStandardAction::Close-img"},"wdio_ui5_key":"rfmlimitingui::xRFMxCU_Limiting__LimitingRuleObjectPage--fe::FCLStandardAction::Close-img"}]}
RESULT: undefined
COMMAND: POST /session/5137edba1e05708fe0a22897cbef073a/element - {"using":"xpath","value":"//*[@id=\"rfm.limitingui::xRFMxCU_Limiting__LimitingRuleObjectPage--fe::FCLStandardAction::Close-img\"]"}
RESULT: {"using":"xpath","value":"//*[@id=\"rfm.limitingui::xRFMxCU_Limiting__LimitingRuleObjectPage--fe::FCLStandardAction::Close-img\"]"}
COMMAND: POST /session/5137edba1e05708fe0a22897cbef073a/element/f.E9FCB901438473B5AA77786D707CBB51.d.63E90104DFA6EF5EB50E7B26D804ED63.e.1741/click - {}
RESULT: {}
COMMAND: GET /session/5137edba1e05708fe0a22897cbef073a/screenshot - {}
RESULT: {}
COMMAND: POST /session/5137edba1e05708fe0a22897cbef073a/execute/async - {"script":"<script> [21 bytes]","args":[{"selector":{"id":"rfm.limitingui::xRFMxCU_LimitingObjectPage--fe::DataFieldForAction::com.sap.gateway.srvd.rfm.ui_limiting.v0001.Evaluate::com.sap.gateway.srvd.rfm.ui_limiting.v0001.xRFMxCU_LimitingType","interaction":{"idSuffix":"BDI-content"}},"wdio_ui5_key":"rfmlimitingui::xRFMxCU_LimitingObjectPage--fe::DataFieldForAction::com.sap.gateway.srvd.rfm.ui_limiting.v0001.Evaluate::com.sap.gateway.srvd.rfm.ui_limiting.v0001.xRFMxCU_LimitingType"}]}
RESULT: {"script":"<script> [21 bytes]","args":[{"selector":{"id":"rfm.limitingui::xRFMxCU_LimitingObjectPage--fe::DataFieldForAction::com.sap.gateway.srvd.rfm.ui_limiting.v0001.Evaluate::com.sap.gateway.srvd.rfm.ui_limiting.v0001.xRFMxCU_LimitingType","interaction":{"idSuffix":"BDI-content"}},"wdio_ui5_key":"rfmlimitingui::xRFMxCU_LimitingObjectPage--fe::DataFieldForAction::com.sap.gateway.srvd.rfm.ui_limiting.v0001.Evaluate::com.sap.gateway.srvd.rfm.ui_limiting.v0001.xRFMxCU_LimitingType"}]}
RESULT: undefined
COMMAND: POST /session/5137edba1e05708fe0a22897cbef073a/element - {"using":"xpath","value":"//*[@id=\"rfm.limitingui::xRFMxCU_LimitingObjectPage--fe::DataFieldForAction::com.sap.gateway.srvd.rfm.ui_limiting.v0001.Evaluate::com.sap.gateway.srvd.rfm.ui_limiting.v0001.xRFMxCU_LimitingType\"]"}
RESULT: {"using":"xpath","value":"//*[@id=\"rfm.limitingui::xRFMxCU_LimitingObjectPage--fe::DataFieldForAction::com.sap.gateway.srvd.rfm.ui_limiting.v0001.Evaluate::com.sap.gateway.srvd.rfm.ui_limiting.v0001.xRFMxCU_LimitingType\"]"}
COMMAND: POST /session/5137edba1e05708fe0a22897cbef073a/element/f.E9FCB901438473B5AA77786D707CBB51.d.63E90104DFA6EF5EB50E7B26D804ED63.e.1662/click - {}
RESULT: {}
COMMAND: POST /session/5137edba1e05708fe0a22897cbef073a/execute/async - {"script":"<script> [21 bytes]","args":[{"selector":{"controlType":"sap.m.Text","properties":{"text":"Error"},"searchOpenDialogs":true},"wdio_ui5_key":"sapm.Text{\"text\":\"Error\"}"}]}
COMMAND: GET /session/5137edba1e05708fe0a22897cbef073a/screenshot - {}
RESULT: {"script":"<script> [21 bytes]","args":[{"selector":{"controlType":"sap.m.Text","properties":{"text":"Error"},"searchOpenDialogs":true},"wdio_ui5_key":"sapm.Text{\"text\":\"Error\"}"}]}
RESULT: undefined
COMMAND: POST /session/5137edba1e05708fe0a22897cbef073a/execute/async - {"script":"<script> [21 bytes]","args":[{"element-6066-11e4-a52e-4f735466cecf":"f.E9FCB901438473B5AA77786D707CBB51.d.63E90104DFA6EF5EB50E7B26D804ED63.e.1865"},"getText",[]]}
RESULT: {}
RESULT: {"script":"<script> [21 bytes]","args":[{"element-6066-11e4-a52e-4f735466cecf":"f.E9FCB901438473B5AA77786D707CBB51.d.63E90104DFA6EF5EB50E7B26D804ED63.e.1865"},"getText",[]]}
COMMAND: POST /session/5137edba1e05708fe0a22897cbef073a/execute/async - {"script":"<script> [21 bytes]","args":[{"forceSelect":true,"selector":{"controlType":"sap.m.Button","properties":{"text":"Close"},"searchOpenDialogs":true,"interaction":{"idSuffix":"content"}},"wdio_ui5_key":"sapm.Button{\"text\":\"Close\"}"}]}
RESULT: {"script":"<script> [21 bytes]","args":[{"forceSelect":true,"selector":{"controlType":"sap.m.Button","properties":{"text":"Close"},"searchOpenDialogs":true,"interaction":{"idSuffix":"content"}},"wdio_ui5_key":"sapm.Button{\"text\":\"Close\"}"}]}
RESULT: undefined
COMMAND: POST /session/5137edba1e05708fe0a22897cbef073a/element - {"using":"xpath","value":"//*[@id=\"__button320\"]"}
RESULT: {"using":"xpath","value":"//*[@id=\"__button320\"]"}
COMMAND: POST /session/5137edba1e05708fe0a22897cbef073a/element/f.E9FCB901438473B5AA77786D707CBB51.d.63E90104DFA6EF5EB50E7B26D804ED63.e.1862/click - {}
RESULT: {}
COMMAND: GET /session/5137edba1e05708fe0a22897cbef073a/screenshot - {}
]]></system-out>
    </testcase>
    <testcase classname="chrome.138_0_7204_169.windows.Limiting" name="Should check Limit action" time="8.78">
      <system-out><![CDATA[
COMMAND: POST /session/5137edba1e05708fe0a22897cbef073a/execute/async - {"script":"<script> [21 bytes]","args":[{"selector":{"id":"rfm.limitingui::xRFMxCU_LimitingObjectPage--fe::DataFieldForAction::com.sap.gateway.srvd.rfm.ui_limiting.v0001.Limit::com.sap.gateway.srvd.rfm.ui_limiting.v0001.xRFMxCU_LimitingType","interaction":{"idSuffix":"inner"}},"wdio_ui5_key":"rfmlimitingui::xRFMxCU_LimitingObjectPage--fe::DataFieldForAction::com.sap.gateway.srvd.rfm.ui_limiting.v0001.Limit::com.sap.gateway.srvd.rfm.ui_limiting.v0001.xRFMxCU_LimitingType"}]}
COMMAND: GET /session/5137edba1e05708fe0a22897cbef073a/screenshot - {}
RESULT: {"script":"<script> [21 bytes]","args":[{"selector":{"id":"rfm.limitingui::xRFMxCU_LimitingObjectPage--fe::DataFieldForAction::com.sap.gateway.srvd.rfm.ui_limiting.v0001.Limit::com.sap.gateway.srvd.rfm.ui_limiting.v0001.xRFMxCU_LimitingType","interaction":{"idSuffix":"inner"}},"wdio_ui5_key":"rfmlimitingui::xRFMxCU_LimitingObjectPage--fe::DataFieldForAction::com.sap.gateway.srvd.rfm.ui_limiting.v0001.Limit::com.sap.gateway.srvd.rfm.ui_limiting.v0001.xRFMxCU_LimitingType"}]}
RESULT: undefined
COMMAND: POST /session/5137edba1e05708fe0a22897cbef073a/element - {"using":"xpath","value":"//*[@id=\"rfm.limitingui::xRFMxCU_LimitingObjectPage--fe::DataFieldForAction::com.sap.gateway.srvd.rfm.ui_limiting.v0001.Limit::com.sap.gateway.srvd.rfm.ui_limiting.v0001.xRFMxCU_LimitingType\"]"}
RESULT: {}
RESULT: {}
RESULT: {"using":"xpath","value":"//*[@id=\"rfm.limitingui::xRFMxCU_LimitingObjectPage--fe::DataFieldForAction::com.sap.gateway.srvd.rfm.ui_limiting.v0001.Limit::com.sap.gateway.srvd.rfm.ui_limiting.v0001.xRFMxCU_LimitingType\"]"}
COMMAND: POST /session/5137edba1e05708fe0a22897cbef073a/element/f.E9FCB901438473B5AA77786D707CBB51.d.63E90104DFA6EF5EB50E7B26D804ED63.e.1664/click - {}
RESULT: {}
COMMAND: POST /session/5137edba1e05708fe0a22897cbef073a/execute/async - {"script":"<script> [21 bytes]","args":[{"forceSelect":true,"selector":{"id":"fe::APD_::com.sap.gateway.srvd.rfm.ui_limiting.v0001.Limit::Action::Ok","searchOpenDialogs":true,"interaction":{"idSuffix":"BDI-content"}},"wdio_ui5_key":"feAPD_::com.sap.gateway.srvd.rfm.ui_limiting.v0001.Limit::Action::Ok"}]}
COMMAND: GET /session/5137edba1e05708fe0a22897cbef073a/screenshot - {}
RESULT: {"script":"<script> [21 bytes]","args":[{"forceSelect":true,"selector":{"id":"fe::APD_::com.sap.gateway.srvd.rfm.ui_limiting.v0001.Limit::Action::Ok","searchOpenDialogs":true,"interaction":{"idSuffix":"BDI-content"}},"wdio_ui5_key":"feAPD_::com.sap.gateway.srvd.rfm.ui_limiting.v0001.Limit::Action::Ok"}]}
RESULT: undefined
COMMAND: POST /session/5137edba1e05708fe0a22897cbef073a/element - {"using":"xpath","value":"//*[@id=\"fe::APD_::com.sap.gateway.srvd.rfm.ui_limiting.v0001.Limit::Action::Ok\"]"}
RESULT: {}
RESULT: {"using":"xpath","value":"//*[@id=\"fe::APD_::com.sap.gateway.srvd.rfm.ui_limiting.v0001.Limit::Action::Ok\"]"}
COMMAND: POST /session/5137edba1e05708fe0a22897cbef073a/element/f.E9FCB901438473B5AA77786D707CBB51.d.63E90104DFA6EF5EB50E7B26D804ED63.e.1880/click - {}
RESULT: {}
RESULT: undefined
COMMAND: POST /session/5137edba1e05708fe0a22897cbef073a/execute/async - {"script":"<script> [21 bytes]","args":[{"element-6066-11e4-a52e-4f735466cecf":"f.E9FCB901438473B5AA77786D707CBB51.d.63E90104DFA6EF5EB50E7B26D804ED63.e.1865"},"getText",[]]}
COMMAND: GET /session/5137edba1e05708fe0a22897cbef073a/screenshot - {}
COMMAND: POST /session/5137edba1e05708fe0a22897cbef073a/execute/async - {"script":"<script> [21 bytes]","args":[{"selector":{"controlType":"sap.m.Text","properties":{"text":"Error"},"searchOpenDialogs":true},"wdio_ui5_key":"sapm.Text{\"text\":\"Error\"}"}]}
RESULT: {}
RESULT: {"script":"<script> [21 bytes]","args":[{"selector":{"controlType":"sap.m.Text","properties":{"text":"Error"},"searchOpenDialogs":true},"wdio_ui5_key":"sapm.Text{\"text\":\"Error\"}"}]}
COMMAND: POST /session/5137edba1e05708fe0a22897cbef073a/execute/async - {"script":"<script> [21 bytes]","args":[{"element-6066-11e4-a52e-4f735466cecf":"f.E9FCB901438473B5AA77786D707CBB51.d.63E90104DFA6EF5EB50E7B26D804ED63.e.1885"},"getText",[]]}
RESULT: {"script":"<script> [21 bytes]","args":[{"element-6066-11e4-a52e-4f735466cecf":"f.E9FCB901438473B5AA77786D707CBB51.d.63E90104DFA6EF5EB50E7B26D804ED63.e.1885"},"getText",[]]}
COMMAND: POST /session/5137edba1e05708fe0a22897cbef073a/execute/async - {"script":"<script> [21 bytes]","args":[{"forceSelect":true,"selector":{"controlType":"sap.m.Button","properties":{"text":"Close"},"searchOpenDialogs":true},"wdio_ui5_key":"sapm.Button{\"text\":\"Close\"}"}]}
RESULT: {"script":"<script> [21 bytes]","args":[{"forceSelect":true,"selector":{"controlType":"sap.m.Button","properties":{"text":"Close"},"searchOpenDialogs":true},"wdio_ui5_key":"sapm.Button{\"text\":\"Close\"}"}]}
RESULT: undefined
COMMAND: POST /session/5137edba1e05708fe0a22897cbef073a/element - {"using":"xpath","value":"//*[@id=\"__button322\"]"}
RESULT: {"using":"xpath","value":"//*[@id=\"__button322\"]"}
COMMAND: POST /session/5137edba1e05708fe0a22897cbef073a/element/f.E9FCB901438473B5AA77786D707CBB51.d.63E90104DFA6EF5EB50E7B26D804ED63.e.1883/click - {}
RESULT: {}
COMMAND: GET /session/5137edba1e05708fe0a22897cbef073a/screenshot - {}
]]></system-out>
    </testcase>
    <testcase classname="chrome.138_0_7204_169.windows.Limiting" name="Should check deletion of a Limiting Rule" time="10.219">
      <system-out><![CDATA[
RESULT: undefined
COMMAND: POST /session/5137edba1e05708fe0a22897cbef073a/element - {"using":"xpath","value":"//*[@id=\"rfm.limitingui::xRFMxCU_LimitingObjectPage--fe::StandardAction::Edit\"]"}
COMMAND: GET /session/5137edba1e05708fe0a22897cbef073a/screenshot - {}
RESULT: {"using":"xpath","value":"//*[@id=\"rfm.limitingui::xRFMxCU_LimitingObjectPage--fe::StandardAction::Edit\"]"}
COMMAND: POST /session/5137edba1e05708fe0a22897cbef073a/element/f.E9FCB901438473B5AA77786D707CBB51.d.63E90104DFA6EF5EB50E7B26D804ED63.e.1658/click - {}
RESULT: {}
RESULT: {}
RESULT: {}
COMMAND: GET /session/5137edba1e05708fe0a22897cbef073a/screenshot - {}
RESULT: {}
COMMAND: POST /session/5137edba1e05708fe0a22897cbef073a/element - {"using":"css selector","value":"div[id='rfm.limitingui::xRFMxCU_LimitingObjectPage--fe::table::_LimitingRule::LineItem-innerTable-rowsel0']"}
RESULT: {"using":"css selector","value":"div[id='rfm.limitingui::xRFMxCU_LimitingObjectPage--fe::table::_LimitingRule::LineItem-innerTable-rowsel0']"}
COMMAND: POST /session/5137edba1e05708fe0a22897cbef073a/element/f.E9FCB901438473B5AA77786D707CBB51.d.63E90104DFA6EF5EB50E7B26D804ED63.e.1901/click - {}
RESULT: {}
COMMAND: POST /session/5137edba1e05708fe0a22897cbef073a/execute/async - {"script":"<script> [21 bytes]","args":[{"selector":{"id":"rfm.limitingui::xRFMxCU_LimitingObjectPage--fe::table::_LimitingRule::LineItem::StandardAction::Delete","interaction":{"idSuffix":"BDI-content"}},"wdio_ui5_key":"rfmlimitingui::xRFMxCU_LimitingObjectPage--fe::table::_LimitingRule::LineItem::StandardAction::Delete"}]}
COMMAND: GET /session/5137edba1e05708fe0a22897cbef073a/screenshot - {}
RESULT: {"script":"<script> [21 bytes]","args":[{"selector":{"id":"rfm.limitingui::xRFMxCU_LimitingObjectPage--fe::table::_LimitingRule::LineItem::StandardAction::Delete","interaction":{"idSuffix":"BDI-content"}},"wdio_ui5_key":"rfmlimitingui::xRFMxCU_LimitingObjectPage--fe::table::_LimitingRule::LineItem::StandardAction::Delete"}]}
RESULT: undefined
COMMAND: POST /session/5137edba1e05708fe0a22897cbef073a/element - {"using":"xpath","value":"//*[@id=\"rfm.limitingui::xRFMxCU_LimitingObjectPage--fe::table::_LimitingRule::LineItem::StandardAction::Delete\"]"}
RESULT: {}
RESULT: {"using":"xpath","value":"//*[@id=\"rfm.limitingui::xRFMxCU_LimitingObjectPage--fe::table::_LimitingRule::LineItem::StandardAction::Delete\"]"}
COMMAND: POST /session/5137edba1e05708fe0a22897cbef073a/element/f.E9FCB901438473B5AA77786D707CBB51.d.63E90104DFA6EF5EB50E7B26D804ED63.e.1904/click - {}
RESULT: {}
COMMAND: POST /session/5137edba1e05708fe0a22897cbef073a/execute/async - {"script":"<script> [21 bytes]","args":[{"forceSelect":true,"selector":{"controlType":"sap.m.Button","properties":{"text":"Delete"},"searchOpenDialogs":true,"interaction":{"idSuffix":"BDI-content"}},"wdio_ui5_key":"sapm.Button{\"text\":\"Delete\"}"}]}
COMMAND: GET /session/5137edba1e05708fe0a22897cbef073a/screenshot - {}
RESULT: {"script":"<script> [21 bytes]","args":[{"forceSelect":true,"selector":{"controlType":"sap.m.Button","properties":{"text":"Delete"},"searchOpenDialogs":true,"interaction":{"idSuffix":"BDI-content"}},"wdio_ui5_key":"sapm.Button{\"text\":\"Delete\"}"}]}
RESULT: undefined
COMMAND: POST /session/5137edba1e05708fe0a22897cbef073a/element - {"using":"xpath","value":"//*[@id=\"__button323\"]"}
RESULT: {}
RESULT: {"using":"xpath","value":"//*[@id=\"__button323\"]"}
COMMAND: POST /session/5137edba1e05708fe0a22897cbef073a/element/f.E9FCB901438473B5AA77786D707CBB51.d.63E90104DFA6EF5EB50E7B26D804ED63.e.1905/click - {}
RESULT: {}
COMMAND: POST /session/5137edba1e05708fe0a22897cbef073a/execute/async - {"script":"<script> [21 bytes]","args":[{"forceSelect":true,"selector":{"controlType":"sap.m.Title","viewName":"sap.fe.templates.ObjectPage.ObjectPage","viewId":"rfm.limitingui::xRFMxCU_LimitingObjectPage","properties":{"text":"No items available"}},"wdio_ui5_key":"sapfe.templates.ObjectPage.ObjectPagesap.m.Title{\"text\":\"No items available\"}"}]}
COMMAND: GET /session/5137edba1e05708fe0a22897cbef073a/screenshot - {}
RESULT: {"script":"<script> [21 bytes]","args":[{"forceSelect":true,"selector":{"controlType":"sap.m.Title","viewName":"sap.fe.templates.ObjectPage.ObjectPage","viewId":"rfm.limitingui::xRFMxCU_LimitingObjectPage","properties":{"text":"No items available"}},"wdio_ui5_key":"sapfe.templates.ObjectPage.ObjectPagesap.m.Title{\"text\":\"No items available\"}"}]}
RESULT: undefined
COMMAND: POST /session/5137edba1e05708fe0a22897cbef073a/execute/async - {"script":"<script> [21 bytes]","args":[{"selector":{"id":"__title52"}}]}
RESULT: {}
RESULT: {"script":"<script> [21 bytes]","args":[{"selector":{"id":"__title52"}}]}
COMMAND: POST /session/5137edba1e05708fe0a22897cbef073a/execute/async - {"script":"<script> [21 bytes]","args":[{"element-6066-11e4-a52e-4f735466cecf":"f.E9FCB901438473B5AA77786D707CBB51.d.63E90104DFA6EF5EB50E7B26D804ED63.e.1908"},"getText",[]]}
RESULT: {"script":"<script> [21 bytes]","args":[{"element-6066-11e4-a52e-4f735466cecf":"f.E9FCB901438473B5AA77786D707CBB51.d.63E90104DFA6EF5EB50E7B26D804ED63.e.1908"},"getText",[]]}
COMMAND: GET /session/5137edba1e05708fe0a22897cbef073a/screenshot - {}
COMMAND: DELETE /session/5137edba1e05708fe0a22897cbef073a - {}
RESULT: {}
RESULT: {}
]]></system-out>
    </testcase>
  </testsuite>
</testsuites>