<?xml version="1.0" encoding="UTF-8"?>
<testsuites tests="8" failures="0" errors="0" skipped="0">
  <testsuite timestamp="2025-08-11T00:32:51" time="254.97" tests="8" failures="0" errors="0" skipped="0">
    <properties>
      <property name="specId" value="0"/>
      <property name="suiteName" value="Trigger"/>
      <property name="capabilities" value="chrome.138_0_7204_184.windows"/>
      <property name="file" value="file:///D:/a/1/s/test/specs/BusinessObjects/Trigger.spec.js"/>
    </properties>
    <testcase classname="chrome.138_0_7204_184.windows.Trigger" name="Should create Program" time="58.735">
      <system-out><![CDATA[
COMMAND: POST /session/d2fe43ebfbb544e7f75466ef0943a884/execute/async - {"script":"<script> [21 bytes]","args":[{"selector":{"controlType":"sap.m.GenericTile","properties":{"header":"Funding Program"}},"wdio_ui5_key":"sapm.GenericTile{\"header\":\"Funding Program\"}"}]}
RESULT: {"script":"<script> [21 bytes]","args":[{"selector":{"controlType":"sap.m.GenericTile","properties":{"header":"Funding Program"}},"wdio_ui5_key":"sapm.GenericTile{\"header\":\"Funding Program\"}"}]}
RESULT: undefined
COMMAND: POST /session/d2fe43ebfbb544e7f75466ef0943a884/element - {"using":"xpath","value":"//*[@id=\"__tile29\"]"}
RESULT: {"using":"xpath","value":"//*[@id=\"__tile29\"]"}
COMMAND: POST /session/d2fe43ebfbb544e7f75466ef0943a884/element/f.BC33B0DD60029B1FB30064FFCFFD7B2E.d.8ABB020B571DCE6808F3603F6E1610B1.e.78/click - {}
RESULT: {}
COMMAND: POST /session/d2fe43ebfbb544e7f75466ef0943a884/execute/async - {"script":"<script> [21 bytes]","args":[{"selector":{"id":"rfm.programui::xRFMxCU_ProgramList--fe::table::allTab::LineItem::StandardAction::Create","controlType":"sap.m.Button"},"wdio_ui5_key":"rfmprogramui::xRFMxCU_ProgramList--fe::table::allTab::LineItem::StandardAction::Createsap.m.Button"}]}
COMMAND: GET /session/d2fe43ebfbb544e7f75466ef0943a884/screenshot - {}
RESULT: {"script":"<script> [21 bytes]","args":[{"selector":{"id":"rfm.programui::xRFMxCU_ProgramList--fe::table::allTab::LineItem::StandardAction::Create","controlType":"sap.m.Button"},"wdio_ui5_key":"rfmprogramui::xRFMxCU_ProgramList--fe::table::allTab::LineItem::StandardAction::Createsap.m.Button"}]}
RESULT: undefined
COMMAND: POST /session/d2fe43ebfbb544e7f75466ef0943a884/element - {"using":"xpath","value":"//*[@id=\"rfm.programui::xRFMxCU_ProgramList--fe::table::allTab::LineItem::StandardAction::Create\"]"}
RESULT: {}
RESULT: {"using":"xpath","value":"//*[@id=\"rfm.programui::xRFMxCU_ProgramList--fe::table::allTab::LineItem::StandardAction::Create\"]"}
COMMAND: POST /session/d2fe43ebfbb544e7f75466ef0943a884/element/f.BC33B0DD60029B1FB30064FFCFFD7B2E.d.8ABB020B571DCE6808F3603F6E1610B1.e.144/click - {}
RESULT: {}
COMMAND: POST /session/d2fe43ebfbb544e7f75466ef0943a884/element - {"using":"css selector","value":"div.sapUiLocalBusyIndicator"}
COMMAND: GET /session/d2fe43ebfbb544e7f75466ef0943a884/screenshot - {}
RESULT: {"using":"css selector","value":"div.sapUiLocalBusyIndicator"}
COMMAND: POST /session/d2fe43ebfbb544e7f75466ef0943a884/execute/sync - {"script":"<script> [21 bytes]","args":[{"element-6066-11e4-a52e-4f735466cecf":"f.BC33B0DD60029B1FB30064FFCFFD7B2E.d.8ABB020B571DCE6808F3603F6E1610B1.e.292","ELEMENT":"f.BC33B0DD60029B1FB30064FFCFFD7B2E.d.8ABB020B571DCE6808F3603F6E1610B1.e.292"}]}
RESULT: {}
RESULT: {"script":"<script> [21 bytes]","args":[{"element-6066-11e4-a52e-4f735466cecf":"f.BC33B0DD60029B1FB30064FFCFFD7B2E.d.8ABB020B571DCE6808F3603F6E1610B1.e.292","ELEMENT":"f.BC33B0DD60029B1FB30064FFCFFD7B2E.d.8ABB020B571DCE6808F3603F6E1610B1.e.292"}]}
COMMAND: POST /session/d2fe43ebfbb544e7f75466ef0943a884/execute/async - {"script":"<script> [21 bytes]","args":[{"selector":{"id":"CreateDialog::xRFMxCU_ProgramType::FundingScope-inner","searchOpenDialogs":true,"interaction":{"idSuffix":"inner"}},"wdio_ui5_key":"CreateDialogxRFMxCU_ProgramType::FundingScope-inner"}]}
COMMAND: GET /session/d2fe43ebfbb544e7f75466ef0943a884/screenshot - {}
RESULT: {"script":"<script> [21 bytes]","args":[{"selector":{"id":"CreateDialog::xRFMxCU_ProgramType::FundingScope-inner","searchOpenDialogs":true,"interaction":{"idSuffix":"inner"}},"wdio_ui5_key":"CreateDialogxRFMxCU_ProgramType::FundingScope-inner"}]}
RESULT: undefined
COMMAND: POST /session/d2fe43ebfbb544e7f75466ef0943a884/execute/async - {"script":"<script> [20 bytes]","args":[{"enterText":"Installment","selector":{"id":"CreateDialog::xRFMxCU_ProgramType::FundingScope-inner","searchOpenDialogs":true,"interaction":{"idSuffix":"inner"}},"clearTextFirst":true,"interactionType":"ENTER_TEXT"}]}
RESULT: {}
RESULT: {"script":"<script> [20 bytes]","args":[{"enterText":"Installment","selector":{"id":"CreateDialog::xRFMxCU_ProgramType::FundingScope-inner","searchOpenDialogs":true,"interaction":{"idSuffix":"inner"}},"clearTextFirst":true,"interactionType":"ENTER_TEXT"}]}
COMMAND: POST /session/d2fe43ebfbb544e7f75466ef0943a884/element - {"using":"css selector","value":"div.sapUiLocalBusyIndicator"}
RESULT: {"using":"css selector","value":"div.sapUiLocalBusyIndicator"}
COMMAND: POST /session/d2fe43ebfbb544e7f75466ef0943a884/execute/sync - {"script":"<script> [21 bytes]","args":[{"element-6066-11e4-a52e-4f735466cecf":"f.BC33B0DD60029B1FB30064FFCFFD7B2E.d.8ABB020B571DCE6808F3603F6E1610B1.e.292","ELEMENT":"f.BC33B0DD60029B1FB30064FFCFFD7B2E.d.8ABB020B571DCE6808F3603F6E1610B1.e.292"}]}
RESULT: {"script":"<script> [21 bytes]","args":[{"element-6066-11e4-a52e-4f735466cecf":"f.BC33B0DD60029B1FB30064FFCFFD7B2E.d.8ABB020B571DCE6808F3603F6E1610B1.e.292","ELEMENT":"f.BC33B0DD60029B1FB30064FFCFFD7B2E.d.8ABB020B571DCE6808F3603F6E1610B1.e.292"}]}
COMMAND: POST /session/d2fe43ebfbb544e7f75466ef0943a884/execute/async - {"script":"<script> [21 bytes]","args":[{"selector":{"id":"CreateDialog::xRFMxCU_ProgramType::ValidFrom-inner","searchOpenDialogs":true,"interaction":{"idSuffix":"inner"}},"wdio_ui5_key":"CreateDialogxRFMxCU_ProgramType::ValidFrom-inner"}]}
COMMAND: GET /session/d2fe43ebfbb544e7f75466ef0943a884/screenshot - {}
RESULT: {"script":"<script> [21 bytes]","args":[{"selector":{"id":"CreateDialog::xRFMxCU_ProgramType::ValidFrom-inner","searchOpenDialogs":true,"interaction":{"idSuffix":"inner"}},"wdio_ui5_key":"CreateDialogxRFMxCU_ProgramType::ValidFrom-inner"}]}
RESULT: undefined
COMMAND: POST /session/d2fe43ebfbb544e7f75466ef0943a884/execute/async - {"script":"<script> [21 bytes]","args":[{"element-6066-11e4-a52e-4f735466cecf":"f.BC33B0DD60029B1FB30064FFCFFD7B2E.d.8ABB020B571DCE6808F3603F6E1610B1.e.290"},"setValue",["2025-01-01"]]}
RESULT: {}
RESULT: {"script":"<script> [21 bytes]","args":[{"element-6066-11e4-a52e-4f735466cecf":"f.BC33B0DD60029B1FB30064FFCFFD7B2E.d.8ABB020B571DCE6808F3603F6E1610B1.e.290"},"setValue",["2025-01-01"]]}
COMMAND: POST /session/d2fe43ebfbb544e7f75466ef0943a884/element - {"using":"css selector","value":"div.sapUiLocalBusyIndicator"}
RESULT: {"using":"css selector","value":"div.sapUiLocalBusyIndicator"}
COMMAND: POST /session/d2fe43ebfbb544e7f75466ef0943a884/execute/sync - {"script":"<script> [21 bytes]","args":[{"element-6066-11e4-a52e-4f735466cecf":"f.BC33B0DD60029B1FB30064FFCFFD7B2E.d.8ABB020B571DCE6808F3603F6E1610B1.e.292","ELEMENT":"f.BC33B0DD60029B1FB30064FFCFFD7B2E.d.8ABB020B571DCE6808F3603F6E1610B1.e.292"}]}
RESULT: {"script":"<script> [21 bytes]","args":[{"element-6066-11e4-a52e-4f735466cecf":"f.BC33B0DD60029B1FB30064FFCFFD7B2E.d.8ABB020B571DCE6808F3603F6E1610B1.e.292","ELEMENT":"f.BC33B0DD60029B1FB30064FFCFFD7B2E.d.8ABB020B571DCE6808F3603F6E1610B1.e.292"}]}
COMMAND: POST /session/d2fe43ebfbb544e7f75466ef0943a884/execute/async - {"script":"<script> [21 bytes]","args":[{"selector":{"id":"CreateDialog::xRFMxCU_ProgramType::PortfolioId-inner","searchOpenDialogs":true,"interaction":{"idSuffix":"inner"}},"wdio_ui5_key":"CreateDialogxRFMxCU_ProgramType::PortfolioId-inner"}]}
COMMAND: GET /session/d2fe43ebfbb544e7f75466ef0943a884/screenshot - {}
RESULT: {"script":"<script> [21 bytes]","args":[{"selector":{"id":"CreateDialog::xRFMxCU_ProgramType::PortfolioId-inner","searchOpenDialogs":true,"interaction":{"idSuffix":"inner"}},"wdio_ui5_key":"CreateDialogxRFMxCU_ProgramType::PortfolioId-inner"}]}
RESULT: undefined
COMMAND: POST /session/d2fe43ebfbb544e7f75466ef0943a884/execute/async - {"script":"<script> [20 bytes]","args":[{"enterText":"1","selector":{"id":"CreateDialog::xRFMxCU_ProgramType::PortfolioId-inner","searchOpenDialogs":true,"interaction":{"idSuffix":"inner"}},"clearTextFirst":true,"interactionType":"ENTER_TEXT"}]}
RESULT: {}
RESULT: {"script":"<script> [20 bytes]","args":[{"enterText":"1","selector":{"id":"CreateDialog::xRFMxCU_ProgramType::PortfolioId-inner","searchOpenDialogs":true,"interaction":{"idSuffix":"inner"}},"clearTextFirst":true,"interactionType":"ENTER_TEXT"}]}
COMMAND: POST /session/d2fe43ebfbb544e7f75466ef0943a884/element - {"using":"css selector","value":"div.sapUiLocalBusyIndicator"}
RESULT: {"using":"css selector","value":"div.sapUiLocalBusyIndicator"}
COMMAND: POST /session/d2fe43ebfbb544e7f75466ef0943a884/execute/sync - {"script":"<script> [21 bytes]","args":[{"element-6066-11e4-a52e-4f735466cecf":"f.BC33B0DD60029B1FB30064FFCFFD7B2E.d.8ABB020B571DCE6808F3603F6E1610B1.e.292","ELEMENT":"f.BC33B0DD60029B1FB30064FFCFFD7B2E.d.8ABB020B571DCE6808F3603F6E1610B1.e.292"}]}
RESULT: {"script":"<script> [21 bytes]","args":[{"element-6066-11e4-a52e-4f735466cecf":"f.BC33B0DD60029B1FB30064FFCFFD7B2E.d.8ABB020B571DCE6808F3603F6E1610B1.e.292","ELEMENT":"f.BC33B0DD60029B1FB30064FFCFFD7B2E.d.8ABB020B571DCE6808F3603F6E1610B1.e.292"}]}
COMMAND: POST /session/d2fe43ebfbb544e7f75466ef0943a884/execute/async - {"script":"<script> [21 bytes]","args":[{"selector":{"controlType":"sap.m.Button","viewName":"sap.fe.templates.ObjectPage.ObjectPage","viewId":"rfm.programui::xRFMxCU_ProgramObjectPage","properties":{"text":"Continue"},"searchOpenDialogs":true,"interaction":{"idSuffix":"BDI-content"}},"wdio_ui5_key":"sapfe.templates.ObjectPage.ObjectPagesap.m.Button{\"text\":\"Continue\"}"}]}
COMMAND: GET /session/d2fe43ebfbb544e7f75466ef0943a884/screenshot - {}
RESULT: {"script":"<script> [21 bytes]","args":[{"selector":{"controlType":"sap.m.Button","viewName":"sap.fe.templates.ObjectPage.ObjectPage","viewId":"rfm.programui::xRFMxCU_ProgramObjectPage","properties":{"text":"Continue"},"searchOpenDialogs":true,"interaction":{"idSuffix":"BDI-content"}},"wdio_ui5_key":"sapfe.templates.ObjectPage.ObjectPagesap.m.Button{\"text\":\"Continue\"}"}]}
RESULT: undefined
COMMAND: POST /session/d2fe43ebfbb544e7f75466ef0943a884/element - {"using":"xpath","value":"//*[@id=\"__button187\"]"}
RESULT: {}
RESULT: {"using":"xpath","value":"//*[@id=\"__button187\"]"}
COMMAND: POST /session/d2fe43ebfbb544e7f75466ef0943a884/element/f.BC33B0DD60029B1FB30064FFCFFD7B2E.d.8ABB020B571DCE6808F3603F6E1610B1.e.301/click - {}
RESULT: {}
COMMAND: POST /session/d2fe43ebfbb544e7f75466ef0943a884/element - {"using":"css selector","value":"div.sapUiLocalBusyIndicator"}
COMMAND: GET /session/d2fe43ebfbb544e7f75466ef0943a884/screenshot - {}
RESULT: {"using":"css selector","value":"div.sapUiLocalBusyIndicator"}
COMMAND: POST /session/d2fe43ebfbb544e7f75466ef0943a884/execute/sync - {"script":"<script> [21 bytes]","args":[{"element-6066-11e4-a52e-4f735466cecf":"f.BC33B0DD60029B1FB30064FFCFFD7B2E.d.8ABB020B571DCE6808F3603F6E1610B1.e.292","ELEMENT":"f.BC33B0DD60029B1FB30064FFCFFD7B2E.d.8ABB020B571DCE6808F3603F6E1610B1.e.292"}]}
RESULT: {}
COMMAND: POST /session/d2fe43ebfbb544e7f75466ef0943a884/element - {"using":"css selector","value":"div.sapUiLocalBusyIndicator"}
RESULT: {"using":"css selector","value":"div.sapUiLocalBusyIndicator"}
COMMAND: POST /session/d2fe43ebfbb544e7f75466ef0943a884/element - {"using":"css selector","value":"div.sapUiLocalBusyIndicator"}
RESULT: {"using":"css selector","value":"div.sapUiLocalBusyIndicator"}
COMMAND: POST /session/d2fe43ebfbb544e7f75466ef0943a884/execute/async - {"script":"<script> [21 bytes]","args":[{"selector":{"id":"rfm.programui::xRFMxCU_ProgramObjectPage--fe::CustomSubSection::CustomDetailsSection--fe::FormContainer::FieldGroup::basicData1::FormElement::DataField::Currency::Field-edit-inner","interaction":{"idSuffix":"inner"}},"wdio_ui5_key":"rfmprogramui::xRFMxCU_ProgramObjectPage--fe::CustomSubSection::CustomDetailsSection--fe::FormContainer::FieldGroup::basicData1::FormElement::DataField::Currency::Field-edit-inner"}]}
RESULT: {"script":"<script> [21 bytes]","args":[{"selector":{"id":"rfm.programui::xRFMxCU_ProgramObjectPage--fe::CustomSubSection::CustomDetailsSection--fe::FormContainer::FieldGroup::basicData1::FormElement::DataField::Currency::Field-edit-inner","interaction":{"idSuffix":"inner"}},"wdio_ui5_key":"rfmprogramui::xRFMxCU_ProgramObjectPage--fe::CustomSubSection::CustomDetailsSection--fe::FormContainer::FieldGroup::basicData1::FormElement::DataField::Currency::Field-edit-inner"}]}
RESULT: undefined
COMMAND: POST /session/d2fe43ebfbb544e7f75466ef0943a884/execute/async - {"script":"<script> [20 bytes]","args":[{"enterText":"EUR","selector":{"id":"rfm.programui::xRFMxCU_ProgramObjectPage--fe::CustomSubSection::CustomDetailsSection--fe::FormContainer::FieldGroup::basicData1::FormElement::DataField::Currency::Field-edit-inner","interaction":{"idSuffix":"inner"}},"clearTextFirst":true,"interactionType":"ENTER_TEXT"}]}
RESULT: {"script":"<script> [20 bytes]","args":[{"enterText":"EUR","selector":{"id":"rfm.programui::xRFMxCU_ProgramObjectPage--fe::CustomSubSection::CustomDetailsSection--fe::FormContainer::FieldGroup::basicData1::FormElement::DataField::Currency::Field-edit-inner","interaction":{"idSuffix":"inner"}},"clearTextFirst":true,"interactionType":"ENTER_TEXT"}]}
COMMAND: POST /session/d2fe43ebfbb544e7f75466ef0943a884/element - {"using":"css selector","value":"div.sapUiLocalBusyIndicator"}
RESULT: {"using":"css selector","value":"div.sapUiLocalBusyIndicator"}
COMMAND: POST /session/d2fe43ebfbb544e7f75466ef0943a884/element - {"using":"css selector","value":"div.sapUiLocalBusyIndicator"}
RESULT: {"using":"css selector","value":"div.sapUiLocalBusyIndicator"}
COMMAND: POST /session/d2fe43ebfbb544e7f75466ef0943a884/execute/async - {"script":"<script> [21 bytes]","args":[{"selector":{"id":"rfm.programui::xRFMxCU_ProgramObjectPage--fe::CustomSubSection::CustomDetailsSection--fe::FormContainer::FieldGroup::basicData1::FormElement::DataField::Volume::Field-edit-inner","interaction":{"idSuffix":"inner"}},"wdio_ui5_key":"rfmprogramui::xRFMxCU_ProgramObjectPage--fe::CustomSubSection::CustomDetailsSection--fe::FormContainer::FieldGroup::basicData1::FormElement::DataField::Volume::Field-edit-inner"}]}
RESULT: {"script":"<script> [21 bytes]","args":[{"selector":{"id":"rfm.programui::xRFMxCU_ProgramObjectPage--fe::CustomSubSection::CustomDetailsSection--fe::FormContainer::FieldGroup::basicData1::FormElement::DataField::Volume::Field-edit-inner","interaction":{"idSuffix":"inner"}},"wdio_ui5_key":"rfmprogramui::xRFMxCU_ProgramObjectPage--fe::CustomSubSection::CustomDetailsSection--fe::FormContainer::FieldGroup::basicData1::FormElement::DataField::Volume::Field-edit-inner"}]}
RESULT: undefined
COMMAND: POST /session/d2fe43ebfbb544e7f75466ef0943a884/execute/async - {"script":"<script> [20 bytes]","args":[{"enterText":"1,000,000,000.00","selector":{"id":"rfm.programui::xRFMxCU_ProgramObjectPage--fe::CustomSubSection::CustomDetailsSection--fe::FormContainer::FieldGroup::basicData1::FormElement::DataField::Volume::Field-edit-inner","interaction":{"idSuffix":"inner"}},"clearTextFirst":true,"interactionType":"ENTER_TEXT"}]}
RESULT: {"script":"<script> [20 bytes]","args":[{"enterText":"1,000,000,000.00","selector":{"id":"rfm.programui::xRFMxCU_ProgramObjectPage--fe::CustomSubSection::CustomDetailsSection--fe::FormContainer::FieldGroup::basicData1::FormElement::DataField::Volume::Field-edit-inner","interaction":{"idSuffix":"inner"}},"clearTextFirst":true,"interactionType":"ENTER_TEXT"}]}
COMMAND: POST /session/d2fe43ebfbb544e7f75466ef0943a884/element - {"using":"css selector","value":"div.sapUiLocalBusyIndicator"}
RESULT: {"using":"css selector","value":"div.sapUiLocalBusyIndicator"}
COMMAND: POST /session/d2fe43ebfbb544e7f75466ef0943a884/element - {"using":"css selector","value":"div.sapUiLocalBusyIndicator"}
RESULT: {"using":"css selector","value":"div.sapUiLocalBusyIndicator"}
COMMAND: POST /session/d2fe43ebfbb544e7f75466ef0943a884/execute/async - {"script":"<script> [21 bytes]","args":[{"selector":{"id":"rfm.programui::xRFMxCU_ProgramObjectPage--fe::CustomSubSection::CustomDetailsSection--fe::FormContainer::FieldGroup::basicData1::FormElement::DataField::ValidTo::Field-edit","interaction":{"idSuffix":"inner"}},"wdio_ui5_key":"rfmprogramui::xRFMxCU_ProgramObjectPage--fe::CustomSubSection::CustomDetailsSection--fe::FormContainer::FieldGroup::basicData1::FormElement::DataField::ValidTo::Field-edit"}]}
RESULT: {"script":"<script> [21 bytes]","args":[{"selector":{"id":"rfm.programui::xRFMxCU_ProgramObjectPage--fe::CustomSubSection::CustomDetailsSection--fe::FormContainer::FieldGroup::basicData1::FormElement::DataField::ValidTo::Field-edit","interaction":{"idSuffix":"inner"}},"wdio_ui5_key":"rfmprogramui::xRFMxCU_ProgramObjectPage--fe::CustomSubSection::CustomDetailsSection--fe::FormContainer::FieldGroup::basicData1::FormElement::DataField::ValidTo::Field-edit"}]}
RESULT: undefined
COMMAND: POST /session/d2fe43ebfbb544e7f75466ef0943a884/execute/async - {"script":"<script> [21 bytes]","args":[{"element-6066-11e4-a52e-4f735466cecf":"f.BC33B0DD60029B1FB30064FFCFFD7B2E.d.8ABB020B571DCE6808F3603F6E1610B1.e.340"},"setValue",["2027-12-31"]]}
RESULT: {"script":"<script> [21 bytes]","args":[{"element-6066-11e4-a52e-4f735466cecf":"f.BC33B0DD60029B1FB30064FFCFFD7B2E.d.8ABB020B571DCE6808F3603F6E1610B1.e.340"},"setValue",["2027-12-31"]]}
COMMAND: POST /session/d2fe43ebfbb544e7f75466ef0943a884/element - {"using":"css selector","value":"div.sapUiLocalBusyIndicator"}
RESULT: {"using":"css selector","value":"div.sapUiLocalBusyIndicator"}
COMMAND: POST /session/d2fe43ebfbb544e7f75466ef0943a884/element - {"using":"css selector","value":"div.sapUiLocalBusyIndicator"}
RESULT: {"using":"css selector","value":"div.sapUiLocalBusyIndicator"}
COMMAND: POST /session/d2fe43ebfbb544e7f75466ef0943a884/execute/async - {"script":"<script> [21 bytes]","args":[{"selector":{"id":"rfm.programui::xRFMxCU_ProgramObjectPage--fe::CustomSubSection::CustomDetailsSection--fe::FormContainer::FieldGroup::basicData2::FormElement::DataField::CompanyCode::Field-edit-inner","interaction":{"idSuffix":"inner"}},"wdio_ui5_key":"rfmprogramui::xRFMxCU_ProgramObjectPage--fe::CustomSubSection::CustomDetailsSection--fe::FormContainer::FieldGroup::basicData2::FormElement::DataField::CompanyCode::Field-edit-inner"}]}
RESULT: {"script":"<script> [21 bytes]","args":[{"selector":{"id":"rfm.programui::xRFMxCU_ProgramObjectPage--fe::CustomSubSection::CustomDetailsSection--fe::FormContainer::FieldGroup::basicData2::FormElement::DataField::CompanyCode::Field-edit-inner","interaction":{"idSuffix":"inner"}},"wdio_ui5_key":"rfmprogramui::xRFMxCU_ProgramObjectPage--fe::CustomSubSection::CustomDetailsSection--fe::FormContainer::FieldGroup::basicData2::FormElement::DataField::CompanyCode::Field-edit-inner"}]}
RESULT: undefined
COMMAND: POST /session/d2fe43ebfbb544e7f75466ef0943a884/execute/async - {"script":"<script> [20 bytes]","args":[{"enterText":"BearingPoint (0001)","selector":{"id":"rfm.programui::xRFMxCU_ProgramObjectPage--fe::CustomSubSection::CustomDetailsSection--fe::FormContainer::FieldGroup::basicData2::FormElement::DataField::CompanyCode::Field-edit-inner","interaction":{"idSuffix":"inner"}},"clearTextFirst":true,"interactionType":"ENTER_TEXT"}]}
RESULT: {"script":"<script> [20 bytes]","args":[{"enterText":"BearingPoint (0001)","selector":{"id":"rfm.programui::xRFMxCU_ProgramObjectPage--fe::CustomSubSection::CustomDetailsSection--fe::FormContainer::FieldGroup::basicData2::FormElement::DataField::CompanyCode::Field-edit-inner","interaction":{"idSuffix":"inner"}},"clearTextFirst":true,"interactionType":"ENTER_TEXT"}]}
COMMAND: POST /session/d2fe43ebfbb544e7f75466ef0943a884/element - {"using":"css selector","value":"div.sapUiLocalBusyIndicator"}
RESULT: {"using":"css selector","value":"div.sapUiLocalBusyIndicator"}
COMMAND: POST /session/d2fe43ebfbb544e7f75466ef0943a884/element - {"using":"css selector","value":"div.sapUiLocalBusyIndicator"}
RESULT: {"using":"css selector","value":"div.sapUiLocalBusyIndicator"}
COMMAND: POST /session/d2fe43ebfbb544e7f75466ef0943a884/execute/async - {"script":"<script> [21 bytes]","args":[{"selector":{"id":"rfm.programui::xRFMxCU_ProgramObjectPage--fe::CustomSubSection::CustomDetailsSection--DetailsFundingTypesTable-content::StandardAction::Create","interaction":{"idSuffix":"BDI-content"}},"wdio_ui5_key":"rfmprogramui::xRFMxCU_ProgramObjectPage--fe::CustomSubSection::CustomDetailsSection--DetailsFundingTypesTable-content::StandardAction::Create"}]}
RESULT: {"script":"<script> [21 bytes]","args":[{"selector":{"id":"rfm.programui::xRFMxCU_ProgramObjectPage--fe::CustomSubSection::CustomDetailsSection--DetailsFundingTypesTable-content::StandardAction::Create","interaction":{"idSuffix":"BDI-content"}},"wdio_ui5_key":"rfmprogramui::xRFMxCU_ProgramObjectPage--fe::CustomSubSection::CustomDetailsSection--DetailsFundingTypesTable-content::StandardAction::Create"}]}
RESULT: undefined
COMMAND: POST /session/d2fe43ebfbb544e7f75466ef0943a884/element - {"using":"xpath","value":"//*[@id=\"rfm.programui::xRFMxCU_ProgramObjectPage--fe::CustomSubSection::CustomDetailsSection--DetailsFundingTypesTable-content::StandardAction::Create\"]"}
RESULT: {"using":"xpath","value":"//*[@id=\"rfm.programui::xRFMxCU_ProgramObjectPage--fe::CustomSubSection::CustomDetailsSection--DetailsFundingTypesTable-content::StandardAction::Create\"]"}
COMMAND: POST /session/d2fe43ebfbb544e7f75466ef0943a884/element/f.BC33B0DD60029B1FB30064FFCFFD7B2E.d.8ABB020B571DCE6808F3603F6E1610B1.e.352/click - {}
RESULT: {}
COMMAND: POST /session/d2fe43ebfbb544e7f75466ef0943a884/element - {"using":"css selector","value":"div.sapUiLocalBusyIndicator"}
COMMAND: GET /session/d2fe43ebfbb544e7f75466ef0943a884/screenshot - {}
RESULT: {"using":"css selector","value":"div.sapUiLocalBusyIndicator"}
COMMAND: POST /session/d2fe43ebfbb544e7f75466ef0943a884/execute/sync - {"script":"<script> [21 bytes]","args":[{"element-6066-11e4-a52e-4f735466cecf":"f.BC33B0DD60029B1FB30064FFCFFD7B2E.d.8ABB020B571DCE6808F3603F6E1610B1.e.487","ELEMENT":"f.BC33B0DD60029B1FB30064FFCFFD7B2E.d.8ABB020B571DCE6808F3603F6E1610B1.e.487"}]}
RESULT: {}
RESULT: {"script":"<script> [21 bytes]","args":[{"element-6066-11e4-a52e-4f735466cecf":"f.BC33B0DD60029B1FB30064FFCFFD7B2E.d.8ABB020B571DCE6808F3603F6E1610B1.e.487","ELEMENT":"f.BC33B0DD60029B1FB30064FFCFFD7B2E.d.8ABB020B571DCE6808F3603F6E1610B1.e.487"}]}
COMMAND: POST /session/d2fe43ebfbb544e7f75466ef0943a884/execute/async - {"script":"<script> [21 bytes]","args":[{"selector":{"id":"CreateDialog::xRFMxCU_ProgramFundingTypeType::FundingType-inner","searchOpenDialogs":true,"interaction":{"idSuffix":"inner"}},"wdio_ui5_key":"CreateDialogxRFMxCU_ProgramFundingTypeType::FundingType-inner"}]}
COMMAND: GET /session/d2fe43ebfbb544e7f75466ef0943a884/screenshot - {}
RESULT: {"script":"<script> [21 bytes]","args":[{"selector":{"id":"CreateDialog::xRFMxCU_ProgramFundingTypeType::FundingType-inner","searchOpenDialogs":true,"interaction":{"idSuffix":"inner"}},"wdio_ui5_key":"CreateDialogxRFMxCU_ProgramFundingTypeType::FundingType-inner"}]}
RESULT: undefined
COMMAND: POST /session/d2fe43ebfbb544e7f75466ef0943a884/execute/async - {"script":"<script> [20 bytes]","args":[{"enterText":"30","selector":{"id":"CreateDialog::xRFMxCU_ProgramFundingTypeType::FundingType-inner","searchOpenDialogs":true,"interaction":{"idSuffix":"inner"}},"clearTextFirst":true,"interactionType":"ENTER_TEXT"}]}
RESULT: {}
RESULT: {"script":"<script> [20 bytes]","args":[{"enterText":"30","selector":{"id":"CreateDialog::xRFMxCU_ProgramFundingTypeType::FundingType-inner","searchOpenDialogs":true,"interaction":{"idSuffix":"inner"}},"clearTextFirst":true,"interactionType":"ENTER_TEXT"}]}
COMMAND: POST /session/d2fe43ebfbb544e7f75466ef0943a884/element - {"using":"css selector","value":"div.sapUiLocalBusyIndicator"}
RESULT: {"using":"css selector","value":"div.sapUiLocalBusyIndicator"}
COMMAND: POST /session/d2fe43ebfbb544e7f75466ef0943a884/execute/sync - {"script":"<script> [21 bytes]","args":[{"element-6066-11e4-a52e-4f735466cecf":"f.BC33B0DD60029B1FB30064FFCFFD7B2E.d.8ABB020B571DCE6808F3603F6E1610B1.e.487","ELEMENT":"f.BC33B0DD60029B1FB30064FFCFFD7B2E.d.8ABB020B571DCE6808F3603F6E1610B1.e.487"}]}
RESULT: {"script":"<script> [21 bytes]","args":[{"element-6066-11e4-a52e-4f735466cecf":"f.BC33B0DD60029B1FB30064FFCFFD7B2E.d.8ABB020B571DCE6808F3603F6E1610B1.e.487","ELEMENT":"f.BC33B0DD60029B1FB30064FFCFFD7B2E.d.8ABB020B571DCE6808F3603F6E1610B1.e.487"}]}
COMMAND: POST /session/d2fe43ebfbb544e7f75466ef0943a884/execute/async - {"script":"<script> [21 bytes]","args":[{"selector":{"id":"CreateDialog::xRFMxCU_Program::_AllowedFundingType-footer","searchOpenDialogs":true},"wdio_ui5_key":"CreateDialogxRFMxCU_Program::_AllowedFundingType-footer"}]}
COMMAND: GET /session/d2fe43ebfbb544e7f75466ef0943a884/screenshot - {}
RESULT: {"script":"<script> [21 bytes]","args":[{"selector":{"id":"CreateDialog::xRFMxCU_Program::_AllowedFundingType-footer","searchOpenDialogs":true},"wdio_ui5_key":"CreateDialogxRFMxCU_Program::_AllowedFundingType-footer"}]}
RESULT: undefined
COMMAND: POST /session/d2fe43ebfbb544e7f75466ef0943a884/element - {"using":"xpath","value":"//*[@id=\"CreateDialog::xRFMxCU_Program::_AllowedFundingType-footer\"]"}
RESULT: {}
RESULT: {"using":"xpath","value":"//*[@id=\"CreateDialog::xRFMxCU_Program::_AllowedFundingType-footer\"]"}
COMMAND: POST /session/d2fe43ebfbb544e7f75466ef0943a884/element/f.BC33B0DD60029B1FB30064FFCFFD7B2E.d.8ABB020B571DCE6808F3603F6E1610B1.e.492/click - {}
RESULT: {}
COMMAND: POST /session/d2fe43ebfbb544e7f75466ef0943a884/element - {"using":"css selector","value":"div.sapUiLocalBusyIndicator"}
COMMAND: GET /session/d2fe43ebfbb544e7f75466ef0943a884/screenshot - {}
RESULT: {"using":"css selector","value":"div.sapUiLocalBusyIndicator"}
COMMAND: POST /session/d2fe43ebfbb544e7f75466ef0943a884/execute/sync - {"script":"<script> [21 bytes]","args":[{"element-6066-11e4-a52e-4f735466cecf":"f.BC33B0DD60029B1FB30064FFCFFD7B2E.d.8ABB020B571DCE6808F3603F6E1610B1.e.487","ELEMENT":"f.BC33B0DD60029B1FB30064FFCFFD7B2E.d.8ABB020B571DCE6808F3603F6E1610B1.e.487"}]}
RESULT: {}
RESULT: {"script":"<script> [21 bytes]","args":[{"element-6066-11e4-a52e-4f735466cecf":"f.BC33B0DD60029B1FB30064FFCFFD7B2E.d.8ABB020B571DCE6808F3603F6E1610B1.e.487","ELEMENT":"f.BC33B0DD60029B1FB30064FFCFFD7B2E.d.8ABB020B571DCE6808F3603F6E1610B1.e.487"}]}
COMMAND: POST /session/d2fe43ebfbb544e7f75466ef0943a884/execute/async - {"script":"<script> [21 bytes]","args":[{"forceSelect":true,"selector":{"controlType":"sap.m.Button","viewName":"sap.fe.templates.ObjectPage.ObjectPage","viewId":"rfm.programui::xRFMxCU_Program__AllowedFundingTypeObjectPage","properties":{"text":"Continue"},"searchOpenDialogs":true,"interaction":{"idSuffix":"content"}},"wdio_ui5_key":"sapfe.templates.ObjectPage.ObjectPagesap.m.Button{\"text\":\"Continue\"}"}]}
COMMAND: GET /session/d2fe43ebfbb544e7f75466ef0943a884/screenshot - {}
RESULT: {"script":"<script> [21 bytes]","args":[{"forceSelect":true,"selector":{"controlType":"sap.m.Button","viewName":"sap.fe.templates.ObjectPage.ObjectPage","viewId":"rfm.programui::xRFMxCU_Program__AllowedFundingTypeObjectPage","properties":{"text":"Continue"},"searchOpenDialogs":true,"interaction":{"idSuffix":"content"}},"wdio_ui5_key":"sapfe.templates.ObjectPage.ObjectPagesap.m.Button{\"text\":\"Continue\"}"}]}
RESULT: undefined
COMMAND: POST /session/d2fe43ebfbb544e7f75466ef0943a884/element - {"using":"xpath","value":"//*[@id=\"__button199\"]"}
RESULT: {}
RESULT: {"using":"xpath","value":"//*[@id=\"__button199\"]"}
COMMAND: POST /session/d2fe43ebfbb544e7f75466ef0943a884/element/f.BC33B0DD60029B1FB30064FFCFFD7B2E.d.8ABB020B571DCE6808F3603F6E1610B1.e.494/click - {}
RESULT: {}
COMMAND: POST /session/d2fe43ebfbb544e7f75466ef0943a884/execute/async - {"script":"<script> [21 bytes]","args":[{"selector":{"id":"rfm.programui::xRFMxCU_Program__AllowedFundingTypeObjectPage--fe::FooterBar::_fc"},"wdio_ui5_key":"rfmprogramui::xRFMxCU_Program__AllowedFundingTypeObjectPage--fe::FooterBar::_fc"}]}
COMMAND: GET /session/d2fe43ebfbb544e7f75466ef0943a884/screenshot - {}
RESULT: {"script":"<script> [21 bytes]","args":[{"selector":{"id":"rfm.programui::xRFMxCU_Program__AllowedFundingTypeObjectPage--fe::FooterBar::_fc"},"wdio_ui5_key":"rfmprogramui::xRFMxCU_Program__AllowedFundingTypeObjectPage--fe::FooterBar::_fc"}]}
RESULT: undefined
COMMAND: POST /session/d2fe43ebfbb544e7f75466ef0943a884/element - {"using":"xpath","value":"//*[@id=\"rfm.programui::xRFMxCU_Program__AllowedFundingTypeObjectPage--fe::FooterBar::_fc\"]"}
RESULT: {}
RESULT: {"using":"xpath","value":"//*[@id=\"rfm.programui::xRFMxCU_Program__AllowedFundingTypeObjectPage--fe::FooterBar::_fc\"]"}
COMMAND: POST /session/d2fe43ebfbb544e7f75466ef0943a884/element/f.BC33B0DD60029B1FB30064FFCFFD7B2E.d.8ABB020B571DCE6808F3603F6E1610B1.e.500/click - {}
RESULT: {}
COMMAND: GET /session/d2fe43ebfbb544e7f75466ef0943a884/screenshot - {}
RESULT: {}
COMMAND: POST /session/d2fe43ebfbb544e7f75466ef0943a884/execute/async - {"script":"<script> [21 bytes]","args":[{"forceSelect":true,"selector":{"id":"rfm.programui::xRFMxCU_Program__AllowedFundingTypeObjectPage--fe::FooterBar::StandardAction::Apply"},"wdio_ui5_key":"rfmprogramui::xRFMxCU_Program__AllowedFundingTypeObjectPage--fe::FooterBar::StandardAction::Apply"}]}
RESULT: {"script":"<script> [21 bytes]","args":[{"forceSelect":true,"selector":{"id":"rfm.programui::xRFMxCU_Program__AllowedFundingTypeObjectPage--fe::FooterBar::StandardAction::Apply"},"wdio_ui5_key":"rfmprogramui::xRFMxCU_Program__AllowedFundingTypeObjectPage--fe::FooterBar::StandardAction::Apply"}]}
RESULT: undefined
COMMAND: POST /session/d2fe43ebfbb544e7f75466ef0943a884/element - {"using":"xpath","value":"//*[@id=\"rfm.programui::xRFMxCU_Program__AllowedFundingTypeObjectPage--fe::FooterBar::StandardAction::Apply\"]"}
RESULT: {"using":"xpath","value":"//*[@id=\"rfm.programui::xRFMxCU_Program__AllowedFundingTypeObjectPage--fe::FooterBar::StandardAction::Apply\"]"}
COMMAND: POST /session/d2fe43ebfbb544e7f75466ef0943a884/element/f.BC33B0DD60029B1FB30064FFCFFD7B2E.d.8ABB020B571DCE6808F3603F6E1610B1.e.485/click - {}
RESULT: {}
COMMAND: GET /session/d2fe43ebfbb544e7f75466ef0943a884/screenshot - {}
RESULT: {}
COMMAND: POST /session/d2fe43ebfbb544e7f75466ef0943a884/execute/async - {"script":"<script> [21 bytes]","args":[{"selector":{"id":"rfm.programui::xRFMxCU_ProgramObjectPage--fe::ObjectPage-anchBar-rfm.programui::xRFMxCU_ProgramObjectPage--fe::EditableHeaderSection-anchor","interaction":{"idSuffix":"text"}},"wdio_ui5_key":"rfmprogramui::xRFMxCU_ProgramObjectPage--fe::ObjectPage-anchBar-rfm.programui::xRFMxCU_ProgramObjectPage--fe::EditableHeaderSection-anchor"}]}
RESULT: {"script":"<script> [21 bytes]","args":[{"selector":{"id":"rfm.programui::xRFMxCU_ProgramObjectPage--fe::ObjectPage-anchBar-rfm.programui::xRFMxCU_ProgramObjectPage--fe::EditableHeaderSection-anchor","interaction":{"idSuffix":"text"}},"wdio_ui5_key":"rfmprogramui::xRFMxCU_ProgramObjectPage--fe::ObjectPage-anchBar-rfm.programui::xRFMxCU_ProgramObjectPage--fe::EditableHeaderSection-anchor"}]}
RESULT: undefined
COMMAND: POST /session/d2fe43ebfbb544e7f75466ef0943a884/element - {"using":"xpath","value":"//*[@id=\"rfm.programui::xRFMxCU_ProgramObjectPage--fe::ObjectPage-anchBar-rfm.programui::xRFMxCU_ProgramObjectPage--fe::EditableHeaderSection-anchor\"]"}
RESULT: {"using":"xpath","value":"//*[@id=\"rfm.programui::xRFMxCU_ProgramObjectPage--fe::ObjectPage-anchBar-rfm.programui::xRFMxCU_ProgramObjectPage--fe::EditableHeaderSection-anchor\"]"}
COMMAND: POST /session/d2fe43ebfbb544e7f75466ef0943a884/element/f.BC33B0DD60029B1FB30064FFCFFD7B2E.d.8ABB020B571DCE6808F3603F6E1610B1.e.552/click - {}
RESULT: {}
COMMAND: POST /session/d2fe43ebfbb544e7f75466ef0943a884/element - {"using":"css selector","value":"div.sapUiLocalBusyIndicator"}
COMMAND: GET /session/d2fe43ebfbb544e7f75466ef0943a884/screenshot - {}
RESULT: {"using":"css selector","value":"div.sapUiLocalBusyIndicator"}
COMMAND: POST /session/d2fe43ebfbb544e7f75466ef0943a884/element - {"using":"css selector","value":"div.sapUiLocalBusyIndicator"}
RESULT: {}
RESULT: {"using":"css selector","value":"div.sapUiLocalBusyIndicator"}
COMMAND: POST /session/d2fe43ebfbb544e7f75466ef0943a884/execute/async - {"script":"<script> [21 bytes]","args":[{"selector":{"id":"rfm.programui::xRFMxCU_ProgramObjectPage--fe::HeaderFacet::FormContainer::headerFieldsGP1::FormElement::DataField::Name::Field-edit","interaction":{"idSuffix":"inner"}},"wdio_ui5_key":"rfmprogramui::xRFMxCU_ProgramObjectPage--fe::HeaderFacet::FormContainer::headerFieldsGP1::FormElement::DataField::Name::Field-edit"}]}
RESULT: {"script":"<script> [21 bytes]","args":[{"selector":{"id":"rfm.programui::xRFMxCU_ProgramObjectPage--fe::HeaderFacet::FormContainer::headerFieldsGP1::FormElement::DataField::Name::Field-edit","interaction":{"idSuffix":"inner"}},"wdio_ui5_key":"rfmprogramui::xRFMxCU_ProgramObjectPage--fe::HeaderFacet::FormContainer::headerFieldsGP1::FormElement::DataField::Name::Field-edit"}]}
RESULT: undefined
COMMAND: POST /session/d2fe43ebfbb544e7f75466ef0943a884/execute/async - {"script":"<script> [20 bytes]","args":[{"enterText":"WDIO_Trigger_2025-08-11","selector":{"id":"rfm.programui::xRFMxCU_ProgramObjectPage--fe::HeaderFacet::FormContainer::headerFieldsGP1::FormElement::DataField::Name::Field-edit","interaction":{"idSuffix":"inner"}},"clearTextFirst":true,"interactionType":"ENTER_TEXT"}]}
RESULT: {"script":"<script> [20 bytes]","args":[{"enterText":"WDIO_Trigger_2025-08-11","selector":{"id":"rfm.programui::xRFMxCU_ProgramObjectPage--fe::HeaderFacet::FormContainer::headerFieldsGP1::FormElement::DataField::Name::Field-edit","interaction":{"idSuffix":"inner"}},"clearTextFirst":true,"interactionType":"ENTER_TEXT"}]}
COMMAND: POST /session/d2fe43ebfbb544e7f75466ef0943a884/element - {"using":"css selector","value":"div.sapUiLocalBusyIndicator"}
RESULT: {"using":"css selector","value":"div.sapUiLocalBusyIndicator"}
COMMAND: POST /session/d2fe43ebfbb544e7f75466ef0943a884/element - {"using":"css selector","value":"div.sapUiLocalBusyIndicator"}
RESULT: {"using":"css selector","value":"div.sapUiLocalBusyIndicator"}
COMMAND: POST /session/d2fe43ebfbb544e7f75466ef0943a884/execute/async - {"script":"<script> [21 bytes]","args":[{"selector":{"id":"rfm.programui::xRFMxCU_ProgramObjectPage--fe::FooterBar::StandardAction::Save","interaction":{"idSuffix":"BDI-content"}},"wdio_ui5_key":"rfmprogramui::xRFMxCU_ProgramObjectPage--fe::FooterBar::StandardAction::Save"}]}
RESULT: {"script":"<script> [21 bytes]","args":[{"selector":{"id":"rfm.programui::xRFMxCU_ProgramObjectPage--fe::FooterBar::StandardAction::Save","interaction":{"idSuffix":"BDI-content"}},"wdio_ui5_key":"rfmprogramui::xRFMxCU_ProgramObjectPage--fe::FooterBar::StandardAction::Save"}]}
RESULT: undefined
COMMAND: POST /session/d2fe43ebfbb544e7f75466ef0943a884/element - {"using":"xpath","value":"//*[@id=\"rfm.programui::xRFMxCU_ProgramObjectPage--fe::FooterBar::StandardAction::Save\"]"}
RESULT: {"using":"xpath","value":"//*[@id=\"rfm.programui::xRFMxCU_ProgramObjectPage--fe::FooterBar::StandardAction::Save\"]"}
COMMAND: POST /session/d2fe43ebfbb544e7f75466ef0943a884/element/f.BC33B0DD60029B1FB30064FFCFFD7B2E.d.8ABB020B571DCE6808F3603F6E1610B1.e.407/click - {}
RESULT: {}
COMMAND: POST /session/d2fe43ebfbb544e7f75466ef0943a884/element - {"using":"css selector","value":"div.sapUiLocalBusyIndicator"}
COMMAND: GET /session/d2fe43ebfbb544e7f75466ef0943a884/screenshot - {}
RESULT: {"using":"css selector","value":"div.sapUiLocalBusyIndicator"}
COMMAND: POST /session/d2fe43ebfbb544e7f75466ef0943a884/execute/sync - {"script":"<script> [21 bytes]","args":[{"element-6066-11e4-a52e-4f735466cecf":"f.BC33B0DD60029B1FB30064FFCFFD7B2E.d.8ABB020B571DCE6808F3603F6E1610B1.e.560","ELEMENT":"f.BC33B0DD60029B1FB30064FFCFFD7B2E.d.8ABB020B571DCE6808F3603F6E1610B1.e.560"}]}
RESULT: {}
RESULT: {"script":"<script> [21 bytes]","args":[{"element-6066-11e4-a52e-4f735466cecf":"f.BC33B0DD60029B1FB30064FFCFFD7B2E.d.8ABB020B571DCE6808F3603F6E1610B1.e.560","ELEMENT":"f.BC33B0DD60029B1FB30064FFCFFD7B2E.d.8ABB020B571DCE6808F3603F6E1610B1.e.560"}]}
COMMAND: POST /session/d2fe43ebfbb544e7f75466ef0943a884/execute/async - {"script":"<script> [21 bytes]","args":[{"selector":{"id":"rfm.programui::xRFMxCU_ProgramObjectPage--fe::HeaderFacet::Form::headerFieldsGP1::DataField::ProgramId::Field-content"},"wdio_ui5_key":"rfmprogramui::xRFMxCU_ProgramObjectPage--fe::HeaderFacet::Form::headerFieldsGP1::DataField::ProgramId::Field-content"}]}
COMMAND: GET /session/d2fe43ebfbb544e7f75466ef0943a884/screenshot - {}
RESULT: {"script":"<script> [21 bytes]","args":[{"selector":{"id":"rfm.programui::xRFMxCU_ProgramObjectPage--fe::HeaderFacet::Form::headerFieldsGP1::DataField::ProgramId::Field-content"},"wdio_ui5_key":"rfmprogramui::xRFMxCU_ProgramObjectPage--fe::HeaderFacet::Form::headerFieldsGP1::DataField::ProgramId::Field-content"}]}
RESULT: undefined
COMMAND: POST /session/d2fe43ebfbb544e7f75466ef0943a884/execute/async - {"script":"<script> [21 bytes]","args":[{"element-6066-11e4-a52e-4f735466cecf":"f.BC33B0DD60029B1FB30064FFCFFD7B2E.d.8ABB020B571DCE6808F3603F6E1610B1.e.570"},"getText",[]]}
RESULT: {}
RESULT: {"script":"<script> [21 bytes]","args":[{"element-6066-11e4-a52e-4f735466cecf":"f.BC33B0DD60029B1FB30064FFCFFD7B2E.d.8ABB020B571DCE6808F3603F6E1610B1.e.570"},"getText",[]]}
COMMAND: POST /session/d2fe43ebfbb544e7f75466ef0943a884/element - {"using":"css selector","value":"div.sapUiLocalBusyIndicator"}
RESULT: {"using":"css selector","value":"div.sapUiLocalBusyIndicator"}
COMMAND: POST /session/d2fe43ebfbb544e7f75466ef0943a884/element - {"using":"css selector","value":"div.sapUiLocalBusyIndicator"}
RESULT: {"using":"css selector","value":"div.sapUiLocalBusyIndicator"}
COMMAND: POST /session/d2fe43ebfbb544e7f75466ef0943a884/execute/async - {"script":"<script> [21 bytes]","args":[{"selector":{"id":"rfm.programui::xRFMxCU_ProgramObjectPage--fe::DataFieldForAction::com.sap.gateway.srvd.rfm.ui_program.v0001.Open::com.sap.gateway.srvd.rfm.ui_program.v0001.xRFMxCU_ProgramType","interaction":{"idSuffix":"BDI-content"}},"wdio_ui5_key":"rfmprogramui::xRFMxCU_ProgramObjectPage--fe::DataFieldForAction::com.sap.gateway.srvd.rfm.ui_program.v0001.Open::com.sap.gateway.srvd.rfm.ui_program.v0001.xRFMxCU_ProgramType"}]}
RESULT: {"script":"<script> [21 bytes]","args":[{"selector":{"id":"rfm.programui::xRFMxCU_ProgramObjectPage--fe::DataFieldForAction::com.sap.gateway.srvd.rfm.ui_program.v0001.Open::com.sap.gateway.srvd.rfm.ui_program.v0001.xRFMxCU_ProgramType","interaction":{"idSuffix":"BDI-content"}},"wdio_ui5_key":"rfmprogramui::xRFMxCU_ProgramObjectPage--fe::DataFieldForAction::com.sap.gateway.srvd.rfm.ui_program.v0001.Open::com.sap.gateway.srvd.rfm.ui_program.v0001.xRFMxCU_ProgramType"}]}
RESULT: undefined
COMMAND: POST /session/d2fe43ebfbb544e7f75466ef0943a884/element - {"using":"xpath","value":"//*[@id=\"rfm.programui::xRFMxCU_ProgramObjectPage--fe::DataFieldForAction::com.sap.gateway.srvd.rfm.ui_program.v0001.Open::com.sap.gateway.srvd.rfm.ui_program.v0001.xRFMxCU_ProgramType\"]"}
RESULT: {"using":"xpath","value":"//*[@id=\"rfm.programui::xRFMxCU_ProgramObjectPage--fe::DataFieldForAction::com.sap.gateway.srvd.rfm.ui_program.v0001.Open::com.sap.gateway.srvd.rfm.ui_program.v0001.xRFMxCU_ProgramType\"]"}
COMMAND: POST /session/d2fe43ebfbb544e7f75466ef0943a884/element/f.BC33B0DD60029B1FB30064FFCFFD7B2E.d.8ABB020B571DCE6808F3603F6E1610B1.e.332/click - {}
RESULT: {}
COMMAND: POST /session/d2fe43ebfbb544e7f75466ef0943a884/element - {"using":"css selector","value":"div.sapUiLocalBusyIndicator"}
COMMAND: GET /session/d2fe43ebfbb544e7f75466ef0943a884/screenshot - {}
RESULT: {"using":"css selector","value":"div.sapUiLocalBusyIndicator"}
COMMAND: POST /session/d2fe43ebfbb544e7f75466ef0943a884/element - {"using":"css selector","value":"div.sapUiLocalBusyIndicator"}
RESULT: {}
RESULT: {"using":"css selector","value":"div.sapUiLocalBusyIndicator"}
COMMAND: POST /session/d2fe43ebfbb544e7f75466ef0943a884/execute/async - {"script":"<script> [21 bytes]","args":[{"selector":{"controlType":"sap.m.Button","properties":{"text":"OK"},"searchOpenDialogs":true,"interaction":{"idSuffix":"BDI-content"}},"wdio_ui5_key":"sapm.Button{\"text\":\"OK\"}"}]}
RESULT: {"script":"<script> [21 bytes]","args":[{"selector":{"controlType":"sap.m.Button","properties":{"text":"OK"},"searchOpenDialogs":true,"interaction":{"idSuffix":"BDI-content"}},"wdio_ui5_key":"sapm.Button{\"text\":\"OK\"}"}]}
RESULT: undefined
COMMAND: POST /session/d2fe43ebfbb544e7f75466ef0943a884/element - {"using":"xpath","value":"//*[@id=\"__mbox-btn-0\"]"}
RESULT: {"using":"xpath","value":"//*[@id=\"__mbox-btn-0\"]"}
COMMAND: POST /session/d2fe43ebfbb544e7f75466ef0943a884/element/f.BC33B0DD60029B1FB30064FFCFFD7B2E.d.8ABB020B571DCE6808F3603F6E1610B1.e.572/click - {}
RESULT: {}
COMMAND: POST /session/d2fe43ebfbb544e7f75466ef0943a884/element - {"using":"css selector","value":"div.sapUiLocalBusyIndicator"}
COMMAND: GET /session/d2fe43ebfbb544e7f75466ef0943a884/screenshot - {}
RESULT: {"using":"css selector","value":"div.sapUiLocalBusyIndicator"}
COMMAND: POST /session/d2fe43ebfbb544e7f75466ef0943a884/element - {"using":"css selector","value":"div.sapUiLocalBusyIndicator"}
RESULT: {}
RESULT: {"using":"css selector","value":"div.sapUiLocalBusyIndicator"}
COMMAND: POST /session/d2fe43ebfbb544e7f75466ef0943a884/execute/async - {"script":"<script> [21 bytes]","args":[{"selector":{"id":"backBtn"},"wdio_ui5_key":"backBtn"}]}
RESULT: {"script":"<script> [21 bytes]","args":[{"selector":{"id":"backBtn"},"wdio_ui5_key":"backBtn"}]}
RESULT: undefined
COMMAND: POST /session/d2fe43ebfbb544e7f75466ef0943a884/element - {"using":"xpath","value":"//*[@id=\"backBtn\"]"}
RESULT: {"using":"xpath","value":"//*[@id=\"backBtn\"]"}
COMMAND: POST /session/d2fe43ebfbb544e7f75466ef0943a884/element/f.BC33B0DD60029B1FB30064FFCFFD7B2E.d.8ABB020B571DCE6808F3603F6E1610B1.e.577/click - {}
RESULT: {}
COMMAND: GET /session/d2fe43ebfbb544e7f75466ef0943a884/screenshot - {}
RESULT: {}
COMMAND: POST /session/d2fe43ebfbb544e7f75466ef0943a884/element/f.BC33B0DD60029B1FB30064FFCFFD7B2E.d.8ABB020B571DCE6808F3603F6E1610B1.e.577/click - {}
COMMAND: GET /session/d2fe43ebfbb544e7f75466ef0943a884/screenshot - {}
]]></system-out>
    </testcase>
    <testcase classname="chrome.138_0_7204_184.windows.Trigger" name="Should create Transaction" time="54.429">
      <system-out><![CDATA[
COMMAND: POST /session/d2fe43ebfbb544e7f75466ef0943a884/execute/async - {"script":"<script> [21 bytes]","args":[{"selector":{"controlType":"sap.m.GenericTile","properties":{"header":"Funding Transaction"}},"wdio_ui5_key":"sapm.GenericTile{\"header\":\"Funding Transaction\"}"}]}
RESULT: {}
COMMAND: GET /session/d2fe43ebfbb544e7f75466ef0943a884/screenshot - {}
RESULT: {}
RESULT: {"script":"<script> [21 bytes]","args":[{"selector":{"controlType":"sap.m.GenericTile","properties":{"header":"Funding Transaction"}},"wdio_ui5_key":"sapm.GenericTile{\"header\":\"Funding Transaction\"}"}]}
RESULT: undefined
COMMAND: POST /session/d2fe43ebfbb544e7f75466ef0943a884/element - {"using":"xpath","value":"//*[@id=\"__tile30\"]"}
RESULT: {}
RESULT: {"using":"xpath","value":"//*[@id=\"__tile30\"]"}
COMMAND: POST /session/d2fe43ebfbb544e7f75466ef0943a884/element/f.BC33B0DD60029B1FB30064FFCFFD7B2E.d.8ABB020B571DCE6808F3603F6E1610B1.e.670/click - {}
RESULT: {}
COMMAND: POST /session/d2fe43ebfbb544e7f75466ef0943a884/execute/async - {"script":"<script> [21 bytes]","args":[{"selector":{"id":"rfm.transactionui::xRFMxCU_TransactionList--fe::table::allTab::LineItem::StandardAction::Create","controlType":"sap.m.Button"},"wdio_ui5_key":"rfmtransactionui::xRFMxCU_TransactionList--fe::table::allTab::LineItem::StandardAction::Createsap.m.Button"}]}
COMMAND: GET /session/d2fe43ebfbb544e7f75466ef0943a884/screenshot - {}
RESULT: {"script":"<script> [21 bytes]","args":[{"selector":{"id":"rfm.transactionui::xRFMxCU_TransactionList--fe::table::allTab::LineItem::StandardAction::Create","controlType":"sap.m.Button"},"wdio_ui5_key":"rfmtransactionui::xRFMxCU_TransactionList--fe::table::allTab::LineItem::StandardAction::Createsap.m.Button"}]}
RESULT: undefined
COMMAND: POST /session/d2fe43ebfbb544e7f75466ef0943a884/element - {"using":"xpath","value":"//*[@id=\"rfm.transactionui::xRFMxCU_TransactionList--fe::table::allTab::LineItem::StandardAction::Create\"]"}
RESULT: {}
RESULT: {"using":"xpath","value":"//*[@id=\"rfm.transactionui::xRFMxCU_TransactionList--fe::table::allTab::LineItem::StandardAction::Create\"]"}
COMMAND: POST /session/d2fe43ebfbb544e7f75466ef0943a884/element/f.BC33B0DD60029B1FB30064FFCFFD7B2E.d.8ABB020B571DCE6808F3603F6E1610B1.e.727/click - {}
RESULT: {}
COMMAND: POST /session/d2fe43ebfbb544e7f75466ef0943a884/element - {"using":"css selector","value":"div.sapUiLocalBusyIndicator"}
COMMAND: GET /session/d2fe43ebfbb544e7f75466ef0943a884/screenshot - {}
RESULT: {"using":"css selector","value":"div.sapUiLocalBusyIndicator"}
COMMAND: POST /session/d2fe43ebfbb544e7f75466ef0943a884/execute/sync - {"script":"<script> [21 bytes]","args":[{"element-6066-11e4-a52e-4f735466cecf":"f.BC33B0DD60029B1FB30064FFCFFD7B2E.d.8ABB020B571DCE6808F3603F6E1610B1.e.910","ELEMENT":"f.BC33B0DD60029B1FB30064FFCFFD7B2E.d.8ABB020B571DCE6808F3603F6E1610B1.e.910"}]}
RESULT: {}
RESULT: {"script":"<script> [21 bytes]","args":[{"element-6066-11e4-a52e-4f735466cecf":"f.BC33B0DD60029B1FB30064FFCFFD7B2E.d.8ABB020B571DCE6808F3603F6E1610B1.e.910","ELEMENT":"f.BC33B0DD60029B1FB30064FFCFFD7B2E.d.8ABB020B571DCE6808F3603F6E1610B1.e.910"}]}
COMMAND: POST /session/d2fe43ebfbb544e7f75466ef0943a884/execute/async - {"script":"<script> [21 bytes]","args":[{"selector":{"id":"CreateDialog::xRFMxCU_TransactionType::ProgramId-inner-vhi","searchOpenDialogs":true},"wdio_ui5_key":"CreateDialogxRFMxCU_TransactionType::ProgramId-inner-vhi"}]}
COMMAND: GET /session/d2fe43ebfbb544e7f75466ef0943a884/screenshot - {}
RESULT: {"script":"<script> [21 bytes]","args":[{"selector":{"id":"CreateDialog::xRFMxCU_TransactionType::ProgramId-inner-vhi","searchOpenDialogs":true},"wdio_ui5_key":"CreateDialogxRFMxCU_TransactionType::ProgramId-inner-vhi"}]}
RESULT: undefined
COMMAND: POST /session/d2fe43ebfbb544e7f75466ef0943a884/element - {"using":"xpath","value":"//*[@id=\"CreateDialog::xRFMxCU_TransactionType::ProgramId-inner-vhi\"]"}
RESULT: {}
RESULT: {"using":"xpath","value":"//*[@id=\"CreateDialog::xRFMxCU_TransactionType::ProgramId-inner-vhi\"]"}
COMMAND: POST /session/d2fe43ebfbb544e7f75466ef0943a884/element/f.BC33B0DD60029B1FB30064FFCFFD7B2E.d.8ABB020B571DCE6808F3603F6E1610B1.e.914/click - {}
RESULT: {}
COMMAND: POST /session/d2fe43ebfbb544e7f75466ef0943a884/element - {"using":"css selector","value":"div.sapUiLocalBusyIndicator"}
COMMAND: GET /session/d2fe43ebfbb544e7f75466ef0943a884/screenshot - {}
RESULT: {"using":"css selector","value":"div.sapUiLocalBusyIndicator"}
COMMAND: POST /session/d2fe43ebfbb544e7f75466ef0943a884/execute/sync - {"script":"<script> [21 bytes]","args":[{"element-6066-11e4-a52e-4f735466cecf":"f.BC33B0DD60029B1FB30064FFCFFD7B2E.d.8ABB020B571DCE6808F3603F6E1610B1.e.910","ELEMENT":"f.BC33B0DD60029B1FB30064FFCFFD7B2E.d.8ABB020B571DCE6808F3603F6E1610B1.e.910"}]}
RESULT: {}
RESULT: {"script":"<script> [21 bytes]","args":[{"element-6066-11e4-a52e-4f735466cecf":"f.BC33B0DD60029B1FB30064FFCFFD7B2E.d.8ABB020B571DCE6808F3603F6E1610B1.e.910","ELEMENT":"f.BC33B0DD60029B1FB30064FFCFFD7B2E.d.8ABB020B571DCE6808F3603F6E1610B1.e.910"}]}
COMMAND: POST /session/d2fe43ebfbb544e7f75466ef0943a884/execute/async - {"script":"<script> [21 bytes]","args":[{"selector":{"id":"ProgramId::VH::Dialog::qualifier::-search-inner","searchOpenDialogs":true,"interaction":{"idSuffix":"I"}},"wdio_ui5_key":"ProgramIdVH::Dialog::qualifier::-search-inner"}]}
COMMAND: GET /session/d2fe43ebfbb544e7f75466ef0943a884/screenshot - {}
RESULT: {"script":"<script> [21 bytes]","args":[{"selector":{"id":"ProgramId::VH::Dialog::qualifier::-search-inner","searchOpenDialogs":true,"interaction":{"idSuffix":"I"}},"wdio_ui5_key":"ProgramIdVH::Dialog::qualifier::-search-inner"}]}
RESULT: undefined
COMMAND: POST /session/d2fe43ebfbb544e7f75466ef0943a884/execute/async - {"script":"<script> [20 bytes]","args":[{"enterText":"*1514*","selector":{"id":"ProgramId::VH::Dialog::qualifier::-search-inner","searchOpenDialogs":true,"interaction":{"idSuffix":"I"}},"clearTextFirst":true,"interactionType":"ENTER_TEXT"}]}
RESULT: {}
RESULT: {"script":"<script> [20 bytes]","args":[{"enterText":"*1514*","selector":{"id":"ProgramId::VH::Dialog::qualifier::-search-inner","searchOpenDialogs":true,"interaction":{"idSuffix":"I"}},"clearTextFirst":true,"interactionType":"ENTER_TEXT"}]}
COMMAND: POST /session/d2fe43ebfbb544e7f75466ef0943a884/element - {"using":"css selector","value":"div.sapUiLocalBusyIndicator"}
RESULT: {"using":"css selector","value":"div.sapUiLocalBusyIndicator"}
COMMAND: POST /session/d2fe43ebfbb544e7f75466ef0943a884/execute/sync - {"script":"<script> [21 bytes]","args":[{"element-6066-11e4-a52e-4f735466cecf":"f.BC33B0DD60029B1FB30064FFCFFD7B2E.d.8ABB020B571DCE6808F3603F6E1610B1.e.910","ELEMENT":"f.BC33B0DD60029B1FB30064FFCFFD7B2E.d.8ABB020B571DCE6808F3603F6E1610B1.e.910"}]}
RESULT: {"script":"<script> [21 bytes]","args":[{"element-6066-11e4-a52e-4f735466cecf":"f.BC33B0DD60029B1FB30064FFCFFD7B2E.d.8ABB020B571DCE6808F3603F6E1610B1.e.910","ELEMENT":"f.BC33B0DD60029B1FB30064FFCFFD7B2E.d.8ABB020B571DCE6808F3603F6E1610B1.e.910"}]}
COMMAND: POST /session/d2fe43ebfbb544e7f75466ef0943a884/execute/async - {"script":"<script> [21 bytes]","args":[{"selector":{"id":"ProgramId::VH::Dialog::qualifier::::Table-innerTable-rows-row0","searchOpenDialogs":true},"wdio_ui5_key":"ProgramIdVH::Dialog::qualifier::::Table-innerTable-rows-row0"}]}
COMMAND: GET /session/d2fe43ebfbb544e7f75466ef0943a884/screenshot - {}
RESULT: {"script":"<script> [21 bytes]","args":[{"selector":{"id":"ProgramId::VH::Dialog::qualifier::::Table-innerTable-rows-row0","searchOpenDialogs":true},"wdio_ui5_key":"ProgramIdVH::Dialog::qualifier::::Table-innerTable-rows-row0"}]}
RESULT: undefined
COMMAND: POST /session/d2fe43ebfbb544e7f75466ef0943a884/element - {"using":"xpath","value":"//*[@id=\"ProgramId::VH::Dialog::qualifier::::Table-innerTable-rows-row0\"]"}
RESULT: {}
RESULT: {"using":"xpath","value":"//*[@id=\"ProgramId::VH::Dialog::qualifier::::Table-innerTable-rows-row0\"]"}
COMMAND: POST /session/d2fe43ebfbb544e7f75466ef0943a884/element/f.BC33B0DD60029B1FB30064FFCFFD7B2E.d.8ABB020B571DCE6808F3603F6E1610B1.e.922/click - {}
RESULT: {}
COMMAND: POST /session/d2fe43ebfbb544e7f75466ef0943a884/element - {"using":"css selector","value":"div.sapUiLocalBusyIndicator"}
COMMAND: GET /session/d2fe43ebfbb544e7f75466ef0943a884/screenshot - {}
RESULT: {"using":"css selector","value":"div.sapUiLocalBusyIndicator"}
COMMAND: POST /session/d2fe43ebfbb544e7f75466ef0943a884/execute/sync - {"script":"<script> [21 bytes]","args":[{"element-6066-11e4-a52e-4f735466cecf":"f.BC33B0DD60029B1FB30064FFCFFD7B2E.d.8ABB020B571DCE6808F3603F6E1610B1.e.910","ELEMENT":"f.BC33B0DD60029B1FB30064FFCFFD7B2E.d.8ABB020B571DCE6808F3603F6E1610B1.e.910"}]}
RESULT: {}
RESULT: {"script":"<script> [21 bytes]","args":[{"element-6066-11e4-a52e-4f735466cecf":"f.BC33B0DD60029B1FB30064FFCFFD7B2E.d.8ABB020B571DCE6808F3603F6E1610B1.e.910","ELEMENT":"f.BC33B0DD60029B1FB30064FFCFFD7B2E.d.8ABB020B571DCE6808F3603F6E1610B1.e.910"}]}
COMMAND: POST /session/d2fe43ebfbb544e7f75466ef0943a884/execute/async - {"script":"<script> [21 bytes]","args":[{"selector":{"id":"CreateDialog::xRFMxCU_TransactionType::FundingType-inner","searchOpenDialogs":true,"interaction":{"idSuffix":"inner"}},"wdio_ui5_key":"CreateDialogxRFMxCU_TransactionType::FundingType-inner"}]}
COMMAND: GET /session/d2fe43ebfbb544e7f75466ef0943a884/screenshot - {}
RESULT: {"script":"<script> [21 bytes]","args":[{"selector":{"id":"CreateDialog::xRFMxCU_TransactionType::FundingType-inner","searchOpenDialogs":true,"interaction":{"idSuffix":"inner"}},"wdio_ui5_key":"CreateDialogxRFMxCU_TransactionType::FundingType-inner"}]}
RESULT: undefined
COMMAND: POST /session/d2fe43ebfbb544e7f75466ef0943a884/execute/async - {"script":"<script> [20 bytes]","args":[{"enterText":"30","selector":{"id":"CreateDialog::xRFMxCU_TransactionType::FundingType-inner","searchOpenDialogs":true,"interaction":{"idSuffix":"inner"}},"clearTextFirst":true,"interactionType":"ENTER_TEXT"}]}
RESULT: {}
RESULT: {"script":"<script> [20 bytes]","args":[{"enterText":"30","selector":{"id":"CreateDialog::xRFMxCU_TransactionType::FundingType-inner","searchOpenDialogs":true,"interaction":{"idSuffix":"inner"}},"clearTextFirst":true,"interactionType":"ENTER_TEXT"}]}
COMMAND: POST /session/d2fe43ebfbb544e7f75466ef0943a884/element - {"using":"css selector","value":"div.sapUiLocalBusyIndicator"}
RESULT: {"using":"css selector","value":"div.sapUiLocalBusyIndicator"}
COMMAND: POST /session/d2fe43ebfbb544e7f75466ef0943a884/execute/sync - {"script":"<script> [21 bytes]","args":[{"element-6066-11e4-a52e-4f735466cecf":"f.BC33B0DD60029B1FB30064FFCFFD7B2E.d.8ABB020B571DCE6808F3603F6E1610B1.e.910","ELEMENT":"f.BC33B0DD60029B1FB30064FFCFFD7B2E.d.8ABB020B571DCE6808F3603F6E1610B1.e.910"}]}
RESULT: {"script":"<script> [21 bytes]","args":[{"element-6066-11e4-a52e-4f735466cecf":"f.BC33B0DD60029B1FB30064FFCFFD7B2E.d.8ABB020B571DCE6808F3603F6E1610B1.e.910","ELEMENT":"f.BC33B0DD60029B1FB30064FFCFFD7B2E.d.8ABB020B571DCE6808F3603F6E1610B1.e.910"}]}
COMMAND: POST /session/d2fe43ebfbb544e7f75466ef0943a884/execute/async - {"script":"<script> [21 bytes]","args":[{"selector":{"id":"CreateDialog::xRFMxCU_Transaction-footer","searchOpenDialogs":true},"wdio_ui5_key":"CreateDialogxRFMxCU_Transaction-footer"}]}
COMMAND: GET /session/d2fe43ebfbb544e7f75466ef0943a884/screenshot - {}
RESULT: {"script":"<script> [21 bytes]","args":[{"selector":{"id":"CreateDialog::xRFMxCU_Transaction-footer","searchOpenDialogs":true},"wdio_ui5_key":"CreateDialogxRFMxCU_Transaction-footer"}]}
RESULT: undefined
COMMAND: POST /session/d2fe43ebfbb544e7f75466ef0943a884/element - {"using":"xpath","value":"//*[@id=\"CreateDialog::xRFMxCU_Transaction-footer\"]"}
RESULT: {}
RESULT: {"using":"xpath","value":"//*[@id=\"CreateDialog::xRFMxCU_Transaction-footer\"]"}
COMMAND: POST /session/d2fe43ebfbb544e7f75466ef0943a884/element/f.BC33B0DD60029B1FB30064FFCFFD7B2E.d.8ABB020B571DCE6808F3603F6E1610B1.e.925/click - {}
RESULT: {}
COMMAND: POST /session/d2fe43ebfbb544e7f75466ef0943a884/element - {"using":"css selector","value":"div.sapUiLocalBusyIndicator"}
COMMAND: GET /session/d2fe43ebfbb544e7f75466ef0943a884/screenshot - {}
RESULT: {"using":"css selector","value":"div.sapUiLocalBusyIndicator"}
COMMAND: POST /session/d2fe43ebfbb544e7f75466ef0943a884/execute/sync - {"script":"<script> [21 bytes]","args":[{"element-6066-11e4-a52e-4f735466cecf":"f.BC33B0DD60029B1FB30064FFCFFD7B2E.d.8ABB020B571DCE6808F3603F6E1610B1.e.910","ELEMENT":"f.BC33B0DD60029B1FB30064FFCFFD7B2E.d.8ABB020B571DCE6808F3603F6E1610B1.e.910"}]}
RESULT: {}
RESULT: {"script":"<script> [21 bytes]","args":[{"element-6066-11e4-a52e-4f735466cecf":"f.BC33B0DD60029B1FB30064FFCFFD7B2E.d.8ABB020B571DCE6808F3603F6E1610B1.e.910","ELEMENT":"f.BC33B0DD60029B1FB30064FFCFFD7B2E.d.8ABB020B571DCE6808F3603F6E1610B1.e.910"}]}
COMMAND: POST /session/d2fe43ebfbb544e7f75466ef0943a884/execute/async - {"script":"<script> [21 bytes]","args":[{"forceSelect":true,"selector":{"controlType":"sap.m.Button","viewName":"sap.fe.templates.ObjectPage.ObjectPage","viewId":"rfm.transactionui::xRFMxCU_TransactionObjectPage","properties":{"text":"Continue"},"searchOpenDialogs":true,"interaction":{"idSuffix":"BDI-content"}},"wdio_ui5_key":"sapfe.templates.ObjectPage.ObjectPagesap.m.Button{\"text\":\"Continue\"}"}]}
COMMAND: GET /session/d2fe43ebfbb544e7f75466ef0943a884/screenshot - {}
RESULT: {"script":"<script> [21 bytes]","args":[{"forceSelect":true,"selector":{"controlType":"sap.m.Button","viewName":"sap.fe.templates.ObjectPage.ObjectPage","viewId":"rfm.transactionui::xRFMxCU_TransactionObjectPage","properties":{"text":"Continue"},"searchOpenDialogs":true,"interaction":{"idSuffix":"BDI-content"}},"wdio_ui5_key":"sapfe.templates.ObjectPage.ObjectPagesap.m.Button{\"text\":\"Continue\"}"}]}
RESULT: undefined
COMMAND: POST /session/d2fe43ebfbb544e7f75466ef0943a884/element - {"using":"xpath","value":"//*[@id=\"__button245\"]"}
RESULT: {}
RESULT: {"using":"xpath","value":"//*[@id=\"__button245\"]"}
COMMAND: POST /session/d2fe43ebfbb544e7f75466ef0943a884/element/f.BC33B0DD60029B1FB30064FFCFFD7B2E.d.8ABB020B571DCE6808F3603F6E1610B1.e.927/click - {}
RESULT: {}
COMMAND: POST /session/d2fe43ebfbb544e7f75466ef0943a884/element - {"using":"css selector","value":"div.sapUiLocalBusyIndicator"}
COMMAND: GET /session/d2fe43ebfbb544e7f75466ef0943a884/screenshot - {}
RESULT: {"using":"css selector","value":"div.sapUiLocalBusyIndicator"}
COMMAND: POST /session/d2fe43ebfbb544e7f75466ef0943a884/execute/sync - {"script":"<script> [21 bytes]","args":[{"element-6066-11e4-a52e-4f735466cecf":"f.BC33B0DD60029B1FB30064FFCFFD7B2E.d.8ABB020B571DCE6808F3603F6E1610B1.e.910","ELEMENT":"f.BC33B0DD60029B1FB30064FFCFFD7B2E.d.8ABB020B571DCE6808F3603F6E1610B1.e.910"}]}
RESULT: {}
COMMAND: POST /session/d2fe43ebfbb544e7f75466ef0943a884/element - {"using":"css selector","value":"div.sapUiLocalBusyIndicator"}
RESULT: {"using":"css selector","value":"div.sapUiLocalBusyIndicator"}
COMMAND: POST /session/d2fe43ebfbb544e7f75466ef0943a884/element - {"using":"css selector","value":"div.sapUiLocalBusyIndicator"}
RESULT: {"using":"css selector","value":"div.sapUiLocalBusyIndicator"}
COMMAND: POST /session/d2fe43ebfbb544e7f75466ef0943a884/execute/async - {"script":"<script> [21 bytes]","args":[{"selector":{"id":"rfm.transactionui::xRFMxCU_TransactionObjectPage--fe::CustomSubSection::CustomDetailsSection--fe::FormContainer::FieldGroup::Term::FormElement::DataField::AssetCashflowDateFrom::Field-edit","interaction":{"idSuffix":"inner"}},"wdio_ui5_key":"rfmtransactionui::xRFMxCU_TransactionObjectPage--fe::CustomSubSection::CustomDetailsSection--fe::FormContainer::FieldGroup::Term::FormElement::DataField::AssetCashflowDateFrom::Field-edit"}]}
RESULT: {"script":"<script> [21 bytes]","args":[{"selector":{"id":"rfm.transactionui::xRFMxCU_TransactionObjectPage--fe::CustomSubSection::CustomDetailsSection--fe::FormContainer::FieldGroup::Term::FormElement::DataField::AssetCashflowDateFrom::Field-edit","interaction":{"idSuffix":"inner"}},"wdio_ui5_key":"rfmtransactionui::xRFMxCU_TransactionObjectPage--fe::CustomSubSection::CustomDetailsSection--fe::FormContainer::FieldGroup::Term::FormElement::DataField::AssetCashflowDateFrom::Field-edit"}]}
RESULT: undefined
COMMAND: POST /session/d2fe43ebfbb544e7f75466ef0943a884/execute/async - {"script":"<script> [20 bytes]","args":[{"enterText":"2025-01-01","selector":{"id":"rfm.transactionui::xRFMxCU_TransactionObjectPage--fe::CustomSubSection::CustomDetailsSection--fe::FormContainer::FieldGroup::Term::FormElement::DataField::AssetCashflowDateFrom::Field-edit","interaction":{"idSuffix":"inner"}},"clearTextFirst":true,"interactionType":"ENTER_TEXT"}]}
RESULT: {"script":"<script> [20 bytes]","args":[{"enterText":"2025-01-01","selector":{"id":"rfm.transactionui::xRFMxCU_TransactionObjectPage--fe::CustomSubSection::CustomDetailsSection--fe::FormContainer::FieldGroup::Term::FormElement::DataField::AssetCashflowDateFrom::Field-edit","interaction":{"idSuffix":"inner"}},"clearTextFirst":true,"interactionType":"ENTER_TEXT"}]}
COMMAND: POST /session/d2fe43ebfbb544e7f75466ef0943a884/element - {"using":"css selector","value":"div.sapUiLocalBusyIndicator"}
RESULT: {"using":"css selector","value":"div.sapUiLocalBusyIndicator"}
COMMAND: POST /session/d2fe43ebfbb544e7f75466ef0943a884/element - {"using":"css selector","value":"div.sapUiLocalBusyIndicator"}
RESULT: {"using":"css selector","value":"div.sapUiLocalBusyIndicator"}
COMMAND: POST /session/d2fe43ebfbb544e7f75466ef0943a884/execute/async - {"script":"<script> [21 bytes]","args":[{"selector":{"id":"rfm.transactionui::xRFMxCU_TransactionObjectPage--fe::CustomSubSection::CustomDetailsSection--fe::FormContainer::FieldGroup::Term::FormElement::DataField::AssetCashflowDateTo::Field-edit","interaction":{"idSuffix":"inner"}},"wdio_ui5_key":"rfmtransactionui::xRFMxCU_TransactionObjectPage--fe::CustomSubSection::CustomDetailsSection--fe::FormContainer::FieldGroup::Term::FormElement::DataField::AssetCashflowDateTo::Field-edit"}]}
RESULT: {"script":"<script> [21 bytes]","args":[{"selector":{"id":"rfm.transactionui::xRFMxCU_TransactionObjectPage--fe::CustomSubSection::CustomDetailsSection--fe::FormContainer::FieldGroup::Term::FormElement::DataField::AssetCashflowDateTo::Field-edit","interaction":{"idSuffix":"inner"}},"wdio_ui5_key":"rfmtransactionui::xRFMxCU_TransactionObjectPage--fe::CustomSubSection::CustomDetailsSection--fe::FormContainer::FieldGroup::Term::FormElement::DataField::AssetCashflowDateTo::Field-edit"}]}
RESULT: undefined
COMMAND: POST /session/d2fe43ebfbb544e7f75466ef0943a884/execute/async - {"script":"<script> [20 bytes]","args":[{"enterText":"2027-12-31","selector":{"id":"rfm.transactionui::xRFMxCU_TransactionObjectPage--fe::CustomSubSection::CustomDetailsSection--fe::FormContainer::FieldGroup::Term::FormElement::DataField::AssetCashflowDateTo::Field-edit","interaction":{"idSuffix":"inner"}},"clearTextFirst":true,"interactionType":"ENTER_TEXT"}]}
RESULT: {"script":"<script> [20 bytes]","args":[{"enterText":"2027-12-31","selector":{"id":"rfm.transactionui::xRFMxCU_TransactionObjectPage--fe::CustomSubSection::CustomDetailsSection--fe::FormContainer::FieldGroup::Term::FormElement::DataField::AssetCashflowDateTo::Field-edit","interaction":{"idSuffix":"inner"}},"clearTextFirst":true,"interactionType":"ENTER_TEXT"}]}
COMMAND: POST /session/d2fe43ebfbb544e7f75466ef0943a884/element - {"using":"css selector","value":"div.sapUiLocalBusyIndicator"}
RESULT: {"using":"css selector","value":"div.sapUiLocalBusyIndicator"}
COMMAND: POST /session/d2fe43ebfbb544e7f75466ef0943a884/element - {"using":"css selector","value":"div.sapUiLocalBusyIndicator"}
RESULT: {"using":"css selector","value":"div.sapUiLocalBusyIndicator"}
COMMAND: POST /session/d2fe43ebfbb544e7f75466ef0943a884/execute/async - {"script":"<script> [21 bytes]","args":[{"selector":{"id":"rfm.transactionui::xRFMxCU_TransactionObjectPage--fe::ObjectPage-anchBar-rfm.transactionui::xRFMxCU_TransactionObjectPage--fe::EditableHeaderSection-anchor","interaction":{"idSuffix":"text"}},"wdio_ui5_key":"rfmtransactionui::xRFMxCU_TransactionObjectPage--fe::ObjectPage-anchBar-rfm.transactionui::xRFMxCU_TransactionObjectPage--fe::EditableHeaderSection-anchor"}]}
RESULT: {"script":"<script> [21 bytes]","args":[{"selector":{"id":"rfm.transactionui::xRFMxCU_TransactionObjectPage--fe::ObjectPage-anchBar-rfm.transactionui::xRFMxCU_TransactionObjectPage--fe::EditableHeaderSection-anchor","interaction":{"idSuffix":"text"}},"wdio_ui5_key":"rfmtransactionui::xRFMxCU_TransactionObjectPage--fe::ObjectPage-anchBar-rfm.transactionui::xRFMxCU_TransactionObjectPage--fe::EditableHeaderSection-anchor"}]}
RESULT: undefined
COMMAND: POST /session/d2fe43ebfbb544e7f75466ef0943a884/element - {"using":"xpath","value":"//*[@id=\"rfm.transactionui::xRFMxCU_TransactionObjectPage--fe::ObjectPage-anchBar-rfm.transactionui::xRFMxCU_TransactionObjectPage--fe::EditableHeaderSection-anchor\"]"}
RESULT: {"using":"xpath","value":"//*[@id=\"rfm.transactionui::xRFMxCU_TransactionObjectPage--fe::ObjectPage-anchBar-rfm.transactionui::xRFMxCU_TransactionObjectPage--fe::EditableHeaderSection-anchor\"]"}
COMMAND: POST /session/d2fe43ebfbb544e7f75466ef0943a884/element/f.BC33B0DD60029B1FB30064FFCFFD7B2E.d.8ABB020B571DCE6808F3603F6E1610B1.e.1002/click - {}
RESULT: {}
COMMAND: POST /session/d2fe43ebfbb544e7f75466ef0943a884/element - {"using":"css selector","value":"div.sapUiLocalBusyIndicator"}
COMMAND: GET /session/d2fe43ebfbb544e7f75466ef0943a884/screenshot - {}
RESULT: {"using":"css selector","value":"div.sapUiLocalBusyIndicator"}
COMMAND: POST /session/d2fe43ebfbb544e7f75466ef0943a884/element - {"using":"css selector","value":"div.sapUiLocalBusyIndicator"}
RESULT: {}
RESULT: {"using":"css selector","value":"div.sapUiLocalBusyIndicator"}
COMMAND: POST /session/d2fe43ebfbb544e7f75466ef0943a884/execute/async - {"script":"<script> [21 bytes]","args":[{"selector":{"id":"rfm.transactionui::xRFMxCU_TransactionObjectPage--fe::HeaderFacet::FormContainer::headerFieldsGP1::FormElement::DataField::Name::Field-edit","interaction":{"idSuffix":"inner"}},"wdio_ui5_key":"rfmtransactionui::xRFMxCU_TransactionObjectPage--fe::HeaderFacet::FormContainer::headerFieldsGP1::FormElement::DataField::Name::Field-edit"}]}
RESULT: {"script":"<script> [21 bytes]","args":[{"selector":{"id":"rfm.transactionui::xRFMxCU_TransactionObjectPage--fe::HeaderFacet::FormContainer::headerFieldsGP1::FormElement::DataField::Name::Field-edit","interaction":{"idSuffix":"inner"}},"wdio_ui5_key":"rfmtransactionui::xRFMxCU_TransactionObjectPage--fe::HeaderFacet::FormContainer::headerFieldsGP1::FormElement::DataField::Name::Field-edit"}]}
RESULT: undefined
COMMAND: POST /session/d2fe43ebfbb544e7f75466ef0943a884/execute/async - {"script":"<script> [20 bytes]","args":[{"enterText":"WDIO_Trigger_2025-08-11","selector":{"id":"rfm.transactionui::xRFMxCU_TransactionObjectPage--fe::HeaderFacet::FormContainer::headerFieldsGP1::FormElement::DataField::Name::Field-edit","interaction":{"idSuffix":"inner"}},"clearTextFirst":true,"interactionType":"ENTER_TEXT"}]}
RESULT: {"script":"<script> [20 bytes]","args":[{"enterText":"WDIO_Trigger_2025-08-11","selector":{"id":"rfm.transactionui::xRFMxCU_TransactionObjectPage--fe::HeaderFacet::FormContainer::headerFieldsGP1::FormElement::DataField::Name::Field-edit","interaction":{"idSuffix":"inner"}},"clearTextFirst":true,"interactionType":"ENTER_TEXT"}]}
COMMAND: POST /session/d2fe43ebfbb544e7f75466ef0943a884/element - {"using":"css selector","value":"div.sapUiLocalBusyIndicator"}
RESULT: {"using":"css selector","value":"div.sapUiLocalBusyIndicator"}
COMMAND: POST /session/d2fe43ebfbb544e7f75466ef0943a884/element - {"using":"css selector","value":"div.sapUiLocalBusyIndicator"}
RESULT: {"using":"css selector","value":"div.sapUiLocalBusyIndicator"}
COMMAND: POST /session/d2fe43ebfbb544e7f75466ef0943a884/execute/async - {"script":"<script> [21 bytes]","args":[{"selector":{"id":"rfm.transactionui::xRFMxCU_TransactionObjectPage--fe::HeaderFacet::FormContainer::headerFieldsGP1::FormElement::DataField::TransactionId::Field-display"},"wdio_ui5_key":"rfmtransactionui::xRFMxCU_TransactionObjectPage--fe::HeaderFacet::FormContainer::headerFieldsGP1::FormElement::DataField::TransactionId::Field-display"}]}
RESULT: {"script":"<script> [21 bytes]","args":[{"selector":{"id":"rfm.transactionui::xRFMxCU_TransactionObjectPage--fe::HeaderFacet::FormContainer::headerFieldsGP1::FormElement::DataField::TransactionId::Field-display"},"wdio_ui5_key":"rfmtransactionui::xRFMxCU_TransactionObjectPage--fe::HeaderFacet::FormContainer::headerFieldsGP1::FormElement::DataField::TransactionId::Field-display"}]}
RESULT: undefined
COMMAND: POST /session/d2fe43ebfbb544e7f75466ef0943a884/execute/async - {"script":"<script> [21 bytes]","args":[{"element-6066-11e4-a52e-4f735466cecf":"f.BC33B0DD60029B1FB30064FFCFFD7B2E.d.8ABB020B571DCE6808F3603F6E1610B1.e.1010"},"getText",[]]}
RESULT: {"script":"<script> [21 bytes]","args":[{"element-6066-11e4-a52e-4f735466cecf":"f.BC33B0DD60029B1FB30064FFCFFD7B2E.d.8ABB020B571DCE6808F3603F6E1610B1.e.1010"},"getText",[]]}
COMMAND: POST /session/d2fe43ebfbb544e7f75466ef0943a884/element - {"using":"css selector","value":"div.sapUiLocalBusyIndicator"}
RESULT: {"using":"css selector","value":"div.sapUiLocalBusyIndicator"}
COMMAND: POST /session/d2fe43ebfbb544e7f75466ef0943a884/element - {"using":"css selector","value":"div.sapUiLocalBusyIndicator"}
RESULT: {"using":"css selector","value":"div.sapUiLocalBusyIndicator"}
COMMAND: POST /session/d2fe43ebfbb544e7f75466ef0943a884/execute/async - {"script":"<script> [21 bytes]","args":[{"selector":{"id":"rfm.transactionui::xRFMxCU_TransactionObjectPage--fe::ObjectPage-anchBar-rfm.transactionui::xRFMxCU_TransactionObjectPage--fe::FacetSection::FundingScopeCollection-anchor"},"wdio_ui5_key":"rfmtransactionui::xRFMxCU_TransactionObjectPage--fe::ObjectPage-anchBar-rfm.transactionui::xRFMxCU_TransactionObjectPage--fe::FacetSection::FundingScopeCollection-anchor"}]}
RESULT: {"script":"<script> [21 bytes]","args":[{"selector":{"id":"rfm.transactionui::xRFMxCU_TransactionObjectPage--fe::ObjectPage-anchBar-rfm.transactionui::xRFMxCU_TransactionObjectPage--fe::FacetSection::FundingScopeCollection-anchor"},"wdio_ui5_key":"rfmtransactionui::xRFMxCU_TransactionObjectPage--fe::ObjectPage-anchBar-rfm.transactionui::xRFMxCU_TransactionObjectPage--fe::FacetSection::FundingScopeCollection-anchor"}]}
RESULT: undefined
COMMAND: POST /session/d2fe43ebfbb544e7f75466ef0943a884/element - {"using":"xpath","value":"//*[@id=\"rfm.transactionui::xRFMxCU_TransactionObjectPage--fe::ObjectPage-anchBar-rfm.transactionui::xRFMxCU_TransactionObjectPage--fe::FacetSection::FundingScopeCollection-anchor\"]"}
RESULT: {"using":"xpath","value":"//*[@id=\"rfm.transactionui::xRFMxCU_TransactionObjectPage--fe::ObjectPage-anchBar-rfm.transactionui::xRFMxCU_TransactionObjectPage--fe::FacetSection::FundingScopeCollection-anchor\"]"}
COMMAND: POST /session/d2fe43ebfbb544e7f75466ef0943a884/element/f.BC33B0DD60029B1FB30064FFCFFD7B2E.d.8ABB020B571DCE6808F3603F6E1610B1.e.1011/click - {}
RESULT: {}
COMMAND: POST /session/d2fe43ebfbb544e7f75466ef0943a884/element - {"using":"css selector","value":"div.sapUiLocalBusyIndicator"}
COMMAND: GET /session/d2fe43ebfbb544e7f75466ef0943a884/screenshot - {}
RESULT: {"using":"css selector","value":"div.sapUiLocalBusyIndicator"}
COMMAND: POST /session/d2fe43ebfbb544e7f75466ef0943a884/execute/sync - {"script":"<script> [21 bytes]","args":[{"element-6066-11e4-a52e-4f735466cecf":"f.BC33B0DD60029B1FB30064FFCFFD7B2E.d.8ABB020B571DCE6808F3603F6E1610B1.e.1016","ELEMENT":"f.BC33B0DD60029B1FB30064FFCFFD7B2E.d.8ABB020B571DCE6808F3603F6E1610B1.e.1016"}]}
RESULT: {}
COMMAND: POST /session/d2fe43ebfbb544e7f75466ef0943a884/element - {"using":"css selector","value":"div.sapUiLocalBusyIndicator"}
RESULT: {"using":"css selector","value":"div.sapUiLocalBusyIndicator"}
COMMAND: POST /session/d2fe43ebfbb544e7f75466ef0943a884/element - {"using":"css selector","value":"div.sapUiLocalBusyIndicator"}
RESULT: {"using":"css selector","value":"div.sapUiLocalBusyIndicator"}
COMMAND: POST /session/d2fe43ebfbb544e7f75466ef0943a884/execute/async - {"script":"<script> [21 bytes]","args":[{"selector":{"controlType":"sap.ui.mdc.field.FieldInput","viewName":"sap.fe.templates.ObjectPage.ObjectPage","viewId":"rfm.transactionui::xRFMxCU_TransactionObjectPage","bindingPath":{"path":"","propertyPath":"/conditions","modelName":"$field"},"ancestor":{"controlType":"sap.ui.mdc.Field","viewName":"sap.fe.templates.ObjectPage.ObjectPage","viewId":"rfm.transactionui::xRFMxCU_TransactionObjectPage","bindingPath":{"path":"/xRFMxCU_Transaction(TransactionId='990',IsActiveEntity=false)/_TransactionCFPart(TransactionId='990',CashFlowPartType='1',IsActiveEntity=false)","propertyPath":"__EntityControl/Updatable"}},"interaction":{"idSuffix":"inner"}},"wdio_ui5_key":"sapfe.templates.ObjectPage.ObjectPagesap.ui.mdc.field.FieldInput{\"path\":\"\",\"propertyPath\":\"/conditions\",\"modelName\":\"$field\"}{\"controlType\":\"sap.ui.mdc.Field\",\"viewName\":\"sap.fe.templates.ObjectPage.ObjectPage\",\"viewId\":\"rfm.transactionui::xRFMxCU_TransactionObjectPage\",\"bindingPath\":{\"path\":\"/xRFMxCU_Transaction(TransactionId='990',IsActiveEntity=false)/_TransactionCFPart(TransactionId='990',CashFlowPartType='1',IsActiveEntity=false)\",\"propertyPath\":\"__EntityControl/Updatable\"}}"}]}
RESULT: {"script":"<script> [21 bytes]","args":[{"selector":{"controlType":"sap.ui.mdc.field.FieldInput","viewName":"sap.fe.templates.ObjectPage.ObjectPage","viewId":"rfm.transactionui::xRFMxCU_TransactionObjectPage","bindingPath":{"path":"","propertyPath":"/conditions","modelName":"$field"},"ancestor":{"controlType":"sap.ui.mdc.Field","viewName":"sap.fe.templates.ObjectPage.ObjectPage","viewId":"rfm.transactionui::xRFMxCU_TransactionObjectPage","bindingPath":{"path":"/xRFMxCU_Transaction(TransactionId='990',IsActiveEntity=false)/_TransactionCFPart(TransactionId='990',CashFlowPartType='1',IsActiveEntity=false)","propertyPath":"__EntityControl/Updatable"}},"interaction":{"idSuffix":"inner"}},"wdio_ui5_key":"sapfe.templates.ObjectPage.ObjectPagesap.ui.mdc.field.FieldInput{\"path\":\"\",\"propertyPath\":\"/conditions\",\"modelName\":\"$field\"}{\"controlType\":\"sap.ui.mdc.Field\",\"viewName\":\"sap.fe.templates.ObjectPage.ObjectPage\",\"viewId\":\"rfm.transactionui::xRFMxCU_TransactionObjectPage\",\"bindingPath\":{\"path\":\"/xRFMxCU_Transaction(TransactionId='990',IsActiveEntity=false)/_TransactionCFPart(TransactionId='990',CashFlowPartType='1',IsActiveEntity=false)\",\"propertyPath\":\"__EntityControl/Updatable\"}}"}]}
RESULT: undefined
COMMAND: POST /session/d2fe43ebfbb544e7f75466ef0943a884/execute/async - {"script":"<script> [20 bytes]","args":[{"enterText":"Funding","selector":{"controlType":"sap.ui.mdc.field.FieldInput","viewName":"sap.fe.templates.ObjectPage.ObjectPage","viewId":"rfm.transactionui::xRFMxCU_TransactionObjectPage","bindingPath":{"path":"","propertyPath":"/conditions","modelName":"$field"},"ancestor":{"controlType":"sap.ui.mdc.Field","viewName":"sap.fe.templates.ObjectPage.ObjectPage","viewId":"rfm.transactionui::xRFMxCU_TransactionObjectPage","bindingPath":{"path":"/xRFMxCU_Transaction(TransactionId='990',IsActiveEntity=false)/_TransactionCFPart(TransactionId='990',CashFlowPartType='1',IsActiveEntity=false)","propertyPath":"__EntityControl/Updatable"}},"interaction":{"idSuffix":"inner"}},"clearTextFirst":true,"interactionType":"ENTER_TEXT"}]}
RESULT: {"script":"<script> [20 bytes]","args":[{"enterText":"Funding","selector":{"controlType":"sap.ui.mdc.field.FieldInput","viewName":"sap.fe.templates.ObjectPage.ObjectPage","viewId":"rfm.transactionui::xRFMxCU_TransactionObjectPage","bindingPath":{"path":"","propertyPath":"/conditions","modelName":"$field"},"ancestor":{"controlType":"sap.ui.mdc.Field","viewName":"sap.fe.templates.ObjectPage.ObjectPage","viewId":"rfm.transactionui::xRFMxCU_TransactionObjectPage","bindingPath":{"path":"/xRFMxCU_Transaction(TransactionId='990',IsActiveEntity=false)/_TransactionCFPart(TransactionId='990',CashFlowPartType='1',IsActiveEntity=false)","propertyPath":"__EntityControl/Updatable"}},"interaction":{"idSuffix":"inner"}},"clearTextFirst":true,"interactionType":"ENTER_TEXT"}]}
COMMAND: POST /session/d2fe43ebfbb544e7f75466ef0943a884/element - {"using":"css selector","value":"div.sapUiLocalBusyIndicator"}
RESULT: {"using":"css selector","value":"div.sapUiLocalBusyIndicator"}
COMMAND: POST /session/d2fe43ebfbb544e7f75466ef0943a884/element - {"using":"css selector","value":"div.sapUiLocalBusyIndicator"}
RESULT: {"using":"css selector","value":"div.sapUiLocalBusyIndicator"}
COMMAND: POST /session/d2fe43ebfbb544e7f75466ef0943a884/execute/async - {"script":"<script> [21 bytes]","args":[{"selector":{"id":"rfm.transactionui::xRFMxCU_TransactionObjectPage--fe::table::_TransactionCFPart::LineItem-innerTable-rows-row1","interaction":{"idSuffix":"col0"}},"wdio_ui5_key":"rfmtransactionui::xRFMxCU_TransactionObjectPage--fe::table::_TransactionCFPart::LineItem-innerTable-rows-row1"}]}
RESULT: {"script":"<script> [21 bytes]","args":[{"selector":{"id":"rfm.transactionui::xRFMxCU_TransactionObjectPage--fe::table::_TransactionCFPart::LineItem-innerTable-rows-row1","interaction":{"idSuffix":"col0"}},"wdio_ui5_key":"rfmtransactionui::xRFMxCU_TransactionObjectPage--fe::table::_TransactionCFPart::LineItem-innerTable-rows-row1"}]}
RESULT: undefined
COMMAND: POST /session/d2fe43ebfbb544e7f75466ef0943a884/element - {"using":"xpath","value":"//*[@id=\"rfm.transactionui::xRFMxCU_TransactionObjectPage--fe::table::_TransactionCFPart::LineItem-innerTable-rows-row1\"]"}
RESULT: {"using":"xpath","value":"//*[@id=\"rfm.transactionui::xRFMxCU_TransactionObjectPage--fe::table::_TransactionCFPart::LineItem-innerTable-rows-row1\"]"}
COMMAND: POST /session/d2fe43ebfbb544e7f75466ef0943a884/element/f.BC33B0DD60029B1FB30064FFCFFD7B2E.d.8ABB020B571DCE6808F3603F6E1610B1.e.1023/click - {}
RESULT: {}
COMMAND: POST /session/d2fe43ebfbb544e7f75466ef0943a884/element - {"using":"css selector","value":"div.sapUiLocalBusyIndicator"}
COMMAND: GET /session/d2fe43ebfbb544e7f75466ef0943a884/screenshot - {}
RESULT: {"using":"css selector","value":"div.sapUiLocalBusyIndicator"}
COMMAND: POST /session/d2fe43ebfbb544e7f75466ef0943a884/element - {"using":"css selector","value":"div.sapUiLocalBusyIndicator"}
RESULT: {}
RESULT: {"using":"css selector","value":"div.sapUiLocalBusyIndicator"}
COMMAND: POST /session/d2fe43ebfbb544e7f75466ef0943a884/execute/async - {"script":"<script> [21 bytes]","args":[{"forceSelect":true,"selector":{"controlType":"sap.ui.mdc.field.FieldInput","viewName":"sap.fe.templates.ObjectPage.ObjectPage","viewId":"rfm.transactionui::xRFMxCU_TransactionObjectPage","bindingPath":{"path":"","propertyPath":"/conditions","modelName":"$field"},"ancestor":{"controlType":"sap.ui.mdc.Field","viewName":"sap.fe.templates.ObjectPage.ObjectPage","viewId":"rfm.transactionui::xRFMxCU_TransactionObjectPage","bindingPath":{"path":"/xRFMxCU_Transaction(TransactionId='990',IsActiveEntity=false)/_TransactionCFPart(TransactionId='990',CashFlowPartType='2',IsActiveEntity=false)","propertyPath":"__EntityControl/Updatable"}},"interaction":{"idSuffix":"inner"}},"wdio_ui5_key":"sapfe.templates.ObjectPage.ObjectPagesap.ui.mdc.field.FieldInput{\"path\":\"\",\"propertyPath\":\"/conditions\",\"modelName\":\"$field\"}{\"controlType\":\"sap.ui.mdc.Field\",\"viewName\":\"sap.fe.templates.ObjectPage.ObjectPage\",\"viewId\":\"rfm.transactionui::xRFMxCU_TransactionObjectPage\",\"bindingPath\":{\"path\":\"/xRFMxCU_Transaction(TransactionId='990',IsActiveEntity=false)/_TransactionCFPart(TransactionId='990',CashFlowPartType='2',IsActiveEntity=false)\",\"propertyPath\":\"__EntityControl/Updatable\"}}"}]}
RESULT: {"script":"<script> [21 bytes]","args":[{"forceSelect":true,"selector":{"controlType":"sap.ui.mdc.field.FieldInput","viewName":"sap.fe.templates.ObjectPage.ObjectPage","viewId":"rfm.transactionui::xRFMxCU_TransactionObjectPage","bindingPath":{"path":"","propertyPath":"/conditions","modelName":"$field"},"ancestor":{"controlType":"sap.ui.mdc.Field","viewName":"sap.fe.templates.ObjectPage.ObjectPage","viewId":"rfm.transactionui::xRFMxCU_TransactionObjectPage","bindingPath":{"path":"/xRFMxCU_Transaction(TransactionId='990',IsActiveEntity=false)/_TransactionCFPart(TransactionId='990',CashFlowPartType='2',IsActiveEntity=false)","propertyPath":"__EntityControl/Updatable"}},"interaction":{"idSuffix":"inner"}},"wdio_ui5_key":"sapfe.templates.ObjectPage.ObjectPagesap.ui.mdc.field.FieldInput{\"path\":\"\",\"propertyPath\":\"/conditions\",\"modelName\":\"$field\"}{\"controlType\":\"sap.ui.mdc.Field\",\"viewName\":\"sap.fe.templates.ObjectPage.ObjectPage\",\"viewId\":\"rfm.transactionui::xRFMxCU_TransactionObjectPage\",\"bindingPath\":{\"path\":\"/xRFMxCU_Transaction(TransactionId='990',IsActiveEntity=false)/_TransactionCFPart(TransactionId='990',CashFlowPartType='2',IsActiveEntity=false)\",\"propertyPath\":\"__EntityControl/Updatable\"}}"}]}
[...]
RESULT: {"script":"<script> [21 bytes]","args":[{"selector":{"id":"rfm.triggerui::TriggerSetObjectPage--fe::table::_Trigger::LineItem::StandardAction::Delete","interaction":{"idSuffix":"BDI-content"}},"wdio_ui5_key":"rfmtriggerui::TriggerSetObjectPage--fe::table::_Trigger::LineItem::StandardAction::Delete"}]}
RESULT: undefined
COMMAND: POST /session/d2fe43ebfbb544e7f75466ef0943a884/element - {"using":"xpath","value":"//*[@id=\"rfm.triggerui::TriggerSetObjectPage--fe::table::_Trigger::LineItem::StandardAction::Delete\"]"}
RESULT: {"using":"xpath","value":"//*[@id=\"rfm.triggerui::TriggerSetObjectPage--fe::table::_Trigger::LineItem::StandardAction::Delete\"]"}
COMMAND: POST /session/d2fe43ebfbb544e7f75466ef0943a884/element/f.BC33B0DD60029B1FB30064FFCFFD7B2E.d.8ABB020B571DCE6808F3603F6E1610B1.e.1574/click - {}
RESULT: {}
COMMAND: POST /session/d2fe43ebfbb544e7f75466ef0943a884/element - {"using":"css selector","value":"div.sapUiLocalBusyIndicator"}
COMMAND: GET /session/d2fe43ebfbb544e7f75466ef0943a884/screenshot - {}
RESULT: {"using":"css selector","value":"div.sapUiLocalBusyIndicator"}
COMMAND: POST /session/d2fe43ebfbb544e7f75466ef0943a884/execute/sync - {"script":"<script> [21 bytes]","args":[{"element-6066-11e4-a52e-4f735466cecf":"f.BC33B0DD60029B1FB30064FFCFFD7B2E.d.8ABB020B571DCE6808F3603F6E1610B1.e.1577","ELEMENT":"f.BC33B0DD60029B1FB30064FFCFFD7B2E.d.8ABB020B571DCE6808F3603F6E1610B1.e.1577"}]}
RESULT: {}
RESULT: {"script":"<script> [21 bytes]","args":[{"element-6066-11e4-a52e-4f735466cecf":"f.BC33B0DD60029B1FB30064FFCFFD7B2E.d.8ABB020B571DCE6808F3603F6E1610B1.e.1577","ELEMENT":"f.BC33B0DD60029B1FB30064FFCFFD7B2E.d.8ABB020B571DCE6808F3603F6E1610B1.e.1577"}]}
COMMAND: POST /session/d2fe43ebfbb544e7f75466ef0943a884/execute/async - {"script":"<script> [21 bytes]","args":[{"forceSelect":true,"selector":{"controlType":"sap.m.Button","properties":{"text":"Delete"},"searchOpenDialogs":true,"interaction":{"idSuffix":"BDI-content"}},"wdio_ui5_key":"sapm.Button{\"text\":\"Delete\"}"}]}
COMMAND: GET /session/d2fe43ebfbb544e7f75466ef0943a884/screenshot - {}
RESULT: {"script":"<script> [21 bytes]","args":[{"forceSelect":true,"selector":{"controlType":"sap.m.Button","properties":{"text":"Delete"},"searchOpenDialogs":true,"interaction":{"idSuffix":"BDI-content"}},"wdio_ui5_key":"sapm.Button{\"text\":\"Delete\"}"}]}
RESULT: undefined
COMMAND: POST /session/d2fe43ebfbb544e7f75466ef0943a884/element - {"using":"xpath","value":"//*[@id=\"__button299\"]"}
RESULT: {}
RESULT: {"using":"xpath","value":"//*[@id=\"__button299\"]"}
COMMAND: POST /session/d2fe43ebfbb544e7f75466ef0943a884/element/f.BC33B0DD60029B1FB30064FFCFFD7B2E.d.8ABB020B571DCE6808F3603F6E1610B1.e.1575/click - {}
RESULT: {}
COMMAND: POST /session/d2fe43ebfbb544e7f75466ef0943a884/element - {"using":"css selector","value":"div.sapUiLocalBusyIndicator"}
COMMAND: GET /session/d2fe43ebfbb544e7f75466ef0943a884/screenshot - {}
RESULT: {"using":"css selector","value":"div.sapUiLocalBusyIndicator"}
COMMAND: POST /session/d2fe43ebfbb544e7f75466ef0943a884/execute/sync - {"script":"<script> [21 bytes]","args":[{"element-6066-11e4-a52e-4f735466cecf":"f.BC33B0DD60029B1FB30064FFCFFD7B2E.d.8ABB020B571DCE6808F3603F6E1610B1.e.1577","ELEMENT":"f.BC33B0DD60029B1FB30064FFCFFD7B2E.d.8ABB020B571DCE6808F3603F6E1610B1.e.1577"}]}
RESULT: {}
RESULT: {"script":"<script> [21 bytes]","args":[{"element-6066-11e4-a52e-4f735466cecf":"f.BC33B0DD60029B1FB30064FFCFFD7B2E.d.8ABB020B571DCE6808F3603F6E1610B1.e.1577","ELEMENT":"f.BC33B0DD60029B1FB30064FFCFFD7B2E.d.8ABB020B571DCE6808F3603F6E1610B1.e.1577"}]}
COMMAND: POST /session/d2fe43ebfbb544e7f75466ef0943a884/execute/async - {"script":"<script> [21 bytes]","args":[{"selector":{"controlType":"sap.m.Title","viewName":"sap.fe.templates.ObjectPage.ObjectPage","viewId":"rfm.triggerui::TriggerSetObjectPage","properties":{"text":"No items available"}},"wdio_ui5_key":"sapfe.templates.ObjectPage.ObjectPagesap.m.Title{\"text\":\"No items available\"}"}]}
COMMAND: GET /session/d2fe43ebfbb544e7f75466ef0943a884/screenshot - {}
RESULT: {"script":"<script> [21 bytes]","args":[{"selector":{"controlType":"sap.m.Title","viewName":"sap.fe.templates.ObjectPage.ObjectPage","viewId":"rfm.triggerui::TriggerSetObjectPage","properties":{"text":"No items available"}},"wdio_ui5_key":"sapfe.templates.ObjectPage.ObjectPagesap.m.Title{\"text\":\"No items available\"}"}]}
RESULT: undefined
COMMAND: POST /session/d2fe43ebfbb544e7f75466ef0943a884/execute/async - {"script":"<script> [21 bytes]","args":[{"element-6066-11e4-a52e-4f735466cecf":"f.BC33B0DD60029B1FB30064FFCFFD7B2E.d.8ABB020B571DCE6808F3603F6E1610B1.e.1580"},"getText",[]]}
RESULT: {}
RESULT: {"script":"<script> [21 bytes]","args":[{"element-6066-11e4-a52e-4f735466cecf":"f.BC33B0DD60029B1FB30064FFCFFD7B2E.d.8ABB020B571DCE6808F3603F6E1610B1.e.1580"},"getText",[]]}
COMMAND: POST /session/d2fe43ebfbb544e7f75466ef0943a884/element - {"using":"css selector","value":"div.sapUiLocalBusyIndicator"}
RESULT: {"using":"css selector","value":"div.sapUiLocalBusyIndicator"}
COMMAND: POST /session/d2fe43ebfbb544e7f75466ef0943a884/element - {"using":"css selector","value":"div.sapUiLocalBusyIndicator"}
RESULT: {"using":"css selector","value":"div.sapUiLocalBusyIndicator"}
RESULT: undefined
COMMAND: POST /session/d2fe43ebfbb544e7f75466ef0943a884/element - {"using":"xpath","value":"//*[@id=\"rfm.triggerui::TriggerSetObjectPage--fe::FooterBar::StandardAction::Save\"]"}
RESULT: {"using":"xpath","value":"//*[@id=\"rfm.triggerui::TriggerSetObjectPage--fe::FooterBar::StandardAction::Save\"]"}
COMMAND: POST /session/d2fe43ebfbb544e7f75466ef0943a884/element/f.BC33B0DD60029B1FB30064FFCFFD7B2E.d.8ABB020B571DCE6808F3603F6E1610B1.e.1583/click - {}
RESULT: {}
COMMAND: POST /session/d2fe43ebfbb544e7f75466ef0943a884/element - {"using":"css selector","value":"div.sapUiLocalBusyIndicator"}
COMMAND: GET /session/d2fe43ebfbb544e7f75466ef0943a884/screenshot - {}
RESULT: {"using":"css selector","value":"div.sapUiLocalBusyIndicator"}
COMMAND: POST /session/d2fe43ebfbb544e7f75466ef0943a884/execute/sync - {"script":"<script> [21 bytes]","args":[{"element-6066-11e4-a52e-4f735466cecf":"f.BC33B0DD60029B1FB30064FFCFFD7B2E.d.8ABB020B571DCE6808F3603F6E1610B1.e.1584","ELEMENT":"f.BC33B0DD60029B1FB30064FFCFFD7B2E.d.8ABB020B571DCE6808F3603F6E1610B1.e.1584"}]}
RESULT: {}
RESULT: {"script":"<script> [21 bytes]","args":[{"element-6066-11e4-a52e-4f735466cecf":"f.BC33B0DD60029B1FB30064FFCFFD7B2E.d.8ABB020B571DCE6808F3603F6E1610B1.e.1584","ELEMENT":"f.BC33B0DD60029B1FB30064FFCFFD7B2E.d.8ABB020B571DCE6808F3603F6E1610B1.e.1584"}]}
COMMAND: GET /session/d2fe43ebfbb544e7f75466ef0943a884/screenshot - {}
COMMAND: GET /session/d2fe43ebfbb544e7f75466ef0943a884/screenshot - {}
]]></system-out>
    </testcase>
    <testcase classname="chrome.138_0_7204_184.windows.Trigger" name="Should check navigation to Transaction" time="15.304">
      <system-out><![CDATA[
COMMAND: POST /session/d2fe43ebfbb544e7f75466ef0943a884/execute/async - {"script":"<script> [21 bytes]","args":[{"selector":{"id":"rfm.triggerui::TriggerSetObjectPage--fe::HeaderFacet::Form::headerFieldsGP1::DataFieldWithIntentBasedNavigation::TransactionId::FundingTransaction::Manage::Field-content"},"wdio_ui5_key":"rfmtriggerui::TriggerSetObjectPage--fe::HeaderFacet::Form::headerFieldsGP1::DataFieldWithIntentBasedNavigation::TransactionId::FundingTransaction::Manage::Field-content"}]}
RESULT: {"script":"<script> [21 bytes]","args":[{"selector":{"id":"rfm.triggerui::TriggerSetObjectPage--fe::HeaderFacet::Form::headerFieldsGP1::DataFieldWithIntentBasedNavigation::TransactionId::FundingTransaction::Manage::Field-content"},"wdio_ui5_key":"rfmtriggerui::TriggerSetObjectPage--fe::HeaderFacet::Form::headerFieldsGP1::DataFieldWithIntentBasedNavigation::TransactionId::FundingTransaction::Manage::Field-content"}]}
RESULT: undefined
COMMAND: POST /session/d2fe43ebfbb544e7f75466ef0943a884/element - {"using":"xpath","value":"//*[@id=\"rfm.triggerui::TriggerSetObjectPage--fe::HeaderFacet::Form::headerFieldsGP1::DataFieldWithIntentBasedNavigation::TransactionId::FundingTransaction::Manage::Field-content\"]"}
RESULT: {}
RESULT: {}
RESULT: {"using":"xpath","value":"//*[@id=\"rfm.triggerui::TriggerSetObjectPage--fe::HeaderFacet::Form::headerFieldsGP1::DataFieldWithIntentBasedNavigation::TransactionId::FundingTransaction::Manage::Field-content\"]"}
COMMAND: POST /session/d2fe43ebfbb544e7f75466ef0943a884/element/f.BC33B0DD60029B1FB30064FFCFFD7B2E.d.8ABB020B571DCE6808F3603F6E1610B1.e.1276/click - {}
RESULT: {}
COMMAND: POST /session/d2fe43ebfbb544e7f75466ef0943a884/element - {"using":"css selector","value":"div.sapUiLocalBusyIndicator"}
COMMAND: GET /session/d2fe43ebfbb544e7f75466ef0943a884/screenshot - {}
RESULT: {}
RESULT: {"using":"css selector","value":"div.sapUiLocalBusyIndicator"}
COMMAND: POST /session/d2fe43ebfbb544e7f75466ef0943a884/element - {"using":"css selector","value":"div.sapUiLocalBusyIndicator"}
RESULT: {"using":"css selector","value":"div.sapUiLocalBusyIndicator"}
COMMAND: POST /session/d2fe43ebfbb544e7f75466ef0943a884/execute/sync - {"script":"<script> [21 bytes]","args":[{"element-6066-11e4-a52e-4f735466cecf":"f.BC33B0DD60029B1FB30064FFCFFD7B2E.d.8ABB020B571DCE6808F3603F6E1610B1.e.1712","ELEMENT":"f.BC33B0DD60029B1FB30064FFCFFD7B2E.d.8ABB020B571DCE6808F3603F6E1610B1.e.1712"}]}
RESULT: {"script":"<script> [21 bytes]","args":[{"element-6066-11e4-a52e-4f735466cecf":"f.BC33B0DD60029B1FB30064FFCFFD7B2E.d.8ABB020B571DCE6808F3603F6E1610B1.e.1712","ELEMENT":"f.BC33B0DD60029B1FB30064FFCFFD7B2E.d.8ABB020B571DCE6808F3603F6E1610B1.e.1712"}]}
COMMAND: GET /session/d2fe43ebfbb544e7f75466ef0943a884/screenshot - {}
COMMAND: POST /session/d2fe43ebfbb544e7f75466ef0943a884/element - {"using":"css selector","value":"div.sapUiLocalBusyIndicator"}
RESULT: {}
RESULT: {"using":"css selector","value":"div.sapUiLocalBusyIndicator"}
COMMAND: POST /session/d2fe43ebfbb544e7f75466ef0943a884/execute/sync - {"script":"<script> [21 bytes]","args":[{"element-6066-11e4-a52e-4f735466cecf":"f.BC33B0DD60029B1FB30064FFCFFD7B2E.d.8ABB020B571DCE6808F3603F6E1610B1.e.1712","ELEMENT":"f.BC33B0DD60029B1FB30064FFCFFD7B2E.d.8ABB020B571DCE6808F3603F6E1610B1.e.1712"}]}
RESULT: {"script":"<script> [21 bytes]","args":[{"element-6066-11e4-a52e-4f735466cecf":"f.BC33B0DD60029B1FB30064FFCFFD7B2E.d.8ABB020B571DCE6808F3603F6E1610B1.e.1712","ELEMENT":"f.BC33B0DD60029B1FB30064FFCFFD7B2E.d.8ABB020B571DCE6808F3603F6E1610B1.e.1712"}]}
COMMAND: GET /session/d2fe43ebfbb544e7f75466ef0943a884/screenshot - {}
COMMAND: POST /session/d2fe43ebfbb544e7f75466ef0943a884/element - {"using":"css selector","value":"div.sapUiLocalBusyIndicator"}
RESULT: {}
RESULT: {"using":"css selector","value":"div.sapUiLocalBusyIndicator"}
COMMAND: POST /session/d2fe43ebfbb544e7f75466ef0943a884/execute/sync - {"script":"<script> [21 bytes]","args":[{"element-6066-11e4-a52e-4f735466cecf":"f.BC33B0DD60029B1FB30064FFCFFD7B2E.d.8ABB020B571DCE6808F3603F6E1610B1.e.1712","ELEMENT":"f.BC33B0DD60029B1FB30064FFCFFD7B2E.d.8ABB020B571DCE6808F3603F6E1610B1.e.1712"}]}
RESULT: {"script":"<script> [21 bytes]","args":[{"element-6066-11e4-a52e-4f735466cecf":"f.BC33B0DD60029B1FB30064FFCFFD7B2E.d.8ABB020B571DCE6808F3603F6E1610B1.e.1712","ELEMENT":"f.BC33B0DD60029B1FB30064FFCFFD7B2E.d.8ABB020B571DCE6808F3603F6E1610B1.e.1712"}]}
COMMAND: POST /session/d2fe43ebfbb544e7f75466ef0943a884/element - {"using":"css selector","value":"div.sapUiLocalBusyIndicator"}
COMMAND: GET /session/d2fe43ebfbb544e7f75466ef0943a884/screenshot - {}
RESULT: {}
RESULT: {"using":"css selector","value":"div.sapUiLocalBusyIndicator"}
COMMAND: POST /session/d2fe43ebfbb544e7f75466ef0943a884/element - {"using":"css selector","value":"div.sapUiLocalBusyIndicator"}
RESULT: {"using":"css selector","value":"div.sapUiLocalBusyIndicator"}
COMMAND: POST /session/d2fe43ebfbb544e7f75466ef0943a884/execute/async - {"script":"<script> [21 bytes]","args":[{"selector":{"id":"rfm.transactionui::xRFMxCU_TransactionObjectPage--fe::HeaderFacet::Form::headerFieldsGP1::DataField::TransactionId::Field-content"},"wdio_ui5_key":"rfmtransactionui::xRFMxCU_TransactionObjectPage--fe::HeaderFacet::Form::headerFieldsGP1::DataField::TransactionId::Field-content"}]}
RESULT: {"script":"<script> [21 bytes]","args":[{"selector":{"id":"rfm.transactionui::xRFMxCU_TransactionObjectPage--fe::HeaderFacet::Form::headerFieldsGP1::DataField::TransactionId::Field-content"},"wdio_ui5_key":"rfmtransactionui::xRFMxCU_TransactionObjectPage--fe::HeaderFacet::Form::headerFieldsGP1::DataField::TransactionId::Field-content"}]}
RESULT: undefined
COMMAND: POST /session/d2fe43ebfbb544e7f75466ef0943a884/execute/async - {"script":"<script> [21 bytes]","args":[{"element-6066-11e4-a52e-4f735466cecf":"f.BC33B0DD60029B1FB30064FFCFFD7B2E.d.8ABB020B571DCE6808F3603F6E1610B1.e.1722"},"getText",[]]}
RESULT: {"script":"<script> [21 bytes]","args":[{"element-6066-11e4-a52e-4f735466cecf":"f.BC33B0DD60029B1FB30064FFCFFD7B2E.d.8ABB020B571DCE6808F3603F6E1610B1.e.1722"},"getText",[]]}
COMMAND: POST /session/d2fe43ebfbb544e7f75466ef0943a884/element - {"using":"css selector","value":"div.sapUiLocalBusyIndicator"}
RESULT: {"using":"css selector","value":"div.sapUiLocalBusyIndicator"}
COMMAND: POST /session/d2fe43ebfbb544e7f75466ef0943a884/element - {"using":"css selector","value":"div.sapUiLocalBusyIndicator"}
RESULT: {"using":"css selector","value":"div.sapUiLocalBusyIndicator"}
RESULT: undefined
COMMAND: POST /session/d2fe43ebfbb544e7f75466ef0943a884/element - {"using":"xpath","value":"//*[@id=\"backBtn\"]"}
RESULT: {"using":"xpath","value":"//*[@id=\"backBtn\"]"}
COMMAND: POST /session/d2fe43ebfbb544e7f75466ef0943a884/element/f.BC33B0DD60029B1FB30064FFCFFD7B2E.d.8ABB020B571DCE6808F3603F6E1610B1.e.1754/click - {}
RESULT: {}
COMMAND: POST /session/d2fe43ebfbb544e7f75466ef0943a884/element - {"using":"css selector","value":"div.sapUiLocalBusyIndicator"}
COMMAND: GET /session/d2fe43ebfbb544e7f75466ef0943a884/screenshot - {}
RESULT: {"using":"css selector","value":"div.sapUiLocalBusyIndicator"}
COMMAND: POST /session/d2fe43ebfbb544e7f75466ef0943a884/element - {"using":"css selector","value":"div.sapUiLocalBusyIndicator"}
RESULT: {}
RESULT: {"using":"css selector","value":"div.sapUiLocalBusyIndicator"}
COMMAND: GET /session/d2fe43ebfbb544e7f75466ef0943a884/screenshot - {}
]]></system-out>
    </testcase>
    <testcase classname="chrome.138_0_7204_184.windows.Trigger" name="Should check navigation to Program" time="17.168">
      <system-out><![CDATA[
COMMAND: POST /session/d2fe43ebfbb544e7f75466ef0943a884/execute/async - {"script":"<script> [21 bytes]","args":[{"selector":{"id":"rfm.triggerui::TriggerSetObjectPage--fe::HeaderFacet::Form::headerFieldsGP1::DataFieldWithIntentBasedNavigation::ProgramId::FundingProgram::Manage::Field-content"},"wdio_ui5_key":"rfmtriggerui::TriggerSetObjectPage--fe::HeaderFacet::Form::headerFieldsGP1::DataFieldWithIntentBasedNavigation::ProgramId::FundingProgram::Manage::Field-content"}]}
RESULT: {}
RESULT: {"script":"<script> [21 bytes]","args":[{"selector":{"id":"rfm.triggerui::TriggerSetObjectPage--fe::HeaderFacet::Form::headerFieldsGP1::DataFieldWithIntentBasedNavigation::ProgramId::FundingProgram::Manage::Field-content"},"wdio_ui5_key":"rfmtriggerui::TriggerSetObjectPage--fe::HeaderFacet::Form::headerFieldsGP1::DataFieldWithIntentBasedNavigation::ProgramId::FundingProgram::Manage::Field-content"}]}
RESULT: undefined
COMMAND: POST /session/d2fe43ebfbb544e7f75466ef0943a884/element - {"using":"xpath","value":"//*[@id=\"rfm.triggerui::TriggerSetObjectPage--fe::HeaderFacet::Form::headerFieldsGP1::DataFieldWithIntentBasedNavigation::ProgramId::FundingProgram::Manage::Field-content\"]"}
RESULT: {"using":"xpath","value":"//*[@id=\"rfm.triggerui::TriggerSetObjectPage--fe::HeaderFacet::Form::headerFieldsGP1::DataFieldWithIntentBasedNavigation::ProgramId::FundingProgram::Manage::Field-content\"]"}
COMMAND: POST /session/d2fe43ebfbb544e7f75466ef0943a884/element/f.BC33B0DD60029B1FB30064FFCFFD7B2E.d.8ABB020B571DCE6808F3603F6E1610B1.e.1885/click - {}
RESULT: {}
COMMAND: POST /session/d2fe43ebfbb544e7f75466ef0943a884/element - {"using":"css selector","value":"div.sapUiLocalBusyIndicator"}
COMMAND: GET /session/d2fe43ebfbb544e7f75466ef0943a884/screenshot - {}
RESULT: {"using":"css selector","value":"div.sapUiLocalBusyIndicator"}
COMMAND: POST /session/d2fe43ebfbb544e7f75466ef0943a884/execute/sync - {"script":"<script> [21 bytes]","args":[{"element-6066-11e4-a52e-4f735466cecf":"f.BC33B0DD60029B1FB30064FFCFFD7B2E.d.8ABB020B571DCE6808F3603F6E1610B1.e.2077","ELEMENT":"f.BC33B0DD60029B1FB30064FFCFFD7B2E.d.8ABB020B571DCE6808F3603F6E1610B1.e.2077"}]}
RESULT: {}
COMMAND: POST /session/d2fe43ebfbb544e7f75466ef0943a884/element - {"using":"css selector","value":"div.sapUiLocalBusyIndicator"}
RESULT: {"using":"css selector","value":"div.sapUiLocalBusyIndicator"}
COMMAND: POST /session/d2fe43ebfbb544e7f75466ef0943a884/element - {"using":"css selector","value":"div.sapUiLocalBusyIndicator"}
RESULT: {"using":"css selector","value":"div.sapUiLocalBusyIndicator"}
RESULT: undefined
COMMAND: POST /session/d2fe43ebfbb544e7f75466ef0943a884/execute/async - {"script":"<script> [21 bytes]","args":[{"element-6066-11e4-a52e-4f735466cecf":"f.BC33B0DD60029B1FB30064FFCFFD7B2E.d.8ABB020B571DCE6808F3603F6E1610B1.e.570"},"getText",[]]}
COMMAND: POST /session/d2fe43ebfbb544e7f75466ef0943a884/execute/async - {"script":"<script> [21 bytes]","args":[{"selector":{"id":"rfm.programui::xRFMxCU_ProgramObjectPage--fe::HeaderFacet::Form::headerFieldsGP1::DataField::ProgramId::Field-content"},"wdio_ui5_key":"rfmprogramui::xRFMxCU_ProgramObjectPage--fe::HeaderFacet::Form::headerFieldsGP1::DataField::ProgramId::Field-content"}]}
RESULT: {"script":"<script> [21 bytes]","args":[{"selector":{"id":"rfm.programui::xRFMxCU_ProgramObjectPage--fe::HeaderFacet::Form::headerFieldsGP1::DataField::ProgramId::Field-content"},"wdio_ui5_key":"rfmprogramui::xRFMxCU_ProgramObjectPage--fe::HeaderFacet::Form::headerFieldsGP1::DataField::ProgramId::Field-content"}]}
COMMAND: POST /session/d2fe43ebfbb544e7f75466ef0943a884/execute/async - {"script":"<script> [21 bytes]","args":[{"element-6066-11e4-a52e-4f735466cecf":"f.BC33B0DD60029B1FB30064FFCFFD7B2E.d.8ABB020B571DCE6808F3603F6E1610B1.e.2043"},"getText",[]]}
RESULT: {"script":"<script> [21 bytes]","args":[{"element-6066-11e4-a52e-4f735466cecf":"f.BC33B0DD60029B1FB30064FFCFFD7B2E.d.8ABB020B571DCE6808F3603F6E1610B1.e.2043"},"getText",[]]}
COMMAND: POST /session/d2fe43ebfbb544e7f75466ef0943a884/element - {"using":"css selector","value":"div.sapUiLocalBusyIndicator"}
RESULT: {"using":"css selector","value":"div.sapUiLocalBusyIndicator"}
COMMAND: POST /session/d2fe43ebfbb544e7f75466ef0943a884/element - {"using":"css selector","value":"div.sapUiLocalBusyIndicator"}
RESULT: {"using":"css selector","value":"div.sapUiLocalBusyIndicator"}
RESULT: undefined
COMMAND: POST /session/d2fe43ebfbb544e7f75466ef0943a884/element - {"using":"xpath","value":"//*[@id=\"backBtn\"]"}
RESULT: {"using":"xpath","value":"//*[@id=\"backBtn\"]"}
COMMAND: POST /session/d2fe43ebfbb544e7f75466ef0943a884/element/f.BC33B0DD60029B1FB30064FFCFFD7B2E.d.8ABB020B571DCE6808F3603F6E1610B1.e.1754/click - {}
RESULT: {}
COMMAND: POST /session/d2fe43ebfbb544e7f75466ef0943a884/element - {"using":"css selector","value":"div.sapUiLocalBusyIndicator"}
COMMAND: GET /session/d2fe43ebfbb544e7f75466ef0943a884/screenshot - {}
RESULT: {"using":"css selector","value":"div.sapUiLocalBusyIndicator"}
COMMAND: POST /session/d2fe43ebfbb544e7f75466ef0943a884/element - {"using":"css selector","value":"div.sapUiLocalBusyIndicator"}
RESULT: {}
RESULT: {"using":"css selector","value":"div.sapUiLocalBusyIndicator"}
COMMAND: GET /session/d2fe43ebfbb544e7f75466ef0943a884/screenshot - {}
COMMAND: DELETE /session/d2fe43ebfbb544e7f75466ef0943a884 - {}
RESULT: {}
RESULT: {}
]]></system-out>
    </testcase>
  </testsuite>
</testsuites>