<?xml version="1.0" encoding="UTF-8"?>
<testsuites tests="11" failures="3" errors="3" skipped="4">
  <testsuite timestamp="2025-10-08T22:20:31" time="421.654" tests="11" failures="3" errors="3" skipped="4">
    <properties>
      <property name="specId" value="0"/>
      <property name="suiteName" value="Funding Asset"/>
      <property name="capabilities" value="chrome.140_0_7339_208.windows"/>
      <property name="file" value="file:///D:/a/1/s/test/specs/BusinessObjects/FundingAsset.spec.js"/>
    </properties>
    <testcase classname="chrome.140_0_7339_208.windows.Funding_Asset" name="Should create asset with value help" time="45.05">
      <skipped/>
      <system-out><![CDATA[
COMMAND: POST /session/49c63d4f4b5b1e61d8d63a2ca79cbafc/execute/async - {"script":"<script> [21 bytes]","args":[{"selector":{"controlType":"sap.m.GenericTile","properties":{"header":"Funding Asset"}},"wdio_ui5_key":"sapm.GenericTile{\"header\":\"Funding Asset\"}"}]}
RESULT: {"script":"<script> [21 bytes]","args":[{"selector":{"controlType":"sap.m.GenericTile","properties":{"header":"Funding Asset"}},"wdio_ui5_key":"sapm.GenericTile{\"header\":\"Funding Asset\"}"}]}
RESULT: undefined
COMMAND: POST /session/49c63d4f4b5b1e61d8d63a2ca79cbafc/element - {"using":"xpath","value":"//*[@id=\"__tile51\"]"}
RESULT: {"using":"xpath","value":"//*[@id=\"__tile51\"]"}
COMMAND: POST /session/49c63d4f4b5b1e61d8d63a2ca79cbafc/element/f.52E4F307EFCFBF9BFAD10BC37CD3744F.d.4042963F94D63BC1A7EA6CFCE6D289B7.e.71/click - {}
RESULT: {}
COMMAND: POST /session/49c63d4f4b5b1e61d8d63a2ca79cbafc/execute/async - {"script":"<script> [21 bytes]","args":[{"selector":{"id":"rfm.assetui::xRFMxCU_AssetList--fe::table::allTab::LineItem::StandardAction::Create","controlType":"sap.m.Button"},"wdio_ui5_key":"rfmassetui::xRFMxCU_AssetList--fe::table::allTab::LineItem::StandardAction::Createsap.m.Button"}]}
COMMAND: GET /session/49c63d4f4b5b1e61d8d63a2ca79cbafc/screenshot - {}
RESULT: {"script":"<script> [21 bytes]","args":[{"selector":{"id":"rfm.assetui::xRFMxCU_AssetList--fe::table::allTab::LineItem::StandardAction::Create","controlType":"sap.m.Button"},"wdio_ui5_key":"rfmassetui::xRFMxCU_AssetList--fe::table::allTab::LineItem::StandardAction::Createsap.m.Button"}]}
RESULT: undefined
COMMAND: POST /session/49c63d4f4b5b1e61d8d63a2ca79cbafc/element - {"using":"xpath","value":"//*[@id=\"rfm.assetui::xRFMxCU_AssetList--fe::table::allTab::LineItem::StandardAction::Create\"]"}
RESULT: {}
RESULT: {"using":"xpath","value":"//*[@id=\"rfm.assetui::xRFMxCU_AssetList--fe::table::allTab::LineItem::StandardAction::Create\"]"}
COMMAND: POST /session/49c63d4f4b5b1e61d8d63a2ca79cbafc/element/f.52E4F307EFCFBF9BFAD10BC37CD3744F.d.4042963F94D63BC1A7EA6CFCE6D289B7.e.177/click - {}
RESULT: {}
COMMAND: GET /session/49c63d4f4b5b1e61d8d63a2ca79cbafc/screenshot - {}
RESULT: {}
COMMAND: POST /session/49c63d4f4b5b1e61d8d63a2ca79cbafc/execute/async - {"script":"<script> [21 bytes]","args":[{"selector":{"id":"CreateDialog::xRFMxCU_AssetType::ExternalSystem-inner","searchOpenDialogs":true,"interaction":{"idSuffix":"inner"}},"wdio_ui5_key":"CreateDialogxRFMxCU_AssetType::ExternalSystem-inner"}]}
RESULT: {"script":"<script> [21 bytes]","args":[{"selector":{"id":"CreateDialog::xRFMxCU_AssetType::ExternalSystem-inner","searchOpenDialogs":true,"interaction":{"idSuffix":"inner"}},"wdio_ui5_key":"CreateDialogxRFMxCU_AssetType::ExternalSystem-inner"}]}
RESULT: undefined
COMMAND: POST /session/49c63d4f4b5b1e61d8d63a2ca79cbafc/execute/async - {"script":"<script> [20 bytes]","args":[{"enterText":"999","selector":{"id":"CreateDialog::xRFMxCU_AssetType::ExternalSystem-inner","searchOpenDialogs":true,"interaction":{"idSuffix":"inner"}},"clearTextFirst":true,"interactionType":"ENTER_TEXT"}]}
RESULT: {"script":"<script> [20 bytes]","args":[{"enterText":"999","selector":{"id":"CreateDialog::xRFMxCU_AssetType::ExternalSystem-inner","searchOpenDialogs":true,"interaction":{"idSuffix":"inner"}},"clearTextFirst":true,"interactionType":"ENTER_TEXT"}]}
COMMAND: POST /session/49c63d4f4b5b1e61d8d63a2ca79cbafc/execute/async - {"script":"<script> [21 bytes]","args":[{"selector":{"id":"CreateDialog::xRFMxCU_AssetType::AssetIdExtern-inner","controlType":"sap.ui.mdc.field.FieldInput","searchOpenDialogs":true},"wdio_ui5_key":"CreateDialogxRFMxCU_AssetType::AssetIdExtern-innersap.ui.mdc.field.FieldInput"}]}
RESULT: {"script":"<script> [21 bytes]","args":[{"selector":{"id":"CreateDialog::xRFMxCU_AssetType::AssetIdExtern-inner","controlType":"sap.ui.mdc.field.FieldInput","searchOpenDialogs":true},"wdio_ui5_key":"CreateDialogxRFMxCU_AssetType::AssetIdExtern-innersap.ui.mdc.field.FieldInput"}]}
RESULT: undefined
COMMAND: POST /session/49c63d4f4b5b1e61d8d63a2ca79cbafc/execute/async - {"script":"<script> [21 bytes]","args":[{"element-6066-11e4-a52e-4f735466cecf":"f.52E4F307EFCFBF9BFAD10BC37CD3744F.d.4042963F94D63BC1A7EA6CFCE6D289B7.e.271"},"setValue",["WDIO_Asset_2025-10-08"]]}
RESULT: {"script":"<script> [21 bytes]","args":[{"element-6066-11e4-a52e-4f735466cecf":"f.52E4F307EFCFBF9BFAD10BC37CD3744F.d.4042963F94D63BC1A7EA6CFCE6D289B7.e.271"},"setValue",["WDIO_Asset_2025-10-08"]]}
COMMAND: POST /session/49c63d4f4b5b1e61d8d63a2ca79cbafc/execute/async - {"script":"<script> [21 bytes]","args":[{"selector":{"id":"CreateDialog::xRFMxCU_AssetType::InitiationDate-inner","controlType":"sap.m.DatePicker","searchOpenDialogs":true},"wdio_ui5_key":"CreateDialogxRFMxCU_AssetType::InitiationDate-innersap.m.DatePicker"}]}
RESULT: {"script":"<script> [21 bytes]","args":[{"selector":{"id":"CreateDialog::xRFMxCU_AssetType::InitiationDate-inner","controlType":"sap.m.DatePicker","searchOpenDialogs":true},"wdio_ui5_key":"CreateDialogxRFMxCU_AssetType::InitiationDate-innersap.m.DatePicker"}]}
RESULT: undefined
COMMAND: POST /session/49c63d4f4b5b1e61d8d63a2ca79cbafc/execute/async - {"script":"<script> [21 bytes]","args":[{"element-6066-11e4-a52e-4f735466cecf":"f.52E4F307EFCFBF9BFAD10BC37CD3744F.d.4042963F94D63BC1A7EA6CFCE6D289B7.e.272"},"setValue",["2025-02-28"]]}
RESULT: {"script":"<script> [21 bytes]","args":[{"element-6066-11e4-a52e-4f735466cecf":"f.52E4F307EFCFBF9BFAD10BC37CD3744F.d.4042963F94D63BC1A7EA6CFCE6D289B7.e.272"},"setValue",["2025-02-28"]]}
COMMAND: POST /session/49c63d4f4b5b1e61d8d63a2ca79cbafc/execute/async - {"script":"<script> [21 bytes]","args":[{"selector":{"id":"CreateDialog::xRFMxCU_AssetType::ClosingDate-inner","controlType":"sap.m.DatePicker","searchOpenDialogs":true},"wdio_ui5_key":"CreateDialogxRFMxCU_AssetType::ClosingDate-innersap.m.DatePicker"}]}
RESULT: {"script":"<script> [21 bytes]","args":[{"selector":{"id":"CreateDialog::xRFMxCU_AssetType::ClosingDate-inner","controlType":"sap.m.DatePicker","searchOpenDialogs":true},"wdio_ui5_key":"CreateDialogxRFMxCU_AssetType::ClosingDate-innersap.m.DatePicker"}]}
RESULT: undefined
COMMAND: POST /session/49c63d4f4b5b1e61d8d63a2ca79cbafc/execute/async - {"script":"<script> [21 bytes]","args":[{"element-6066-11e4-a52e-4f735466cecf":"f.52E4F307EFCFBF9BFAD10BC37CD3744F.d.4042963F94D63BC1A7EA6CFCE6D289B7.e.273"},"setValue",["2025-04-01"]]}
RESULT: {"script":"<script> [21 bytes]","args":[{"element-6066-11e4-a52e-4f735466cecf":"f.52E4F307EFCFBF9BFAD10BC37CD3744F.d.4042963F94D63BC1A7EA6CFCE6D289B7.e.273"},"setValue",["2025-04-01"]]}
COMMAND: POST /session/49c63d4f4b5b1e61d8d63a2ca79cbafc/execute/async - {"script":"<script> [21 bytes]","args":[{"selector":{"controlType":"sap.m.Button","viewName":"sap.fe.templates.ObjectPage.ObjectPage","viewId":"rfm.assetui::xRFMxCU_AssetObjectPage","properties":{"text":"Continue"},"searchOpenDialogs":true},"wdio_ui5_key":"sapfe.templates.ObjectPage.ObjectPagesap.m.Button{\"text\":\"Continue\"}"}]}
RESULT: {"script":"<script> [21 bytes]","args":[{"selector":{"controlType":"sap.m.Button","viewName":"sap.fe.templates.ObjectPage.ObjectPage","viewId":"rfm.assetui::xRFMxCU_AssetObjectPage","properties":{"text":"Continue"},"searchOpenDialogs":true},"wdio_ui5_key":"sapfe.templates.ObjectPage.ObjectPagesap.m.Button{\"text\":\"Continue\"}"}]}
RESULT: undefined
COMMAND: POST /session/49c63d4f4b5b1e61d8d63a2ca79cbafc/element - {"using":"xpath","value":"//*[@id=\"__button196\"]"}
RESULT: {"using":"xpath","value":"//*[@id=\"__button196\"]"}
COMMAND: POST /session/49c63d4f4b5b1e61d8d63a2ca79cbafc/element/f.52E4F307EFCFBF9BFAD10BC37CD3744F.d.4042963F94D63BC1A7EA6CFCE6D289B7.e.283/click - {}
RESULT: {}
COMMAND: POST /session/49c63d4f4b5b1e61d8d63a2ca79cbafc/execute/async - {"script":"<script> [21 bytes]","args":[{"selector":{"id":"rfm.assetui::xRFMxCU_AssetObjectPage--fe::FormContainer::FieldGroup::detailsFieldsGP1::FormElement::DataFieldWithIntentBasedNavigation::PartnerId::Debtor::Manage::Field-edit","interaction":{"idSuffix":"inner"}},"wdio_ui5_key":"rfmassetui::xRFMxCU_AssetObjectPage--fe::FormContainer::FieldGroup::detailsFieldsGP1::FormElement::DataFieldWithIntentBasedNavigation::PartnerId::Debtor::Manage::Field-edit"}]}
COMMAND: GET /session/49c63d4f4b5b1e61d8d63a2ca79cbafc/screenshot - {}
RESULT: {"script":"<script> [21 bytes]","args":[{"selector":{"id":"rfm.assetui::xRFMxCU_AssetObjectPage--fe::FormContainer::FieldGroup::detailsFieldsGP1::FormElement::DataFieldWithIntentBasedNavigation::PartnerId::Debtor::Manage::Field-edit","interaction":{"idSuffix":"inner"}},"wdio_ui5_key":"rfmassetui::xRFMxCU_AssetObjectPage--fe::FormContainer::FieldGroup::detailsFieldsGP1::FormElement::DataFieldWithIntentBasedNavigation::PartnerId::Debtor::Manage::Field-edit"}]}
RESULT: undefined
COMMAND: POST /session/49c63d4f4b5b1e61d8d63a2ca79cbafc/execute/async - {"script":"<script> [21 bytes]","args":[{"selector":{"id":"rfm.assetui::xRFMxCU_AssetObjectPage--fe::FormContainer::FieldGroup::detailsFieldsGP1::FormElement::DataField::NominalValue::Field-edit-inner","interaction":{"idSuffix":"inner"}},"wdio_ui5_key":"rfmassetui::xRFMxCU_AssetObjectPage--fe::FormContainer::FieldGroup::detailsFieldsGP1::FormElement::DataField::NominalValue::Field-edit-inner"}]}
RESULT: {}
RESULT: {"script":"<script> [21 bytes]","args":[{"selector":{"id":"rfm.assetui::xRFMxCU_AssetObjectPage--fe::FormContainer::FieldGroup::detailsFieldsGP1::FormElement::DataField::NominalValue::Field-edit-inner","interaction":{"idSuffix":"inner"}},"wdio_ui5_key":"rfmassetui::xRFMxCU_AssetObjectPage--fe::FormContainer::FieldGroup::detailsFieldsGP1::FormElement::DataField::NominalValue::Field-edit-inner"}]}
RESULT: undefined
COMMAND: POST /session/49c63d4f4b5b1e61d8d63a2ca79cbafc/execute/async - {"script":"<script> [21 bytes]","args":[{"selector":{"id":"rfm.assetui::xRFMxCU_AssetObjectPage--fe::FormContainer::FieldGroup::detailsFieldsGP1::FormElement::DataField::NominalValue::Field-edit-inner-unit","interaction":{"idSuffix":"inner"}},"wdio_ui5_key":"rfmassetui::xRFMxCU_AssetObjectPage--fe::FormContainer::FieldGroup::detailsFieldsGP1::FormElement::DataField::NominalValue::Field-edit-inner-unit"}]}
RESULT: {"script":"<script> [21 bytes]","args":[{"selector":{"id":"rfm.assetui::xRFMxCU_AssetObjectPage--fe::FormContainer::FieldGroup::detailsFieldsGP1::FormElement::DataField::NominalValue::Field-edit-inner-unit","interaction":{"idSuffix":"inner"}},"wdio_ui5_key":"rfmassetui::xRFMxCU_AssetObjectPage--fe::FormContainer::FieldGroup::detailsFieldsGP1::FormElement::DataField::NominalValue::Field-edit-inner-unit"}]}
RESULT: undefined
COMMAND: POST /session/49c63d4f4b5b1e61d8d63a2ca79cbafc/execute/async - {"script":"<script> [21 bytes]","args":[{"selector":{"id":"rfm.assetui::xRFMxCU_AssetObjectPage--fe::FormContainer::FieldGroup::detailsFieldsGP2::FormElement::DataField::AssetCategory::Field-edit-inner-vhi"},"wdio_ui5_key":"rfmassetui::xRFMxCU_AssetObjectPage--fe::FormContainer::FieldGroup::detailsFieldsGP2::FormElement::DataField::AssetCategory::Field-edit-inner-vhi"}]}
RESULT: {"script":"<script> [21 bytes]","args":[{"selector":{"id":"rfm.assetui::xRFMxCU_AssetObjectPage--fe::FormContainer::FieldGroup::detailsFieldsGP2::FormElement::DataField::AssetCategory::Field-edit-inner-vhi"},"wdio_ui5_key":"rfmassetui::xRFMxCU_AssetObjectPage--fe::FormContainer::FieldGroup::detailsFieldsGP2::FormElement::DataField::AssetCategory::Field-edit-inner-vhi"}]}
RESULT: undefined
COMMAND: POST /session/49c63d4f4b5b1e61d8d63a2ca79cbafc/execute/async - {"script":"<script> [21 bytes]","args":[{"selector":{"controlType":"sap.m.Text","viewName":"sap.fe.templates.ObjectPage.ObjectPage","viewId":"rfm.assetui::xRFMxCU_AssetObjectPage","bindingPath":{"path":"/xRFMxCH_AssetCategory($uid=id-1741614574753-2631)","propertyPath":"AssetCategoryText"},"searchOpenDialogs":true},"wdio_ui5_key":"sapfe.templates.ObjectPage.ObjectPagesap.m.Text{\"path\":\"/xRFMxCH_AssetCategory($uid=id-1741614574753-2631)\",\"propertyPath\":\"AssetCategoryText\"}"}]}
RESULT: {"script":"<script> [21 bytes]","args":[{"selector":{"controlType":"sap.m.Text","viewName":"sap.fe.templates.ObjectPage.ObjectPage","viewId":"rfm.assetui::xRFMxCU_AssetObjectPage","bindingPath":{"path":"/xRFMxCH_AssetCategory($uid=id-1741614574753-2631)","propertyPath":"AssetCategoryText"},"searchOpenDialogs":true},"wdio_ui5_key":"sapfe.templates.ObjectPage.ObjectPagesap.m.Text{\"path\":\"/xRFMxCH_AssetCategory($uid=id-1741614574753-2631)\",\"propertyPath\":\"AssetCategoryText\"}"}]}
RESULT: undefined
COMMAND: POST /session/49c63d4f4b5b1e61d8d63a2ca79cbafc/execute/async - {"script":"<script> [21 bytes]","args":[{"selector":{"id":"rfm.assetui::xRFMxCU_AssetObjectPage--fe::FooterBar::StandardAction::Save","controlType":"sap.m.Button"},"wdio_ui5_key":"rfmassetui::xRFMxCU_AssetObjectPage--fe::FooterBar::StandardAction::Savesap.m.Button"}]}
RESULT: {"script":"<script> [21 bytes]","args":[{"selector":{"id":"rfm.assetui::xRFMxCU_AssetObjectPage--fe::FooterBar::StandardAction::Save","controlType":"sap.m.Button"},"wdio_ui5_key":"rfmassetui::xRFMxCU_AssetObjectPage--fe::FooterBar::StandardAction::Savesap.m.Button"}]}
RESULT: undefined
COMMAND: POST /session/49c63d4f4b5b1e61d8d63a2ca79cbafc/element - {"using":"xpath","value":"//*[@id=\"rfm.assetui::xRFMxCU_AssetObjectPage--fe::FooterBar::StandardAction::Save\"]"}
RESULT: {"using":"xpath","value":"//*[@id=\"rfm.assetui::xRFMxCU_AssetObjectPage--fe::FooterBar::StandardAction::Save\"]"}
COMMAND: POST /session/49c63d4f4b5b1e61d8d63a2ca79cbafc/element/f.52E4F307EFCFBF9BFAD10BC37CD3744F.d.4042963F94D63BC1A7EA6CFCE6D289B7.e.293/click - {}
RESULT: {}
COMMAND: GET /session/49c63d4f4b5b1e61d8d63a2ca79cbafc/screenshot - {}
RESULT: {}
COMMAND: POST /session/49c63d4f4b5b1e61d8d63a2ca79cbafc/execute/async - {"script":"<script> [21 bytes]","args":[{"selector":{"id":"rfm.assetui::xRFMxCU_AssetObjectPage--fe::FooterBar::MessageButton-img"},"wdio_ui5_key":"rfmassetui::xRFMxCU_AssetObjectPage--fe::FooterBar::MessageButton-img"}]}
RESULT: {"script":"<script> [21 bytes]","args":[{"selector":{"id":"rfm.assetui::xRFMxCU_AssetObjectPage--fe::FooterBar::MessageButton-img"},"wdio_ui5_key":"rfmassetui::xRFMxCU_AssetObjectPage--fe::FooterBar::MessageButton-img"}]}
RESULT: undefined
COMMAND: POST /session/49c63d4f4b5b1e61d8d63a2ca79cbafc/execute/async - {"script":"<script> [21 bytes]","args":[{"element-6066-11e4-a52e-4f735466cecf":"f.52E4F307EFCFBF9BFAD10BC37CD3744F.d.4042963F94D63BC1A7EA6CFCE6D289B7.e.336"},"getSrc",[]]}
RESULT: {"script":"<script> [21 bytes]","args":[{"element-6066-11e4-a52e-4f735466cecf":"f.52E4F307EFCFBF9BFAD10BC37CD3744F.d.4042963F94D63BC1A7EA6CFCE6D289B7.e.336"},"getSrc",[]]}
RESULT: undefined
COMMAND: POST /session/49c63d4f4b5b1e61d8d63a2ca79cbafc/element - {"using":"xpath","value":"//*[@id=\"rfm.assetui::xRFMxCU_AssetObjectPage--fe::FooterBar::MessageButton-img\"]"}
RESULT: {"using":"xpath","value":"//*[@id=\"rfm.assetui::xRFMxCU_AssetObjectPage--fe::FooterBar::MessageButton-img\"]"}
COMMAND: POST /session/49c63d4f4b5b1e61d8d63a2ca79cbafc/element/f.52E4F307EFCFBF9BFAD10BC37CD3744F.d.4042963F94D63BC1A7EA6CFCE6D289B7.e.336/click - {}
RESULT: {}
COMMAND: GET /session/49c63d4f4b5b1e61d8d63a2ca79cbafc/screenshot - {}
COMMAND: GET /session/49c63d4f4b5b1e61d8d63a2ca79cbafc/screenshot - {}
COMMAND: GET /session/49c63d4f4b5b1e61d8d63a2ca79cbafc/screenshot - {}
RESULT: {}
RESULT: {}
]]></system-out>
      <system-err><![CDATA[
Error: Asset creation failed: Error icon detected in Message Button!
    at Context.<anonymous> (D:\a\1\s\test\specs\BusinessObjects\FundingAsset.spec.js:129:23)
]]></system-err>
    </testcase>
    <testcase classname="chrome.140_0_7339_208.windows.Funding_Asset" name="Should create asset with value help" time="104.288">
      <system-out><![CDATA[
RESULT: undefined
COMMAND: POST /session/49c63d4f4b5b1e61d8d63a2ca79cbafc/element - {"using":"xpath","value":"//*[@id=\"__tile51\"]"}
RESULT: {}
RESULT: {"using":"xpath","value":"//*[@id=\"__tile51\"]"}
COMMAND: POST /session/49c63d4f4b5b1e61d8d63a2ca79cbafc/element/f.52E4F307EFCFBF9BFAD10BC37CD3744F.d.4042963F94D63BC1A7EA6CFCE6D289B7.e.338/click - {}
RESULT: undefined
COMMAND: POST /session/49c63d4f4b5b1e61d8d63a2ca79cbafc/element/f.52E4F307EFCFBF9BFAD10BC37CD3744F.d.4042963F94D63BC1A7EA6CFCE6D289B7.e.177/click - {}
RESULT: {}
COMMAND: GET /session/49c63d4f4b5b1e61d8d63a2ca79cbafc/screenshot - {}
RESULT: {}
RESULT: undefined
COMMAND: POST /session/49c63d4f4b5b1e61d8d63a2ca79cbafc/execute/async - {"script":"<script> [20 bytes]","args":[{"enterText":"999","selector":{"id":"CreateDialog::xRFMxCU_AssetType::ExternalSystem-inner","searchOpenDialogs":true,"interaction":{"idSuffix":"inner"}},"clearTextFirst":true,"interactionType":"ENTER_TEXT"}]}
RESULT: {"script":"<script> [20 bytes]","args":[{"enterText":"999","selector":{"id":"CreateDialog::xRFMxCU_AssetType::ExternalSystem-inner","searchOpenDialogs":true,"interaction":{"idSuffix":"inner"}},"clearTextFirst":true,"interactionType":"ENTER_TEXT"}]}
RESULT: undefined
COMMAND: POST /session/49c63d4f4b5b1e61d8d63a2ca79cbafc/execute/async - {"script":"<script> [21 bytes]","args":[{"element-6066-11e4-a52e-4f735466cecf":"f.52E4F307EFCFBF9BFAD10BC37CD3744F.d.4042963F94D63BC1A7EA6CFCE6D289B7.e.271"},"setValue",["WDIO_Asset_2025-10-08"]]}
COMMAND: POST /session/49c63d4f4b5b1e61d8d63a2ca79cbafc/execute/async - {"script":"<script> [21 bytes]","args":[{"selector":{"id":"CreateDialog::xRFMxCU_AssetType::AssetIdExtern-inner","controlType":"sap.ui.mdc.field.FieldInput","searchOpenDialogs":true},"wdio_ui5_key":"CreateDialogxRFMxCU_AssetType::AssetIdExtern-innersap.ui.mdc.field.FieldInput"}]}
RESULT: {"script":"<script> [21 bytes]","args":[{"selector":{"id":"CreateDialog::xRFMxCU_AssetType::AssetIdExtern-inner","controlType":"sap.ui.mdc.field.FieldInput","searchOpenDialogs":true},"wdio_ui5_key":"CreateDialogxRFMxCU_AssetType::AssetIdExtern-innersap.ui.mdc.field.FieldInput"}]}
COMMAND: POST /session/49c63d4f4b5b1e61d8d63a2ca79cbafc/execute/async - {"script":"<script> [21 bytes]","args":[{"element-6066-11e4-a52e-4f735466cecf":"f.52E4F307EFCFBF9BFAD10BC37CD3744F.d.4042963F94D63BC1A7EA6CFCE6D289B7.e.343"},"setValue",["WDIO_Asset_2025-10-08"]]}
RESULT: {"script":"<script> [21 bytes]","args":[{"element-6066-11e4-a52e-4f735466cecf":"f.52E4F307EFCFBF9BFAD10BC37CD3744F.d.4042963F94D63BC1A7EA6CFCE6D289B7.e.343"},"setValue",["WDIO_Asset_2025-10-08"]]}
RESULT: undefined
COMMAND: POST /session/49c63d4f4b5b1e61d8d63a2ca79cbafc/execute/async - {"script":"<script> [21 bytes]","args":[{"element-6066-11e4-a52e-4f735466cecf":"f.52E4F307EFCFBF9BFAD10BC37CD3744F.d.4042963F94D63BC1A7EA6CFCE6D289B7.e.272"},"setValue",["2025-02-28"]]}
COMMAND: POST /session/49c63d4f4b5b1e61d8d63a2ca79cbafc/execute/async - {"script":"<script> [21 bytes]","args":[{"selector":{"id":"CreateDialog::xRFMxCU_AssetType::InitiationDate-inner","controlType":"sap.m.DatePicker","searchOpenDialogs":true},"wdio_ui5_key":"CreateDialogxRFMxCU_AssetType::InitiationDate-innersap.m.DatePicker"}]}
RESULT: {"script":"<script> [21 bytes]","args":[{"selector":{"id":"CreateDialog::xRFMxCU_AssetType::InitiationDate-inner","controlType":"sap.m.DatePicker","searchOpenDialogs":true},"wdio_ui5_key":"CreateDialogxRFMxCU_AssetType::InitiationDate-innersap.m.DatePicker"}]}
COMMAND: POST /session/49c63d4f4b5b1e61d8d63a2ca79cbafc/execute/async - {"script":"<script> [21 bytes]","args":[{"element-6066-11e4-a52e-4f735466cecf":"f.52E4F307EFCFBF9BFAD10BC37CD3744F.d.4042963F94D63BC1A7EA6CFCE6D289B7.e.344"},"setValue",["2025-02-28"]]}
RESULT: {"script":"<script> [21 bytes]","args":[{"element-6066-11e4-a52e-4f735466cecf":"f.52E4F307EFCFBF9BFAD10BC37CD3744F.d.4042963F94D63BC1A7EA6CFCE6D289B7.e.344"},"setValue",["2025-02-28"]]}
RESULT: undefined
COMMAND: POST /session/49c63d4f4b5b1e61d8d63a2ca79cbafc/execute/async - {"script":"<script> [21 bytes]","args":[{"element-6066-11e4-a52e-4f735466cecf":"f.52E4F307EFCFBF9BFAD10BC37CD3744F.d.4042963F94D63BC1A7EA6CFCE6D289B7.e.273"},"setValue",["2025-04-01"]]}
COMMAND: POST /session/49c63d4f4b5b1e61d8d63a2ca79cbafc/execute/async - {"script":"<script> [21 bytes]","args":[{"selector":{"id":"CreateDialog::xRFMxCU_AssetType::ClosingDate-inner","controlType":"sap.m.DatePicker","searchOpenDialogs":true},"wdio_ui5_key":"CreateDialogxRFMxCU_AssetType::ClosingDate-innersap.m.DatePicker"}]}
RESULT: {"script":"<script> [21 bytes]","args":[{"selector":{"id":"CreateDialog::xRFMxCU_AssetType::ClosingDate-inner","controlType":"sap.m.DatePicker","searchOpenDialogs":true},"wdio_ui5_key":"CreateDialogxRFMxCU_AssetType::ClosingDate-innersap.m.DatePicker"}]}
COMMAND: POST /session/49c63d4f4b5b1e61d8d63a2ca79cbafc/execute/async - {"script":"<script> [21 bytes]","args":[{"element-6066-11e4-a52e-4f735466cecf":"f.52E4F307EFCFBF9BFAD10BC37CD3744F.d.4042963F94D63BC1A7EA6CFCE6D289B7.e.345"},"setValue",["2025-04-01"]]}
RESULT: {"script":"<script> [21 bytes]","args":[{"element-6066-11e4-a52e-4f735466cecf":"f.52E4F307EFCFBF9BFAD10BC37CD3744F.d.4042963F94D63BC1A7EA6CFCE6D289B7.e.345"},"setValue",["2025-04-01"]]}
RESULT: undefined
COMMAND: POST /session/49c63d4f4b5b1e61d8d63a2ca79cbafc/element - {"using":"xpath","value":"//*[@id=\"__button196\"]"}
RESULT: {"using":"xpath","value":"//*[@id=\"__button196\"]"}
COMMAND: POST /session/49c63d4f4b5b1e61d8d63a2ca79cbafc/elements - {"using":"xpath","value":"//*[@id=\"__button196\"]"}
RESULT: {"using":"xpath","value":"//*[@id=\"__button196\"]"}
COMMAND: POST /session/49c63d4f4b5b1e61d8d63a2ca79cbafc/elements - {"using":"xpath","value":"//*[@id=\"__button196\"]"}
RESULT: {"using":"xpath","value":"//*[@id=\"__button196\"]"}
COMMAND: POST /session/49c63d4f4b5b1e61d8d63a2ca79cbafc/elements - {"using":"xpath","value":"//*[@id=\"__button196\"]"}
RESULT: {"using":"xpath","value":"//*[@id=\"__button196\"]"}
COMMAND: POST /session/49c63d4f4b5b1e61d8d63a2ca79cbafc/elements - {"using":"xpath","value":"//*[@id=\"__button196\"]"}
RESULT: {"using":"xpath","value":"//*[@id=\"__button196\"]"}
COMMAND: POST /session/49c63d4f4b5b1e61d8d63a2ca79cbafc/elements - {"using":"xpath","value":"//*[@id=\"__button196\"]"}
RESULT: {"using":"xpath","value":"//*[@id=\"__button196\"]"}
COMMAND: POST /session/49c63d4f4b5b1e61d8d63a2ca79cbafc/elements - {"using":"xpath","value":"//*[@id=\"__button196\"]"}
RESULT: {"using":"xpath","value":"//*[@id=\"__button196\"]"}
COMMAND: POST /session/49c63d4f4b5b1e61d8d63a2ca79cbafc/elements - {"using":"xpath","value":"//*[@id=\"__button196\"]"}
RESULT: {"using":"xpath","value":"//*[@id=\"__button196\"]"}
COMMAND: POST /session/49c63d4f4b5b1e61d8d63a2ca79cbafc/elements - {"using":"xpath","value":"//*[@id=\"__button196\"]"}
RESULT: {"using":"xpath","value":"//*[@id=\"__button196\"]"}
COMMAND: POST /session/49c63d4f4b5b1e61d8d63a2ca79cbafc/elements - {"using":"xpath","value":"//*[@id=\"__button196\"]"}
RESULT: {"using":"xpath","value":"//*[@id=\"__button196\"]"}
COMMAND: POST /session/49c63d4f4b5b1e61d8d63a2ca79cbafc/elements - {"using":"xpath","value":"//*[@id=\"__button196\"]"}
RESULT: {"using":"xpath","value":"//*[@id=\"__button196\"]"}
COMMAND: POST /session/49c63d4f4b5b1e61d8d63a2ca79cbafc/elements - {"using":"xpath","value":"//*[@id=\"__button196\"]"}
RESULT: {"using":"xpath","value":"//*[@id=\"__button196\"]"}
COMMAND: POST /session/49c63d4f4b5b1e61d8d63a2ca79cbafc/elements - {"using":"xpath","value":"//*[@id=\"__button196\"]"}
RESULT: {"using":"xpath","value":"//*[@id=\"__button196\"]"}
COMMAND: POST /session/49c63d4f4b5b1e61d8d63a2ca79cbafc/elements - {"using":"xpath","value":"//*[@id=\"__button196\"]"}
RESULT: {"using":"xpath","value":"//*[@id=\"__button196\"]"}
COMMAND: POST /session/49c63d4f4b5b1e61d8d63a2ca79cbafc/elements - {"using":"xpath","value":"//*[@id=\"__button196\"]"}
RESULT: {"using":"xpath","value":"//*[@id=\"__button196\"]"}
COMMAND: POST /session/49c63d4f4b5b1e61d8d63a2ca79cbafc/elements - {"using":"xpath","value":"//*[@id=\"__button196\"]"}
RESULT: {"using":"xpath","value":"//*[@id=\"__button196\"]"}
COMMAND: POST /session/49c63d4f4b5b1e61d8d63a2ca79cbafc/elements - {"using":"xpath","value":"//*[@id=\"__button196\"]"}
RESULT: {"using":"xpath","value":"//*[@id=\"__button196\"]"}
COMMAND: POST /session/49c63d4f4b5b1e61d8d63a2ca79cbafc/elements - {"using":"xpath","value":"//*[@id=\"__button196\"]"}
RESULT: {"using":"xpath","value":"//*[@id=\"__button196\"]"}
COMMAND: POST /session/49c63d4f4b5b1e61d8d63a2ca79cbafc/elements - {"using":"xpath","value":"//*[@id=\"__button196\"]"}
RESULT: {"using":"xpath","value":"//*[@id=\"__button196\"]"}
COMMAND: POST /session/49c63d4f4b5b1e61d8d63a2ca79cbafc/elements - {"using":"xpath","value":"//*[@id=\"__button196\"]"}
RESULT: {"using":"xpath","value":"//*[@id=\"__button196\"]"}
COMMAND: POST /session/49c63d4f4b5b1e61d8d63a2ca79cbafc/elements - {"using":"xpath","value":"//*[@id=\"__button196\"]"}
RESULT: {"using":"xpath","value":"//*[@id=\"__button196\"]"}
COMMAND: POST /session/49c63d4f4b5b1e61d8d63a2ca79cbafc/elements - {"using":"xpath","value":"//*[@id=\"__button196\"]"}
RESULT: {"using":"xpath","value":"//*[@id=\"__button196\"]"}
COMMAND: POST /session/49c63d4f4b5b1e61d8d63a2ca79cbafc/elements - {"using":"xpath","value":"//*[@id=\"__button196\"]"}
RESULT: {"using":"xpath","value":"//*[@id=\"__button196\"]"}
COMMAND: POST /session/49c63d4f4b5b1e61d8d63a2ca79cbafc/elements - {"using":"xpath","value":"//*[@id=\"__button196\"]"}
RESULT: {"using":"xpath","value":"//*[@id=\"__button196\"]"}
COMMAND: POST /session/49c63d4f4b5b1e61d8d63a2ca79cbafc/elements - {"using":"xpath","value":"//*[@id=\"__button196\"]"}
RESULT: {"using":"xpath","value":"//*[@id=\"__button196\"]"}
COMMAND: POST /session/49c63d4f4b5b1e61d8d63a2ca79cbafc/elements - {"using":"xpath","value":"//*[@id=\"__button196\"]"}
RESULT: {"using":"xpath","value":"//*[@id=\"__button196\"]"}
COMMAND: POST /session/49c63d4f4b5b1e61d8d63a2ca79cbafc/elements - {"using":"xpath","value":"//*[@id=\"__button196\"]"}
RESULT: {"using":"xpath","value":"//*[@id=\"__button196\"]"}
COMMAND: POST /session/49c63d4f4b5b1e61d8d63a2ca79cbafc/elements - {"using":"xpath","value":"//*[@id=\"__button196\"]"}
RESULT: {"using":"xpath","value":"//*[@id=\"__button196\"]"}
COMMAND: POST /session/49c63d4f4b5b1e61d8d63a2ca79cbafc/elements - {"using":"xpath","value":"//*[@id=\"__button196\"]"}
RESULT: {"using":"xpath","value":"//*[@id=\"__button196\"]"}
COMMAND: POST /session/49c63d4f4b5b1e61d8d63a2ca79cbafc/elements - {"using":"xpath","value":"//*[@id=\"__button196\"]"}
RESULT: {"using":"xpath","value":"//*[@id=\"__button196\"]"}
COMMAND: POST /session/49c63d4f4b5b1e61d8d63a2ca79cbafc/elements - {"using":"xpath","value":"//*[@id=\"__button196\"]"}
RESULT: {"using":"xpath","value":"//*[@id=\"__button196\"]"}
COMMAND: POST /session/49c63d4f4b5b1e61d8d63a2ca79cbafc/elements - {"using":"xpath","value":"//*[@id=\"__button196\"]"}
RESULT: {"using":"xpath","value":"//*[@id=\"__button196\"]"}
COMMAND: POST /session/49c63d4f4b5b1e61d8d63a2ca79cbafc/elements - {"using":"xpath","value":"//*[@id=\"__button196\"]"}
RESULT: {"using":"xpath","value":"//*[@id=\"__button196\"]"}
COMMAND: POST /session/49c63d4f4b5b1e61d8d63a2ca79cbafc/elements - {"using":"xpath","value":"//*[@id=\"__button196\"]"}
RESULT: {"using":"xpath","value":"//*[@id=\"__button196\"]"}
COMMAND: POST /session/49c63d4f4b5b1e61d8d63a2ca79cbafc/elements - {"using":"xpath","value":"//*[@id=\"__button196\"]"}
RESULT: {"using":"xpath","value":"//*[@id=\"__button196\"]"}
COMMAND: POST /session/49c63d4f4b5b1e61d8d63a2ca79cbafc/elements - {"using":"xpath","value":"//*[@id=\"__button196\"]"}
RESULT: {"using":"xpath","value":"//*[@id=\"__button196\"]"}
COMMAND: POST /session/49c63d4f4b5b1e61d8d63a2ca79cbafc/elements - {"using":"xpath","value":"//*[@id=\"__button196\"]"}
RESULT: {"using":"xpath","value":"//*[@id=\"__button196\"]"}
COMMAND: POST /session/49c63d4f4b5b1e61d8d63a2ca79cbafc/elements - {"using":"xpath","value":"//*[@id=\"__button196\"]"}
RESULT: {"using":"xpath","value":"//*[@id=\"__button196\"]"}
COMMAND: POST /session/49c63d4f4b5b1e61d8d63a2ca79cbafc/elements - {"using":"xpath","value":"//*[@id=\"__button196\"]"}
RESULT: {"using":"xpath","value":"//*[@id=\"__button196\"]"}
COMMAND: POST /session/49c63d4f4b5b1e61d8d63a2ca79cbafc/elements - {"using":"xpath","value":"//*[@id=\"__button196\"]"}
RESULT: {"using":"xpath","value":"//*[@id=\"__button196\"]"}
COMMAND: POST /session/49c63d4f4b5b1e61d8d63a2ca79cbafc/elements - {"using":"xpath","value":"//*[@id=\"__button196\"]"}
RESULT: {"using":"xpath","value":"//*[@id=\"__button196\"]"}
COMMAND: POST /session/49c63d4f4b5b1e61d8d63a2ca79cbafc/elements - {"using":"xpath","value":"//*[@id=\"__button196\"]"}
RESULT: {"using":"xpath","value":"//*[@id=\"__button196\"]"}
COMMAND: POST /session/49c63d4f4b5b1e61d8d63a2ca79cbafc/elements - {"using":"xpath","value":"//*[@id=\"__button196\"]"}
RESULT: {"using":"xpath","value":"//*[@id=\"__button196\"]"}
COMMAND: POST /session/49c63d4f4b5b1e61d8d63a2ca79cbafc/elements - {"using":"xpath","value":"//*[@id=\"__button196\"]"}
RESULT: {"using":"xpath","value":"//*[@id=\"__button196\"]"}
COMMAND: POST /session/49c63d4f4b5b1e61d8d63a2ca79cbafc/elements - {"using":"xpath","value":"//*[@id=\"__button196\"]"}
RESULT: {"using":"xpath","value":"//*[@id=\"__button196\"]"}
COMMAND: POST /session/49c63d4f4b5b1e61d8d63a2ca79cbafc/elements - {"using":"xpath","value":"//*[@id=\"__button196\"]"}
RESULT: {"using":"xpath","value":"//*[@id=\"__button196\"]"}
COMMAND: POST /session/49c63d4f4b5b1e61d8d63a2ca79cbafc/elements - {"using":"xpath","value":"//*[@id=\"__button196\"]"}
RESULT: {"using":"xpath","value":"//*[@id=\"__button196\"]"}
COMMAND: POST /session/49c63d4f4b5b1e61d8d63a2ca79cbafc/elements - {"using":"xpath","value":"//*[@id=\"__button196\"]"}
RESULT: {"using":"xpath","value":"//*[@id=\"__button196\"]"}
COMMAND: POST /session/49c63d4f4b5b1e61d8d63a2ca79cbafc/elements - {"using":"xpath","value":"//*[@id=\"__button196\"]"}
RESULT: {"using":"xpath","value":"//*[@id=\"__button196\"]"}
COMMAND: POST /session/49c63d4f4b5b1e61d8d63a2ca79cbafc/elements - {"using":"xpath","value":"//*[@id=\"__button196\"]"}
RESULT: {"using":"xpath","value":"//*[@id=\"__button196\"]"}
COMMAND: POST /session/49c63d4f4b5b1e61d8d63a2ca79cbafc/elements - {"using":"xpath","value":"//*[@id=\"__button196\"]"}
RESULT: {"using":"xpath","value":"//*[@id=\"__button196\"]"}
COMMAND: POST /session/49c63d4f4b5b1e61d8d63a2ca79cbafc/elements - {"using":"xpath","value":"//*[@id=\"__button196\"]"}
RESULT: {"using":"xpath","value":"//*[@id=\"__button196\"]"}
COMMAND: POST /session/49c63d4f4b5b1e61d8d63a2ca79cbafc/elements - {"using":"xpath","value":"//*[@id=\"__button196\"]"}
RESULT: {"using":"xpath","value":"//*[@id=\"__button196\"]"}
COMMAND: POST /session/49c63d4f4b5b1e61d8d63a2ca79cbafc/elements - {"using":"xpath","value":"//*[@id=\"__button196\"]"}
RESULT: {"using":"xpath","value":"//*[@id=\"__button196\"]"}
COMMAND: POST /session/49c63d4f4b5b1e61d8d63a2ca79cbafc/elements - {"using":"xpath","value":"//*[@id=\"__button196\"]"}
RESULT: {"using":"xpath","value":"//*[@id=\"__button196\"]"}
COMMAND: POST /session/49c63d4f4b5b1e61d8d63a2ca79cbafc/elements - {"using":"xpath","value":"//*[@id=\"__button196\"]"}
RESULT: {"using":"xpath","value":"//*[@id=\"__button196\"]"}
COMMAND: POST /session/49c63d4f4b5b1e61d8d63a2ca79cbafc/elements - {"using":"xpath","value":"//*[@id=\"__button196\"]"}
RESULT: {"using":"xpath","value":"//*[@id=\"__button196\"]"}
COMMAND: POST /session/49c63d4f4b5b1e61d8d63a2ca79cbafc/elements - {"using":"xpath","value":"//*[@id=\"__button196\"]"}
RESULT: {"using":"xpath","value":"//*[@id=\"__button196\"]"}
COMMAND: POST /session/49c63d4f4b5b1e61d8d63a2ca79cbafc/elements - {"using":"xpath","value":"//*[@id=\"__button196\"]"}
RESULT: {"using":"xpath","value":"//*[@id=\"__button196\"]"}
COMMAND: POST /session/49c63d4f4b5b1e61d8d63a2ca79cbafc/elements - {"using":"xpath","value":"//*[@id=\"__button196\"]"}
RESULT: {"using":"xpath","value":"//*[@id=\"__button196\"]"}
COMMAND: POST /session/49c63d4f4b5b1e61d8d63a2ca79cbafc/elements - {"using":"xpath","value":"//*[@id=\"__button196\"]"}
RESULT: {"using":"xpath","value":"//*[@id=\"__button196\"]"}
COMMAND: POST /session/49c63d4f4b5b1e61d8d63a2ca79cbafc/elements - {"using":"xpath","value":"//*[@id=\"__button196\"]"}
RESULT: {"using":"xpath","value":"//*[@id=\"__button196\"]"}
COMMAND: POST /session/49c63d4f4b5b1e61d8d63a2ca79cbafc/elements - {"using":"xpath","value":"//*[@id=\"__button196\"]"}
RESULT: {"using":"xpath","value":"//*[@id=\"__button196\"]"}
COMMAND: POST /session/49c63d4f4b5b1e61d8d63a2ca79cbafc/elements - {"using":"xpath","value":"//*[@id=\"__button196\"]"}
RESULT: {"using":"xpath","value":"//*[@id=\"__button196\"]"}
COMMAND: POST /session/49c63d4f4b5b1e61d8d63a2ca79cbafc/elements - {"using":"xpath","value":"//*[@id=\"__button196\"]"}
RESULT: {"using":"xpath","value":"//*[@id=\"__button196\"]"}
COMMAND: POST /session/49c63d4f4b5b1e61d8d63a2ca79cbafc/elements - {"using":"xpath","value":"//*[@id=\"__button196\"]"}
RESULT: {"using":"xpath","value":"//*[@id=\"__button196\"]"}
COMMAND: POST /session/49c63d4f4b5b1e61d8d63a2ca79cbafc/elements - {"using":"xpath","value":"//*[@id=\"__button196\"]"}
RESULT: {"using":"xpath","value":"//*[@id=\"__button196\"]"}
COMMAND: POST /session/49c63d4f4b5b1e61d8d63a2ca79cbafc/elements - {"using":"xpath","value":"//*[@id=\"__button196\"]"}
RESULT: {"using":"xpath","value":"//*[@id=\"__button196\"]"}
COMMAND: POST /session/49c63d4f4b5b1e61d8d63a2ca79cbafc/elements - {"using":"xpath","value":"//*[@id=\"__button196\"]"}
RESULT: {"using":"xpath","value":"//*[@id=\"__button196\"]"}
COMMAND: POST /session/49c63d4f4b5b1e61d8d63a2ca79cbafc/elements - {"using":"xpath","value":"//*[@id=\"__button196\"]"}
RESULT: {"using":"xpath","value":"//*[@id=\"__button196\"]"}
COMMAND: POST /session/49c63d4f4b5b1e61d8d63a2ca79cbafc/elements - {"using":"xpath","value":"//*[@id=\"__button196\"]"}
RESULT: {"using":"xpath","value":"//*[@id=\"__button196\"]"}
COMMAND: POST /session/49c63d4f4b5b1e61d8d63a2ca79cbafc/elements - {"using":"xpath","value":"//*[@id=\"__button196\"]"}
RESULT: {"using":"xpath","value":"//*[@id=\"__button196\"]"}
COMMAND: POST /session/49c63d4f4b5b1e61d8d63a2ca79cbafc/elements - {"using":"xpath","value":"//*[@id=\"__button196\"]"}
RESULT: {"using":"xpath","value":"//*[@id=\"__button196\"]"}
COMMAND: POST /session/49c63d4f4b5b1e61d8d63a2ca79cbafc/elements - {"using":"xpath","value":"//*[@id=\"__button196\"]"}
RESULT: {"using":"xpath","value":"//*[@id=\"__button196\"]"}
COMMAND: POST /session/49c63d4f4b5b1e61d8d63a2ca79cbafc/elements - {"using":"xpath","value":"//*[@id=\"__button196\"]"}
RESULT: {"using":"xpath","value":"//*[@id=\"__button196\"]"}
COMMAND: POST /session/49c63d4f4b5b1e61d8d63a2ca79cbafc/elements - {"using":"xpath","value":"//*[@id=\"__button196\"]"}
RESULT: {"using":"xpath","value":"//*[@id=\"__button196\"]"}
COMMAND: POST /session/49c63d4f4b5b1e61d8d63a2ca79cbafc/elements - {"using":"xpath","value":"//*[@id=\"__button196\"]"}
RESULT: {"using":"xpath","value":"//*[@id=\"__button196\"]"}
COMMAND: POST /session/49c63d4f4b5b1e61d8d63a2ca79cbafc/elements - {"using":"xpath","value":"//*[@id=\"__button196\"]"}
RESULT: {"using":"xpath","value":"//*[@id=\"__button196\"]"}
COMMAND: POST /session/49c63d4f4b5b1e61d8d63a2ca79cbafc/elements - {"using":"xpath","value":"//*[@id=\"__button196\"]"}
RESULT: {"using":"xpath","value":"//*[@id=\"__button196\"]"}
COMMAND: POST /session/49c63d4f4b5b1e61d8d63a2ca79cbafc/elements - {"using":"xpath","value":"//*[@id=\"__button196\"]"}
RESULT: {"using":"xpath","value":"//*[@id=\"__button196\"]"}
COMMAND: POST /session/49c63d4f4b5b1e61d8d63a2ca79cbafc/elements - {"using":"xpath","value":"//*[@id=\"__button196\"]"}
RESULT: {"using":"xpath","value":"//*[@id=\"__button196\"]"}
COMMAND: POST /session/49c63d4f4b5b1e61d8d63a2ca79cbafc/elements - {"using":"xpath","value":"//*[@id=\"__button196\"]"}
RESULT: {"using":"xpath","value":"//*[@id=\"__button196\"]"}
COMMAND: POST /session/49c63d4f4b5b1e61d8d63a2ca79cbafc/elements - {"using":"xpath","value":"//*[@id=\"__button196\"]"}
RESULT: {"using":"xpath","value":"//*[@id=\"__button196\"]"}
COMMAND: POST /session/49c63d4f4b5b1e61d8d63a2ca79cbafc/elements - {"using":"xpath","value":"//*[@id=\"__button196\"]"}
RESULT: {"using":"xpath","value":"//*[@id=\"__button196\"]"}
COMMAND: POST /session/49c63d4f4b5b1e61d8d63a2ca79cbafc/elements - {"using":"xpath","value":"//*[@id=\"__button196\"]"}
RESULT: {"using":"xpath","value":"//*[@id=\"__button196\"]"}
COMMAND: POST /session/49c63d4f4b5b1e61d8d63a2ca79cbafc/elements - {"using":"xpath","value":"//*[@id=\"__button196\"]"}
RESULT: {"using":"xpath","value":"//*[@id=\"__button196\"]"}
COMMAND: POST /session/49c63d4f4b5b1e61d8d63a2ca79cbafc/elements - {"using":"xpath","value":"//*[@id=\"__button196\"]"}
RESULT: {"using":"xpath","value":"//*[@id=\"__button196\"]"}
COMMAND: POST /session/49c63d4f4b5b1e61d8d63a2ca79cbafc/elements - {"using":"xpath","value":"//*[@id=\"__button196\"]"}
RESULT: {"using":"xpath","value":"//*[@id=\"__button196\"]"}
COMMAND: POST /session/49c63d4f4b5b1e61d8d63a2ca79cbafc/elements - {"using":"xpath","value":"//*[@id=\"__button196\"]"}
RESULT: {"using":"xpath","value":"//*[@id=\"__button196\"]"}
COMMAND: POST /session/49c63d4f4b5b1e61d8d63a2ca79cbafc/elements - {"using":"xpath","value":"//*[@id=\"__button196\"]"}
RESULT: {"using":"xpath","value":"//*[@id=\"__button196\"]"}
COMMAND: POST /session/49c63d4f4b5b1e61d8d63a2ca79cbafc/elements - {"using":"xpath","value":"//*[@id=\"__button196\"]"}
RESULT: {"using":"xpath","value":"//*[@id=\"__button196\"]"}
COMMAND: POST /session/49c63d4f4b5b1e61d8d63a2ca79cbafc/elements - {"using":"xpath","value":"//*[@id=\"__button196\"]"}
RESULT: {"using":"xpath","value":"//*[@id=\"__button196\"]"}
COMMAND: POST /session/49c63d4f4b5b1e61d8d63a2ca79cbafc/elements - {"using":"xpath","value":"//*[@id=\"__button196\"]"}
RESULT: {"using":"xpath","value":"//*[@id=\"__button196\"]"}
COMMAND: POST /session/49c63d4f4b5b1e61d8d63a2ca79cbafc/elements - {"using":"xpath","value":"//*[@id=\"__button196\"]"}
RESULT: {"using":"xpath","value":"//*[@id=\"__button196\"]"}
COMMAND: POST /session/49c63d4f4b5b1e61d8d63a2ca79cbafc/elements - {"using":"xpath","value":"//*[@id=\"__button196\"]"}
RESULT: {"using":"xpath","value":"//*[@id=\"__button196\"]"}
COMMAND: POST /session/49c63d4f4b5b1e61d8d63a2ca79cbafc/elements - {"using":"xpath","value":"//*[@id=\"__button196\"]"}
RESULT: {"using":"xpath","value":"//*[@id=\"__button196\"]"}
COMMAND: POST /session/49c63d4f4b5b1e61d8d63a2ca79cbafc/elements - {"using":"xpath","value":"//*[@id=\"__button196\"]"}
RESULT: {"using":"xpath","value":"//*[@id=\"__button196\"]"}
COMMAND: POST /session/49c63d4f4b5b1e61d8d63a2ca79cbafc/elements - {"using":"xpath","value":"//*[@id=\"__button196\"]"}
RESULT: {"using":"xpath","value":"//*[@id=\"__button196\"]"}
COMMAND: POST /session/49c63d4f4b5b1e61d8d63a2ca79cbafc/elements - {"using":"xpath","value":"//*[@id=\"__button196\"]"}
RESULT: {"using":"xpath","value":"//*[@id=\"__button196\"]"}
COMMAND: POST /session/49c63d4f4b5b1e61d8d63a2ca79cbafc/elements - {"using":"xpath","value":"//*[@id=\"__button196\"]"}
RESULT: {"using":"xpath","value":"//*[@id=\"__button196\"]"}
COMMAND: POST /session/49c63d4f4b5b1e61d8d63a2ca79cbafc/elements - {"using":"xpath","value":"//*[@id=\"__button196\"]"}
RESULT: {"using":"xpath","value":"//*[@id=\"__button196\"]"}
COMMAND: POST /session/49c63d4f4b5b1e61d8d63a2ca79cbafc/elements - {"using":"xpath","value":"//*[@id=\"__button196\"]"}
RESULT: {"using":"xpath","value":"//*[@id=\"__button196\"]"}
COMMAND: POST /session/49c63d4f4b5b1e61d8d63a2ca79cbafc/elements - {"using":"xpath","value":"//*[@id=\"__button196\"]"}
RESULT: {"using":"xpath","value":"//*[@id=\"__button196\"]"}
COMMAND: POST /session/49c63d4f4b5b1e61d8d63a2ca79cbafc/elements - {"using":"xpath","value":"//*[@id=\"__button196\"]"}
RESULT: {"using":"xpath","value":"//*[@id=\"__button196\"]"}
COMMAND: POST /session/49c63d4f4b5b1e61d8d63a2ca79cbafc/elements - {"using":"xpath","value":"//*[@id=\"__button196\"]"}
RESULT: {"using":"xpath","value":"//*[@id=\"__button196\"]"}
COMMAND: POST /session/49c63d4f4b5b1e61d8d63a2ca79cbafc/elements - {"using":"xpath","value":"//*[@id=\"__button196\"]"}
RESULT: {"using":"xpath","value":"//*[@id=\"__button196\"]"}
COMMAND: POST /session/49c63d4f4b5b1e61d8d63a2ca79cbafc/elements - {"using":"xpath","value":"//*[@id=\"__button196\"]"}
RESULT: {"using":"xpath","value":"//*[@id=\"__button196\"]"}
COMMAND: POST /session/49c63d4f4b5b1e61d8d63a2ca79cbafc/elements - {"using":"xpath","value":"//*[@id=\"__button196\"]"}
RESULT: {"using":"xpath","value":"//*[@id=\"__button196\"]"}
COMMAND: POST /session/49c63d4f4b5b1e61d8d63a2ca79cbafc/elements - {"using":"xpath","value":"//*[@id=\"__button196\"]"}
RESULT: {"using":"xpath","value":"//*[@id=\"__button196\"]"}
COMMAND: POST /session/49c63d4f4b5b1e61d8d63a2ca79cbafc/elements - {"using":"xpath","value":"//*[@id=\"__button196\"]"}
RESULT: {"using":"xpath","value":"//*[@id=\"__button196\"]"}
COMMAND: POST /session/49c63d4f4b5b1e61d8d63a2ca79cbafc/elements - {"using":"xpath","value":"//*[@id=\"__button196\"]"}
RESULT: {"using":"xpath","value":"//*[@id=\"__button196\"]"}
COMMAND: POST /session/49c63d4f4b5b1e61d8d63a2ca79cbafc/elements - {"using":"xpath","value":"//*[@id=\"__button196\"]"}
RESULT: {"using":"xpath","value":"//*[@id=\"__button196\"]"}
COMMAND: POST /session/49c63d4f4b5b1e61d8d63a2ca79cbafc/elements - {"using":"xpath","value":"//*[@id=\"__button196\"]"}
RESULT: {"using":"xpath","value":"//*[@id=\"__button196\"]"}
COMMAND: POST /session/49c63d4f4b5b1e61d8d63a2ca79cbafc/elements - {"using":"xpath","value":"//*[@id=\"__button196\"]"}
RESULT: {"using":"xpath","value":"//*[@id=\"__button196\"]"}
COMMAND: POST /session/49c63d4f4b5b1e61d8d63a2ca79cbafc/elements - {"using":"xpath","value":"//*[@id=\"__button196\"]"}
RESULT: {"using":"xpath","value":"//*[@id=\"__button196\"]"}
COMMAND: POST /session/49c63d4f4b5b1e61d8d63a2ca79cbafc/elements - {"using":"xpath","value":"//*[@id=\"__button196\"]"}
RESULT: {"using":"xpath","value":"//*[@id=\"__button196\"]"}
COMMAND: POST /session/49c63d4f4b5b1e61d8d63a2ca79cbafc/elements - {"using":"xpath","value":"//*[@id=\"__button196\"]"}
RESULT: {"using":"xpath","value":"//*[@id=\"__button196\"]"}
COMMAND: POST /session/49c63d4f4b5b1e61d8d63a2ca79cbafc/elements - {"using":"xpath","value":"//*[@id=\"__button196\"]"}
RESULT: {"using":"xpath","value":"//*[@id=\"__button196\"]"}
COMMAND: POST /session/49c63d4f4b5b1e61d8d63a2ca79cbafc/elements - {"using":"xpath","value":"//*[@id=\"__button196\"]"}
RESULT: {"using":"xpath","value":"//*[@id=\"__button196\"]"}
COMMAND: POST /session/49c63d4f4b5b1e61d8d63a2ca79cbafc/elements - {"using":"xpath","value":"//*[@id=\"__button196\"]"}
RESULT: {"using":"xpath","value":"//*[@id=\"__button196\"]"}
COMMAND: POST /session/49c63d4f4b5b1e61d8d63a2ca79cbafc/elements - {"using":"xpath","value":"//*[@id=\"__button196\"]"}
RESULT: {"using":"xpath","value":"//*[@id=\"__button196\"]"}
COMMAND: POST /session/49c63d4f4b5b1e61d8d63a2ca79cbafc/elements - {"using":"xpath","value":"//*[@id=\"__button196\"]"}
RESULT: undefined
RESULT: undefined
RESULT: undefined
RESULT: undefined
RESULT: {"using":"xpath","value":"//*[@id=\"__button196\"]"}
RESULT: undefined
RESULT: undefined
COMMAND: POST /session/49c63d4f4b5b1e61d8d63a2ca79cbafc/element/f.52E4F307EFCFBF9BFAD10BC37CD3744F.d.4042963F94D63BC1A7EA6CFCE6D289B7.e.293/click - {}
RESULT: undefined
COMMAND: POST /session/49c63d4f4b5b1e61d8d63a2ca79cbafc/execute/async - {"script":"<script> [21 bytes]","args":[{"element-6066-11e4-a52e-4f735466cecf":"f.52E4F307EFCFBF9BFAD10BC37CD3744F.d.4042963F94D63BC1A7EA6CFCE6D289B7.e.336"},"getSrc",[]]}
COMMAND: POST /session/49c63d4f4b5b1e61d8d63a2ca79cbafc/execute/async - {"script":"<script> [21 bytes]","args":[{"selector":{"id":"rfm.assetui::xRFMxCU_AssetObjectPage--fe::FooterBar::MessageButton-img"},"wdio_ui5_key":"rfmassetui::xRFMxCU_AssetObjectPage--fe::FooterBar::MessageButton-img"}]}
RESULT: {"script":"<script> [21 bytes]","args":[{"selector":{"id":"rfm.assetui::xRFMxCU_AssetObjectPage--fe::FooterBar::MessageButton-img"},"wdio_ui5_key":"rfmassetui::xRFMxCU_AssetObjectPage--fe::FooterBar::MessageButton-img"}]}
COMMAND: POST /session/49c63d4f4b5b1e61d8d63a2ca79cbafc/execute/async - {"script":"<script> [21 bytes]","args":[{"selector":{"id":"rfm.assetui::xRFMxCU_AssetObjectPage--fe::FCLStandardAction::Close-img"},"wdio_ui5_key":"rfmassetui::xRFMxCU_AssetObjectPage--fe::FCLStandardAction::Close-img"}]}
RESULT: {"script":"<script> [21 bytes]","args":[{"selector":{"id":"rfm.assetui::xRFMxCU_AssetObjectPage--fe::FCLStandardAction::Close-img"},"wdio_ui5_key":"rfmassetui::xRFMxCU_AssetObjectPage--fe::FCLStandardAction::Close-img"}]}
RESULT: undefined
COMMAND: POST /session/49c63d4f4b5b1e61d8d63a2ca79cbafc/element - {"using":"xpath","value":"//*[@id=\"rfm.assetui::xRFMxCU_AssetObjectPage--fe::FCLStandardAction::Close-img\"]"}
RESULT: {"using":"xpath","value":"//*[@id=\"rfm.assetui::xRFMxCU_AssetObjectPage--fe::FCLStandardAction::Close-img\"]"}
COMMAND: POST /session/49c63d4f4b5b1e61d8d63a2ca79cbafc/element/f.52E4F307EFCFBF9BFAD10BC37CD3744F.d.4042963F94D63BC1A7EA6CFCE6D289B7.e.352/click - {}
COMMAND: GET /session/49c63d4f4b5b1e61d8d63a2ca79cbafc/screenshot - {}
]]></system-out>
    </testcase>
    <testcase classname="chrome.140_0_7339_208.windows.Funding_Asset" name="Should filter created asset" time="13.807">
      <system-out><![CDATA[
RESULT: undefined
COMMAND: POST /session/49c63d4f4b5b1e61d8d63a2ca79cbafc/element - {"using":"xpath","value":"//*[@id=\"__tile51\"]"}
RESULT: {}
RESULT: {"using":"xpath","value":"//*[@id=\"__tile51\"]"}
COMMAND: POST /session/49c63d4f4b5b1e61d8d63a2ca79cbafc/element/f.52E4F307EFCFBF9BFAD10BC37CD3744F.d.4042963F94D63BC1A7EA6CFCE6D289B7.e.338/click - {}
COMMAND: POST /session/49c63d4f4b5b1e61d8d63a2ca79cbafc/execute/async - {"script":"<script> [21 bytes]","args":[{"selector":{"id":"rfm.assetui::xRFMxCU_AssetList--fe::FilterBar::xRFMxCU_Asset::FilterField::AssetIdExtern-inner","interaction":{"idSuffix":"inner"}},"wdio_ui5_key":"rfmassetui::xRFMxCU_AssetList--fe::FilterBar::xRFMxCU_Asset::FilterField::AssetIdExtern-inner"}]}
RESULT: {"script":"<script> [21 bytes]","args":[{"selector":{"id":"rfm.assetui::xRFMxCU_AssetList--fe::FilterBar::xRFMxCU_Asset::FilterField::AssetIdExtern-inner","interaction":{"idSuffix":"inner"}},"wdio_ui5_key":"rfmassetui::xRFMxCU_AssetList--fe::FilterBar::xRFMxCU_Asset::FilterField::AssetIdExtern-inner"}]}
RESULT: undefined
COMMAND: POST /session/49c63d4f4b5b1e61d8d63a2ca79cbafc/execute/async - {"script":"<script> [20 bytes]","args":[{"enterText":"WDIO_Asset_2025-10-08","selector":{"id":"rfm.assetui::xRFMxCU_AssetList--fe::FilterBar::xRFMxCU_Asset::FilterField::AssetIdExtern-inner","interaction":{"idSuffix":"inner"}},"clearTextFirst":true,"interactionType":"ENTER_TEXT"}]}
RESULT: {"script":"<script> [20 bytes]","args":[{"enterText":"WDIO_Asset_2025-10-08","selector":{"id":"rfm.assetui::xRFMxCU_AssetList--fe::FilterBar::xRFMxCU_Asset::FilterField::AssetIdExtern-inner","interaction":{"idSuffix":"inner"}},"clearTextFirst":true,"interactionType":"ENTER_TEXT"}]}
COMMAND: POST /session/49c63d4f4b5b1e61d8d63a2ca79cbafc/execute/async - {"script":"<script> [21 bytes]","args":[{"selector":{"id":"rfm.assetui::xRFMxCU_AssetList--fe::FilterBar::xRFMxCU_Asset-btnSearch","interaction":{"idSuffix":"BDI-content"}},"wdio_ui5_key":"rfmassetui::xRFMxCU_AssetList--fe::FilterBar::xRFMxCU_Asset-btnSearch"}]}
RESULT: {"script":"<script> [21 bytes]","args":[{"selector":{"id":"rfm.assetui::xRFMxCU_AssetList--fe::FilterBar::xRFMxCU_Asset-btnSearch","interaction":{"idSuffix":"BDI-content"}},"wdio_ui5_key":"rfmassetui::xRFMxCU_AssetList--fe::FilterBar::xRFMxCU_Asset-btnSearch"}]}
RESULT: undefined
COMMAND: POST /session/49c63d4f4b5b1e61d8d63a2ca79cbafc/element - {"using":"xpath","value":"//*[@id=\"rfm.assetui::xRFMxCU_AssetList--fe::FilterBar::xRFMxCU_Asset-btnSearch\"]"}
RESULT: {"using":"xpath","value":"//*[@id=\"rfm.assetui::xRFMxCU_AssetList--fe::FilterBar::xRFMxCU_Asset-btnSearch\"]"}
COMMAND: POST /session/49c63d4f4b5b1e61d8d63a2ca79cbafc/element/f.52E4F307EFCFBF9BFAD10BC37CD3744F.d.4042963F94D63BC1A7EA6CFCE6D289B7.e.355/click - {}
COMMAND: POST /session/49c63d4f4b5b1e61d8d63a2ca79cbafc/execute/async - {"script":"<script> [21 bytes]","args":[{"selector":{"controlType":"sap.m.Text","viewName":"sap.fe.templates.ListReport.ListReport","viewId":"rfm.assetui::xRFMxCU_AssetList","bindingPath":{"propertyPath":"AssetIdExtern"}},"wdio_ui5_key":"sapfe.templates.ListReport.ListReportsap.m.Text{\"propertyPath\":\"AssetIdExtern\"}"}]}
RESULT: {"script":"<script> [21 bytes]","args":[{"selector":{"controlType":"sap.m.Text","viewName":"sap.fe.templates.ListReport.ListReport","viewId":"rfm.assetui::xRFMxCU_AssetList","bindingPath":{"propertyPath":"AssetIdExtern"}},"wdio_ui5_key":"sapfe.templates.ListReport.ListReportsap.m.Text{\"propertyPath\":\"AssetIdExtern\"}"}]}
RESULT: undefined
COMMAND: POST /session/49c63d4f4b5b1e61d8d63a2ca79cbafc/execute/async - {"script":"<script> [21 bytes]","args":[{"element-6066-11e4-a52e-4f735466cecf":"f.52E4F307EFCFBF9BFAD10BC37CD3744F.d.4042963F94D63BC1A7EA6CFCE6D289B7.e.356"},"getText",[]]}
RESULT: {"script":"<script> [21 bytes]","args":[{"element-6066-11e4-a52e-4f735466cecf":"f.52E4F307EFCFBF9BFAD10BC37CD3744F.d.4042963F94D63BC1A7EA6CFCE6D289B7.e.356"},"getText",[]]}
COMMAND: GET /session/49c63d4f4b5b1e61d8d63a2ca79cbafc/screenshot - {}
]]></system-out>
    </testcase>
    <testcase classname="chrome.140_0_7339_208.windows.Funding_Asset" name="Should navigate to object page" time="65.613">
      <system-out><![CDATA[
COMMAND: POST /session/49c63d4f4b5b1e61d8d63a2ca79cbafc/execute/async - {"script":"<script> [21 bytes]","args":[{"selector":{"controlType":"sap.ui.core.Icon","viewName":"sap.fe.templates.ListReport.ListReport","viewId":"rfm.assetui::xRFMxCU_AssetList","properties":{"src":{"regex":{"source":"navigation\\-right\\-arrow"}}},"ancestor":{"id":"rfm.assetui::xRFMxCU_AssetList--fe::table::allTab::LineItem-innerTable-rows-row0"}},"wdio_ui5_key":"sapfe.templates.ListReport.ListReportsap.ui.core.Icon{\"src\":{\"regex\":{\"source\":\"navigation\\\\-right\\\\-arrow\"}}}{\"id\":\"rfm.assetui::xRFMxCU_AssetList--fe::table::allTab::LineItem-innerTable-rows-row0\"}"}]}
RESULT: {}
RESULT: {"script":"<script> [21 bytes]","args":[{"selector":{"controlType":"sap.ui.core.Icon","viewName":"sap.fe.templates.ListReport.ListReport","viewId":"rfm.assetui::xRFMxCU_AssetList","properties":{"src":{"regex":{"source":"navigation\\-right\\-arrow"}}},"ancestor":{"id":"rfm.assetui::xRFMxCU_AssetList--fe::table::allTab::LineItem-innerTable-rows-row0"}},"wdio_ui5_key":"sapfe.templates.ListReport.ListReportsap.ui.core.Icon{\"src\":{\"regex\":{\"source\":\"navigation\\\\-right\\\\-arrow\"}}}{\"id\":\"rfm.assetui::xRFMxCU_AssetList--fe::table::allTab::LineItem-innerTable-rows-row0\"}"}]}
RESULT: undefined
COMMAND: POST /session/49c63d4f4b5b1e61d8d63a2ca79cbafc/element - {"using":"xpath","value":"//*[@id=\"__action0-__clone151-icon0\"]"}
RESULT: {"using":"xpath","value":"//*[@id=\"__action0-__clone151-icon0\"]"}
COMMAND: POST /session/49c63d4f4b5b1e61d8d63a2ca79cbafc/element/f.52E4F307EFCFBF9BFAD10BC37CD3744F.d.4042963F94D63BC1A7EA6CFCE6D289B7.e.357/click - {}
COMMAND: POST /session/49c63d4f4b5b1e61d8d63a2ca79cbafc/execute/async - {"script":"<script> [21 bytes]","args":[{"selector":{"id":"rfm.assetui::xRFMxCU_AssetObjectPage--fe::FCLStandardAction::FullScreen","interaction":{"idSuffix":"inner"}},"wdio_ui5_key":"rfmassetui::xRFMxCU_AssetObjectPage--fe::FCLStandardAction::FullScreen"}]}
RESULT: {"script":"<script> [21 bytes]","args":[{"selector":{"id":"rfm.assetui::xRFMxCU_AssetObjectPage--fe::FCLStandardAction::FullScreen","interaction":{"idSuffix":"inner"}},"wdio_ui5_key":"rfmassetui::xRFMxCU_AssetObjectPage--fe::FCLStandardAction::FullScreen"}]}
RESULT: undefined
COMMAND: POST /session/49c63d4f4b5b1e61d8d63a2ca79cbafc/element - {"using":"xpath","value":"//*[@id=\"rfm.assetui::xRFMxCU_AssetObjectPage--fe::FCLStandardAction::FullScreen\"]"}
RESULT: {"using":"xpath","value":"//*[@id=\"rfm.assetui::xRFMxCU_AssetObjectPage--fe::FCLStandardAction::FullScreen\"]"}
COMMAND: POST /session/49c63d4f4b5b1e61d8d63a2ca79cbafc/element/f.52E4F307EFCFBF9BFAD10BC37CD3744F.d.4042963F94D63BC1A7EA6CFCE6D289B7.e.359/click - {}
COMMAND: POST /session/49c63d4f4b5b1e61d8d63a2ca79cbafc/execute/async - {"script":"<script> [21 bytes]","args":[{"selector":{"id":"rfm.assetui::xRFMxCU_AssetObjectPage--fe::ObjectPage-anchBar-rfm.assetui::xRFMxCU_AssetObjectPage--fe::FacetSection::FundingStatus-anchor"},"wdio_ui5_key":"rfmassetui::xRFMxCU_AssetObjectPage--fe::ObjectPage-anchBar-rfm.assetui::xRFMxCU_AssetObjectPage--fe::FacetSection::FundingStatus-anchor"}]}
RESULT: {"script":"<script> [21 bytes]","args":[{"selector":{"id":"rfm.assetui::xRFMxCU_AssetObjectPage--fe::ObjectPage-anchBar-rfm.assetui::xRFMxCU_AssetObjectPage--fe::FacetSection::FundingStatus-anchor"},"wdio_ui5_key":"rfmassetui::xRFMxCU_AssetObjectPage--fe::ObjectPage-anchBar-rfm.assetui::xRFMxCU_AssetObjectPage--fe::FacetSection::FundingStatus-anchor"}]}
RESULT: undefined
COMMAND: POST /session/49c63d4f4b5b1e61d8d63a2ca79cbafc/execute/async - {"script":"<script> [21 bytes]","args":[{"selector":{"id":"rfm.assetui::xRFMxCU_AssetObjectPage--fe::ObjectPage-anchBar-rfm.assetui::xRFMxCU_AssetObjectPage--fe::FacetSection::CashFlow-anchor"},"wdio_ui5_key":"rfmassetui::xRFMxCU_AssetObjectPage--fe::ObjectPage-anchBar-rfm.assetui::xRFMxCU_AssetObjectPage--fe::FacetSection::CashFlow-anchor"}]}
RESULT: {"script":"<script> [21 bytes]","args":[{"selector":{"id":"rfm.assetui::xRFMxCU_AssetObjectPage--fe::ObjectPage-anchBar-rfm.assetui::xRFMxCU_AssetObjectPage--fe::FacetSection::CashFlow-anchor"},"wdio_ui5_key":"rfmassetui::xRFMxCU_AssetObjectPage--fe::ObjectPage-anchBar-rfm.assetui::xRFMxCU_AssetObjectPage--fe::FacetSection::CashFlow-anchor"}]}
RESULT: undefined
COMMAND: POST /session/49c63d4f4b5b1e61d8d63a2ca79cbafc/execute/async - {"script":"<script> [21 bytes]","args":[{"selector":{"id":"rfm.assetui::xRFMxCU_AssetObjectPage--fe::ObjectPage-anchBar-rfm.assetui::xRFMxCU_AssetObjectPage--fe::FacetSection::Object-anchor"},"wdio_ui5_key":"rfmassetui::xRFMxCU_AssetObjectPage--fe::ObjectPage-anchBar-rfm.assetui::xRFMxCU_AssetObjectPage--fe::FacetSection::Object-anchor"}]}
RESULT: {"script":"<script> [21 bytes]","args":[{"selector":{"id":"rfm.assetui::xRFMxCU_AssetObjectPage--fe::ObjectPage-anchBar-rfm.assetui::xRFMxCU_AssetObjectPage--fe::FacetSection::Object-anchor"},"wdio_ui5_key":"rfmassetui::xRFMxCU_AssetObjectPage--fe::ObjectPage-anchBar-rfm.assetui::xRFMxCU_AssetObjectPage--fe::FacetSection::Object-anchor"}]}
RESULT: undefined
COMMAND: POST /session/49c63d4f4b5b1e61d8d63a2ca79cbafc/element - {"using":"xpath","value":"//*[@id=\"rfm.assetui::xRFMxCU_AssetObjectPage--fe::ObjectPage-anchBar-rfm.assetui::xRFMxCU_AssetObjectPage--fe::FacetSection::Object-anchor\"]"}
RESULT: {"using":"xpath","value":"//*[@id=\"rfm.assetui::xRFMxCU_AssetObjectPage--fe::ObjectPage-anchBar-rfm.assetui::xRFMxCU_AssetObjectPage--fe::FacetSection::Object-anchor\"]"}
COMMAND: POST /session/49c63d4f4b5b1e61d8d63a2ca79cbafc/element/f.52E4F307EFCFBF9BFAD10BC37CD3744F.d.4042963F94D63BC1A7EA6CFCE6D289B7.e.360/click - {}
COMMAND: POST /session/49c63d4f4b5b1e61d8d63a2ca79cbafc/execute/async - {"script":"<script> [21 bytes]","args":[{"selector":{"id":"rfm.assetui::xRFMxCU_AssetObjectPage--fe::ObjectPage-anchBar-rfm.assetui::xRFMxCU_AssetObjectPage--fe::FacetSection::Payments-anchor"},"wdio_ui5_key":"rfmassetui::xRFMxCU_AssetObjectPage--fe::ObjectPage-anchBar-rfm.assetui::xRFMxCU_AssetObjectPage--fe::FacetSection::Payments-anchor"}]}
RESULT: {"script":"<script> [21 bytes]","args":[{"selector":{"id":"rfm.assetui::xRFMxCU_AssetObjectPage--fe::ObjectPage-anchBar-rfm.assetui::xRFMxCU_AssetObjectPage--fe::FacetSection::Payments-anchor"},"wdio_ui5_key":"rfmassetui::xRFMxCU_AssetObjectPage--fe::ObjectPage-anchBar-rfm.assetui::xRFMxCU_AssetObjectPage--fe::FacetSection::Payments-anchor"}]}
RESULT: undefined
COMMAND: POST /session/49c63d4f4b5b1e61d8d63a2ca79cbafc/execute/async - {"script":"<script> [21 bytes]","args":[{"selector":{"id":"rfm.assetui::xRFMxCU_AssetObjectPage--fe::ObjectPage-anchBar-rfm.assetui::xRFMxCU_AssetObjectPage--fe::FacetSection::Disturbances-anchor"},"wdio_ui5_key":"rfmassetui::xRFMxCU_AssetObjectPage--fe::ObjectPage-anchBar-rfm.assetui::xRFMxCU_AssetObjectPage--fe::FacetSection::Disturbances-anchor"}]}
RESULT: {"script":"<script> [21 bytes]","args":[{"selector":{"id":"rfm.assetui::xRFMxCU_AssetObjectPage--fe::ObjectPage-anchBar-rfm.assetui::xRFMxCU_AssetObjectPage--fe::FacetSection::Disturbances-anchor"},"wdio_ui5_key":"rfmassetui::xRFMxCU_AssetObjectPage--fe::ObjectPage-anchBar-rfm.assetui::xRFMxCU_AssetObjectPage--fe::FacetSection::Disturbances-anchor"}]}
RESULT: undefined
COMMAND: POST /session/49c63d4f4b5b1e61d8d63a2ca79cbafc/execute/async - {"script":"<script> [21 bytes]","args":[{"selector":{"id":"rfm.assetui::xRFMxCU_AssetObjectPage--fe::ObjectPage-anchBar-rfm.assetui::xRFMxCU_AssetObjectPage--fe::FacetSection::Events-anchor"},"wdio_ui5_key":"rfmassetui::xRFMxCU_AssetObjectPage--fe::ObjectPage-anchBar-rfm.assetui::xRFMxCU_AssetObjectPage--fe::FacetSection::Events-anchor"}]}
RESULT: {"script":"<script> [21 bytes]","args":[{"selector":{"id":"rfm.assetui::xRFMxCU_AssetObjectPage--fe::ObjectPage-anchBar-rfm.assetui::xRFMxCU_AssetObjectPage--fe::FacetSection::Events-anchor"},"wdio_ui5_key":"rfmassetui::xRFMxCU_AssetObjectPage--fe::ObjectPage-anchBar-rfm.assetui::xRFMxCU_AssetObjectPage--fe::FacetSection::Events-anchor"}]}
RESULT: undefined
COMMAND: POST /session/49c63d4f4b5b1e61d8d63a2ca79cbafc/element - {"using":"xpath","value":"//*[@id=\"rfm.assetui::xRFMxCU_AssetObjectPage--fe::ObjectPage-anchBar-rfm.assetui::xRFMxCU_AssetObjectPage--fe::FacetSection::Events-anchor\"]"}
RESULT: {"using":"xpath","value":"//*[@id=\"rfm.assetui::xRFMxCU_AssetObjectPage--fe::ObjectPage-anchBar-rfm.assetui::xRFMxCU_AssetObjectPage--fe::FacetSection::Events-anchor\"]"}
COMMAND: POST /session/49c63d4f4b5b1e61d8d63a2ca79cbafc/element/f.52E4F307EFCFBF9BFAD10BC37CD3744F.d.4042963F94D63BC1A7EA6CFCE6D289B7.e.361/click - {}
COMMAND: POST /session/49c63d4f4b5b1e61d8d63a2ca79cbafc/execute/async - {"script":"<script> [21 bytes]","args":[{"selector":{"id":"rfm.assetui::xRFMxCU_AssetObjectPage--fe::ObjectPage-anchBar-rfm.assetui::xRFMxCU_AssetObjectPage--fe::FacetSection::BusinessOperations-anchor"},"wdio_ui5_key":"rfmassetui::xRFMxCU_AssetObjectPage--fe::ObjectPage-anchBar-rfm.assetui::xRFMxCU_AssetObjectPage--fe::FacetSection::BusinessOperations-anchor"}]}
RESULT: {"script":"<script> [21 bytes]","args":[{"selector":{"id":"rfm.assetui::xRFMxCU_AssetObjectPage--fe::ObjectPage-anchBar-rfm.assetui::xRFMxCU_AssetObjectPage--fe::FacetSection::BusinessOperations-anchor"},"wdio_ui5_key":"rfmassetui::xRFMxCU_AssetObjectPage--fe::ObjectPage-anchBar-rfm.assetui::xRFMxCU_AssetObjectPage--fe::FacetSection::BusinessOperations-anchor"}]}
RESULT: undefined
COMMAND: POST /session/49c63d4f4b5b1e61d8d63a2ca79cbafc/element - {"using":"xpath","value":"//*[@id=\"rfm.assetui::xRFMxCU_AssetObjectPage--fe::ObjectPage-anchBar-rfm.assetui::xRFMxCU_AssetObjectPage--fe::FacetSection::BusinessOperations-anchor\"]"}
RESULT: {"using":"xpath","value":"//*[@id=\"rfm.assetui::xRFMxCU_AssetObjectPage--fe::ObjectPage-anchBar-rfm.assetui::xRFMxCU_AssetObjectPage--fe::FacetSection::BusinessOperations-anchor\"]"}
COMMAND: POST /session/49c63d4f4b5b1e61d8d63a2ca79cbafc/element/f.52E4F307EFCFBF9BFAD10BC37CD3744F.d.4042963F94D63BC1A7EA6CFCE6D289B7.e.362/click - {}
COMMAND: POST /session/49c63d4f4b5b1e61d8d63a2ca79cbafc/execute/async - {"script":"<script> [21 bytes]","args":[{"selector":{"id":"rfm.assetui::xRFMxCU_AssetObjectPage--fe::ObjectPage-anchBar-rfm.assetui::xRFMxCU_AssetObjectPage--fe::FacetSection::Keyfigures-anchor"},"wdio_ui5_key":"rfmassetui::xRFMxCU_AssetObjectPage--fe::ObjectPage-anchBar-rfm.assetui::xRFMxCU_AssetObjectPage--fe::FacetSection::Keyfigures-anchor"}]}
RESULT: {"script":"<script> [21 bytes]","args":[{"selector":{"id":"rfm.assetui::xRFMxCU_AssetObjectPage--fe::ObjectPage-anchBar-rfm.assetui::xRFMxCU_AssetObjectPage--fe::FacetSection::Keyfigures-anchor"},"wdio_ui5_key":"rfmassetui::xRFMxCU_AssetObjectPage--fe::ObjectPage-anchBar-rfm.assetui::xRFMxCU_AssetObjectPage--fe::FacetSection::Keyfigures-anchor"}]}
RESULT: undefined
COMMAND: POST /session/49c63d4f4b5b1e61d8d63a2ca79cbafc/execute/async - {"script":"<script> [21 bytes]","args":[{"selector":{"id":"rfm.assetui::xRFMxCU_AssetObjectPage--fe::ObjectPage-anchBar-rfm.assetui::xRFMxCU_AssetObjectPage--fe::FacetSection::CustomerFields-anchor"},"wdio_ui5_key":"rfmassetui::xRFMxCU_AssetObjectPage--fe::ObjectPage-anchBar-rfm.assetui::xRFMxCU_AssetObjectPage--fe::FacetSection::CustomerFields-anchor"}]}
RESULT: {"script":"<script> [21 bytes]","args":[{"selector":{"id":"rfm.assetui::xRFMxCU_AssetObjectPage--fe::ObjectPage-anchBar-rfm.assetui::xRFMxCU_AssetObjectPage--fe::FacetSection::CustomerFields-anchor"},"wdio_ui5_key":"rfmassetui::xRFMxCU_AssetObjectPage--fe::ObjectPage-anchBar-rfm.assetui::xRFMxCU_AssetObjectPage--fe::FacetSection::CustomerFields-anchor"}]}
RESULT: undefined
COMMAND: POST /session/49c63d4f4b5b1e61d8d63a2ca79cbafc/element - {"using":"xpath","value":"//*[@id=\"rfm.assetui::xRFMxCU_AssetObjectPage--fe::ObjectPage-anchBar-rfm.assetui::xRFMxCU_AssetObjectPage--fe::FacetSection::CustomerFields-anchor\"]"}
RESULT: {"using":"xpath","value":"//*[@id=\"rfm.assetui::xRFMxCU_AssetObjectPage--fe::ObjectPage-anchBar-rfm.assetui::xRFMxCU_AssetObjectPage--fe::FacetSection::CustomerFields-anchor\"]"}
COMMAND: POST /session/49c63d4f4b5b1e61d8d63a2ca79cbafc/element/f.52E4F307EFCFBF9BFAD10BC37CD3744F.d.4042963F94D63BC1A7EA6CFCE6D289B7.e.363/click - {}
COMMAND: POST /session/49c63d4f4b5b1e61d8d63a2ca79cbafc/execute/async - {"script":"<script> [21 bytes]","args":[{"selector":{"id":"rfm.assetui::xRFMxCU_AssetObjectPage--fe::ObjectPage-anchBar-rfm.assetui::xRFMxCU_AssetObjectPage--fe::FacetSection::Details-anchor"},"wdio_ui5_key":"rfmassetui::xRFMxCU_AssetObjectPage--fe::ObjectPage-anchBar-rfm.assetui::xRFMxCU_AssetObjectPage--fe::FacetSection::Details-anchor"}]}
RESULT: {"script":"<script> [21 bytes]","args":[{"selector":{"id":"rfm.assetui::xRFMxCU_AssetObjectPage--fe::ObjectPage-anchBar-rfm.assetui::xRFMxCU_AssetObjectPage--fe::FacetSection::Details-anchor"},"wdio_ui5_key":"rfmassetui::xRFMxCU_AssetObjectPage--fe::ObjectPage-anchBar-rfm.assetui::xRFMxCU_AssetObjectPage--fe::FacetSection::Details-anchor"}]}
RESULT: undefined
COMMAND: POST /session/49c63d4f4b5b1e61d8d63a2ca79cbafc/element - {"using":"xpath","value":"//*[@id=\"rfm.assetui::xRFMxCU_AssetObjectPage--fe::ObjectPage-anchBar-rfm.assetui::xRFMxCU_AssetObjectPage--fe::FacetSection::Details-anchor\"]"}
RESULT: {"using":"xpath","value":"//*[@id=\"rfm.assetui::xRFMxCU_AssetObjectPage--fe::ObjectPage-anchBar-rfm.assetui::xRFMxCU_AssetObjectPage--fe::FacetSection::Details-anchor\"]"}
COMMAND: POST /session/49c63d4f4b5b1e61d8d63a2ca79cbafc/element/f.52E4F307EFCFBF9BFAD10BC37CD3744F.d.4042963F94D63BC1A7EA6CFCE6D289B7.e.364/click - {}
COMMAND: GET /session/49c63d4f4b5b1e61d8d63a2ca79cbafc/screenshot - {}
]]></system-out>
    </testcase>
    <testcase classname="chrome.140_0_7339_208.windows.Funding_Asset" name="Should Edit and create a new Object" time="38.244">
      <system-out><![CDATA[
COMMAND: POST /session/49c63d4f4b5b1e61d8d63a2ca79cbafc/execute/async - {"script":"<script> [21 bytes]","args":[{"selector":{"id":"rfm.assetui::xRFMxCU_AssetObjectPage--fe::StandardAction::Edit","interaction":{"idSuffix":"content"}},"wdio_ui5_key":"rfmassetui::xRFMxCU_AssetObjectPage--fe::StandardAction::Edit"}]}
RESULT: {}
RESULT: {"script":"<script> [21 bytes]","args":[{"selector":{"id":"rfm.assetui::xRFMxCU_AssetObjectPage--fe::StandardAction::Edit","interaction":{"idSuffix":"content"}},"wdio_ui5_key":"rfmassetui::xRFMxCU_AssetObjectPage--fe::StandardAction::Edit"}]}
RESULT: undefined
RESULT: undefined
COMMAND: POST /session/49c63d4f4b5b1e61d8d63a2ca79cbafc/element - {"using":"xpath","value":"//*[@id=\"rfm.assetui::xRFMxCU_AssetObjectPage--fe::ObjectPage-anchBar-rfm.assetui::xRFMxCU_AssetObjectPage--fe::FacetSection::Object-anchor\"]"}
RESULT: {"using":"xpath","value":"//*[@id=\"rfm.assetui::xRFMxCU_AssetObjectPage--fe::ObjectPage-anchBar-rfm.assetui::xRFMxCU_AssetObjectPage--fe::FacetSection::Object-anchor\"]"}
COMMAND: POST /session/49c63d4f4b5b1e61d8d63a2ca79cbafc/element/f.52E4F307EFCFBF9BFAD10BC37CD3744F.d.4042963F94D63BC1A7EA6CFCE6D289B7.e.360/click - {}
COMMAND: POST /session/49c63d4f4b5b1e61d8d63a2ca79cbafc/execute/async - {"script":"<script> [21 bytes]","args":[{"selector":{"id":"rfm.assetui::xRFMxCU_AssetObjectPage--fe::table::_AssetObject::LineItem::StandardAction::Create","interaction":{"idSuffix":"BDI-content"}},"wdio_ui5_key":"rfmassetui::xRFMxCU_AssetObjectPage--fe::table::_AssetObject::LineItem::StandardAction::Create"}]}
RESULT: {"script":"<script> [21 bytes]","args":[{"selector":{"id":"rfm.assetui::xRFMxCU_AssetObjectPage--fe::table::_AssetObject::LineItem::StandardAction::Create","interaction":{"idSuffix":"BDI-content"}},"wdio_ui5_key":"rfmassetui::xRFMxCU_AssetObjectPage--fe::table::_AssetObject::LineItem::StandardAction::Create"}]}
RESULT: undefined
COMMAND: POST /session/49c63d4f4b5b1e61d8d63a2ca79cbafc/execute/async - {"script":"<script> [21 bytes]","args":[{"selector":{"id":"rfm.assetui::xRFMxCU_Asset__AssetObjectObjectPage--fe::FooterBar::StandardAction::Apply","interaction":{"idSuffix":"BDI-content"}},"wdio_ui5_key":"rfmassetui::xRFMxCU_Asset__AssetObjectObjectPage--fe::FooterBar::StandardAction::Apply"}]}
RESULT: {"script":"<script> [21 bytes]","args":[{"selector":{"id":"rfm.assetui::xRFMxCU_Asset__AssetObjectObjectPage--fe::FooterBar::StandardAction::Apply","interaction":{"idSuffix":"BDI-content"}},"wdio_ui5_key":"rfmassetui::xRFMxCU_Asset__AssetObjectObjectPage--fe::FooterBar::StandardAction::Apply"}]}
RESULT: undefined
COMMAND: POST /session/49c63d4f4b5b1e61d8d63a2ca79cbafc/execute/async - {"script":"<script> [21 bytes]","args":[{"selector":{"id":"rfm.assetui::xRFMxCU_AssetObjectPage--fe::FooterBar::_fc"},"wdio_ui5_key":"rfmassetui::xRFMxCU_AssetObjectPage--fe::FooterBar::_fc"}]}
RESULT: {"script":"<script> [21 bytes]","args":[{"selector":{"id":"rfm.assetui::xRFMxCU_AssetObjectPage--fe::FooterBar::_fc"},"wdio_ui5_key":"rfmassetui::xRFMxCU_AssetObjectPage--fe::FooterBar::_fc"}]}
RESULT: undefined
COMMAND: POST /session/49c63d4f4b5b1e61d8d63a2ca79cbafc/element - {"using":"xpath","value":"//*[@id=\"rfm.assetui::xRFMxCU_AssetObjectPage--fe::FooterBar::_fc\"]"}
RESULT: {"using":"xpath","value":"//*[@id=\"rfm.assetui::xRFMxCU_AssetObjectPage--fe::FooterBar::_fc\"]"}
COMMAND: POST /session/49c63d4f4b5b1e61d8d63a2ca79cbafc/element/f.52E4F307EFCFBF9BFAD10BC37CD3744F.d.4042963F94D63BC1A7EA6CFCE6D289B7.e.365/click - {}
COMMAND: POST /session/49c63d4f4b5b1e61d8d63a2ca79cbafc/execute/async - {"script":"<script> [21 bytes]","args":[{"selector":{"id":"rfm.assetui::xRFMxCU_AssetObjectPage--fe::FooterBar::StandardAction::Save","interaction":{"idSuffix":"BDI-content"}},"wdio_ui5_key":"rfmassetui::xRFMxCU_AssetObjectPage--fe::FooterBar::StandardAction::Save"}]}
RESULT: {"script":"<script> [21 bytes]","args":[{"selector":{"id":"rfm.assetui::xRFMxCU_AssetObjectPage--fe::FooterBar::StandardAction::Save","interaction":{"idSuffix":"BDI-content"}},"wdio_ui5_key":"rfmassetui::xRFMxCU_AssetObjectPage--fe::FooterBar::StandardAction::Save"}]}
RESULT: undefined
COMMAND: POST /session/49c63d4f4b5b1e61d8d63a2ca79cbafc/element - {"using":"xpath","value":"//*[@id=\"rfm.assetui::xRFMxCU_AssetObjectPage--fe::FooterBar::StandardAction::Save\"]"}
RESULT: {"using":"xpath","value":"//*[@id=\"rfm.assetui::xRFMxCU_AssetObjectPage--fe::FooterBar::StandardAction::Save\"]"}
COMMAND: POST /session/49c63d4f4b5b1e61d8d63a2ca79cbafc/element/f.52E4F307EFCFBF9BFAD10BC37CD3744F.d.4042963F94D63BC1A7EA6CFCE6D289B7.e.293/click - {}
RESULT: undefined
COMMAND: POST /session/49c63d4f4b5b1e61d8d63a2ca79cbafc/execute/async - {"script":"<script> [21 bytes]","args":[{"element-6066-11e4-a52e-4f735466cecf":"f.52E4F307EFCFBF9BFAD10BC37CD3744F.d.4042963F94D63BC1A7EA6CFCE6D289B7.e.336"},"getSrc",[]]}
COMMAND: POST /session/49c63d4f4b5b1e61d8d63a2ca79cbafc/execute/async - {"script":"<script> [21 bytes]","args":[{"selector":{"id":"rfm.assetui::xRFMxCU_AssetObjectPage--fe::FooterBar::MessageButton-img"},"wdio_ui5_key":"rfmassetui::xRFMxCU_AssetObjectPage--fe::FooterBar::MessageButton-img"}]}
RESULT: {"script":"<script> [21 bytes]","args":[{"selector":{"id":"rfm.assetui::xRFMxCU_AssetObjectPage--fe::FooterBar::MessageButton-img"},"wdio_ui5_key":"rfmassetui::xRFMxCU_AssetObjectPage--fe::FooterBar::MessageButton-img"}]}
COMMAND: GET /session/49c63d4f4b5b1e61d8d63a2ca79cbafc/screenshot - {}
]]></system-out>
    </testcase>
    <testcase classname="chrome.140_0_7339_208.windows.Funding_Asset" name="Should navigate to Funding Debtor and return" time="5.854">
      <skipped/>
      <system-out><![CDATA[
RESULT: undefined
COMMAND: POST /session/49c63d4f4b5b1e61d8d63a2ca79cbafc/element - {"using":"xpath","value":"//*[@id=\"rfm.assetui::xRFMxCU_AssetObjectPage--fe::ObjectPage-anchBar-rfm.assetui::xRFMxCU_AssetObjectPage--fe::FacetSection::Details-anchor\"]"}
RESULT: {"using":"xpath","value":"//*[@id=\"rfm.assetui::xRFMxCU_AssetObjectPage--fe::ObjectPage-anchBar-rfm.assetui::xRFMxCU_AssetObjectPage--fe::FacetSection::Details-anchor\"]"}
COMMAND: POST /session/49c63d4f4b5b1e61d8d63a2ca79cbafc/element/f.52E4F307EFCFBF9BFAD10BC37CD3744F.d.4042963F94D63BC1A7EA6CFCE6D289B7.e.364/click - {}
RESULT: {}
COMMAND: POST /session/49c63d4f4b5b1e61d8d63a2ca79cbafc/execute/async - {"script":"<script> [21 bytes]","args":[{"selector":{"id":"rfm.assetui::xRFMxCU_AssetObjectPage--fe::FormContainer::FieldGroup::detailsFieldsGP1::FormElement::DataFieldWithIntentBasedNavigation::PartnerId::Debtor::Manage::Field-display"},"wdio_ui5_key":"rfmassetui::xRFMxCU_AssetObjectPage--fe::FormContainer::FieldGroup::detailsFieldsGP1::FormElement::DataFieldWithIntentBasedNavigation::PartnerId::Debtor::Manage::Field-display"}]}
RESULT: {"script":"<script> [21 bytes]","args":[{"selector":{"id":"rfm.assetui::xRFMxCU_AssetObjectPage--fe::FormContainer::FieldGroup::detailsFieldsGP1::FormElement::DataFieldWithIntentBasedNavigation::PartnerId::Debtor::Manage::Field-display"},"wdio_ui5_key":"rfmassetui::xRFMxCU_AssetObjectPage--fe::FormContainer::FieldGroup::detailsFieldsGP1::FormElement::DataFieldWithIntentBasedNavigation::PartnerId::Debtor::Manage::Field-display"}]}
RESULT: undefined
COMMAND: GET /session/49c63d4f4b5b1e61d8d63a2ca79cbafc/screenshot - {}
COMMAND: GET /session/49c63d4f4b5b1e61d8d63a2ca79cbafc/screenshot - {}
RESULT: {}
]]></system-out>
      <system-err><![CDATA[
Error: partnerIdBeforeNav is undefined
    at Context.<anonymous> (D:\a\1\s\test\specs\BusinessObjects\FundingAsset.spec.js:342:19)
]]></system-err>
    </testcase>
    <testcase classname="chrome.140_0_7339_208.windows.Funding_Asset" name="Should navigate to Funding Debtor and return" time="5.237">
      <failure/>
      <error message="partnerIdBeforeNav is undefined"/>
      <system-out><![CDATA[
RESULT: undefined
COMMAND: POST /session/49c63d4f4b5b1e61d8d63a2ca79cbafc/element - {"using":"xpath","value":"//*[@id=\"rfm.assetui::xRFMxCU_AssetObjectPage--fe::ObjectPage-anchBar-rfm.assetui::xRFMxCU_AssetObjectPage--fe::FacetSection::Details-anchor\"]"}
RESULT: {}
RESULT: {"using":"xpath","value":"//*[@id=\"rfm.assetui::xRFMxCU_AssetObjectPage--fe::ObjectPage-anchBar-rfm.assetui::xRFMxCU_AssetObjectPage--fe::FacetSection::Details-anchor\"]"}
COMMAND: POST /session/49c63d4f4b5b1e61d8d63a2ca79cbafc/element/f.52E4F307EFCFBF9BFAD10BC37CD3744F.d.4042963F94D63BC1A7EA6CFCE6D289B7.e.364/click - {}
RESULT: undefined
COMMAND: GET /session/49c63d4f4b5b1e61d8d63a2ca79cbafc/screenshot - {}
COMMAND: GET /session/49c63d4f4b5b1e61d8d63a2ca79cbafc/screenshot - {}
RESULT: {}
]]></system-out>
      <system-err><![CDATA[
Error: partnerIdBeforeNav is undefined
    at Context.<anonymous> (D:\a\1\s\test\specs\BusinessObjects\FundingAsset.spec.js:342:19)
]]></system-err>
    </testcase>
    <testcase classname="chrome.140_0_7339_208.windows.Funding_Asset" name="Should create a new CF" time="39.994">
      <skipped/>
      <system-out><![CDATA[
COMMAND: POST /session/49c63d4f4b5b1e61d8d63a2ca79cbafc/execute/async - {"script":"<script> [21 bytes]","args":[{"selector":{"id":"rfm.assetui::xRFMxCU_AssetObjectPage--fe::ObjectPage-anchBar-rfm.assetui::xRFMxCU_AssetObjectPage--fe::FacetSection::CashFlowCollection-anchor","interaction":{"idSuffix":"text"}},"wdio_ui5_key":"rfmassetui::xRFMxCU_AssetObjectPage--fe::ObjectPage-anchBar-rfm.assetui::xRFMxCU_AssetObjectPage--fe::FacetSection::CashFlowCollection-anchor"}]}
COMMAND: GET /session/49c63d4f4b5b1e61d8d63a2ca79cbafc/screenshot - {}
RESULT: {}
RESULT: {"script":"<script> [21 bytes]","args":[{"selector":{"id":"rfm.assetui::xRFMxCU_AssetObjectPage--fe::ObjectPage-anchBar-rfm.assetui::xRFMxCU_AssetObjectPage--fe::FacetSection::CashFlowCollection-anchor","interaction":{"idSuffix":"text"}},"wdio_ui5_key":"rfmassetui::xRFMxCU_AssetObjectPage--fe::ObjectPage-anchBar-rfm.assetui::xRFMxCU_AssetObjectPage--fe::FacetSection::CashFlowCollection-anchor"}]}
RESULT: undefined
COMMAND: POST /session/49c63d4f4b5b1e61d8d63a2ca79cbafc/element - {"using":"xpath","value":"//*[@id=\"rfm.assetui::xRFMxCU_AssetObjectPage--fe::ObjectPage-anchBar-rfm.assetui::xRFMxCU_AssetObjectPage--fe::FacetSection::CashFlowCollection-anchor\"]"}
RESULT: {}
RESULT: {"using":"xpath","value":"//*[@id=\"rfm.assetui::xRFMxCU_AssetObjectPage--fe::ObjectPage-anchBar-rfm.assetui::xRFMxCU_AssetObjectPage--fe::FacetSection::CashFlowCollection-anchor\"]"}
COMMAND: POST /session/49c63d4f4b5b1e61d8d63a2ca79cbafc/element/f.52E4F307EFCFBF9BFAD10BC37CD3744F.d.4042963F94D63BC1A7EA6CFCE6D289B7.e.368/click - {}
RESULT: undefined
COMMAND: POST /session/49c63d4f4b5b1e61d8d63a2ca79cbafc/execute/async - {"script":"<script> [21 bytes]","args":[{"selector":{"id":"rfm.assetui::xRFMxCU_AssetObjectPage--fe::table::_AssetCashflow::LineItem::StandardAction::Create","interaction":{"idSuffix":"BDI-content"}},"wdio_ui5_key":"rfmassetui::xRFMxCU_AssetObjectPage--fe::table::_AssetCashflow::LineItem::StandardAction::Create"}]}
RESULT: {"script":"<script> [21 bytes]","args":[{"selector":{"id":"rfm.assetui::xRFMxCU_AssetObjectPage--fe::table::_AssetCashflow::LineItem::StandardAction::Create","interaction":{"idSuffix":"BDI-content"}},"wdio_ui5_key":"rfmassetui::xRFMxCU_AssetObjectPage--fe::table::_AssetCashflow::LineItem::StandardAction::Create"}]}
RESULT: undefined
COMMAND: POST /session/49c63d4f4b5b1e61d8d63a2ca79cbafc/execute/async - {"script":"<script> [21 bytes]","args":[{"selector":{"id":"CreateDialog::xRFMxCU_AssetCashflowType::CashflowPartType-inner-vhi","searchOpenDialogs":true},"wdio_ui5_key":"CreateDialogxRFMxCU_AssetCashflowType::CashflowPartType-inner-vhi"}]}
RESULT: {"script":"<script> [21 bytes]","args":[{"selector":{"id":"CreateDialog::xRFMxCU_AssetCashflowType::CashflowPartType-inner-vhi","searchOpenDialogs":true},"wdio_ui5_key":"CreateDialogxRFMxCU_AssetCashflowType::CashflowPartType-inner-vhi"}]}
RESULT: undefined
COMMAND: POST /session/49c63d4f4b5b1e61d8d63a2ca79cbafc/execute/async - {"script":"<script> [21 bytes]","args":[{"selector":{"controlType":"sap.fe.macros.controls.FieldWrapper","viewName":"sap.fe.templates.ObjectPage.ObjectPage","viewId":"rfm.assetui::xRFMxCU_Asset__AssetCashflowObjectPage","searchOpenDialogs":true,"descendant":{"controlType":"sap.m.Text","viewName":"sap.fe.templates.ObjectPage.ObjectPage","viewId":"rfm.assetui::xRFMxCU_Asset__AssetCashflowObjectPage","bindingPath":{"path":"/xRFMxCH_AssetCashflowPartType('1')","propertyPath":"CashflowPartType"},"searchOpenDialogs":true}},"wdio_ui5_key":"sapfe.templates.ObjectPage.ObjectPagesap.fe.macros.controls.FieldWrapper{\"controlType\":\"sap.m.Text\",\"viewName\":\"sap.fe.templates.ObjectPage.ObjectPage\",\"viewId\":\"rfm.assetui::xRFMxCU_Asset__AssetCashflowObjectPage\",\"bindingPath\":{\"path\":\"/xRFMxCH_AssetCashflowPartType('1')\",\"propertyPath\":\"CashflowPartType\"},\"searchOpenDialogs\":true}"}]}
RESULT: {"script":"<script> [21 bytes]","args":[{"selector":{"controlType":"sap.fe.macros.controls.FieldWrapper","viewName":"sap.fe.templates.ObjectPage.ObjectPage","viewId":"rfm.assetui::xRFMxCU_Asset__AssetCashflowObjectPage","searchOpenDialogs":true,"descendant":{"controlType":"sap.m.Text","viewName":"sap.fe.templates.ObjectPage.ObjectPage","viewId":"rfm.assetui::xRFMxCU_Asset__AssetCashflowObjectPage","bindingPath":{"path":"/xRFMxCH_AssetCashflowPartType('1')","propertyPath":"CashflowPartType"},"searchOpenDialogs":true}},"wdio_ui5_key":"sapfe.templates.ObjectPage.ObjectPagesap.fe.macros.controls.FieldWrapper{\"controlType\":\"sap.m.Text\",\"viewName\":\"sap.fe.templates.ObjectPage.ObjectPage\",\"viewId\":\"rfm.assetui::xRFMxCU_Asset__AssetCashflowObjectPage\",\"bindingPath\":{\"path\":\"/xRFMxCH_AssetCashflowPartType('1')\",\"propertyPath\":\"CashflowPartType\"},\"searchOpenDialogs\":true}"}]}
RESULT: undefined
COMMAND: POST /session/49c63d4f4b5b1e61d8d63a2ca79cbafc/execute/async - {"script":"<script> [21 bytes]","args":[{"selector":{"id":"CreateDialog::xRFMxCU_AssetCashflowType::DueDate-inner","searchOpenDialogs":true,"interaction":{"idSuffix":"inner"}},"wdio_ui5_key":"CreateDialogxRFMxCU_AssetCashflowType::DueDate-inner"}]}
RESULT: {"script":"<script> [21 bytes]","args":[{"selector":{"id":"CreateDialog::xRFMxCU_AssetCashflowType::DueDate-inner","searchOpenDialogs":true,"interaction":{"idSuffix":"inner"}},"wdio_ui5_key":"CreateDialogxRFMxCU_AssetCashflowType::DueDate-inner"}]}
RESULT: undefined
RESULT: undefined
COMMAND: POST /session/49c63d4f4b5b1e61d8d63a2ca79cbafc/execute/async - {"script":"<script> [21 bytes]","args":[{"element-6066-11e4-a52e-4f735466cecf":"f.52E4F307EFCFBF9BFAD10BC37CD3744F.d.4042963F94D63BC1A7EA6CFCE6D289B7.e.283"},"getProperty",["enabled"]]}
COMMAND: POST /session/49c63d4f4b5b1e61d8d63a2ca79cbafc/execute/async - {"script":"<script> [21 bytes]","args":[{"selector":{"controlType":"sap.m.Button","viewName":"sap.fe.templates.ObjectPage.ObjectPage","viewId":"rfm.assetui::xRFMxCU_AssetObjectPage","properties":{"text":"Continue"},"searchOpenDialogs":true},"wdio_ui5_key":"sapfe.templates.ObjectPage.ObjectPagesap.m.Button{\"text\":\"Continue\"}"}]}
RESULT: {"script":"<script> [21 bytes]","args":[{"selector":{"controlType":"sap.m.Button","viewName":"sap.fe.templates.ObjectPage.ObjectPage","viewId":"rfm.assetui::xRFMxCU_AssetObjectPage","properties":{"text":"Continue"},"searchOpenDialogs":true},"wdio_ui5_key":"sapfe.templates.ObjectPage.ObjectPagesap.m.Button{\"text\":\"Continue\"}"}]}
COMMAND: POST /session/49c63d4f4b5b1e61d8d63a2ca79cbafc/execute/async - {"script":"<script> [21 bytes]","args":[{"element-6066-11e4-a52e-4f735466cecf":"f.52E4F307EFCFBF9BFAD10BC37CD3744F.d.4042963F94D63BC1A7EA6CFCE6D289B7.e.369"},"getProperty",["enabled"]]}
[...]
RESULT: {"script":"<script> [21 bytes]","args":[{"selector":{"controlType":"sap.m.Button","viewName":"sap.fe.templates.ObjectPage.ObjectPage","viewId":"rfm.assetui::xRFMxCU_AssetObjectPage","properties":{"text":"Continue"},"searchOpenDialogs":true},"wdio_ui5_key":"sapfe.templates.ObjectPage.ObjectPagesap.m.Button{\"text\":\"Continue\"}"}]}
COMMAND: POST /session/49c63d4f4b5b1e61d8d63a2ca79cbafc/execute/async - {"script":"<script> [21 bytes]","args":[{"element-6066-11e4-a52e-4f735466cecf":"f.52E4F307EFCFBF9BFAD10BC37CD3744F.d.4042963F94D63BC1A7EA6CFCE6D289B7.e.283"},"getProperty",["enabled"]]}
COMMAND: POST /session/49c63d4f4b5b1e61d8d63a2ca79cbafc/execute/async - {"script":"<script> [21 bytes]","args":[{"selector":{"controlType":"sap.m.Button","viewName":"sap.fe.templates.ObjectPage.ObjectPage","viewId":"rfm.assetui::xRFMxCU_AssetObjectPage","properties":{"text":"Continue"},"searchOpenDialogs":true},"wdio_ui5_key":"sapfe.templates.ObjectPage.ObjectPagesap.m.Button{\"text\":\"Continue\"}"}]}
RESULT: {"script":"<script> [21 bytes]","args":[{"selector":{"controlType":"sap.m.Button","viewName":"sap.fe.templates.ObjectPage.ObjectPage","viewId":"rfm.assetui::xRFMxCU_AssetObjectPage","properties":{"text":"Continue"},"searchOpenDialogs":true},"wdio_ui5_key":"sapfe.templates.ObjectPage.ObjectPagesap.m.Button{\"text\":\"Continue\"}"}]}
COMMAND: POST /session/49c63d4f4b5b1e61d8d63a2ca79cbafc/execute/async - {"script":"<script> [21 bytes]","args":[{"element-6066-11e4-a52e-4f735466cecf":"f.52E4F307EFCFBF9BFAD10BC37CD3744F.d.4042963F94D63BC1A7EA6CFCE6D289B7.e.283"},"getProperty",["enabled"]]}
COMMAND: POST /session/49c63d4f4b5b1e61d8d63a2ca79cbafc/execute/async - {"script":"<script> [21 bytes]","args":[{"selector":{"controlType":"sap.m.Button","viewName":"sap.fe.templates.ObjectPage.ObjectPage","viewId":"rfm.assetui::xRFMxCU_AssetObjectPage","properties":{"text":"Continue"},"searchOpenDialogs":true},"wdio_ui5_key":"sapfe.templates.ObjectPage.ObjectPagesap.m.Button{\"text\":\"Continue\"}"}]}
RESULT: {"script":"<script> [21 bytes]","args":[{"selector":{"controlType":"sap.m.Button","viewName":"sap.fe.templates.ObjectPage.ObjectPage","viewId":"rfm.assetui::xRFMxCU_AssetObjectPage","properties":{"text":"Continue"},"searchOpenDialogs":true},"wdio_ui5_key":"sapfe.templates.ObjectPage.ObjectPagesap.m.Button{\"text\":\"Continue\"}"}]}
COMMAND: POST /session/49c63d4f4b5b1e61d8d63a2ca79cbafc/execute/async - {"script":"<script> [21 bytes]","args":[{"element-6066-11e4-a52e-4f735466cecf":"f.52E4F307EFCFBF9BFAD10BC37CD3744F.d.4042963F94D63BC1A7EA6CFCE6D289B7.e.283"},"getProperty",["enabled"]]}
COMMAND: POST /session/49c63d4f4b5b1e61d8d63a2ca79cbafc/execute/async - {"script":"<script> [21 bytes]","args":[{"selector":{"controlType":"sap.m.Button","viewName":"sap.fe.templates.ObjectPage.ObjectPage","viewId":"rfm.assetui::xRFMxCU_AssetObjectPage","properties":{"text":"Continue"},"searchOpenDialogs":true},"wdio_ui5_key":"sapfe.templates.ObjectPage.ObjectPagesap.m.Button{\"text\":\"Continue\"}"}]}
RESULT: {"script":"<script> [21 bytes]","args":[{"selector":{"controlType":"sap.m.Button","viewName":"sap.fe.templates.ObjectPage.ObjectPage","viewId":"rfm.assetui::xRFMxCU_AssetObjectPage","properties":{"text":"Continue"},"searchOpenDialogs":true},"wdio_ui5_key":"sapfe.templates.ObjectPage.ObjectPagesap.m.Button{\"text\":\"Continue\"}"}]}
COMMAND: POST /session/49c63d4f4b5b1e61d8d63a2ca79cbafc/execute/async - {"script":"<script> [21 bytes]","args":[{"element-6066-11e4-a52e-4f735466cecf":"f.52E4F307EFCFBF9BFAD10BC37CD3744F.d.4042963F94D63BC1A7EA6CFCE6D289B7.e.283"},"getProperty",["enabled"]]}
COMMAND: POST /session/49c63d4f4b5b1e61d8d63a2ca79cbafc/execute/async - {"script":"<script> [21 bytes]","args":[{"selector":{"controlType":"sap.m.Button","viewName":"sap.fe.templates.ObjectPage.ObjectPage","viewId":"rfm.assetui::xRFMxCU_AssetObjectPage","properties":{"text":"Continue"},"searchOpenDialogs":true},"wdio_ui5_key":"sapfe.templates.ObjectPage.ObjectPagesap.m.Button{\"text\":\"Continue\"}"}]}
RESULT: {"script":"<script> [21 bytes]","args":[{"selector":{"controlType":"sap.m.Button","viewName":"sap.fe.templates.ObjectPage.ObjectPage","viewId":"rfm.assetui::xRFMxCU_AssetObjectPage","properties":{"text":"Continue"},"searchOpenDialogs":true},"wdio_ui5_key":"sapfe.templates.ObjectPage.ObjectPagesap.m.Button{\"text\":\"Continue\"}"}]}
COMMAND: POST /session/49c63d4f4b5b1e61d8d63a2ca79cbafc/execute/async - {"script":"<script> [21 bytes]","args":[{"element-6066-11e4-a52e-4f735466cecf":"f.52E4F307EFCFBF9BFAD10BC37CD3744F.d.4042963F94D63BC1A7EA6CFCE6D289B7.e.283"},"getProperty",["enabled"]]}
COMMAND: POST /session/49c63d4f4b5b1e61d8d63a2ca79cbafc/execute/async - {"script":"<script> [21 bytes]","args":[{"selector":{"controlType":"sap.m.Button","viewName":"sap.fe.templates.ObjectPage.ObjectPage","viewId":"rfm.assetui::xRFMxCU_AssetObjectPage","properties":{"text":"Continue"},"searchOpenDialogs":true},"wdio_ui5_key":"sapfe.templates.ObjectPage.ObjectPagesap.m.Button{\"text\":\"Continue\"}"}]}
RESULT: {"script":"<script> [21 bytes]","args":[{"selector":{"controlType":"sap.m.Button","viewName":"sap.fe.templates.ObjectPage.ObjectPage","viewId":"rfm.assetui::xRFMxCU_AssetObjectPage","properties":{"text":"Continue"},"searchOpenDialogs":true},"wdio_ui5_key":"sapfe.templates.ObjectPage.ObjectPagesap.m.Button{\"text\":\"Continue\"}"}]}
COMMAND: POST /session/49c63d4f4b5b1e61d8d63a2ca79cbafc/execute/async - {"script":"<script> [21 bytes]","args":[{"element-6066-11e4-a52e-4f735466cecf":"f.52E4F307EFCFBF9BFAD10BC37CD3744F.d.4042963F94D63BC1A7EA6CFCE6D289B7.e.283"},"getProperty",["enabled"]]}
COMMAND: POST /session/49c63d4f4b5b1e61d8d63a2ca79cbafc/execute/async - {"script":"<script> [21 bytes]","args":[{"selector":{"controlType":"sap.m.Button","viewName":"sap.fe.templates.ObjectPage.ObjectPage","viewId":"rfm.assetui::xRFMxCU_AssetObjectPage","properties":{"text":"Continue"},"searchOpenDialogs":true},"wdio_ui5_key":"sapfe.templates.ObjectPage.ObjectPagesap.m.Button{\"text\":\"Continue\"}"}]}
RESULT: {"script":"<script> [21 bytes]","args":[{"selector":{"controlType":"sap.m.Button","viewName":"sap.fe.templates.ObjectPage.ObjectPage","viewId":"rfm.assetui::xRFMxCU_AssetObjectPage","properties":{"text":"Continue"},"searchOpenDialogs":true},"wdio_ui5_key":"sapfe.templates.ObjectPage.ObjectPagesap.m.Button{\"text\":\"Continue\"}"}]}
COMMAND: POST /session/49c63d4f4b5b1e61d8d63a2ca79cbafc/execute/async - {"script":"<script> [21 bytes]","args":[{"element-6066-11e4-a52e-4f735466cecf":"f.52E4F307EFCFBF9BFAD10BC37CD3744F.d.4042963F94D63BC1A7EA6CFCE6D289B7.e.283"},"getProperty",["enabled"]]}
COMMAND: POST /session/49c63d4f4b5b1e61d8d63a2ca79cbafc/execute/async - {"script":"<script> [21 bytes]","args":[{"selector":{"controlType":"sap.m.Button","viewName":"sap.fe.templates.ObjectPage.ObjectPage","viewId":"rfm.assetui::xRFMxCU_AssetObjectPage","properties":{"text":"Continue"},"searchOpenDialogs":true},"wdio_ui5_key":"sapfe.templates.ObjectPage.ObjectPagesap.m.Button{\"text\":\"Continue\"}"}]}
RESULT: {"script":"<script> [21 bytes]","args":[{"selector":{"controlType":"sap.m.Button","viewName":"sap.fe.templates.ObjectPage.ObjectPage","viewId":"rfm.assetui::xRFMxCU_AssetObjectPage","properties":{"text":"Continue"},"searchOpenDialogs":true},"wdio_ui5_key":"sapfe.templates.ObjectPage.ObjectPagesap.m.Button{\"text\":\"Continue\"}"}]}
COMMAND: POST /session/49c63d4f4b5b1e61d8d63a2ca79cbafc/execute/async - {"script":"<script> [21 bytes]","args":[{"element-6066-11e4-a52e-4f735466cecf":"f.52E4F307EFCFBF9BFAD10BC37CD3744F.d.4042963F94D63BC1A7EA6CFCE6D289B7.e.283"},"getProperty",["enabled"]]}
COMMAND: POST /session/49c63d4f4b5b1e61d8d63a2ca79cbafc/execute/async - {"script":"<script> [21 bytes]","args":[{"selector":{"controlType":"sap.m.Button","viewName":"sap.fe.templates.ObjectPage.ObjectPage","viewId":"rfm.assetui::xRFMxCU_AssetObjectPage","properties":{"text":"Continue"},"searchOpenDialogs":true},"wdio_ui5_key":"sapfe.templates.ObjectPage.ObjectPagesap.m.Button{\"text\":\"Continue\"}"}]}
RESULT: {"script":"<script> [21 bytes]","args":[{"selector":{"controlType":"sap.m.Button","viewName":"sap.fe.templates.ObjectPage.ObjectPage","viewId":"rfm.assetui::xRFMxCU_AssetObjectPage","properties":{"text":"Continue"},"searchOpenDialogs":true},"wdio_ui5_key":"sapfe.templates.ObjectPage.ObjectPagesap.m.Button{\"text\":\"Continue\"}"}]}
COMMAND: POST /session/49c63d4f4b5b1e61d8d63a2ca79cbafc/execute/async - {"script":"<script> [21 bytes]","args":[{"element-6066-11e4-a52e-4f735466cecf":"f.52E4F307EFCFBF9BFAD10BC37CD3744F.d.4042963F94D63BC1A7EA6CFCE6D289B7.e.283"},"getProperty",["enabled"]]}
COMMAND: POST /session/49c63d4f4b5b1e61d8d63a2ca79cbafc/execute/async - {"script":"<script> [21 bytes]","args":[{"selector":{"controlType":"sap.m.Button","viewName":"sap.fe.templates.ObjectPage.ObjectPage","viewId":"rfm.assetui::xRFMxCU_AssetObjectPage","properties":{"text":"Continue"},"searchOpenDialogs":true},"wdio_ui5_key":"sapfe.templates.ObjectPage.ObjectPagesap.m.Button{\"text\":\"Continue\"}"}]}
RESULT: {"script":"<script> [21 bytes]","args":[{"selector":{"controlType":"sap.m.Button","viewName":"sap.fe.templates.ObjectPage.ObjectPage","viewId":"rfm.assetui::xRFMxCU_AssetObjectPage","properties":{"text":"Continue"},"searchOpenDialogs":true},"wdio_ui5_key":"sapfe.templates.ObjectPage.ObjectPagesap.m.Button{\"text\":\"Continue\"}"}]}
COMMAND: POST /session/49c63d4f4b5b1e61d8d63a2ca79cbafc/execute/async - {"script":"<script> [21 bytes]","args":[{"element-6066-11e4-a52e-4f735466cecf":"f.52E4F307EFCFBF9BFAD10BC37CD3744F.d.4042963F94D63BC1A7EA6CFCE6D289B7.e.283"},"getProperty",["enabled"]]}
COMMAND: POST /session/49c63d4f4b5b1e61d8d63a2ca79cbafc/execute/async - {"script":"<script> [21 bytes]","args":[{"selector":{"controlType":"sap.m.Button","viewName":"sap.fe.templates.ObjectPage.ObjectPage","viewId":"rfm.assetui::xRFMxCU_AssetObjectPage","properties":{"text":"Continue"},"searchOpenDialogs":true},"wdio_ui5_key":"sapfe.templates.ObjectPage.ObjectPagesap.m.Button{\"text\":\"Continue\"}"}]}
RESULT: {"script":"<script> [21 bytes]","args":[{"selector":{"controlType":"sap.m.Button","viewName":"sap.fe.templates.ObjectPage.ObjectPage","viewId":"rfm.assetui::xRFMxCU_AssetObjectPage","properties":{"text":"Continue"},"searchOpenDialogs":true},"wdio_ui5_key":"sapfe.templates.ObjectPage.ObjectPagesap.m.Button{\"text\":\"Continue\"}"}]}
COMMAND: POST /session/49c63d4f4b5b1e61d8d63a2ca79cbafc/execute/async - {"script":"<script> [21 bytes]","args":[{"element-6066-11e4-a52e-4f735466cecf":"f.52E4F307EFCFBF9BFAD10BC37CD3744F.d.4042963F94D63BC1A7EA6CFCE6D289B7.e.283"},"getProperty",["enabled"]]}
COMMAND: POST /session/49c63d4f4b5b1e61d8d63a2ca79cbafc/execute/async - {"script":"<script> [21 bytes]","args":[{"selector":{"controlType":"sap.m.Button","viewName":"sap.fe.templates.ObjectPage.ObjectPage","viewId":"rfm.assetui::xRFMxCU_AssetObjectPage","properties":{"text":"Continue"},"searchOpenDialogs":true},"wdio_ui5_key":"sapfe.templates.ObjectPage.ObjectPagesap.m.Button{\"text\":\"Continue\"}"}]}
RESULT: {"script":"<script> [21 bytes]","args":[{"selector":{"controlType":"sap.m.Button","viewName":"sap.fe.templates.ObjectPage.ObjectPage","viewId":"rfm.assetui::xRFMxCU_AssetObjectPage","properties":{"text":"Continue"},"searchOpenDialogs":true},"wdio_ui5_key":"sapfe.templates.ObjectPage.ObjectPagesap.m.Button{\"text\":\"Continue\"}"}]}
COMMAND: POST /session/49c63d4f4b5b1e61d8d63a2ca79cbafc/execute/async - {"script":"<script> [21 bytes]","args":[{"element-6066-11e4-a52e-4f735466cecf":"f.52E4F307EFCFBF9BFAD10BC37CD3744F.d.4042963F94D63BC1A7EA6CFCE6D289B7.e.283"},"getProperty",["enabled"]]}
COMMAND: POST /session/49c63d4f4b5b1e61d8d63a2ca79cbafc/execute/async - {"script":"<script> [21 bytes]","args":[{"selector":{"controlType":"sap.m.Button","viewName":"sap.fe.templates.ObjectPage.ObjectPage","viewId":"rfm.assetui::xRFMxCU_AssetObjectPage","properties":{"text":"Continue"},"searchOpenDialogs":true},"wdio_ui5_key":"sapfe.templates.ObjectPage.ObjectPagesap.m.Button{\"text\":\"Continue\"}"}]}
RESULT: {"script":"<script> [21 bytes]","args":[{"selector":{"controlType":"sap.m.Button","viewName":"sap.fe.templates.ObjectPage.ObjectPage","viewId":"rfm.assetui::xRFMxCU_AssetObjectPage","properties":{"text":"Continue"},"searchOpenDialogs":true},"wdio_ui5_key":"sapfe.templates.ObjectPage.ObjectPagesap.m.Button{\"text\":\"Continue\"}"}]}
COMMAND: POST /session/49c63d4f4b5b1e61d8d63a2ca79cbafc/execute/async - {"script":"<script> [21 bytes]","args":[{"element-6066-11e4-a52e-4f735466cecf":"f.52E4F307EFCFBF9BFAD10BC37CD3744F.d.4042963F94D63BC1A7EA6CFCE6D289B7.e.283"},"getProperty",["enabled"]]}
COMMAND: POST /session/49c63d4f4b5b1e61d8d63a2ca79cbafc/execute/async - {"script":"<script> [21 bytes]","args":[{"selector":{"controlType":"sap.m.Button","viewName":"sap.fe.templates.ObjectPage.ObjectPage","viewId":"rfm.assetui::xRFMxCU_AssetObjectPage","properties":{"text":"Continue"},"searchOpenDialogs":true},"wdio_ui5_key":"sapfe.templates.ObjectPage.ObjectPagesap.m.Button{\"text\":\"Continue\"}"}]}
RESULT: {"script":"<script> [21 bytes]","args":[{"selector":{"controlType":"sap.m.Button","viewName":"sap.fe.templates.ObjectPage.ObjectPage","viewId":"rfm.assetui::xRFMxCU_AssetObjectPage","properties":{"text":"Continue"},"searchOpenDialogs":true},"wdio_ui5_key":"sapfe.templates.ObjectPage.ObjectPagesap.m.Button{\"text\":\"Continue\"}"}]}
COMMAND: GET /session/49c63d4f4b5b1e61d8d63a2ca79cbafc/screenshot - {}
COMMAND: GET /session/49c63d4f4b5b1e61d8d63a2ca79cbafc/screenshot - {}
RESULT: {}
RESULT: {}
COMMAND: GET /session/49c63d4f4b5b1e61d8d63a2ca79cbafc/screenshot - {}
]]></system-out>
      <system-err><![CDATA[
Error: 'Continue' was not enabled after 10 seconds
    at async Context.<anonymous> (D:\a\1\s\test\specs\BusinessObjects\FundingAsset.spec.js:482:9)
]]></system-err>
    </testcase>
    <testcase classname="chrome.140_0_7339_208.windows.Funding_Asset" name="Should navigate to Asset and delete" time="15.155">
      <skipped/>
      <system-out><![CDATA[
COMMAND: POST /session/49c63d4f4b5b1e61d8d63a2ca79cbafc/execute/async - {"script":"<script> [21 bytes]","args":[{"selector":{"id":"rfm.assetui::xRFMxCU_AssetObjectPage--fe::StandardAction::Delete","interaction":{"idSuffix":"BDI-content"}},"wdio_ui5_key":"rfmassetui::xRFMxCU_AssetObjectPage--fe::StandardAction::Delete"}]}
RESULT: {}
RESULT: {"script":"<script> [21 bytes]","args":[{"selector":{"id":"rfm.assetui::xRFMxCU_AssetObjectPage--fe::StandardAction::Delete","interaction":{"idSuffix":"BDI-content"}},"wdio_ui5_key":"rfmassetui::xRFMxCU_AssetObjectPage--fe::StandardAction::Delete"}]}
RESULT: undefined
COMMAND: POST /session/49c63d4f4b5b1e61d8d63a2ca79cbafc/execute/async - {"script":"<script> [21 bytes]","args":[{"selector":{"controlType":"sap.m.Button","properties":{"text":"Delete"},"searchOpenDialogs":true,"interaction":{"idSuffix":"BDI-content"}},"wdio_ui5_key":"sapm.Button{\"text\":\"Delete\"}"}]}
RESULT: {"script":"<script> [21 bytes]","args":[{"selector":{"controlType":"sap.m.Button","properties":{"text":"Delete"},"searchOpenDialogs":true,"interaction":{"idSuffix":"BDI-content"}},"wdio_ui5_key":"sapm.Button{\"text\":\"Delete\"}"}]}
RESULT: undefined
RESULT: undefined
COMMAND: POST /session/49c63d4f4b5b1e61d8d63a2ca79cbafc/execute/async - {"script":"<script> [20 bytes]","args":[{"enterText":"WDIO_Asset_2025-10-08","selector":{"id":"rfm.assetui::xRFMxCU_AssetList--fe::FilterBar::xRFMxCU_Asset::FilterField::AssetIdExtern-inner","interaction":{"idSuffix":"inner"}},"clearTextFirst":true,"interactionType":"ENTER_TEXT"}]}
RESULT: {"script":"<script> [20 bytes]","args":[{"enterText":"WDIO_Asset_2025-10-08","selector":{"id":"rfm.assetui::xRFMxCU_AssetList--fe::FilterBar::xRFMxCU_Asset::FilterField::AssetIdExtern-inner","interaction":{"idSuffix":"inner"}},"clearTextFirst":true,"interactionType":"ENTER_TEXT"}]}
RESULT: undefined
COMMAND: POST /session/49c63d4f4b5b1e61d8d63a2ca79cbafc/element - {"using":"xpath","value":"//*[@id=\"rfm.assetui::xRFMxCU_AssetList--fe::FilterBar::xRFMxCU_Asset-btnSearch\"]"}
RESULT: {"using":"xpath","value":"//*[@id=\"rfm.assetui::xRFMxCU_AssetList--fe::FilterBar::xRFMxCU_Asset-btnSearch\"]"}
COMMAND: POST /session/49c63d4f4b5b1e61d8d63a2ca79cbafc/element/f.52E4F307EFCFBF9BFAD10BC37CD3744F.d.4042963F94D63BC1A7EA6CFCE6D289B7.e.355/click - {}
RESULT: {}
COMMAND: GET /session/49c63d4f4b5b1e61d8d63a2ca79cbafc/screenshot - {}
RESULT: {}
COMMAND: POST /session/49c63d4f4b5b1e61d8d63a2ca79cbafc/execute/async - {"script":"<script> [21 bytes]","args":[{"selector":{"controlType":"sap.m.Title","viewName":"sap.fe.templates.ListReport.ListReport","viewId":"rfm.assetui::xRFMxCU_AssetList","properties":{"text":"No data found"}},"wdio_ui5_key":"sapfe.templates.ListReport.ListReportsap.m.Title{\"text\":\"No data found\"}"}]}
RESULT: {"script":"<script> [21 bytes]","args":[{"selector":{"controlType":"sap.m.Title","viewName":"sap.fe.templates.ListReport.ListReport","viewId":"rfm.assetui::xRFMxCU_AssetList","properties":{"text":"No data found"}},"wdio_ui5_key":"sapfe.templates.ListReport.ListReportsap.m.Title{\"text\":\"No data found\"}"}]}
RESULT: undefined
COMMAND: GET /session/49c63d4f4b5b1e61d8d63a2ca79cbafc/screenshot - {}
COMMAND: GET /session/49c63d4f4b5b1e61d8d63a2ca79cbafc/screenshot - {}
RESULT: {}
RESULT: {}
]]></system-out>
      <system-err><![CDATA[
Error: expect(received).toEqual(expected) // deep equality

Expected: "No data found"
Received: undefined
    at Context.<anonymous> (D:\a\1\s\test\specs\BusinessObjects\FundingAsset.spec.js:634:22)
]]></system-err>
    </testcase>
    <testcase classname="chrome.140_0_7339_208.windows.Funding_Asset" name="Should navigate to Asset and delete" time="11.911">
      <failure/>
      <error message="expect(received).toEqual(expected) // deep equality&#xA;&#xA;Expected: &quot;No data found&quot;&#xA;Received: undefined"/>
      <system-out><![CDATA[
RESULT: undefined
RESULT: undefined
RESULT: undefined
COMMAND: POST /session/49c63d4f4b5b1e61d8d63a2ca79cbafc/execute/async - {"script":"<script> [20 bytes]","args":[{"enterText":"WDIO_Asset_2025-10-08","selector":{"id":"rfm.assetui::xRFMxCU_AssetList--fe::FilterBar::xRFMxCU_Asset::FilterField::AssetIdExtern-inner","interaction":{"idSuffix":"inner"}},"clearTextFirst":true,"interactionType":"ENTER_TEXT"}]}
RESULT: {"script":"<script> [20 bytes]","args":[{"enterText":"WDIO_Asset_2025-10-08","selector":{"id":"rfm.assetui::xRFMxCU_AssetList--fe::FilterBar::xRFMxCU_Asset::FilterField::AssetIdExtern-inner","interaction":{"idSuffix":"inner"}},"clearTextFirst":true,"interactionType":"ENTER_TEXT"}]}
RESULT: undefined
COMMAND: POST /session/49c63d4f4b5b1e61d8d63a2ca79cbafc/element - {"using":"xpath","value":"//*[@id=\"rfm.assetui::xRFMxCU_AssetList--fe::FilterBar::xRFMxCU_Asset-btnSearch\"]"}
RESULT: {"using":"xpath","value":"//*[@id=\"rfm.assetui::xRFMxCU_AssetList--fe::FilterBar::xRFMxCU_Asset-btnSearch\"]"}
COMMAND: POST /session/49c63d4f4b5b1e61d8d63a2ca79cbafc/element/f.52E4F307EFCFBF9BFAD10BC37CD3744F.d.4042963F94D63BC1A7EA6CFCE6D289B7.e.355/click - {}
RESULT: {}
COMMAND: GET /session/49c63d4f4b5b1e61d8d63a2ca79cbafc/screenshot - {}
RESULT: {}
RESULT: undefined
COMMAND: GET /session/49c63d4f4b5b1e61d8d63a2ca79cbafc/screenshot - {}
COMMAND: GET /session/49c63d4f4b5b1e61d8d63a2ca79cbafc/screenshot - {}
RESULT: {}
RESULT: {}
COMMAND: GET /session/49c63d4f4b5b1e61d8d63a2ca79cbafc/screenshot - {}
COMMAND: DELETE /session/49c63d4f4b5b1e61d8d63a2ca79cbafc - {}
COMMAND: GET /session/49c63d4f4b5b1e61d8d63a2ca79cbafc/screenshot - {}
RESULT: {}
RESULT: {}
RESULT: {}
]]></system-out>
      <system-err><![CDATA[
Error: expect(received).toEqual(expected) // deep equality

Expected: "No data found"
Received: undefined
    at Context.<anonymous> (D:\a\1\s\test\specs\BusinessObjects\FundingAsset.spec.js:634:22)
]]></system-err>
    </testcase>
  </testsuite>
</testsuites>