<?xml version="1.0" encoding="UTF-8"?>
<testsuites tests="21" failures="9" errors="9" skipped="9">
  <testsuite timestamp="2025-10-06T22:59:13" time="358.056" tests="21" failures="9" errors="9" skipped="9">
    <properties>
      <property name="specId" value="0"/>
      <property name="suiteName" value="Buyback"/>
      <property name="capabilities" value="chrome.140_0_7339_208.windows"/>
      <property name="file" value="file:///D:/a/1/s/test/specs/BusinessOperations/Buyback.spec.js"/>
    </properties>
    <testcase classname="chrome.140_0_7339_208.windows.Buyback" name="Should create Program" time="87.041">
      <system-out><![CDATA[
COMMAND: POST /session/f818e61000bfc2d0525d87f237023649/execute/async - {"script":"<script> [21 bytes]","args":[{"selector":{"controlType":"sap.m.GenericTile","properties":{"header":"Funding Program"}},"wdio_ui5_key":"sapm.GenericTile{\"header\":\"Funding Program\"}"}]}
RESULT: {"script":"<script> [21 bytes]","args":[{"selector":{"controlType":"sap.m.GenericTile","properties":{"header":"Funding Program"}},"wdio_ui5_key":"sapm.GenericTile{\"header\":\"Funding Program\"}"}]}
RESULT: undefined
COMMAND: POST /session/f818e61000bfc2d0525d87f237023649/element - {"using":"xpath","value":"//*[@id=\"__tile29\"]"}
RESULT: {"using":"xpath","value":"//*[@id=\"__tile29\"]"}
COMMAND: POST /session/f818e61000bfc2d0525d87f237023649/element/f.298AD00F3FAAC781F6041BD268089D61.d.5E8E7744A73086558D4931E1B5EF888A.e.70/click - {}
RESULT: {}
COMMAND: POST /session/f818e61000bfc2d0525d87f237023649/execute/async - {"script":"<script> [21 bytes]","args":[{"selector":{"id":"rfm.programui::xRFMxCU_ProgramList--fe::table::allTab::LineItem::StandardAction::Create","controlType":"sap.m.Button"},"wdio_ui5_key":"rfmprogramui::xRFMxCU_ProgramList--fe::table::allTab::LineItem::StandardAction::Createsap.m.Button"}]}
COMMAND: GET /session/f818e61000bfc2d0525d87f237023649/screenshot - {}
RESULT: {"script":"<script> [21 bytes]","args":[{"selector":{"id":"rfm.programui::xRFMxCU_ProgramList--fe::table::allTab::LineItem::StandardAction::Create","controlType":"sap.m.Button"},"wdio_ui5_key":"rfmprogramui::xRFMxCU_ProgramList--fe::table::allTab::LineItem::StandardAction::Createsap.m.Button"}]}
RESULT: undefined
COMMAND: POST /session/f818e61000bfc2d0525d87f237023649/element - {"using":"xpath","value":"//*[@id=\"rfm.programui::xRFMxCU_ProgramList--fe::table::allTab::LineItem::StandardAction::Create\"]"}
RESULT: {}
RESULT: {"using":"xpath","value":"//*[@id=\"rfm.programui::xRFMxCU_ProgramList--fe::table::allTab::LineItem::StandardAction::Create\"]"}
COMMAND: POST /session/f818e61000bfc2d0525d87f237023649/element/f.298AD00F3FAAC781F6041BD268089D61.d.5E8E7744A73086558D4931E1B5EF888A.e.197/click - {}
RESULT: {}
COMMAND: GET /session/f818e61000bfc2d0525d87f237023649/screenshot - {}
RESULT: {}
COMMAND: POST /session/f818e61000bfc2d0525d87f237023649/execute/async - {"script":"<script> [21 bytes]","args":[{"selector":{"id":"CreateDialog::xRFMxCU_ProgramType::FundingScope-inner","searchOpenDialogs":true,"interaction":{"idSuffix":"inner"}},"wdio_ui5_key":"CreateDialogxRFMxCU_ProgramType::FundingScope-inner"}]}
RESULT: {"script":"<script> [21 bytes]","args":[{"selector":{"id":"CreateDialog::xRFMxCU_ProgramType::FundingScope-inner","searchOpenDialogs":true,"interaction":{"idSuffix":"inner"}},"wdio_ui5_key":"CreateDialogxRFMxCU_ProgramType::FundingScope-inner"}]}
RESULT: undefined
COMMAND: POST /session/f818e61000bfc2d0525d87f237023649/execute/async - {"script":"<script> [20 bytes]","args":[{"enterText":"Total","selector":{"id":"CreateDialog::xRFMxCU_ProgramType::FundingScope-inner","searchOpenDialogs":true,"interaction":{"idSuffix":"inner"}},"clearTextFirst":true,"interactionType":"ENTER_TEXT"}]}
RESULT: {"script":"<script> [20 bytes]","args":[{"enterText":"Total","selector":{"id":"CreateDialog::xRFMxCU_ProgramType::FundingScope-inner","searchOpenDialogs":true,"interaction":{"idSuffix":"inner"}},"clearTextFirst":true,"interactionType":"ENTER_TEXT"}]}
COMMAND: POST /session/f818e61000bfc2d0525d87f237023649/execute/async - {"script":"<script> [21 bytes]","args":[{"selector":{"id":"CreateDialog::xRFMxCU_ProgramType::ValidFrom-inner","searchOpenDialogs":true,"interaction":{"idSuffix":"inner"}},"wdio_ui5_key":"CreateDialogxRFMxCU_ProgramType::ValidFrom-inner"}]}
RESULT: {"script":"<script> [21 bytes]","args":[{"selector":{"id":"CreateDialog::xRFMxCU_ProgramType::ValidFrom-inner","searchOpenDialogs":true,"interaction":{"idSuffix":"inner"}},"wdio_ui5_key":"CreateDialogxRFMxCU_ProgramType::ValidFrom-inner"}]}
RESULT: undefined
COMMAND: POST /session/f818e61000bfc2d0525d87f237023649/execute/async - {"script":"<script> [20 bytes]","args":[{"enterText":"2025-01-01","selector":{"id":"CreateDialog::xRFMxCU_ProgramType::ValidFrom-inner","searchOpenDialogs":true,"interaction":{"idSuffix":"inner"}},"clearTextFirst":true,"interactionType":"ENTER_TEXT"}]}
RESULT: {"script":"<script> [20 bytes]","args":[{"enterText":"2025-01-01","selector":{"id":"CreateDialog::xRFMxCU_ProgramType::ValidFrom-inner","searchOpenDialogs":true,"interaction":{"idSuffix":"inner"}},"clearTextFirst":true,"interactionType":"ENTER_TEXT"}]}
COMMAND: POST /session/f818e61000bfc2d0525d87f237023649/execute/async - {"script":"<script> [21 bytes]","args":[{"selector":{"id":"CreateDialog::xRFMxCU_ProgramType::PortfolioId-inner","searchOpenDialogs":true,"interaction":{"idSuffix":"inner"}},"wdio_ui5_key":"CreateDialogxRFMxCU_ProgramType::PortfolioId-inner"}]}
RESULT: {"script":"<script> [21 bytes]","args":[{"selector":{"id":"CreateDialog::xRFMxCU_ProgramType::PortfolioId-inner","searchOpenDialogs":true,"interaction":{"idSuffix":"inner"}},"wdio_ui5_key":"CreateDialogxRFMxCU_ProgramType::PortfolioId-inner"}]}
RESULT: undefined
COMMAND: POST /session/f818e61000bfc2d0525d87f237023649/execute/async - {"script":"<script> [20 bytes]","args":[{"enterText":"1","selector":{"id":"CreateDialog::xRFMxCU_ProgramType::PortfolioId-inner","searchOpenDialogs":true,"interaction":{"idSuffix":"inner"}},"clearTextFirst":true,"interactionType":"ENTER_TEXT"}]}
RESULT: {"script":"<script> [20 bytes]","args":[{"enterText":"1","selector":{"id":"CreateDialog::xRFMxCU_ProgramType::PortfolioId-inner","searchOpenDialogs":true,"interaction":{"idSuffix":"inner"}},"clearTextFirst":true,"interactionType":"ENTER_TEXT"}]}
COMMAND: POST /session/f818e61000bfc2d0525d87f237023649/execute/async - {"script":"<script> [21 bytes]","args":[{"selector":{"controlType":"sap.m.Button","viewName":"sap.fe.templates.ObjectPage.ObjectPage","viewId":"rfm.programui::xRFMxCU_ProgramObjectPage","properties":{"text":"Continue"},"searchOpenDialogs":true,"interaction":{"idSuffix":"BDI-content"}},"wdio_ui5_key":"sapfe.templates.ObjectPage.ObjectPagesap.m.Button{\"text\":\"Continue\"}"}]}
RESULT: {"script":"<script> [21 bytes]","args":[{"selector":{"controlType":"sap.m.Button","viewName":"sap.fe.templates.ObjectPage.ObjectPage","viewId":"rfm.programui::xRFMxCU_ProgramObjectPage","properties":{"text":"Continue"},"searchOpenDialogs":true,"interaction":{"idSuffix":"BDI-content"}},"wdio_ui5_key":"sapfe.templates.ObjectPage.ObjectPagesap.m.Button{\"text\":\"Continue\"}"}]}
RESULT: undefined
COMMAND: POST /session/f818e61000bfc2d0525d87f237023649/element - {"using":"xpath","value":"//*[@id=\"__button194\"]"}
RESULT: {"using":"xpath","value":"//*[@id=\"__button194\"]"}
COMMAND: POST /session/f818e61000bfc2d0525d87f237023649/element/f.298AD00F3FAAC781F6041BD268089D61.d.5E8E7744A73086558D4931E1B5EF888A.e.298/click - {}
RESULT: {}
COMMAND: GET /session/f818e61000bfc2d0525d87f237023649/screenshot - {}
RESULT: {}
COMMAND: POST /session/f818e61000bfc2d0525d87f237023649/execute/async - {"script":"<script> [21 bytes]","args":[{"selector":{"id":"rfm.programui::xRFMxCU_ProgramObjectPage--fe::CustomSubSection::CustomDetailsSection--fe::FormContainer::FieldGroup::basicData1::FormElement::DataField::Currency::Field-edit-inner","interaction":{"idSuffix":"inner"}},"wdio_ui5_key":"rfmprogramui::xRFMxCU_ProgramObjectPage--fe::CustomSubSection::CustomDetailsSection--fe::FormContainer::FieldGroup::basicData1::FormElement::DataField::Currency::Field-edit-inner"}]}
RESULT: {"script":"<script> [21 bytes]","args":[{"selector":{"id":"rfm.programui::xRFMxCU_ProgramObjectPage--fe::CustomSubSection::CustomDetailsSection--fe::FormContainer::FieldGroup::basicData1::FormElement::DataField::Currency::Field-edit-inner","interaction":{"idSuffix":"inner"}},"wdio_ui5_key":"rfmprogramui::xRFMxCU_ProgramObjectPage--fe::CustomSubSection::CustomDetailsSection--fe::FormContainer::FieldGroup::basicData1::FormElement::DataField::Currency::Field-edit-inner"}]}
RESULT: undefined
COMMAND: POST /session/f818e61000bfc2d0525d87f237023649/execute/async - {"script":"<script> [21 bytes]","args":[{"selector":{"id":"rfm.programui::xRFMxCU_ProgramObjectPage--fe::CustomSubSection::CustomDetailsSection--fe::FormContainer::FieldGroup::basicData1::FormElement::DataField::Volume::Field-edit-inner","interaction":{"idSuffix":"inner"}},"wdio_ui5_key":"rfmprogramui::xRFMxCU_ProgramObjectPage--fe::CustomSubSection::CustomDetailsSection--fe::FormContainer::FieldGroup::basicData1::FormElement::DataField::Volume::Field-edit-inner"}]}
RESULT: {"script":"<script> [21 bytes]","args":[{"selector":{"id":"rfm.programui::xRFMxCU_ProgramObjectPage--fe::CustomSubSection::CustomDetailsSection--fe::FormContainer::FieldGroup::basicData1::FormElement::DataField::Volume::Field-edit-inner","interaction":{"idSuffix":"inner"}},"wdio_ui5_key":"rfmprogramui::xRFMxCU_ProgramObjectPage--fe::CustomSubSection::CustomDetailsSection--fe::FormContainer::FieldGroup::basicData1::FormElement::DataField::Volume::Field-edit-inner"}]}
RESULT: undefined
COMMAND: POST /session/f818e61000bfc2d0525d87f237023649/execute/async - {"script":"<script> [21 bytes]","args":[{"selector":{"id":"rfm.programui::xRFMxCU_ProgramObjectPage--fe::CustomSubSection::CustomDetailsSection--fe::FormContainer::FieldGroup::basicData1::FormElement::DataField::ValidTo::Field-edit","interaction":{"idSuffix":"inner"}},"wdio_ui5_key":"rfmprogramui::xRFMxCU_ProgramObjectPage--fe::CustomSubSection::CustomDetailsSection--fe::FormContainer::FieldGroup::basicData1::FormElement::DataField::ValidTo::Field-edit"}]}
RESULT: {"script":"<script> [21 bytes]","args":[{"selector":{"id":"rfm.programui::xRFMxCU_ProgramObjectPage--fe::CustomSubSection::CustomDetailsSection--fe::FormContainer::FieldGroup::basicData1::FormElement::DataField::ValidTo::Field-edit","interaction":{"idSuffix":"inner"}},"wdio_ui5_key":"rfmprogramui::xRFMxCU_ProgramObjectPage--fe::CustomSubSection::CustomDetailsSection--fe::FormContainer::FieldGroup::basicData1::FormElement::DataField::ValidTo::Field-edit"}]}
RESULT: undefined
COMMAND: POST /session/f818e61000bfc2d0525d87f237023649/execute/async - {"script":"<script> [20 bytes]","args":[{"enterText":"2027-12-31","selector":{"id":"rfm.programui::xRFMxCU_ProgramObjectPage--fe::CustomSubSection::CustomDetailsSection--fe::FormContainer::FieldGroup::basicData1::FormElement::DataField::ValidTo::Field-edit","interaction":{"idSuffix":"inner"}},"clearTextFirst":true,"interactionType":"ENTER_TEXT"}]}
RESULT: {"script":"<script> [20 bytes]","args":[{"enterText":"2027-12-31","selector":{"id":"rfm.programui::xRFMxCU_ProgramObjectPage--fe::CustomSubSection::CustomDetailsSection--fe::FormContainer::FieldGroup::basicData1::FormElement::DataField::ValidTo::Field-edit","interaction":{"idSuffix":"inner"}},"clearTextFirst":true,"interactionType":"ENTER_TEXT"}]}
COMMAND: POST /session/f818e61000bfc2d0525d87f237023649/execute/async - {"script":"<script> [21 bytes]","args":[{"selector":{"id":"rfm.programui::xRFMxCU_ProgramObjectPage--fe::CustomSubSection::CustomDetailsSection--fe::FormContainer::FieldGroup::basicData2::FormElement::DataField::CompanyCode::Field-edit-inner","interaction":{"idSuffix":"inner"}},"wdio_ui5_key":"rfmprogramui::xRFMxCU_ProgramObjectPage--fe::CustomSubSection::CustomDetailsSection--fe::FormContainer::FieldGroup::basicData2::FormElement::DataField::CompanyCode::Field-edit-inner"}]}
RESULT: {"script":"<script> [21 bytes]","args":[{"selector":{"id":"rfm.programui::xRFMxCU_ProgramObjectPage--fe::CustomSubSection::CustomDetailsSection--fe::FormContainer::FieldGroup::basicData2::FormElement::DataField::CompanyCode::Field-edit-inner","interaction":{"idSuffix":"inner"}},"wdio_ui5_key":"rfmprogramui::xRFMxCU_ProgramObjectPage--fe::CustomSubSection::CustomDetailsSection--fe::FormContainer::FieldGroup::basicData2::FormElement::DataField::CompanyCode::Field-edit-inner"}]}
RESULT: undefined
COMMAND: POST /session/f818e61000bfc2d0525d87f237023649/execute/async - {"script":"<script> [20 bytes]","args":[{"enterText":"BearingPoint (0001)","selector":{"id":"rfm.programui::xRFMxCU_ProgramObjectPage--fe::CustomSubSection::CustomDetailsSection--fe::FormContainer::FieldGroup::basicData2::FormElement::DataField::CompanyCode::Field-edit-inner","interaction":{"idSuffix":"inner"}},"clearTextFirst":true,"interactionType":"ENTER_TEXT"}]}
RESULT: {"script":"<script> [20 bytes]","args":[{"enterText":"BearingPoint (0001)","selector":{"id":"rfm.programui::xRFMxCU_ProgramObjectPage--fe::CustomSubSection::CustomDetailsSection--fe::FormContainer::FieldGroup::basicData2::FormElement::DataField::CompanyCode::Field-edit-inner","interaction":{"idSuffix":"inner"}},"clearTextFirst":true,"interactionType":"ENTER_TEXT"}]}
COMMAND: POST /session/f818e61000bfc2d0525d87f237023649/execute/async - {"script":"<script> [21 bytes]","args":[{"selector":{"id":"rfm.programui::xRFMxCU_ProgramObjectPage--fe::CustomSubSection::CustomDetailsSection--DetailsFundingTypesTable-content::StandardAction::Create","interaction":{"idSuffix":"BDI-content"}},"wdio_ui5_key":"rfmprogramui::xRFMxCU_ProgramObjectPage--fe::CustomSubSection::CustomDetailsSection--DetailsFundingTypesTable-content::StandardAction::Create"}]}
RESULT: {"script":"<script> [21 bytes]","args":[{"selector":{"id":"rfm.programui::xRFMxCU_ProgramObjectPage--fe::CustomSubSection::CustomDetailsSection--DetailsFundingTypesTable-content::StandardAction::Create","interaction":{"idSuffix":"BDI-content"}},"wdio_ui5_key":"rfmprogramui::xRFMxCU_ProgramObjectPage--fe::CustomSubSection::CustomDetailsSection--DetailsFundingTypesTable-content::StandardAction::Create"}]}
RESULT: undefined
COMMAND: POST /session/f818e61000bfc2d0525d87f237023649/element - {"using":"xpath","value":"//*[@id=\"rfm.programui::xRFMxCU_ProgramObjectPage--fe::CustomSubSection::CustomDetailsSection--DetailsFundingTypesTable-content::StandardAction::Create\"]"}
RESULT: {"using":"xpath","value":"//*[@id=\"rfm.programui::xRFMxCU_ProgramObjectPage--fe::CustomSubSection::CustomDetailsSection--DetailsFundingTypesTable-content::StandardAction::Create\"]"}
COMMAND: POST /session/f818e61000bfc2d0525d87f237023649/element/f.298AD00F3FAAC781F6041BD268089D61.d.5E8E7744A73086558D4931E1B5EF888A.e.347/click - {}
RESULT: {}
COMMAND: POST /session/f818e61000bfc2d0525d87f237023649/execute/async - {"script":"<script> [21 bytes]","args":[{"selector":{"id":"CreateDialog::xRFMxCU_ProgramFundingTypeType::FundingType-inner","searchOpenDialogs":true,"interaction":{"idSuffix":"inner"}},"wdio_ui5_key":"CreateDialogxRFMxCU_ProgramFundingTypeType::FundingType-inner"}]}
COMMAND: GET /session/f818e61000bfc2d0525d87f237023649/screenshot - {}
RESULT: {"script":"<script> [21 bytes]","args":[{"selector":{"id":"CreateDialog::xRFMxCU_ProgramFundingTypeType::FundingType-inner","searchOpenDialogs":true,"interaction":{"idSuffix":"inner"}},"wdio_ui5_key":"CreateDialogxRFMxCU_ProgramFundingTypeType::FundingType-inner"}]}
RESULT: undefined
COMMAND: POST /session/f818e61000bfc2d0525d87f237023649/execute/async - {"script":"<script> [20 bytes]","args":[{"enterText":"External Funding (40)","selector":{"id":"CreateDialog::xRFMxCU_ProgramFundingTypeType::FundingType-inner","searchOpenDialogs":true,"interaction":{"idSuffix":"inner"}},"clearTextFirst":true,"interactionType":"ENTER_TEXT"}]}
RESULT: {}
RESULT: {"script":"<script> [20 bytes]","args":[{"enterText":"External Funding (40)","selector":{"id":"CreateDialog::xRFMxCU_ProgramFundingTypeType::FundingType-inner","searchOpenDialogs":true,"interaction":{"idSuffix":"inner"}},"clearTextFirst":true,"interactionType":"ENTER_TEXT"}]}
COMMAND: POST /session/f818e61000bfc2d0525d87f237023649/execute/async - {"script":"<script> [21 bytes]","args":[{"selector":{"id":"CreateDialog::xRFMxCU_Program::_AllowedFundingType-footer","searchOpenDialogs":true},"wdio_ui5_key":"CreateDialogxRFMxCU_Program::_AllowedFundingType-footer"}]}
RESULT: {"script":"<script> [21 bytes]","args":[{"selector":{"id":"CreateDialog::xRFMxCU_Program::_AllowedFundingType-footer","searchOpenDialogs":true},"wdio_ui5_key":"CreateDialogxRFMxCU_Program::_AllowedFundingType-footer"}]}
RESULT: undefined
COMMAND: POST /session/f818e61000bfc2d0525d87f237023649/element - {"using":"xpath","value":"//*[@id=\"CreateDialog::xRFMxCU_Program::_AllowedFundingType-footer\"]"}
RESULT: {"using":"xpath","value":"//*[@id=\"CreateDialog::xRFMxCU_Program::_AllowedFundingType-footer\"]"}
COMMAND: POST /session/f818e61000bfc2d0525d87f237023649/element/f.298AD00F3FAAC781F6041BD268089D61.d.5E8E7744A73086558D4931E1B5EF888A.e.520/click - {}
RESULT: {}
COMMAND: GET /session/f818e61000bfc2d0525d87f237023649/screenshot - {}
RESULT: {}
COMMAND: POST /session/f818e61000bfc2d0525d87f237023649/execute/async - {"script":"<script> [21 bytes]","args":[{"forceSelect":true,"selector":{"controlType":"sap.m.Button","viewName":"sap.fe.templates.ObjectPage.ObjectPage","viewId":"rfm.programui::xRFMxCU_Program__AllowedFundingTypeObjectPage","properties":{"text":"Continue"},"searchOpenDialogs":true,"interaction":{"idSuffix":"content"}},"wdio_ui5_key":"sapfe.templates.ObjectPage.ObjectPagesap.m.Button{\"text\":\"Continue\"}"}]}
RESULT: {"script":"<script> [21 bytes]","args":[{"forceSelect":true,"selector":{"controlType":"sap.m.Button","viewName":"sap.fe.templates.ObjectPage.ObjectPage","viewId":"rfm.programui::xRFMxCU_Program__AllowedFundingTypeObjectPage","properties":{"text":"Continue"},"searchOpenDialogs":true,"interaction":{"idSuffix":"content"}},"wdio_ui5_key":"sapfe.templates.ObjectPage.ObjectPagesap.m.Button{\"text\":\"Continue\"}"}]}
RESULT: undefined
COMMAND: POST /session/f818e61000bfc2d0525d87f237023649/element - {"using":"xpath","value":"//*[@id=\"__button207\"]"}
RESULT: {"using":"xpath","value":"//*[@id=\"__button207\"]"}
COMMAND: POST /session/f818e61000bfc2d0525d87f237023649/element/f.298AD00F3FAAC781F6041BD268089D61.d.5E8E7744A73086558D4931E1B5EF888A.e.522/click - {}
RESULT: {}
COMMAND: GET /session/f818e61000bfc2d0525d87f237023649/screenshot - {}
RESULT: {}
COMMAND: POST /session/f818e61000bfc2d0525d87f237023649/execute/async - {"script":"<script> [21 bytes]","args":[{"selector":{"id":"rfm.programui::xRFMxCU_Program__AllowedFundingTypeObjectPage--fe::FooterBar::_fc"},"wdio_ui5_key":"rfmprogramui::xRFMxCU_Program__AllowedFundingTypeObjectPage--fe::FooterBar::_fc"}]}
RESULT: {"script":"<script> [21 bytes]","args":[{"selector":{"id":"rfm.programui::xRFMxCU_Program__AllowedFundingTypeObjectPage--fe::FooterBar::_fc"},"wdio_ui5_key":"rfmprogramui::xRFMxCU_Program__AllowedFundingTypeObjectPage--fe::FooterBar::_fc"}]}
RESULT: undefined
COMMAND: POST /session/f818e61000bfc2d0525d87f237023649/element - {"using":"xpath","value":"//*[@id=\"rfm.programui::xRFMxCU_Program__AllowedFundingTypeObjectPage--fe::FooterBar::_fc\"]"}
RESULT: {"using":"xpath","value":"//*[@id=\"rfm.programui::xRFMxCU_Program__AllowedFundingTypeObjectPage--fe::FooterBar::_fc\"]"}
COMMAND: POST /session/f818e61000bfc2d0525d87f237023649/element/f.298AD00F3FAAC781F6041BD268089D61.d.5E8E7744A73086558D4931E1B5EF888A.e.525/click - {}
RESULT: {}
COMMAND: GET /session/f818e61000bfc2d0525d87f237023649/screenshot - {}
RESULT: {}
COMMAND: POST /session/f818e61000bfc2d0525d87f237023649/execute/async - {"script":"<script> [21 bytes]","args":[{"forceSelect":true,"selector":{"id":"rfm.programui::xRFMxCU_Program__AllowedFundingTypeObjectPage--fe::FooterBar::StandardAction::Apply"},"wdio_ui5_key":"rfmprogramui::xRFMxCU_Program__AllowedFundingTypeObjectPage--fe::FooterBar::StandardAction::Apply"}]}
RESULT: {"script":"<script> [21 bytes]","args":[{"forceSelect":true,"selector":{"id":"rfm.programui::xRFMxCU_Program__AllowedFundingTypeObjectPage--fe::FooterBar::StandardAction::Apply"},"wdio_ui5_key":"rfmprogramui::xRFMxCU_Program__AllowedFundingTypeObjectPage--fe::FooterBar::StandardAction::Apply"}]}
RESULT: undefined
COMMAND: POST /session/f818e61000bfc2d0525d87f237023649/element - {"using":"xpath","value":"//*[@id=\"rfm.programui::xRFMxCU_Program__AllowedFundingTypeObjectPage--fe::FooterBar::StandardAction::Apply\"]"}
RESULT: {"using":"xpath","value":"//*[@id=\"rfm.programui::xRFMxCU_Program__AllowedFundingTypeObjectPage--fe::FooterBar::StandardAction::Apply\"]"}
COMMAND: POST /session/f818e61000bfc2d0525d87f237023649/element/f.298AD00F3FAAC781F6041BD268089D61.d.5E8E7744A73086558D4931E1B5EF888A.e.507/click - {}
RESULT: {}
COMMAND: GET /session/f818e61000bfc2d0525d87f237023649/screenshot - {}
RESULT: {}
COMMAND: POST /session/f818e61000bfc2d0525d87f237023649/execute/async - {"script":"<script> [21 bytes]","args":[{"selector":{"id":"rfm.programui::xRFMxCU_ProgramObjectPage--fe::ObjectPage-anchBar-rfm.programui::xRFMxCU_ProgramObjectPage--fe::EditableHeaderSection-anchor","interaction":{"idSuffix":"text"}},"wdio_ui5_key":"rfmprogramui::xRFMxCU_ProgramObjectPage--fe::ObjectPage-anchBar-rfm.programui::xRFMxCU_ProgramObjectPage--fe::EditableHeaderSection-anchor"}]}
RESULT: {"script":"<script> [21 bytes]","args":[{"selector":{"id":"rfm.programui::xRFMxCU_ProgramObjectPage--fe::ObjectPage-anchBar-rfm.programui::xRFMxCU_ProgramObjectPage--fe::EditableHeaderSection-anchor","interaction":{"idSuffix":"text"}},"wdio_ui5_key":"rfmprogramui::xRFMxCU_ProgramObjectPage--fe::ObjectPage-anchBar-rfm.programui::xRFMxCU_ProgramObjectPage--fe::EditableHeaderSection-anchor"}]}
RESULT: undefined
COMMAND: POST /session/f818e61000bfc2d0525d87f237023649/execute/async - {"script":"<script> [21 bytes]","args":[{"selector":{"id":"rfm.programui::xRFMxCU_ProgramObjectPage--fe::HeaderFacet::FormContainer::headerFieldsGP1::FormElement::DataField::Name::Field-edit","interaction":{"idSuffix":"inner"}},"wdio_ui5_key":"rfmprogramui::xRFMxCU_ProgramObjectPage--fe::HeaderFacet::FormContainer::headerFieldsGP1::FormElement::DataField::Name::Field-edit"}]}
RESULT: {"script":"<script> [21 bytes]","args":[{"selector":{"id":"rfm.programui::xRFMxCU_ProgramObjectPage--fe::HeaderFacet::FormContainer::headerFieldsGP1::FormElement::DataField::Name::Field-edit","interaction":{"idSuffix":"inner"}},"wdio_ui5_key":"rfmprogramui::xRFMxCU_ProgramObjectPage--fe::HeaderFacet::FormContainer::headerFieldsGP1::FormElement::DataField::Name::Field-edit"}]}
RESULT: undefined
COMMAND: POST /session/f818e61000bfc2d0525d87f237023649/execute/async - {"script":"<script> [21 bytes]","args":[{"selector":{"id":"rfm.programui::xRFMxCU_ProgramObjectPage--fe::FooterBar::StandardAction::Save","interaction":{"idSuffix":"BDI-content"}},"wdio_ui5_key":"rfmprogramui::xRFMxCU_ProgramObjectPage--fe::FooterBar::StandardAction::Save"}]}
RESULT: {"script":"<script> [21 bytes]","args":[{"selector":{"id":"rfm.programui::xRFMxCU_ProgramObjectPage--fe::FooterBar::StandardAction::Save","interaction":{"idSuffix":"BDI-content"}},"wdio_ui5_key":"rfmprogramui::xRFMxCU_ProgramObjectPage--fe::FooterBar::StandardAction::Save"}]}
RESULT: undefined
COMMAND: POST /session/f818e61000bfc2d0525d87f237023649/element - {"using":"xpath","value":"//*[@id=\"rfm.programui::xRFMxCU_ProgramObjectPage--fe::FooterBar::StandardAction::Save\"]"}
RESULT: {"using":"xpath","value":"//*[@id=\"rfm.programui::xRFMxCU_ProgramObjectPage--fe::FooterBar::StandardAction::Save\"]"}
COMMAND: POST /session/f818e61000bfc2d0525d87f237023649/element/f.298AD00F3FAAC781F6041BD268089D61.d.5E8E7744A73086558D4931E1B5EF888A.e.432/click - {}
RESULT: {}
COMMAND: POST /session/f818e61000bfc2d0525d87f237023649/execute/async - {"script":"<script> [21 bytes]","args":[{"selector":{"id":"rfm.programui::xRFMxCU_ProgramObjectPage--fe::HeaderFacet::Form::headerFieldsGP1::DataField::ProgramId::Field-content"},"wdio_ui5_key":"rfmprogramui::xRFMxCU_ProgramObjectPage--fe::HeaderFacet::Form::headerFieldsGP1::DataField::ProgramId::Field-content"}]}
COMMAND: GET /session/f818e61000bfc2d0525d87f237023649/screenshot - {}
RESULT: {"script":"<script> [21 bytes]","args":[{"selector":{"id":"rfm.programui::xRFMxCU_ProgramObjectPage--fe::HeaderFacet::Form::headerFieldsGP1::DataField::ProgramId::Field-content"},"wdio_ui5_key":"rfmprogramui::xRFMxCU_ProgramObjectPage--fe::HeaderFacet::Form::headerFieldsGP1::DataField::ProgramId::Field-content"}]}
RESULT: undefined
COMMAND: POST /session/f818e61000bfc2d0525d87f237023649/execute/async - {"script":"<script> [21 bytes]","args":[{"selector":{"id":"rfm.programui::xRFMxCU_ProgramObjectPage--fe::DataFieldForAction::com.sap.gateway.srvd.rfm.ui_program.v0001.Open::com.sap.gateway.srvd.rfm.ui_program.v0001.xRFMxCU_ProgramType","interaction":{"idSuffix":"BDI-content"}},"wdio_ui5_key":"rfmprogramui::xRFMxCU_ProgramObjectPage--fe::DataFieldForAction::com.sap.gateway.srvd.rfm.ui_program.v0001.Open::com.sap.gateway.srvd.rfm.ui_program.v0001.xRFMxCU_ProgramType"}]}
RESULT: {}
RESULT: {"script":"<script> [21 bytes]","args":[{"selector":{"id":"rfm.programui::xRFMxCU_ProgramObjectPage--fe::DataFieldForAction::com.sap.gateway.srvd.rfm.ui_program.v0001.Open::com.sap.gateway.srvd.rfm.ui_program.v0001.xRFMxCU_ProgramType","interaction":{"idSuffix":"BDI-content"}},"wdio_ui5_key":"rfmprogramui::xRFMxCU_ProgramObjectPage--fe::DataFieldForAction::com.sap.gateway.srvd.rfm.ui_program.v0001.Open::com.sap.gateway.srvd.rfm.ui_program.v0001.xRFMxCU_ProgramType"}]}
RESULT: undefined
COMMAND: POST /session/f818e61000bfc2d0525d87f237023649/element - {"using":"xpath","value":"//*[@id=\"rfm.programui::xRFMxCU_ProgramObjectPage--fe::DataFieldForAction::com.sap.gateway.srvd.rfm.ui_program.v0001.Open::com.sap.gateway.srvd.rfm.ui_program.v0001.xRFMxCU_ProgramType\"]"}
RESULT: {"using":"xpath","value":"//*[@id=\"rfm.programui::xRFMxCU_ProgramObjectPage--fe::DataFieldForAction::com.sap.gateway.srvd.rfm.ui_program.v0001.Open::com.sap.gateway.srvd.rfm.ui_program.v0001.xRFMxCU_ProgramType\"]"}
COMMAND: POST /session/f818e61000bfc2d0525d87f237023649/element/f.298AD00F3FAAC781F6041BD268089D61.d.5E8E7744A73086558D4931E1B5EF888A.e.360/click - {}
COMMAND: POST /session/f818e61000bfc2d0525d87f237023649/execute/async - {"script":"<script> [21 bytes]","args":[{"selector":{"controlType":"sap.m.Button","properties":{"text":"OK"},"searchOpenDialogs":true,"interaction":{"idSuffix":"BDI-content"}},"wdio_ui5_key":"sapm.Button{\"text\":\"OK\"}"}]}
RESULT: {"script":"<script> [21 bytes]","args":[{"selector":{"controlType":"sap.m.Button","properties":{"text":"OK"},"searchOpenDialogs":true,"interaction":{"idSuffix":"BDI-content"}},"wdio_ui5_key":"sapm.Button{\"text\":\"OK\"}"}]}
RESULT: undefined
COMMAND: POST /session/f818e61000bfc2d0525d87f237023649/execute/async - {"script":"<script> [21 bytes]","args":[{"selector":{"id":"backBtn"},"wdio_ui5_key":"backBtn"}]}
RESULT: {"script":"<script> [21 bytes]","args":[{"selector":{"id":"backBtn"},"wdio_ui5_key":"backBtn"}]}
RESULT: undefined
COMMAND: POST /session/f818e61000bfc2d0525d87f237023649/element - {"using":"xpath","value":"//*[@id=\"backBtn\"]"}
RESULT: {"using":"xpath","value":"//*[@id=\"backBtn\"]"}
COMMAND: POST /session/f818e61000bfc2d0525d87f237023649/element/f.298AD00F3FAAC781F6041BD268089D61.d.5E8E7744A73086558D4931E1B5EF888A.e.595/click - {}
COMMAND: POST /session/f818e61000bfc2d0525d87f237023649/element/f.298AD00F3FAAC781F6041BD268089D61.d.5E8E7744A73086558D4931E1B5EF888A.e.595/click - {}
COMMAND: GET /session/f818e61000bfc2d0525d87f237023649/screenshot - {}
]]></system-out>
    </testcase>
    <testcase classname="chrome.140_0_7339_208.windows.Buyback" name="Should create asset 1" time="11.632">
      <skipped/>
      <system-out><![CDATA[
RESULT: {}
COMMAND: POST /session/f818e61000bfc2d0525d87f237023649/execute/async - {"script":"<script> [21 bytes]","args":[{"selector":{"controlType":"sap.m.GenericTile","properties":{"header":"Funding Asset"}},"wdio_ui5_key":"sapm.GenericTile{\"header\":\"Funding Asset\"}"}]}
RESULT: {"script":"<script> [21 bytes]","args":[{"selector":{"controlType":"sap.m.GenericTile","properties":{"header":"Funding Asset"}},"wdio_ui5_key":"sapm.GenericTile{\"header\":\"Funding Asset\"}"}]}
RESULT: undefined
COMMAND: POST /session/f818e61000bfc2d0525d87f237023649/execute/async - {"script":"<script> [21 bytes]","args":[{"selector":{"id":"rfm.assetui::xRFMxCU_AssetList--fe::table::allTab::LineItem::StandardAction::Create","controlType":"sap.m.Button"},"wdio_ui5_key":"rfmassetui::xRFMxCU_AssetList--fe::table::allTab::LineItem::StandardAction::Createsap.m.Button"}]}
RESULT: {"script":"<script> [21 bytes]","args":[{"selector":{"id":"rfm.assetui::xRFMxCU_AssetList--fe::table::allTab::LineItem::StandardAction::Create","controlType":"sap.m.Button"},"wdio_ui5_key":"rfmassetui::xRFMxCU_AssetList--fe::table::allTab::LineItem::StandardAction::Createsap.m.Button"}]}
RESULT: undefined
COMMAND: POST /session/f818e61000bfc2d0525d87f237023649/execute/async - {"script":"<script> [21 bytes]","args":[{"selector":{"id":"CreateDialog::xRFMxCU_AssetType::AssetIdExtern-inner","controlType":"sap.ui.mdc.field.FieldInput","searchOpenDialogs":true},"wdio_ui5_key":"CreateDialogxRFMxCU_AssetType::AssetIdExtern-innersap.ui.mdc.field.FieldInput"}]}
RESULT: {"script":"<script> [21 bytes]","args":[{"selector":{"id":"CreateDialog::xRFMxCU_AssetType::AssetIdExtern-inner","controlType":"sap.ui.mdc.field.FieldInput","searchOpenDialogs":true},"wdio_ui5_key":"CreateDialogxRFMxCU_AssetType::AssetIdExtern-innersap.ui.mdc.field.FieldInput"}]}
RESULT: undefined
COMMAND: GET /session/f818e61000bfc2d0525d87f237023649/screenshot - {}
COMMAND: GET /session/f818e61000bfc2d0525d87f237023649/screenshot - {}
RESULT: {}
]]></system-out>
      <system-err><![CDATA[
TypeError: inputField.setValue is not a function
    at exports.fillField (D:\a\1\s\test\utils\utils.js:73:22)
    at async Context.<anonymous> (D:\a\1\s\test\specs\BusinessOperations\Buyback.spec.js:281:18)
]]></system-err>
    </testcase>
    <testcase classname="chrome.140_0_7339_208.windows.Buyback" name="Should create asset 1" time="10.503">
      <failure/>
      <error message="inputField.setValue is not a function"/>
      <system-out><![CDATA[
RESULT: {}
RESULT: undefined
RESULT: undefined
RESULT: undefined
COMMAND: GET /session/f818e61000bfc2d0525d87f237023649/screenshot - {}
COMMAND: GET /session/f818e61000bfc2d0525d87f237023649/screenshot - {}
RESULT: {}
RESULT: {}
]]></system-out>
      <system-err><![CDATA[
TypeError: inputField.setValue is not a function
    at exports.fillField (D:\a\1\s\test\utils\utils.js:73:22)
    at async Context.<anonymous> (D:\a\1\s\test\specs\BusinessOperations\Buyback.spec.js:281:18)
]]></system-err>
    </testcase>
    <testcase classname="chrome.140_0_7339_208.windows.Buyback" name="Should create asset 2" time="18.509">
      <skipped/>
      <system-out><![CDATA[
COMMAND: GET /session/f818e61000bfc2d0525d87f237023649/screenshot - {}
RESULT: {}
RESULT: undefined
RESULT: undefined
COMMAND: POST /session/f818e61000bfc2d0525d87f237023649/execute/async - {"script":"<script> [21 bytes]","args":[{"forceSelect":true,"selector":{"id":"rfm.assetui::xRFMxCU_AssetList--fe::table::allTab::LineItem::StandardAction::Create","interaction":{"idSuffix":"BDI-content"}},"wdio_ui5_key":"rfmassetui::xRFMxCU_AssetList--fe::table::allTab::LineItem::StandardAction::Create"}]}
RESULT: {"script":"<script> [21 bytes]","args":[{"forceSelect":true,"selector":{"id":"rfm.assetui::xRFMxCU_AssetList--fe::table::allTab::LineItem::StandardAction::Create","interaction":{"idSuffix":"BDI-content"}},"wdio_ui5_key":"rfmassetui::xRFMxCU_AssetList--fe::table::allTab::LineItem::StandardAction::Create"}]}
RESULT: undefined
RESULT: undefined
COMMAND: GET /session/f818e61000bfc2d0525d87f237023649/screenshot - {}
COMMAND: GET /session/f818e61000bfc2d0525d87f237023649/screenshot - {}
RESULT: {}
RESULT: {}
]]></system-out>
      <system-err><![CDATA[
TypeError: inputField.setValue is not a function
    at exports.fillField (D:\a\1\s\test\utils\utils.js:73:22)
    at async Context.<anonymous> (D:\a\1\s\test\specs\BusinessOperations\Buyback.spec.js:936:24)
]]></system-err>
    </testcase>
    <testcase classname="chrome.140_0_7339_208.windows.Buyback" name="Should create asset 2" time="18.047">
      <failure/>
      <error message="inputField.setValue is not a function"/>
      <system-out><![CDATA[
RESULT: undefined
RESULT: undefined
COMMAND: POST /session/f818e61000bfc2d0525d87f237023649/execute/async - {"script":"<script> [21 bytes]","args":[{"forceSelect":true,"selector":{"id":"rfm.assetui::xRFMxCU_AssetList--fe::table::allTab::LineItem::StandardAction::Create","interaction":{"idSuffix":"BDI-content"}},"wdio_ui5_key":"rfmassetui::xRFMxCU_AssetList--fe::table::allTab::LineItem::StandardAction::Create"}]}
RESULT: {"script":"<script> [21 bytes]","args":[{"forceSelect":true,"selector":{"id":"rfm.assetui::xRFMxCU_AssetList--fe::table::allTab::LineItem::StandardAction::Create","interaction":{"idSuffix":"BDI-content"}},"wdio_ui5_key":"rfmassetui::xRFMxCU_AssetList--fe::table::allTab::LineItem::StandardAction::Create"}]}
RESULT: undefined
RESULT: undefined
COMMAND: GET /session/f818e61000bfc2d0525d87f237023649/screenshot - {}
COMMAND: GET /session/f818e61000bfc2d0525d87f237023649/screenshot - {}
RESULT: {}
RESULT: {}
]]></system-out>
      <system-err><![CDATA[
TypeError: inputField.setValue is not a function
    at exports.fillField (D:\a\1\s\test\utils\utils.js:73:22)
    at async Context.<anonymous> (D:\a\1\s\test\specs\BusinessOperations\Buyback.spec.js:936:24)
]]></system-err>
    </testcase>
    <testcase classname="chrome.140_0_7339_208.windows.Buyback" name="Should create Transaction" time="52.032">
      <skipped/>
      <system-out><![CDATA[
COMMAND: POST /session/f818e61000bfc2d0525d87f237023649/execute/async - {"script":"<script> [21 bytes]","args":[{"selector":{"controlType":"sap.m.GenericTile","properties":{"header":"Funding Transaction"}},"wdio_ui5_key":"sapm.GenericTile{\"header\":\"Funding Transaction\"}"}]}
COMMAND: GET /session/f818e61000bfc2d0525d87f237023649/screenshot - {}
RESULT: {"script":"<script> [21 bytes]","args":[{"selector":{"controlType":"sap.m.GenericTile","properties":{"header":"Funding Transaction"}},"wdio_ui5_key":"sapm.GenericTile{\"header\":\"Funding Transaction\"}"}]}
RESULT: undefined
COMMAND: POST /session/f818e61000bfc2d0525d87f237023649/execute/async - {"script":"<script> [21 bytes]","args":[{"selector":{"id":"rfm.transactionui::xRFMxCU_TransactionList--fe::table::allTab::LineItem::StandardAction::Create","controlType":"sap.m.Button"},"wdio_ui5_key":"rfmtransactionui::xRFMxCU_TransactionList--fe::table::allTab::LineItem::StandardAction::Createsap.m.Button"}]}
RESULT: {}
RESULT: {"script":"<script> [21 bytes]","args":[{"selector":{"id":"rfm.transactionui::xRFMxCU_TransactionList--fe::table::allTab::LineItem::StandardAction::Create","controlType":"sap.m.Button"},"wdio_ui5_key":"rfmtransactionui::xRFMxCU_TransactionList--fe::table::allTab::LineItem::StandardAction::Createsap.m.Button"}]}
RESULT: undefined
COMMAND: POST /session/f818e61000bfc2d0525d87f237023649/execute/async - {"script":"<script> [21 bytes]","args":[{"selector":{"id":"CreateDialog::xRFMxCU_TransactionType::ProgramId-inner-vhi","searchOpenDialogs":true},"wdio_ui5_key":"CreateDialogxRFMxCU_TransactionType::ProgramId-inner-vhi"}]}
RESULT: {"script":"<script> [21 bytes]","args":[{"selector":{"id":"CreateDialog::xRFMxCU_TransactionType::ProgramId-inner-vhi","searchOpenDialogs":true},"wdio_ui5_key":"CreateDialogxRFMxCU_TransactionType::ProgramId-inner-vhi"}]}
RESULT: undefined
COMMAND: POST /session/f818e61000bfc2d0525d87f237023649/execute/async - {"script":"<script> [21 bytes]","args":[{"selector":{"id":"ProgramId::VH::Dialog::qualifier::-search-inner","searchOpenDialogs":true,"interaction":{"idSuffix":"I"}},"wdio_ui5_key":"ProgramIdVH::Dialog::qualifier::-search-inner"}]}
RESULT: {"script":"<script> [21 bytes]","args":[{"selector":{"id":"ProgramId::VH::Dialog::qualifier::-search-inner","searchOpenDialogs":true,"interaction":{"idSuffix":"I"}},"wdio_ui5_key":"ProgramIdVH::Dialog::qualifier::-search-inner"}]}
RESULT: undefined
COMMAND: POST /session/f818e61000bfc2d0525d87f237023649/execute/async - {"script":"<script> [21 bytes]","args":[{"selector":{"id":"ProgramId::VH::Dialog::qualifier::::Table-innerTable-rows-row0","searchOpenDialogs":true},"wdio_ui5_key":"ProgramIdVH::Dialog::qualifier::::Table-innerTable-rows-row0"}]}
RESULT: {"script":"<script> [21 bytes]","args":[{"selector":{"id":"ProgramId::VH::Dialog::qualifier::::Table-innerTable-rows-row0","searchOpenDialogs":true},"wdio_ui5_key":"ProgramIdVH::Dialog::qualifier::::Table-innerTable-rows-row0"}]}
RESULT: undefined
COMMAND: POST /session/f818e61000bfc2d0525d87f237023649/execute/async - {"script":"<script> [21 bytes]","args":[{"selector":{"id":"CreateDialog::xRFMxCU_Transaction-footer","searchOpenDialogs":true},"wdio_ui5_key":"CreateDialogxRFMxCU_Transaction-footer"}]}
RESULT: {"script":"<script> [21 bytes]","args":[{"selector":{"id":"CreateDialog::xRFMxCU_Transaction-footer","searchOpenDialogs":true},"wdio_ui5_key":"CreateDialogxRFMxCU_Transaction-footer"}]}
RESULT: undefined
COMMAND: POST /session/f818e61000bfc2d0525d87f237023649/execute/async - {"script":"<script> [21 bytes]","args":[{"forceSelect":true,"selector":{"controlType":"sap.m.Button","viewName":"sap.fe.templates.ObjectPage.ObjectPage","viewId":"rfm.transactionui::xRFMxCU_TransactionObjectPage","properties":{"text":"Continue"},"searchOpenDialogs":true,"interaction":{"idSuffix":"BDI-content"}},"wdio_ui5_key":"sapfe.templates.ObjectPage.ObjectPagesap.m.Button{\"text\":\"Continue\"}"}]}
RESULT: {"script":"<script> [21 bytes]","args":[{"forceSelect":true,"selector":{"controlType":"sap.m.Button","viewName":"sap.fe.templates.ObjectPage.ObjectPage","viewId":"rfm.transactionui::xRFMxCU_TransactionObjectPage","properties":{"text":"Continue"},"searchOpenDialogs":true,"interaction":{"idSuffix":"BDI-content"}},"wdio_ui5_key":"sapfe.templates.ObjectPage.ObjectPagesap.m.Button{\"text\":\"Continue\"}"}]}
RESULT: undefined
COMMAND: POST /session/f818e61000bfc2d0525d87f237023649/execute/async - {"script":"<script> [21 bytes]","args":[{"selector":{"id":"rfm.transactionui::xRFMxCU_TransactionObjectPage--fe::CustomSubSection::CustomDetailsSection--fe::FormContainer::FieldGroup::Term::FormElement::DataField::AssetCashflowDateFrom::Field-edit","interaction":{"idSuffix":"inner"}},"wdio_ui5_key":"rfmtransactionui::xRFMxCU_TransactionObjectPage--fe::CustomSubSection::CustomDetailsSection--fe::FormContainer::FieldGroup::Term::FormElement::DataField::AssetCashflowDateFrom::Field-edit"}]}
RESULT: {"script":"<script> [21 bytes]","args":[{"selector":{"id":"rfm.transactionui::xRFMxCU_TransactionObjectPage--fe::CustomSubSection::CustomDetailsSection--fe::FormContainer::FieldGroup::Term::FormElement::DataField::AssetCashflowDateFrom::Field-edit","interaction":{"idSuffix":"inner"}},"wdio_ui5_key":"rfmtransactionui::xRFMxCU_TransactionObjectPage--fe::CustomSubSection::CustomDetailsSection--fe::FormContainer::FieldGroup::Term::FormElement::DataField::AssetCashflowDateFrom::Field-edit"}]}
RESULT: undefined
COMMAND: POST /session/f818e61000bfc2d0525d87f237023649/execute/async - {"script":"<script> [21 bytes]","args":[{"selector":{"id":"rfm.transactionui::xRFMxCU_TransactionObjectPage--fe::CustomSubSection::CustomDetailsSection--fe::FormContainer::FieldGroup::Term::FormElement::DataField::AssetCashflowDateTo::Field-edit","interaction":{"idSuffix":"inner"}},"wdio_ui5_key":"rfmtransactionui::xRFMxCU_TransactionObjectPage--fe::CustomSubSection::CustomDetailsSection--fe::FormContainer::FieldGroup::Term::FormElement::DataField::AssetCashflowDateTo::Field-edit"}]}
RESULT: {"script":"<script> [21 bytes]","args":[{"selector":{"id":"rfm.transactionui::xRFMxCU_TransactionObjectPage--fe::CustomSubSection::CustomDetailsSection--fe::FormContainer::FieldGroup::Term::FormElement::DataField::AssetCashflowDateTo::Field-edit","interaction":{"idSuffix":"inner"}},"wdio_ui5_key":"rfmtransactionui::xRFMxCU_TransactionObjectPage--fe::CustomSubSection::CustomDetailsSection--fe::FormContainer::FieldGroup::Term::FormElement::DataField::AssetCashflowDateTo::Field-edit"}]}
RESULT: undefined
COMMAND: POST /session/f818e61000bfc2d0525d87f237023649/execute/async - {"script":"<script> [21 bytes]","args":[{"selector":{"id":"rfm.transactionui::xRFMxCU_TransactionObjectPage--fe::ObjectPage-anchBar-rfm.transactionui::xRFMxCU_TransactionObjectPage--fe::EditableHeaderSection-anchor","interaction":{"idSuffix":"text"}},"wdio_ui5_key":"rfmtransactionui::xRFMxCU_TransactionObjectPage--fe::ObjectPage-anchBar-rfm.transactionui::xRFMxCU_TransactionObjectPage--fe::EditableHeaderSection-anchor"}]}
RESULT: {"script":"<script> [21 bytes]","args":[{"selector":{"id":"rfm.transactionui::xRFMxCU_TransactionObjectPage--fe::ObjectPage-anchBar-rfm.transactionui::xRFMxCU_TransactionObjectPage--fe::EditableHeaderSection-anchor","interaction":{"idSuffix":"text"}},"wdio_ui5_key":"rfmtransactionui::xRFMxCU_TransactionObjectPage--fe::ObjectPage-anchBar-rfm.transactionui::xRFMxCU_TransactionObjectPage--fe::EditableHeaderSection-anchor"}]}
RESULT: undefined
COMMAND: POST /session/f818e61000bfc2d0525d87f237023649/execute/async - {"script":"<script> [21 bytes]","args":[{"selector":{"id":"rfm.transactionui::xRFMxCU_TransactionObjectPage--fe::HeaderFacet::FormContainer::headerFieldsGP1::FormElement::DataField::Name::Field-edit","interaction":{"idSuffix":"inner"}},"wdio_ui5_key":"rfmtransactionui::xRFMxCU_TransactionObjectPage--fe::HeaderFacet::FormContainer::headerFieldsGP1::FormElement::DataField::Name::Field-edit"}]}
RESULT: {"script":"<script> [21 bytes]","args":[{"selector":{"id":"rfm.transactionui::xRFMxCU_TransactionObjectPage--fe::HeaderFacet::FormContainer::headerFieldsGP1::FormElement::DataField::Name::Field-edit","interaction":{"idSuffix":"inner"}},"wdio_ui5_key":"rfmtransactionui::xRFMxCU_TransactionObjectPage--fe::HeaderFacet::FormContainer::headerFieldsGP1::FormElement::DataField::Name::Field-edit"}]}
RESULT: undefined
COMMAND: POST /session/f818e61000bfc2d0525d87f237023649/execute/async - {"script":"<script> [21 bytes]","args":[{"selector":{"id":"rfm.transactionui::xRFMxCU_TransactionObjectPage--fe::HeaderFacet::FormContainer::headerFieldsGP1::FormElement::DataField::TransactionId::Field-display"},"wdio_ui5_key":"rfmtransactionui::xRFMxCU_TransactionObjectPage--fe::HeaderFacet::FormContainer::headerFieldsGP1::FormElement::DataField::TransactionId::Field-display"}]}
RESULT: {"script":"<script> [21 bytes]","args":[{"selector":{"id":"rfm.transactionui::xRFMxCU_TransactionObjectPage--fe::HeaderFacet::FormContainer::headerFieldsGP1::FormElement::DataField::TransactionId::Field-display"},"wdio_ui5_key":"rfmtransactionui::xRFMxCU_TransactionObjectPage--fe::HeaderFacet::FormContainer::headerFieldsGP1::FormElement::DataField::TransactionId::Field-display"}]}
RESULT: undefined
COMMAND: POST /session/f818e61000bfc2d0525d87f237023649/execute/async - {"script":"<script> [21 bytes]","args":[{"selector":{"id":"rfm.transactionui::xRFMxCU_TransactionObjectPage--fe::ObjectPage-anchBar-rfm.transactionui::xRFMxCU_TransactionObjectPage--fe::FacetSection::FundingScopeCollection-anchor"},"wdio_ui5_key":"rfmtransactionui::xRFMxCU_TransactionObjectPage--fe::ObjectPage-anchBar-rfm.transactionui::xRFMxCU_TransactionObjectPage--fe::FacetSection::FundingScopeCollection-anchor"}]}
RESULT: {"script":"<script> [21 bytes]","args":[{"selector":{"id":"rfm.transactionui::xRFMxCU_TransactionObjectPage--fe::ObjectPage-anchBar-rfm.transactionui::xRFMxCU_TransactionObjectPage--fe::FacetSection::FundingScopeCollection-anchor"},"wdio_ui5_key":"rfmtransactionui::xRFMxCU_TransactionObjectPage--fe::ObjectPage-anchBar-rfm.transactionui::xRFMxCU_TransactionObjectPage--fe::FacetSection::FundingScopeCollection-anchor"}]}
RESULT: undefined
COMMAND: POST /session/f818e61000bfc2d0525d87f237023649/execute/async - {"script":"<script> [21 bytes]","args":[{"selector":{"controlType":"sap.ui.mdc.field.FieldInput","viewName":"sap.fe.templates.ObjectPage.ObjectPage","viewId":"rfm.transactionui::xRFMxCU_TransactionObjectPage","bindingPath":{"path":"","propertyPath":"/conditions","modelName":"$field"},"ancestor":{"controlType":"sap.ui.mdc.Field","viewName":"sap.fe.templates.ObjectPage.ObjectPage","viewId":"rfm.transactionui::xRFMxCU_TransactionObjectPage","bindingPath":{"path":"/xRFMxCU_Transaction(TransactionId='undefined',IsActiveEntity=false)/_TransactionCFPart(TransactionId='undefined',CashFlowPartType='1',IsActiveEntity=false)","propertyPath":"__EntityControl/Updatable"}},"interaction":{"idSuffix":"inner"}},"wdio_ui5_key":"sapfe.templates.ObjectPage.ObjectPagesap.ui.mdc.field.FieldInput{\"path\":\"\",\"propertyPath\":\"/conditions\",\"modelName\":\"$field\"}{\"controlType\":\"sap.ui.mdc.Field\",\"viewName\":\"sap.fe.templates.ObjectPage.ObjectPage\",\"viewId\":\"rfm.transactionui::xRFMxCU_TransactionObjectPage\",\"bindingPath\":{\"path\":\"/xRFMxCU_Transaction(TransactionId='undefined',IsActiveEntity=false)/_TransactionCFPart(TransactionId='undefined',CashFlowPartType='1',IsActiveEntity=false)\",\"propertyPath\":\"__EntityControl/Updatable\"}}"}]}
RESULT: {"script":"<script> [21 bytes]","args":[{"selector":{"controlType":"sap.ui.mdc.field.FieldInput","viewName":"sap.fe.templates.ObjectPage.ObjectPage","viewId":"rfm.transactionui::xRFMxCU_TransactionObjectPage","bindingPath":{"path":"","propertyPath":"/conditions","modelName":"$field"},"ancestor":{"controlType":"sap.ui.mdc.Field","viewName":"sap.fe.templates.ObjectPage.ObjectPage","viewId":"rfm.transactionui::xRFMxCU_TransactionObjectPage","bindingPath":{"path":"/xRFMxCU_Transaction(TransactionId='undefined',IsActiveEntity=false)/_TransactionCFPart(TransactionId='undefined',CashFlowPartType='1',IsActiveEntity=false)","propertyPath":"__EntityControl/Updatable"}},"interaction":{"idSuffix":"inner"}},"wdio_ui5_key":"sapfe.templates.ObjectPage.ObjectPagesap.ui.mdc.field.FieldInput{\"path\":\"\",\"propertyPath\":\"/conditions\",\"modelName\":\"$field\"}{\"controlType\":\"sap.ui.mdc.Field\",\"viewName\":\"sap.fe.templates.ObjectPage.ObjectPage\",\"viewId\":\"rfm.transactionui::xRFMxCU_TransactionObjectPage\",\"bindingPath\":{\"path\":\"/xRFMxCU_Transaction(TransactionId='undefined',IsActiveEntity=false)/_TransactionCFPart(TransactionId='undefined',CashFlowPartType='1',IsActiveEntity=false)\",\"propertyPath\":\"__EntityControl/Updatable\"}}"}]}
RESULT: undefined
COMMAND: POST /session/f818e61000bfc2d0525d87f237023649/execute/async - {"script":"<script> [21 bytes]","args":[{"selector":{"id":"rfm.transactionui::xRFMxCU_TransactionObjectPage--fe::table::_TransactionCFPart::LineItem-innerTable-rows-row1","interaction":{"idSuffix":"col0"}},"wdio_ui5_key":"rfmtransactionui::xRFMxCU_TransactionObjectPage--fe::table::_TransactionCFPart::LineItem-innerTable-rows-row1"}]}
RESULT: {"script":"<script> [21 bytes]","args":[{"selector":{"id":"rfm.transactionui::xRFMxCU_TransactionObjectPage--fe::table::_TransactionCFPart::LineItem-innerTable-rows-row1","interaction":{"idSuffix":"col0"}},"wdio_ui5_key":"rfmtransactionui::xRFMxCU_TransactionObjectPage--fe::table::_TransactionCFPart::LineItem-innerTable-rows-row1"}]}
RESULT: undefined
COMMAND: POST /session/f818e61000bfc2d0525d87f237023649/execute/async - {"script":"<script> [21 bytes]","args":[{"forceSelect":true,"selector":{"controlType":"sap.ui.mdc.field.FieldInput","viewName":"sap.fe.templates.ObjectPage.ObjectPage","viewId":"rfm.transactionui::xRFMxCU_TransactionObjectPage","bindingPath":{"path":"","propertyPath":"/conditions","modelName":"$field"},"ancestor":{"controlType":"sap.ui.mdc.Field","viewName":"sap.fe.templates.ObjectPage.ObjectPage","viewId":"rfm.transactionui::xRFMxCU_TransactionObjectPage","bindingPath":{"path":"/xRFMxCU_Transaction(TransactionId='undefined',IsActiveEntity=false)/_TransactionCFPart(TransactionId='undefined',CashFlowPartType='2',IsActiveEntity=false)","propertyPath":"__EntityControl/Updatable"}},"interaction":{"idSuffix":"inner"}},"wdio_ui5_key":"sapfe.templates.ObjectPage.ObjectPagesap.ui.mdc.field.FieldInput{\"path\":\"\",\"propertyPath\":\"/conditions\",\"modelName\":\"$field\"}{\"controlType\":\"sap.ui.mdc.Field\",\"viewName\":\"sap.fe.templates.ObjectPage.ObjectPage\",\"viewId\":\"rfm.transactionui::xRFMxCU_TransactionObjectPage\",\"bindingPath\":{\"path\":\"/xRFMxCU_Transaction(TransactionId='undefined',IsActiveEntity=false)/_TransactionCFPart(TransactionId='undefined',CashFlowPartType='2',IsActiveEntity=false)\",\"propertyPath\":\"__EntityControl/Updatable\"}}"}]}
RESULT: {"script":"<script> [21 bytes]","args":[{"forceSelect":true,"selector":{"controlType":"sap.ui.mdc.field.FieldInput","viewName":"sap.fe.templates.ObjectPage.ObjectPage","viewId":"rfm.transactionui::xRFMxCU_TransactionObjectPage","bindingPath":{"path":"","propertyPath":"/conditions","modelName":"$field"},"ancestor":{"controlType":"sap.ui.mdc.Field","viewName":"sap.fe.templates.ObjectPage.ObjectPage","viewId":"rfm.transactionui::xRFMxCU_TransactionObjectPage","bindingPath":{"path":"/xRFMxCU_Transaction(TransactionId='undefined',IsActiveEntity=false)/_TransactionCFPart(TransactionId='undefined',CashFlowPartType='2',IsActiveEntity=false)","propertyPath":"__EntityControl/Updatable"}},"interaction":{"idSuffix":"inner"}},"wdio_ui5_key":"sapfe.templates.ObjectPage.ObjectPagesap.ui.mdc.field.FieldInput{\"path\":\"\",\"propertyPath\":\"/conditions\",\"modelName\":\"$field\"}{\"controlType\":\"sap.ui.mdc.Field\",\"viewName\":\"sap.fe.templates.ObjectPage.ObjectPage\",\"viewId\":\"rfm.transactionui::xRFMxCU_TransactionObjectPage\",\"bindingPath\":{\"path\":\"/xRFMxCU_Transaction(TransactionId='undefined',IsActiveEntity=false)/_TransactionCFPart(TransactionId='undefined',CashFlowPartType='2',IsActiveEntity=false)\",\"propertyPath\":\"__EntityControl/Updatable\"}}"}]}
RESULT: undefined
COMMAND: POST /session/f818e61000bfc2d0525d87f237023649/execute/async - {"script":"<script> [21 bytes]","args":[{"selector":{"id":"rfm.transactionui::xRFMxCU_TransactionObjectPage--fe::FooterBar::StandardAction::Save","interaction":{"idSuffix":"BDI-content"}},"wdio_ui5_key":"rfmtransactionui::xRFMxCU_TransactionObjectPage--fe::FooterBar::StandardAction::Save"}]}
RESULT: {"script":"<script> [21 bytes]","args":[{"selector":{"id":"rfm.transactionui::xRFMxCU_TransactionObjectPage--fe::FooterBar::StandardAction::Save","interaction":{"idSuffix":"BDI-content"}},"wdio_ui5_key":"rfmtransactionui::xRFMxCU_TransactionObjectPage--fe::FooterBar::StandardAction::Save"}]}
RESULT: undefined
COMMAND: POST /session/f818e61000bfc2d0525d87f237023649/execute/async - {"script":"<script> [21 bytes]","args":[{"selector":{"id":"rfm.transactionui::xRFMxCU_TransactionObjectPage--fe::FooterBar::MessageButton-img"},"wdio_ui5_key":"rfmtransactionui::xRFMxCU_TransactionObjectPage--fe::FooterBar::MessageButton-img"}]}
RESULT: {"script":"<script> [21 bytes]","args":[{"selector":{"id":"rfm.transactionui::xRFMxCU_TransactionObjectPage--fe::FooterBar::MessageButton-img"},"wdio_ui5_key":"rfmtransactionui::xRFMxCU_TransactionObjectPage--fe::FooterBar::MessageButton-img"}]}
RESULT: undefined
COMMAND: POST /session/f818e61000bfc2d0525d87f237023649/execute/async - {"script":"<script> [21 bytes]","args":[{"selector":{"id":"rfm.transactionui::xRFMxCU_TransactionObjectPage--fe::DataFieldForAction::com.sap.gateway.srvd.rfm.ui_transaction.v0001.Fix::com.sap.gateway.srvd.rfm.ui_transaction.v0001.xRFMxCU_TransactionType","interaction":{"idSuffix":"BDI-content"}},"wdio_ui5_key":"rfmtransactionui::xRFMxCU_TransactionObjectPage--fe::DataFieldForAction::com.sap.gateway.srvd.rfm.ui_transaction.v0001.Fix::com.sap.gateway.srvd.rfm.ui_transaction.v0001.xRFMxCU_TransactionType"}]}
RESULT: {"script":"<script> [21 bytes]","args":[{"selector":{"id":"rfm.transactionui::xRFMxCU_TransactionObjectPage--fe::DataFieldForAction::com.sap.gateway.srvd.rfm.ui_transaction.v0001.Fix::com.sap.gateway.srvd.rfm.ui_transaction.v0001.xRFMxCU_TransactionType","interaction":{"idSuffix":"BDI-content"}},"wdio_ui5_key":"rfmtransactionui::xRFMxCU_TransactionObjectPage--fe::DataFieldForAction::com.sap.gateway.srvd.rfm.ui_transaction.v0001.Fix::com.sap.gateway.srvd.rfm.ui_transaction.v0001.xRFMxCU_TransactionType"}]}
RESULT: undefined
COMMAND: POST /session/f818e61000bfc2d0525d87f237023649/execute/async - {"script":"<script> [21 bytes]","args":[{"selector":{"controlType":"sap.m.Text","properties":{"text":"Success"},"searchOpenDialogs":true},"wdio_ui5_key":"sapm.Text{\"text\":\"Success\"}"}]}
RESULT: {"script":"<script> [21 bytes]","args":[{"selector":{"controlType":"sap.m.Text","properties":{"text":"Success"},"searchOpenDialogs":true},"wdio_ui5_key":"sapm.Text{\"text\":\"Success\"}"}]}
RESULT: undefined
COMMAND: GET /session/f818e61000bfc2d0525d87f237023649/screenshot - {}
COMMAND: GET /session/f818e61000bfc2d0525d87f237023649/screenshot - {}
RESULT: {}
RESULT: {}
]]></system-out>
      <system-err><![CDATA[
Error: expect(received).toEqual(expected) // deep equality

Expected: "Success"
Received: undefined
    at Context.<anonymous> (D:\a\1\s\test\specs\BusinessOperations\Buyback.spec.js:1887:35)
]]></system-err>
    </testcase>
    <testcase classname="chrome.140_0_7339_208.windows.Buyback" name="Should create Transaction" time="41.985">
      <failure/>
      <error message="expect(received).toEqual(expected) // deep equality&#xA;&#xA;Expected: &quot;Success&quot;&#xA;Received: undefined"/>
      <system-out><![CDATA[
RESULT: undefined
RESULT: undefined
RESULT: undefined
RESULT: undefined
RESULT: undefined
RESULT: undefined
COMMAND: POST /session/f818e61000bfc2d0525d87f237023649/execute/async - {"script":"<script> [21 bytes]","args":[{"forceSelect":true,"selector":{"controlType":"sap.m.Button","viewName":"sap.fe.templates.ObjectPage.ObjectPage","viewId":"rfm.transactionui::xRFMxCU_TransactionObjectPage","properties":{"text":"Continue"},"searchOpenDialogs":true,"interaction":{"idSuffix":"BDI-content"}},"wdio_ui5_key":"sapfe.templates.ObjectPage.ObjectPagesap.m.Button{\"text\":\"Continue\"}"}]}
RESULT: {"script":"<script> [21 bytes]","args":[{"forceSelect":true,"selector":{"controlType":"sap.m.Button","viewName":"sap.fe.templates.ObjectPage.ObjectPage","viewId":"rfm.transactionui::xRFMxCU_TransactionObjectPage","properties":{"text":"Continue"},"searchOpenDialogs":true,"interaction":{"idSuffix":"BDI-content"}},"wdio_ui5_key":"sapfe.templates.ObjectPage.ObjectPagesap.m.Button{\"text\":\"Continue\"}"}]}
RESULT: undefined
RESULT: undefined
RESULT: undefined
RESULT: undefined
RESULT: undefined
RESULT: undefined
RESULT: undefined
RESULT: undefined
RESULT: undefined
COMMAND: POST /session/f818e61000bfc2d0525d87f237023649/execute/async - {"script":"<script> [21 bytes]","args":[{"forceSelect":true,"selector":{"controlType":"sap.ui.mdc.field.FieldInput","viewName":"sap.fe.templates.ObjectPage.ObjectPage","viewId":"rfm.transactionui::xRFMxCU_TransactionObjectPage","bindingPath":{"path":"","propertyPath":"/conditions","modelName":"$field"},"ancestor":{"controlType":"sap.ui.mdc.Field","viewName":"sap.fe.templates.ObjectPage.ObjectPage","viewId":"rfm.transactionui::xRFMxCU_TransactionObjectPage","bindingPath":{"path":"/xRFMxCU_Transaction(TransactionId='undefined',IsActiveEntity=false)/_TransactionCFPart(TransactionId='undefined',CashFlowPartType='2',IsActiveEntity=false)","propertyPath":"__EntityControl/Updatable"}},"interaction":{"idSuffix":"inner"}},"wdio_ui5_key":"sapfe.templates.ObjectPage.ObjectPagesap.ui.mdc.field.FieldInput{\"path\":\"\",\"propertyPath\":\"/conditions\",\"modelName\":\"$field\"}{\"controlType\":\"sap.ui.mdc.Field\",\"viewName\":\"sap.fe.templates.ObjectPage.ObjectPage\",\"viewId\":\"rfm.transactionui::xRFMxCU_TransactionObjectPage\",\"bindingPath\":{\"path\":\"/xRFMxCU_Transaction(TransactionId='undefined',IsActiveEntity=false)/_TransactionCFPart(TransactionId='undefined',CashFlowPartType='2',IsActiveEntity=false)\",\"propertyPath\":\"__EntityControl/Updatable\"}}"}]}
RESULT: {"script":"<script> [21 bytes]","args":[{"forceSelect":true,"selector":{"controlType":"sap.ui.mdc.field.FieldInput","viewName":"sap.fe.templates.ObjectPage.ObjectPage","viewId":"rfm.transactionui::xRFMxCU_TransactionObjectPage","bindingPath":{"path":"","propertyPath":"/conditions","modelName":"$field"},"ancestor":{"controlType":"sap.ui.mdc.Field","viewName":"sap.fe.templates.ObjectPage.ObjectPage","viewId":"rfm.transactionui::xRFMxCU_TransactionObjectPage","bindingPath":{"path":"/xRFMxCU_Transaction(TransactionId='undefined',IsActiveEntity=false)/_TransactionCFPart(TransactionId='undefined',CashFlowPartType='2',IsActiveEntity=false)","propertyPath":"__EntityControl/Updatable"}},"interaction":{"idSuffix":"inner"}},"wdio_ui5_key":"sapfe.templates.ObjectPage.ObjectPagesap.ui.mdc.field.FieldInput{\"path\":\"\",\"propertyPath\":\"/conditions\",\"modelName\":\"$field\"}{\"controlType\":\"sap.ui.mdc.Field\",\"viewName\":\"sap.fe.templates.ObjectPage.ObjectPage\",\"viewId\":\"rfm.transactionui::xRFMxCU_TransactionObjectPage\",\"bindingPath\":{\"path\":\"/xRFMxCU_Transaction(TransactionId='undefined',IsActiveEntity=false)/_TransactionCFPart(TransactionId='undefined',CashFlowPartType='2',IsActiveEntity=false)\",\"propertyPath\":\"__EntityControl/Updatable\"}}"}]}
RESULT: undefined
RESULT: undefined
RESULT: undefined
RESULT: undefined
RESULT: undefined
COMMAND: GET /session/f818e61000bfc2d0525d87f237023649/screenshot - {}
COMMAND: GET /session/f818e61000bfc2d0525d87f237023649/screenshot - {}
RESULT: {}
RESULT: {}
]]></system-out>
      <system-err><![CDATA[
Error: expect(received).toEqual(expected) // deep equality

Expected: "Success"
Received: undefined
    at Context.<anonymous> (D:\a\1\s\test\specs\BusinessOperations\Buyback.spec.js:1887:35)
]]></system-err>
    </testcase>
    <testcase classname="chrome.140_0_7339_208.windows.Buyback" name="Should create a Buyback" time="17.202">
      <system-out><![CDATA[
COMMAND: POST /session/f818e61000bfc2d0525d87f237023649/execute/async - {"script":"<script> [21 bytes]","args":[{"selector":{"controlType":"sap.m.GenericTile","properties":{"header":"Buyback"}},"wdio_ui5_key":"sapm.GenericTile{\"header\":\"Buyback\"}"}]}
COMMAND: GET /session/f818e61000bfc2d0525d87f237023649/screenshot - {}
RESULT: {"script":"<script> [21 bytes]","args":[{"selector":{"controlType":"sap.m.GenericTile","properties":{"header":"Buyback"}},"wdio_ui5_key":"sapm.GenericTile{\"header\":\"Buyback\"}"}]}
RESULT: undefined
COMMAND: POST /session/f818e61000bfc2d0525d87f237023649/execute/async - {"script":"<script> [21 bytes]","args":[{"selector":{"id":"rfm.buybackui::xRFMxCU_BuybackList--fe::table::allTab::LineItem::StandardAction::Create"},"wdio_ui5_key":"rfmbuybackui::xRFMxCU_BuybackList--fe::table::allTab::LineItem::StandardAction::Create"}]}
RESULT: {}
RESULT: {"script":"<script> [21 bytes]","args":[{"selector":{"id":"rfm.buybackui::xRFMxCU_BuybackList--fe::table::allTab::LineItem::StandardAction::Create"},"wdio_ui5_key":"rfmbuybackui::xRFMxCU_BuybackList--fe::table::allTab::LineItem::StandardAction::Create"}]}
RESULT: undefined
COMMAND: POST /session/f818e61000bfc2d0525d87f237023649/execute/async - {"script":"<script> [21 bytes]","args":[{"selector":{"id":"CreateDialog::xRFMxCU_BuybackType::TransactionId-inner-vhi","searchOpenDialogs":true},"wdio_ui5_key":"CreateDialogxRFMxCU_BuybackType::TransactionId-inner-vhi"}]}
RESULT: {"script":"<script> [21 bytes]","args":[{"selector":{"id":"CreateDialog::xRFMxCU_BuybackType::TransactionId-inner-vhi","searchOpenDialogs":true},"wdio_ui5_key":"CreateDialogxRFMxCU_BuybackType::TransactionId-inner-vhi"}]}
RESULT: undefined
COMMAND: POST /session/f818e61000bfc2d0525d87f237023649/execute/async - {"script":"<script> [21 bytes]","args":[{"selector":{"id":"TransactionId::VH::Dialog::qualifier::-search-inner","searchOpenDialogs":true,"interaction":{"idSuffix":"I"}},"wdio_ui5_key":"TransactionIdVH::Dialog::qualifier::-search-inner"}]}
RESULT: {"script":"<script> [21 bytes]","args":[{"selector":{"id":"TransactionId::VH::Dialog::qualifier::-search-inner","searchOpenDialogs":true,"interaction":{"idSuffix":"I"}},"wdio_ui5_key":"TransactionIdVH::Dialog::qualifier::-search-inner"}]}
RESULT: undefined
COMMAND: POST /session/f818e61000bfc2d0525d87f237023649/execute/async - {"script":"<script> [21 bytes]","args":[{"selector":{"controlType":"sap.fe.macros.controls.FieldWrapper","viewName":"sap.fe.templates.ObjectPage.ObjectPage","viewId":"rfm.buybackui::xRFMxCU_BuybackObjectPage","searchOpenDialogs":true,"descendant":{"controlType":"sap.m.Text","viewName":"sap.fe.templates.ObjectPage.ObjectPage","viewId":"rfm.buybackui::xRFMxCU_BuybackObjectPage","bindingPath":{"path":"/xRFMxCH_TransactionName('undefined')","propertyPath":"TransactionId"},"searchOpenDialogs":true}},"wdio_ui5_key":"sapfe.templates.ObjectPage.ObjectPagesap.fe.macros.controls.FieldWrapper{\"controlType\":\"sap.m.Text\",\"viewName\":\"sap.fe.templates.ObjectPage.ObjectPage\",\"viewId\":\"rfm.buybackui::xRFMxCU_BuybackObjectPage\",\"bindingPath\":{\"path\":\"/xRFMxCH_TransactionName('undefined')\",\"propertyPath\":\"TransactionId\"},\"searchOpenDialogs\":true}"}]}
RESULT: {"script":"<script> [21 bytes]","args":[{"selector":{"controlType":"sap.fe.macros.controls.FieldWrapper","viewName":"sap.fe.templates.ObjectPage.ObjectPage","viewId":"rfm.buybackui::xRFMxCU_BuybackObjectPage","searchOpenDialogs":true,"descendant":{"controlType":"sap.m.Text","viewName":"sap.fe.templates.ObjectPage.ObjectPage","viewId":"rfm.buybackui::xRFMxCU_BuybackObjectPage","bindingPath":{"path":"/xRFMxCH_TransactionName('undefined')","propertyPath":"TransactionId"},"searchOpenDialogs":true}},"wdio_ui5_key":"sapfe.templates.ObjectPage.ObjectPagesap.fe.macros.controls.FieldWrapper{\"controlType\":\"sap.m.Text\",\"viewName\":\"sap.fe.templates.ObjectPage.ObjectPage\",\"viewId\":\"rfm.buybackui::xRFMxCU_BuybackObjectPage\",\"bindingPath\":{\"path\":\"/xRFMxCH_TransactionName('undefined')\",\"propertyPath\":\"TransactionId\"},\"searchOpenDialogs\":true}"}]}
RESULT: undefined
COMMAND: POST /session/f818e61000bfc2d0525d87f237023649/execute/async - {"script":"<script> [21 bytes]","args":[{"selector":{"id":"CreateDialog::xRFMxCU_BuybackType::CalculationDate-inner","searchOpenDialogs":true,"interaction":{"idSuffix":"inner"}},"wdio_ui5_key":"CreateDialogxRFMxCU_BuybackType::CalculationDate-inner"}]}
RESULT: {"script":"<script> [21 bytes]","args":[{"selector":{"id":"CreateDialog::xRFMxCU_BuybackType::CalculationDate-inner","searchOpenDialogs":true,"interaction":{"idSuffix":"inner"}},"wdio_ui5_key":"CreateDialogxRFMxCU_BuybackType::CalculationDate-inner"}]}
RESULT: undefined
COMMAND: POST /session/f818e61000bfc2d0525d87f237023649/execute/async - {"script":"<script> [21 bytes]","args":[{"selector":{"id":"CreateDialog::xRFMxCU_BuybackType::CalculdationDateIncluded-inner","searchOpenDialogs":true,"interaction":{"idSuffix":"inner"}},"wdio_ui5_key":"CreateDialogxRFMxCU_BuybackType::CalculdationDateIncluded-inner"}]}
RESULT: {"script":"<script> [21 bytes]","args":[{"selector":{"id":"CreateDialog::xRFMxCU_BuybackType::CalculdationDateIncluded-inner","searchOpenDialogs":true,"interaction":{"idSuffix":"inner"}},"wdio_ui5_key":"CreateDialogxRFMxCU_BuybackType::CalculdationDateIncluded-inner"}]}
RESULT: undefined
COMMAND: POST /session/f818e61000bfc2d0525d87f237023649/execute/async - {"script":"<script> [21 bytes]","args":[{"forceSelect":true,"selector":{"controlType":"sap.m.Button","properties":{"text":"Continue"},"searchOpenDialogs":true},"wdio_ui5_key":"sapm.Button{\"text\":\"Continue\"}"}]}
RESULT: {"script":"<script> [21 bytes]","args":[{"forceSelect":true,"selector":{"controlType":"sap.m.Button","properties":{"text":"Continue"},"searchOpenDialogs":true},"wdio_ui5_key":"sapm.Button{\"text\":\"Continue\"}"}]}
RESULT: undefined
COMMAND: POST /session/f818e61000bfc2d0525d87f237023649/execute/async - {"script":"<script> [21 bytes]","args":[{"selector":{"id":"rfm.buybackui::xRFMxCU_BuybackObjectPage--fe::FormContainer::FieldGroup::buybackDetailsGP1::FormElement::DataField::DueDate::Field-edit","interaction":{"idSuffix":"inner"}},"wdio_ui5_key":"rfmbuybackui::xRFMxCU_BuybackObjectPage--fe::FormContainer::FieldGroup::buybackDetailsGP1::FormElement::DataField::DueDate::Field-edit"}]}
RESULT: {"script":"<script> [21 bytes]","args":[{"selector":{"id":"rfm.buybackui::xRFMxCU_BuybackObjectPage--fe::FormContainer::FieldGroup::buybackDetailsGP1::FormElement::DataField::DueDate::Field-edit","interaction":{"idSuffix":"inner"}},"wdio_ui5_key":"rfmbuybackui::xRFMxCU_BuybackObjectPage--fe::FormContainer::FieldGroup::buybackDetailsGP1::FormElement::DataField::DueDate::Field-edit"}]}
RESULT: undefined
COMMAND: POST /session/f818e61000bfc2d0525d87f237023649/execute/async - {"script":"<script> [21 bytes]","args":[{"selector":{"id":"rfm.buybackui::xRFMxCU_BuybackObjectPage--fe::FormContainer::FieldGroup::buybackDetailsGP1::FormElement::DataField::PaymentDate::Field-edit","interaction":{"idSuffix":"inner"}},"wdio_ui5_key":"rfmbuybackui::xRFMxCU_BuybackObjectPage--fe::FormContainer::FieldGroup::buybackDetailsGP1::FormElement::DataField::PaymentDate::Field-edit"}]}
RESULT: {"script":"<script> [21 bytes]","args":[{"selector":{"id":"rfm.buybackui::xRFMxCU_BuybackObjectPage--fe::FormContainer::FieldGroup::buybackDetailsGP1::FormElement::DataField::PaymentDate::Field-edit","interaction":{"idSuffix":"inner"}},"wdio_ui5_key":"rfmbuybackui::xRFMxCU_BuybackObjectPage--fe::FormContainer::FieldGroup::buybackDetailsGP1::FormElement::DataField::PaymentDate::Field-edit"}]}
RESULT: undefined
COMMAND: POST /session/f818e61000bfc2d0525d87f237023649/execute/async - {"script":"<script> [21 bytes]","args":[{"selector":{"id":"rfm.buybackui::xRFMxCU_BuybackObjectPage--fe::FormContainer::FieldGroup::buybackDetailsGP1::FormElement::DataField::PostDate::Field-edit","interaction":{"idSuffix":"inner"}},"wdio_ui5_key":"rfmbuybackui::xRFMxCU_BuybackObjectPage--fe::FormContainer::FieldGroup::buybackDetailsGP1::FormElement::DataField::PostDate::Field-edit"}]}
RESULT: {"script":"<script> [21 bytes]","args":[{"selector":{"id":"rfm.buybackui::xRFMxCU_BuybackObjectPage--fe::FormContainer::FieldGroup::buybackDetailsGP1::FormElement::DataField::PostDate::Field-edit","interaction":{"idSuffix":"inner"}},"wdio_ui5_key":"rfmbuybackui::xRFMxCU_BuybackObjectPage--fe::FormContainer::FieldGroup::buybackDetailsGP1::FormElement::DataField::PostDate::Field-edit"}]}
RESULT: undefined
COMMAND: POST /session/f818e61000bfc2d0525d87f237023649/execute/async - {"script":"<script> [21 bytes]","args":[{"selector":{"id":"rfm.buybackui::xRFMxCU_BuybackObjectPage--fe::FormContainer::FieldGroup::buybackDetailsGP1::FormElement::DataField::Purpose::Field-edit","interaction":{"idSuffix":"inner"}},"wdio_ui5_key":"rfmbuybackui::xRFMxCU_BuybackObjectPage--fe::FormContainer::FieldGroup::buybackDetailsGP1::FormElement::DataField::Purpose::Field-edit"}]}
RESULT: {"script":"<script> [21 bytes]","args":[{"selector":{"id":"rfm.buybackui::xRFMxCU_BuybackObjectPage--fe::FormContainer::FieldGroup::buybackDetailsGP1::FormElement::DataField::Purpose::Field-edit","interaction":{"idSuffix":"inner"}},"wdio_ui5_key":"rfmbuybackui::xRFMxCU_BuybackObjectPage--fe::FormContainer::FieldGroup::buybackDetailsGP1::FormElement::DataField::Purpose::Field-edit"}]}
RESULT: undefined
COMMAND: POST /session/f818e61000bfc2d0525d87f237023649/execute/async - {"script":"<script> [21 bytes]","args":[{"selector":{"id":"rfm.buybackui::xRFMxCU_BuybackObjectPage--fe::FormContainer::FieldGroup::buybackDetailsGP1::FormElement::DataField::InterestCalculationMethod::Field-edit-inner-vhi"},"wdio_ui5_key":"rfmbuybackui::xRFMxCU_BuybackObjectPage--fe::FormContainer::FieldGroup::buybackDetailsGP1::FormElement::DataField::InterestCalculationMethod::Field-edit-inner-vhi"}]}
RESULT: {"script":"<script> [21 bytes]","args":[{"selector":{"id":"rfm.buybackui::xRFMxCU_BuybackObjectPage--fe::FormContainer::FieldGroup::buybackDetailsGP1::FormElement::DataField::InterestCalculationMethod::Field-edit-inner-vhi"},"wdio_ui5_key":"rfmbuybackui::xRFMxCU_BuybackObjectPage--fe::FormContainer::FieldGroup::buybackDetailsGP1::FormElement::DataField::InterestCalculationMethod::Field-edit-inner-vhi"}]}
RESULT: undefined
COMMAND: POST /session/f818e61000bfc2d0525d87f237023649/execute/async - {"script":"<script> [21 bytes]","args":[{"selector":{"id":"rfm.buybackui::xRFMxCU_BuybackObjectPage--fe::FormContainer::FieldGroup::buybackDetailsGP1::FormElement::DataField::InterestCalculationType::Field-edit-inner-vhi"},"wdio_ui5_key":"rfmbuybackui::xRFMxCU_BuybackObjectPage--fe::FormContainer::FieldGroup::buybackDetailsGP1::FormElement::DataField::InterestCalculationType::Field-edit-inner-vhi"}]}
RESULT: {"script":"<script> [21 bytes]","args":[{"selector":{"id":"rfm.buybackui::xRFMxCU_BuybackObjectPage--fe::FormContainer::FieldGroup::buybackDetailsGP1::FormElement::DataField::InterestCalculationType::Field-edit-inner-vhi"},"wdio_ui5_key":"rfmbuybackui::xRFMxCU_BuybackObjectPage--fe::FormContainer::FieldGroup::buybackDetailsGP1::FormElement::DataField::InterestCalculationType::Field-edit-inner-vhi"}]}
RESULT: undefined
COMMAND: POST /session/f818e61000bfc2d0525d87f237023649/execute/async - {"script":"<script> [21 bytes]","args":[{"selector":{"id":"rfm.buybackui::xRFMxCU_BuybackObjectPage--fe::FooterBar::StandardAction::Save","interaction":{"idSuffix":"BDI-content"}},"wdio_ui5_key":"rfmbuybackui::xRFMxCU_BuybackObjectPage--fe::FooterBar::StandardAction::Save"}]}
RESULT: {"script":"<script> [21 bytes]","args":[{"selector":{"id":"rfm.buybackui::xRFMxCU_BuybackObjectPage--fe::FooterBar::StandardAction::Save","interaction":{"idSuffix":"BDI-content"}},"wdio_ui5_key":"rfmbuybackui::xRFMxCU_BuybackObjectPage--fe::FooterBar::StandardAction::Save"}]}
RESULT: undefined
COMMAND: POST /session/f818e61000bfc2d0525d87f237023649/execute/async - {"script":"<script> [21 bytes]","args":[{"selector":{"id":"rfm.buybackui::xRFMxCU_BuybackObjectPage--fe::FooterBar::MessageButton-img"},"wdio_ui5_key":"rfmbuybackui::xRFMxCU_BuybackObjectPage--fe::FooterBar::MessageButton-img"}]}
RESULT: {"script":"<script> [21 bytes]","args":[{"selector":{"id":"rfm.buybackui::xRFMxCU_BuybackObjectPage--fe::FooterBar::MessageButton-img"},"wdio_ui5_key":"rfmbuybackui::xRFMxCU_BuybackObjectPage--fe::FooterBar::MessageButton-img"}]}
RESULT: undefined
COMMAND: GET /session/f818e61000bfc2d0525d87f237023649/url - {}
RESULT: {}
COMMAND: GET /session/f818e61000bfc2d0525d87f237023649/screenshot - {}
]]></system-out>
    </testcase>
    <testcase classname="chrome.140_0_7339_208.windows.Buyback" name="Should check if the right transaction is present and navigate to it" time="1.778">
      <skipped/>
      <system-out><![CDATA[
COMMAND: GET /session/f818e61000bfc2d0525d87f237023649/screenshot - {}
COMMAND: POST /session/f818e61000bfc2d0525d87f237023649/execute/async - {"script":"<script> [21 bytes]","args":[{"selector":{"id":"rfm.buybackui::xRFMxCU_BuybackObjectPage--fe::ObjectPage-anchBar-rfm.buybackui::xRFMxCU_BuybackObjectPage--fe::FacetSection::TransactionDetails-anchor"},"wdio_ui5_key":"rfmbuybackui::xRFMxCU_BuybackObjectPage--fe::ObjectPage-anchBar-rfm.buybackui::xRFMxCU_BuybackObjectPage--fe::FacetSection::TransactionDetails-anchor"}]}
RESULT: {}
RESULT: {"script":"<script> [21 bytes]","args":[{"selector":{"id":"rfm.buybackui::xRFMxCU_BuybackObjectPage--fe::ObjectPage-anchBar-rfm.buybackui::xRFMxCU_BuybackObjectPage--fe::FacetSection::TransactionDetails-anchor"},"wdio_ui5_key":"rfmbuybackui::xRFMxCU_BuybackObjectPage--fe::ObjectPage-anchBar-rfm.buybackui::xRFMxCU_BuybackObjectPage--fe::FacetSection::TransactionDetails-anchor"}]}
RESULT: undefined
COMMAND: POST /session/f818e61000bfc2d0525d87f237023649/execute/async - {"script":"<script> [21 bytes]","args":[{"selector":{"id":"rfm.buybackui::xRFMxCU_BuybackObjectPage--fe::FormContainer::FieldGroup::transactionDetailsGP1::FormElement::DataFieldWithIntentBasedNavigation::TransactionId::FundingTransaction::Manage::Field-display"},"wdio_ui5_key":"rfmbuybackui::xRFMxCU_BuybackObjectPage--fe::FormContainer::FieldGroup::transactionDetailsGP1::FormElement::DataFieldWithIntentBasedNavigation::TransactionId::FundingTransaction::Manage::Field-display"}]}
RESULT: {}
RESULT: {"script":"<script> [21 bytes]","args":[{"selector":{"id":"rfm.buybackui::xRFMxCU_BuybackObjectPage--fe::FormContainer::FieldGroup::transactionDetailsGP1::FormElement::DataFieldWithIntentBasedNavigation::TransactionId::FundingTransaction::Manage::Field-display"},"wdio_ui5_key":"rfmbuybackui::xRFMxCU_BuybackObjectPage--fe::FormContainer::FieldGroup::transactionDetailsGP1::FormElement::DataFieldWithIntentBasedNavigation::TransactionId::FundingTransaction::Manage::Field-display"}]}
RESULT: undefined
COMMAND: GET /session/f818e61000bfc2d0525d87f237023649/screenshot - {}
COMMAND: GET /session/f818e61000bfc2d0525d87f237023649/screenshot - {}
RESULT: {}
]]></system-out>
      <system-err><![CDATA[
Error: TransactionId before navigation is undefined
    at Context.<anonymous> (D:\a\1\s\test\specs\BusinessOperations\Buyback.spec.js:2257:27)
]]></system-err>
    </testcase>
    <testcase classname="chrome.140_0_7339_208.windows.Buyback" name="Should check if the right transaction is present and navigate to it" time="0.546">
      <failure/>
      <error message="TransactionId before navigation is undefined"/>
      <system-out><![CDATA[
RESULT: undefined
RESULT: undefined
COMMAND: GET /session/f818e61000bfc2d0525d87f237023649/screenshot - {}
COMMAND: GET /session/f818e61000bfc2d0525d87f237023649/screenshot - {}
RESULT: {}
RESULT: {}
]]></system-out>
      <system-err><![CDATA[
Error: TransactionId before navigation is undefined
    at Context.<anonymous> (D:\a\1\s\test\specs\BusinessOperations\Buyback.spec.js:2257:27)
]]></system-err>
    </testcase>
    <testcase classname="chrome.140_0_7339_208.windows.Buyback" name="Should check navigation from one asset from Available Assets section" time="4.419">
      <skipped/>
      <system-out><![CDATA[
COMMAND: POST /session/f818e61000bfc2d0525d87f237023649/execute/async - {"script":"<script> [21 bytes]","args":[{"selector":{"id":"rfm.buybackui::xRFMxCU_BuybackObjectPage--fe::ObjectPage-anchBar-rfm.buybackui::xRFMxCU_BuybackObjectPage--fe::FacetSection::BuybackAvailableAssets-anchor"},"wdio_ui5_key":"rfmbuybackui::xRFMxCU_BuybackObjectPage--fe::ObjectPage-anchBar-rfm.buybackui::xRFMxCU_BuybackObjectPage--fe::FacetSection::BuybackAvailableAssets-anchor"}]}
COMMAND: GET /session/f818e61000bfc2d0525d87f237023649/screenshot - {}
RESULT: {}
RESULT: {"script":"<script> [21 bytes]","args":[{"selector":{"id":"rfm.buybackui::xRFMxCU_BuybackObjectPage--fe::ObjectPage-anchBar-rfm.buybackui::xRFMxCU_BuybackObjectPage--fe::FacetSection::BuybackAvailableAssets-anchor"},"wdio_ui5_key":"rfmbuybackui::xRFMxCU_BuybackObjectPage--fe::ObjectPage-anchBar-rfm.buybackui::xRFMxCU_BuybackObjectPage--fe::FacetSection::BuybackAvailableAssets-anchor"}]}
RESULT: undefined
RESULT: {}
COMMAND: POST /session/f818e61000bfc2d0525d87f237023649/execute/async - {"script":"<script> [21 bytes]","args":[{"selector":{"controlType":"sap.m.Link","viewName":"sap.fe.templates.ObjectPage.ObjectPage","viewId":"rfm.buybackui::xRFMxCU_BuybackObjectPage","bindingPath":{"path":"/xRFMxCU_Buyback(BuybackId=,IsActiveEntity=true)/_BuybackAvailableAsset(BuybackId=,AssetId=)","propertyPath":"AssetIdExtern"}},"wdio_ui5_key":"sapfe.templates.ObjectPage.ObjectPagesap.m.Link{\"path\":\"/xRFMxCU_Buyback(BuybackId=,IsActiveEntity=true)/_BuybackAvailableAsset(BuybackId=,AssetId=)\",\"propertyPath\":\"AssetIdExtern\"}"}]}
RESULT: {"script":"<script> [21 bytes]","args":[{"selector":{"controlType":"sap.m.Link","viewName":"sap.fe.templates.ObjectPage.ObjectPage","viewId":"rfm.buybackui::xRFMxCU_BuybackObjectPage","bindingPath":{"path":"/xRFMxCU_Buyback(BuybackId=,IsActiveEntity=true)/_BuybackAvailableAsset(BuybackId=,AssetId=)","propertyPath":"AssetIdExtern"}},"wdio_ui5_key":"sapfe.templates.ObjectPage.ObjectPagesap.m.Link{\"path\":\"/xRFMxCU_Buyback(BuybackId=,IsActiveEntity=true)/_BuybackAvailableAsset(BuybackId=,AssetId=)\",\"propertyPath\":\"AssetIdExtern\"}"}]}
RESULT: undefined
COMMAND: GET /session/f818e61000bfc2d0525d87f237023649/screenshot - {}
COMMAND: GET /session/f818e61000bfc2d0525d87f237023649/screenshot - {}
RESULT: {}
]]></system-out>
      <system-err><![CDATA[
TypeError: linkControl.getText is not a function
    at Context.<anonymous> (D:\a\1\s\test\specs\BusinessOperations\Buyback.spec.js:2319:62)
]]></system-err>
    </testcase>
    <testcase classname="chrome.140_0_7339_208.windows.Buyback" name="Should check navigation from one asset from Available Assets section" time="3.535">
      <failure/>
      <error message="linkControl.getText is not a function"/>
      <system-out><![CDATA[
RESULT: undefined
RESULT: {}
RESULT: undefined
COMMAND: GET /session/f818e61000bfc2d0525d87f237023649/screenshot - {}
COMMAND: GET /session/f818e61000bfc2d0525d87f237023649/screenshot - {}
RESULT: {}
RESULT: {}
]]></system-out>
      <system-err><![CDATA[
TypeError: linkControl.getText is not a function
    at Context.<anonymous> (D:\a\1\s\test\specs\BusinessOperations\Buyback.spec.js:2319:62)
]]></system-err>
    </testcase>
    <testcase classname="chrome.140_0_7339_208.windows.Buyback" name="Should check addition of Available assets to the buyback assets" time="6.956">
      <skipped/>
      <system-out><![CDATA[
RESULT: undefined
COMMAND: GET /session/f818e61000bfc2d0525d87f237023649/screenshot - {}
RESULT: {}
COMMAND: POST /session/f818e61000bfc2d0525d87f237023649/execute/async - {"script":"<script> [21 bytes]","args":[{"selector":{"id":"rfm.buybackui::xRFMxCU_BuybackObjectPage--fe::table::_BuybackAvailableAsset::LineItem-settings-img"},"wdio_ui5_key":"rfmbuybackui::xRFMxCU_BuybackObjectPage--fe::table::_BuybackAvailableAsset::LineItem-settings-img"}]}
RESULT: {"script":"<script> [21 bytes]","args":[{"selector":{"id":"rfm.buybackui::xRFMxCU_BuybackObjectPage--fe::table::_BuybackAvailableAsset::LineItem-settings-img"},"wdio_ui5_key":"rfmbuybackui::xRFMxCU_BuybackObjectPage--fe::table::_BuybackAvailableAsset::LineItem-settings-img"}]}
RESULT: undefined
COMMAND: POST /session/f818e61000bfc2d0525d87f237023649/execute/async - {"script":"<script> [21 bytes]","args":[{"forceSelect":true,"selector":{"controlType":"sap.m.IconTabFilter","viewName":"sap.fe.templates.ObjectPage.ObjectPage","viewId":"rfm.buybackui::xRFMxCU_BuybackObjectPage","properties":{"text":"Filter"},"searchOpenDialogs":true,"interaction":{"idSuffix":"text"}},"wdio_ui5_key":"sapfe.templates.ObjectPage.ObjectPagesap.m.IconTabFilter{\"text\":\"Filter\"}"}]}
RESULT: {"script":"<script> [21 bytes]","args":[{"forceSelect":true,"selector":{"controlType":"sap.m.IconTabFilter","viewName":"sap.fe.templates.ObjectPage.ObjectPage","viewId":"rfm.buybackui::xRFMxCU_BuybackObjectPage","properties":{"text":"Filter"},"searchOpenDialogs":true,"interaction":{"idSuffix":"text"}},"wdio_ui5_key":"sapfe.templates.ObjectPage.ObjectPagesap.m.IconTabFilter{\"text\":\"Filter\"}"}]}
RESULT: undefined
COMMAND: POST /session/f818e61000bfc2d0525d87f237023649/execute/async - {"script":"<script> [21 bytes]","args":[{"selector":{"controlType":"sap.m.ComboBox","viewName":"sap.fe.templates.ObjectPage.ObjectPage","viewId":"rfm.buybackui::xRFMxCU_BuybackObjectPage","properties":{"valueState":"None"},"searchOpenDialogs":true,"interaction":{"idSuffix":"inner"}},"wdio_ui5_key":"sapfe.templates.ObjectPage.ObjectPagesap.m.ComboBox{\"valueState\":\"None\"}"}]}
[...]
RESULT: {"script":"<script> [21 bytes]","args":[{"selector":{"id":"rfm.buybackui::xRFMxCU_BuybackObjectPage--fe::table::_BuybackAvailableAsset::LineItem::AdaptationFilterField::AssetIdExtern-inner","searchOpenDialogs":true,"interaction":{"idSuffix":"inner"}},"wdio_ui5_key":"rfmbuybackui::xRFMxCU_BuybackObjectPage--fe::table::_BuybackAvailableAsset::LineItem::AdaptationFilterField::AssetIdExtern-inner"}]}
RESULT: undefined
COMMAND: POST /session/f818e61000bfc2d0525d87f237023649/execute/async - {"script":"<script> [21 bytes]","args":[{"forceSelect":true,"selector":{"controlType":"sap.m.Button","viewName":"sap.fe.templates.ObjectPage.ObjectPage","viewId":"rfm.buybackui::xRFMxCU_BuybackObjectPage","bindingPath":{"path":"","propertyPath":"/confirmText","modelName":"$p13nPopupLocalization"},"searchOpenDialogs":true,"interaction":{"idSuffix":"BDI-content"}},"wdio_ui5_key":"sapfe.templates.ObjectPage.ObjectPagesap.m.Button{\"path\":\"\",\"propertyPath\":\"/confirmText\",\"modelName\":\"$p13nPopupLocalization\"}"}]}
RESULT: {"script":"<script> [21 bytes]","args":[{"forceSelect":true,"selector":{"controlType":"sap.m.Button","viewName":"sap.fe.templates.ObjectPage.ObjectPage","viewId":"rfm.buybackui::xRFMxCU_BuybackObjectPage","bindingPath":{"path":"","propertyPath":"/confirmText","modelName":"$p13nPopupLocalization"},"searchOpenDialogs":true,"interaction":{"idSuffix":"BDI-content"}},"wdio_ui5_key":"sapfe.templates.ObjectPage.ObjectPagesap.m.Button{\"path\":\"\",\"propertyPath\":\"/confirmText\",\"modelName\":\"$p13nPopupLocalization\"}"}]}
RESULT: undefined
RESULT: undefined
COMMAND: GET /session/f818e61000bfc2d0525d87f237023649/screenshot - {}
COMMAND: GET /session/f818e61000bfc2d0525d87f237023649/screenshot - {}
RESULT: {}
RESULT: {}
]]></system-out>
      <system-err><![CDATA[
Error: AssetIdExternBeforeAddition is undefined
    at Context.<anonymous> (D:\a\1\s\test\specs\BusinessOperations\Buyback.spec.js:2513:19)
]]></system-err>
    </testcase>
    <testcase classname="chrome.140_0_7339_208.windows.Buyback" name="Should check addition of Available assets to the buyback assets" time="5.464">
      <failure/>
      <error message="AssetIdExternBeforeAddition is undefined"/>
      <system-out><![CDATA[
RESULT: undefined
RESULT: undefined
COMMAND: POST /session/f818e61000bfc2d0525d87f237023649/execute/async - {"script":"<script> [21 bytes]","args":[{"forceSelect":true,"selector":{"controlType":"sap.m.IconTabFilter","viewName":"sap.fe.templates.ObjectPage.ObjectPage","viewId":"rfm.buybackui::xRFMxCU_BuybackObjectPage","properties":{"text":"Filter"},"searchOpenDialogs":true,"interaction":{"idSuffix":"text"}},"wdio_ui5_key":"sapfe.templates.ObjectPage.ObjectPagesap.m.IconTabFilter{\"text\":\"Filter\"}"}]}
RESULT: {"script":"<script> [21 bytes]","args":[{"forceSelect":true,"selector":{"controlType":"sap.m.IconTabFilter","viewName":"sap.fe.templates.ObjectPage.ObjectPage","viewId":"rfm.buybackui::xRFMxCU_BuybackObjectPage","properties":{"text":"Filter"},"searchOpenDialogs":true,"interaction":{"idSuffix":"text"}},"wdio_ui5_key":"sapfe.templates.ObjectPage.ObjectPagesap.m.IconTabFilter{\"text\":\"Filter\"}"}]}
RESULT: undefined
RESULT: undefined
RESULT: undefined
COMMAND: POST /session/f818e61000bfc2d0525d87f237023649/execute/async - {"script":"<script> [21 bytes]","args":[{"forceSelect":true,"selector":{"controlType":"sap.m.Button","viewName":"sap.fe.templates.ObjectPage.ObjectPage","viewId":"rfm.buybackui::xRFMxCU_BuybackObjectPage","bindingPath":{"path":"","propertyPath":"/confirmText","modelName":"$p13nPopupLocalization"},"searchOpenDialogs":true,"interaction":{"idSuffix":"BDI-content"}},"wdio_ui5_key":"sapfe.templates.ObjectPage.ObjectPagesap.m.Button{\"path\":\"\",\"propertyPath\":\"/confirmText\",\"modelName\":\"$p13nPopupLocalization\"}"}]}
RESULT: {"script":"<script> [21 bytes]","args":[{"forceSelect":true,"selector":{"controlType":"sap.m.Button","viewName":"sap.fe.templates.ObjectPage.ObjectPage","viewId":"rfm.buybackui::xRFMxCU_BuybackObjectPage","bindingPath":{"path":"","propertyPath":"/confirmText","modelName":"$p13nPopupLocalization"},"searchOpenDialogs":true,"interaction":{"idSuffix":"BDI-content"}},"wdio_ui5_key":"sapfe.templates.ObjectPage.ObjectPagesap.m.Button{\"path\":\"\",\"propertyPath\":\"/confirmText\",\"modelName\":\"$p13nPopupLocalization\"}"}]}
RESULT: undefined
RESULT: undefined
COMMAND: GET /session/f818e61000bfc2d0525d87f237023649/screenshot - {}
COMMAND: GET /session/f818e61000bfc2d0525d87f237023649/screenshot - {}
RESULT: {}
RESULT: {}
]]></system-out>
      <system-err><![CDATA[
Error: AssetIdExternBeforeAddition is undefined
    at Context.<anonymous> (D:\a\1\s\test\specs\BusinessOperations\Buyback.spec.js:2513:19)
]]></system-err>
    </testcase>
    <testcase classname="chrome.140_0_7339_208.windows.Buyback" name="Should check navigation from one asset from Buyback Assets section" time="1.609">
      <skipped/>
      <system-out><![CDATA[
COMMAND: POST /session/f818e61000bfc2d0525d87f237023649/execute/async - {"script":"<script> [21 bytes]","args":[{"selector":{"id":"rfm.buybackui::xRFMxCU_BuybackObjectPage--fe::ObjectPage-anchBar-rfm.buybackui::xRFMxCU_BuybackObjectPage--fe::FacetSection::BuybackAsset-anchor","interaction":{"idSuffix":"text"}},"wdio_ui5_key":"rfmbuybackui::xRFMxCU_BuybackObjectPage--fe::ObjectPage-anchBar-rfm.buybackui::xRFMxCU_BuybackObjectPage--fe::FacetSection::BuybackAsset-anchor"}]}
COMMAND: GET /session/f818e61000bfc2d0525d87f237023649/screenshot - {}
RESULT: {"script":"<script> [21 bytes]","args":[{"selector":{"id":"rfm.buybackui::xRFMxCU_BuybackObjectPage--fe::ObjectPage-anchBar-rfm.buybackui::xRFMxCU_BuybackObjectPage--fe::FacetSection::BuybackAsset-anchor","interaction":{"idSuffix":"text"}},"wdio_ui5_key":"rfmbuybackui::xRFMxCU_BuybackObjectPage--fe::ObjectPage-anchBar-rfm.buybackui::xRFMxCU_BuybackObjectPage--fe::FacetSection::BuybackAsset-anchor"}]}
RESULT: undefined
COMMAND: GET /session/f818e61000bfc2d0525d87f237023649/screenshot - {}
COMMAND: GET /session/f818e61000bfc2d0525d87f237023649/screenshot - {}
RESULT: {}
RESULT: {}
]]></system-out>
      <system-err><![CDATA[
Error: buybackId or assetId is not defined. Ensure these variables are initialized before use.
    at Context.<anonymous> (D:\a\1\s\test\specs\BusinessOperations\Buyback.spec.js:2612:23)
]]></system-err>
    </testcase>
    <testcase classname="chrome.140_0_7339_208.windows.Buyback" name="Should check navigation from one asset from Buyback Assets section" time="0.585">
      <failure/>
      <error message="buybackId or assetId is not defined. Ensure these variables are initialized before use."/>
      <system-out><![CDATA[
RESULT: undefined
COMMAND: GET /session/f818e61000bfc2d0525d87f237023649/screenshot - {}
COMMAND: GET /session/f818e61000bfc2d0525d87f237023649/screenshot - {}
RESULT: {}
RESULT: {}
]]></system-out>
      <system-err><![CDATA[
Error: buybackId or assetId is not defined. Ensure these variables are initialized before use.
    at Context.<anonymous> (D:\a\1\s\test\specs\BusinessOperations\Buyback.spec.js:2612:23)
]]></system-err>
    </testcase>
    <testcase classname="chrome.140_0_7339_208.windows.Buyback" name="Should check the action Execute" time="8.365">
      <skipped/>
      <system-out><![CDATA[
COMMAND: POST /session/f818e61000bfc2d0525d87f237023649/execute/async - {"script":"<script> [21 bytes]","args":[{"selector":{"id":"rfm.buybackui::xRFMxCU_BuybackObjectPage--fe::ObjectPageDynamicHeaderTitle-_actionsToolbar"},"wdio_ui5_key":"rfmbuybackui::xRFMxCU_BuybackObjectPage--fe::ObjectPageDynamicHeaderTitle-_actionsToolbar"}]}
COMMAND: GET /session/f818e61000bfc2d0525d87f237023649/screenshot - {}
RESULT: {}
RESULT: {"script":"<script> [21 bytes]","args":[{"selector":{"id":"rfm.buybackui::xRFMxCU_BuybackObjectPage--fe::ObjectPageDynamicHeaderTitle-_actionsToolbar"},"wdio_ui5_key":"rfmbuybackui::xRFMxCU_BuybackObjectPage--fe::ObjectPageDynamicHeaderTitle-_actionsToolbar"}]}
RESULT: undefined
COMMAND: POST /session/f818e61000bfc2d0525d87f237023649/execute/async - {"script":"<script> [21 bytes]","args":[{"selector":{"id":"rfm.buybackui::xRFMxCU_BuybackObjectPage--fe::DataFieldForAction::com.sap.gateway.srvd.rfm.ui_buyback.v0001.Execute::com.sap.gateway.srvd.rfm.ui_buyback.v0001.xRFMxCU_BuybackType","interaction":{"idSuffix":"BDI-content"}},"wdio_ui5_key":"rfmbuybackui::xRFMxCU_BuybackObjectPage--fe::DataFieldForAction::com.sap.gateway.srvd.rfm.ui_buyback.v0001.Execute::com.sap.gateway.srvd.rfm.ui_buyback.v0001.xRFMxCU_BuybackType"}]}
RESULT: {}
RESULT: {"script":"<script> [21 bytes]","args":[{"selector":{"id":"rfm.buybackui::xRFMxCU_BuybackObjectPage--fe::DataFieldForAction::com.sap.gateway.srvd.rfm.ui_buyback.v0001.Execute::com.sap.gateway.srvd.rfm.ui_buyback.v0001.xRFMxCU_BuybackType","interaction":{"idSuffix":"BDI-content"}},"wdio_ui5_key":"rfmbuybackui::xRFMxCU_BuybackObjectPage--fe::DataFieldForAction::com.sap.gateway.srvd.rfm.ui_buyback.v0001.Execute::com.sap.gateway.srvd.rfm.ui_buyback.v0001.xRFMxCU_BuybackType"}]}
RESULT: undefined
COMMAND: POST /session/f818e61000bfc2d0525d87f237023649/execute/async - {"script":"<script> [21 bytes]","args":[{"selector":{"id":"rfm.buybackui::xRFMxCU_BuybackObjectPage--fe::ObjectPageDynamicHeaderTitle-expandBtn-img"},"wdio_ui5_key":"rfmbuybackui::xRFMxCU_BuybackObjectPage--fe::ObjectPageDynamicHeaderTitle-expandBtn-img"}]}
RESULT: {"script":"<script> [21 bytes]","args":[{"selector":{"id":"rfm.buybackui::xRFMxCU_BuybackObjectPage--fe::ObjectPageDynamicHeaderTitle-expandBtn-img"},"wdio_ui5_key":"rfmbuybackui::xRFMxCU_BuybackObjectPage--fe::ObjectPageDynamicHeaderTitle-expandBtn-img"}]}
RESULT: undefined
COMMAND: POST /session/f818e61000bfc2d0525d87f237023649/execute/async - {"script":"<script> [21 bytes]","args":[{"selector":{"controlType":"sap.m.ObjectStatus","viewName":"sap.fe.templates.ObjectPage.ObjectPage","viewId":"rfm.buybackui::xRFMxCU_BuybackObjectPage","bindingPath":{"path":"/xRFMxCU_Buyback(BuybackId=,IsActiveEntity=true)","propertyPath":"com.sap.gateway.srvd.rfm.ui_buyback.v0001.xRFMxCU_BuybackType@com.sap.vocabularies.UI.v1.DataPoint#BuybackStatusDP@$ui5.fe.virtual.criticality"},"interaction":{"idSuffix":"text"}},"wdio_ui5_key":"sapfe.templates.ObjectPage.ObjectPagesap.m.ObjectStatus{\"path\":\"/xRFMxCU_Buyback(BuybackId=,IsActiveEntity=true)\",\"propertyPath\":\"com.sap.gateway.srvd.rfm.ui_buyback.v0001.xRFMxCU_BuybackType@com.sap.vocabularies.UI.v1.DataPoint#BuybackStatusDP@$ui5.fe.virtual.criticality\"}"}]}
RESULT: {"script":"<script> [21 bytes]","args":[{"selector":{"controlType":"sap.m.ObjectStatus","viewName":"sap.fe.templates.ObjectPage.ObjectPage","viewId":"rfm.buybackui::xRFMxCU_BuybackObjectPage","bindingPath":{"path":"/xRFMxCU_Buyback(BuybackId=,IsActiveEntity=true)","propertyPath":"com.sap.gateway.srvd.rfm.ui_buyback.v0001.xRFMxCU_BuybackType@com.sap.vocabularies.UI.v1.DataPoint#BuybackStatusDP@$ui5.fe.virtual.criticality"},"interaction":{"idSuffix":"text"}},"wdio_ui5_key":"sapfe.templates.ObjectPage.ObjectPagesap.m.ObjectStatus{\"path\":\"/xRFMxCU_Buyback(BuybackId=,IsActiveEntity=true)\",\"propertyPath\":\"com.sap.gateway.srvd.rfm.ui_buyback.v0001.xRFMxCU_BuybackType@com.sap.vocabularies.UI.v1.DataPoint#BuybackStatusDP@$ui5.fe.virtual.criticality\"}"}]}
RESULT: undefined
COMMAND: GET /session/f818e61000bfc2d0525d87f237023649/screenshot - {}
COMMAND: GET /session/f818e61000bfc2d0525d87f237023649/screenshot - {}
RESULT: {}
]]></system-out>
      <system-err><![CDATA[
Error: expect(received).toEqual(expected) // deep equality

Expected: "Processed"
Received: undefined
    at Context.<anonymous> (D:\a\1\s\test\specs\BusinessOperations\Buyback.spec.js:2743:30)
]]></system-err>
    </testcase>
    <testcase classname="chrome.140_0_7339_208.windows.Buyback" name="Should check the action Execute" time="5.52">
      <failure/>
      <error message="expect(received).toEqual(expected) // deep equality&#xA;&#xA;Expected: &quot;Processed&quot;&#xA;Received: undefined"/>
      <system-out><![CDATA[
RESULT: undefined
RESULT: undefined
RESULT: {}
RESULT: undefined
RESULT: undefined
COMMAND: GET /session/f818e61000bfc2d0525d87f237023649/screenshot - {}
COMMAND: GET /session/f818e61000bfc2d0525d87f237023649/screenshot - {}
RESULT: {}
RESULT: {}
]]></system-out>
      <system-err><![CDATA[
Error: expect(received).toEqual(expected) // deep equality

Expected: "Processed"
Received: undefined
    at Context.<anonymous> (D:\a\1\s\test\specs\BusinessOperations\Buyback.spec.js:2743:30)
]]></system-err>
    </testcase>
    <testcase classname="chrome.140_0_7339_208.windows.Buyback" name="Should check the action Cancel" time="3.984">
      <skipped/>
      <system-out><![CDATA[
RESULT: undefined
COMMAND: POST /session/f818e61000bfc2d0525d87f237023649/execute/async - {"script":"<script> [21 bytes]","args":[{"selector":{"id":"rfm.buybackui::xRFMxCU_BuybackObjectPage--fe::DataFieldForAction::com.sap.gateway.srvd.rfm.ui_buyback.v0001.Cancel::com.sap.gateway.srvd.rfm.ui_buyback.v0001.xRFMxCU_BuybackType","interaction":{"idSuffix":"inner"}},"wdio_ui5_key":"rfmbuybackui::xRFMxCU_BuybackObjectPage--fe::DataFieldForAction::com.sap.gateway.srvd.rfm.ui_buyback.v0001.Cancel::com.sap.gateway.srvd.rfm.ui_buyback.v0001.xRFMxCU_BuybackType"}]}
COMMAND: GET /session/f818e61000bfc2d0525d87f237023649/screenshot - {}
RESULT: {"script":"<script> [21 bytes]","args":[{"selector":{"id":"rfm.buybackui::xRFMxCU_BuybackObjectPage--fe::DataFieldForAction::com.sap.gateway.srvd.rfm.ui_buyback.v0001.Cancel::com.sap.gateway.srvd.rfm.ui_buyback.v0001.xRFMxCU_BuybackType","interaction":{"idSuffix":"inner"}},"wdio_ui5_key":"rfmbuybackui::xRFMxCU_BuybackObjectPage--fe::DataFieldForAction::com.sap.gateway.srvd.rfm.ui_buyback.v0001.Cancel::com.sap.gateway.srvd.rfm.ui_buyback.v0001.xRFMxCU_BuybackType"}]}
RESULT: undefined
COMMAND: POST /session/f818e61000bfc2d0525d87f237023649/execute/async - {"script":"<script> [21 bytes]","args":[{"forceSelect":true,"selector":{"controlType":"sap.m.Button","properties":{"text":"OK"},"searchOpenDialogs":true,"interaction":{"idSuffix":"content"}},"wdio_ui5_key":"sapm.Button{\"text\":\"OK\"}"}]}
RESULT: {}
RESULT: {"script":"<script> [21 bytes]","args":[{"forceSelect":true,"selector":{"controlType":"sap.m.Button","properties":{"text":"OK"},"searchOpenDialogs":true,"interaction":{"idSuffix":"content"}},"wdio_ui5_key":"sapm.Button{\"text\":\"OK\"}"}]}
RESULT: undefined
RESULT: undefined
COMMAND: GET /session/f818e61000bfc2d0525d87f237023649/screenshot - {}
COMMAND: GET /session/f818e61000bfc2d0525d87f237023649/screenshot - {}
RESULT: {}
RESULT: {}
]]></system-out>
      <system-err><![CDATA[
Error: expect(received).toEqual(expected) // deep equality

Expected: "Cancelled"
Received: undefined
    at Context.<anonymous> (D:\a\1\s\test\specs\BusinessOperations\Buyback.spec.js:2790:34)
]]></system-err>
    </testcase>
    <testcase classname="chrome.140_0_7339_208.windows.Buyback" name="Should check the action Cancel" time="2.958">
      <failure/>
      <error message="expect(received).toEqual(expected) // deep equality&#xA;&#xA;Expected: &quot;Cancelled&quot;&#xA;Received: undefined"/>
      <system-out><![CDATA[
RESULT: undefined
RESULT: undefined
COMMAND: POST /session/f818e61000bfc2d0525d87f237023649/execute/async - {"script":"<script> [21 bytes]","args":[{"forceSelect":true,"selector":{"controlType":"sap.m.Button","properties":{"text":"OK"},"searchOpenDialogs":true,"interaction":{"idSuffix":"content"}},"wdio_ui5_key":"sapm.Button{\"text\":\"OK\"}"}]}
RESULT: {"script":"<script> [21 bytes]","args":[{"forceSelect":true,"selector":{"controlType":"sap.m.Button","properties":{"text":"OK"},"searchOpenDialogs":true,"interaction":{"idSuffix":"content"}},"wdio_ui5_key":"sapm.Button{\"text\":\"OK\"}"}]}
RESULT: undefined
RESULT: undefined
COMMAND: GET /session/f818e61000bfc2d0525d87f237023649/screenshot - {}
COMMAND: GET /session/f818e61000bfc2d0525d87f237023649/screenshot - {}
RESULT: {}
RESULT: {}
]]></system-out>
      <system-err><![CDATA[
Error: expect(received).toEqual(expected) // deep equality

Expected: "Cancelled"
Received: undefined
    at Context.<anonymous> (D:\a\1\s\test\specs\BusinessOperations\Buyback.spec.js:2790:34)
]]></system-err>
    </testcase>
    <testcase classname="chrome.140_0_7339_208.windows.Buyback" name="Should filter created Buyback" time="7.781">
      <system-out><![CDATA[
COMMAND: POST /session/f818e61000bfc2d0525d87f237023649/execute/async - {"script":"<script> [21 bytes]","args":[{"selector":{"id":"rfm.buybackui::xRFMxCU_BuybackObjectPage--fe::FCLStandardAction::Close","interaction":{"idSuffix":"inner"}},"wdio_ui5_key":"rfmbuybackui::xRFMxCU_BuybackObjectPage--fe::FCLStandardAction::Close"}]}
COMMAND: GET /session/f818e61000bfc2d0525d87f237023649/screenshot - {}
RESULT: {"script":"<script> [21 bytes]","args":[{"selector":{"id":"rfm.buybackui::xRFMxCU_BuybackObjectPage--fe::FCLStandardAction::Close","interaction":{"idSuffix":"inner"}},"wdio_ui5_key":"rfmbuybackui::xRFMxCU_BuybackObjectPage--fe::FCLStandardAction::Close"}]}
RESULT: undefined
COMMAND: POST /session/f818e61000bfc2d0525d87f237023649/execute/async - {"script":"<script> [21 bytes]","args":[{"selector":{"id":"rfm.buybackui::xRFMxCU_BuybackList--fe::FilterBar::xRFMxCU_Buyback::FilterField::TransactionId-inner","interaction":{"idSuffix":"inner"}},"wdio_ui5_key":"rfmbuybackui::xRFMxCU_BuybackList--fe::FilterBar::xRFMxCU_Buyback::FilterField::TransactionId-inner"}]}
RESULT: {}
RESULT: {"script":"<script> [21 bytes]","args":[{"selector":{"id":"rfm.buybackui::xRFMxCU_BuybackList--fe::FilterBar::xRFMxCU_Buyback::FilterField::TransactionId-inner","interaction":{"idSuffix":"inner"}},"wdio_ui5_key":"rfmbuybackui::xRFMxCU_BuybackList--fe::FilterBar::xRFMxCU_Buyback::FilterField::TransactionId-inner"}]}
RESULT: undefined
COMMAND: POST /session/f818e61000bfc2d0525d87f237023649/execute/async - {"script":"<script> [21 bytes]","args":[{"selector":{"id":"rfm.buybackui::xRFMxCU_BuybackList--fe::FilterBar::xRFMxCU_Buyback-btnSearch","interaction":{"idSuffix":"content"}},"wdio_ui5_key":"rfmbuybackui::xRFMxCU_BuybackList--fe::FilterBar::xRFMxCU_Buyback-btnSearch"}]}
RESULT: {"script":"<script> [21 bytes]","args":[{"selector":{"id":"rfm.buybackui::xRFMxCU_BuybackList--fe::FilterBar::xRFMxCU_Buyback-btnSearch","interaction":{"idSuffix":"content"}},"wdio_ui5_key":"rfmbuybackui::xRFMxCU_BuybackList--fe::FilterBar::xRFMxCU_Buyback-btnSearch"}]}
RESULT: undefined
COMMAND: POST /session/f818e61000bfc2d0525d87f237023649/execute/async - {"script":"<script> [21 bytes]","args":[{"selector":{"controlType":"sap.m.Link","viewName":"sap.fe.templates.ListReport.ListReport","viewId":"rfm.buybackui::xRFMxCU_BuybackList","bindingPath":{"path":"/xRFMxCU_Buyback(BuybackId=,IsActiveEntity=true)","propertyPath":"TransactionId"}},"wdio_ui5_key":"sapfe.templates.ListReport.ListReportsap.m.Link{\"path\":\"/xRFMxCU_Buyback(BuybackId=,IsActiveEntity=true)\",\"propertyPath\":\"TransactionId\"}"}]}
RESULT: {"script":"<script> [21 bytes]","args":[{"selector":{"controlType":"sap.m.Link","viewName":"sap.fe.templates.ListReport.ListReport","viewId":"rfm.buybackui::xRFMxCU_BuybackList","bindingPath":{"path":"/xRFMxCU_Buyback(BuybackId=,IsActiveEntity=true)","propertyPath":"TransactionId"}},"wdio_ui5_key":"sapfe.templates.ListReport.ListReportsap.m.Link{\"path\":\"/xRFMxCU_Buyback(BuybackId=,IsActiveEntity=true)\",\"propertyPath\":\"TransactionId\"}"}]}
RESULT: undefined
COMMAND: GET /session/f818e61000bfc2d0525d87f237023649/screenshot - {}
COMMAND: DELETE /session/f818e61000bfc2d0525d87f237023649 - {}
COMMAND: GET /session/f818e61000bfc2d0525d87f237023649/screenshot - {}
RESULT: {}
]]></system-out>
    </testcase>
  </testsuite>
</testsuites>