<?xml version="1.0" encoding="UTF-8"?>
<testsuites tests="12" failures="4" errors="4" skipped="4">
  <testsuite timestamp="2025-09-27T00:38:46" time="326.405" tests="12" failures="4" errors="4" skipped="4">
    <properties>
      <property name="specId" value="0"/>
      <property name="suiteName" value="Trigger"/>
      <property name="capabilities" value="chrome.140_0_7339_186.windows"/>
      <property name="file" value="file:///D:/a/1/s/test/specs/BusinessObjects/Trigger.spec.js"/>
    </properties>
    <testcase classname="chrome.140_0_7339_186.windows.Trigger" name="Should create Program" time="57.869">
      <system-out><![CDATA[
COMMAND: POST /session/6d64be70e224d73ff9ab56daeaa3d772/execute/async - {"script":"<script> [21 bytes]","args":[{"selector":{"controlType":"sap.m.GenericTile","properties":{"header":"Funding Program"}},"wdio_ui5_key":"sapm.GenericTile{\"header\":\"Funding Program\"}"}]}
RESULT: {"script":"<script> [21 bytes]","args":[{"selector":{"controlType":"sap.m.GenericTile","properties":{"header":"Funding Program"}},"wdio_ui5_key":"sapm.GenericTile{\"header\":\"Funding Program\"}"}]}
RESULT: undefined
COMMAND: POST /session/6d64be70e224d73ff9ab56daeaa3d772/element - {"using":"xpath","value":"//*[@id=\"__tile30\"]"}
RESULT: {"using":"xpath","value":"//*[@id=\"__tile30\"]"}
COMMAND: POST /session/6d64be70e224d73ff9ab56daeaa3d772/element/f.EEA2CF73FE9AFAF004EEDC8AAC890562.d.C14A2ED22F89AC4BAB693F45A8E90AF3.e.71/click - {}
RESULT: {}
COMMAND: POST /session/6d64be70e224d73ff9ab56daeaa3d772/execute/async - {"script":"<script> [21 bytes]","args":[{"selector":{"id":"rfm.programui::xRFMxCU_ProgramList--fe::table::allTab::LineItem::StandardAction::Create","controlType":"sap.m.Button"},"wdio_ui5_key":"rfmprogramui::xRFMxCU_ProgramList--fe::table::allTab::LineItem::StandardAction::Createsap.m.Button"}]}
COMMAND: GET /session/6d64be70e224d73ff9ab56daeaa3d772/screenshot - {}
RESULT: {"script":"<script> [21 bytes]","args":[{"selector":{"id":"rfm.programui::xRFMxCU_ProgramList--fe::table::allTab::LineItem::StandardAction::Create","controlType":"sap.m.Button"},"wdio_ui5_key":"rfmprogramui::xRFMxCU_ProgramList--fe::table::allTab::LineItem::StandardAction::Createsap.m.Button"}]}
RESULT: undefined
COMMAND: POST /session/6d64be70e224d73ff9ab56daeaa3d772/element - {"using":"xpath","value":"//*[@id=\"rfm.programui::xRFMxCU_ProgramList--fe::table::allTab::LineItem::StandardAction::Create\"]"}
RESULT: {}
RESULT: {"using":"xpath","value":"//*[@id=\"rfm.programui::xRFMxCU_ProgramList--fe::table::allTab::LineItem::StandardAction::Create\"]"}
COMMAND: POST /session/6d64be70e224d73ff9ab56daeaa3d772/element/f.EEA2CF73FE9AFAF004EEDC8AAC890562.d.C14A2ED22F89AC4BAB693F45A8E90AF3.e.197/click - {}
RESULT: {}
COMMAND: POST /session/6d64be70e224d73ff9ab56daeaa3d772/element - {"using":"css selector","value":"div.sapUiLocalBusyIndicator"}
COMMAND: GET /session/6d64be70e224d73ff9ab56daeaa3d772/screenshot - {}
RESULT: {"using":"css selector","value":"div.sapUiLocalBusyIndicator"}
COMMAND: POST /session/6d64be70e224d73ff9ab56daeaa3d772/execute/sync - {"script":"<script> [21 bytes]","args":[{"element-6066-11e4-a52e-4f735466cecf":"f.EEA2CF73FE9AFAF004EEDC8AAC890562.d.C14A2ED22F89AC4BAB693F45A8E90AF3.e.280","ELEMENT":"f.EEA2CF73FE9AFAF004EEDC8AAC890562.d.C14A2ED22F89AC4BAB693F45A8E90AF3.e.280"}]}
RESULT: {}
RESULT: {"script":"<script> [21 bytes]","args":[{"element-6066-11e4-a52e-4f735466cecf":"f.EEA2CF73FE9AFAF004EEDC8AAC890562.d.C14A2ED22F89AC4BAB693F45A8E90AF3.e.280","ELEMENT":"f.EEA2CF73FE9AFAF004EEDC8AAC890562.d.C14A2ED22F89AC4BAB693F45A8E90AF3.e.280"}]}
COMMAND: POST /session/6d64be70e224d73ff9ab56daeaa3d772/execute/async - {"script":"<script> [21 bytes]","args":[{"selector":{"id":"CreateDialog::xRFMxCU_ProgramType::FundingScope-inner","searchOpenDialogs":true,"interaction":{"idSuffix":"inner"}},"wdio_ui5_key":"CreateDialogxRFMxCU_ProgramType::FundingScope-inner"}]}
COMMAND: GET /session/6d64be70e224d73ff9ab56daeaa3d772/screenshot - {}
RESULT: {"script":"<script> [21 bytes]","args":[{"selector":{"id":"CreateDialog::xRFMxCU_ProgramType::FundingScope-inner","searchOpenDialogs":true,"interaction":{"idSuffix":"inner"}},"wdio_ui5_key":"CreateDialogxRFMxCU_ProgramType::FundingScope-inner"}]}
RESULT: undefined
COMMAND: POST /session/6d64be70e224d73ff9ab56daeaa3d772/execute/async - {"script":"<script> [20 bytes]","args":[{"enterText":"Installment","selector":{"id":"CreateDialog::xRFMxCU_ProgramType::FundingScope-inner","searchOpenDialogs":true,"interaction":{"idSuffix":"inner"}},"clearTextFirst":true,"interactionType":"ENTER_TEXT"}]}
RESULT: {}
RESULT: {"script":"<script> [20 bytes]","args":[{"enterText":"Installment","selector":{"id":"CreateDialog::xRFMxCU_ProgramType::FundingScope-inner","searchOpenDialogs":true,"interaction":{"idSuffix":"inner"}},"clearTextFirst":true,"interactionType":"ENTER_TEXT"}]}
COMMAND: POST /session/6d64be70e224d73ff9ab56daeaa3d772/element - {"using":"css selector","value":"div.sapUiLocalBusyIndicator"}
RESULT: {"using":"css selector","value":"div.sapUiLocalBusyIndicator"}
COMMAND: POST /session/6d64be70e224d73ff9ab56daeaa3d772/execute/sync - {"script":"<script> [21 bytes]","args":[{"element-6066-11e4-a52e-4f735466cecf":"f.EEA2CF73FE9AFAF004EEDC8AAC890562.d.C14A2ED22F89AC4BAB693F45A8E90AF3.e.280","ELEMENT":"f.EEA2CF73FE9AFAF004EEDC8AAC890562.d.C14A2ED22F89AC4BAB693F45A8E90AF3.e.280"}]}
RESULT: {"script":"<script> [21 bytes]","args":[{"element-6066-11e4-a52e-4f735466cecf":"f.EEA2CF73FE9AFAF004EEDC8AAC890562.d.C14A2ED22F89AC4BAB693F45A8E90AF3.e.280","ELEMENT":"f.EEA2CF73FE9AFAF004EEDC8AAC890562.d.C14A2ED22F89AC4BAB693F45A8E90AF3.e.280"}]}
COMMAND: POST /session/6d64be70e224d73ff9ab56daeaa3d772/execute/async - {"script":"<script> [21 bytes]","args":[{"selector":{"id":"CreateDialog::xRFMxCU_ProgramType::ValidFrom-inner","searchOpenDialogs":true,"interaction":{"idSuffix":"inner"}},"wdio_ui5_key":"CreateDialogxRFMxCU_ProgramType::ValidFrom-inner"}]}
COMMAND: GET /session/6d64be70e224d73ff9ab56daeaa3d772/screenshot - {}
RESULT: {"script":"<script> [21 bytes]","args":[{"selector":{"id":"CreateDialog::xRFMxCU_ProgramType::ValidFrom-inner","searchOpenDialogs":true,"interaction":{"idSuffix":"inner"}},"wdio_ui5_key":"CreateDialogxRFMxCU_ProgramType::ValidFrom-inner"}]}
RESULT: undefined
COMMAND: POST /session/6d64be70e224d73ff9ab56daeaa3d772/execute/async - {"script":"<script> [21 bytes]","args":[{"element-6066-11e4-a52e-4f735466cecf":"f.EEA2CF73FE9AFAF004EEDC8AAC890562.d.C14A2ED22F89AC4BAB693F45A8E90AF3.e.269"},"setValue",["2025-01-01"]]}
RESULT: {}
RESULT: {"script":"<script> [21 bytes]","args":[{"element-6066-11e4-a52e-4f735466cecf":"f.EEA2CF73FE9AFAF004EEDC8AAC890562.d.C14A2ED22F89AC4BAB693F45A8E90AF3.e.269"},"setValue",["2025-01-01"]]}
COMMAND: POST /session/6d64be70e224d73ff9ab56daeaa3d772/element - {"using":"css selector","value":"div.sapUiLocalBusyIndicator"}
RESULT: {"using":"css selector","value":"div.sapUiLocalBusyIndicator"}
COMMAND: POST /session/6d64be70e224d73ff9ab56daeaa3d772/execute/sync - {"script":"<script> [21 bytes]","args":[{"element-6066-11e4-a52e-4f735466cecf":"f.EEA2CF73FE9AFAF004EEDC8AAC890562.d.C14A2ED22F89AC4BAB693F45A8E90AF3.e.280","ELEMENT":"f.EEA2CF73FE9AFAF004EEDC8AAC890562.d.C14A2ED22F89AC4BAB693F45A8E90AF3.e.280"}]}
RESULT: {"script":"<script> [21 bytes]","args":[{"element-6066-11e4-a52e-4f735466cecf":"f.EEA2CF73FE9AFAF004EEDC8AAC890562.d.C14A2ED22F89AC4BAB693F45A8E90AF3.e.280","ELEMENT":"f.EEA2CF73FE9AFAF004EEDC8AAC890562.d.C14A2ED22F89AC4BAB693F45A8E90AF3.e.280"}]}
COMMAND: POST /session/6d64be70e224d73ff9ab56daeaa3d772/execute/async - {"script":"<script> [21 bytes]","args":[{"selector":{"id":"CreateDialog::xRFMxCU_ProgramType::PortfolioId-inner","searchOpenDialogs":true,"interaction":{"idSuffix":"inner"}},"wdio_ui5_key":"CreateDialogxRFMxCU_ProgramType::PortfolioId-inner"}]}
COMMAND: GET /session/6d64be70e224d73ff9ab56daeaa3d772/screenshot - {}
RESULT: {"script":"<script> [21 bytes]","args":[{"selector":{"id":"CreateDialog::xRFMxCU_ProgramType::PortfolioId-inner","searchOpenDialogs":true,"interaction":{"idSuffix":"inner"}},"wdio_ui5_key":"CreateDialogxRFMxCU_ProgramType::PortfolioId-inner"}]}
RESULT: undefined
COMMAND: POST /session/6d64be70e224d73ff9ab56daeaa3d772/execute/async - {"script":"<script> [20 bytes]","args":[{"enterText":"1","selector":{"id":"CreateDialog::xRFMxCU_ProgramType::PortfolioId-inner","searchOpenDialogs":true,"interaction":{"idSuffix":"inner"}},"clearTextFirst":true,"interactionType":"ENTER_TEXT"}]}
RESULT: {}
RESULT: {"script":"<script> [20 bytes]","args":[{"enterText":"1","selector":{"id":"CreateDialog::xRFMxCU_ProgramType::PortfolioId-inner","searchOpenDialogs":true,"interaction":{"idSuffix":"inner"}},"clearTextFirst":true,"interactionType":"ENTER_TEXT"}]}
COMMAND: POST /session/6d64be70e224d73ff9ab56daeaa3d772/element - {"using":"css selector","value":"div.sapUiLocalBusyIndicator"}
RESULT: {"using":"css selector","value":"div.sapUiLocalBusyIndicator"}
COMMAND: POST /session/6d64be70e224d73ff9ab56daeaa3d772/execute/sync - {"script":"<script> [21 bytes]","args":[{"element-6066-11e4-a52e-4f735466cecf":"f.EEA2CF73FE9AFAF004EEDC8AAC890562.d.C14A2ED22F89AC4BAB693F45A8E90AF3.e.280","ELEMENT":"f.EEA2CF73FE9AFAF004EEDC8AAC890562.d.C14A2ED22F89AC4BAB693F45A8E90AF3.e.280"}]}
RESULT: {"script":"<script> [21 bytes]","args":[{"element-6066-11e4-a52e-4f735466cecf":"f.EEA2CF73FE9AFAF004EEDC8AAC890562.d.C14A2ED22F89AC4BAB693F45A8E90AF3.e.280","ELEMENT":"f.EEA2CF73FE9AFAF004EEDC8AAC890562.d.C14A2ED22F89AC4BAB693F45A8E90AF3.e.280"}]}
COMMAND: POST /session/6d64be70e224d73ff9ab56daeaa3d772/execute/async - {"script":"<script> [21 bytes]","args":[{"selector":{"controlType":"sap.m.Button","viewName":"sap.fe.templates.ObjectPage.ObjectPage","viewId":"rfm.programui::xRFMxCU_ProgramObjectPage","properties":{"text":"Continue"},"searchOpenDialogs":true,"interaction":{"idSuffix":"BDI-content"}},"wdio_ui5_key":"sapfe.templates.ObjectPage.ObjectPagesap.m.Button{\"text\":\"Continue\"}"}]}
COMMAND: GET /session/6d64be70e224d73ff9ab56daeaa3d772/screenshot - {}
RESULT: {"script":"<script> [21 bytes]","args":[{"selector":{"controlType":"sap.m.Button","viewName":"sap.fe.templates.ObjectPage.ObjectPage","viewId":"rfm.programui::xRFMxCU_ProgramObjectPage","properties":{"text":"Continue"},"searchOpenDialogs":true,"interaction":{"idSuffix":"BDI-content"}},"wdio_ui5_key":"sapfe.templates.ObjectPage.ObjectPagesap.m.Button{\"text\":\"Continue\"}"}]}
RESULT: undefined
COMMAND: POST /session/6d64be70e224d73ff9ab56daeaa3d772/element - {"using":"xpath","value":"//*[@id=\"__button198\"]"}
RESULT: {}
RESULT: {"using":"xpath","value":"//*[@id=\"__button198\"]"}
COMMAND: POST /session/6d64be70e224d73ff9ab56daeaa3d772/element/f.EEA2CF73FE9AFAF004EEDC8AAC890562.d.C14A2ED22F89AC4BAB693F45A8E90AF3.e.286/click - {}
RESULT: {}
COMMAND: POST /session/6d64be70e224d73ff9ab56daeaa3d772/element - {"using":"css selector","value":"div.sapUiLocalBusyIndicator"}
COMMAND: GET /session/6d64be70e224d73ff9ab56daeaa3d772/screenshot - {}
RESULT: {"using":"css selector","value":"div.sapUiLocalBusyIndicator"}
COMMAND: POST /session/6d64be70e224d73ff9ab56daeaa3d772/execute/sync - {"script":"<script> [21 bytes]","args":[{"element-6066-11e4-a52e-4f735466cecf":"f.EEA2CF73FE9AFAF004EEDC8AAC890562.d.C14A2ED22F89AC4BAB693F45A8E90AF3.e.287","ELEMENT":"f.EEA2CF73FE9AFAF004EEDC8AAC890562.d.C14A2ED22F89AC4BAB693F45A8E90AF3.e.287"}]}
RESULT: {}
COMMAND: POST /session/6d64be70e224d73ff9ab56daeaa3d772/element - {"using":"css selector","value":"div.sapUiLocalBusyIndicator"}
RESULT: {"using":"css selector","value":"div.sapUiLocalBusyIndicator"}
COMMAND: POST /session/6d64be70e224d73ff9ab56daeaa3d772/element - {"using":"css selector","value":"div.sapUiLocalBusyIndicator"}
RESULT: {"using":"css selector","value":"div.sapUiLocalBusyIndicator"}
COMMAND: POST /session/6d64be70e224d73ff9ab56daeaa3d772/execute/async - {"script":"<script> [21 bytes]","args":[{"selector":{"id":"rfm.programui::xRFMxCU_ProgramObjectPage--fe::CustomSubSection::CustomDetailsSection--fe::FormContainer::FieldGroup::basicData1::FormElement::DataField::Currency::Field-edit-inner","interaction":{"idSuffix":"inner"}},"wdio_ui5_key":"rfmprogramui::xRFMxCU_ProgramObjectPage--fe::CustomSubSection::CustomDetailsSection--fe::FormContainer::FieldGroup::basicData1::FormElement::DataField::Currency::Field-edit-inner"}]}
RESULT: {"script":"<script> [21 bytes]","args":[{"selector":{"id":"rfm.programui::xRFMxCU_ProgramObjectPage--fe::CustomSubSection::CustomDetailsSection--fe::FormContainer::FieldGroup::basicData1::FormElement::DataField::Currency::Field-edit-inner","interaction":{"idSuffix":"inner"}},"wdio_ui5_key":"rfmprogramui::xRFMxCU_ProgramObjectPage--fe::CustomSubSection::CustomDetailsSection--fe::FormContainer::FieldGroup::basicData1::FormElement::DataField::Currency::Field-edit-inner"}]}
RESULT: undefined
COMMAND: POST /session/6d64be70e224d73ff9ab56daeaa3d772/execute/async - {"script":"<script> [20 bytes]","args":[{"enterText":"EUR","selector":{"id":"rfm.programui::xRFMxCU_ProgramObjectPage--fe::CustomSubSection::CustomDetailsSection--fe::FormContainer::FieldGroup::basicData1::FormElement::DataField::Currency::Field-edit-inner","interaction":{"idSuffix":"inner"}},"clearTextFirst":true,"interactionType":"ENTER_TEXT"}]}
RESULT: {"script":"<script> [20 bytes]","args":[{"enterText":"EUR","selector":{"id":"rfm.programui::xRFMxCU_ProgramObjectPage--fe::CustomSubSection::CustomDetailsSection--fe::FormContainer::FieldGroup::basicData1::FormElement::DataField::Currency::Field-edit-inner","interaction":{"idSuffix":"inner"}},"clearTextFirst":true,"interactionType":"ENTER_TEXT"}]}
COMMAND: POST /session/6d64be70e224d73ff9ab56daeaa3d772/element - {"using":"css selector","value":"div.sapUiLocalBusyIndicator"}
RESULT: {"using":"css selector","value":"div.sapUiLocalBusyIndicator"}
COMMAND: POST /session/6d64be70e224d73ff9ab56daeaa3d772/element - {"using":"css selector","value":"div.sapUiLocalBusyIndicator"}
RESULT: {"using":"css selector","value":"div.sapUiLocalBusyIndicator"}
COMMAND: POST /session/6d64be70e224d73ff9ab56daeaa3d772/execute/async - {"script":"<script> [21 bytes]","args":[{"selector":{"id":"rfm.programui::xRFMxCU_ProgramObjectPage--fe::CustomSubSection::CustomDetailsSection--fe::FormContainer::FieldGroup::basicData1::FormElement::DataField::Volume::Field-edit-inner","interaction":{"idSuffix":"inner"}},"wdio_ui5_key":"rfmprogramui::xRFMxCU_ProgramObjectPage--fe::CustomSubSection::CustomDetailsSection--fe::FormContainer::FieldGroup::basicData1::FormElement::DataField::Volume::Field-edit-inner"}]}
RESULT: {"script":"<script> [21 bytes]","args":[{"selector":{"id":"rfm.programui::xRFMxCU_ProgramObjectPage--fe::CustomSubSection::CustomDetailsSection--fe::FormContainer::FieldGroup::basicData1::FormElement::DataField::Volume::Field-edit-inner","interaction":{"idSuffix":"inner"}},"wdio_ui5_key":"rfmprogramui::xRFMxCU_ProgramObjectPage--fe::CustomSubSection::CustomDetailsSection--fe::FormContainer::FieldGroup::basicData1::FormElement::DataField::Volume::Field-edit-inner"}]}
RESULT: undefined
COMMAND: POST /session/6d64be70e224d73ff9ab56daeaa3d772/execute/async - {"script":"<script> [20 bytes]","args":[{"enterText":"1,000,000,000.00","selector":{"id":"rfm.programui::xRFMxCU_ProgramObjectPage--fe::CustomSubSection::CustomDetailsSection--fe::FormContainer::FieldGroup::basicData1::FormElement::DataField::Volume::Field-edit-inner","interaction":{"idSuffix":"inner"}},"clearTextFirst":true,"interactionType":"ENTER_TEXT"}]}
RESULT: {"script":"<script> [20 bytes]","args":[{"enterText":"1,000,000,000.00","selector":{"id":"rfm.programui::xRFMxCU_ProgramObjectPage--fe::CustomSubSection::CustomDetailsSection--fe::FormContainer::FieldGroup::basicData1::FormElement::DataField::Volume::Field-edit-inner","interaction":{"idSuffix":"inner"}},"clearTextFirst":true,"interactionType":"ENTER_TEXT"}]}
COMMAND: POST /session/6d64be70e224d73ff9ab56daeaa3d772/element - {"using":"css selector","value":"div.sapUiLocalBusyIndicator"}
RESULT: {"using":"css selector","value":"div.sapUiLocalBusyIndicator"}
COMMAND: POST /session/6d64be70e224d73ff9ab56daeaa3d772/element - {"using":"css selector","value":"div.sapUiLocalBusyIndicator"}
RESULT: {"using":"css selector","value":"div.sapUiLocalBusyIndicator"}
COMMAND: POST /session/6d64be70e224d73ff9ab56daeaa3d772/execute/async - {"script":"<script> [21 bytes]","args":[{"selector":{"id":"rfm.programui::xRFMxCU_ProgramObjectPage--fe::CustomSubSection::CustomDetailsSection--fe::FormContainer::FieldGroup::basicData1::FormElement::DataField::ValidTo::Field-edit","interaction":{"idSuffix":"inner"}},"wdio_ui5_key":"rfmprogramui::xRFMxCU_ProgramObjectPage--fe::CustomSubSection::CustomDetailsSection--fe::FormContainer::FieldGroup::basicData1::FormElement::DataField::ValidTo::Field-edit"}]}
RESULT: {"script":"<script> [21 bytes]","args":[{"selector":{"id":"rfm.programui::xRFMxCU_ProgramObjectPage--fe::CustomSubSection::CustomDetailsSection--fe::FormContainer::FieldGroup::basicData1::FormElement::DataField::ValidTo::Field-edit","interaction":{"idSuffix":"inner"}},"wdio_ui5_key":"rfmprogramui::xRFMxCU_ProgramObjectPage--fe::CustomSubSection::CustomDetailsSection--fe::FormContainer::FieldGroup::basicData1::FormElement::DataField::ValidTo::Field-edit"}]}
RESULT: undefined
COMMAND: POST /session/6d64be70e224d73ff9ab56daeaa3d772/element - {"using":"css selector","value":"div.sapUiLocalBusyIndicator"}
RESULT: {"using":"css selector","value":"div.sapUiLocalBusyIndicator"}
COMMAND: POST /session/6d64be70e224d73ff9ab56daeaa3d772/element - {"using":"css selector","value":"div.sapUiLocalBusyIndicator"}
RESULT: {"using":"css selector","value":"div.sapUiLocalBusyIndicator"}
COMMAND: POST /session/6d64be70e224d73ff9ab56daeaa3d772/execute/async - {"script":"<script> [21 bytes]","args":[{"selector":{"id":"rfm.programui::xRFMxCU_ProgramObjectPage--fe::CustomSubSection::CustomDetailsSection--fe::FormContainer::FieldGroup::basicData2::FormElement::DataField::CompanyCode::Field-edit-inner","interaction":{"idSuffix":"inner"}},"wdio_ui5_key":"rfmprogramui::xRFMxCU_ProgramObjectPage--fe::CustomSubSection::CustomDetailsSection--fe::FormContainer::FieldGroup::basicData2::FormElement::DataField::CompanyCode::Field-edit-inner"}]}
RESULT: {"script":"<script> [21 bytes]","args":[{"selector":{"id":"rfm.programui::xRFMxCU_ProgramObjectPage--fe::CustomSubSection::CustomDetailsSection--fe::FormContainer::FieldGroup::basicData2::FormElement::DataField::CompanyCode::Field-edit-inner","interaction":{"idSuffix":"inner"}},"wdio_ui5_key":"rfmprogramui::xRFMxCU_ProgramObjectPage--fe::CustomSubSection::CustomDetailsSection--fe::FormContainer::FieldGroup::basicData2::FormElement::DataField::CompanyCode::Field-edit-inner"}]}
RESULT: undefined
COMMAND: POST /session/6d64be70e224d73ff9ab56daeaa3d772/element - {"using":"css selector","value":"div.sapUiLocalBusyIndicator"}
RESULT: {"using":"css selector","value":"div.sapUiLocalBusyIndicator"}
COMMAND: POST /session/6d64be70e224d73ff9ab56daeaa3d772/element - {"using":"css selector","value":"div.sapUiLocalBusyIndicator"}
RESULT: {"using":"css selector","value":"div.sapUiLocalBusyIndicator"}
COMMAND: POST /session/6d64be70e224d73ff9ab56daeaa3d772/execute/async - {"script":"<script> [21 bytes]","args":[{"selector":{"id":"rfm.programui::xRFMxCU_ProgramObjectPage--fe::CustomSubSection::CustomDetailsSection--DetailsFundingTypesTable-content::StandardAction::Create","interaction":{"idSuffix":"BDI-content"}},"wdio_ui5_key":"rfmprogramui::xRFMxCU_ProgramObjectPage--fe::CustomSubSection::CustomDetailsSection--DetailsFundingTypesTable-content::StandardAction::Create"}]}
RESULT: {"script":"<script> [21 bytes]","args":[{"selector":{"id":"rfm.programui::xRFMxCU_ProgramObjectPage--fe::CustomSubSection::CustomDetailsSection--DetailsFundingTypesTable-content::StandardAction::Create","interaction":{"idSuffix":"BDI-content"}},"wdio_ui5_key":"rfmprogramui::xRFMxCU_ProgramObjectPage--fe::CustomSubSection::CustomDetailsSection--DetailsFundingTypesTable-content::StandardAction::Create"}]}
RESULT: undefined
COMMAND: POST /session/6d64be70e224d73ff9ab56daeaa3d772/element - {"using":"xpath","value":"//*[@id=\"rfm.programui::xRFMxCU_ProgramObjectPage--fe::CustomSubSection::CustomDetailsSection--DetailsFundingTypesTable-content::StandardAction::Create\"]"}
RESULT: {"using":"xpath","value":"//*[@id=\"rfm.programui::xRFMxCU_ProgramObjectPage--fe::CustomSubSection::CustomDetailsSection--DetailsFundingTypesTable-content::StandardAction::Create\"]"}
COMMAND: POST /session/6d64be70e224d73ff9ab56daeaa3d772/element/f.EEA2CF73FE9AFAF004EEDC8AAC890562.d.C14A2ED22F89AC4BAB693F45A8E90AF3.e.342/click - {}
RESULT: {}
COMMAND: POST /session/6d64be70e224d73ff9ab56daeaa3d772/element - {"using":"css selector","value":"div.sapUiLocalBusyIndicator"}
COMMAND: GET /session/6d64be70e224d73ff9ab56daeaa3d772/screenshot - {}
RESULT: {"using":"css selector","value":"div.sapUiLocalBusyIndicator"}
COMMAND: POST /session/6d64be70e224d73ff9ab56daeaa3d772/execute/sync - {"script":"<script> [21 bytes]","args":[{"element-6066-11e4-a52e-4f735466cecf":"f.EEA2CF73FE9AFAF004EEDC8AAC890562.d.C14A2ED22F89AC4BAB693F45A8E90AF3.e.516","ELEMENT":"f.EEA2CF73FE9AFAF004EEDC8AAC890562.d.C14A2ED22F89AC4BAB693F45A8E90AF3.e.516"}]}
RESULT: {}
RESULT: {"script":"<script> [21 bytes]","args":[{"element-6066-11e4-a52e-4f735466cecf":"f.EEA2CF73FE9AFAF004EEDC8AAC890562.d.C14A2ED22F89AC4BAB693F45A8E90AF3.e.516","ELEMENT":"f.EEA2CF73FE9AFAF004EEDC8AAC890562.d.C14A2ED22F89AC4BAB693F45A8E90AF3.e.516"}]}
COMMAND: GET /session/6d64be70e224d73ff9ab56daeaa3d772/screenshot - {}
COMMAND: POST /session/6d64be70e224d73ff9ab56daeaa3d772/element - {"using":"css selector","value":"div.sapUiLocalBusyIndicator"}
RESULT: {"using":"css selector","value":"div.sapUiLocalBusyIndicator"}
COMMAND: POST /session/6d64be70e224d73ff9ab56daeaa3d772/execute/sync - {"script":"<script> [21 bytes]","args":[{"element-6066-11e4-a52e-4f735466cecf":"f.EEA2CF73FE9AFAF004EEDC8AAC890562.d.C14A2ED22F89AC4BAB693F45A8E90AF3.e.519","ELEMENT":"f.EEA2CF73FE9AFAF004EEDC8AAC890562.d.C14A2ED22F89AC4BAB693F45A8E90AF3.e.519"}]}
RESULT: {}
RESULT: {"script":"<script> [21 bytes]","args":[{"element-6066-11e4-a52e-4f735466cecf":"f.EEA2CF73FE9AFAF004EEDC8AAC890562.d.C14A2ED22F89AC4BAB693F45A8E90AF3.e.519","ELEMENT":"f.EEA2CF73FE9AFAF004EEDC8AAC890562.d.C14A2ED22F89AC4BAB693F45A8E90AF3.e.519"}]}
COMMAND: POST /session/6d64be70e224d73ff9ab56daeaa3d772/execute/async - {"script":"<script> [21 bytes]","args":[{"selector":{"id":"CreateDialog::xRFMxCU_ProgramFundingTypeType::FundingType-inner","searchOpenDialogs":true,"interaction":{"idSuffix":"inner"}},"wdio_ui5_key":"CreateDialogxRFMxCU_ProgramFundingTypeType::FundingType-inner"}]}
COMMAND: GET /session/6d64be70e224d73ff9ab56daeaa3d772/screenshot - {}
RESULT: {"script":"<script> [21 bytes]","args":[{"selector":{"id":"CreateDialog::xRFMxCU_ProgramFundingTypeType::FundingType-inner","searchOpenDialogs":true,"interaction":{"idSuffix":"inner"}},"wdio_ui5_key":"CreateDialogxRFMxCU_ProgramFundingTypeType::FundingType-inner"}]}
RESULT: undefined
COMMAND: POST /session/6d64be70e224d73ff9ab56daeaa3d772/execute/async - {"script":"<script> [20 bytes]","args":[{"enterText":"30","selector":{"id":"CreateDialog::xRFMxCU_ProgramFundingTypeType::FundingType-inner","searchOpenDialogs":true,"interaction":{"idSuffix":"inner"}},"clearTextFirst":true,"interactionType":"ENTER_TEXT"}]}
RESULT: {}
RESULT: {"script":"<script> [20 bytes]","args":[{"enterText":"30","selector":{"id":"CreateDialog::xRFMxCU_ProgramFundingTypeType::FundingType-inner","searchOpenDialogs":true,"interaction":{"idSuffix":"inner"}},"clearTextFirst":true,"interactionType":"ENTER_TEXT"}]}
COMMAND: POST /session/6d64be70e224d73ff9ab56daeaa3d772/element - {"using":"css selector","value":"div.sapUiLocalBusyIndicator"}
RESULT: {"using":"css selector","value":"div.sapUiLocalBusyIndicator"}
COMMAND: POST /session/6d64be70e224d73ff9ab56daeaa3d772/execute/sync - {"script":"<script> [21 bytes]","args":[{"element-6066-11e4-a52e-4f735466cecf":"f.EEA2CF73FE9AFAF004EEDC8AAC890562.d.C14A2ED22F89AC4BAB693F45A8E90AF3.e.519","ELEMENT":"f.EEA2CF73FE9AFAF004EEDC8AAC890562.d.C14A2ED22F89AC4BAB693F45A8E90AF3.e.519"}]}
RESULT: {"script":"<script> [21 bytes]","args":[{"element-6066-11e4-a52e-4f735466cecf":"f.EEA2CF73FE9AFAF004EEDC8AAC890562.d.C14A2ED22F89AC4BAB693F45A8E90AF3.e.519","ELEMENT":"f.EEA2CF73FE9AFAF004EEDC8AAC890562.d.C14A2ED22F89AC4BAB693F45A8E90AF3.e.519"}]}
COMMAND: POST /session/6d64be70e224d73ff9ab56daeaa3d772/execute/async - {"script":"<script> [21 bytes]","args":[{"selector":{"id":"CreateDialog::xRFMxCU_Program::_AllowedFundingType-footer","searchOpenDialogs":true},"wdio_ui5_key":"CreateDialogxRFMxCU_Program::_AllowedFundingType-footer"}]}
COMMAND: GET /session/6d64be70e224d73ff9ab56daeaa3d772/screenshot - {}
RESULT: {"script":"<script> [21 bytes]","args":[{"selector":{"id":"CreateDialog::xRFMxCU_Program::_AllowedFundingType-footer","searchOpenDialogs":true},"wdio_ui5_key":"CreateDialogxRFMxCU_Program::_AllowedFundingType-footer"}]}
RESULT: undefined
COMMAND: POST /session/6d64be70e224d73ff9ab56daeaa3d772/element - {"using":"xpath","value":"//*[@id=\"CreateDialog::xRFMxCU_Program::_AllowedFundingType-footer\"]"}
RESULT: {}
RESULT: {"using":"xpath","value":"//*[@id=\"CreateDialog::xRFMxCU_Program::_AllowedFundingType-footer\"]"}
COMMAND: POST /session/6d64be70e224d73ff9ab56daeaa3d772/element/f.EEA2CF73FE9AFAF004EEDC8AAC890562.d.C14A2ED22F89AC4BAB693F45A8E90AF3.e.521/click - {}
RESULT: {}
COMMAND: POST /session/6d64be70e224d73ff9ab56daeaa3d772/element - {"using":"css selector","value":"div.sapUiLocalBusyIndicator"}
COMMAND: GET /session/6d64be70e224d73ff9ab56daeaa3d772/screenshot - {}
RESULT: {"using":"css selector","value":"div.sapUiLocalBusyIndicator"}
COMMAND: POST /session/6d64be70e224d73ff9ab56daeaa3d772/execute/sync - {"script":"<script> [21 bytes]","args":[{"element-6066-11e4-a52e-4f735466cecf":"f.EEA2CF73FE9AFAF004EEDC8AAC890562.d.C14A2ED22F89AC4BAB693F45A8E90AF3.e.519","ELEMENT":"f.EEA2CF73FE9AFAF004EEDC8AAC890562.d.C14A2ED22F89AC4BAB693F45A8E90AF3.e.519"}]}
RESULT: {}
RESULT: {"script":"<script> [21 bytes]","args":[{"element-6066-11e4-a52e-4f735466cecf":"f.EEA2CF73FE9AFAF004EEDC8AAC890562.d.C14A2ED22F89AC4BAB693F45A8E90AF3.e.519","ELEMENT":"f.EEA2CF73FE9AFAF004EEDC8AAC890562.d.C14A2ED22F89AC4BAB693F45A8E90AF3.e.519"}]}
COMMAND: POST /session/6d64be70e224d73ff9ab56daeaa3d772/execute/async - {"script":"<script> [21 bytes]","args":[{"forceSelect":true,"selector":{"controlType":"sap.m.Button","viewName":"sap.fe.templates.ObjectPage.ObjectPage","viewId":"rfm.programui::xRFMxCU_Program__AllowedFundingTypeObjectPage","properties":{"text":"Continue"},"searchOpenDialogs":true,"interaction":{"idSuffix":"content"}},"wdio_ui5_key":"sapfe.templates.ObjectPage.ObjectPagesap.m.Button{\"text\":\"Continue\"}"}]}
COMMAND: GET /session/6d64be70e224d73ff9ab56daeaa3d772/screenshot - {}
RESULT: {"script":"<script> [21 bytes]","args":[{"forceSelect":true,"selector":{"controlType":"sap.m.Button","viewName":"sap.fe.templates.ObjectPage.ObjectPage","viewId":"rfm.programui::xRFMxCU_Program__AllowedFundingTypeObjectPage","properties":{"text":"Continue"},"searchOpenDialogs":true,"interaction":{"idSuffix":"content"}},"wdio_ui5_key":"sapfe.templates.ObjectPage.ObjectPagesap.m.Button{\"text\":\"Continue\"}"}]}
RESULT: undefined
COMMAND: POST /session/6d64be70e224d73ff9ab56daeaa3d772/element - {"using":"xpath","value":"//*[@id=\"__button211\"]"}
RESULT: {}
RESULT: {"using":"xpath","value":"//*[@id=\"__button211\"]"}
COMMAND: POST /session/6d64be70e224d73ff9ab56daeaa3d772/element/f.EEA2CF73FE9AFAF004EEDC8AAC890562.d.C14A2ED22F89AC4BAB693F45A8E90AF3.e.523/click - {}
RESULT: {}
COMMAND: POST /session/6d64be70e224d73ff9ab56daeaa3d772/execute/async - {"script":"<script> [21 bytes]","args":[{"selector":{"id":"rfm.programui::xRFMxCU_Program__AllowedFundingTypeObjectPage--fe::FooterBar::_fc"},"wdio_ui5_key":"rfmprogramui::xRFMxCU_Program__AllowedFundingTypeObjectPage--fe::FooterBar::_fc"}]}
COMMAND: GET /session/6d64be70e224d73ff9ab56daeaa3d772/screenshot - {}
RESULT: {"script":"<script> [21 bytes]","args":[{"selector":{"id":"rfm.programui::xRFMxCU_Program__AllowedFundingTypeObjectPage--fe::FooterBar::_fc"},"wdio_ui5_key":"rfmprogramui::xRFMxCU_Program__AllowedFundingTypeObjectPage--fe::FooterBar::_fc"}]}
RESULT: undefined
COMMAND: POST /session/6d64be70e224d73ff9ab56daeaa3d772/element - {"using":"xpath","value":"//*[@id=\"rfm.programui::xRFMxCU_Program__AllowedFundingTypeObjectPage--fe::FooterBar::_fc\"]"}
RESULT: {}
RESULT: {"using":"xpath","value":"//*[@id=\"rfm.programui::xRFMxCU_Program__AllowedFundingTypeObjectPage--fe::FooterBar::_fc\"]"}
COMMAND: POST /session/6d64be70e224d73ff9ab56daeaa3d772/element/f.EEA2CF73FE9AFAF004EEDC8AAC890562.d.C14A2ED22F89AC4BAB693F45A8E90AF3.e.526/click - {}
RESULT: {}
COMMAND: GET /session/6d64be70e224d73ff9ab56daeaa3d772/screenshot - {}
RESULT: {}
COMMAND: POST /session/6d64be70e224d73ff9ab56daeaa3d772/execute/async - {"script":"<script> [21 bytes]","args":[{"forceSelect":true,"selector":{"id":"rfm.programui::xRFMxCU_Program__AllowedFundingTypeObjectPage--fe::FooterBar::StandardAction::Apply"},"wdio_ui5_key":"rfmprogramui::xRFMxCU_Program__AllowedFundingTypeObjectPage--fe::FooterBar::StandardAction::Apply"}]}
RESULT: {"script":"<script> [21 bytes]","args":[{"forceSelect":true,"selector":{"id":"rfm.programui::xRFMxCU_Program__AllowedFundingTypeObjectPage--fe::FooterBar::StandardAction::Apply"},"wdio_ui5_key":"rfmprogramui::xRFMxCU_Program__AllowedFundingTypeObjectPage--fe::FooterBar::StandardAction::Apply"}]}
RESULT: undefined
COMMAND: POST /session/6d64be70e224d73ff9ab56daeaa3d772/element - {"using":"xpath","value":"//*[@id=\"rfm.programui::xRFMxCU_Program__AllowedFundingTypeObjectPage--fe::FooterBar::StandardAction::Apply\"]"}
RESULT: {"using":"xpath","value":"//*[@id=\"rfm.programui::xRFMxCU_Program__AllowedFundingTypeObjectPage--fe::FooterBar::StandardAction::Apply\"]"}
COMMAND: POST /session/6d64be70e224d73ff9ab56daeaa3d772/element/f.EEA2CF73FE9AFAF004EEDC8AAC890562.d.C14A2ED22F89AC4BAB693F45A8E90AF3.e.507/click - {}
RESULT: {}
COMMAND: GET /session/6d64be70e224d73ff9ab56daeaa3d772/screenshot - {}
RESULT: {}
COMMAND: POST /session/6d64be70e224d73ff9ab56daeaa3d772/execute/async - {"script":"<script> [21 bytes]","args":[{"selector":{"id":"rfm.programui::xRFMxCU_ProgramObjectPage--fe::ObjectPage-anchBar-rfm.programui::xRFMxCU_ProgramObjectPage--fe::EditableHeaderSection-anchor","interaction":{"idSuffix":"text"}},"wdio_ui5_key":"rfmprogramui::xRFMxCU_ProgramObjectPage--fe::ObjectPage-anchBar-rfm.programui::xRFMxCU_ProgramObjectPage--fe::EditableHeaderSection-anchor"}]}
RESULT: {"script":"<script> [21 bytes]","args":[{"selector":{"id":"rfm.programui::xRFMxCU_ProgramObjectPage--fe::ObjectPage-anchBar-rfm.programui::xRFMxCU_ProgramObjectPage--fe::EditableHeaderSection-anchor","interaction":{"idSuffix":"text"}},"wdio_ui5_key":"rfmprogramui::xRFMxCU_ProgramObjectPage--fe::ObjectPage-anchBar-rfm.programui::xRFMxCU_ProgramObjectPage--fe::EditableHeaderSection-anchor"}]}
RESULT: undefined
COMMAND: POST /session/6d64be70e224d73ff9ab56daeaa3d772/element - {"using":"css selector","value":"div.sapUiLocalBusyIndicator"}
RESULT: {"using":"css selector","value":"div.sapUiLocalBusyIndicator"}
COMMAND: POST /session/6d64be70e224d73ff9ab56daeaa3d772/element - {"using":"css selector","value":"div.sapUiLocalBusyIndicator"}
RESULT: {"using":"css selector","value":"div.sapUiLocalBusyIndicator"}
COMMAND: POST /session/6d64be70e224d73ff9ab56daeaa3d772/execute/async - {"script":"<script> [21 bytes]","args":[{"selector":{"id":"rfm.programui::xRFMxCU_ProgramObjectPage--fe::HeaderFacet::FormContainer::headerFieldsGP1::FormElement::DataField::Name::Field-edit","interaction":{"idSuffix":"inner"}},"wdio_ui5_key":"rfmprogramui::xRFMxCU_ProgramObjectPage--fe::HeaderFacet::FormContainer::headerFieldsGP1::FormElement::DataField::Name::Field-edit"}]}
RESULT: {"script":"<script> [21 bytes]","args":[{"selector":{"id":"rfm.programui::xRFMxCU_ProgramObjectPage--fe::HeaderFacet::FormContainer::headerFieldsGP1::FormElement::DataField::Name::Field-edit","interaction":{"idSuffix":"inner"}},"wdio_ui5_key":"rfmprogramui::xRFMxCU_ProgramObjectPage--fe::HeaderFacet::FormContainer::headerFieldsGP1::FormElement::DataField::Name::Field-edit"}]}
RESULT: undefined
COMMAND: POST /session/6d64be70e224d73ff9ab56daeaa3d772/element - {"using":"css selector","value":"div.sapUiLocalBusyIndicator"}
RESULT: {"using":"css selector","value":"div.sapUiLocalBusyIndicator"}
COMMAND: POST /session/6d64be70e224d73ff9ab56daeaa3d772/element - {"using":"css selector","value":"div.sapUiLocalBusyIndicator"}
RESULT: {"using":"css selector","value":"div.sapUiLocalBusyIndicator"}
COMMAND: POST /session/6d64be70e224d73ff9ab56daeaa3d772/execute/async - {"script":"<script> [21 bytes]","args":[{"selector":{"id":"rfm.programui::xRFMxCU_ProgramObjectPage--fe::FooterBar::StandardAction::Save","interaction":{"idSuffix":"BDI-content"}},"wdio_ui5_key":"rfmprogramui::xRFMxCU_ProgramObjectPage--fe::FooterBar::StandardAction::Save"}]}
RESULT: {"script":"<script> [21 bytes]","args":[{"selector":{"id":"rfm.programui::xRFMxCU_ProgramObjectPage--fe::FooterBar::StandardAction::Save","interaction":{"idSuffix":"BDI-content"}},"wdio_ui5_key":"rfmprogramui::xRFMxCU_ProgramObjectPage--fe::FooterBar::StandardAction::Save"}]}
RESULT: undefined
COMMAND: POST /session/6d64be70e224d73ff9ab56daeaa3d772/element - {"using":"xpath","value":"//*[@id=\"rfm.programui::xRFMxCU_ProgramObjectPage--fe::FooterBar::StandardAction::Save\"]"}
RESULT: {"using":"xpath","value":"//*[@id=\"rfm.programui::xRFMxCU_ProgramObjectPage--fe::FooterBar::StandardAction::Save\"]"}
COMMAND: POST /session/6d64be70e224d73ff9ab56daeaa3d772/element/f.EEA2CF73FE9AFAF004EEDC8AAC890562.d.C14A2ED22F89AC4BAB693F45A8E90AF3.e.433/click - {}
RESULT: {}
COMMAND: POST /session/6d64be70e224d73ff9ab56daeaa3d772/element - {"using":"css selector","value":"div.sapUiLocalBusyIndicator"}
COMMAND: GET /session/6d64be70e224d73ff9ab56daeaa3d772/screenshot - {}
RESULT: {"using":"css selector","value":"div.sapUiLocalBusyIndicator"}
COMMAND: POST /session/6d64be70e224d73ff9ab56daeaa3d772/execute/sync - {"script":"<script> [21 bytes]","args":[{"element-6066-11e4-a52e-4f735466cecf":"f.EEA2CF73FE9AFAF004EEDC8AAC890562.d.C14A2ED22F89AC4BAB693F45A8E90AF3.e.593","ELEMENT":"f.EEA2CF73FE9AFAF004EEDC8AAC890562.d.C14A2ED22F89AC4BAB693F45A8E90AF3.e.593"}]}
RESULT: {}
RESULT: {"script":"<script> [21 bytes]","args":[{"element-6066-11e4-a52e-4f735466cecf":"f.EEA2CF73FE9AFAF004EEDC8AAC890562.d.C14A2ED22F89AC4BAB693F45A8E90AF3.e.593","ELEMENT":"f.EEA2CF73FE9AFAF004EEDC8AAC890562.d.C14A2ED22F89AC4BAB693F45A8E90AF3.e.593"}]}
COMMAND: POST /session/6d64be70e224d73ff9ab56daeaa3d772/execute/async - {"script":"<script> [21 bytes]","args":[{"selector":{"id":"rfm.programui::xRFMxCU_ProgramObjectPage--fe::HeaderFacet::Form::headerFieldsGP1::DataField::ProgramId::Field-content"},"wdio_ui5_key":"rfmprogramui::xRFMxCU_ProgramObjectPage--fe::HeaderFacet::Form::headerFieldsGP1::DataField::ProgramId::Field-content"}]}
COMMAND: GET /session/6d64be70e224d73ff9ab56daeaa3d772/screenshot - {}
RESULT: {"script":"<script> [21 bytes]","args":[{"selector":{"id":"rfm.programui::xRFMxCU_ProgramObjectPage--fe::HeaderFacet::Form::headerFieldsGP1::DataField::ProgramId::Field-content"},"wdio_ui5_key":"rfmprogramui::xRFMxCU_ProgramObjectPage--fe::HeaderFacet::Form::headerFieldsGP1::DataField::ProgramId::Field-content"}]}
RESULT: undefined
COMMAND: POST /session/6d64be70e224d73ff9ab56daeaa3d772/execute/async - {"script":"<script> [21 bytes]","args":[{"element-6066-11e4-a52e-4f735466cecf":"f.EEA2CF73FE9AFAF004EEDC8AAC890562.d.C14A2ED22F89AC4BAB693F45A8E90AF3.e.373"},"getText",[]]}
RESULT: {}
RESULT: {"script":"<script> [21 bytes]","args":[{"element-6066-11e4-a52e-4f735466cecf":"f.EEA2CF73FE9AFAF004EEDC8AAC890562.d.C14A2ED22F89AC4BAB693F45A8E90AF3.e.373"},"getText",[]]}
COMMAND: POST /session/6d64be70e224d73ff9ab56daeaa3d772/element - {"using":"css selector","value":"div.sapUiLocalBusyIndicator"}
RESULT: {"using":"css selector","value":"div.sapUiLocalBusyIndicator"}
COMMAND: POST /session/6d64be70e224d73ff9ab56daeaa3d772/execute/sync - {"script":"<script> [21 bytes]","args":[{"element-6066-11e4-a52e-4f735466cecf":"f.EEA2CF73FE9AFAF004EEDC8AAC890562.d.C14A2ED22F89AC4BAB693F45A8E90AF3.e.593","ELEMENT":"f.EEA2CF73FE9AFAF004EEDC8AAC890562.d.C14A2ED22F89AC4BAB693F45A8E90AF3.e.593"}]}
RESULT: {"script":"<script> [21 bytes]","args":[{"element-6066-11e4-a52e-4f735466cecf":"f.EEA2CF73FE9AFAF004EEDC8AAC890562.d.C14A2ED22F89AC4BAB693F45A8E90AF3.e.593","ELEMENT":"f.EEA2CF73FE9AFAF004EEDC8AAC890562.d.C14A2ED22F89AC4BAB693F45A8E90AF3.e.593"}]}
COMMAND: POST /session/6d64be70e224d73ff9ab56daeaa3d772/execute/async - {"script":"<script> [21 bytes]","args":[{"selector":{"id":"rfm.programui::xRFMxCU_ProgramObjectPage--fe::DataFieldForAction::com.sap.gateway.srvd.rfm.ui_program.v0001.Open::com.sap.gateway.srvd.rfm.ui_program.v0001.xRFMxCU_ProgramType","interaction":{"idSuffix":"BDI-content"}},"wdio_ui5_key":"rfmprogramui::xRFMxCU_ProgramObjectPage--fe::DataFieldForAction::com.sap.gateway.srvd.rfm.ui_program.v0001.Open::com.sap.gateway.srvd.rfm.ui_program.v0001.xRFMxCU_ProgramType"}]}
COMMAND: GET /session/6d64be70e224d73ff9ab56daeaa3d772/screenshot - {}
RESULT: {"script":"<script> [21 bytes]","args":[{"selector":{"id":"rfm.programui::xRFMxCU_ProgramObjectPage--fe::DataFieldForAction::com.sap.gateway.srvd.rfm.ui_program.v0001.Open::com.sap.gateway.srvd.rfm.ui_program.v0001.xRFMxCU_ProgramType","interaction":{"idSuffix":"BDI-content"}},"wdio_ui5_key":"rfmprogramui::xRFMxCU_ProgramObjectPage--fe::DataFieldForAction::com.sap.gateway.srvd.rfm.ui_program.v0001.Open::com.sap.gateway.srvd.rfm.ui_program.v0001.xRFMxCU_ProgramType"}]}
RESULT: undefined
COMMAND: POST /session/6d64be70e224d73ff9ab56daeaa3d772/element - {"using":"xpath","value":"//*[@id=\"rfm.programui::xRFMxCU_ProgramObjectPage--fe::DataFieldForAction::com.sap.gateway.srvd.rfm.ui_program.v0001.Open::com.sap.gateway.srvd.rfm.ui_program.v0001.xRFMxCU_ProgramType\"]"}
RESULT: {}
RESULT: {"using":"xpath","value":"//*[@id=\"rfm.programui::xRFMxCU_ProgramObjectPage--fe::DataFieldForAction::com.sap.gateway.srvd.rfm.ui_program.v0001.Open::com.sap.gateway.srvd.rfm.ui_program.v0001.xRFMxCU_ProgramType\"]"}
COMMAND: POST /session/6d64be70e224d73ff9ab56daeaa3d772/element/f.EEA2CF73FE9AFAF004EEDC8AAC890562.d.C14A2ED22F89AC4BAB693F45A8E90AF3.e.355/click - {}
COMMAND: POST /session/6d64be70e224d73ff9ab56daeaa3d772/element - {"using":"css selector","value":"div.sapUiLocalBusyIndicator"}
RESULT: {"using":"css selector","value":"div.sapUiLocalBusyIndicator"}
COMMAND: POST /session/6d64be70e224d73ff9ab56daeaa3d772/execute/sync - {"script":"<script> [21 bytes]","args":[{"element-6066-11e4-a52e-4f735466cecf":"f.EEA2CF73FE9AFAF004EEDC8AAC890562.d.C14A2ED22F89AC4BAB693F45A8E90AF3.e.593","ELEMENT":"f.EEA2CF73FE9AFAF004EEDC8AAC890562.d.C14A2ED22F89AC4BAB693F45A8E90AF3.e.593"}]}
RESULT: {"script":"<script> [21 bytes]","args":[{"element-6066-11e4-a52e-4f735466cecf":"f.EEA2CF73FE9AFAF004EEDC8AAC890562.d.C14A2ED22F89AC4BAB693F45A8E90AF3.e.593","ELEMENT":"f.EEA2CF73FE9AFAF004EEDC8AAC890562.d.C14A2ED22F89AC4BAB693F45A8E90AF3.e.593"}]}
COMMAND: POST /session/6d64be70e224d73ff9ab56daeaa3d772/execute/async - {"script":"<script> [21 bytes]","args":[{"selector":{"controlType":"sap.m.Button","properties":{"text":"OK"},"searchOpenDialogs":true,"interaction":{"idSuffix":"BDI-content"}},"wdio_ui5_key":"sapm.Button{\"text\":\"OK\"}"}]}
COMMAND: GET /session/6d64be70e224d73ff9ab56daeaa3d772/screenshot - {}
RESULT: {"script":"<script> [21 bytes]","args":[{"selector":{"controlType":"sap.m.Button","properties":{"text":"OK"},"searchOpenDialogs":true,"interaction":{"idSuffix":"BDI-content"}},"wdio_ui5_key":"sapm.Button{\"text\":\"OK\"}"}]}
RESULT: undefined
COMMAND: POST /session/6d64be70e224d73ff9ab56daeaa3d772/element - {"using":"css selector","value":"div.sapUiLocalBusyIndicator"}
RESULT: {}
RESULT: {"using":"css selector","value":"div.sapUiLocalBusyIndicator"}
COMMAND: POST /session/6d64be70e224d73ff9ab56daeaa3d772/execute/sync - {"script":"<script> [21 bytes]","args":[{"element-6066-11e4-a52e-4f735466cecf":"f.EEA2CF73FE9AFAF004EEDC8AAC890562.d.C14A2ED22F89AC4BAB693F45A8E90AF3.e.593","ELEMENT":"f.EEA2CF73FE9AFAF004EEDC8AAC890562.d.C14A2ED22F89AC4BAB693F45A8E90AF3.e.593"}]}
RESULT: {"script":"<script> [21 bytes]","args":[{"element-6066-11e4-a52e-4f735466cecf":"f.EEA2CF73FE9AFAF004EEDC8AAC890562.d.C14A2ED22F89AC4BAB693F45A8E90AF3.e.593","ELEMENT":"f.EEA2CF73FE9AFAF004EEDC8AAC890562.d.C14A2ED22F89AC4BAB693F45A8E90AF3.e.593"}]}
COMMAND: POST /session/6d64be70e224d73ff9ab56daeaa3d772/execute/async - {"script":"<script> [21 bytes]","args":[{"selector":{"id":"backBtn"},"wdio_ui5_key":"backBtn"}]}
COMMAND: GET /session/6d64be70e224d73ff9ab56daeaa3d772/screenshot - {}
RESULT: {"script":"<script> [21 bytes]","args":[{"selector":{"id":"backBtn"},"wdio_ui5_key":"backBtn"}]}
RESULT: undefined
COMMAND: POST /session/6d64be70e224d73ff9ab56daeaa3d772/element - {"using":"xpath","value":"//*[@id=\"backBtn\"]"}
RESULT: {}
RESULT: {"using":"xpath","value":"//*[@id=\"backBtn\"]"}
COMMAND: POST /session/6d64be70e224d73ff9ab56daeaa3d772/element/f.EEA2CF73FE9AFAF004EEDC8AAC890562.d.C14A2ED22F89AC4BAB693F45A8E90AF3.e.597/click - {}
COMMAND: POST /session/6d64be70e224d73ff9ab56daeaa3d772/element/f.EEA2CF73FE9AFAF004EEDC8AAC890562.d.C14A2ED22F89AC4BAB693F45A8E90AF3.e.597/click - {}
COMMAND: GET /session/6d64be70e224d73ff9ab56daeaa3d772/screenshot - {}
]]></system-out>
    </testcase>
    <testcase classname="chrome.140_0_7339_186.windows.Trigger" name="Should create Transaction" time="21.587">
      <system-out><![CDATA[
COMMAND: POST /session/6d64be70e224d73ff9ab56daeaa3d772/execute/async - {"script":"<script> [21 bytes]","args":[{"selector":{"controlType":"sap.m.GenericTile","properties":{"header":"Funding Transaction"}},"wdio_ui5_key":"sapm.GenericTile{\"header\":\"Funding Transaction\"}"}]}
RESULT: {}
RESULT: {"script":"<script> [21 bytes]","args":[{"selector":{"controlType":"sap.m.GenericTile","properties":{"header":"Funding Transaction"}},"wdio_ui5_key":"sapm.GenericTile{\"header\":\"Funding Transaction\"}"}]}
RESULT: undefined
COMMAND: POST /session/6d64be70e224d73ff9ab56daeaa3d772/execute/async - {"script":"<script> [21 bytes]","args":[{"selector":{"id":"rfm.transactionui::xRFMxCU_TransactionList--fe::table::allTab::LineItem::StandardAction::Create","controlType":"sap.m.Button"},"wdio_ui5_key":"rfmtransactionui::xRFMxCU_TransactionList--fe::table::allTab::LineItem::StandardAction::Createsap.m.Button"}]}
RESULT: {"script":"<script> [21 bytes]","args":[{"selector":{"id":"rfm.transactionui::xRFMxCU_TransactionList--fe::table::allTab::LineItem::StandardAction::Create","controlType":"sap.m.Button"},"wdio_ui5_key":"rfmtransactionui::xRFMxCU_TransactionList--fe::table::allTab::LineItem::StandardAction::Createsap.m.Button"}]}
RESULT: undefined
COMMAND: POST /session/6d64be70e224d73ff9ab56daeaa3d772/element - {"using":"css selector","value":"div.sapUiLocalBusyIndicator"}
RESULT: {"using":"css selector","value":"div.sapUiLocalBusyIndicator"}
COMMAND: POST /session/6d64be70e224d73ff9ab56daeaa3d772/execute/sync - {"script":"<script> [21 bytes]","args":[{"element-6066-11e4-a52e-4f735466cecf":"f.EEA2CF73FE9AFAF004EEDC8AAC890562.d.C14A2ED22F89AC4BAB693F45A8E90AF3.e.593","ELEMENT":"f.EEA2CF73FE9AFAF004EEDC8AAC890562.d.C14A2ED22F89AC4BAB693F45A8E90AF3.e.593"}]}
RESULT: {"script":"<script> [21 bytes]","args":[{"element-6066-11e4-a52e-4f735466cecf":"f.EEA2CF73FE9AFAF004EEDC8AAC890562.d.C14A2ED22F89AC4BAB693F45A8E90AF3.e.593","ELEMENT":"f.EEA2CF73FE9AFAF004EEDC8AAC890562.d.C14A2ED22F89AC4BAB693F45A8E90AF3.e.593"}]}
COMMAND: POST /session/6d64be70e224d73ff9ab56daeaa3d772/execute/async - {"script":"<script> [21 bytes]","args":[{"selector":{"id":"CreateDialog::xRFMxCU_TransactionType::ProgramId-inner-vhi","searchOpenDialogs":true},"wdio_ui5_key":"CreateDialogxRFMxCU_TransactionType::ProgramId-inner-vhi"}]}
COMMAND: GET /session/6d64be70e224d73ff9ab56daeaa3d772/screenshot - {}
RESULT: {"script":"<script> [21 bytes]","args":[{"selector":{"id":"CreateDialog::xRFMxCU_TransactionType::ProgramId-inner-vhi","searchOpenDialogs":true},"wdio_ui5_key":"CreateDialogxRFMxCU_TransactionType::ProgramId-inner-vhi"}]}
RESULT: undefined
COMMAND: POST /session/6d64be70e224d73ff9ab56daeaa3d772/element - {"using":"css selector","value":"div.sapUiLocalBusyIndicator"}
RESULT: {}
RESULT: {"using":"css selector","value":"div.sapUiLocalBusyIndicator"}
COMMAND: POST /session/6d64be70e224d73ff9ab56daeaa3d772/execute/sync - {"script":"<script> [21 bytes]","args":[{"element-6066-11e4-a52e-4f735466cecf":"f.EEA2CF73FE9AFAF004EEDC8AAC890562.d.C14A2ED22F89AC4BAB693F45A8E90AF3.e.593","ELEMENT":"f.EEA2CF73FE9AFAF004EEDC8AAC890562.d.C14A2ED22F89AC4BAB693F45A8E90AF3.e.593"}]}
RESULT: {"script":"<script> [21 bytes]","args":[{"element-6066-11e4-a52e-4f735466cecf":"f.EEA2CF73FE9AFAF004EEDC8AAC890562.d.C14A2ED22F89AC4BAB693F45A8E90AF3.e.593","ELEMENT":"f.EEA2CF73FE9AFAF004EEDC8AAC890562.d.C14A2ED22F89AC4BAB693F45A8E90AF3.e.593"}]}
COMMAND: POST /session/6d64be70e224d73ff9ab56daeaa3d772/execute/async - {"script":"<script> [21 bytes]","args":[{"selector":{"id":"ProgramId::VH::Dialog::qualifier::-search-inner","searchOpenDialogs":true,"interaction":{"idSuffix":"I"}},"wdio_ui5_key":"ProgramIdVH::Dialog::qualifier::-search-inner"}]}
COMMAND: GET /session/6d64be70e224d73ff9ab56daeaa3d772/screenshot - {}
RESULT: {"script":"<script> [21 bytes]","args":[{"selector":{"id":"ProgramId::VH::Dialog::qualifier::-search-inner","searchOpenDialogs":true,"interaction":{"idSuffix":"I"}},"wdio_ui5_key":"ProgramIdVH::Dialog::qualifier::-search-inner"}]}
RESULT: undefined
COMMAND: POST /session/6d64be70e224d73ff9ab56daeaa3d772/element - {"using":"css selector","value":"div.sapUiLocalBusyIndicator"}
RESULT: {}
RESULT: {"using":"css selector","value":"div.sapUiLocalBusyIndicator"}
COMMAND: POST /session/6d64be70e224d73ff9ab56daeaa3d772/execute/sync - {"script":"<script> [21 bytes]","args":[{"element-6066-11e4-a52e-4f735466cecf":"f.EEA2CF73FE9AFAF004EEDC8AAC890562.d.C14A2ED22F89AC4BAB693F45A8E90AF3.e.593","ELEMENT":"f.EEA2CF73FE9AFAF004EEDC8AAC890562.d.C14A2ED22F89AC4BAB693F45A8E90AF3.e.593"}]}
RESULT: {"script":"<script> [21 bytes]","args":[{"element-6066-11e4-a52e-4f735466cecf":"f.EEA2CF73FE9AFAF004EEDC8AAC890562.d.C14A2ED22F89AC4BAB693F45A8E90AF3.e.593","ELEMENT":"f.EEA2CF73FE9AFAF004EEDC8AAC890562.d.C14A2ED22F89AC4BAB693F45A8E90AF3.e.593"}]}
COMMAND: POST /session/6d64be70e224d73ff9ab56daeaa3d772/execute/async - {"script":"<script> [21 bytes]","args":[{"selector":{"id":"ProgramId::VH::Dialog::qualifier::::Table-innerTable-rows-row0","searchOpenDialogs":true},"wdio_ui5_key":"ProgramIdVH::Dialog::qualifier::::Table-innerTable-rows-row0"}]}
COMMAND: GET /session/6d64be70e224d73ff9ab56daeaa3d772/screenshot - {}
RESULT: {"script":"<script> [21 bytes]","args":[{"selector":{"id":"ProgramId::VH::Dialog::qualifier::::Table-innerTable-rows-row0","searchOpenDialogs":true},"wdio_ui5_key":"ProgramIdVH::Dialog::qualifier::::Table-innerTable-rows-row0"}]}
RESULT: undefined
COMMAND: POST /session/6d64be70e224d73ff9ab56daeaa3d772/element - {"using":"css selector","value":"div.sapUiLocalBusyIndicator"}
RESULT: {}
RESULT: {"using":"css selector","value":"div.sapUiLocalBusyIndicator"}
COMMAND: POST /session/6d64be70e224d73ff9ab56daeaa3d772/execute/sync - {"script":"<script> [21 bytes]","args":[{"element-6066-11e4-a52e-4f735466cecf":"f.EEA2CF73FE9AFAF004EEDC8AAC890562.d.C14A2ED22F89AC4BAB693F45A8E90AF3.e.593","ELEMENT":"f.EEA2CF73FE9AFAF004EEDC8AAC890562.d.C14A2ED22F89AC4BAB693F45A8E90AF3.e.593"}]}
RESULT: {"script":"<script> [21 bytes]","args":[{"element-6066-11e4-a52e-4f735466cecf":"f.EEA2CF73FE9AFAF004EEDC8AAC890562.d.C14A2ED22F89AC4BAB693F45A8E90AF3.e.593","ELEMENT":"f.EEA2CF73FE9AFAF004EEDC8AAC890562.d.C14A2ED22F89AC4BAB693F45A8E90AF3.e.593"}]}
COMMAND: POST /session/6d64be70e224d73ff9ab56daeaa3d772/execute/async - {"script":"<script> [21 bytes]","args":[{"selector":{"id":"CreateDialog::xRFMxCU_TransactionType::FundingType-inner","searchOpenDialogs":true,"interaction":{"idSuffix":"inner"}},"wdio_ui5_key":"CreateDialogxRFMxCU_TransactionType::FundingType-inner"}]}
COMMAND: GET /session/6d64be70e224d73ff9ab56daeaa3d772/screenshot - {}
RESULT: {}
RESULT: {"script":"<script> [21 bytes]","args":[{"selector":{"id":"CreateDialog::xRFMxCU_TransactionType::FundingType-inner","searchOpenDialogs":true,"interaction":{"idSuffix":"inner"}},"wdio_ui5_key":"CreateDialogxRFMxCU_TransactionType::FundingType-inner"}]}
RESULT: undefined
COMMAND: POST /session/6d64be70e224d73ff9ab56daeaa3d772/element - {"using":"css selector","value":"div.sapUiLocalBusyIndicator"}
RESULT: {"using":"css selector","value":"div.sapUiLocalBusyIndicator"}
COMMAND: POST /session/6d64be70e224d73ff9ab56daeaa3d772/execute/sync - {"script":"<script> [21 bytes]","args":[{"element-6066-11e4-a52e-4f735466cecf":"f.EEA2CF73FE9AFAF004EEDC8AAC890562.d.C14A2ED22F89AC4BAB693F45A8E90AF3.e.593","ELEMENT":"f.EEA2CF73FE9AFAF004EEDC8AAC890562.d.C14A2ED22F89AC4BAB693F45A8E90AF3.e.593"}]}
RESULT: {"script":"<script> [21 bytes]","args":[{"element-6066-11e4-a52e-4f735466cecf":"f.EEA2CF73FE9AFAF004EEDC8AAC890562.d.C14A2ED22F89AC4BAB693F45A8E90AF3.e.593","ELEMENT":"f.EEA2CF73FE9AFAF004EEDC8AAC890562.d.C14A2ED22F89AC4BAB693F45A8E90AF3.e.593"}]}
COMMAND: POST /session/6d64be70e224d73ff9ab56daeaa3d772/execute/async - {"script":"<script> [21 bytes]","args":[{"selector":{"id":"CreateDialog::xRFMxCU_Transaction-footer","searchOpenDialogs":true},"wdio_ui5_key":"CreateDialogxRFMxCU_Transaction-footer"}]}
COMMAND: GET /session/6d64be70e224d73ff9ab56daeaa3d772/screenshot - {}
RESULT: {"script":"<script> [21 bytes]","args":[{"selector":{"id":"CreateDialog::xRFMxCU_Transaction-footer","searchOpenDialogs":true},"wdio_ui5_key":"CreateDialogxRFMxCU_Transaction-footer"}]}
RESULT: undefined
COMMAND: POST /session/6d64be70e224d73ff9ab56daeaa3d772/element - {"using":"css selector","value":"div.sapUiLocalBusyIndicator"}
RESULT: {}
RESULT: {"using":"css selector","value":"div.sapUiLocalBusyIndicator"}
COMMAND: POST /session/6d64be70e224d73ff9ab56daeaa3d772/execute/sync - {"script":"<script> [21 bytes]","args":[{"element-6066-11e4-a52e-4f735466cecf":"f.EEA2CF73FE9AFAF004EEDC8AAC890562.d.C14A2ED22F89AC4BAB693F45A8E90AF3.e.593","ELEMENT":"f.EEA2CF73FE9AFAF004EEDC8AAC890562.d.C14A2ED22F89AC4BAB693F45A8E90AF3.e.593"}]}
RESULT: {"script":"<script> [21 bytes]","args":[{"element-6066-11e4-a52e-4f735466cecf":"f.EEA2CF73FE9AFAF004EEDC8AAC890562.d.C14A2ED22F89AC4BAB693F45A8E90AF3.e.593","ELEMENT":"f.EEA2CF73FE9AFAF004EEDC8AAC890562.d.C14A2ED22F89AC4BAB693F45A8E90AF3.e.593"}]}
COMMAND: POST /session/6d64be70e224d73ff9ab56daeaa3d772/execute/async - {"script":"<script> [21 bytes]","args":[{"forceSelect":true,"selector":{"controlType":"sap.m.Button","viewName":"sap.fe.templates.ObjectPage.ObjectPage","viewId":"rfm.transactionui::xRFMxCU_TransactionObjectPage","properties":{"text":"Continue"},"searchOpenDialogs":true,"interaction":{"idSuffix":"BDI-content"}},"wdio_ui5_key":"sapfe.templates.ObjectPage.ObjectPagesap.m.Button{\"text\":\"Continue\"}"}]}
COMMAND: GET /session/6d64be70e224d73ff9ab56daeaa3d772/screenshot - {}
RESULT: {"script":"<script> [21 bytes]","args":[{"forceSelect":true,"selector":{"controlType":"sap.m.Button","viewName":"sap.fe.templates.ObjectPage.ObjectPage","viewId":"rfm.transactionui::xRFMxCU_TransactionObjectPage","properties":{"text":"Continue"},"searchOpenDialogs":true,"interaction":{"idSuffix":"BDI-content"}},"wdio_ui5_key":"sapfe.templates.ObjectPage.ObjectPagesap.m.Button{\"text\":\"Continue\"}"}]}
RESULT: undefined
COMMAND: POST /session/6d64be70e224d73ff9ab56daeaa3d772/element - {"using":"css selector","value":"div.sapUiLocalBusyIndicator"}
RESULT: {}
RESULT: {"using":"css selector","value":"div.sapUiLocalBusyIndicator"}
COMMAND: POST /session/6d64be70e224d73ff9ab56daeaa3d772/execute/sync - {"script":"<script> [21 bytes]","args":[{"element-6066-11e4-a52e-4f735466cecf":"f.EEA2CF73FE9AFAF004EEDC8AAC890562.d.C14A2ED22F89AC4BAB693F45A8E90AF3.e.593","ELEMENT":"f.EEA2CF73FE9AFAF004EEDC8AAC890562.d.C14A2ED22F89AC4BAB693F45A8E90AF3.e.593"}]}
RESULT: {"script":"<script> [21 bytes]","args":[{"element-6066-11e4-a52e-4f735466cecf":"f.EEA2CF73FE9AFAF004EEDC8AAC890562.d.C14A2ED22F89AC4BAB693F45A8E90AF3.e.593","ELEMENT":"f.EEA2CF73FE9AFAF004EEDC8AAC890562.d.C14A2ED22F89AC4BAB693F45A8E90AF3.e.593"}]}
COMMAND: POST /session/6d64be70e224d73ff9ab56daeaa3d772/execute/async - {"script":"<script> [21 bytes]","args":[{"selector":{"id":"rfm.transactionui::xRFMxCU_TransactionObjectPage--fe::CustomSubSection::CustomDetailsSection--fe::FormContainer::FieldGroup::Term::FormElement::DataField::AssetCashflowDateFrom::Field-edit","interaction":{"idSuffix":"inner"}},"wdio_ui5_key":"rfmtransactionui::xRFMxCU_TransactionObjectPage--fe::CustomSubSection::CustomDetailsSection--fe::FormContainer::FieldGroup::Term::FormElement::DataField::AssetCashflowDateFrom::Field-edit"}]}
COMMAND: GET /session/6d64be70e224d73ff9ab56daeaa3d772/screenshot - {}
RESULT: {}
RESULT: {"script":"<script> [21 bytes]","args":[{"selector":{"id":"rfm.transactionui::xRFMxCU_TransactionObjectPage--fe::CustomSubSection::CustomDetailsSection--fe::FormContainer::FieldGroup::Term::FormElement::DataField::AssetCashflowDateFrom::Field-edit","interaction":{"idSuffix":"inner"}},"wdio_ui5_key":"rfmtransactionui::xRFMxCU_TransactionObjectPage--fe::CustomSubSection::CustomDetailsSection--fe::FormContainer::FieldGroup::Term::FormElement::DataField::AssetCashflowDateFrom::Field-edit"}]}
RESULT: undefined
COMMAND: POST /session/6d64be70e224d73ff9ab56daeaa3d772/element - {"using":"css selector","value":"div.sapUiLocalBusyIndicator"}
RESULT: {"using":"css selector","value":"div.sapUiLocalBusyIndicator"}
COMMAND: POST /session/6d64be70e224d73ff9ab56daeaa3d772/execute/sync - {"script":"<script> [21 bytes]","args":[{"element-6066-11e4-a52e-4f735466cecf":"f.EEA2CF73FE9AFAF004EEDC8AAC890562.d.C14A2ED22F89AC4BAB693F45A8E90AF3.e.593","ELEMENT":"f.EEA2CF73FE9AFAF004EEDC8AAC890562.d.C14A2ED22F89AC4BAB693F45A8E90AF3.e.593"}]}
RESULT: {"script":"<script> [21 bytes]","args":[{"element-6066-11e4-a52e-4f735466cecf":"f.EEA2CF73FE9AFAF004EEDC8AAC890562.d.C14A2ED22F89AC4BAB693F45A8E90AF3.e.593","ELEMENT":"f.EEA2CF73FE9AFAF004EEDC8AAC890562.d.C14A2ED22F89AC4BAB693F45A8E90AF3.e.593"}]}
COMMAND: POST /session/6d64be70e224d73ff9ab56daeaa3d772/execute/async - {"script":"<script> [21 bytes]","args":[{"selector":{"id":"rfm.transactionui::xRFMxCU_TransactionObjectPage--fe::CustomSubSection::CustomDetailsSection--fe::FormContainer::FieldGroup::Term::FormElement::DataField::AssetCashflowDateTo::Field-edit","interaction":{"idSuffix":"inner"}},"wdio_ui5_key":"rfmtransactionui::xRFMxCU_TransactionObjectPage--fe::CustomSubSection::CustomDetailsSection--fe::FormContainer::FieldGroup::Term::FormElement::DataField::AssetCashflowDateTo::Field-edit"}]}
COMMAND: GET /session/6d64be70e224d73ff9ab56daeaa3d772/screenshot - {}
RESULT: {"script":"<script> [21 bytes]","args":[{"selector":{"id":"rfm.transactionui::xRFMxCU_TransactionObjectPage--fe::CustomSubSection::CustomDetailsSection--fe::FormContainer::FieldGroup::Term::FormElement::DataField::AssetCashflowDateTo::Field-edit","interaction":{"idSuffix":"inner"}},"wdio_ui5_key":"rfmtransactionui::xRFMxCU_TransactionObjectPage--fe::CustomSubSection::CustomDetailsSection--fe::FormContainer::FieldGroup::Term::FormElement::DataField::AssetCashflowDateTo::Field-edit"}]}
RESULT: undefined
COMMAND: POST /session/6d64be70e224d73ff9ab56daeaa3d772/element - {"using":"css selector","value":"div.sapUiLocalBusyIndicator"}
RESULT: {}
RESULT: {"using":"css selector","value":"div.sapUiLocalBusyIndicator"}
COMMAND: POST /session/6d64be70e224d73ff9ab56daeaa3d772/execute/sync - {"script":"<script> [21 bytes]","args":[{"element-6066-11e4-a52e-4f735466cecf":"f.EEA2CF73FE9AFAF004EEDC8AAC890562.d.C14A2ED22F89AC4BAB693F45A8E90AF3.e.593","ELEMENT":"f.EEA2CF73FE9AFAF004EEDC8AAC890562.d.C14A2ED22F89AC4BAB693F45A8E90AF3.e.593"}]}
RESULT: {"script":"<script> [21 bytes]","args":[{"element-6066-11e4-a52e-4f735466cecf":"f.EEA2CF73FE9AFAF004EEDC8AAC890562.d.C14A2ED22F89AC4BAB693F45A8E90AF3.e.593","ELEMENT":"f.EEA2CF73FE9AFAF004EEDC8AAC890562.d.C14A2ED22F89AC4BAB693F45A8E90AF3.e.593"}]}
COMMAND: POST /session/6d64be70e224d73ff9ab56daeaa3d772/execute/async - {"script":"<script> [21 bytes]","args":[{"selector":{"id":"rfm.transactionui::xRFMxCU_TransactionObjectPage--fe::ObjectPage-anchBar-rfm.transactionui::xRFMxCU_TransactionObjectPage--fe::EditableHeaderSection-anchor","interaction":{"idSuffix":"text"}},"wdio_ui5_key":"rfmtransactionui::xRFMxCU_TransactionObjectPage--fe::ObjectPage-anchBar-rfm.transactionui::xRFMxCU_TransactionObjectPage--fe::EditableHeaderSection-anchor"}]}
COMMAND: GET /session/6d64be70e224d73ff9ab56daeaa3d772/screenshot - {}
RESULT: {"script":"<script> [21 bytes]","args":[{"selector":{"id":"rfm.transactionui::xRFMxCU_TransactionObjectPage--fe::ObjectPage-anchBar-rfm.transactionui::xRFMxCU_TransactionObjectPage--fe::EditableHeaderSection-anchor","interaction":{"idSuffix":"text"}},"wdio_ui5_key":"rfmtransactionui::xRFMxCU_TransactionObjectPage--fe::ObjectPage-anchBar-rfm.transactionui::xRFMxCU_TransactionObjectPage--fe::EditableHeaderSection-anchor"}]}
RESULT: undefined
COMMAND: POST /session/6d64be70e224d73ff9ab56daeaa3d772/element - {"using":"css selector","value":"div.sapUiLocalBusyIndicator"}
RESULT: {}
RESULT: {"using":"css selector","value":"div.sapUiLocalBusyIndicator"}
COMMAND: POST /session/6d64be70e224d73ff9ab56daeaa3d772/execute/sync - {"script":"<script> [21 bytes]","args":[{"element-6066-11e4-a52e-4f735466cecf":"f.EEA2CF73FE9AFAF004EEDC8AAC890562.d.C14A2ED22F89AC4BAB693F45A8E90AF3.e.593","ELEMENT":"f.EEA2CF73FE9AFAF004EEDC8AAC890562.d.C14A2ED22F89AC4BAB693F45A8E90AF3.e.593"}]}
RESULT: {"script":"<script> [21 bytes]","args":[{"element-6066-11e4-a52e-4f735466cecf":"f.EEA2CF73FE9AFAF004EEDC8AAC890562.d.C14A2ED22F89AC4BAB693F45A8E90AF3.e.593","ELEMENT":"f.EEA2CF73FE9AFAF004EEDC8AAC890562.d.C14A2ED22F89AC4BAB693F45A8E90AF3.e.593"}]}
COMMAND: POST /session/6d64be70e224d73ff9ab56daeaa3d772/execute/async - {"script":"<script> [21 bytes]","args":[{"selector":{"id":"rfm.transactionui::xRFMxCU_TransactionObjectPage--fe::HeaderFacet::FormContainer::headerFieldsGP1::FormElement::DataField::Name::Field-edit","interaction":{"idSuffix":"inner"}},"wdio_ui5_key":"rfmtransactionui::xRFMxCU_TransactionObjectPage--fe::HeaderFacet::FormContainer::headerFieldsGP1::FormElement::DataField::Name::Field-edit"}]}
COMMAND: GET /session/6d64be70e224d73ff9ab56daeaa3d772/screenshot - {}
RESULT: {"script":"<script> [21 bytes]","args":[{"selector":{"id":"rfm.transactionui::xRFMxCU_TransactionObjectPage--fe::HeaderFacet::FormContainer::headerFieldsGP1::FormElement::DataField::Name::Field-edit","interaction":{"idSuffix":"inner"}},"wdio_ui5_key":"rfmtransactionui::xRFMxCU_TransactionObjectPage--fe::HeaderFacet::FormContainer::headerFieldsGP1::FormElement::DataField::Name::Field-edit"}]}
RESULT: undefined
COMMAND: POST /session/6d64be70e224d73ff9ab56daeaa3d772/element - {"using":"css selector","value":"div.sapUiLocalBusyIndicator"}
RESULT: {}
RESULT: {"using":"css selector","value":"div.sapUiLocalBusyIndicator"}
COMMAND: POST /session/6d64be70e224d73ff9ab56daeaa3d772/execute/sync - {"script":"<script> [21 bytes]","args":[{"element-6066-11e4-a52e-4f735466cecf":"f.EEA2CF73FE9AFAF004EEDC8AAC890562.d.C14A2ED22F89AC4BAB693F45A8E90AF3.e.593","ELEMENT":"f.EEA2CF73FE9AFAF004EEDC8AAC890562.d.C14A2ED22F89AC4BAB693F45A8E90AF3.e.593"}]}
RESULT: {"script":"<script> [21 bytes]","args":[{"element-6066-11e4-a52e-4f735466cecf":"f.EEA2CF73FE9AFAF004EEDC8AAC890562.d.C14A2ED22F89AC4BAB693F45A8E90AF3.e.593","ELEMENT":"f.EEA2CF73FE9AFAF004EEDC8AAC890562.d.C14A2ED22F89AC4BAB693F45A8E90AF3.e.593"}]}
COMMAND: POST /session/6d64be70e224d73ff9ab56daeaa3d772/execute/async - {"script":"<script> [21 bytes]","args":[{"selector":{"id":"rfm.transactionui::xRFMxCU_TransactionObjectPage--fe::HeaderFacet::FormContainer::headerFieldsGP1::FormElement::DataField::TransactionId::Field-display"},"wdio_ui5_key":"rfmtransactionui::xRFMxCU_TransactionObjectPage--fe::HeaderFacet::FormContainer::headerFieldsGP1::FormElement::DataField::TransactionId::Field-display"}]}
COMMAND: GET /session/6d64be70e224d73ff9ab56daeaa3d772/screenshot - {}
RESULT: {"script":"<script> [21 bytes]","args":[{"selector":{"id":"rfm.transactionui::xRFMxCU_TransactionObjectPage--fe::HeaderFacet::FormContainer::headerFieldsGP1::FormElement::DataField::TransactionId::Field-display"},"wdio_ui5_key":"rfmtransactionui::xRFMxCU_TransactionObjectPage--fe::HeaderFacet::FormContainer::headerFieldsGP1::FormElement::DataField::TransactionId::Field-display"}]}
RESULT: undefined
COMMAND: POST /session/6d64be70e224d73ff9ab56daeaa3d772/element - {"using":"css selector","value":"div.sapUiLocalBusyIndicator"}
RESULT: {}
RESULT: {"using":"css selector","value":"div.sapUiLocalBusyIndicator"}
COMMAND: POST /session/6d64be70e224d73ff9ab56daeaa3d772/execute/sync - {"script":"<script> [21 bytes]","args":[{"element-6066-11e4-a52e-4f735466cecf":"f.EEA2CF73FE9AFAF004EEDC8AAC890562.d.C14A2ED22F89AC4BAB693F45A8E90AF3.e.593","ELEMENT":"f.EEA2CF73FE9AFAF004EEDC8AAC890562.d.C14A2ED22F89AC4BAB693F45A8E90AF3.e.593"}]}
RESULT: {"script":"<script> [21 bytes]","args":[{"element-6066-11e4-a52e-4f735466cecf":"f.EEA2CF73FE9AFAF004EEDC8AAC890562.d.C14A2ED22F89AC4BAB693F45A8E90AF3.e.593","ELEMENT":"f.EEA2CF73FE9AFAF004EEDC8AAC890562.d.C14A2ED22F89AC4BAB693F45A8E90AF3.e.593"}]}
COMMAND: POST /session/6d64be70e224d73ff9ab56daeaa3d772/execute/async - {"script":"<script> [21 bytes]","args":[{"selector":{"id":"rfm.transactionui::xRFMxCU_TransactionObjectPage--fe::ObjectPage-anchBar-rfm.transactionui::xRFMxCU_TransactionObjectPage--fe::FacetSection::FundingScopeCollection-anchor"},"wdio_ui5_key":"rfmtransactionui::xRFMxCU_TransactionObjectPage--fe::ObjectPage-anchBar-rfm.transactionui::xRFMxCU_TransactionObjectPage--fe::FacetSection::FundingScopeCollection-anchor"}]}
COMMAND: GET /session/6d64be70e224d73ff9ab56daeaa3d772/screenshot - {}
RESULT: {"script":"<script> [21 bytes]","args":[{"selector":{"id":"rfm.transactionui::xRFMxCU_TransactionObjectPage--fe::ObjectPage-anchBar-rfm.transactionui::xRFMxCU_TransactionObjectPage--fe::FacetSection::FundingScopeCollection-anchor"},"wdio_ui5_key":"rfmtransactionui::xRFMxCU_TransactionObjectPage--fe::ObjectPage-anchBar-rfm.transactionui::xRFMxCU_TransactionObjectPage--fe::FacetSection::FundingScopeCollection-anchor"}]}
RESULT: undefined
COMMAND: POST /session/6d64be70e224d73ff9ab56daeaa3d772/element - {"using":"css selector","value":"div.sapUiLocalBusyIndicator"}
RESULT: {}
RESULT: {"using":"css selector","value":"div.sapUiLocalBusyIndicator"}
COMMAND: POST /session/6d64be70e224d73ff9ab56daeaa3d772/execute/sync - {"script":"<script> [21 bytes]","args":[{"element-6066-11e4-a52e-4f735466cecf":"f.EEA2CF73FE9AFAF004EEDC8AAC890562.d.C14A2ED22F89AC4BAB693F45A8E90AF3.e.593","ELEMENT":"f.EEA2CF73FE9AFAF004EEDC8AAC890562.d.C14A2ED22F89AC4BAB693F45A8E90AF3.e.593"}]}
RESULT: {"script":"<script> [21 bytes]","args":[{"element-6066-11e4-a52e-4f735466cecf":"f.EEA2CF73FE9AFAF004EEDC8AAC890562.d.C14A2ED22F89AC4BAB693F45A8E90AF3.e.593","ELEMENT":"f.EEA2CF73FE9AFAF004EEDC8AAC890562.d.C14A2ED22F89AC4BAB693F45A8E90AF3.e.593"}]}
COMMAND: POST /session/6d64be70e224d73ff9ab56daeaa3d772/execute/async - {"script":"<script> [21 bytes]","args":[{"selector":{"controlType":"sap.ui.mdc.field.FieldInput","viewName":"sap.fe.templates.ObjectPage.ObjectPage","viewId":"rfm.transactionui::xRFMxCU_TransactionObjectPage","bindingPath":{"path":"","propertyPath":"/conditions","modelName":"$field"},"ancestor":{"controlType":"sap.ui.mdc.Field","viewName":"sap.fe.templates.ObjectPage.ObjectPage","viewId":"rfm.transactionui::xRFMxCU_TransactionObjectPage","bindingPath":{"path":"/xRFMxCU_Transaction(TransactionId='undefined',IsActiveEntity=false)/_TransactionCFPart(TransactionId='undefined',CashFlowPartType='1',IsActiveEntity=false)","propertyPath":"__EntityControl/Updatable"}},"interaction":{"idSuffix":"inner"}},"wdio_ui5_key":"sapfe.templates.ObjectPage.ObjectPagesap.ui.mdc.field.FieldInput{\"path\":\"\",\"propertyPath\":\"/conditions\",\"modelName\":\"$field\"}{\"controlType\":\"sap.ui.mdc.Field\",\"viewName\":\"sap.fe.templates.ObjectPage.ObjectPage\",\"viewId\":\"rfm.transactionui::xRFMxCU_TransactionObjectPage\",\"bindingPath\":{\"path\":\"/xRFMxCU_Transaction(TransactionId='undefined',IsActiveEntity=false)/_TransactionCFPart(TransactionId='undefined',CashFlowPartType='1',IsActiveEntity=false)\",\"propertyPath\":\"__EntityControl/Updatable\"}}"}]}
COMMAND: GET /session/6d64be70e224d73ff9ab56daeaa3d772/screenshot - {}
RESULT: {"script":"<script> [21 bytes]","args":[{"selector":{"controlType":"sap.ui.mdc.field.FieldInput","viewName":"sap.fe.templates.ObjectPage.ObjectPage","viewId":"rfm.transactionui::xRFMxCU_TransactionObjectPage","bindingPath":{"path":"","propertyPath":"/conditions","modelName":"$field"},"ancestor":{"controlType":"sap.ui.mdc.Field","viewName":"sap.fe.templates.ObjectPage.ObjectPage","viewId":"rfm.transactionui::xRFMxCU_TransactionObjectPage","bindingPath":{"path":"/xRFMxCU_Transaction(TransactionId='undefined',IsActiveEntity=false)/_TransactionCFPart(TransactionId='undefined',CashFlowPartType='1',IsActiveEntity=false)","propertyPath":"__EntityControl/Updatable"}},"interaction":{"idSuffix":"inner"}},"wdio_ui5_key":"sapfe.templates.ObjectPage.ObjectPagesap.ui.mdc.field.FieldInput{\"path\":\"\",\"propertyPath\":\"/conditions\",\"modelName\":\"$field\"}{\"controlType\":\"sap.ui.mdc.Field\",\"viewName\":\"sap.fe.templates.ObjectPage.ObjectPage\",\"viewId\":\"rfm.transactionui::xRFMxCU_TransactionObjectPage\",\"bindingPath\":{\"path\":\"/xRFMxCU_Transaction(TransactionId='undefined',IsActiveEntity=false)/_TransactionCFPart(TransactionId='undefined',CashFlowPartType='1',IsActiveEntity=false)\",\"propertyPath\":\"__EntityControl/Updatable\"}}"}]}
RESULT: undefined
COMMAND: POST /session/6d64be70e224d73ff9ab56daeaa3d772/element - {"using":"css selector","value":"div.sapUiLocalBusyIndicator"}
RESULT: {}
RESULT: {"using":"css selector","value":"div.sapUiLocalBusyIndicator"}
COMMAND: POST /session/6d64be70e224d73ff9ab56daeaa3d772/execute/sync - {"script":"<script> [21 bytes]","args":[{"element-6066-11e4-a52e-4f735466cecf":"f.EEA2CF73FE9AFAF004EEDC8AAC890562.d.C14A2ED22F89AC4BAB693F45A8E90AF3.e.593","ELEMENT":"f.EEA2CF73FE9AFAF004EEDC8AAC890562.d.C14A2ED22F89AC4BAB693F45A8E90AF3.e.593"}]}
RESULT: {"script":"<script> [21 bytes]","args":[{"element-6066-11e4-a52e-4f735466cecf":"f.EEA2CF73FE9AFAF004EEDC8AAC890562.d.C14A2ED22F89AC4BAB693F45A8E90AF3.e.593","ELEMENT":"f.EEA2CF73FE9AFAF004EEDC8AAC890562.d.C14A2ED22F89AC4BAB693F45A8E90AF3.e.593"}]}
COMMAND: POST /session/6d64be70e224d73ff9ab56daeaa3d772/execute/async - {"script":"<script> [21 bytes]","args":[{"selector":{"id":"rfm.transactionui::xRFMxCU_TransactionObjectPage--fe::table::_TransactionCFPart::LineItem-innerTable-rows-row1","interaction":{"idSuffix":"col0"}},"wdio_ui5_key":"rfmtransactionui::xRFMxCU_TransactionObjectPage--fe::table::_TransactionCFPart::LineItem-innerTable-rows-row1"}]}
COMMAND: GET /session/6d64be70e224d73ff9ab56daeaa3d772/screenshot - {}
RESULT: {"script":"<script> [21 bytes]","args":[{"selector":{"id":"rfm.transactionui::xRFMxCU_TransactionObjectPage--fe::table::_TransactionCFPart::LineItem-innerTable-rows-row1","interaction":{"idSuffix":"col0"}},"wdio_ui5_key":"rfmtransactionui::xRFMxCU_TransactionObjectPage--fe::table::_TransactionCFPart::LineItem-innerTable-rows-row1"}]}
RESULT: undefined
COMMAND: POST /session/6d64be70e224d73ff9ab56daeaa3d772/element - {"using":"css selector","value":"div.sapUiLocalBusyIndicator"}
RESULT: {}
RESULT: {"using":"css selector","value":"div.sapUiLocalBusyIndicator"}
COMMAND: POST /session/6d64be70e224d73ff9ab56daeaa3d772/execute/sync - {"script":"<script> [21 bytes]","args":[{"element-6066-11e4-a52e-4f735466cecf":"f.EEA2CF73FE9AFAF004EEDC8AAC890562.d.C14A2ED22F89AC4BAB693F45A8E90AF3.e.593","ELEMENT":"f.EEA2CF73FE9AFAF004EEDC8AAC890562.d.C14A2ED22F89AC4BAB693F45A8E90AF3.e.593"}]}
RESULT: {"script":"<script> [21 bytes]","args":[{"element-6066-11e4-a52e-4f735466cecf":"f.EEA2CF73FE9AFAF004EEDC8AAC890562.d.C14A2ED22F89AC4BAB693F45A8E90AF3.e.593","ELEMENT":"f.EEA2CF73FE9AFAF004EEDC8AAC890562.d.C14A2ED22F89AC4BAB693F45A8E90AF3.e.593"}]}
COMMAND: POST /session/6d64be70e224d73ff9ab56daeaa3d772/execute/async - {"script":"<script> [21 bytes]","args":[{"forceSelect":true,"selector":{"controlType":"sap.ui.mdc.field.FieldInput","viewName":"sap.fe.templates.ObjectPage.ObjectPage","viewId":"rfm.transactionui::xRFMxCU_TransactionObjectPage","bindingPath":{"path":"","propertyPath":"/conditions","modelName":"$field"},"ancestor":{"controlType":"sap.ui.mdc.Field","viewName":"sap.fe.templates.ObjectPage.ObjectPage","viewId":"rfm.transactionui::xRFMxCU_TransactionObjectPage","bindingPath":{"path":"/xRFMxCU_Transaction(TransactionId='undefined',IsActiveEntity=false)/_TransactionCFPart(TransactionId='undefined',CashFlowPartType='2',IsActiveEntity=false)","propertyPath":"__EntityControl/Updatable"}},"interaction":{"idSuffix":"inner"}},"wdio_ui5_key":"sapfe.templates.ObjectPage.ObjectPagesap.ui.mdc.field.FieldInput{\"path\":\"\",\"propertyPath\":\"/conditions\",\"modelName\":\"$field\"}{\"controlType\":\"sap.ui.mdc.Field\",\"viewName\":\"sap.fe.templates.ObjectPage.ObjectPage\",\"viewId\":\"rfm.transactionui::xRFMxCU_TransactionObjectPage\",\"bindingPath\":{\"path\":\"/xRFMxCU_Transaction(TransactionId='undefined',IsActiveEntity=false)/_TransactionCFPart(TransactionId='undefined',CashFlowPartType='2',IsActiveEntity=false)\",\"propertyPath\":\"__EntityControl/Updatable\"}}"}]}
COMMAND: GET /session/6d64be70e224d73ff9ab56daeaa3d772/screenshot - {}
RESULT: {"script":"<script> [21 bytes]","args":[{"forceSelect":true,"selector":{"controlType":"sap.ui.mdc.field.FieldInput","viewName":"sap.fe.templates.ObjectPage.ObjectPage","viewId":"rfm.transactionui::xRFMxCU_TransactionObjectPage","bindingPath":{"path":"","propertyPath":"/conditions","modelName":"$field"},"ancestor":{"controlType":"sap.ui.mdc.Field","viewName":"sap.fe.templates.ObjectPage.ObjectPage","viewId":"rfm.transactionui::xRFMxCU_TransactionObjectPage","bindingPath":{"path":"/xRFMxCU_Transaction(TransactionId='undefined',IsActiveEntity=false)/_TransactionCFPart(TransactionId='undefined',CashFlowPartType='2',IsActiveEntity=false)","propertyPath":"__EntityControl/Updatable"}},"interaction":{"idSuffix":"inner"}},"wdio_ui5_key":"sapfe.templates.ObjectPage.ObjectPagesap.ui.mdc.field.FieldInput{\"path\":\"\",\"propertyPath\":\"/conditions\",\"modelName\":\"$field\"}{\"controlType\":\"sap.ui.mdc.Field\",\"viewName\":\"sap.fe.templates.ObjectPage.ObjectPage\",\"viewId\":\"rfm.transactionui::xRFMxCU_TransactionObjectPage\",\"bindingPath\":{\"path\":\"/xRFMxCU_Transaction(TransactionId='undefined',IsActiveEntity=false)/_TransactionCFPart(TransactionId='undefined',CashFlowPartType='2',IsActiveEntity=false)\",\"propertyPath\":\"__EntityControl/Updatable\"}}"}]}
RESULT: undefined
COMMAND: POST /session/6d64be70e224d73ff9ab56daeaa3d772/execute/async - {"script":"<script> [21 bytes]","args":[{"selector":{"id":"rfm.transactionui::xRFMxCU_TransactionObjectPage--fe::FooterBar::StandardAction::Save","interaction":{"idSuffix":"BDI-content"}},"wdio_ui5_key":"rfmtransactionui::xRFMxCU_TransactionObjectPage--fe::FooterBar::StandardAction::Save"}]}
RESULT: {}
RESULT: {"script":"<script> [21 bytes]","args":[{"selector":{"id":"rfm.transactionui::xRFMxCU_TransactionObjectPage--fe::FooterBar::StandardAction::Save","interaction":{"idSuffix":"BDI-content"}},"wdio_ui5_key":"rfmtransactionui::xRFMxCU_TransactionObjectPage--fe::FooterBar::StandardAction::Save"}]}
RESULT: undefined
COMMAND: POST /session/6d64be70e224d73ff9ab56daeaa3d772/execute/async - {"script":"<script> [21 bytes]","args":[{"selector":{"id":"rfm.transactionui::xRFMxCU_TransactionObjectPage--fe::FooterBar::MessageButton-img"},"wdio_ui5_key":"rfmtransactionui::xRFMxCU_TransactionObjectPage--fe::FooterBar::MessageButton-img"}]}
RESULT: {"script":"<script> [21 bytes]","args":[{"selector":{"id":"rfm.transactionui::xRFMxCU_TransactionObjectPage--fe::FooterBar::MessageButton-img"},"wdio_ui5_key":"rfmtransactionui::xRFMxCU_TransactionObjectPage--fe::FooterBar::MessageButton-img"}]}
RESULT: undefined
COMMAND: POST /session/6d64be70e224d73ff9ab56daeaa3d772/url - {"url":"https://d4debac0-4a79-4bd3-a71c-dba92f957697.abap-web.eu10.hana.ondemand.com/ui#Shell-home"}
RESULT: {"url":"https://d4debac0-4a79-4bd3-a71c-dba92f957697.abap-web.eu10.hana.ondemand.com/ui#Shell-home"}
RESULT: undefined
COMMAND: POST /session/6d64be70e224d73ff9ab56daeaa3d772/element - {"using":"css selector","value":"div.sapUiLocalBusyIndicator"}
COMMAND: GET /session/6d64be70e224d73ff9ab56daeaa3d772/screenshot - {}
RESULT: {"using":"css selector","value":"div.sapUiLocalBusyIndicator"}
COMMAND: POST /session/6d64be70e224d73ff9ab56daeaa3d772/element - {"using":"css selector","value":"div.sapUiLocalBusyIndicator"}
RESULT: {}
RESULT: {"using":"css selector","value":"div.sapUiLocalBusyIndicator"}
COMMAND: GET /session/6d64be70e224d73ff9ab56daeaa3d772/screenshot - {}
]]></system-out>
    </testcase>
    <testcase classname="chrome.140_0_7339_186.windows.Trigger" name="Should filter created Transaction" time="7.33">
      <system-out><![CDATA[
COMMAND: POST /session/6d64be70e224d73ff9ab56daeaa3d772/execute/async - {"script":"<script> [21 bytes]","args":[{"selector":{"controlType":"sap.m.GenericTile","properties":{"header":"Triggers"}},"wdio_ui5_key":"sapm.GenericTile{\"header\":\"Triggers\"}"}]}
RESULT: {}
RESULT: {"script":"<script> [21 bytes]","args":[{"selector":{"controlType":"sap.m.GenericTile","properties":{"header":"Triggers"}},"wdio_ui5_key":"sapm.GenericTile{\"header\":\"Triggers\"}"}]}
RESULT: undefined
COMMAND: POST /session/6d64be70e224d73ff9ab56daeaa3d772/element - {"using":"xpath","value":"//*[@id=\"__tile33\"]"}
RESULT: {"using":"xpath","value":"//*[@id=\"__tile33\"]"}
COMMAND: POST /session/6d64be70e224d73ff9ab56daeaa3d772/element/f.EEA2CF73FE9AFAF004EEDC8AAC890562.d.C14A2ED22F89AC4BAB693F45A8E90AF3.e.602/click - {}
COMMAND: POST /session/6d64be70e224d73ff9ab56daeaa3d772/element - {"using":"css selector","value":"div.sapUiLocalBusyIndicator"}
RESULT: {"using":"css selector","value":"div.sapUiLocalBusyIndicator"}
COMMAND: POST /session/6d64be70e224d73ff9ab56daeaa3d772/element - {"using":"css selector","value":"div.sapUiLocalBusyIndicator"}
RESULT: {"using":"css selector","value":"div.sapUiLocalBusyIndicator"}
COMMAND: POST /session/6d64be70e224d73ff9ab56daeaa3d772/execute/async - {"script":"<script> [21 bytes]","args":[{"selector":{"id":"rfm.triggerui::TriggerSetList--fe::FilterBar::TriggerSet::FilterField::TransactionId-inner","interaction":{"idSuffix":"inner"}},"wdio_ui5_key":"rfmtriggerui::TriggerSetList--fe::FilterBar::TriggerSet::FilterField::TransactionId-inner"}]}
RESULT: {"script":"<script> [21 bytes]","args":[{"selector":{"id":"rfm.triggerui::TriggerSetList--fe::FilterBar::TriggerSet::FilterField::TransactionId-inner","interaction":{"idSuffix":"inner"}},"wdio_ui5_key":"rfmtriggerui::TriggerSetList--fe::FilterBar::TriggerSet::FilterField::TransactionId-inner"}]}
RESULT: undefined
COMMAND: POST /session/6d64be70e224d73ff9ab56daeaa3d772/element - {"using":"css selector","value":"div.sapUiLocalBusyIndicator"}
RESULT: {"using":"css selector","value":"div.sapUiLocalBusyIndicator"}
COMMAND: POST /session/6d64be70e224d73ff9ab56daeaa3d772/element - {"using":"css selector","value":"div.sapUiLocalBusyIndicator"}
RESULT: {"using":"css selector","value":"div.sapUiLocalBusyIndicator"}
COMMAND: POST /session/6d64be70e224d73ff9ab56daeaa3d772/execute/async - {"script":"<script> [21 bytes]","args":[{"selector":{"id":"rfm.triggerui::TriggerSetList--fe::FilterBar::TriggerSet-btnSearch","interaction":{"idSuffix":"BDI-content"}},"wdio_ui5_key":"rfmtriggerui::TriggerSetList--fe::FilterBar::TriggerSet-btnSearch"}]}
RESULT: {"script":"<script> [21 bytes]","args":[{"selector":{"id":"rfm.triggerui::TriggerSetList--fe::FilterBar::TriggerSet-btnSearch","interaction":{"idSuffix":"BDI-content"}},"wdio_ui5_key":"rfmtriggerui::TriggerSetList--fe::FilterBar::TriggerSet-btnSearch"}]}
RESULT: undefined
COMMAND: POST /session/6d64be70e224d73ff9ab56daeaa3d772/element - {"using":"css selector","value":"div.sapUiLocalBusyIndicator"}
RESULT: {"using":"css selector","value":"div.sapUiLocalBusyIndicator"}
COMMAND: POST /session/6d64be70e224d73ff9ab56daeaa3d772/element - {"using":"css selector","value":"div.sapUiLocalBusyIndicator"}
RESULT: {"using":"css selector","value":"div.sapUiLocalBusyIndicator"}
COMMAND: POST /session/6d64be70e224d73ff9ab56daeaa3d772/execute/async - {"script":"<script> [21 bytes]","args":[{"selector":{"id":"rfm.triggerui::TriggerSetList--fe::table::allTab::LineItem-innerTable-rows-row0"},"wdio_ui5_key":"rfmtriggerui::TriggerSetList--fe::table::allTab::LineItem-innerTable-rows-row0"}]}
RESULT: {"script":"<script> [21 bytes]","args":[{"selector":{"id":"rfm.triggerui::TriggerSetList--fe::table::allTab::LineItem-innerTable-rows-row0"},"wdio_ui5_key":"rfmtriggerui::TriggerSetList--fe::table::allTab::LineItem-innerTable-rows-row0"}]}
RESULT: undefined
COMMAND: POST /session/6d64be70e224d73ff9ab56daeaa3d772/element - {"using":"css selector","value":"div.sapUiLocalBusyIndicator"}
RESULT: {"using":"css selector","value":"div.sapUiLocalBusyIndicator"}
COMMAND: POST /session/6d64be70e224d73ff9ab56daeaa3d772/element - {"using":"css selector","value":"div.sapUiLocalBusyIndicator"}
RESULT: {"using":"css selector","value":"div.sapUiLocalBusyIndicator"}
COMMAND: POST /session/6d64be70e224d73ff9ab56daeaa3d772/execute/async - {"script":"<script> [21 bytes]","args":[{"selector":{"controlType":"sap.m.Link","viewName":"sap.fe.templates.ListReport.ListReport","viewId":"rfm.triggerui::TriggerSetList","bindingPath":{"path":"/TriggerSet(TransactionId='undefined',IsActiveEntity=true)","propertyPath":"TransactionId"}},"wdio_ui5_key":"sapfe.templates.ListReport.ListReportsap.m.Link{\"path\":\"/TriggerSet(TransactionId='undefined',IsActiveEntity=true)\",\"propertyPath\":\"TransactionId\"}"}]}
RESULT: {"script":"<script> [21 bytes]","args":[{"selector":{"controlType":"sap.m.Link","viewName":"sap.fe.templates.ListReport.ListReport","viewId":"rfm.triggerui::TriggerSetList","bindingPath":{"path":"/TriggerSet(TransactionId='undefined',IsActiveEntity=true)","propertyPath":"TransactionId"}},"wdio_ui5_key":"sapfe.templates.ListReport.ListReportsap.m.Link{\"path\":\"/TriggerSet(TransactionId='undefined',IsActiveEntity=true)\",\"propertyPath\":\"TransactionId\"}"}]}
RESULT: undefined
COMMAND: POST /session/6d64be70e224d73ff9ab56daeaa3d772/element - {"using":"css selector","value":"div.sapUiLocalBusyIndicator"}
RESULT: {"using":"css selector","value":"div.sapUiLocalBusyIndicator"}
COMMAND: POST /session/6d64be70e224d73ff9ab56daeaa3d772/element - {"using":"css selector","value":"div.sapUiLocalBusyIndicator"}
RESULT: {"using":"css selector","value":"div.sapUiLocalBusyIndicator"}
COMMAND: POST /session/6d64be70e224d73ff9ab56daeaa3d772/execute/async - {"script":"<script> [21 bytes]","args":[{"forceSelect":true,"selector":{"controlType":"sap.ui.core.Icon","viewName":"sap.fe.templates.ListReport.ListReport","viewId":"rfm.triggerui::TriggerSetList","properties":{"src":{"regex":{"source":"navigation\\-right\\-arrow"}}}},"wdio_ui5_key":"sapfe.templates.ListReport.ListReportsap.ui.core.Icon{\"src\":{\"regex\":{\"source\":\"navigation\\\\-right\\\\-arrow\"}}}"}]}
[...]
RESULT: {"using":"xpath","value":"//*[@id=\"backBtn\"]"}
COMMAND: POST /session/6d64be70e224d73ff9ab56daeaa3d772/elements - {"using":"xpath","value":"//*[@id=\"backBtn\"]"}
RESULT: {"using":"xpath","value":"//*[@id=\"backBtn\"]"}
COMMAND: POST /session/6d64be70e224d73ff9ab56daeaa3d772/elements - {"using":"xpath","value":"//*[@id=\"backBtn\"]"}
RESULT: {"using":"xpath","value":"//*[@id=\"backBtn\"]"}
COMMAND: POST /session/6d64be70e224d73ff9ab56daeaa3d772/elements - {"using":"xpath","value":"//*[@id=\"backBtn\"]"}
RESULT: {"using":"xpath","value":"//*[@id=\"backBtn\"]"}
COMMAND: POST /session/6d64be70e224d73ff9ab56daeaa3d772/elements - {"using":"xpath","value":"//*[@id=\"backBtn\"]"}
RESULT: {"using":"xpath","value":"//*[@id=\"backBtn\"]"}
COMMAND: POST /session/6d64be70e224d73ff9ab56daeaa3d772/elements - {"using":"xpath","value":"//*[@id=\"backBtn\"]"}
RESULT: {"using":"xpath","value":"//*[@id=\"backBtn\"]"}
COMMAND: POST /session/6d64be70e224d73ff9ab56daeaa3d772/elements - {"using":"xpath","value":"//*[@id=\"backBtn\"]"}
RESULT: {"using":"xpath","value":"//*[@id=\"backBtn\"]"}
COMMAND: POST /session/6d64be70e224d73ff9ab56daeaa3d772/elements - {"using":"xpath","value":"//*[@id=\"backBtn\"]"}
RESULT: {"using":"xpath","value":"//*[@id=\"backBtn\"]"}
COMMAND: POST /session/6d64be70e224d73ff9ab56daeaa3d772/elements - {"using":"xpath","value":"//*[@id=\"backBtn\"]"}
RESULT: {"using":"xpath","value":"//*[@id=\"backBtn\"]"}
COMMAND: POST /session/6d64be70e224d73ff9ab56daeaa3d772/elements - {"using":"xpath","value":"//*[@id=\"backBtn\"]"}
RESULT: {"using":"xpath","value":"//*[@id=\"backBtn\"]"}
COMMAND: POST /session/6d64be70e224d73ff9ab56daeaa3d772/elements - {"using":"xpath","value":"//*[@id=\"backBtn\"]"}
RESULT: {"using":"xpath","value":"//*[@id=\"backBtn\"]"}
COMMAND: POST /session/6d64be70e224d73ff9ab56daeaa3d772/elements - {"using":"xpath","value":"//*[@id=\"backBtn\"]"}
RESULT: {"using":"xpath","value":"//*[@id=\"backBtn\"]"}
COMMAND: POST /session/6d64be70e224d73ff9ab56daeaa3d772/elements - {"using":"xpath","value":"//*[@id=\"backBtn\"]"}
RESULT: {"using":"xpath","value":"//*[@id=\"backBtn\"]"}
COMMAND: POST /session/6d64be70e224d73ff9ab56daeaa3d772/elements - {"using":"xpath","value":"//*[@id=\"backBtn\"]"}
RESULT: {"using":"xpath","value":"//*[@id=\"backBtn\"]"}
COMMAND: POST /session/6d64be70e224d73ff9ab56daeaa3d772/elements - {"using":"xpath","value":"//*[@id=\"backBtn\"]"}
RESULT: {"using":"xpath","value":"//*[@id=\"backBtn\"]"}
COMMAND: POST /session/6d64be70e224d73ff9ab56daeaa3d772/elements - {"using":"xpath","value":"//*[@id=\"backBtn\"]"}
RESULT: {"using":"xpath","value":"//*[@id=\"backBtn\"]"}
COMMAND: POST /session/6d64be70e224d73ff9ab56daeaa3d772/elements - {"using":"xpath","value":"//*[@id=\"backBtn\"]"}
RESULT: {"using":"xpath","value":"//*[@id=\"backBtn\"]"}
COMMAND: POST /session/6d64be70e224d73ff9ab56daeaa3d772/elements - {"using":"xpath","value":"//*[@id=\"backBtn\"]"}
RESULT: {"using":"xpath","value":"//*[@id=\"backBtn\"]"}
COMMAND: POST /session/6d64be70e224d73ff9ab56daeaa3d772/elements - {"using":"xpath","value":"//*[@id=\"backBtn\"]"}
RESULT: {"using":"xpath","value":"//*[@id=\"backBtn\"]"}
COMMAND: POST /session/6d64be70e224d73ff9ab56daeaa3d772/elements - {"using":"xpath","value":"//*[@id=\"backBtn\"]"}
RESULT: {"using":"xpath","value":"//*[@id=\"backBtn\"]"}
COMMAND: POST /session/6d64be70e224d73ff9ab56daeaa3d772/elements - {"using":"xpath","value":"//*[@id=\"backBtn\"]"}
RESULT: {"using":"xpath","value":"//*[@id=\"backBtn\"]"}
COMMAND: POST /session/6d64be70e224d73ff9ab56daeaa3d772/elements - {"using":"xpath","value":"//*[@id=\"backBtn\"]"}
RESULT: {"using":"xpath","value":"//*[@id=\"backBtn\"]"}
COMMAND: POST /session/6d64be70e224d73ff9ab56daeaa3d772/elements - {"using":"xpath","value":"//*[@id=\"backBtn\"]"}
RESULT: {"using":"xpath","value":"//*[@id=\"backBtn\"]"}
COMMAND: POST /session/6d64be70e224d73ff9ab56daeaa3d772/elements - {"using":"xpath","value":"//*[@id=\"backBtn\"]"}
RESULT: {"using":"xpath","value":"//*[@id=\"backBtn\"]"}
COMMAND: POST /session/6d64be70e224d73ff9ab56daeaa3d772/elements - {"using":"xpath","value":"//*[@id=\"backBtn\"]"}
RESULT: {"using":"xpath","value":"//*[@id=\"backBtn\"]"}
COMMAND: POST /session/6d64be70e224d73ff9ab56daeaa3d772/elements - {"using":"xpath","value":"//*[@id=\"backBtn\"]"}
RESULT: {"using":"xpath","value":"//*[@id=\"backBtn\"]"}
COMMAND: POST /session/6d64be70e224d73ff9ab56daeaa3d772/elements - {"using":"xpath","value":"//*[@id=\"backBtn\"]"}
RESULT: {"using":"xpath","value":"//*[@id=\"backBtn\"]"}
COMMAND: POST /session/6d64be70e224d73ff9ab56daeaa3d772/elements - {"using":"xpath","value":"//*[@id=\"backBtn\"]"}
RESULT: {"using":"xpath","value":"//*[@id=\"backBtn\"]"}
COMMAND: POST /session/6d64be70e224d73ff9ab56daeaa3d772/elements - {"using":"xpath","value":"//*[@id=\"backBtn\"]"}
RESULT: {"using":"xpath","value":"//*[@id=\"backBtn\"]"}
COMMAND: POST /session/6d64be70e224d73ff9ab56daeaa3d772/elements - {"using":"xpath","value":"//*[@id=\"backBtn\"]"}
RESULT: {"using":"xpath","value":"//*[@id=\"backBtn\"]"}
COMMAND: POST /session/6d64be70e224d73ff9ab56daeaa3d772/elements - {"using":"xpath","value":"//*[@id=\"backBtn\"]"}
RESULT: {"using":"xpath","value":"//*[@id=\"backBtn\"]"}
COMMAND: POST /session/6d64be70e224d73ff9ab56daeaa3d772/elements - {"using":"xpath","value":"//*[@id=\"backBtn\"]"}
RESULT: {"using":"xpath","value":"//*[@id=\"backBtn\"]"}
COMMAND: POST /session/6d64be70e224d73ff9ab56daeaa3d772/elements - {"using":"xpath","value":"//*[@id=\"backBtn\"]"}
RESULT: {"using":"xpath","value":"//*[@id=\"backBtn\"]"}
COMMAND: POST /session/6d64be70e224d73ff9ab56daeaa3d772/elements - {"using":"xpath","value":"//*[@id=\"backBtn\"]"}
RESULT: {"using":"xpath","value":"//*[@id=\"backBtn\"]"}
COMMAND: POST /session/6d64be70e224d73ff9ab56daeaa3d772/elements - {"using":"xpath","value":"//*[@id=\"backBtn\"]"}
RESULT: {"using":"xpath","value":"//*[@id=\"backBtn\"]"}
COMMAND: POST /session/6d64be70e224d73ff9ab56daeaa3d772/elements - {"using":"xpath","value":"//*[@id=\"backBtn\"]"}
RESULT: {"using":"xpath","value":"//*[@id=\"backBtn\"]"}
COMMAND: POST /session/6d64be70e224d73ff9ab56daeaa3d772/elements - {"using":"xpath","value":"//*[@id=\"backBtn\"]"}
RESULT: {"using":"xpath","value":"//*[@id=\"backBtn\"]"}
COMMAND: POST /session/6d64be70e224d73ff9ab56daeaa3d772/elements - {"using":"xpath","value":"//*[@id=\"backBtn\"]"}
RESULT: {"using":"xpath","value":"//*[@id=\"backBtn\"]"}
COMMAND: POST /session/6d64be70e224d73ff9ab56daeaa3d772/elements - {"using":"xpath","value":"//*[@id=\"backBtn\"]"}
RESULT: {"using":"xpath","value":"//*[@id=\"backBtn\"]"}
COMMAND: POST /session/6d64be70e224d73ff9ab56daeaa3d772/elements - {"using":"xpath","value":"//*[@id=\"backBtn\"]"}
RESULT: {"using":"xpath","value":"//*[@id=\"backBtn\"]"}
COMMAND: POST /session/6d64be70e224d73ff9ab56daeaa3d772/elements - {"using":"xpath","value":"//*[@id=\"backBtn\"]"}
RESULT: {"using":"xpath","value":"//*[@id=\"backBtn\"]"}
COMMAND: POST /session/6d64be70e224d73ff9ab56daeaa3d772/elements - {"using":"xpath","value":"//*[@id=\"backBtn\"]"}
RESULT: {"using":"xpath","value":"//*[@id=\"backBtn\"]"}
COMMAND: POST /session/6d64be70e224d73ff9ab56daeaa3d772/elements - {"using":"xpath","value":"//*[@id=\"backBtn\"]"}
RESULT: {"using":"xpath","value":"//*[@id=\"backBtn\"]"}
COMMAND: POST /session/6d64be70e224d73ff9ab56daeaa3d772/elements - {"using":"xpath","value":"//*[@id=\"backBtn\"]"}
RESULT: {"using":"xpath","value":"//*[@id=\"backBtn\"]"}
COMMAND: POST /session/6d64be70e224d73ff9ab56daeaa3d772/elements - {"using":"xpath","value":"//*[@id=\"backBtn\"]"}
RESULT: {"using":"xpath","value":"//*[@id=\"backBtn\"]"}
COMMAND: POST /session/6d64be70e224d73ff9ab56daeaa3d772/elements - {"using":"xpath","value":"//*[@id=\"backBtn\"]"}
RESULT: {"using":"xpath","value":"//*[@id=\"backBtn\"]"}
COMMAND: POST /session/6d64be70e224d73ff9ab56daeaa3d772/elements - {"using":"xpath","value":"//*[@id=\"backBtn\"]"}
RESULT: {"using":"xpath","value":"//*[@id=\"backBtn\"]"}
COMMAND: POST /session/6d64be70e224d73ff9ab56daeaa3d772/elements - {"using":"xpath","value":"//*[@id=\"backBtn\"]"}
RESULT: {"using":"xpath","value":"//*[@id=\"backBtn\"]"}
COMMAND: POST /session/6d64be70e224d73ff9ab56daeaa3d772/elements - {"using":"xpath","value":"//*[@id=\"backBtn\"]"}
RESULT: {"using":"xpath","value":"//*[@id=\"backBtn\"]"}
COMMAND: POST /session/6d64be70e224d73ff9ab56daeaa3d772/elements - {"using":"xpath","value":"//*[@id=\"backBtn\"]"}
RESULT: {"using":"xpath","value":"//*[@id=\"backBtn\"]"}
COMMAND: POST /session/6d64be70e224d73ff9ab56daeaa3d772/elements - {"using":"xpath","value":"//*[@id=\"backBtn\"]"}
RESULT: {"using":"xpath","value":"//*[@id=\"backBtn\"]"}
COMMAND: POST /session/6d64be70e224d73ff9ab56daeaa3d772/elements - {"using":"xpath","value":"//*[@id=\"backBtn\"]"}
RESULT: {"using":"xpath","value":"//*[@id=\"backBtn\"]"}
COMMAND: POST /session/6d64be70e224d73ff9ab56daeaa3d772/elements - {"using":"xpath","value":"//*[@id=\"backBtn\"]"}
RESULT: {"using":"xpath","value":"//*[@id=\"backBtn\"]"}
COMMAND: POST /session/6d64be70e224d73ff9ab56daeaa3d772/elements - {"using":"xpath","value":"//*[@id=\"backBtn\"]"}
RESULT: {"using":"xpath","value":"//*[@id=\"backBtn\"]"}
COMMAND: POST /session/6d64be70e224d73ff9ab56daeaa3d772/elements - {"using":"xpath","value":"//*[@id=\"backBtn\"]"}
RESULT: {"using":"xpath","value":"//*[@id=\"backBtn\"]"}
COMMAND: POST /session/6d64be70e224d73ff9ab56daeaa3d772/elements - {"using":"xpath","value":"//*[@id=\"backBtn\"]"}
RESULT: {"using":"xpath","value":"//*[@id=\"backBtn\"]"}
COMMAND: POST /session/6d64be70e224d73ff9ab56daeaa3d772/elements - {"using":"xpath","value":"//*[@id=\"backBtn\"]"}
RESULT: {"using":"xpath","value":"//*[@id=\"backBtn\"]"}
COMMAND: POST /session/6d64be70e224d73ff9ab56daeaa3d772/elements - {"using":"xpath","value":"//*[@id=\"backBtn\"]"}
RESULT: {"using":"xpath","value":"//*[@id=\"backBtn\"]"}
COMMAND: POST /session/6d64be70e224d73ff9ab56daeaa3d772/elements - {"using":"xpath","value":"//*[@id=\"backBtn\"]"}
RESULT: {"using":"xpath","value":"//*[@id=\"backBtn\"]"}
COMMAND: POST /session/6d64be70e224d73ff9ab56daeaa3d772/elements - {"using":"xpath","value":"//*[@id=\"backBtn\"]"}
RESULT: {"using":"xpath","value":"//*[@id=\"backBtn\"]"}
COMMAND: POST /session/6d64be70e224d73ff9ab56daeaa3d772/elements - {"using":"xpath","value":"//*[@id=\"backBtn\"]"}
RESULT: {"using":"xpath","value":"//*[@id=\"backBtn\"]"}
COMMAND: POST /session/6d64be70e224d73ff9ab56daeaa3d772/elements - {"using":"xpath","value":"//*[@id=\"backBtn\"]"}
RESULT: {"using":"xpath","value":"//*[@id=\"backBtn\"]"}
COMMAND: POST /session/6d64be70e224d73ff9ab56daeaa3d772/elements - {"using":"xpath","value":"//*[@id=\"backBtn\"]"}
RESULT: {"using":"xpath","value":"//*[@id=\"backBtn\"]"}
COMMAND: POST /session/6d64be70e224d73ff9ab56daeaa3d772/elements - {"using":"xpath","value":"//*[@id=\"backBtn\"]"}
RESULT: {"using":"xpath","value":"//*[@id=\"backBtn\"]"}
COMMAND: POST /session/6d64be70e224d73ff9ab56daeaa3d772/elements - {"using":"xpath","value":"//*[@id=\"backBtn\"]"}
RESULT: {"using":"xpath","value":"//*[@id=\"backBtn\"]"}
COMMAND: POST /session/6d64be70e224d73ff9ab56daeaa3d772/elements - {"using":"xpath","value":"//*[@id=\"backBtn\"]"}
RESULT: {"using":"xpath","value":"//*[@id=\"backBtn\"]"}
COMMAND: POST /session/6d64be70e224d73ff9ab56daeaa3d772/elements - {"using":"xpath","value":"//*[@id=\"backBtn\"]"}
RESULT: {"using":"xpath","value":"//*[@id=\"backBtn\"]"}
COMMAND: POST /session/6d64be70e224d73ff9ab56daeaa3d772/elements - {"using":"xpath","value":"//*[@id=\"backBtn\"]"}
RESULT: {"using":"xpath","value":"//*[@id=\"backBtn\"]"}
COMMAND: POST /session/6d64be70e224d73ff9ab56daeaa3d772/elements - {"using":"xpath","value":"//*[@id=\"backBtn\"]"}
RESULT: {"using":"xpath","value":"//*[@id=\"backBtn\"]"}
COMMAND: POST /session/6d64be70e224d73ff9ab56daeaa3d772/elements - {"using":"xpath","value":"//*[@id=\"backBtn\"]"}
RESULT: {"using":"xpath","value":"//*[@id=\"backBtn\"]"}
COMMAND: POST /session/6d64be70e224d73ff9ab56daeaa3d772/elements - {"using":"xpath","value":"//*[@id=\"backBtn\"]"}
RESULT: {"using":"xpath","value":"//*[@id=\"backBtn\"]"}
COMMAND: POST /session/6d64be70e224d73ff9ab56daeaa3d772/elements - {"using":"xpath","value":"//*[@id=\"backBtn\"]"}
RESULT: {"using":"xpath","value":"//*[@id=\"backBtn\"]"}
COMMAND: POST /session/6d64be70e224d73ff9ab56daeaa3d772/elements - {"using":"xpath","value":"//*[@id=\"backBtn\"]"}
RESULT: {"using":"xpath","value":"//*[@id=\"backBtn\"]"}
COMMAND: POST /session/6d64be70e224d73ff9ab56daeaa3d772/elements - {"using":"xpath","value":"//*[@id=\"backBtn\"]"}
RESULT: {"using":"xpath","value":"//*[@id=\"backBtn\"]"}
COMMAND: POST /session/6d64be70e224d73ff9ab56daeaa3d772/elements - {"using":"xpath","value":"//*[@id=\"backBtn\"]"}
RESULT: {"using":"xpath","value":"//*[@id=\"backBtn\"]"}
COMMAND: POST /session/6d64be70e224d73ff9ab56daeaa3d772/elements - {"using":"xpath","value":"//*[@id=\"backBtn\"]"}
RESULT: {"using":"xpath","value":"//*[@id=\"backBtn\"]"}
COMMAND: POST /session/6d64be70e224d73ff9ab56daeaa3d772/elements - {"using":"xpath","value":"//*[@id=\"backBtn\"]"}
RESULT: {"using":"xpath","value":"//*[@id=\"backBtn\"]"}
COMMAND: POST /session/6d64be70e224d73ff9ab56daeaa3d772/elements - {"using":"xpath","value":"//*[@id=\"backBtn\"]"}
COMMAND: POST /session/6d64be70e224d73ff9ab56daeaa3d772/element - {"using":"css selector","value":"div.sapUiLocalBusyIndicator"}
RESULT: {"using":"xpath","value":"//*[@id=\"backBtn\"]"}
RESULT: {"using":"css selector","value":"div.sapUiLocalBusyIndicator"}
COMMAND: POST /session/6d64be70e224d73ff9ab56daeaa3d772/element - {"using":"css selector","value":"div.sapUiLocalBusyIndicator"}
RESULT: {"using":"css selector","value":"div.sapUiLocalBusyIndicator"}
COMMAND: GET /session/6d64be70e224d73ff9ab56daeaa3d772/screenshot - {}
]]></system-out>
    </testcase>
    <testcase classname="chrome.140_0_7339_186.windows.Trigger" name="Should check navigation to Program" time="1.612">
      <skipped/>
      <system-out><![CDATA[
COMMAND: POST /session/6d64be70e224d73ff9ab56daeaa3d772/execute/async - {"script":"<script> [21 bytes]","args":[{"selector":{"id":"rfm.triggerui::TriggerSetObjectPage--fe::HeaderFacet::Form::headerFieldsGP1::DataFieldWithIntentBasedNavigation::ProgramId::FundingProgram::Manage::Field-content"},"wdio_ui5_key":"rfmtriggerui::TriggerSetObjectPage--fe::HeaderFacet::Form::headerFieldsGP1::DataFieldWithIntentBasedNavigation::ProgramId::FundingProgram::Manage::Field-content"}]}
RESULT: {}
RESULT: {"script":"<script> [21 bytes]","args":[{"selector":{"id":"rfm.triggerui::TriggerSetObjectPage--fe::HeaderFacet::Form::headerFieldsGP1::DataFieldWithIntentBasedNavigation::ProgramId::FundingProgram::Manage::Field-content"},"wdio_ui5_key":"rfmtriggerui::TriggerSetObjectPage--fe::HeaderFacet::Form::headerFieldsGP1::DataFieldWithIntentBasedNavigation::ProgramId::FundingProgram::Manage::Field-content"}]}
RESULT: undefined
COMMAND: POST /session/6d64be70e224d73ff9ab56daeaa3d772/element - {"using":"css selector","value":"div.sapUiLocalBusyIndicator"}
RESULT: {"using":"css selector","value":"div.sapUiLocalBusyIndicator"}
COMMAND: POST /session/6d64be70e224d73ff9ab56daeaa3d772/element - {"using":"css selector","value":"div.sapUiLocalBusyIndicator"}
RESULT: {"using":"css selector","value":"div.sapUiLocalBusyIndicator"}
RESULT: undefined
COMMAND: POST /session/6d64be70e224d73ff9ab56daeaa3d772/execute/async - {"script":"<script> [21 bytes]","args":[{"element-6066-11e4-a52e-4f735466cecf":"f.EEA2CF73FE9AFAF004EEDC8AAC890562.d.C14A2ED22F89AC4BAB693F45A8E90AF3.e.373"},"getText",[]]}
COMMAND: POST /session/6d64be70e224d73ff9ab56daeaa3d772/execute/async - {"script":"<script> [21 bytes]","args":[{"selector":{"id":"rfm.programui::xRFMxCU_ProgramObjectPage--fe::HeaderFacet::Form::headerFieldsGP1::DataField::ProgramId::Field-content"},"wdio_ui5_key":"rfmprogramui::xRFMxCU_ProgramObjectPage--fe::HeaderFacet::Form::headerFieldsGP1::DataField::ProgramId::Field-content"}]}
RESULT: {"script":"<script> [21 bytes]","args":[{"selector":{"id":"rfm.programui::xRFMxCU_ProgramObjectPage--fe::HeaderFacet::Form::headerFieldsGP1::DataField::ProgramId::Field-content"},"wdio_ui5_key":"rfmprogramui::xRFMxCU_ProgramObjectPage--fe::HeaderFacet::Form::headerFieldsGP1::DataField::ProgramId::Field-content"}]}
COMMAND: POST /session/6d64be70e224d73ff9ab56daeaa3d772/element - {"using":"css selector","value":"div.sapUiLocalBusyIndicator"}
RESULT: {"using":"css selector","value":"div.sapUiLocalBusyIndicator"}
COMMAND: POST /session/6d64be70e224d73ff9ab56daeaa3d772/element - {"using":"css selector","value":"div.sapUiLocalBusyIndicator"}
RESULT: {"using":"css selector","value":"div.sapUiLocalBusyIndicator"}
COMMAND: GET /session/6d64be70e224d73ff9ab56daeaa3d772/screenshot - {}
COMMAND: GET /session/6d64be70e224d73ff9ab56daeaa3d772/screenshot - {}
RESULT: {}
RESULT: {}
]]></system-out>
      <system-err><![CDATA[
Error: expect(received).toEqual(expected) // deep equality

Expected: "2499"
Received: null
    at Context.<anonymous> (D:\a\1\s\test\specs\BusinessObjects\Trigger.spec.js:1367:43)
]]></system-err>
    </testcase>
    <testcase classname="chrome.140_0_7339_186.windows.Trigger" name="Should check navigation to Program" time="0.808">
      <failure/>
      <error message="expect(received).toEqual(expected) // deep equality&#xA;&#xA;Expected: &quot;2499&quot;&#xA;Received: null"/>
      <system-out><![CDATA[
RESULT: undefined
COMMAND: POST /session/6d64be70e224d73ff9ab56daeaa3d772/element - {"using":"css selector","value":"div.sapUiLocalBusyIndicator"}
RESULT: {"using":"css selector","value":"div.sapUiLocalBusyIndicator"}
COMMAND: POST /session/6d64be70e224d73ff9ab56daeaa3d772/element - {"using":"css selector","value":"div.sapUiLocalBusyIndicator"}
RESULT: {"using":"css selector","value":"div.sapUiLocalBusyIndicator"}
RESULT: undefined
COMMAND: POST /session/6d64be70e224d73ff9ab56daeaa3d772/execute/async - {"script":"<script> [21 bytes]","args":[{"element-6066-11e4-a52e-4f735466cecf":"f.EEA2CF73FE9AFAF004EEDC8AAC890562.d.C14A2ED22F89AC4BAB693F45A8E90AF3.e.373"},"getText",[]]}
COMMAND: POST /session/6d64be70e224d73ff9ab56daeaa3d772/execute/async - {"script":"<script> [21 bytes]","args":[{"selector":{"id":"rfm.programui::xRFMxCU_ProgramObjectPage--fe::HeaderFacet::Form::headerFieldsGP1::DataField::ProgramId::Field-content"},"wdio_ui5_key":"rfmprogramui::xRFMxCU_ProgramObjectPage--fe::HeaderFacet::Form::headerFieldsGP1::DataField::ProgramId::Field-content"}]}
RESULT: {"script":"<script> [21 bytes]","args":[{"selector":{"id":"rfm.programui::xRFMxCU_ProgramObjectPage--fe::HeaderFacet::Form::headerFieldsGP1::DataField::ProgramId::Field-content"},"wdio_ui5_key":"rfmprogramui::xRFMxCU_ProgramObjectPage--fe::HeaderFacet::Form::headerFieldsGP1::DataField::ProgramId::Field-content"}]}
COMMAND: POST /session/6d64be70e224d73ff9ab56daeaa3d772/element - {"using":"css selector","value":"div.sapUiLocalBusyIndicator"}
RESULT: {"using":"css selector","value":"div.sapUiLocalBusyIndicator"}
COMMAND: POST /session/6d64be70e224d73ff9ab56daeaa3d772/element - {"using":"css selector","value":"div.sapUiLocalBusyIndicator"}
RESULT: {"using":"css selector","value":"div.sapUiLocalBusyIndicator"}
COMMAND: GET /session/6d64be70e224d73ff9ab56daeaa3d772/screenshot - {}
COMMAND: GET /session/6d64be70e224d73ff9ab56daeaa3d772/screenshot - {}
RESULT: {}
RESULT: {}
COMMAND: DELETE /session/6d64be70e224d73ff9ab56daeaa3d772 - {}
COMMAND: GET /session/6d64be70e224d73ff9ab56daeaa3d772/screenshot - {}
COMMAND: GET /session/6d64be70e224d73ff9ab56daeaa3d772/screenshot - {}
RESULT: {}
]]></system-out>
      <system-err><![CDATA[
Error: expect(received).toEqual(expected) // deep equality

Expected: "2499"
Received: null
    at Context.<anonymous> (D:\a\1\s\test\specs\BusinessObjects\Trigger.spec.js:1367:43)
]]></system-err>
    </testcase>
  </testsuite>
</testsuites>