<?xml version="1.0" encoding="UTF-8"?>
<testsuites tests="9" failures="3" errors="3" skipped="3">
  <testsuite timestamp="2025-08-14T23:59:43" time="361.697" tests="9" failures="3" errors="3" skipped="3">
    <properties>
      <property name="specId" value="0"/>
      <property name="suiteName" value="ABS Tranches"/>
      <property name="capabilities" value="chrome.138_0_7204_184.windows"/>
      <property name="file" value="file:///D:/a/1/s/test/specs/ABS/ABSTranches.spec.js"/>
    </properties>
    <testcase classname="chrome.138_0_7204_184.windows.ABS_Tranches" name="Should create Program" time="61.052">
      <system-out><![CDATA[
COMMAND: POST /session/9fbfdb63ddc4f6337e0782d09dab6bad/execute/async - {"script":"<script> [21 bytes]","args":[{"selector":{"controlType":"sap.m.GenericTile","properties":{"header":"Funding Program"}},"wdio_ui5_key":"sapm.GenericTile{\"header\":\"Funding Program\"}"}]}
RESULT: {"script":"<script> [21 bytes]","args":[{"selector":{"controlType":"sap.m.GenericTile","properties":{"header":"Funding Program"}},"wdio_ui5_key":"sapm.GenericTile{\"header\":\"Funding Program\"}"}]}
RESULT: undefined
COMMAND: POST /session/9fbfdb63ddc4f6337e0782d09dab6bad/element - {"using":"xpath","value":"//*[@id=\"__tile29\"]"}
RESULT: {"using":"xpath","value":"//*[@id=\"__tile29\"]"}
COMMAND: POST /session/9fbfdb63ddc4f6337e0782d09dab6bad/element/f.0B8300BA6C9038C74F53A9B60F1675F3.d.25B27354A3228836AC5570A1EF2C079F.e.77/click - {}
RESULT: {}
COMMAND: POST /session/9fbfdb63ddc4f6337e0782d09dab6bad/execute/async - {"script":"<script> [21 bytes]","args":[{"selector":{"id":"rfm.programui::xRFMxCU_ProgramList--fe::table::allTab::LineItem::StandardAction::Create","controlType":"sap.m.Button"},"wdio_ui5_key":"rfmprogramui::xRFMxCU_ProgramList--fe::table::allTab::LineItem::StandardAction::Createsap.m.Button"}]}
COMMAND: GET /session/9fbfdb63ddc4f6337e0782d09dab6bad/screenshot - {}
RESULT: {"script":"<script> [21 bytes]","args":[{"selector":{"id":"rfm.programui::xRFMxCU_ProgramList--fe::table::allTab::LineItem::StandardAction::Create","controlType":"sap.m.Button"},"wdio_ui5_key":"rfmprogramui::xRFMxCU_ProgramList--fe::table::allTab::LineItem::StandardAction::Createsap.m.Button"}]}
RESULT: undefined
COMMAND: POST /session/9fbfdb63ddc4f6337e0782d09dab6bad/element - {"using":"xpath","value":"//*[@id=\"rfm.programui::xRFMxCU_ProgramList--fe::table::allTab::LineItem::StandardAction::Create\"]"}
RESULT: {}
RESULT: {"using":"xpath","value":"//*[@id=\"rfm.programui::xRFMxCU_ProgramList--fe::table::allTab::LineItem::StandardAction::Create\"]"}
COMMAND: POST /session/9fbfdb63ddc4f6337e0782d09dab6bad/element/f.0B8300BA6C9038C74F53A9B60F1675F3.d.25B27354A3228836AC5570A1EF2C079F.e.142/click - {}
RESULT: {}
COMMAND: POST /session/9fbfdb63ddc4f6337e0782d09dab6bad/execute/async - {"script":"<script> [21 bytes]","args":[{"selector":{"id":"CreateDialog::xRFMxCU_ProgramType::FundingScope-inner","searchOpenDialogs":true,"interaction":{"idSuffix":"inner"}},"wdio_ui5_key":"CreateDialogxRFMxCU_ProgramType::FundingScope-inner"}]}
COMMAND: GET /session/9fbfdb63ddc4f6337e0782d09dab6bad/screenshot - {}
RESULT: {"script":"<script> [21 bytes]","args":[{"selector":{"id":"CreateDialog::xRFMxCU_ProgramType::FundingScope-inner","searchOpenDialogs":true,"interaction":{"idSuffix":"inner"}},"wdio_ui5_key":"CreateDialogxRFMxCU_ProgramType::FundingScope-inner"}]}
RESULT: undefined
COMMAND: POST /session/9fbfdb63ddc4f6337e0782d09dab6bad/execute/async - {"script":"<script> [20 bytes]","args":[{"enterText":"Installment","selector":{"id":"CreateDialog::xRFMxCU_ProgramType::FundingScope-inner","searchOpenDialogs":true,"interaction":{"idSuffix":"inner"}},"clearTextFirst":true,"interactionType":"ENTER_TEXT"}]}
RESULT: {}
RESULT: {"script":"<script> [20 bytes]","args":[{"enterText":"Installment","selector":{"id":"CreateDialog::xRFMxCU_ProgramType::FundingScope-inner","searchOpenDialogs":true,"interaction":{"idSuffix":"inner"}},"clearTextFirst":true,"interactionType":"ENTER_TEXT"}]}
COMMAND: POST /session/9fbfdb63ddc4f6337e0782d09dab6bad/execute/async - {"script":"<script> [21 bytes]","args":[{"selector":{"id":"CreateDialog::xRFMxCU_ProgramType::ValidFrom-inner","searchOpenDialogs":true,"interaction":{"idSuffix":"inner"}},"wdio_ui5_key":"CreateDialogxRFMxCU_ProgramType::ValidFrom-inner"}]}
RESULT: {"script":"<script> [21 bytes]","args":[{"selector":{"id":"CreateDialog::xRFMxCU_ProgramType::ValidFrom-inner","searchOpenDialogs":true,"interaction":{"idSuffix":"inner"}},"wdio_ui5_key":"CreateDialogxRFMxCU_ProgramType::ValidFrom-inner"}]}
RESULT: undefined
COMMAND: POST /session/9fbfdb63ddc4f6337e0782d09dab6bad/execute/async - {"script":"<script> [21 bytes]","args":[{"element-6066-11e4-a52e-4f735466cecf":"f.0B8300BA6C9038C74F53A9B60F1675F3.d.25B27354A3228836AC5570A1EF2C079F.e.307"},"setValue",["2025-01-01"]]}
RESULT: {"script":"<script> [21 bytes]","args":[{"element-6066-11e4-a52e-4f735466cecf":"f.0B8300BA6C9038C74F53A9B60F1675F3.d.25B27354A3228836AC5570A1EF2C079F.e.307"},"setValue",["2025-01-01"]]}
COMMAND: POST /session/9fbfdb63ddc4f6337e0782d09dab6bad/execute/async - {"script":"<script> [21 bytes]","args":[{"selector":{"id":"CreateDialog::xRFMxCU_ProgramType::PortfolioId-inner","searchOpenDialogs":true,"interaction":{"idSuffix":"inner"}},"wdio_ui5_key":"CreateDialogxRFMxCU_ProgramType::PortfolioId-inner"}]}
RESULT: {"script":"<script> [21 bytes]","args":[{"selector":{"id":"CreateDialog::xRFMxCU_ProgramType::PortfolioId-inner","searchOpenDialogs":true,"interaction":{"idSuffix":"inner"}},"wdio_ui5_key":"CreateDialogxRFMxCU_ProgramType::PortfolioId-inner"}]}
RESULT: undefined
COMMAND: POST /session/9fbfdb63ddc4f6337e0782d09dab6bad/execute/async - {"script":"<script> [20 bytes]","args":[{"enterText":"1","selector":{"id":"CreateDialog::xRFMxCU_ProgramType::PortfolioId-inner","searchOpenDialogs":true,"interaction":{"idSuffix":"inner"}},"clearTextFirst":true,"interactionType":"ENTER_TEXT"}]}
RESULT: {"script":"<script> [20 bytes]","args":[{"enterText":"1","selector":{"id":"CreateDialog::xRFMxCU_ProgramType::PortfolioId-inner","searchOpenDialogs":true,"interaction":{"idSuffix":"inner"}},"clearTextFirst":true,"interactionType":"ENTER_TEXT"}]}
COMMAND: POST /session/9fbfdb63ddc4f6337e0782d09dab6bad/execute/async - {"script":"<script> [21 bytes]","args":[{"selector":{"controlType":"sap.m.Button","viewName":"sap.fe.templates.ObjectPage.ObjectPage","viewId":"rfm.programui::xRFMxCU_ProgramObjectPage","properties":{"text":"Continue"},"searchOpenDialogs":true,"interaction":{"idSuffix":"BDI-content"}},"wdio_ui5_key":"sapfe.templates.ObjectPage.ObjectPagesap.m.Button{\"text\":\"Continue\"}"}]}
RESULT: {"script":"<script> [21 bytes]","args":[{"selector":{"controlType":"sap.m.Button","viewName":"sap.fe.templates.ObjectPage.ObjectPage","viewId":"rfm.programui::xRFMxCU_ProgramObjectPage","properties":{"text":"Continue"},"searchOpenDialogs":true,"interaction":{"idSuffix":"BDI-content"}},"wdio_ui5_key":"sapfe.templates.ObjectPage.ObjectPagesap.m.Button{\"text\":\"Continue\"}"}]}
RESULT: undefined
COMMAND: POST /session/9fbfdb63ddc4f6337e0782d09dab6bad/element - {"using":"xpath","value":"//*[@id=\"__button187\"]"}
RESULT: {"using":"xpath","value":"//*[@id=\"__button187\"]"}
COMMAND: POST /session/9fbfdb63ddc4f6337e0782d09dab6bad/element/f.0B8300BA6C9038C74F53A9B60F1675F3.d.25B27354A3228836AC5570A1EF2C079F.e.317/click - {}
RESULT: {}
COMMAND: POST /session/9fbfdb63ddc4f6337e0782d09dab6bad/execute/async - {"script":"<script> [21 bytes]","args":[{"selector":{"id":"rfm.programui::xRFMxCU_ProgramObjectPage--fe::CustomSubSection::CustomDetailsSection--fe::FormContainer::FieldGroup::basicData1::FormElement::DataField::Currency::Field-edit-inner","interaction":{"idSuffix":"inner"}},"wdio_ui5_key":"rfmprogramui::xRFMxCU_ProgramObjectPage--fe::CustomSubSection::CustomDetailsSection--fe::FormContainer::FieldGroup::basicData1::FormElement::DataField::Currency::Field-edit-inner"}]}
COMMAND: GET /session/9fbfdb63ddc4f6337e0782d09dab6bad/screenshot - {}
RESULT: {"script":"<script> [21 bytes]","args":[{"selector":{"id":"rfm.programui::xRFMxCU_ProgramObjectPage--fe::CustomSubSection::CustomDetailsSection--fe::FormContainer::FieldGroup::basicData1::FormElement::DataField::Currency::Field-edit-inner","interaction":{"idSuffix":"inner"}},"wdio_ui5_key":"rfmprogramui::xRFMxCU_ProgramObjectPage--fe::CustomSubSection::CustomDetailsSection--fe::FormContainer::FieldGroup::basicData1::FormElement::DataField::Currency::Field-edit-inner"}]}
RESULT: undefined
COMMAND: POST /session/9fbfdb63ddc4f6337e0782d09dab6bad/execute/async - {"script":"<script> [20 bytes]","args":[{"enterText":"EUR","selector":{"id":"rfm.programui::xRFMxCU_ProgramObjectPage--fe::CustomSubSection::CustomDetailsSection--fe::FormContainer::FieldGroup::basicData1::FormElement::DataField::Currency::Field-edit-inner","interaction":{"idSuffix":"inner"}},"clearTextFirst":true,"interactionType":"ENTER_TEXT"}]}
RESULT: {}
RESULT: {"script":"<script> [20 bytes]","args":[{"enterText":"EUR","selector":{"id":"rfm.programui::xRFMxCU_ProgramObjectPage--fe::CustomSubSection::CustomDetailsSection--fe::FormContainer::FieldGroup::basicData1::FormElement::DataField::Currency::Field-edit-inner","interaction":{"idSuffix":"inner"}},"clearTextFirst":true,"interactionType":"ENTER_TEXT"}]}
COMMAND: POST /session/9fbfdb63ddc4f6337e0782d09dab6bad/execute/async - {"script":"<script> [21 bytes]","args":[{"selector":{"id":"rfm.programui::xRFMxCU_ProgramObjectPage--fe::CustomSubSection::CustomDetailsSection--fe::FormContainer::FieldGroup::basicData1::FormElement::DataField::Volume::Field-edit-inner","interaction":{"idSuffix":"inner"}},"wdio_ui5_key":"rfmprogramui::xRFMxCU_ProgramObjectPage--fe::CustomSubSection::CustomDetailsSection--fe::FormContainer::FieldGroup::basicData1::FormElement::DataField::Volume::Field-edit-inner"}]}
RESULT: {"script":"<script> [21 bytes]","args":[{"selector":{"id":"rfm.programui::xRFMxCU_ProgramObjectPage--fe::CustomSubSection::CustomDetailsSection--fe::FormContainer::FieldGroup::basicData1::FormElement::DataField::Volume::Field-edit-inner","interaction":{"idSuffix":"inner"}},"wdio_ui5_key":"rfmprogramui::xRFMxCU_ProgramObjectPage--fe::CustomSubSection::CustomDetailsSection--fe::FormContainer::FieldGroup::basicData1::FormElement::DataField::Volume::Field-edit-inner"}]}
RESULT: undefined
COMMAND: POST /session/9fbfdb63ddc4f6337e0782d09dab6bad/execute/async - {"script":"<script> [20 bytes]","args":[{"enterText":"1,000,000,000.00","selector":{"id":"rfm.programui::xRFMxCU_ProgramObjectPage--fe::CustomSubSection::CustomDetailsSection--fe::FormContainer::FieldGroup::basicData1::FormElement::DataField::Volume::Field-edit-inner","interaction":{"idSuffix":"inner"}},"clearTextFirst":true,"interactionType":"ENTER_TEXT"}]}
RESULT: {"script":"<script> [20 bytes]","args":[{"enterText":"1,000,000,000.00","selector":{"id":"rfm.programui::xRFMxCU_ProgramObjectPage--fe::CustomSubSection::CustomDetailsSection--fe::FormContainer::FieldGroup::basicData1::FormElement::DataField::Volume::Field-edit-inner","interaction":{"idSuffix":"inner"}},"clearTextFirst":true,"interactionType":"ENTER_TEXT"}]}
COMMAND: POST /session/9fbfdb63ddc4f6337e0782d09dab6bad/execute/async - {"script":"<script> [21 bytes]","args":[{"selector":{"id":"rfm.programui::xRFMxCU_ProgramObjectPage--fe::CustomSubSection::CustomDetailsSection--fe::FormContainer::FieldGroup::basicData1::FormElement::DataField::ValidTo::Field-edit","interaction":{"idSuffix":"inner"}},"wdio_ui5_key":"rfmprogramui::xRFMxCU_ProgramObjectPage--fe::CustomSubSection::CustomDetailsSection--fe::FormContainer::FieldGroup::basicData1::FormElement::DataField::ValidTo::Field-edit"}]}
RESULT: {"script":"<script> [21 bytes]","args":[{"selector":{"id":"rfm.programui::xRFMxCU_ProgramObjectPage--fe::CustomSubSection::CustomDetailsSection--fe::FormContainer::FieldGroup::basicData1::FormElement::DataField::ValidTo::Field-edit","interaction":{"idSuffix":"inner"}},"wdio_ui5_key":"rfmprogramui::xRFMxCU_ProgramObjectPage--fe::CustomSubSection::CustomDetailsSection--fe::FormContainer::FieldGroup::basicData1::FormElement::DataField::ValidTo::Field-edit"}]}
RESULT: undefined
COMMAND: POST /session/9fbfdb63ddc4f6337e0782d09dab6bad/execute/async - {"script":"<script> [21 bytes]","args":[{"element-6066-11e4-a52e-4f735466cecf":"f.0B8300BA6C9038C74F53A9B60F1675F3.d.25B27354A3228836AC5570A1EF2C079F.e.356"},"setValue",["2027-12-31"]]}
RESULT: {"script":"<script> [21 bytes]","args":[{"element-6066-11e4-a52e-4f735466cecf":"f.0B8300BA6C9038C74F53A9B60F1675F3.d.25B27354A3228836AC5570A1EF2C079F.e.356"},"setValue",["2027-12-31"]]}
COMMAND: POST /session/9fbfdb63ddc4f6337e0782d09dab6bad/execute/async - {"script":"<script> [21 bytes]","args":[{"selector":{"id":"rfm.programui::xRFMxCU_ProgramObjectPage--fe::CustomSubSection::CustomDetailsSection--fe::FormContainer::FieldGroup::basicData2::FormElement::DataField::CompanyCode::Field-edit-inner","interaction":{"idSuffix":"inner"}},"wdio_ui5_key":"rfmprogramui::xRFMxCU_ProgramObjectPage--fe::CustomSubSection::CustomDetailsSection--fe::FormContainer::FieldGroup::basicData2::FormElement::DataField::CompanyCode::Field-edit-inner"}]}
RESULT: {"script":"<script> [21 bytes]","args":[{"selector":{"id":"rfm.programui::xRFMxCU_ProgramObjectPage--fe::CustomSubSection::CustomDetailsSection--fe::FormContainer::FieldGroup::basicData2::FormElement::DataField::CompanyCode::Field-edit-inner","interaction":{"idSuffix":"inner"}},"wdio_ui5_key":"rfmprogramui::xRFMxCU_ProgramObjectPage--fe::CustomSubSection::CustomDetailsSection--fe::FormContainer::FieldGroup::basicData2::FormElement::DataField::CompanyCode::Field-edit-inner"}]}
RESULT: undefined
COMMAND: POST /session/9fbfdb63ddc4f6337e0782d09dab6bad/execute/async - {"script":"<script> [20 bytes]","args":[{"enterText":"BearingPoint (0001)","selector":{"id":"rfm.programui::xRFMxCU_ProgramObjectPage--fe::CustomSubSection::CustomDetailsSection--fe::FormContainer::FieldGroup::basicData2::FormElement::DataField::CompanyCode::Field-edit-inner","interaction":{"idSuffix":"inner"}},"clearTextFirst":true,"interactionType":"ENTER_TEXT"}]}
RESULT: {"script":"<script> [20 bytes]","args":[{"enterText":"BearingPoint (0001)","selector":{"id":"rfm.programui::xRFMxCU_ProgramObjectPage--fe::CustomSubSection::CustomDetailsSection--fe::FormContainer::FieldGroup::basicData2::FormElement::DataField::CompanyCode::Field-edit-inner","interaction":{"idSuffix":"inner"}},"clearTextFirst":true,"interactionType":"ENTER_TEXT"}]}
COMMAND: POST /session/9fbfdb63ddc4f6337e0782d09dab6bad/execute/async - {"script":"<script> [21 bytes]","args":[{"selector":{"id":"rfm.programui::xRFMxCU_ProgramObjectPage--fe::CustomSubSection::CustomDetailsSection--DetailsFundingTypesTable-content::StandardAction::Create","interaction":{"idSuffix":"BDI-content"}},"wdio_ui5_key":"rfmprogramui::xRFMxCU_ProgramObjectPage--fe::CustomSubSection::CustomDetailsSection--DetailsFundingTypesTable-content::StandardAction::Create"}]}
RESULT: {"script":"<script> [21 bytes]","args":[{"selector":{"id":"rfm.programui::xRFMxCU_ProgramObjectPage--fe::CustomSubSection::CustomDetailsSection--DetailsFundingTypesTable-content::StandardAction::Create","interaction":{"idSuffix":"BDI-content"}},"wdio_ui5_key":"rfmprogramui::xRFMxCU_ProgramObjectPage--fe::CustomSubSection::CustomDetailsSection--DetailsFundingTypesTable-content::StandardAction::Create"}]}
RESULT: undefined
COMMAND: POST /session/9fbfdb63ddc4f6337e0782d09dab6bad/element - {"using":"xpath","value":"//*[@id=\"rfm.programui::xRFMxCU_ProgramObjectPage--fe::CustomSubSection::CustomDetailsSection--DetailsFundingTypesTable-content::StandardAction::Create\"]"}
RESULT: {"using":"xpath","value":"//*[@id=\"rfm.programui::xRFMxCU_ProgramObjectPage--fe::CustomSubSection::CustomDetailsSection--DetailsFundingTypesTable-content::StandardAction::Create\"]"}
COMMAND: POST /session/9fbfdb63ddc4f6337e0782d09dab6bad/element/f.0B8300BA6C9038C74F53A9B60F1675F3.d.25B27354A3228836AC5570A1EF2C079F.e.367/click - {}
RESULT: {}
COMMAND: POST /session/9fbfdb63ddc4f6337e0782d09dab6bad/execute/async - {"script":"<script> [21 bytes]","args":[{"selector":{"id":"CreateDialog::xRFMxCU_ProgramFundingTypeType::FundingType-inner","searchOpenDialogs":true,"interaction":{"idSuffix":"inner"}},"wdio_ui5_key":"CreateDialogxRFMxCU_ProgramFundingTypeType::FundingType-inner"}]}
COMMAND: GET /session/9fbfdb63ddc4f6337e0782d09dab6bad/screenshot - {}
RESULT: {"script":"<script> [21 bytes]","args":[{"selector":{"id":"CreateDialog::xRFMxCU_ProgramFundingTypeType::FundingType-inner","searchOpenDialogs":true,"interaction":{"idSuffix":"inner"}},"wdio_ui5_key":"CreateDialogxRFMxCU_ProgramFundingTypeType::FundingType-inner"}]}
RESULT: undefined
COMMAND: POST /session/9fbfdb63ddc4f6337e0782d09dab6bad/execute/async - {"script":"<script> [20 bytes]","args":[{"enterText":"99","selector":{"id":"CreateDialog::xRFMxCU_ProgramFundingTypeType::FundingType-inner","searchOpenDialogs":true,"interaction":{"idSuffix":"inner"}},"clearTextFirst":true,"interactionType":"ENTER_TEXT"}]}
RESULT: {}
RESULT: {"script":"<script> [20 bytes]","args":[{"enterText":"99","selector":{"id":"CreateDialog::xRFMxCU_ProgramFundingTypeType::FundingType-inner","searchOpenDialogs":true,"interaction":{"idSuffix":"inner"}},"clearTextFirst":true,"interactionType":"ENTER_TEXT"}]}
COMMAND: POST /session/9fbfdb63ddc4f6337e0782d09dab6bad/execute/async - {"script":"<script> [21 bytes]","args":[{"selector":{"id":"CreateDialog::xRFMxCU_Program::_AllowedFundingType-footer","searchOpenDialogs":true},"wdio_ui5_key":"CreateDialogxRFMxCU_Program::_AllowedFundingType-footer"}]}
RESULT: {"script":"<script> [21 bytes]","args":[{"selector":{"id":"CreateDialog::xRFMxCU_Program::_AllowedFundingType-footer","searchOpenDialogs":true},"wdio_ui5_key":"CreateDialogxRFMxCU_Program::_AllowedFundingType-footer"}]}
RESULT: undefined
COMMAND: POST /session/9fbfdb63ddc4f6337e0782d09dab6bad/element - {"using":"xpath","value":"//*[@id=\"CreateDialog::xRFMxCU_Program::_AllowedFundingType-footer\"]"}
RESULT: {"using":"xpath","value":"//*[@id=\"CreateDialog::xRFMxCU_Program::_AllowedFundingType-footer\"]"}
COMMAND: POST /session/9fbfdb63ddc4f6337e0782d09dab6bad/element/f.0B8300BA6C9038C74F53A9B60F1675F3.d.25B27354A3228836AC5570A1EF2C079F.e.509/click - {}
RESULT: {}
COMMAND: POST /session/9fbfdb63ddc4f6337e0782d09dab6bad/execute/async - {"script":"<script> [21 bytes]","args":[{"forceSelect":true,"selector":{"controlType":"sap.m.Button","viewName":"sap.fe.templates.ObjectPage.ObjectPage","viewId":"rfm.programui::xRFMxCU_Program__AllowedFundingTypeObjectPage","properties":{"text":"Continue"},"searchOpenDialogs":true,"interaction":{"idSuffix":"content"}},"wdio_ui5_key":"sapfe.templates.ObjectPage.ObjectPagesap.m.Button{\"text\":\"Continue\"}"}]}
COMMAND: GET /session/9fbfdb63ddc4f6337e0782d09dab6bad/screenshot - {}
RESULT: {"script":"<script> [21 bytes]","args":[{"forceSelect":true,"selector":{"controlType":"sap.m.Button","viewName":"sap.fe.templates.ObjectPage.ObjectPage","viewId":"rfm.programui::xRFMxCU_Program__AllowedFundingTypeObjectPage","properties":{"text":"Continue"},"searchOpenDialogs":true,"interaction":{"idSuffix":"content"}},"wdio_ui5_key":"sapfe.templates.ObjectPage.ObjectPagesap.m.Button{\"text\":\"Continue\"}"}]}
RESULT: undefined
COMMAND: POST /session/9fbfdb63ddc4f6337e0782d09dab6bad/execute/async - {"script":"<script> [21 bytes]","args":[{"selector":{"id":"__button199"}}]}
RESULT: {}
RESULT: {"script":"<script> [21 bytes]","args":[{"selector":{"id":"__button199"}}]}
COMMAND: POST /session/9fbfdb63ddc4f6337e0782d09dab6bad/execute/async - {"script":"<script> [21 bytes]","args":[{"element-6066-11e4-a52e-4f735466cecf":"f.0B8300BA6C9038C74F53A9B60F1675F3.d.25B27354A3228836AC5570A1EF2C079F.e.510"},"getEnabled",[]]}
RESULT: {"script":"<script> [21 bytes]","args":[{"element-6066-11e4-a52e-4f735466cecf":"f.0B8300BA6C9038C74F53A9B60F1675F3.d.25B27354A3228836AC5570A1EF2C079F.e.510"},"getEnabled",[]]}
COMMAND: POST /session/9fbfdb63ddc4f6337e0782d09dab6bad/element - {"using":"xpath","value":"//*[@id=\"__button199\"]"}
COMMAND: POST /session/9fbfdb63ddc4f6337e0782d09dab6bad/execute/async - {"script":"<script> [21 bytes]","args":[{"selector":{"id":"__button199"}}]}
RESULT: {"script":"<script> [21 bytes]","args":[{"selector":{"id":"__button199"}}]}
COMMAND: POST /session/9fbfdb63ddc4f6337e0782d09dab6bad/execute/async - {"script":"<script> [21 bytes]","args":[{"element-6066-11e4-a52e-4f735466cecf":"f.0B8300BA6C9038C74F53A9B60F1675F3.d.25B27354A3228836AC5570A1EF2C079F.e.510"},"getEnabled",[]]}
RESULT: {"using":"xpath","value":"//*[@id=\"__button199\"]"}
COMMAND: POST /session/9fbfdb63ddc4f6337e0782d09dab6bad/element/f.0B8300BA6C9038C74F53A9B60F1675F3.d.25B27354A3228836AC5570A1EF2C079F.e.511/click - {}
RESULT: {"script":"<script> [21 bytes]","args":[{"element-6066-11e4-a52e-4f735466cecf":"f.0B8300BA6C9038C74F53A9B60F1675F3.d.25B27354A3228836AC5570A1EF2C079F.e.510"},"getEnabled",[]]}
RESULT: {}
COMMAND: POST /session/9fbfdb63ddc4f6337e0782d09dab6bad/execute/async - {"script":"<script> [21 bytes]","args":[{"selector":{"id":"rfm.programui::xRFMxCU_Program__AllowedFundingTypeObjectPage--fe::FooterBar::StandardAction::Apply","interaction":{"idSuffix":"BDI-content"}},"wdio_ui5_key":"rfmprogramui::xRFMxCU_Program__AllowedFundingTypeObjectPage--fe::FooterBar::StandardAction::Apply"}]}
COMMAND: GET /session/9fbfdb63ddc4f6337e0782d09dab6bad/screenshot - {}
RESULT: {"script":"<script> [21 bytes]","args":[{"selector":{"id":"rfm.programui::xRFMxCU_Program__AllowedFundingTypeObjectPage--fe::FooterBar::StandardAction::Apply","interaction":{"idSuffix":"BDI-content"}},"wdio_ui5_key":"rfmprogramui::xRFMxCU_Program__AllowedFundingTypeObjectPage--fe::FooterBar::StandardAction::Apply"}]}
RESULT: undefined
COMMAND: POST /session/9fbfdb63ddc4f6337e0782d09dab6bad/element - {"using":"xpath","value":"//*[@id=\"rfm.programui::xRFMxCU_Program__AllowedFundingTypeObjectPage--fe::FooterBar::StandardAction::Apply\"]"}
RESULT: {}
RESULT: {"using":"xpath","value":"//*[@id=\"rfm.programui::xRFMxCU_Program__AllowedFundingTypeObjectPage--fe::FooterBar::StandardAction::Apply\"]"}
COMMAND: POST /session/9fbfdb63ddc4f6337e0782d09dab6bad/element/f.0B8300BA6C9038C74F53A9B60F1675F3.d.25B27354A3228836AC5570A1EF2C079F.e.503/click - {}
RESULT: {}
COMMAND: POST /session/9fbfdb63ddc4f6337e0782d09dab6bad/execute/async - {"script":"<script> [21 bytes]","args":[{"selector":{"id":"rfm.programui::xRFMxCU_ProgramObjectPage--fe::ObjectPage-anchBar-rfm.programui::xRFMxCU_ProgramObjectPage--fe::EditableHeaderSection-anchor","interaction":{"idSuffix":"text"}},"wdio_ui5_key":"rfmprogramui::xRFMxCU_ProgramObjectPage--fe::ObjectPage-anchBar-rfm.programui::xRFMxCU_ProgramObjectPage--fe::EditableHeaderSection-anchor"}]}
COMMAND: GET /session/9fbfdb63ddc4f6337e0782d09dab6bad/screenshot - {}
RESULT: {"script":"<script> [21 bytes]","args":[{"selector":{"id":"rfm.programui::xRFMxCU_ProgramObjectPage--fe::ObjectPage-anchBar-rfm.programui::xRFMxCU_ProgramObjectPage--fe::EditableHeaderSection-anchor","interaction":{"idSuffix":"text"}},"wdio_ui5_key":"rfmprogramui::xRFMxCU_ProgramObjectPage--fe::ObjectPage-anchBar-rfm.programui::xRFMxCU_ProgramObjectPage--fe::EditableHeaderSection-anchor"}]}
RESULT: undefined
COMMAND: POST /session/9fbfdb63ddc4f6337e0782d09dab6bad/element - {"using":"xpath","value":"//*[@id=\"rfm.programui::xRFMxCU_ProgramObjectPage--fe::ObjectPage-anchBar-rfm.programui::xRFMxCU_ProgramObjectPage--fe::EditableHeaderSection-anchor\"]"}
RESULT: {}
RESULT: {"using":"xpath","value":"//*[@id=\"rfm.programui::xRFMxCU_ProgramObjectPage--fe::ObjectPage-anchBar-rfm.programui::xRFMxCU_ProgramObjectPage--fe::EditableHeaderSection-anchor\"]"}
COMMAND: POST /session/9fbfdb63ddc4f6337e0782d09dab6bad/element/f.0B8300BA6C9038C74F53A9B60F1675F3.d.25B27354A3228836AC5570A1EF2C079F.e.567/click - {}
RESULT: {}
COMMAND: POST /session/9fbfdb63ddc4f6337e0782d09dab6bad/execute/async - {"script":"<script> [21 bytes]","args":[{"selector":{"id":"rfm.programui::xRFMxCU_ProgramObjectPage--fe::HeaderFacet::FormContainer::headerFieldsGP1::FormElement::DataField::Name::Field-edit","interaction":{"idSuffix":"inner"}},"wdio_ui5_key":"rfmprogramui::xRFMxCU_ProgramObjectPage--fe::HeaderFacet::FormContainer::headerFieldsGP1::FormElement::DataField::Name::Field-edit"}]}
COMMAND: GET /session/9fbfdb63ddc4f6337e0782d09dab6bad/screenshot - {}
RESULT: {"script":"<script> [21 bytes]","args":[{"selector":{"id":"rfm.programui::xRFMxCU_ProgramObjectPage--fe::HeaderFacet::FormContainer::headerFieldsGP1::FormElement::DataField::Name::Field-edit","interaction":{"idSuffix":"inner"}},"wdio_ui5_key":"rfmprogramui::xRFMxCU_ProgramObjectPage--fe::HeaderFacet::FormContainer::headerFieldsGP1::FormElement::DataField::Name::Field-edit"}]}
RESULT: undefined
COMMAND: POST /session/9fbfdb63ddc4f6337e0782d09dab6bad/execute/async - {"script":"<script> [20 bytes]","args":[{"enterText":"WDIO_Tranches_2025-08-14","selector":{"id":"rfm.programui::xRFMxCU_ProgramObjectPage--fe::HeaderFacet::FormContainer::headerFieldsGP1::FormElement::DataField::Name::Field-edit","interaction":{"idSuffix":"inner"}},"clearTextFirst":true,"interactionType":"ENTER_TEXT"}]}
RESULT: {}
RESULT: {"script":"<script> [20 bytes]","args":[{"enterText":"WDIO_Tranches_2025-08-14","selector":{"id":"rfm.programui::xRFMxCU_ProgramObjectPage--fe::HeaderFacet::FormContainer::headerFieldsGP1::FormElement::DataField::Name::Field-edit","interaction":{"idSuffix":"inner"}},"clearTextFirst":true,"interactionType":"ENTER_TEXT"}]}
COMMAND: POST /session/9fbfdb63ddc4f6337e0782d09dab6bad/execute/async - {"script":"<script> [21 bytes]","args":[{"selector":{"id":"rfm.programui::xRFMxCU_ProgramObjectPage--fe::FooterBar::StandardAction::Save","interaction":{"idSuffix":"BDI-content"}},"wdio_ui5_key":"rfmprogramui::xRFMxCU_ProgramObjectPage--fe::FooterBar::StandardAction::Save"}]}
RESULT: {"script":"<script> [21 bytes]","args":[{"selector":{"id":"rfm.programui::xRFMxCU_ProgramObjectPage--fe::FooterBar::StandardAction::Save","interaction":{"idSuffix":"BDI-content"}},"wdio_ui5_key":"rfmprogramui::xRFMxCU_ProgramObjectPage--fe::FooterBar::StandardAction::Save"}]}
RESULT: undefined
COMMAND: POST /session/9fbfdb63ddc4f6337e0782d09dab6bad/element - {"using":"xpath","value":"//*[@id=\"rfm.programui::xRFMxCU_ProgramObjectPage--fe::FooterBar::StandardAction::Save\"]"}
RESULT: {"using":"xpath","value":"//*[@id=\"rfm.programui::xRFMxCU_ProgramObjectPage--fe::FooterBar::StandardAction::Save\"]"}
COMMAND: POST /session/9fbfdb63ddc4f6337e0782d09dab6bad/element/f.0B8300BA6C9038C74F53A9B60F1675F3.d.25B27354A3228836AC5570A1EF2C079F.e.422/click - {}
RESULT: {}
COMMAND: POST /session/9fbfdb63ddc4f6337e0782d09dab6bad/execute/async - {"script":"<script> [21 bytes]","args":[{"selector":{"id":"rfm.programui::xRFMxCU_ProgramObjectPage--fe::HeaderFacet::Form::headerFieldsGP1::DataField::ProgramId::Field-content"},"wdio_ui5_key":"rfmprogramui::xRFMxCU_ProgramObjectPage--fe::HeaderFacet::Form::headerFieldsGP1::DataField::ProgramId::Field-content"}]}
COMMAND: GET /session/9fbfdb63ddc4f6337e0782d09dab6bad/screenshot - {}
RESULT: {"script":"<script> [21 bytes]","args":[{"selector":{"id":"rfm.programui::xRFMxCU_ProgramObjectPage--fe::HeaderFacet::Form::headerFieldsGP1::DataField::ProgramId::Field-content"},"wdio_ui5_key":"rfmprogramui::xRFMxCU_ProgramObjectPage--fe::HeaderFacet::Form::headerFieldsGP1::DataField::ProgramId::Field-content"}]}
RESULT: undefined
COMMAND: POST /session/9fbfdb63ddc4f6337e0782d09dab6bad/execute/async - {"script":"<script> [21 bytes]","args":[{"element-6066-11e4-a52e-4f735466cecf":"f.0B8300BA6C9038C74F53A9B60F1675F3.d.25B27354A3228836AC5570A1EF2C079F.e.584"},"getText",[]]}
RESULT: {}
RESULT: {"script":"<script> [21 bytes]","args":[{"element-6066-11e4-a52e-4f735466cecf":"f.0B8300BA6C9038C74F53A9B60F1675F3.d.25B27354A3228836AC5570A1EF2C079F.e.584"},"getText",[]]}
COMMAND: POST /session/9fbfdb63ddc4f6337e0782d09dab6bad/execute/async - {"script":"<script> [21 bytes]","args":[{"selector":{"id":"rfm.programui::xRFMxCU_ProgramObjectPage--fe::DataFieldForAction::com.sap.gateway.srvd.rfm.ui_program.v0001.Open::com.sap.gateway.srvd.rfm.ui_program.v0001.xRFMxCU_ProgramType","interaction":{"idSuffix":"BDI-content"}},"wdio_ui5_key":"rfmprogramui::xRFMxCU_ProgramObjectPage--fe::DataFieldForAction::com.sap.gateway.srvd.rfm.ui_program.v0001.Open::com.sap.gateway.srvd.rfm.ui_program.v0001.xRFMxCU_ProgramType"}]}
RESULT: {"script":"<script> [21 bytes]","args":[{"selector":{"id":"rfm.programui::xRFMxCU_ProgramObjectPage--fe::DataFieldForAction::com.sap.gateway.srvd.rfm.ui_program.v0001.Open::com.sap.gateway.srvd.rfm.ui_program.v0001.xRFMxCU_ProgramType","interaction":{"idSuffix":"BDI-content"}},"wdio_ui5_key":"rfmprogramui::xRFMxCU_ProgramObjectPage--fe::DataFieldForAction::com.sap.gateway.srvd.rfm.ui_program.v0001.Open::com.sap.gateway.srvd.rfm.ui_program.v0001.xRFMxCU_ProgramType"}]}
RESULT: undefined
COMMAND: POST /session/9fbfdb63ddc4f6337e0782d09dab6bad/element - {"using":"xpath","value":"//*[@id=\"rfm.programui::xRFMxCU_ProgramObjectPage--fe::DataFieldForAction::com.sap.gateway.srvd.rfm.ui_program.v0001.Open::com.sap.gateway.srvd.rfm.ui_program.v0001.xRFMxCU_ProgramType\"]"}
RESULT: {"using":"xpath","value":"//*[@id=\"rfm.programui::xRFMxCU_ProgramObjectPage--fe::DataFieldForAction::com.sap.gateway.srvd.rfm.ui_program.v0001.Open::com.sap.gateway.srvd.rfm.ui_program.v0001.xRFMxCU_ProgramType\"]"}
COMMAND: POST /session/9fbfdb63ddc4f6337e0782d09dab6bad/element/f.0B8300BA6C9038C74F53A9B60F1675F3.d.25B27354A3228836AC5570A1EF2C079F.e.348/click - {}
RESULT: {}
COMMAND: POST /session/9fbfdb63ddc4f6337e0782d09dab6bad/execute/async - {"script":"<script> [21 bytes]","args":[{"selector":{"controlType":"sap.m.Button","properties":{"text":"OK"},"searchOpenDialogs":true,"interaction":{"idSuffix":"BDI-content"}},"wdio_ui5_key":"sapm.Button{\"text\":\"OK\"}"}]}
COMMAND: GET /session/9fbfdb63ddc4f6337e0782d09dab6bad/screenshot - {}
RESULT: {"script":"<script> [21 bytes]","args":[{"selector":{"controlType":"sap.m.Button","properties":{"text":"OK"},"searchOpenDialogs":true,"interaction":{"idSuffix":"BDI-content"}},"wdio_ui5_key":"sapm.Button{\"text\":\"OK\"}"}]}
RESULT: undefined
COMMAND: POST /session/9fbfdb63ddc4f6337e0782d09dab6bad/element - {"using":"xpath","value":"//*[@id=\"__mbox-btn-0\"]"}
RESULT: {}
RESULT: {"using":"xpath","value":"//*[@id=\"__mbox-btn-0\"]"}
COMMAND: POST /session/9fbfdb63ddc4f6337e0782d09dab6bad/element/f.0B8300BA6C9038C74F53A9B60F1675F3.d.25B27354A3228836AC5570A1EF2C079F.e.586/click - {}
RESULT: {}
COMMAND: POST /session/9fbfdb63ddc4f6337e0782d09dab6bad/execute/async - {"script":"<script> [21 bytes]","args":[{"selector":{"id":"backBtn"},"wdio_ui5_key":"backBtn"}]}
COMMAND: GET /session/9fbfdb63ddc4f6337e0782d09dab6bad/screenshot - {}
RESULT: {"script":"<script> [21 bytes]","args":[{"selector":{"id":"backBtn"},"wdio_ui5_key":"backBtn"}]}
RESULT: undefined
COMMAND: POST /session/9fbfdb63ddc4f6337e0782d09dab6bad/element - {"using":"xpath","value":"//*[@id=\"backBtn\"]"}
RESULT: {}
RESULT: {"using":"xpath","value":"//*[@id=\"backBtn\"]"}
COMMAND: POST /session/9fbfdb63ddc4f6337e0782d09dab6bad/element/f.0B8300BA6C9038C74F53A9B60F1675F3.d.25B27354A3228836AC5570A1EF2C079F.e.591/click - {}
RESULT: {}
COMMAND: GET /session/9fbfdb63ddc4f6337e0782d09dab6bad/screenshot - {}
RESULT: {}
COMMAND: POST /session/9fbfdb63ddc4f6337e0782d09dab6bad/element/f.0B8300BA6C9038C74F53A9B60F1675F3.d.25B27354A3228836AC5570A1EF2C079F.e.591/click - {}
COMMAND: GET /session/9fbfdb63ddc4f6337e0782d09dab6bad/screenshot - {}
]]></system-out>
    </testcase>
    <testcase classname="chrome.138_0_7204_184.windows.ABS_Tranches" name="Should create Transaction" time="49.806">
      <system-out><![CDATA[
COMMAND: POST /session/9fbfdb63ddc4f6337e0782d09dab6bad/execute/async - {"script":"<script> [21 bytes]","args":[{"selector":{"controlType":"sap.m.GenericTile","properties":{"header":"Funding Transaction"}},"wdio_ui5_key":"sapm.GenericTile{\"header\":\"Funding Transaction\"}"}]}
RESULT: {}
COMMAND: GET /session/9fbfdb63ddc4f6337e0782d09dab6bad/screenshot - {}
RESULT: {}
RESULT: {"script":"<script> [21 bytes]","args":[{"selector":{"controlType":"sap.m.GenericTile","properties":{"header":"Funding Transaction"}},"wdio_ui5_key":"sapm.GenericTile{\"header\":\"Funding Transaction\"}"}]}
RESULT: undefined
COMMAND: POST /session/9fbfdb63ddc4f6337e0782d09dab6bad/element - {"using":"xpath","value":"//*[@id=\"__tile30\"]"}
RESULT: {}
RESULT: {"using":"xpath","value":"//*[@id=\"__tile30\"]"}
COMMAND: POST /session/9fbfdb63ddc4f6337e0782d09dab6bad/element/f.0B8300BA6C9038C74F53A9B60F1675F3.d.25B27354A3228836AC5570A1EF2C079F.e.684/click - {}
RESULT: {}
COMMAND: POST /session/9fbfdb63ddc4f6337e0782d09dab6bad/execute/async - {"script":"<script> [21 bytes]","args":[{"selector":{"id":"rfm.transactionui::xRFMxCU_TransactionList--fe::table::allTab::LineItem::StandardAction::Create","controlType":"sap.m.Button"},"wdio_ui5_key":"rfmtransactionui::xRFMxCU_TransactionList--fe::table::allTab::LineItem::StandardAction::Createsap.m.Button"}]}
COMMAND: GET /session/9fbfdb63ddc4f6337e0782d09dab6bad/screenshot - {}
RESULT: {"script":"<script> [21 bytes]","args":[{"selector":{"id":"rfm.transactionui::xRFMxCU_TransactionList--fe::table::allTab::LineItem::StandardAction::Create","controlType":"sap.m.Button"},"wdio_ui5_key":"rfmtransactionui::xRFMxCU_TransactionList--fe::table::allTab::LineItem::StandardAction::Createsap.m.Button"}]}
RESULT: undefined
COMMAND: POST /session/9fbfdb63ddc4f6337e0782d09dab6bad/element - {"using":"xpath","value":"//*[@id=\"rfm.transactionui::xRFMxCU_TransactionList--fe::table::allTab::LineItem::StandardAction::Create\"]"}
RESULT: {}
RESULT: {"using":"xpath","value":"//*[@id=\"rfm.transactionui::xRFMxCU_TransactionList--fe::table::allTab::LineItem::StandardAction::Create\"]"}
COMMAND: POST /session/9fbfdb63ddc4f6337e0782d09dab6bad/element/f.0B8300BA6C9038C74F53A9B60F1675F3.d.25B27354A3228836AC5570A1EF2C079F.e.741/click - {}
RESULT: {}
COMMAND: POST /session/9fbfdb63ddc4f6337e0782d09dab6bad/execute/async - {"script":"<script> [21 bytes]","args":[{"selector":{"id":"CreateDialog::xRFMxCU_TransactionType::ProgramId-inner-vhi","searchOpenDialogs":true},"wdio_ui5_key":"CreateDialogxRFMxCU_TransactionType::ProgramId-inner-vhi"}]}
COMMAND: GET /session/9fbfdb63ddc4f6337e0782d09dab6bad/screenshot - {}
RESULT: {"script":"<script> [21 bytes]","args":[{"selector":{"id":"CreateDialog::xRFMxCU_TransactionType::ProgramId-inner-vhi","searchOpenDialogs":true},"wdio_ui5_key":"CreateDialogxRFMxCU_TransactionType::ProgramId-inner-vhi"}]}
RESULT: undefined
COMMAND: POST /session/9fbfdb63ddc4f6337e0782d09dab6bad/element - {"using":"xpath","value":"//*[@id=\"CreateDialog::xRFMxCU_TransactionType::ProgramId-inner-vhi\"]"}
RESULT: {}
RESULT: {"using":"xpath","value":"//*[@id=\"CreateDialog::xRFMxCU_TransactionType::ProgramId-inner-vhi\"]"}
COMMAND: POST /session/9fbfdb63ddc4f6337e0782d09dab6bad/element/f.0B8300BA6C9038C74F53A9B60F1675F3.d.25B27354A3228836AC5570A1EF2C079F.e.925/click - {}
RESULT: {}
COMMAND: POST /session/9fbfdb63ddc4f6337e0782d09dab6bad/execute/async - {"script":"<script> [21 bytes]","args":[{"selector":{"id":"ProgramId::VH::Dialog::qualifier::-search-inner","searchOpenDialogs":true,"interaction":{"idSuffix":"I"}},"wdio_ui5_key":"ProgramIdVH::Dialog::qualifier::-search-inner"}]}
COMMAND: GET /session/9fbfdb63ddc4f6337e0782d09dab6bad/screenshot - {}
RESULT: {"script":"<script> [21 bytes]","args":[{"selector":{"id":"ProgramId::VH::Dialog::qualifier::-search-inner","searchOpenDialogs":true,"interaction":{"idSuffix":"I"}},"wdio_ui5_key":"ProgramIdVH::Dialog::qualifier::-search-inner"}]}
RESULT: undefined
COMMAND: POST /session/9fbfdb63ddc4f6337e0782d09dab6bad/execute/async - {"script":"<script> [20 bytes]","args":[{"enterText":"*1631*","selector":{"id":"ProgramId::VH::Dialog::qualifier::-search-inner","searchOpenDialogs":true,"interaction":{"idSuffix":"I"}},"clearTextFirst":true,"interactionType":"ENTER_TEXT"}]}
RESULT: {}
RESULT: {"script":"<script> [20 bytes]","args":[{"enterText":"*1631*","selector":{"id":"ProgramId::VH::Dialog::qualifier::-search-inner","searchOpenDialogs":true,"interaction":{"idSuffix":"I"}},"clearTextFirst":true,"interactionType":"ENTER_TEXT"}]}
COMMAND: POST /session/9fbfdb63ddc4f6337e0782d09dab6bad/execute/async - {"script":"<script> [21 bytes]","args":[{"selector":{"id":"ProgramId::VH::Dialog::qualifier::::Table-innerTable-rows-row0","searchOpenDialogs":true},"wdio_ui5_key":"ProgramIdVH::Dialog::qualifier::::Table-innerTable-rows-row0"}]}
RESULT: {"script":"<script> [21 bytes]","args":[{"selector":{"id":"ProgramId::VH::Dialog::qualifier::::Table-innerTable-rows-row0","searchOpenDialogs":true},"wdio_ui5_key":"ProgramIdVH::Dialog::qualifier::::Table-innerTable-rows-row0"}]}
RESULT: undefined
COMMAND: POST /session/9fbfdb63ddc4f6337e0782d09dab6bad/element - {"using":"xpath","value":"//*[@id=\"ProgramId::VH::Dialog::qualifier::::Table-innerTable-rows-row0\"]"}
RESULT: {"using":"xpath","value":"//*[@id=\"ProgramId::VH::Dialog::qualifier::::Table-innerTable-rows-row0\"]"}
COMMAND: POST /session/9fbfdb63ddc4f6337e0782d09dab6bad/element/f.0B8300BA6C9038C74F53A9B60F1675F3.d.25B27354A3228836AC5570A1EF2C079F.e.933/click - {}
RESULT: {}
COMMAND: POST /session/9fbfdb63ddc4f6337e0782d09dab6bad/execute/async - {"script":"<script> [21 bytes]","args":[{"selector":{"id":"CreateDialog::xRFMxCU_TransactionType::FundingType-inner","searchOpenDialogs":true,"interaction":{"idSuffix":"inner"}},"wdio_ui5_key":"CreateDialogxRFMxCU_TransactionType::FundingType-inner"}]}
COMMAND: GET /session/9fbfdb63ddc4f6337e0782d09dab6bad/screenshot - {}
RESULT: {"script":"<script> [21 bytes]","args":[{"selector":{"id":"CreateDialog::xRFMxCU_TransactionType::FundingType-inner","searchOpenDialogs":true,"interaction":{"idSuffix":"inner"}},"wdio_ui5_key":"CreateDialogxRFMxCU_TransactionType::FundingType-inner"}]}
RESULT: undefined
COMMAND: POST /session/9fbfdb63ddc4f6337e0782d09dab6bad/execute/async - {"script":"<script> [20 bytes]","args":[{"enterText":"Securitization (Structuring by Originator) (99)","selector":{"id":"CreateDialog::xRFMxCU_TransactionType::FundingType-inner","searchOpenDialogs":true,"interaction":{"idSuffix":"inner"}},"clearTextFirst":true,"interactionType":"ENTER_TEXT"}]}
RESULT: {}
RESULT: {"script":"<script> [20 bytes]","args":[{"enterText":"Securitization (Structuring by Originator) (99)","selector":{"id":"CreateDialog::xRFMxCU_TransactionType::FundingType-inner","searchOpenDialogs":true,"interaction":{"idSuffix":"inner"}},"clearTextFirst":true,"interactionType":"ENTER_TEXT"}]}
COMMAND: POST /session/9fbfdb63ddc4f6337e0782d09dab6bad/execute/async - {"script":"<script> [21 bytes]","args":[{"selector":{"id":"CreateDialog::xRFMxCU_Transaction-footer","searchOpenDialogs":true},"wdio_ui5_key":"CreateDialogxRFMxCU_Transaction-footer"}]}
RESULT: {"script":"<script> [21 bytes]","args":[{"selector":{"id":"CreateDialog::xRFMxCU_Transaction-footer","searchOpenDialogs":true},"wdio_ui5_key":"CreateDialogxRFMxCU_Transaction-footer"}]}
RESULT: undefined
COMMAND: POST /session/9fbfdb63ddc4f6337e0782d09dab6bad/element - {"using":"xpath","value":"//*[@id=\"CreateDialog::xRFMxCU_Transaction-footer\"]"}
RESULT: {"using":"xpath","value":"//*[@id=\"CreateDialog::xRFMxCU_Transaction-footer\"]"}
COMMAND: POST /session/9fbfdb63ddc4f6337e0782d09dab6bad/element/f.0B8300BA6C9038C74F53A9B60F1675F3.d.25B27354A3228836AC5570A1EF2C079F.e.936/click - {}
RESULT: {}
COMMAND: POST /session/9fbfdb63ddc4f6337e0782d09dab6bad/execute/async - {"script":"<script> [21 bytes]","args":[{"forceSelect":true,"selector":{"controlType":"sap.m.Button","viewName":"sap.fe.templates.ObjectPage.ObjectPage","viewId":"rfm.transactionui::xRFMxCU_TransactionObjectPage","properties":{"text":"Continue"},"searchOpenDialogs":true,"interaction":{"idSuffix":"BDI-content"}},"wdio_ui5_key":"sapfe.templates.ObjectPage.ObjectPagesap.m.Button{\"text\":\"Continue\"}"}]}
COMMAND: GET /session/9fbfdb63ddc4f6337e0782d09dab6bad/screenshot - {}
RESULT: {}
RESULT: {"script":"<script> [21 bytes]","args":[{"forceSelect":true,"selector":{"controlType":"sap.m.Button","viewName":"sap.fe.templates.ObjectPage.ObjectPage","viewId":"rfm.transactionui::xRFMxCU_TransactionObjectPage","properties":{"text":"Continue"},"searchOpenDialogs":true,"interaction":{"idSuffix":"BDI-content"}},"wdio_ui5_key":"sapfe.templates.ObjectPage.ObjectPagesap.m.Button{\"text\":\"Continue\"}"}]}
RESULT: undefined
COMMAND: POST /session/9fbfdb63ddc4f6337e0782d09dab6bad/element - {"using":"xpath","value":"//*[@id=\"__button245\"]"}
RESULT: {"using":"xpath","value":"//*[@id=\"__button245\"]"}
COMMAND: POST /session/9fbfdb63ddc4f6337e0782d09dab6bad/element/f.0B8300BA6C9038C74F53A9B60F1675F3.d.25B27354A3228836AC5570A1EF2C079F.e.938/click - {}
RESULT: {}
COMMAND: POST /session/9fbfdb63ddc4f6337e0782d09dab6bad/execute/async - {"script":"<script> [21 bytes]","args":[{"selector":{"id":"rfm.transactionui::xRFMxCU_TransactionObjectPage--fe::CustomSubSection::CustomDetailsSection--fe::FormContainer::FieldGroup::Term::FormElement::DataField::AssetCashflowDateFrom::Field-edit","interaction":{"idSuffix":"inner"}},"wdio_ui5_key":"rfmtransactionui::xRFMxCU_TransactionObjectPage--fe::CustomSubSection::CustomDetailsSection--fe::FormContainer::FieldGroup::Term::FormElement::DataField::AssetCashflowDateFrom::Field-edit"}]}
COMMAND: GET /session/9fbfdb63ddc4f6337e0782d09dab6bad/screenshot - {}
RESULT: {"script":"<script> [21 bytes]","args":[{"selector":{"id":"rfm.transactionui::xRFMxCU_TransactionObjectPage--fe::CustomSubSection::CustomDetailsSection--fe::FormContainer::FieldGroup::Term::FormElement::DataField::AssetCashflowDateFrom::Field-edit","interaction":{"idSuffix":"inner"}},"wdio_ui5_key":"rfmtransactionui::xRFMxCU_TransactionObjectPage--fe::CustomSubSection::CustomDetailsSection--fe::FormContainer::FieldGroup::Term::FormElement::DataField::AssetCashflowDateFrom::Field-edit"}]}
RESULT: undefined
COMMAND: POST /session/9fbfdb63ddc4f6337e0782d09dab6bad/execute/async - {"script":"<script> [20 bytes]","args":[{"enterText":"2025-01-01","selector":{"id":"rfm.transactionui::xRFMxCU_TransactionObjectPage--fe::CustomSubSection::CustomDetailsSection--fe::FormContainer::FieldGroup::Term::FormElement::DataField::AssetCashflowDateFrom::Field-edit","interaction":{"idSuffix":"inner"}},"clearTextFirst":true,"interactionType":"ENTER_TEXT"}]}
RESULT: {}
RESULT: {"script":"<script> [20 bytes]","args":[{"enterText":"2025-01-01","selector":{"id":"rfm.transactionui::xRFMxCU_TransactionObjectPage--fe::CustomSubSection::CustomDetailsSection--fe::FormContainer::FieldGroup::Term::FormElement::DataField::AssetCashflowDateFrom::Field-edit","interaction":{"idSuffix":"inner"}},"clearTextFirst":true,"interactionType":"ENTER_TEXT"}]}
COMMAND: POST /session/9fbfdb63ddc4f6337e0782d09dab6bad/execute/async - {"script":"<script> [21 bytes]","args":[{"selector":{"id":"rfm.transactionui::xRFMxCU_TransactionObjectPage--fe::CustomSubSection::CustomDetailsSection--fe::FormContainer::FieldGroup::Term::FormElement::DataField::AssetCashflowDateTo::Field-edit","interaction":{"idSuffix":"inner"}},"wdio_ui5_key":"rfmtransactionui::xRFMxCU_TransactionObjectPage--fe::CustomSubSection::CustomDetailsSection--fe::FormContainer::FieldGroup::Term::FormElement::DataField::AssetCashflowDateTo::Field-edit"}]}
RESULT: {"script":"<script> [21 bytes]","args":[{"selector":{"id":"rfm.transactionui::xRFMxCU_TransactionObjectPage--fe::CustomSubSection::CustomDetailsSection--fe::FormContainer::FieldGroup::Term::FormElement::DataField::AssetCashflowDateTo::Field-edit","interaction":{"idSuffix":"inner"}},"wdio_ui5_key":"rfmtransactionui::xRFMxCU_TransactionObjectPage--fe::CustomSubSection::CustomDetailsSection--fe::FormContainer::FieldGroup::Term::FormElement::DataField::AssetCashflowDateTo::Field-edit"}]}
RESULT: undefined
COMMAND: POST /session/9fbfdb63ddc4f6337e0782d09dab6bad/execute/async - {"script":"<script> [20 bytes]","args":[{"enterText":"2027-12-31","selector":{"id":"rfm.transactionui::xRFMxCU_TransactionObjectPage--fe::CustomSubSection::CustomDetailsSection--fe::FormContainer::FieldGroup::Term::FormElement::DataField::AssetCashflowDateTo::Field-edit","interaction":{"idSuffix":"inner"}},"clearTextFirst":true,"interactionType":"ENTER_TEXT"}]}
RESULT: {"script":"<script> [20 bytes]","args":[{"enterText":"2027-12-31","selector":{"id":"rfm.transactionui::xRFMxCU_TransactionObjectPage--fe::CustomSubSection::CustomDetailsSection--fe::FormContainer::FieldGroup::Term::FormElement::DataField::AssetCashflowDateTo::Field-edit","interaction":{"idSuffix":"inner"}},"clearTextFirst":true,"interactionType":"ENTER_TEXT"}]}
COMMAND: POST /session/9fbfdb63ddc4f6337e0782d09dab6bad/execute/async - {"script":"<script> [21 bytes]","args":[{"selector":{"id":"rfm.transactionui::xRFMxCU_TransactionObjectPage--fe::ObjectPage-anchBar-rfm.transactionui::xRFMxCU_TransactionObjectPage--fe::EditableHeaderSection-anchor","interaction":{"idSuffix":"text"}},"wdio_ui5_key":"rfmtransactionui::xRFMxCU_TransactionObjectPage--fe::ObjectPage-anchBar-rfm.transactionui::xRFMxCU_TransactionObjectPage--fe::EditableHeaderSection-anchor"}]}
RESULT: {"script":"<script> [21 bytes]","args":[{"selector":{"id":"rfm.transactionui::xRFMxCU_TransactionObjectPage--fe::ObjectPage-anchBar-rfm.transactionui::xRFMxCU_TransactionObjectPage--fe::EditableHeaderSection-anchor","interaction":{"idSuffix":"text"}},"wdio_ui5_key":"rfmtransactionui::xRFMxCU_TransactionObjectPage--fe::ObjectPage-anchBar-rfm.transactionui::xRFMxCU_TransactionObjectPage--fe::EditableHeaderSection-anchor"}]}
RESULT: undefined
COMMAND: POST /session/9fbfdb63ddc4f6337e0782d09dab6bad/element - {"using":"xpath","value":"//*[@id=\"rfm.transactionui::xRFMxCU_TransactionObjectPage--fe::ObjectPage-anchBar-rfm.transactionui::xRFMxCU_TransactionObjectPage--fe::EditableHeaderSection-anchor\"]"}
RESULT: {"using":"xpath","value":"//*[@id=\"rfm.transactionui::xRFMxCU_TransactionObjectPage--fe::ObjectPage-anchBar-rfm.transactionui::xRFMxCU_TransactionObjectPage--fe::EditableHeaderSection-anchor\"]"}
COMMAND: POST /session/9fbfdb63ddc4f6337e0782d09dab6bad/element/f.0B8300BA6C9038C74F53A9B60F1675F3.d.25B27354A3228836AC5570A1EF2C079F.e.1017/click - {}
RESULT: {}
COMMAND: POST /session/9fbfdb63ddc4f6337e0782d09dab6bad/execute/async - {"script":"<script> [21 bytes]","args":[{"selector":{"id":"rfm.transactionui::xRFMxCU_TransactionObjectPage--fe::HeaderFacet::FormContainer::headerFieldsGP1::FormElement::DataField::Name::Field-edit","interaction":{"idSuffix":"inner"}},"wdio_ui5_key":"rfmtransactionui::xRFMxCU_TransactionObjectPage--fe::HeaderFacet::FormContainer::headerFieldsGP1::FormElement::DataField::Name::Field-edit"}]}
COMMAND: GET /session/9fbfdb63ddc4f6337e0782d09dab6bad/screenshot - {}
RESULT: {"script":"<script> [21 bytes]","args":[{"selector":{"id":"rfm.transactionui::xRFMxCU_TransactionObjectPage--fe::HeaderFacet::FormContainer::headerFieldsGP1::FormElement::DataField::Name::Field-edit","interaction":{"idSuffix":"inner"}},"wdio_ui5_key":"rfmtransactionui::xRFMxCU_TransactionObjectPage--fe::HeaderFacet::FormContainer::headerFieldsGP1::FormElement::DataField::Name::Field-edit"}]}
RESULT: undefined
COMMAND: POST /session/9fbfdb63ddc4f6337e0782d09dab6bad/execute/async - {"script":"<script> [20 bytes]","args":[{"enterText":"WDIO_Tranches_2025-08-14","selector":{"id":"rfm.transactionui::xRFMxCU_TransactionObjectPage--fe::HeaderFacet::FormContainer::headerFieldsGP1::FormElement::DataField::Name::Field-edit","interaction":{"idSuffix":"inner"}},"clearTextFirst":true,"interactionType":"ENTER_TEXT"}]}
RESULT: {}
RESULT: {"script":"<script> [20 bytes]","args":[{"enterText":"WDIO_Tranches_2025-08-14","selector":{"id":"rfm.transactionui::xRFMxCU_TransactionObjectPage--fe::HeaderFacet::FormContainer::headerFieldsGP1::FormElement::DataField::Name::Field-edit","interaction":{"idSuffix":"inner"}},"clearTextFirst":true,"interactionType":"ENTER_TEXT"}]}
COMMAND: POST /session/9fbfdb63ddc4f6337e0782d09dab6bad/execute/async - {"script":"<script> [21 bytes]","args":[{"selector":{"id":"rfm.transactionui::xRFMxCU_TransactionObjectPage--fe::HeaderFacet::FormContainer::headerFieldsGP1::FormElement::DataField::TransactionId::Field-display"},"wdio_ui5_key":"rfmtransactionui::xRFMxCU_TransactionObjectPage--fe::HeaderFacet::FormContainer::headerFieldsGP1::FormElement::DataField::TransactionId::Field-display"}]}
RESULT: {"script":"<script> [21 bytes]","args":[{"selector":{"id":"rfm.transactionui::xRFMxCU_TransactionObjectPage--fe::HeaderFacet::FormContainer::headerFieldsGP1::FormElement::DataField::TransactionId::Field-display"},"wdio_ui5_key":"rfmtransactionui::xRFMxCU_TransactionObjectPage--fe::HeaderFacet::FormContainer::headerFieldsGP1::FormElement::DataField::TransactionId::Field-display"}]}
RESULT: undefined
COMMAND: POST /session/9fbfdb63ddc4f6337e0782d09dab6bad/execute/async - {"script":"<script> [21 bytes]","args":[{"element-6066-11e4-a52e-4f735466cecf":"f.0B8300BA6C9038C74F53A9B60F1675F3.d.25B27354A3228836AC5570A1EF2C079F.e.1025"},"getText",[]]}
RESULT: {"script":"<script> [21 bytes]","args":[{"element-6066-11e4-a52e-4f735466cecf":"f.0B8300BA6C9038C74F53A9B60F1675F3.d.25B27354A3228836AC5570A1EF2C079F.e.1025"},"getText",[]]}
COMMAND: POST /session/9fbfdb63ddc4f6337e0782d09dab6bad/execute/async - {"script":"<script> [21 bytes]","args":[{"selector":{"id":"rfm.transactionui::xRFMxCU_TransactionObjectPage--fe::ObjectPage-anchBar-rfm.transactionui::xRFMxCU_TransactionObjectPage--fe::FacetSection::FundingScopeCollection-anchor"},"wdio_ui5_key":"rfmtransactionui::xRFMxCU_TransactionObjectPage--fe::ObjectPage-anchBar-rfm.transactionui::xRFMxCU_TransactionObjectPage--fe::FacetSection::FundingScopeCollection-anchor"}]}
RESULT: {"script":"<script> [21 bytes]","args":[{"selector":{"id":"rfm.transactionui::xRFMxCU_TransactionObjectPage--fe::ObjectPage-anchBar-rfm.transactionui::xRFMxCU_TransactionObjectPage--fe::FacetSection::FundingScopeCollection-anchor"},"wdio_ui5_key":"rfmtransactionui::xRFMxCU_TransactionObjectPage--fe::ObjectPage-anchBar-rfm.transactionui::xRFMxCU_TransactionObjectPage--fe::FacetSection::FundingScopeCollection-anchor"}]}
RESULT: undefined
COMMAND: POST /session/9fbfdb63ddc4f6337e0782d09dab6bad/element - {"using":"xpath","value":"//*[@id=\"rfm.transactionui::xRFMxCU_TransactionObjectPage--fe::ObjectPage-anchBar-rfm.transactionui::xRFMxCU_TransactionObjectPage--fe::FacetSection::FundingScopeCollection-anchor\"]"}
RESULT: {"using":"xpath","value":"//*[@id=\"rfm.transactionui::xRFMxCU_TransactionObjectPage--fe::ObjectPage-anchBar-rfm.transactionui::xRFMxCU_TransactionObjectPage--fe::FacetSection::FundingScopeCollection-anchor\"]"}
COMMAND: POST /session/9fbfdb63ddc4f6337e0782d09dab6bad/element/f.0B8300BA6C9038C74F53A9B60F1675F3.d.25B27354A3228836AC5570A1EF2C079F.e.1026/click - {}
RESULT: {}
COMMAND: POST /session/9fbfdb63ddc4f6337e0782d09dab6bad/execute/async - {"script":"<script> [21 bytes]","args":[{"selector":{"controlType":"sap.ui.mdc.field.FieldInput","viewName":"sap.fe.templates.ObjectPage.ObjectPage","viewId":"rfm.transactionui::xRFMxCU_TransactionObjectPage","bindingPath":{"path":"","propertyPath":"/conditions","modelName":"$field"},"ancestor":{"controlType":"sap.ui.mdc.Field","viewName":"sap.fe.templates.ObjectPage.ObjectPage","viewId":"rfm.transactionui::xRFMxCU_TransactionObjectPage","bindingPath":{"path":"/xRFMxCU_Transaction(TransactionId='1091',IsActiveEntity=false)/_TransactionCFPart(TransactionId='1091',CashFlowPartType='1',IsActiveEntity=false)","propertyPath":"__EntityControl/Updatable"}},"interaction":{"idSuffix":"inner"}},"wdio_ui5_key":"sapfe.templates.ObjectPage.ObjectPagesap.ui.mdc.field.FieldInput{\"path\":\"\",\"propertyPath\":\"/conditions\",\"modelName\":\"$field\"}{\"controlType\":\"sap.ui.mdc.Field\",\"viewName\":\"sap.fe.templates.ObjectPage.ObjectPage\",\"viewId\":\"rfm.transactionui::xRFMxCU_TransactionObjectPage\",\"bindingPath\":{\"path\":\"/xRFMxCU_Transaction(TransactionId='1091',IsActiveEntity=false)/_TransactionCFPart(TransactionId='1091',CashFlowPartType='1',IsActiveEntity=false)\",\"propertyPath\":\"__EntityControl/Updatable\"}}"}]}
COMMAND: GET /session/9fbfdb63ddc4f6337e0782d09dab6bad/screenshot - {}
RESULT: {}
RESULT: {"script":"<script> [21 bytes]","args":[{"selector":{"controlType":"sap.ui.mdc.field.FieldInput","viewName":"sap.fe.templates.ObjectPage.ObjectPage","viewId":"rfm.transactionui::xRFMxCU_TransactionObjectPage","bindingPath":{"path":"","propertyPath":"/conditions","modelName":"$field"},"ancestor":{"controlType":"sap.ui.mdc.Field","viewName":"sap.fe.templates.ObjectPage.ObjectPage","viewId":"rfm.transactionui::xRFMxCU_TransactionObjectPage","bindingPath":{"path":"/xRFMxCU_Transaction(TransactionId='1091',IsActiveEntity=false)/_TransactionCFPart(TransactionId='1091',CashFlowPartType='1',IsActiveEntity=false)","propertyPath":"__EntityControl/Updatable"}},"interaction":{"idSuffix":"inner"}},"wdio_ui5_key":"sapfe.templates.ObjectPage.ObjectPagesap.ui.mdc.field.FieldInput{\"path\":\"\",\"propertyPath\":\"/conditions\",\"modelName\":\"$field\"}{\"controlType\":\"sap.ui.mdc.Field\",\"viewName\":\"sap.fe.templates.ObjectPage.ObjectPage\",\"viewId\":\"rfm.transactionui::xRFMxCU_TransactionObjectPage\",\"bindingPath\":{\"path\":\"/xRFMxCU_Transaction(TransactionId='1091',IsActiveEntity=false)/_TransactionCFPart(TransactionId='1091',CashFlowPartType='1',IsActiveEntity=false)\",\"propertyPath\":\"__EntityControl/Updatable\"}}"}]}
RESULT: undefined
COMMAND: POST /session/9fbfdb63ddc4f6337e0782d09dab6bad/execute/async - {"script":"<script> [20 bytes]","args":[{"enterText":"Funding","selector":{"controlType":"sap.ui.mdc.field.FieldInput","viewName":"sap.fe.templates.ObjectPage.ObjectPage","viewId":"rfm.transactionui::xRFMxCU_TransactionObjectPage","bindingPath":{"path":"","propertyPath":"/conditions","modelName":"$field"},"ancestor":{"controlType":"sap.ui.mdc.Field","viewName":"sap.fe.templates.ObjectPage.ObjectPage","viewId":"rfm.transactionui::xRFMxCU_TransactionObjectPage","bindingPath":{"path":"/xRFMxCU_Transaction(TransactionId='1091',IsActiveEntity=false)/_TransactionCFPart(TransactionId='1091',CashFlowPartType='1',IsActiveEntity=false)","propertyPath":"__EntityControl/Updatable"}},"interaction":{"idSuffix":"inner"}},"clearTextFirst":true,"interactionType":"ENTER_TEXT"}]}
RESULT: {"script":"<script> [20 bytes]","args":[{"enterText":"Funding","selector":{"controlType":"sap.ui.mdc.field.FieldInput","viewName":"sap.fe.templates.ObjectPage.ObjectPage","viewId":"rfm.transactionui::xRFMxCU_TransactionObjectPage","bindingPath":{"path":"","propertyPath":"/conditions","modelName":"$field"},"ancestor":{"controlType":"sap.ui.mdc.Field","viewName":"sap.fe.templates.ObjectPage.ObjectPage","viewId":"rfm.transactionui::xRFMxCU_TransactionObjectPage","bindingPath":{"path":"/xRFMxCU_Transaction(TransactionId='1091',IsActiveEntity=false)/_TransactionCFPart(TransactionId='1091',CashFlowPartType='1',IsActiveEntity=false)","propertyPath":"__EntityControl/Updatable"}},"interaction":{"idSuffix":"inner"}},"clearTextFirst":true,"interactionType":"ENTER_TEXT"}]}
COMMAND: POST /session/9fbfdb63ddc4f6337e0782d09dab6bad/execute/async - {"script":"<script> [21 bytes]","args":[{"selector":{"id":"rfm.transactionui::xRFMxCU_TransactionObjectPage--fe::table::_TransactionCFPart::LineItem-innerTable-rows-row1","interaction":{"idSuffix":"col0"}},"wdio_ui5_key":"rfmtransactionui::xRFMxCU_TransactionObjectPage--fe::table::_TransactionCFPart::LineItem-innerTable-rows-row1"}]}
RESULT: {"script":"<script> [21 bytes]","args":[{"selector":{"id":"rfm.transactionui::xRFMxCU_TransactionObjectPage--fe::table::_TransactionCFPart::LineItem-innerTable-rows-row1","interaction":{"idSuffix":"col0"}},"wdio_ui5_key":"rfmtransactionui::xRFMxCU_TransactionObjectPage--fe::table::_TransactionCFPart::LineItem-innerTable-rows-row1"}]}
RESULT: undefined
COMMAND: POST /session/9fbfdb63ddc4f6337e0782d09dab6bad/element - {"using":"xpath","value":"//*[@id=\"rfm.transactionui::xRFMxCU_TransactionObjectPage--fe::table::_TransactionCFPart::LineItem-innerTable-rows-row1\"]"}
RESULT: {"using":"xpath","value":"//*[@id=\"rfm.transactionui::xRFMxCU_TransactionObjectPage--fe::table::_TransactionCFPart::LineItem-innerTable-rows-row1\"]"}
COMMAND: POST /session/9fbfdb63ddc4f6337e0782d09dab6bad/element/f.0B8300BA6C9038C74F53A9B60F1675F3.d.25B27354A3228836AC5570A1EF2C079F.e.1038/click - {}
RESULT: {}
COMMAND: POST /session/9fbfdb63ddc4f6337e0782d09dab6bad/execute/async - {"script":"<script> [21 bytes]","args":[{"forceSelect":true,"selector":{"controlType":"sap.ui.mdc.field.FieldInput","viewName":"sap.fe.templates.ObjectPage.ObjectPage","viewId":"rfm.transactionui::xRFMxCU_TransactionObjectPage","bindingPath":{"path":"","propertyPath":"/conditions","modelName":"$field"},"ancestor":{"controlType":"sap.ui.mdc.Field","viewName":"sap.fe.templates.ObjectPage.ObjectPage","viewId":"rfm.transactionui::xRFMxCU_TransactionObjectPage","bindingPath":{"path":"/xRFMxCU_Transaction(TransactionId='1091',IsActiveEntity=false)/_TransactionCFPart(TransactionId='1091',CashFlowPartType='2',IsActiveEntity=false)","propertyPath":"__EntityControl/Updatable"}},"interaction":{"idSuffix":"inner"}},"wdio_ui5_key":"sapfe.templates.ObjectPage.ObjectPagesap.ui.mdc.field.FieldInput{\"path\":\"\",\"propertyPath\":\"/conditions\",\"modelName\":\"$field\"}{\"controlType\":\"sap.ui.mdc.Field\",\"viewName\":\"sap.fe.templates.ObjectPage.ObjectPage\",\"viewId\":\"rfm.transactionui::xRFMxCU_TransactionObjectPage\",\"bindingPath\":{\"path\":\"/xRFMxCU_Transaction(TransactionId='1091',IsActiveEntity=false)/_TransactionCFPart(TransactionId='1091',CashFlowPartType='2',IsActiveEntity=false)\",\"propertyPath\":\"__EntityControl/Updatable\"}}"}]}
COMMAND: GET /session/9fbfdb63ddc4f6337e0782d09dab6bad/screenshot - {}
RESULT: {"script":"<script> [21 bytes]","args":[{"forceSelect":true,"selector":{"controlType":"sap.ui.mdc.field.FieldInput","viewName":"sap.fe.templates.ObjectPage.ObjectPage","viewId":"rfm.transactionui::xRFMxCU_TransactionObjectPage","bindingPath":{"path":"","propertyPath":"/conditions","modelName":"$field"},"ancestor":{"controlType":"sap.ui.mdc.Field","viewName":"sap.fe.templates.ObjectPage.ObjectPage","viewId":"rfm.transactionui::xRFMxCU_TransactionObjectPage","bindingPath":{"path":"/xRFMxCU_Transaction(TransactionId='1091',IsActiveEntity=false)/_TransactionCFPart(TransactionId='1091',CashFlowPartType='2',IsActiveEntity=false)","propertyPath":"__EntityControl/Updatable"}},"interaction":{"idSuffix":"inner"}},"wdio_ui5_key":"sapfe.templates.ObjectPage.ObjectPagesap.ui.mdc.field.FieldInput{\"path\":\"\",\"propertyPath\":\"/conditions\",\"modelName\":\"$field\"}{\"controlType\":\"sap.ui.mdc.Field\",\"viewName\":\"sap.fe.templates.ObjectPage.ObjectPage\",\"viewId\":\"rfm.transactionui::xRFMxCU_TransactionObjectPage\",\"bindingPath\":{\"path\":\"/xRFMxCU_Transaction(TransactionId='1091',IsActiveEntity=false)/_TransactionCFPart(TransactionId='1091',CashFlowPartType='2',IsActiveEntity=false)\",\"propertyPath\":\"__EntityControl/Updatable\"}}"}]}
RESULT: undefined
COMMAND: POST /session/9fbfdb63ddc4f6337e0782d09dab6bad/execute/async - {"script":"<script> [21 bytes]","args":[{"selector":{"id":"__field11-__clone716-__clone904-inner"}}]}
RESULT: {}
RESULT: {"script":"<script> [21 bytes]","args":[{"selector":{"id":"__field11-__clone716-__clone904-inner"}}]}
COMMAND: POST /session/9fbfdb63ddc4f6337e0782d09dab6bad/execute/async - {"script":"<script> [21 bytes]","args":[{"element-6066-11e4-a52e-4f735466cecf":"f.0B8300BA6C9038C74F53A9B60F1675F3.d.25B27354A3228836AC5570A1EF2C079F.e.1033"},"getEditable",[]]}
RESULT: {"script":"<script> [21 bytes]","args":[{"element-6066-11e4-a52e-4f735466cecf":"f.0B8300BA6C9038C74F53A9B60F1675F3.d.25B27354A3228836AC5570A1EF2C079F.e.1033"},"getEditable",[]]}
COMMAND: POST /session/9fbfdb63ddc4f6337e0782d09dab6bad/execute/async - {"script":"<script> [21 bytes]","args":[{"selector":{"id":"__field11-__clone716-__clone904-inner-vhi"}}]}
RESULT: {"script":"<script> [21 bytes]","args":[{"selector":{"id":"__field11-__clone716-__clone904-inner-vhi"}}]}
COMMAND: POST /session/9fbfdb63ddc4f6337e0782d09dab6bad/execute/async - {"script":"<script> [21 bytes]","args":[{"element-6066-11e4-a52e-4f735466cecf":"f.0B8300BA6C9038C74F53A9B60F1675F3.d.25B27354A3228836AC5570A1EF2C079F.e.1033"},"getVisible",[]]}
RESULT: {"script":"<script> [21 bytes]","args":[{"element-6066-11e4-a52e-4f735466cecf":"f.0B8300BA6C9038C74F53A9B60F1675F3.d.25B27354A3228836AC5570A1EF2C079F.e.1033"},"getVisible",[]]}
COMMAND: POST /session/9fbfdb63ddc4f6337e0782d09dab6bad/execute/async - {"script":"<script> [20 bytes]","args":[{"enterText":"Funding","selector":{"controlType":"sap.ui.mdc.field.FieldInput","viewName":"sap.fe.templates.ObjectPage.ObjectPage","viewId":"rfm.transactionui::xRFMxCU_TransactionObjectPage","bindingPath":{"path":"","propertyPath":"/conditions","modelName":"$field"},"ancestor":{"controlType":"sap.ui.mdc.Field","viewName":"sap.fe.templates.ObjectPage.ObjectPage","viewId":"rfm.transactionui::xRFMxCU_TransactionObjectPage","bindingPath":{"path":"/xRFMxCU_Transaction(TransactionId='1091',IsActiveEntity=false)/_TransactionCFPart(TransactionId='1091',CashFlowPartType='2',IsActiveEntity=false)","propertyPath":"__EntityControl/Updatable"}},"interaction":{"idSuffix":"inner"}},"clearTextFirst":true,"interactionType":"ENTER_TEXT"}]}
RESULT: {"script":"<script> [20 bytes]","args":[{"enterText":"Funding","selector":{"controlType":"sap.ui.mdc.field.FieldInput","viewName":"sap.fe.templates.ObjectPage.ObjectPage","viewId":"rfm.transactionui::xRFMxCU_TransactionObjectPage","bindingPath":{"path":"","propertyPath":"/conditions","modelName":"$field"},"ancestor":{"controlType":"sap.ui.mdc.Field","viewName":"sap.fe.templates.ObjectPage.ObjectPage","viewId":"rfm.transactionui::xRFMxCU_TransactionObjectPage","bindingPath":{"path":"/xRFMxCU_Transaction(TransactionId='1091',IsActiveEntity=false)/_TransactionCFPart(TransactionId='1091',CashFlowPartType='2',IsActiveEntity=false)","propertyPath":"__EntityControl/Updatable"}},"interaction":{"idSuffix":"inner"}},"clearTextFirst":true,"interactionType":"ENTER_TEXT"}]}
COMMAND: POST /session/9fbfdb63ddc4f6337e0782d09dab6bad/execute/async - {"script":"<script> [21 bytes]","args":[{"selector":{"id":"rfm.transactionui::xRFMxCU_TransactionObjectPage--fe::FooterBar::StandardAction::Save","interaction":{"idSuffix":"BDI-content"}},"wdio_ui5_key":"rfmtransactionui::xRFMxCU_TransactionObjectPage--fe::FooterBar::StandardAction::Save"}]}
RESULT: {"script":"<script> [21 bytes]","args":[{"selector":{"id":"rfm.transactionui::xRFMxCU_TransactionObjectPage--fe::FooterBar::StandardAction::Save","interaction":{"idSuffix":"BDI-content"}},"wdio_ui5_key":"rfmtransactionui::xRFMxCU_TransactionObjectPage--fe::FooterBar::StandardAction::Save"}]}
RESULT: undefined
COMMAND: POST /session/9fbfdb63ddc4f6337e0782d09dab6bad/element - {"using":"xpath","value":"//*[@id=\"rfm.transactionui::xRFMxCU_TransactionObjectPage--fe::FooterBar::StandardAction::Save\"]"}
RESULT: {"using":"xpath","value":"//*[@id=\"rfm.transactionui::xRFMxCU_TransactionObjectPage--fe::FooterBar::StandardAction::Save\"]"}
COMMAND: POST /session/9fbfdb63ddc4f6337e0782d09dab6bad/element/f.0B8300BA6C9038C74F53A9B60F1675F3.d.25B27354A3228836AC5570A1EF2C079F.e.1042/click - {}
RESULT: {}
COMMAND: POST /session/9fbfdb63ddc4f6337e0782d09dab6bad/execute/async - {"script":"<script> [21 bytes]","args":[{"selector":{"id":"rfm.transactionui::xRFMxCU_TransactionObjectPage--fe::FooterBar::MessageButton-img"},"wdio_ui5_key":"rfmtransactionui::xRFMxCU_TransactionObjectPage--fe::FooterBar::MessageButton-img"}]}
COMMAND: GET /session/9fbfdb63ddc4f6337e0782d09dab6bad/screenshot - {}
RESULT: {"script":"<script> [21 bytes]","args":[{"selector":{"id":"rfm.transactionui::xRFMxCU_TransactionObjectPage--fe::FooterBar::MessageButton-img"},"wdio_ui5_key":"rfmtransactionui::xRFMxCU_TransactionObjectPage--fe::FooterBar::MessageButton-img"}]}
RESULT: undefined
COMMAND: POST /session/9fbfdb63ddc4f6337e0782d09dab6bad/url - {"url":"https://d4debac0-4a79-4bd3-a71c-dba92f957697.abap-web.eu10.hana.ondemand.com/ui#Shell-home"}
RESULT: {}
RESULT: {"url":"https://d4debac0-4a79-4bd3-a71c-dba92f957697.abap-web.eu10.hana.ondemand.com/ui#Shell-home"}
RESULT: undefined
COMMAND: GET /session/9fbfdb63ddc4f6337e0782d09dab6bad/screenshot - {}
COMMAND: GET /session/9fbfdb63ddc4f6337e0782d09dab6bad/screenshot - {}
]]></system-out>
    </testcase>
    <testcase classname="chrome.138_0_7204_184.windows.ABS_Tranches" name="Should filter created Transaction" time="8.243">
      <skipped/>
      <system-out><![CDATA[
COMMAND: POST /session/9fbfdb63ddc4f6337e0782d09dab6bad/execute/async - {"script":"<script> [21 bytes]","args":[{"selector":{"controlType":"sap.m.GenericTile","properties":{"header":"ABS Tranches"}},"wdio_ui5_key":"sapm.GenericTile{\"header\":\"ABS Tranches\"}"}]}
RESULT: {}
RESULT: {}
RESULT: {"script":"<script> [21 bytes]","args":[{"selector":{"controlType":"sap.m.GenericTile","properties":{"header":"ABS Tranches"}},"wdio_ui5_key":"sapm.GenericTile{\"header\":\"ABS Tranches\"}"}]}
RESULT: undefined
COMMAND: POST /session/9fbfdb63ddc4f6337e0782d09dab6bad/element - {"using":"xpath","value":"//*[@id=\"__tile40\"]"}
RESULT: {"using":"xpath","value":"//*[@id=\"__tile40\"]"}
COMMAND: POST /session/9fbfdb63ddc4f6337e0782d09dab6bad/element/f.0B8300BA6C9038C74F53A9B60F1675F3.d.25B27354A3228836AC5570A1EF2C079F.e.1052/click - {}
COMMAND: POST /session/9fbfdb63ddc4f6337e0782d09dab6bad/execute/async - {"script":"<script> [21 bytes]","args":[{"selector":{"id":"rfm.trancheui::xRFMxCU_TranchesList--fe::FilterBar::xRFMxCU_Tranches::FilterField::TransactionId-inner","interaction":{"idSuffix":"inner"}},"wdio_ui5_key":"rfmtrancheui::xRFMxCU_TranchesList--fe::FilterBar::xRFMxCU_Tranches::FilterField::TransactionId-inner"}]}
RESULT: {"script":"<script> [21 bytes]","args":[{"selector":{"id":"rfm.trancheui::xRFMxCU_TranchesList--fe::FilterBar::xRFMxCU_Tranches::FilterField::TransactionId-inner","interaction":{"idSuffix":"inner"}},"wdio_ui5_key":"rfmtrancheui::xRFMxCU_TranchesList--fe::FilterBar::xRFMxCU_Tranches::FilterField::TransactionId-inner"}]}
RESULT: undefined
COMMAND: POST /session/9fbfdb63ddc4f6337e0782d09dab6bad/execute/async - {"script":"<script> [21 bytes]","args":[{"selector":{"id":"rfm.trancheui::xRFMxCU_TranchesList--fe::FilterBar::xRFMxCU_Tranches-btnSearch","interaction":{"idSuffix":"BDI-content"}},"wdio_ui5_key":"rfmtrancheui::xRFMxCU_TranchesList--fe::FilterBar::xRFMxCU_Tranches-btnSearch"}]}
RESULT: {"script":"<script> [21 bytes]","args":[{"selector":{"id":"rfm.trancheui::xRFMxCU_TranchesList--fe::FilterBar::xRFMxCU_Tranches-btnSearch","interaction":{"idSuffix":"BDI-content"}},"wdio_ui5_key":"rfmtrancheui::xRFMxCU_TranchesList--fe::FilterBar::xRFMxCU_Tranches-btnSearch"}]}
RESULT: undefined
COMMAND: POST /session/9fbfdb63ddc4f6337e0782d09dab6bad/execute/async - {"script":"<script> [21 bytes]","args":[{"selector":{"id":"rfm.trancheui::xRFMxCU_TranchesList--fe::table::allTab::LineItem-innerTable-rows-row0"},"wdio_ui5_key":"rfmtrancheui::xRFMxCU_TranchesList--fe::table::allTab::LineItem-innerTable-rows-row0"}]}
RESULT: {"script":"<script> [21 bytes]","args":[{"selector":{"id":"rfm.trancheui::xRFMxCU_TranchesList--fe::table::allTab::LineItem-innerTable-rows-row0"},"wdio_ui5_key":"rfmtrancheui::xRFMxCU_TranchesList--fe::table::allTab::LineItem-innerTable-rows-row0"}]}
RESULT: undefined
COMMAND: POST /session/9fbfdb63ddc4f6337e0782d09dab6bad/execute/async - {"script":"<script> [21 bytes]","args":[{"selector":{"controlType":"sap.m.Link","viewName":"sap.fe.templates.ListReport.ListReport","viewId":"rfm.trancheui::xRFMxCU_TranchesList","bindingPath":{"path":"/xRFMxCU_Tranches(TransactionId='1091',IsActiveEntity=true)","propertyPath":"TransactionId"}},"wdio_ui5_key":"sapfe.templates.ListReport.ListReportsap.m.Link{\"path\":\"/xRFMxCU_Tranches(TransactionId='1091',IsActiveEntity=true)\",\"propertyPath\":\"TransactionId\"}"}]}
RESULT: {"script":"<script> [21 bytes]","args":[{"selector":{"controlType":"sap.m.Link","viewName":"sap.fe.templates.ListReport.ListReport","viewId":"rfm.trancheui::xRFMxCU_TranchesList","bindingPath":{"path":"/xRFMxCU_Tranches(TransactionId='1091',IsActiveEntity=true)","propertyPath":"TransactionId"}},"wdio_ui5_key":"sapfe.templates.ListReport.ListReportsap.m.Link{\"path\":\"/xRFMxCU_Tranches(TransactionId='1091',IsActiveEntity=true)\",\"propertyPath\":\"TransactionId\"}"}]}
RESULT: undefined
COMMAND: GET /session/9fbfdb63ddc4f6337e0782d09dab6bad/screenshot - {}
COMMAND: GET /session/9fbfdb63ddc4f6337e0782d09dab6bad/screenshot - {}
RESULT: {}
RESULT: {}
]]></system-out>
      <system-err><![CDATA[
Error: expect(received).toEqual(expected) // deep equality

Expected: "1091"
Received: undefined
    at Context.<anonymous> (D:\a\1\s\test\specs\ABS\ABSTranches.spec.js:598:18)
]]></system-err>
    </testcase>
    <testcase classname="chrome.138_0_7204_184.windows.ABS_Tranches" name="Should filter created Transaction" time="4.681">
      <failure/>
      <error message="expect(received).toEqual(expected) // deep equality&#xA;&#xA;Expected: &quot;1091&quot;&#xA;Received: undefined"/>
      <system-out><![CDATA[
RESULT: undefined
COMMAND: POST /session/9fbfdb63ddc4f6337e0782d09dab6bad/element - {"using":"xpath","value":"//*[@id=\"__tile40\"]"}
RESULT: {"using":"xpath","value":"//*[@id=\"__tile40\"]"}
COMMAND: POST /session/9fbfdb63ddc4f6337e0782d09dab6bad/element/f.0B8300BA6C9038C74F53A9B60F1675F3.d.25B27354A3228836AC5570A1EF2C079F.e.1052/click - {}
RESULT: undefined
RESULT: undefined
RESULT: undefined
RESULT: undefined
COMMAND: GET /session/9fbfdb63ddc4f6337e0782d09dab6bad/screenshot - {}
COMMAND: GET /session/9fbfdb63ddc4f6337e0782d09dab6bad/screenshot - {}
RESULT: {}
RESULT: {}
]]></system-out>
      <system-err><![CDATA[
Error: expect(received).toEqual(expected) // deep equality

Expected: "1091"
Received: undefined
    at Context.<anonymous> (D:\a\1\s\test\specs\ABS\ABSTranches.spec.js:598:18)
]]></system-err>
    </testcase>
    <testcase classname="chrome.138_0_7204_184.windows.ABS_Tranches" name="Should check creation of a Tranche" time="4.469">
      <skipped/>
      <system-out><![CDATA[
COMMAND: POST /session/9fbfdb63ddc4f6337e0782d09dab6bad/execute/async - {"script":"<script> [21 bytes]","args":[{"selector":{"id":"rfm.trancheui::xRFMxCU_TranchesObjectPage--fe::StandardAction::Edit","interaction":{"idSuffix":"BDI-content"}},"wdio_ui5_key":"rfmtrancheui::xRFMxCU_TranchesObjectPage--fe::StandardAction::Edit"}]}
COMMAND: GET /session/9fbfdb63ddc4f6337e0782d09dab6bad/screenshot - {}
RESULT: {"script":"<script> [21 bytes]","args":[{"selector":{"id":"rfm.trancheui::xRFMxCU_TranchesObjectPage--fe::StandardAction::Edit","interaction":{"idSuffix":"BDI-content"}},"wdio_ui5_key":"rfmtrancheui::xRFMxCU_TranchesObjectPage--fe::StandardAction::Edit"}]}
RESULT: undefined
COMMAND: POST /session/9fbfdb63ddc4f6337e0782d09dab6bad/execute/async - {"script":"<script> [21 bytes]","args":[{"selector":{"id":"rfm.trancheui::xRFMxCU_TranchesObjectPage--fe::table::_Tranche::LineItem::StandardAction::Create","interaction":{"idSuffix":"content"}},"wdio_ui5_key":"rfmtrancheui::xRFMxCU_TranchesObjectPage--fe::table::_Tranche::LineItem::StandardAction::Create"}]}
RESULT: {}
RESULT: {"script":"<script> [21 bytes]","args":[{"selector":{"id":"rfm.trancheui::xRFMxCU_TranchesObjectPage--fe::table::_Tranche::LineItem::StandardAction::Create","interaction":{"idSuffix":"content"}},"wdio_ui5_key":"rfmtrancheui::xRFMxCU_TranchesObjectPage--fe::table::_Tranche::LineItem::StandardAction::Create"}]}
RESULT: undefined
COMMAND: POST /session/9fbfdb63ddc4f6337e0782d09dab6bad/execute/async - {"script":"<script> [21 bytes]","args":[{"selector":{"id":"rfm.trancheui::xRFMxCU_Tranches__TrancheObjectPage--fe::FormContainer::FieldGroup::detailsFieldsGP1::FormElement::DataField::TrancheNumber::Field-edit","interaction":{"idSuffix":"inner"}},"wdio_ui5_key":"rfmtrancheui::xRFMxCU_Tranches__TrancheObjectPage--fe::FormContainer::FieldGroup::detailsFieldsGP1::FormElement::DataField::TrancheNumber::Field-edit"}]}
RESULT: {"script":"<script> [21 bytes]","args":[{"selector":{"id":"rfm.trancheui::xRFMxCU_Tranches__TrancheObjectPage--fe::FormContainer::FieldGroup::detailsFieldsGP1::FormElement::DataField::TrancheNumber::Field-edit","interaction":{"idSuffix":"inner"}},"wdio_ui5_key":"rfmtrancheui::xRFMxCU_Tranches__TrancheObjectPage--fe::FormContainer::FieldGroup::detailsFieldsGP1::FormElement::DataField::TrancheNumber::Field-edit"}]}
RESULT: undefined
COMMAND: POST /session/9fbfdb63ddc4f6337e0782d09dab6bad/execute/async - {"script":"<script> [21 bytes]","args":[{"selector":{"id":"rfm.trancheui::xRFMxCU_Tranches__TrancheObjectPage--fe::ObjectPage-anchBar-rfm.trancheui::xRFMxCU_Tranches__TrancheObjectPage--fe::FacetSection::Calculation-anchor"},"wdio_ui5_key":"rfmtrancheui::xRFMxCU_Tranches__TrancheObjectPage--fe::ObjectPage-anchBar-rfm.trancheui::xRFMxCU_Tranches__TrancheObjectPage--fe::FacetSection::Calculation-anchor"}]}
RESULT: {"script":"<script> [21 bytes]","args":[{"selector":{"id":"rfm.trancheui::xRFMxCU_Tranches__TrancheObjectPage--fe::ObjectPage-anchBar-rfm.trancheui::xRFMxCU_Tranches__TrancheObjectPage--fe::FacetSection::Calculation-anchor"},"wdio_ui5_key":"rfmtrancheui::xRFMxCU_Tranches__TrancheObjectPage--fe::ObjectPage-anchBar-rfm.trancheui::xRFMxCU_Tranches__TrancheObjectPage--fe::FacetSection::Calculation-anchor"}]}
RESULT: undefined
COMMAND: POST /session/9fbfdb63ddc4f6337e0782d09dab6bad/execute/async - {"script":"<script> [21 bytes]","args":[{"selector":{"id":"rfm.trancheui::xRFMxCU_Tranches__TrancheObjectPage--fe::FormContainer::Calculation::FormElement::DataField::ExcludeInterestFlag::Field-edit","interaction":{"idSuffix":"CbBg"}},"wdio_ui5_key":"rfmtrancheui::xRFMxCU_Tranches__TrancheObjectPage--fe::FormContainer::Calculation::FormElement::DataField::ExcludeInterestFlag::Field-edit"}]}
RESULT: {"script":"<script> [21 bytes]","args":[{"selector":{"id":"rfm.trancheui::xRFMxCU_Tranches__TrancheObjectPage--fe::FormContainer::Calculation::FormElement::DataField::ExcludeInterestFlag::Field-edit","interaction":{"idSuffix":"CbBg"}},"wdio_ui5_key":"rfmtrancheui::xRFMxCU_Tranches__TrancheObjectPage--fe::FormContainer::Calculation::FormElement::DataField::ExcludeInterestFlag::Field-edit"}]}
RESULT: undefined
COMMAND: POST /session/9fbfdb63ddc4f6337e0782d09dab6bad/execute/async - {"script":"<script> [21 bytes]","args":[{"forceSelect":true,"selector":{"id":"rfm.trancheui::xRFMxCU_Tranches__TrancheObjectPage--fe::FooterBar::StandardAction::Apply","interaction":{"idSuffix":"BDI-content"}},"wdio_ui5_key":"rfmtrancheui::xRFMxCU_Tranches__TrancheObjectPage--fe::FooterBar::StandardAction::Apply"}]}
RESULT: {"script":"<script> [21 bytes]","args":[{"forceSelect":true,"selector":{"id":"rfm.trancheui::xRFMxCU_Tranches__TrancheObjectPage--fe::FooterBar::StandardAction::Apply","interaction":{"idSuffix":"BDI-content"}},"wdio_ui5_key":"rfmtrancheui::xRFMxCU_Tranches__TrancheObjectPage--fe::FooterBar::StandardAction::Apply"}]}
RESULT: undefined
COMMAND: POST /session/9fbfdb63ddc4f6337e0782d09dab6bad/execute/async - {"script":"<script> [21 bytes]","args":[{"selector":{"id":"rfm.trancheui::xRFMxCU_TranchesObjectPage--fe::FooterBar::StandardAction::Save","interaction":{"idSuffix":"BDI-content"}},"wdio_ui5_key":"rfmtrancheui::xRFMxCU_TranchesObjectPage--fe::FooterBar::StandardAction::Save"}]}
RESULT: {"script":"<script> [21 bytes]","args":[{"selector":{"id":"rfm.trancheui::xRFMxCU_TranchesObjectPage--fe::FooterBar::StandardAction::Save","interaction":{"idSuffix":"BDI-content"}},"wdio_ui5_key":"rfmtrancheui::xRFMxCU_TranchesObjectPage--fe::FooterBar::StandardAction::Save"}]}
RESULT: undefined
COMMAND: POST /session/9fbfdb63ddc4f6337e0782d09dab6bad/execute/async - {"script":"<script> [21 bytes]","args":[{"selector":{"controlType":"sap.ui.core.Icon","viewName":"sap.fe.templates.ObjectPage.ObjectPage","viewId":"rfm.trancheui::xRFMxCU_TranchesObjectPage","properties":{"src":{"regex":{"source":"navigation\\-right\\-arrow"}}}},"wdio_ui5_key":"sapfe.templates.ObjectPage.ObjectPagesap.ui.core.Icon{\"src\":{\"regex\":{\"source\":\"navigation\\\\-right\\\\-arrow\"}}}"}]}
RESULT: {"script":"<script> [21 bytes]","args":[{"selector":{"controlType":"sap.ui.core.Icon","viewName":"sap.fe.templates.ObjectPage.ObjectPage","viewId":"rfm.trancheui::xRFMxCU_TranchesObjectPage","properties":{"src":{"regex":{"source":"navigation\\-right\\-arrow"}}}},"wdio_ui5_key":"sapfe.templates.ObjectPage.ObjectPagesap.ui.core.Icon{\"src\":{\"regex\":{\"source\":\"navigation\\\\-right\\\\-arrow\"}}}"}]}
RESULT: undefined
COMMAND: POST /session/9fbfdb63ddc4f6337e0782d09dab6bad/execute/async - {"script":"<script> [21 bytes]","args":[{"selector":{"id":"rfm.trancheui::xRFMxCU_Tranches__TrancheObjectPage--fe::HeaderFacet::Form::headerFieldsGP1::DataField::TrancheNumber::Field-content"},"wdio_ui5_key":"rfmtrancheui::xRFMxCU_Tranches__TrancheObjectPage--fe::HeaderFacet::Form::headerFieldsGP1::DataField::TrancheNumber::Field-content"}]}
RESULT: {"script":"<script> [21 bytes]","args":[{"selector":{"id":"rfm.trancheui::xRFMxCU_Tranches__TrancheObjectPage--fe::HeaderFacet::Form::headerFieldsGP1::DataField::TrancheNumber::Field-content"},"wdio_ui5_key":"rfmtrancheui::xRFMxCU_Tranches__TrancheObjectPage--fe::HeaderFacet::Form::headerFieldsGP1::DataField::TrancheNumber::Field-content"}]}
RESULT: undefined
COMMAND: GET /session/9fbfdb63ddc4f6337e0782d09dab6bad/screenshot - {}
COMMAND: GET /session/9fbfdb63ddc4f6337e0782d09dab6bad/screenshot - {}
RESULT: {}
RESULT: {}
]]></system-out>
      <system-err><![CDATA[
Error: expect(received).toEqual(expected) // deep equality

Expected: "99"
Received: undefined
    at Context.<anonymous> (D:\a\1\s\test\specs\ABS\ABSTranches.spec.js:706:54)
]]></system-err>
    </testcase>
    <testcase classname="chrome.138_0_7204_184.windows.ABS_Tranches" name="Should check creation of a Tranche" time="0.627">
      <failure/>
      <error message="expect(received).toEqual(expected) // deep equality&#xA;&#xA;Expected: &quot;99&quot;&#xA;Received: undefined"/>
      <system-out><![CDATA[
RESULT: undefined
RESULT: undefined
RESULT: undefined
RESULT: undefined
RESULT: undefined
COMMAND: POST /session/9fbfdb63ddc4f6337e0782d09dab6bad/execute/async - {"script":"<script> [21 bytes]","args":[{"forceSelect":true,"selector":{"id":"rfm.trancheui::xRFMxCU_Tranches__TrancheObjectPage--fe::FooterBar::StandardAction::Apply","interaction":{"idSuffix":"BDI-content"}},"wdio_ui5_key":"rfmtrancheui::xRFMxCU_Tranches__TrancheObjectPage--fe::FooterBar::StandardAction::Apply"}]}
RESULT: {"script":"<script> [21 bytes]","args":[{"forceSelect":true,"selector":{"id":"rfm.trancheui::xRFMxCU_Tranches__TrancheObjectPage--fe::FooterBar::StandardAction::Apply","interaction":{"idSuffix":"BDI-content"}},"wdio_ui5_key":"rfmtrancheui::xRFMxCU_Tranches__TrancheObjectPage--fe::FooterBar::StandardAction::Apply"}]}
RESULT: undefined
RESULT: undefined
RESULT: undefined
RESULT: undefined
COMMAND: GET /session/9fbfdb63ddc4f6337e0782d09dab6bad/screenshot - {}
COMMAND: GET /session/9fbfdb63ddc4f6337e0782d09dab6bad/screenshot - {}
RESULT: {}
]]></system-out>
      <system-err><![CDATA[
Error: expect(received).toEqual(expected) // deep equality

Expected: "99"
Received: undefined
    at Context.<anonymous> (D:\a\1\s\test\specs\ABS\ABSTranches.spec.js:706:54)
]]></system-err>
    </testcase>
    <testcase classname="chrome.138_0_7204_184.windows.ABS_Tranches" name="Should check navigation to Subledger" time="62.306">
      <system-out><![CDATA[
[...]
COMMAND: POST /session/9fbfdb63ddc4f6337e0782d09dab6bad/elements - {"using":"css selector","value":"div[id='rfm.trancheui::xRFMxCU_TranchesObjectPage--fe::table::_Tranche::LineItem-innerTable-rowsel0']"}
RESULT: {"using":"css selector","value":"div[id='rfm.trancheui::xRFMxCU_TranchesObjectPage--fe::table::_Tranche::LineItem-innerTable-rowsel0']"}
COMMAND: POST /session/9fbfdb63ddc4f6337e0782d09dab6bad/elements - {"using":"css selector","value":"div[id='rfm.trancheui::xRFMxCU_TranchesObjectPage--fe::table::_Tranche::LineItem-innerTable-rowsel0']"}
RESULT: {"using":"css selector","value":"div[id='rfm.trancheui::xRFMxCU_TranchesObjectPage--fe::table::_Tranche::LineItem-innerTable-rowsel0']"}
COMMAND: POST /session/9fbfdb63ddc4f6337e0782d09dab6bad/elements - {"using":"css selector","value":"div[id='rfm.trancheui::xRFMxCU_TranchesObjectPage--fe::table::_Tranche::LineItem-innerTable-rowsel0']"}
RESULT: {"using":"css selector","value":"div[id='rfm.trancheui::xRFMxCU_TranchesObjectPage--fe::table::_Tranche::LineItem-innerTable-rowsel0']"}
COMMAND: POST /session/9fbfdb63ddc4f6337e0782d09dab6bad/elements - {"using":"css selector","value":"div[id='rfm.trancheui::xRFMxCU_TranchesObjectPage--fe::table::_Tranche::LineItem-innerTable-rowsel0']"}
RESULT: {"using":"css selector","value":"div[id='rfm.trancheui::xRFMxCU_TranchesObjectPage--fe::table::_Tranche::LineItem-innerTable-rowsel0']"}
COMMAND: POST /session/9fbfdb63ddc4f6337e0782d09dab6bad/elements - {"using":"css selector","value":"div[id='rfm.trancheui::xRFMxCU_TranchesObjectPage--fe::table::_Tranche::LineItem-innerTable-rowsel0']"}
RESULT: {"using":"css selector","value":"div[id='rfm.trancheui::xRFMxCU_TranchesObjectPage--fe::table::_Tranche::LineItem-innerTable-rowsel0']"}
COMMAND: POST /session/9fbfdb63ddc4f6337e0782d09dab6bad/elements - {"using":"css selector","value":"div[id='rfm.trancheui::xRFMxCU_TranchesObjectPage--fe::table::_Tranche::LineItem-innerTable-rowsel0']"}
RESULT: {"using":"css selector","value":"div[id='rfm.trancheui::xRFMxCU_TranchesObjectPage--fe::table::_Tranche::LineItem-innerTable-rowsel0']"}
COMMAND: POST /session/9fbfdb63ddc4f6337e0782d09dab6bad/elements - {"using":"css selector","value":"div[id='rfm.trancheui::xRFMxCU_TranchesObjectPage--fe::table::_Tranche::LineItem-innerTable-rowsel0']"}
RESULT: {"using":"css selector","value":"div[id='rfm.trancheui::xRFMxCU_TranchesObjectPage--fe::table::_Tranche::LineItem-innerTable-rowsel0']"}
COMMAND: POST /session/9fbfdb63ddc4f6337e0782d09dab6bad/elements - {"using":"css selector","value":"div[id='rfm.trancheui::xRFMxCU_TranchesObjectPage--fe::table::_Tranche::LineItem-innerTable-rowsel0']"}
RESULT: {"using":"css selector","value":"div[id='rfm.trancheui::xRFMxCU_TranchesObjectPage--fe::table::_Tranche::LineItem-innerTable-rowsel0']"}
COMMAND: POST /session/9fbfdb63ddc4f6337e0782d09dab6bad/elements - {"using":"css selector","value":"div[id='rfm.trancheui::xRFMxCU_TranchesObjectPage--fe::table::_Tranche::LineItem-innerTable-rowsel0']"}
RESULT: {"using":"css selector","value":"div[id='rfm.trancheui::xRFMxCU_TranchesObjectPage--fe::table::_Tranche::LineItem-innerTable-rowsel0']"}
COMMAND: POST /session/9fbfdb63ddc4f6337e0782d09dab6bad/elements - {"using":"css selector","value":"div[id='rfm.trancheui::xRFMxCU_TranchesObjectPage--fe::table::_Tranche::LineItem-innerTable-rowsel0']"}
RESULT: {"using":"css selector","value":"div[id='rfm.trancheui::xRFMxCU_TranchesObjectPage--fe::table::_Tranche::LineItem-innerTable-rowsel0']"}
COMMAND: POST /session/9fbfdb63ddc4f6337e0782d09dab6bad/elements - {"using":"css selector","value":"div[id='rfm.trancheui::xRFMxCU_TranchesObjectPage--fe::table::_Tranche::LineItem-innerTable-rowsel0']"}
RESULT: {"using":"css selector","value":"div[id='rfm.trancheui::xRFMxCU_TranchesObjectPage--fe::table::_Tranche::LineItem-innerTable-rowsel0']"}
COMMAND: POST /session/9fbfdb63ddc4f6337e0782d09dab6bad/elements - {"using":"css selector","value":"div[id='rfm.trancheui::xRFMxCU_TranchesObjectPage--fe::table::_Tranche::LineItem-innerTable-rowsel0']"}
RESULT: {"using":"css selector","value":"div[id='rfm.trancheui::xRFMxCU_TranchesObjectPage--fe::table::_Tranche::LineItem-innerTable-rowsel0']"}
COMMAND: POST /session/9fbfdb63ddc4f6337e0782d09dab6bad/elements - {"using":"css selector","value":"div[id='rfm.trancheui::xRFMxCU_TranchesObjectPage--fe::table::_Tranche::LineItem-innerTable-rowsel0']"}
RESULT: {"using":"css selector","value":"div[id='rfm.trancheui::xRFMxCU_TranchesObjectPage--fe::table::_Tranche::LineItem-innerTable-rowsel0']"}
COMMAND: POST /session/9fbfdb63ddc4f6337e0782d09dab6bad/elements - {"using":"css selector","value":"div[id='rfm.trancheui::xRFMxCU_TranchesObjectPage--fe::table::_Tranche::LineItem-innerTable-rowsel0']"}
RESULT: {"using":"css selector","value":"div[id='rfm.trancheui::xRFMxCU_TranchesObjectPage--fe::table::_Tranche::LineItem-innerTable-rowsel0']"}
COMMAND: POST /session/9fbfdb63ddc4f6337e0782d09dab6bad/elements - {"using":"css selector","value":"div[id='rfm.trancheui::xRFMxCU_TranchesObjectPage--fe::table::_Tranche::LineItem-innerTable-rowsel0']"}
RESULT: {"using":"css selector","value":"div[id='rfm.trancheui::xRFMxCU_TranchesObjectPage--fe::table::_Tranche::LineItem-innerTable-rowsel0']"}
COMMAND: POST /session/9fbfdb63ddc4f6337e0782d09dab6bad/elements - {"using":"css selector","value":"div[id='rfm.trancheui::xRFMxCU_TranchesObjectPage--fe::table::_Tranche::LineItem-innerTable-rowsel0']"}
RESULT: {"using":"css selector","value":"div[id='rfm.trancheui::xRFMxCU_TranchesObjectPage--fe::table::_Tranche::LineItem-innerTable-rowsel0']"}
COMMAND: POST /session/9fbfdb63ddc4f6337e0782d09dab6bad/elements - {"using":"css selector","value":"div[id='rfm.trancheui::xRFMxCU_TranchesObjectPage--fe::table::_Tranche::LineItem-innerTable-rowsel0']"}
RESULT: {"using":"css selector","value":"div[id='rfm.trancheui::xRFMxCU_TranchesObjectPage--fe::table::_Tranche::LineItem-innerTable-rowsel0']"}
COMMAND: POST /session/9fbfdb63ddc4f6337e0782d09dab6bad/elements - {"using":"css selector","value":"div[id='rfm.trancheui::xRFMxCU_TranchesObjectPage--fe::table::_Tranche::LineItem-innerTable-rowsel0']"}
RESULT: {"using":"css selector","value":"div[id='rfm.trancheui::xRFMxCU_TranchesObjectPage--fe::table::_Tranche::LineItem-innerTable-rowsel0']"}
COMMAND: POST /session/9fbfdb63ddc4f6337e0782d09dab6bad/elements - {"using":"css selector","value":"div[id='rfm.trancheui::xRFMxCU_TranchesObjectPage--fe::table::_Tranche::LineItem-innerTable-rowsel0']"}
RESULT: {"using":"css selector","value":"div[id='rfm.trancheui::xRFMxCU_TranchesObjectPage--fe::table::_Tranche::LineItem-innerTable-rowsel0']"}
COMMAND: POST /session/9fbfdb63ddc4f6337e0782d09dab6bad/elements - {"using":"css selector","value":"div[id='rfm.trancheui::xRFMxCU_TranchesObjectPage--fe::table::_Tranche::LineItem-innerTable-rowsel0']"}
RESULT: {"using":"css selector","value":"div[id='rfm.trancheui::xRFMxCU_TranchesObjectPage--fe::table::_Tranche::LineItem-innerTable-rowsel0']"}
COMMAND: POST /session/9fbfdb63ddc4f6337e0782d09dab6bad/elements - {"using":"css selector","value":"div[id='rfm.trancheui::xRFMxCU_TranchesObjectPage--fe::table::_Tranche::LineItem-innerTable-rowsel0']"}
RESULT: {"using":"css selector","value":"div[id='rfm.trancheui::xRFMxCU_TranchesObjectPage--fe::table::_Tranche::LineItem-innerTable-rowsel0']"}
COMMAND: POST /session/9fbfdb63ddc4f6337e0782d09dab6bad/elements - {"using":"css selector","value":"div[id='rfm.trancheui::xRFMxCU_TranchesObjectPage--fe::table::_Tranche::LineItem-innerTable-rowsel0']"}
RESULT: {"using":"css selector","value":"div[id='rfm.trancheui::xRFMxCU_TranchesObjectPage--fe::table::_Tranche::LineItem-innerTable-rowsel0']"}
COMMAND: POST /session/9fbfdb63ddc4f6337e0782d09dab6bad/elements - {"using":"css selector","value":"div[id='rfm.trancheui::xRFMxCU_TranchesObjectPage--fe::table::_Tranche::LineItem-innerTable-rowsel0']"}
RESULT: {"using":"css selector","value":"div[id='rfm.trancheui::xRFMxCU_TranchesObjectPage--fe::table::_Tranche::LineItem-innerTable-rowsel0']"}
COMMAND: POST /session/9fbfdb63ddc4f6337e0782d09dab6bad/elements - {"using":"css selector","value":"div[id='rfm.trancheui::xRFMxCU_TranchesObjectPage--fe::table::_Tranche::LineItem-innerTable-rowsel0']"}
RESULT: {"using":"css selector","value":"div[id='rfm.trancheui::xRFMxCU_TranchesObjectPage--fe::table::_Tranche::LineItem-innerTable-rowsel0']"}
COMMAND: POST /session/9fbfdb63ddc4f6337e0782d09dab6bad/elements - {"using":"css selector","value":"div[id='rfm.trancheui::xRFMxCU_TranchesObjectPage--fe::table::_Tranche::LineItem-innerTable-rowsel0']"}
RESULT: {"using":"css selector","value":"div[id='rfm.trancheui::xRFMxCU_TranchesObjectPage--fe::table::_Tranche::LineItem-innerTable-rowsel0']"}
COMMAND: POST /session/9fbfdb63ddc4f6337e0782d09dab6bad/elements - {"using":"css selector","value":"div[id='rfm.trancheui::xRFMxCU_TranchesObjectPage--fe::table::_Tranche::LineItem-innerTable-rowsel0']"}
RESULT: {"using":"css selector","value":"div[id='rfm.trancheui::xRFMxCU_TranchesObjectPage--fe::table::_Tranche::LineItem-innerTable-rowsel0']"}
COMMAND: POST /session/9fbfdb63ddc4f6337e0782d09dab6bad/elements - {"using":"css selector","value":"div[id='rfm.trancheui::xRFMxCU_TranchesObjectPage--fe::table::_Tranche::LineItem-innerTable-rowsel0']"}
RESULT: {"using":"css selector","value":"div[id='rfm.trancheui::xRFMxCU_TranchesObjectPage--fe::table::_Tranche::LineItem-innerTable-rowsel0']"}
COMMAND: POST /session/9fbfdb63ddc4f6337e0782d09dab6bad/elements - {"using":"css selector","value":"div[id='rfm.trancheui::xRFMxCU_TranchesObjectPage--fe::table::_Tranche::LineItem-innerTable-rowsel0']"}
RESULT: {"using":"css selector","value":"div[id='rfm.trancheui::xRFMxCU_TranchesObjectPage--fe::table::_Tranche::LineItem-innerTable-rowsel0']"}
COMMAND: POST /session/9fbfdb63ddc4f6337e0782d09dab6bad/elements - {"using":"css selector","value":"div[id='rfm.trancheui::xRFMxCU_TranchesObjectPage--fe::table::_Tranche::LineItem-innerTable-rowsel0']"}
RESULT: {"using":"css selector","value":"div[id='rfm.trancheui::xRFMxCU_TranchesObjectPage--fe::table::_Tranche::LineItem-innerTable-rowsel0']"}
COMMAND: POST /session/9fbfdb63ddc4f6337e0782d09dab6bad/elements - {"using":"css selector","value":"div[id='rfm.trancheui::xRFMxCU_TranchesObjectPage--fe::table::_Tranche::LineItem-innerTable-rowsel0']"}
RESULT: {"using":"css selector","value":"div[id='rfm.trancheui::xRFMxCU_TranchesObjectPage--fe::table::_Tranche::LineItem-innerTable-rowsel0']"}
COMMAND: POST /session/9fbfdb63ddc4f6337e0782d09dab6bad/elements - {"using":"css selector","value":"div[id='rfm.trancheui::xRFMxCU_TranchesObjectPage--fe::table::_Tranche::LineItem-innerTable-rowsel0']"}
RESULT: {"using":"css selector","value":"div[id='rfm.trancheui::xRFMxCU_TranchesObjectPage--fe::table::_Tranche::LineItem-innerTable-rowsel0']"}
COMMAND: POST /session/9fbfdb63ddc4f6337e0782d09dab6bad/elements - {"using":"css selector","value":"div[id='rfm.trancheui::xRFMxCU_TranchesObjectPage--fe::table::_Tranche::LineItem-innerTable-rowsel0']"}
RESULT: {"using":"css selector","value":"div[id='rfm.trancheui::xRFMxCU_TranchesObjectPage--fe::table::_Tranche::LineItem-innerTable-rowsel0']"}
COMMAND: POST /session/9fbfdb63ddc4f6337e0782d09dab6bad/elements - {"using":"css selector","value":"div[id='rfm.trancheui::xRFMxCU_TranchesObjectPage--fe::table::_Tranche::LineItem-innerTable-rowsel0']"}
RESULT: {"using":"css selector","value":"div[id='rfm.trancheui::xRFMxCU_TranchesObjectPage--fe::table::_Tranche::LineItem-innerTable-rowsel0']"}
COMMAND: POST /session/9fbfdb63ddc4f6337e0782d09dab6bad/elements - {"using":"css selector","value":"div[id='rfm.trancheui::xRFMxCU_TranchesObjectPage--fe::table::_Tranche::LineItem-innerTable-rowsel0']"}
RESULT: {"using":"css selector","value":"div[id='rfm.trancheui::xRFMxCU_TranchesObjectPage--fe::table::_Tranche::LineItem-innerTable-rowsel0']"}
COMMAND: POST /session/9fbfdb63ddc4f6337e0782d09dab6bad/elements - {"using":"css selector","value":"div[id='rfm.trancheui::xRFMxCU_TranchesObjectPage--fe::table::_Tranche::LineItem-innerTable-rowsel0']"}
RESULT: {"using":"css selector","value":"div[id='rfm.trancheui::xRFMxCU_TranchesObjectPage--fe::table::_Tranche::LineItem-innerTable-rowsel0']"}
COMMAND: POST /session/9fbfdb63ddc4f6337e0782d09dab6bad/elements - {"using":"css selector","value":"div[id='rfm.trancheui::xRFMxCU_TranchesObjectPage--fe::table::_Tranche::LineItem-innerTable-rowsel0']"}
RESULT: {"using":"css selector","value":"div[id='rfm.trancheui::xRFMxCU_TranchesObjectPage--fe::table::_Tranche::LineItem-innerTable-rowsel0']"}
COMMAND: POST /session/9fbfdb63ddc4f6337e0782d09dab6bad/elements - {"using":"css selector","value":"div[id='rfm.trancheui::xRFMxCU_TranchesObjectPage--fe::table::_Tranche::LineItem-innerTable-rowsel0']"}
RESULT: {"using":"css selector","value":"div[id='rfm.trancheui::xRFMxCU_TranchesObjectPage--fe::table::_Tranche::LineItem-innerTable-rowsel0']"}
COMMAND: POST /session/9fbfdb63ddc4f6337e0782d09dab6bad/elements - {"using":"css selector","value":"div[id='rfm.trancheui::xRFMxCU_TranchesObjectPage--fe::table::_Tranche::LineItem-innerTable-rowsel0']"}
RESULT: {"using":"css selector","value":"div[id='rfm.trancheui::xRFMxCU_TranchesObjectPage--fe::table::_Tranche::LineItem-innerTable-rowsel0']"}
COMMAND: POST /session/9fbfdb63ddc4f6337e0782d09dab6bad/elements - {"using":"css selector","value":"div[id='rfm.trancheui::xRFMxCU_TranchesObjectPage--fe::table::_Tranche::LineItem-innerTable-rowsel0']"}
RESULT: {"using":"css selector","value":"div[id='rfm.trancheui::xRFMxCU_TranchesObjectPage--fe::table::_Tranche::LineItem-innerTable-rowsel0']"}
COMMAND: POST /session/9fbfdb63ddc4f6337e0782d09dab6bad/elements - {"using":"css selector","value":"div[id='rfm.trancheui::xRFMxCU_TranchesObjectPage--fe::table::_Tranche::LineItem-innerTable-rowsel0']"}
RESULT: {"using":"css selector","value":"div[id='rfm.trancheui::xRFMxCU_TranchesObjectPage--fe::table::_Tranche::LineItem-innerTable-rowsel0']"}
COMMAND: POST /session/9fbfdb63ddc4f6337e0782d09dab6bad/elements - {"using":"css selector","value":"div[id='rfm.trancheui::xRFMxCU_TranchesObjectPage--fe::table::_Tranche::LineItem-innerTable-rowsel0']"}
RESULT: {"using":"css selector","value":"div[id='rfm.trancheui::xRFMxCU_TranchesObjectPage--fe::table::_Tranche::LineItem-innerTable-rowsel0']"}
COMMAND: POST /session/9fbfdb63ddc4f6337e0782d09dab6bad/elements - {"using":"css selector","value":"div[id='rfm.trancheui::xRFMxCU_TranchesObjectPage--fe::table::_Tranche::LineItem-innerTable-rowsel0']"}
RESULT: {"using":"css selector","value":"div[id='rfm.trancheui::xRFMxCU_TranchesObjectPage--fe::table::_Tranche::LineItem-innerTable-rowsel0']"}
COMMAND: POST /session/9fbfdb63ddc4f6337e0782d09dab6bad/elements - {"using":"css selector","value":"div[id='rfm.trancheui::xRFMxCU_TranchesObjectPage--fe::table::_Tranche::LineItem-innerTable-rowsel0']"}
RESULT: {"using":"css selector","value":"div[id='rfm.trancheui::xRFMxCU_TranchesObjectPage--fe::table::_Tranche::LineItem-innerTable-rowsel0']"}
COMMAND: POST /session/9fbfdb63ddc4f6337e0782d09dab6bad/elements - {"using":"css selector","value":"div[id='rfm.trancheui::xRFMxCU_TranchesObjectPage--fe::table::_Tranche::LineItem-innerTable-rowsel0']"}
RESULT: {"using":"css selector","value":"div[id='rfm.trancheui::xRFMxCU_TranchesObjectPage--fe::table::_Tranche::LineItem-innerTable-rowsel0']"}
COMMAND: POST /session/9fbfdb63ddc4f6337e0782d09dab6bad/elements - {"using":"css selector","value":"div[id='rfm.trancheui::xRFMxCU_TranchesObjectPage--fe::table::_Tranche::LineItem-innerTable-rowsel0']"}
RESULT: {"using":"css selector","value":"div[id='rfm.trancheui::xRFMxCU_TranchesObjectPage--fe::table::_Tranche::LineItem-innerTable-rowsel0']"}
COMMAND: POST /session/9fbfdb63ddc4f6337e0782d09dab6bad/elements - {"using":"css selector","value":"div[id='rfm.trancheui::xRFMxCU_TranchesObjectPage--fe::table::_Tranche::LineItem-innerTable-rowsel0']"}
RESULT: {"using":"css selector","value":"div[id='rfm.trancheui::xRFMxCU_TranchesObjectPage--fe::table::_Tranche::LineItem-innerTable-rowsel0']"}
COMMAND: POST /session/9fbfdb63ddc4f6337e0782d09dab6bad/elements - {"using":"css selector","value":"div[id='rfm.trancheui::xRFMxCU_TranchesObjectPage--fe::table::_Tranche::LineItem-innerTable-rowsel0']"}
RESULT: {"using":"css selector","value":"div[id='rfm.trancheui::xRFMxCU_TranchesObjectPage--fe::table::_Tranche::LineItem-innerTable-rowsel0']"}
COMMAND: POST /session/9fbfdb63ddc4f6337e0782d09dab6bad/elements - {"using":"css selector","value":"div[id='rfm.trancheui::xRFMxCU_TranchesObjectPage--fe::table::_Tranche::LineItem-innerTable-rowsel0']"}
RESULT: {"using":"css selector","value":"div[id='rfm.trancheui::xRFMxCU_TranchesObjectPage--fe::table::_Tranche::LineItem-innerTable-rowsel0']"}
COMMAND: POST /session/9fbfdb63ddc4f6337e0782d09dab6bad/elements - {"using":"css selector","value":"div[id='rfm.trancheui::xRFMxCU_TranchesObjectPage--fe::table::_Tranche::LineItem-innerTable-rowsel0']"}
RESULT: {"using":"css selector","value":"div[id='rfm.trancheui::xRFMxCU_TranchesObjectPage--fe::table::_Tranche::LineItem-innerTable-rowsel0']"}
COMMAND: POST /session/9fbfdb63ddc4f6337e0782d09dab6bad/elements - {"using":"css selector","value":"div[id='rfm.trancheui::xRFMxCU_TranchesObjectPage--fe::table::_Tranche::LineItem-innerTable-rowsel0']"}
RESULT: {"using":"css selector","value":"div[id='rfm.trancheui::xRFMxCU_TranchesObjectPage--fe::table::_Tranche::LineItem-innerTable-rowsel0']"}
COMMAND: POST /session/9fbfdb63ddc4f6337e0782d09dab6bad/elements - {"using":"css selector","value":"div[id='rfm.trancheui::xRFMxCU_TranchesObjectPage--fe::table::_Tranche::LineItem-innerTable-rowsel0']"}
RESULT: {"using":"css selector","value":"div[id='rfm.trancheui::xRFMxCU_TranchesObjectPage--fe::table::_Tranche::LineItem-innerTable-rowsel0']"}
COMMAND: POST /session/9fbfdb63ddc4f6337e0782d09dab6bad/elements - {"using":"css selector","value":"div[id='rfm.trancheui::xRFMxCU_TranchesObjectPage--fe::table::_Tranche::LineItem-innerTable-rowsel0']"}
RESULT: {"using":"css selector","value":"div[id='rfm.trancheui::xRFMxCU_TranchesObjectPage--fe::table::_Tranche::LineItem-innerTable-rowsel0']"}
COMMAND: POST /session/9fbfdb63ddc4f6337e0782d09dab6bad/elements - {"using":"css selector","value":"div[id='rfm.trancheui::xRFMxCU_TranchesObjectPage--fe::table::_Tranche::LineItem-innerTable-rowsel0']"}
RESULT: {"using":"css selector","value":"div[id='rfm.trancheui::xRFMxCU_TranchesObjectPage--fe::table::_Tranche::LineItem-innerTable-rowsel0']"}
COMMAND: POST /session/9fbfdb63ddc4f6337e0782d09dab6bad/elements - {"using":"css selector","value":"div[id='rfm.trancheui::xRFMxCU_TranchesObjectPage--fe::table::_Tranche::LineItem-innerTable-rowsel0']"}
RESULT: {"using":"css selector","value":"div[id='rfm.trancheui::xRFMxCU_TranchesObjectPage--fe::table::_Tranche::LineItem-innerTable-rowsel0']"}
COMMAND: POST /session/9fbfdb63ddc4f6337e0782d09dab6bad/elements - {"using":"css selector","value":"div[id='rfm.trancheui::xRFMxCU_TranchesObjectPage--fe::table::_Tranche::LineItem-innerTable-rowsel0']"}
RESULT: {"using":"css selector","value":"div[id='rfm.trancheui::xRFMxCU_TranchesObjectPage--fe::table::_Tranche::LineItem-innerTable-rowsel0']"}
COMMAND: GET /session/9fbfdb63ddc4f6337e0782d09dab6bad/screenshot - {}
COMMAND: GET /session/9fbfdb63ddc4f6337e0782d09dab6bad/screenshot - {}
RESULT: {}
RESULT: {}
COMMAND: DELETE /session/9fbfdb63ddc4f6337e0782d09dab6bad - {}
COMMAND: GET /session/9fbfdb63ddc4f6337e0782d09dab6bad/screenshot - {}
COMMAND: GET /session/9fbfdb63ddc4f6337e0782d09dab6bad/screenshot - {}
RESULT: {}
]]></system-out>
      <system-err><![CDATA[
Error: Can't call click on element with selector "div[id='rfm.trancheui::xRFMxCU_TranchesObjectPage--fe::table::_Tranche::LineItem-innerTable-rowsel0']" because element wasn't found
    at async Context.<anonymous> (D:\a\1\s\test\specs\ABS\ABSTranches.spec.js:796:13)
]]></system-err>
    </testcase>
  </testsuite>
</testsuites>