<?xml version="1.0" encoding="UTF-8"?>
<testsuites tests="12" failures="4" errors="4" skipped="4">
  <testsuite timestamp="2025-08-16T00:39:51" time="374.866" tests="12" failures="4" errors="4" skipped="4">
    <properties>
      <property name="specId" value="0"/>
      <property name="suiteName" value="Trigger"/>
      <property name="capabilities" value="chrome.139_0_7258_67.windows"/>
      <property name="file" value="file:///D:/a/1/s/test/specs/BusinessObjects/Trigger.spec.js"/>
    </properties>
    <testcase classname="chrome.139_0_7258_67.windows.Trigger" name="Should create Program" time="63.81">
      <system-out><![CDATA[
COMMAND: POST /session/256a5b7d5d0deed66f9917babbff5c88/execute/async - {"script":"<script> [21 bytes]","args":[{"selector":{"controlType":"sap.m.GenericTile","properties":{"header":"Funding Program"}},"wdio_ui5_key":"sapm.GenericTile{\"header\":\"Funding Program\"}"}]}
RESULT: {"script":"<script> [21 bytes]","args":[{"selector":{"controlType":"sap.m.GenericTile","properties":{"header":"Funding Program"}},"wdio_ui5_key":"sapm.GenericTile{\"header\":\"Funding Program\"}"}]}
RESULT: undefined
COMMAND: POST /session/256a5b7d5d0deed66f9917babbff5c88/element - {"using":"xpath","value":"//*[@id=\"__tile29\"]"}
RESULT: {"using":"xpath","value":"//*[@id=\"__tile29\"]"}
COMMAND: POST /session/256a5b7d5d0deed66f9917babbff5c88/element/f.BB468629E3F8F425FAAF9C7F497CB183.d.079E19E11B5E127D49721A85781F2254.e.78/click - {}
RESULT: {}
COMMAND: POST /session/256a5b7d5d0deed66f9917babbff5c88/execute/async - {"script":"<script> [21 bytes]","args":[{"selector":{"id":"rfm.programui::xRFMxCU_ProgramList--fe::table::allTab::LineItem::StandardAction::Create","controlType":"sap.m.Button"},"wdio_ui5_key":"rfmprogramui::xRFMxCU_ProgramList--fe::table::allTab::LineItem::StandardAction::Createsap.m.Button"}]}
COMMAND: GET /session/256a5b7d5d0deed66f9917babbff5c88/screenshot - {}
RESULT: {"script":"<script> [21 bytes]","args":[{"selector":{"id":"rfm.programui::xRFMxCU_ProgramList--fe::table::allTab::LineItem::StandardAction::Create","controlType":"sap.m.Button"},"wdio_ui5_key":"rfmprogramui::xRFMxCU_ProgramList--fe::table::allTab::LineItem::StandardAction::Createsap.m.Button"}]}
RESULT: undefined
COMMAND: POST /session/256a5b7d5d0deed66f9917babbff5c88/element - {"using":"xpath","value":"//*[@id=\"rfm.programui::xRFMxCU_ProgramList--fe::table::allTab::LineItem::StandardAction::Create\"]"}
RESULT: {}
RESULT: {"using":"xpath","value":"//*[@id=\"rfm.programui::xRFMxCU_ProgramList--fe::table::allTab::LineItem::StandardAction::Create\"]"}
COMMAND: POST /session/256a5b7d5d0deed66f9917babbff5c88/element/f.BB468629E3F8F425FAAF9C7F497CB183.d.079E19E11B5E127D49721A85781F2254.e.143/click - {}
RESULT: {}
COMMAND: POST /session/256a5b7d5d0deed66f9917babbff5c88/element - {"using":"css selector","value":"div.sapUiLocalBusyIndicator"}
COMMAND: GET /session/256a5b7d5d0deed66f9917babbff5c88/screenshot - {}
RESULT: {"using":"css selector","value":"div.sapUiLocalBusyIndicator"}
COMMAND: POST /session/256a5b7d5d0deed66f9917babbff5c88/execute/sync - {"script":"<script> [21 bytes]","args":[{"element-6066-11e4-a52e-4f735466cecf":"f.BB468629E3F8F425FAAF9C7F497CB183.d.079E19E11B5E127D49721A85781F2254.e.310","ELEMENT":"f.BB468629E3F8F425FAAF9C7F497CB183.d.079E19E11B5E127D49721A85781F2254.e.310"}]}
RESULT: {}
RESULT: {"script":"<script> [21 bytes]","args":[{"element-6066-11e4-a52e-4f735466cecf":"f.BB468629E3F8F425FAAF9C7F497CB183.d.079E19E11B5E127D49721A85781F2254.e.310","ELEMENT":"f.BB468629E3F8F425FAAF9C7F497CB183.d.079E19E11B5E127D49721A85781F2254.e.310"}]}
COMMAND: POST /session/256a5b7d5d0deed66f9917babbff5c88/execute/async - {"script":"<script> [21 bytes]","args":[{"selector":{"id":"CreateDialog::xRFMxCU_ProgramType::FundingScope-inner","searchOpenDialogs":true,"interaction":{"idSuffix":"inner"}},"wdio_ui5_key":"CreateDialogxRFMxCU_ProgramType::FundingScope-inner"}]}
COMMAND: GET /session/256a5b7d5d0deed66f9917babbff5c88/screenshot - {}
RESULT: {"script":"<script> [21 bytes]","args":[{"selector":{"id":"CreateDialog::xRFMxCU_ProgramType::FundingScope-inner","searchOpenDialogs":true,"interaction":{"idSuffix":"inner"}},"wdio_ui5_key":"CreateDialogxRFMxCU_ProgramType::FundingScope-inner"}]}
RESULT: undefined
COMMAND: POST /session/256a5b7d5d0deed66f9917babbff5c88/execute/async - {"script":"<script> [20 bytes]","args":[{"enterText":"Installment","selector":{"id":"CreateDialog::xRFMxCU_ProgramType::FundingScope-inner","searchOpenDialogs":true,"interaction":{"idSuffix":"inner"}},"clearTextFirst":true,"interactionType":"ENTER_TEXT"}]}
RESULT: {}
RESULT: {"script":"<script> [20 bytes]","args":[{"enterText":"Installment","selector":{"id":"CreateDialog::xRFMxCU_ProgramType::FundingScope-inner","searchOpenDialogs":true,"interaction":{"idSuffix":"inner"}},"clearTextFirst":true,"interactionType":"ENTER_TEXT"}]}
COMMAND: POST /session/256a5b7d5d0deed66f9917babbff5c88/element - {"using":"css selector","value":"div.sapUiLocalBusyIndicator"}
RESULT: {"using":"css selector","value":"div.sapUiLocalBusyIndicator"}
COMMAND: POST /session/256a5b7d5d0deed66f9917babbff5c88/execute/sync - {"script":"<script> [21 bytes]","args":[{"element-6066-11e4-a52e-4f735466cecf":"f.BB468629E3F8F425FAAF9C7F497CB183.d.079E19E11B5E127D49721A85781F2254.e.310","ELEMENT":"f.BB468629E3F8F425FAAF9C7F497CB183.d.079E19E11B5E127D49721A85781F2254.e.310"}]}
RESULT: {"script":"<script> [21 bytes]","args":[{"element-6066-11e4-a52e-4f735466cecf":"f.BB468629E3F8F425FAAF9C7F497CB183.d.079E19E11B5E127D49721A85781F2254.e.310","ELEMENT":"f.BB468629E3F8F425FAAF9C7F497CB183.d.079E19E11B5E127D49721A85781F2254.e.310"}]}
COMMAND: POST /session/256a5b7d5d0deed66f9917babbff5c88/execute/async - {"script":"<script> [21 bytes]","args":[{"selector":{"id":"CreateDialog::xRFMxCU_ProgramType::ValidFrom-inner","searchOpenDialogs":true,"interaction":{"idSuffix":"inner"}},"wdio_ui5_key":"CreateDialogxRFMxCU_ProgramType::ValidFrom-inner"}]}
COMMAND: GET /session/256a5b7d5d0deed66f9917babbff5c88/screenshot - {}
RESULT: {"script":"<script> [21 bytes]","args":[{"selector":{"id":"CreateDialog::xRFMxCU_ProgramType::ValidFrom-inner","searchOpenDialogs":true,"interaction":{"idSuffix":"inner"}},"wdio_ui5_key":"CreateDialogxRFMxCU_ProgramType::ValidFrom-inner"}]}
RESULT: undefined
COMMAND: POST /session/256a5b7d5d0deed66f9917babbff5c88/execute/async - {"script":"<script> [21 bytes]","args":[{"element-6066-11e4-a52e-4f735466cecf":"f.BB468629E3F8F425FAAF9C7F497CB183.d.079E19E11B5E127D49721A85781F2254.e.301"},"setValue",["2025-01-01"]]}
RESULT: {}
RESULT: {"script":"<script> [21 bytes]","args":[{"element-6066-11e4-a52e-4f735466cecf":"f.BB468629E3F8F425FAAF9C7F497CB183.d.079E19E11B5E127D49721A85781F2254.e.301"},"setValue",["2025-01-01"]]}
COMMAND: POST /session/256a5b7d5d0deed66f9917babbff5c88/element - {"using":"css selector","value":"div.sapUiLocalBusyIndicator"}
RESULT: {"using":"css selector","value":"div.sapUiLocalBusyIndicator"}
COMMAND: POST /session/256a5b7d5d0deed66f9917babbff5c88/execute/sync - {"script":"<script> [21 bytes]","args":[{"element-6066-11e4-a52e-4f735466cecf":"f.BB468629E3F8F425FAAF9C7F497CB183.d.079E19E11B5E127D49721A85781F2254.e.310","ELEMENT":"f.BB468629E3F8F425FAAF9C7F497CB183.d.079E19E11B5E127D49721A85781F2254.e.310"}]}
RESULT: {"script":"<script> [21 bytes]","args":[{"element-6066-11e4-a52e-4f735466cecf":"f.BB468629E3F8F425FAAF9C7F497CB183.d.079E19E11B5E127D49721A85781F2254.e.310","ELEMENT":"f.BB468629E3F8F425FAAF9C7F497CB183.d.079E19E11B5E127D49721A85781F2254.e.310"}]}
COMMAND: POST /session/256a5b7d5d0deed66f9917babbff5c88/execute/async - {"script":"<script> [21 bytes]","args":[{"selector":{"id":"CreateDialog::xRFMxCU_ProgramType::PortfolioId-inner","searchOpenDialogs":true,"interaction":{"idSuffix":"inner"}},"wdio_ui5_key":"CreateDialogxRFMxCU_ProgramType::PortfolioId-inner"}]}
COMMAND: GET /session/256a5b7d5d0deed66f9917babbff5c88/screenshot - {}
RESULT: {"script":"<script> [21 bytes]","args":[{"selector":{"id":"CreateDialog::xRFMxCU_ProgramType::PortfolioId-inner","searchOpenDialogs":true,"interaction":{"idSuffix":"inner"}},"wdio_ui5_key":"CreateDialogxRFMxCU_ProgramType::PortfolioId-inner"}]}
RESULT: undefined
COMMAND: POST /session/256a5b7d5d0deed66f9917babbff5c88/execute/async - {"script":"<script> [20 bytes]","args":[{"enterText":"1","selector":{"id":"CreateDialog::xRFMxCU_ProgramType::PortfolioId-inner","searchOpenDialogs":true,"interaction":{"idSuffix":"inner"}},"clearTextFirst":true,"interactionType":"ENTER_TEXT"}]}
RESULT: {}
RESULT: {"script":"<script> [20 bytes]","args":[{"enterText":"1","selector":{"id":"CreateDialog::xRFMxCU_ProgramType::PortfolioId-inner","searchOpenDialogs":true,"interaction":{"idSuffix":"inner"}},"clearTextFirst":true,"interactionType":"ENTER_TEXT"}]}
COMMAND: POST /session/256a5b7d5d0deed66f9917babbff5c88/element - {"using":"css selector","value":"div.sapUiLocalBusyIndicator"}
RESULT: {"using":"css selector","value":"div.sapUiLocalBusyIndicator"}
COMMAND: POST /session/256a5b7d5d0deed66f9917babbff5c88/execute/sync - {"script":"<script> [21 bytes]","args":[{"element-6066-11e4-a52e-4f735466cecf":"f.BB468629E3F8F425FAAF9C7F497CB183.d.079E19E11B5E127D49721A85781F2254.e.310","ELEMENT":"f.BB468629E3F8F425FAAF9C7F497CB183.d.079E19E11B5E127D49721A85781F2254.e.310"}]}
RESULT: {"script":"<script> [21 bytes]","args":[{"element-6066-11e4-a52e-4f735466cecf":"f.BB468629E3F8F425FAAF9C7F497CB183.d.079E19E11B5E127D49721A85781F2254.e.310","ELEMENT":"f.BB468629E3F8F425FAAF9C7F497CB183.d.079E19E11B5E127D49721A85781F2254.e.310"}]}
COMMAND: POST /session/256a5b7d5d0deed66f9917babbff5c88/execute/async - {"script":"<script> [21 bytes]","args":[{"selector":{"controlType":"sap.m.Button","viewName":"sap.fe.templates.ObjectPage.ObjectPage","viewId":"rfm.programui::xRFMxCU_ProgramObjectPage","properties":{"text":"Continue"},"searchOpenDialogs":true,"interaction":{"idSuffix":"BDI-content"}},"wdio_ui5_key":"sapfe.templates.ObjectPage.ObjectPagesap.m.Button{\"text\":\"Continue\"}"}]}
COMMAND: GET /session/256a5b7d5d0deed66f9917babbff5c88/screenshot - {}
RESULT: {"script":"<script> [21 bytes]","args":[{"selector":{"controlType":"sap.m.Button","viewName":"sap.fe.templates.ObjectPage.ObjectPage","viewId":"rfm.programui::xRFMxCU_ProgramObjectPage","properties":{"text":"Continue"},"searchOpenDialogs":true,"interaction":{"idSuffix":"BDI-content"}},"wdio_ui5_key":"sapfe.templates.ObjectPage.ObjectPagesap.m.Button{\"text\":\"Continue\"}"}]}
RESULT: undefined
COMMAND: POST /session/256a5b7d5d0deed66f9917babbff5c88/element - {"using":"xpath","value":"//*[@id=\"__button187\"]"}
RESULT: {}
RESULT: {"using":"xpath","value":"//*[@id=\"__button187\"]"}
COMMAND: POST /session/256a5b7d5d0deed66f9917babbff5c88/element/f.BB468629E3F8F425FAAF9C7F497CB183.d.079E19E11B5E127D49721A85781F2254.e.316/click - {}
RESULT: {}
COMMAND: POST /session/256a5b7d5d0deed66f9917babbff5c88/element - {"using":"css selector","value":"div.sapUiLocalBusyIndicator"}
COMMAND: GET /session/256a5b7d5d0deed66f9917babbff5c88/screenshot - {}
RESULT: {"using":"css selector","value":"div.sapUiLocalBusyIndicator"}
COMMAND: POST /session/256a5b7d5d0deed66f9917babbff5c88/execute/sync - {"script":"<script> [21 bytes]","args":[{"element-6066-11e4-a52e-4f735466cecf":"f.BB468629E3F8F425FAAF9C7F497CB183.d.079E19E11B5E127D49721A85781F2254.e.310","ELEMENT":"f.BB468629E3F8F425FAAF9C7F497CB183.d.079E19E11B5E127D49721A85781F2254.e.310"}]}
RESULT: {}
COMMAND: POST /session/256a5b7d5d0deed66f9917babbff5c88/element - {"using":"css selector","value":"div.sapUiLocalBusyIndicator"}
RESULT: {"using":"css selector","value":"div.sapUiLocalBusyIndicator"}
COMMAND: POST /session/256a5b7d5d0deed66f9917babbff5c88/element - {"using":"css selector","value":"div.sapUiLocalBusyIndicator"}
RESULT: {"using":"css selector","value":"div.sapUiLocalBusyIndicator"}
COMMAND: POST /session/256a5b7d5d0deed66f9917babbff5c88/execute/async - {"script":"<script> [21 bytes]","args":[{"selector":{"id":"rfm.programui::xRFMxCU_ProgramObjectPage--fe::CustomSubSection::CustomDetailsSection--fe::FormContainer::FieldGroup::basicData1::FormElement::DataField::Currency::Field-edit-inner","interaction":{"idSuffix":"inner"}},"wdio_ui5_key":"rfmprogramui::xRFMxCU_ProgramObjectPage--fe::CustomSubSection::CustomDetailsSection--fe::FormContainer::FieldGroup::basicData1::FormElement::DataField::Currency::Field-edit-inner"}]}
RESULT: {"script":"<script> [21 bytes]","args":[{"selector":{"id":"rfm.programui::xRFMxCU_ProgramObjectPage--fe::CustomSubSection::CustomDetailsSection--fe::FormContainer::FieldGroup::basicData1::FormElement::DataField::Currency::Field-edit-inner","interaction":{"idSuffix":"inner"}},"wdio_ui5_key":"rfmprogramui::xRFMxCU_ProgramObjectPage--fe::CustomSubSection::CustomDetailsSection--fe::FormContainer::FieldGroup::basicData1::FormElement::DataField::Currency::Field-edit-inner"}]}
RESULT: undefined
COMMAND: POST /session/256a5b7d5d0deed66f9917babbff5c88/execute/async - {"script":"<script> [20 bytes]","args":[{"enterText":"EUR","selector":{"id":"rfm.programui::xRFMxCU_ProgramObjectPage--fe::CustomSubSection::CustomDetailsSection--fe::FormContainer::FieldGroup::basicData1::FormElement::DataField::Currency::Field-edit-inner","interaction":{"idSuffix":"inner"}},"clearTextFirst":true,"interactionType":"ENTER_TEXT"}]}
RESULT: {"script":"<script> [20 bytes]","args":[{"enterText":"EUR","selector":{"id":"rfm.programui::xRFMxCU_ProgramObjectPage--fe::CustomSubSection::CustomDetailsSection--fe::FormContainer::FieldGroup::basicData1::FormElement::DataField::Currency::Field-edit-inner","interaction":{"idSuffix":"inner"}},"clearTextFirst":true,"interactionType":"ENTER_TEXT"}]}
COMMAND: POST /session/256a5b7d5d0deed66f9917babbff5c88/element - {"using":"css selector","value":"div.sapUiLocalBusyIndicator"}
RESULT: {"using":"css selector","value":"div.sapUiLocalBusyIndicator"}
COMMAND: POST /session/256a5b7d5d0deed66f9917babbff5c88/element - {"using":"css selector","value":"div.sapUiLocalBusyIndicator"}
RESULT: {"using":"css selector","value":"div.sapUiLocalBusyIndicator"}
COMMAND: POST /session/256a5b7d5d0deed66f9917babbff5c88/execute/async - {"script":"<script> [21 bytes]","args":[{"selector":{"id":"rfm.programui::xRFMxCU_ProgramObjectPage--fe::CustomSubSection::CustomDetailsSection--fe::FormContainer::FieldGroup::basicData1::FormElement::DataField::Volume::Field-edit-inner","interaction":{"idSuffix":"inner"}},"wdio_ui5_key":"rfmprogramui::xRFMxCU_ProgramObjectPage--fe::CustomSubSection::CustomDetailsSection--fe::FormContainer::FieldGroup::basicData1::FormElement::DataField::Volume::Field-edit-inner"}]}
RESULT: {"script":"<script> [21 bytes]","args":[{"selector":{"id":"rfm.programui::xRFMxCU_ProgramObjectPage--fe::CustomSubSection::CustomDetailsSection--fe::FormContainer::FieldGroup::basicData1::FormElement::DataField::Volume::Field-edit-inner","interaction":{"idSuffix":"inner"}},"wdio_ui5_key":"rfmprogramui::xRFMxCU_ProgramObjectPage--fe::CustomSubSection::CustomDetailsSection--fe::FormContainer::FieldGroup::basicData1::FormElement::DataField::Volume::Field-edit-inner"}]}
RESULT: undefined
COMMAND: POST /session/256a5b7d5d0deed66f9917babbff5c88/execute/async - {"script":"<script> [20 bytes]","args":[{"enterText":"1,000,000,000.00","selector":{"id":"rfm.programui::xRFMxCU_ProgramObjectPage--fe::CustomSubSection::CustomDetailsSection--fe::FormContainer::FieldGroup::basicData1::FormElement::DataField::Volume::Field-edit-inner","interaction":{"idSuffix":"inner"}},"clearTextFirst":true,"interactionType":"ENTER_TEXT"}]}
RESULT: {"script":"<script> [20 bytes]","args":[{"enterText":"1,000,000,000.00","selector":{"id":"rfm.programui::xRFMxCU_ProgramObjectPage--fe::CustomSubSection::CustomDetailsSection--fe::FormContainer::FieldGroup::basicData1::FormElement::DataField::Volume::Field-edit-inner","interaction":{"idSuffix":"inner"}},"clearTextFirst":true,"interactionType":"ENTER_TEXT"}]}
COMMAND: POST /session/256a5b7d5d0deed66f9917babbff5c88/element - {"using":"css selector","value":"div.sapUiLocalBusyIndicator"}
RESULT: {"using":"css selector","value":"div.sapUiLocalBusyIndicator"}
COMMAND: POST /session/256a5b7d5d0deed66f9917babbff5c88/element - {"using":"css selector","value":"div.sapUiLocalBusyIndicator"}
RESULT: {"using":"css selector","value":"div.sapUiLocalBusyIndicator"}
COMMAND: POST /session/256a5b7d5d0deed66f9917babbff5c88/execute/async - {"script":"<script> [21 bytes]","args":[{"selector":{"id":"rfm.programui::xRFMxCU_ProgramObjectPage--fe::CustomSubSection::CustomDetailsSection--fe::FormContainer::FieldGroup::basicData1::FormElement::DataField::ValidTo::Field-edit","interaction":{"idSuffix":"inner"}},"wdio_ui5_key":"rfmprogramui::xRFMxCU_ProgramObjectPage--fe::CustomSubSection::CustomDetailsSection--fe::FormContainer::FieldGroup::basicData1::FormElement::DataField::ValidTo::Field-edit"}]}
RESULT: {"script":"<script> [21 bytes]","args":[{"selector":{"id":"rfm.programui::xRFMxCU_ProgramObjectPage--fe::CustomSubSection::CustomDetailsSection--fe::FormContainer::FieldGroup::basicData1::FormElement::DataField::ValidTo::Field-edit","interaction":{"idSuffix":"inner"}},"wdio_ui5_key":"rfmprogramui::xRFMxCU_ProgramObjectPage--fe::CustomSubSection::CustomDetailsSection--fe::FormContainer::FieldGroup::basicData1::FormElement::DataField::ValidTo::Field-edit"}]}
RESULT: undefined
COMMAND: POST /session/256a5b7d5d0deed66f9917babbff5c88/execute/async - {"script":"<script> [21 bytes]","args":[{"element-6066-11e4-a52e-4f735466cecf":"f.BB468629E3F8F425FAAF9C7F497CB183.d.079E19E11B5E127D49721A85781F2254.e.355"},"setValue",["2027-12-31"]]}
RESULT: {"script":"<script> [21 bytes]","args":[{"element-6066-11e4-a52e-4f735466cecf":"f.BB468629E3F8F425FAAF9C7F497CB183.d.079E19E11B5E127D49721A85781F2254.e.355"},"setValue",["2027-12-31"]]}
COMMAND: POST /session/256a5b7d5d0deed66f9917babbff5c88/element - {"using":"css selector","value":"div.sapUiLocalBusyIndicator"}
RESULT: {"using":"css selector","value":"div.sapUiLocalBusyIndicator"}
COMMAND: POST /session/256a5b7d5d0deed66f9917babbff5c88/element - {"using":"css selector","value":"div.sapUiLocalBusyIndicator"}
RESULT: {"using":"css selector","value":"div.sapUiLocalBusyIndicator"}
COMMAND: POST /session/256a5b7d5d0deed66f9917babbff5c88/execute/async - {"script":"<script> [21 bytes]","args":[{"selector":{"id":"rfm.programui::xRFMxCU_ProgramObjectPage--fe::CustomSubSection::CustomDetailsSection--fe::FormContainer::FieldGroup::basicData2::FormElement::DataField::CompanyCode::Field-edit-inner","interaction":{"idSuffix":"inner"}},"wdio_ui5_key":"rfmprogramui::xRFMxCU_ProgramObjectPage--fe::CustomSubSection::CustomDetailsSection--fe::FormContainer::FieldGroup::basicData2::FormElement::DataField::CompanyCode::Field-edit-inner"}]}
RESULT: {"script":"<script> [21 bytes]","args":[{"selector":{"id":"rfm.programui::xRFMxCU_ProgramObjectPage--fe::CustomSubSection::CustomDetailsSection--fe::FormContainer::FieldGroup::basicData2::FormElement::DataField::CompanyCode::Field-edit-inner","interaction":{"idSuffix":"inner"}},"wdio_ui5_key":"rfmprogramui::xRFMxCU_ProgramObjectPage--fe::CustomSubSection::CustomDetailsSection--fe::FormContainer::FieldGroup::basicData2::FormElement::DataField::CompanyCode::Field-edit-inner"}]}
RESULT: undefined
COMMAND: POST /session/256a5b7d5d0deed66f9917babbff5c88/execute/async - {"script":"<script> [20 bytes]","args":[{"enterText":"BearingPoint (0001)","selector":{"id":"rfm.programui::xRFMxCU_ProgramObjectPage--fe::CustomSubSection::CustomDetailsSection--fe::FormContainer::FieldGroup::basicData2::FormElement::DataField::CompanyCode::Field-edit-inner","interaction":{"idSuffix":"inner"}},"clearTextFirst":true,"interactionType":"ENTER_TEXT"}]}
RESULT: {"script":"<script> [20 bytes]","args":[{"enterText":"BearingPoint (0001)","selector":{"id":"rfm.programui::xRFMxCU_ProgramObjectPage--fe::CustomSubSection::CustomDetailsSection--fe::FormContainer::FieldGroup::basicData2::FormElement::DataField::CompanyCode::Field-edit-inner","interaction":{"idSuffix":"inner"}},"clearTextFirst":true,"interactionType":"ENTER_TEXT"}]}
COMMAND: POST /session/256a5b7d5d0deed66f9917babbff5c88/element - {"using":"css selector","value":"div.sapUiLocalBusyIndicator"}
RESULT: {"using":"css selector","value":"div.sapUiLocalBusyIndicator"}
COMMAND: POST /session/256a5b7d5d0deed66f9917babbff5c88/element - {"using":"css selector","value":"div.sapUiLocalBusyIndicator"}
RESULT: {"using":"css selector","value":"div.sapUiLocalBusyIndicator"}
COMMAND: POST /session/256a5b7d5d0deed66f9917babbff5c88/execute/async - {"script":"<script> [21 bytes]","args":[{"selector":{"id":"rfm.programui::xRFMxCU_ProgramObjectPage--fe::CustomSubSection::CustomDetailsSection--DetailsFundingTypesTable-content::StandardAction::Create","interaction":{"idSuffix":"BDI-content"}},"wdio_ui5_key":"rfmprogramui::xRFMxCU_ProgramObjectPage--fe::CustomSubSection::CustomDetailsSection--DetailsFundingTypesTable-content::StandardAction::Create"}]}
RESULT: {"script":"<script> [21 bytes]","args":[{"selector":{"id":"rfm.programui::xRFMxCU_ProgramObjectPage--fe::CustomSubSection::CustomDetailsSection--DetailsFundingTypesTable-content::StandardAction::Create","interaction":{"idSuffix":"BDI-content"}},"wdio_ui5_key":"rfmprogramui::xRFMxCU_ProgramObjectPage--fe::CustomSubSection::CustomDetailsSection--DetailsFundingTypesTable-content::StandardAction::Create"}]}
RESULT: undefined
COMMAND: POST /session/256a5b7d5d0deed66f9917babbff5c88/element - {"using":"xpath","value":"//*[@id=\"rfm.programui::xRFMxCU_ProgramObjectPage--fe::CustomSubSection::CustomDetailsSection--DetailsFundingTypesTable-content::StandardAction::Create\"]"}
RESULT: {"using":"xpath","value":"//*[@id=\"rfm.programui::xRFMxCU_ProgramObjectPage--fe::CustomSubSection::CustomDetailsSection--DetailsFundingTypesTable-content::StandardAction::Create\"]"}
COMMAND: POST /session/256a5b7d5d0deed66f9917babbff5c88/element/f.BB468629E3F8F425FAAF9C7F497CB183.d.079E19E11B5E127D49721A85781F2254.e.369/click - {}
RESULT: {}
COMMAND: POST /session/256a5b7d5d0deed66f9917babbff5c88/element - {"using":"css selector","value":"div.sapUiLocalBusyIndicator"}
COMMAND: GET /session/256a5b7d5d0deed66f9917babbff5c88/screenshot - {}
RESULT: {"using":"css selector","value":"div.sapUiLocalBusyIndicator"}
COMMAND: POST /session/256a5b7d5d0deed66f9917babbff5c88/execute/sync - {"script":"<script> [21 bytes]","args":[{"element-6066-11e4-a52e-4f735466cecf":"f.BB468629E3F8F425FAAF9C7F497CB183.d.079E19E11B5E127D49721A85781F2254.e.502","ELEMENT":"f.BB468629E3F8F425FAAF9C7F497CB183.d.079E19E11B5E127D49721A85781F2254.e.502"}]}
RESULT: {}
RESULT: {"script":"<script> [21 bytes]","args":[{"element-6066-11e4-a52e-4f735466cecf":"f.BB468629E3F8F425FAAF9C7F497CB183.d.079E19E11B5E127D49721A85781F2254.e.502","ELEMENT":"f.BB468629E3F8F425FAAF9C7F497CB183.d.079E19E11B5E127D49721A85781F2254.e.502"}]}
COMMAND: POST /session/256a5b7d5d0deed66f9917babbff5c88/execute/async - {"script":"<script> [21 bytes]","args":[{"selector":{"id":"CreateDialog::xRFMxCU_ProgramFundingTypeType::FundingType-inner","searchOpenDialogs":true,"interaction":{"idSuffix":"inner"}},"wdio_ui5_key":"CreateDialogxRFMxCU_ProgramFundingTypeType::FundingType-inner"}]}
COMMAND: GET /session/256a5b7d5d0deed66f9917babbff5c88/screenshot - {}
RESULT: {"script":"<script> [21 bytes]","args":[{"selector":{"id":"CreateDialog::xRFMxCU_ProgramFundingTypeType::FundingType-inner","searchOpenDialogs":true,"interaction":{"idSuffix":"inner"}},"wdio_ui5_key":"CreateDialogxRFMxCU_ProgramFundingTypeType::FundingType-inner"}]}
RESULT: undefined
COMMAND: POST /session/256a5b7d5d0deed66f9917babbff5c88/execute/async - {"script":"<script> [20 bytes]","args":[{"enterText":"30","selector":{"id":"CreateDialog::xRFMxCU_ProgramFundingTypeType::FundingType-inner","searchOpenDialogs":true,"interaction":{"idSuffix":"inner"}},"clearTextFirst":true,"interactionType":"ENTER_TEXT"}]}
RESULT: {}
RESULT: {"script":"<script> [20 bytes]","args":[{"enterText":"30","selector":{"id":"CreateDialog::xRFMxCU_ProgramFundingTypeType::FundingType-inner","searchOpenDialogs":true,"interaction":{"idSuffix":"inner"}},"clearTextFirst":true,"interactionType":"ENTER_TEXT"}]}
COMMAND: POST /session/256a5b7d5d0deed66f9917babbff5c88/element - {"using":"css selector","value":"div.sapUiLocalBusyIndicator"}
RESULT: {"using":"css selector","value":"div.sapUiLocalBusyIndicator"}
COMMAND: POST /session/256a5b7d5d0deed66f9917babbff5c88/execute/sync - {"script":"<script> [21 bytes]","args":[{"element-6066-11e4-a52e-4f735466cecf":"f.BB468629E3F8F425FAAF9C7F497CB183.d.079E19E11B5E127D49721A85781F2254.e.502","ELEMENT":"f.BB468629E3F8F425FAAF9C7F497CB183.d.079E19E11B5E127D49721A85781F2254.e.502"}]}
RESULT: {"script":"<script> [21 bytes]","args":[{"element-6066-11e4-a52e-4f735466cecf":"f.BB468629E3F8F425FAAF9C7F497CB183.d.079E19E11B5E127D49721A85781F2254.e.502","ELEMENT":"f.BB468629E3F8F425FAAF9C7F497CB183.d.079E19E11B5E127D49721A85781F2254.e.502"}]}
COMMAND: POST /session/256a5b7d5d0deed66f9917babbff5c88/execute/async - {"script":"<script> [21 bytes]","args":[{"selector":{"id":"CreateDialog::xRFMxCU_Program::_AllowedFundingType-footer","searchOpenDialogs":true},"wdio_ui5_key":"CreateDialogxRFMxCU_Program::_AllowedFundingType-footer"}]}
COMMAND: GET /session/256a5b7d5d0deed66f9917babbff5c88/screenshot - {}
RESULT: {"script":"<script> [21 bytes]","args":[{"selector":{"id":"CreateDialog::xRFMxCU_Program::_AllowedFundingType-footer","searchOpenDialogs":true},"wdio_ui5_key":"CreateDialogxRFMxCU_Program::_AllowedFundingType-footer"}]}
RESULT: undefined
COMMAND: POST /session/256a5b7d5d0deed66f9917babbff5c88/element - {"using":"xpath","value":"//*[@id=\"CreateDialog::xRFMxCU_Program::_AllowedFundingType-footer\"]"}
RESULT: {}
RESULT: {"using":"xpath","value":"//*[@id=\"CreateDialog::xRFMxCU_Program::_AllowedFundingType-footer\"]"}
COMMAND: POST /session/256a5b7d5d0deed66f9917babbff5c88/element/f.BB468629E3F8F425FAAF9C7F497CB183.d.079E19E11B5E127D49721A85781F2254.e.507/click - {}
RESULT: {}
COMMAND: POST /session/256a5b7d5d0deed66f9917babbff5c88/element - {"using":"css selector","value":"div.sapUiLocalBusyIndicator"}
COMMAND: GET /session/256a5b7d5d0deed66f9917babbff5c88/screenshot - {}
RESULT: {"using":"css selector","value":"div.sapUiLocalBusyIndicator"}
COMMAND: POST /session/256a5b7d5d0deed66f9917babbff5c88/execute/sync - {"script":"<script> [21 bytes]","args":[{"element-6066-11e4-a52e-4f735466cecf":"f.BB468629E3F8F425FAAF9C7F497CB183.d.079E19E11B5E127D49721A85781F2254.e.502","ELEMENT":"f.BB468629E3F8F425FAAF9C7F497CB183.d.079E19E11B5E127D49721A85781F2254.e.502"}]}
RESULT: {}
RESULT: {"script":"<script> [21 bytes]","args":[{"element-6066-11e4-a52e-4f735466cecf":"f.BB468629E3F8F425FAAF9C7F497CB183.d.079E19E11B5E127D49721A85781F2254.e.502","ELEMENT":"f.BB468629E3F8F425FAAF9C7F497CB183.d.079E19E11B5E127D49721A85781F2254.e.502"}]}
COMMAND: POST /session/256a5b7d5d0deed66f9917babbff5c88/execute/async - {"script":"<script> [21 bytes]","args":[{"forceSelect":true,"selector":{"controlType":"sap.m.Button","viewName":"sap.fe.templates.ObjectPage.ObjectPage","viewId":"rfm.programui::xRFMxCU_Program__AllowedFundingTypeObjectPage","properties":{"text":"Continue"},"searchOpenDialogs":true,"interaction":{"idSuffix":"content"}},"wdio_ui5_key":"sapfe.templates.ObjectPage.ObjectPagesap.m.Button{\"text\":\"Continue\"}"}]}
COMMAND: GET /session/256a5b7d5d0deed66f9917babbff5c88/screenshot - {}
RESULT: {"script":"<script> [21 bytes]","args":[{"forceSelect":true,"selector":{"controlType":"sap.m.Button","viewName":"sap.fe.templates.ObjectPage.ObjectPage","viewId":"rfm.programui::xRFMxCU_Program__AllowedFundingTypeObjectPage","properties":{"text":"Continue"},"searchOpenDialogs":true,"interaction":{"idSuffix":"content"}},"wdio_ui5_key":"sapfe.templates.ObjectPage.ObjectPagesap.m.Button{\"text\":\"Continue\"}"}]}
RESULT: undefined
COMMAND: POST /session/256a5b7d5d0deed66f9917babbff5c88/element - {"using":"xpath","value":"//*[@id=\"__button199\"]"}
RESULT: {}
RESULT: {"using":"xpath","value":"//*[@id=\"__button199\"]"}
COMMAND: POST /session/256a5b7d5d0deed66f9917babbff5c88/element/f.BB468629E3F8F425FAAF9C7F497CB183.d.079E19E11B5E127D49721A85781F2254.e.509/click - {}
RESULT: {}
COMMAND: POST /session/256a5b7d5d0deed66f9917babbff5c88/execute/async - {"script":"<script> [21 bytes]","args":[{"selector":{"id":"rfm.programui::xRFMxCU_Program__AllowedFundingTypeObjectPage--fe::FooterBar::_fc"},"wdio_ui5_key":"rfmprogramui::xRFMxCU_Program__AllowedFundingTypeObjectPage--fe::FooterBar::_fc"}]}
COMMAND: GET /session/256a5b7d5d0deed66f9917babbff5c88/screenshot - {}
RESULT: {"script":"<script> [21 bytes]","args":[{"selector":{"id":"rfm.programui::xRFMxCU_Program__AllowedFundingTypeObjectPage--fe::FooterBar::_fc"},"wdio_ui5_key":"rfmprogramui::xRFMxCU_Program__AllowedFundingTypeObjectPage--fe::FooterBar::_fc"}]}
RESULT: undefined
COMMAND: POST /session/256a5b7d5d0deed66f9917babbff5c88/element - {"using":"xpath","value":"//*[@id=\"rfm.programui::xRFMxCU_Program__AllowedFundingTypeObjectPage--fe::FooterBar::_fc\"]"}
RESULT: {}
RESULT: {"using":"xpath","value":"//*[@id=\"rfm.programui::xRFMxCU_Program__AllowedFundingTypeObjectPage--fe::FooterBar::_fc\"]"}
COMMAND: POST /session/256a5b7d5d0deed66f9917babbff5c88/element/f.BB468629E3F8F425FAAF9C7F497CB183.d.079E19E11B5E127D49721A85781F2254.e.515/click - {}
RESULT: {}
COMMAND: GET /session/256a5b7d5d0deed66f9917babbff5c88/screenshot - {}
RESULT: {}
COMMAND: POST /session/256a5b7d5d0deed66f9917babbff5c88/execute/async - {"script":"<script> [21 bytes]","args":[{"forceSelect":true,"selector":{"id":"rfm.programui::xRFMxCU_Program__AllowedFundingTypeObjectPage--fe::FooterBar::StandardAction::Apply"},"wdio_ui5_key":"rfmprogramui::xRFMxCU_Program__AllowedFundingTypeObjectPage--fe::FooterBar::StandardAction::Apply"}]}
RESULT: {"script":"<script> [21 bytes]","args":[{"forceSelect":true,"selector":{"id":"rfm.programui::xRFMxCU_Program__AllowedFundingTypeObjectPage--fe::FooterBar::StandardAction::Apply"},"wdio_ui5_key":"rfmprogramui::xRFMxCU_Program__AllowedFundingTypeObjectPage--fe::FooterBar::StandardAction::Apply"}]}
RESULT: undefined
COMMAND: POST /session/256a5b7d5d0deed66f9917babbff5c88/element - {"using":"xpath","value":"//*[@id=\"rfm.programui::xRFMxCU_Program__AllowedFundingTypeObjectPage--fe::FooterBar::StandardAction::Apply\"]"}
RESULT: {"using":"xpath","value":"//*[@id=\"rfm.programui::xRFMxCU_Program__AllowedFundingTypeObjectPage--fe::FooterBar::StandardAction::Apply\"]"}
COMMAND: POST /session/256a5b7d5d0deed66f9917babbff5c88/element/f.BB468629E3F8F425FAAF9C7F497CB183.d.079E19E11B5E127D49721A85781F2254.e.499/click - {}
RESULT: {}
COMMAND: GET /session/256a5b7d5d0deed66f9917babbff5c88/screenshot - {}
RESULT: {}
COMMAND: POST /session/256a5b7d5d0deed66f9917babbff5c88/execute/async - {"script":"<script> [21 bytes]","args":[{"selector":{"id":"rfm.programui::xRFMxCU_ProgramObjectPage--fe::ObjectPage-anchBar-rfm.programui::xRFMxCU_ProgramObjectPage--fe::EditableHeaderSection-anchor","interaction":{"idSuffix":"text"}},"wdio_ui5_key":"rfmprogramui::xRFMxCU_ProgramObjectPage--fe::ObjectPage-anchBar-rfm.programui::xRFMxCU_ProgramObjectPage--fe::EditableHeaderSection-anchor"}]}
RESULT: {"script":"<script> [21 bytes]","args":[{"selector":{"id":"rfm.programui::xRFMxCU_ProgramObjectPage--fe::ObjectPage-anchBar-rfm.programui::xRFMxCU_ProgramObjectPage--fe::EditableHeaderSection-anchor","interaction":{"idSuffix":"text"}},"wdio_ui5_key":"rfmprogramui::xRFMxCU_ProgramObjectPage--fe::ObjectPage-anchBar-rfm.programui::xRFMxCU_ProgramObjectPage--fe::EditableHeaderSection-anchor"}]}
RESULT: undefined
COMMAND: POST /session/256a5b7d5d0deed66f9917babbff5c88/element - {"using":"xpath","value":"//*[@id=\"rfm.programui::xRFMxCU_ProgramObjectPage--fe::ObjectPage-anchBar-rfm.programui::xRFMxCU_ProgramObjectPage--fe::EditableHeaderSection-anchor\"]"}
RESULT: {"using":"xpath","value":"//*[@id=\"rfm.programui::xRFMxCU_ProgramObjectPage--fe::ObjectPage-anchBar-rfm.programui::xRFMxCU_ProgramObjectPage--fe::EditableHeaderSection-anchor\"]"}
COMMAND: POST /session/256a5b7d5d0deed66f9917babbff5c88/element/f.BB468629E3F8F425FAAF9C7F497CB183.d.079E19E11B5E127D49721A85781F2254.e.567/click - {}
RESULT: {}
COMMAND: POST /session/256a5b7d5d0deed66f9917babbff5c88/element - {"using":"css selector","value":"div.sapUiLocalBusyIndicator"}
COMMAND: GET /session/256a5b7d5d0deed66f9917babbff5c88/screenshot - {}
RESULT: {"using":"css selector","value":"div.sapUiLocalBusyIndicator"}
COMMAND: POST /session/256a5b7d5d0deed66f9917babbff5c88/element - {"using":"css selector","value":"div.sapUiLocalBusyIndicator"}
RESULT: {}
RESULT: {"using":"css selector","value":"div.sapUiLocalBusyIndicator"}
COMMAND: POST /session/256a5b7d5d0deed66f9917babbff5c88/execute/async - {"script":"<script> [21 bytes]","args":[{"selector":{"id":"rfm.programui::xRFMxCU_ProgramObjectPage--fe::HeaderFacet::FormContainer::headerFieldsGP1::FormElement::DataField::Name::Field-edit","interaction":{"idSuffix":"inner"}},"wdio_ui5_key":"rfmprogramui::xRFMxCU_ProgramObjectPage--fe::HeaderFacet::FormContainer::headerFieldsGP1::FormElement::DataField::Name::Field-edit"}]}
RESULT: {"script":"<script> [21 bytes]","args":[{"selector":{"id":"rfm.programui::xRFMxCU_ProgramObjectPage--fe::HeaderFacet::FormContainer::headerFieldsGP1::FormElement::DataField::Name::Field-edit","interaction":{"idSuffix":"inner"}},"wdio_ui5_key":"rfmprogramui::xRFMxCU_ProgramObjectPage--fe::HeaderFacet::FormContainer::headerFieldsGP1::FormElement::DataField::Name::Field-edit"}]}
RESULT: undefined
COMMAND: POST /session/256a5b7d5d0deed66f9917babbff5c88/execute/async - {"script":"<script> [20 bytes]","args":[{"enterText":"WDIO_Trigger_2025-08-16","selector":{"id":"rfm.programui::xRFMxCU_ProgramObjectPage--fe::HeaderFacet::FormContainer::headerFieldsGP1::FormElement::DataField::Name::Field-edit","interaction":{"idSuffix":"inner"}},"clearTextFirst":true,"interactionType":"ENTER_TEXT"}]}
RESULT: {"script":"<script> [20 bytes]","args":[{"enterText":"WDIO_Trigger_2025-08-16","selector":{"id":"rfm.programui::xRFMxCU_ProgramObjectPage--fe::HeaderFacet::FormContainer::headerFieldsGP1::FormElement::DataField::Name::Field-edit","interaction":{"idSuffix":"inner"}},"clearTextFirst":true,"interactionType":"ENTER_TEXT"}]}
COMMAND: POST /session/256a5b7d5d0deed66f9917babbff5c88/element - {"using":"css selector","value":"div.sapUiLocalBusyIndicator"}
RESULT: {"using":"css selector","value":"div.sapUiLocalBusyIndicator"}
COMMAND: POST /session/256a5b7d5d0deed66f9917babbff5c88/element - {"using":"css selector","value":"div.sapUiLocalBusyIndicator"}
RESULT: {"using":"css selector","value":"div.sapUiLocalBusyIndicator"}
COMMAND: POST /session/256a5b7d5d0deed66f9917babbff5c88/execute/async - {"script":"<script> [21 bytes]","args":[{"selector":{"id":"rfm.programui::xRFMxCU_ProgramObjectPage--fe::FooterBar::StandardAction::Save","interaction":{"idSuffix":"BDI-content"}},"wdio_ui5_key":"rfmprogramui::xRFMxCU_ProgramObjectPage--fe::FooterBar::StandardAction::Save"}]}
RESULT: {"script":"<script> [21 bytes]","args":[{"selector":{"id":"rfm.programui::xRFMxCU_ProgramObjectPage--fe::FooterBar::StandardAction::Save","interaction":{"idSuffix":"BDI-content"}},"wdio_ui5_key":"rfmprogramui::xRFMxCU_ProgramObjectPage--fe::FooterBar::StandardAction::Save"}]}
RESULT: undefined
COMMAND: POST /session/256a5b7d5d0deed66f9917babbff5c88/element - {"using":"xpath","value":"//*[@id=\"rfm.programui::xRFMxCU_ProgramObjectPage--fe::FooterBar::StandardAction::Save\"]"}
RESULT: {"using":"xpath","value":"//*[@id=\"rfm.programui::xRFMxCU_ProgramObjectPage--fe::FooterBar::StandardAction::Save\"]"}
COMMAND: POST /session/256a5b7d5d0deed66f9917babbff5c88/element/f.BB468629E3F8F425FAAF9C7F497CB183.d.079E19E11B5E127D49721A85781F2254.e.424/click - {}
RESULT: {}
COMMAND: POST /session/256a5b7d5d0deed66f9917babbff5c88/element - {"using":"css selector","value":"div.sapUiLocalBusyIndicator"}
COMMAND: GET /session/256a5b7d5d0deed66f9917babbff5c88/screenshot - {}
RESULT: {"using":"css selector","value":"div.sapUiLocalBusyIndicator"}
COMMAND: POST /session/256a5b7d5d0deed66f9917babbff5c88/execute/sync - {"script":"<script> [21 bytes]","args":[{"element-6066-11e4-a52e-4f735466cecf":"f.BB468629E3F8F425FAAF9C7F497CB183.d.079E19E11B5E127D49721A85781F2254.e.575","ELEMENT":"f.BB468629E3F8F425FAAF9C7F497CB183.d.079E19E11B5E127D49721A85781F2254.e.575"}]}
RESULT: {}
RESULT: {"script":"<script> [21 bytes]","args":[{"element-6066-11e4-a52e-4f735466cecf":"f.BB468629E3F8F425FAAF9C7F497CB183.d.079E19E11B5E127D49721A85781F2254.e.575","ELEMENT":"f.BB468629E3F8F425FAAF9C7F497CB183.d.079E19E11B5E127D49721A85781F2254.e.575"}]}
COMMAND: POST /session/256a5b7d5d0deed66f9917babbff5c88/execute/async - {"script":"<script> [21 bytes]","args":[{"selector":{"id":"rfm.programui::xRFMxCU_ProgramObjectPage--fe::HeaderFacet::Form::headerFieldsGP1::DataField::ProgramId::Field-content"},"wdio_ui5_key":"rfmprogramui::xRFMxCU_ProgramObjectPage--fe::HeaderFacet::Form::headerFieldsGP1::DataField::ProgramId::Field-content"}]}
COMMAND: GET /session/256a5b7d5d0deed66f9917babbff5c88/screenshot - {}
RESULT: {"script":"<script> [21 bytes]","args":[{"selector":{"id":"rfm.programui::xRFMxCU_ProgramObjectPage--fe::HeaderFacet::Form::headerFieldsGP1::DataField::ProgramId::Field-content"},"wdio_ui5_key":"rfmprogramui::xRFMxCU_ProgramObjectPage--fe::HeaderFacet::Form::headerFieldsGP1::DataField::ProgramId::Field-content"}]}
RESULT: undefined
COMMAND: POST /session/256a5b7d5d0deed66f9917babbff5c88/execute/async - {"script":"<script> [21 bytes]","args":[{"element-6066-11e4-a52e-4f735466cecf":"f.BB468629E3F8F425FAAF9C7F497CB183.d.079E19E11B5E127D49721A85781F2254.e.584"},"getText",[]]}
RESULT: {}
RESULT: {"script":"<script> [21 bytes]","args":[{"element-6066-11e4-a52e-4f735466cecf":"f.BB468629E3F8F425FAAF9C7F497CB183.d.079E19E11B5E127D49721A85781F2254.e.584"},"getText",[]]}
COMMAND: POST /session/256a5b7d5d0deed66f9917babbff5c88/element - {"using":"css selector","value":"div.sapUiLocalBusyIndicator"}
RESULT: {"using":"css selector","value":"div.sapUiLocalBusyIndicator"}
COMMAND: POST /session/256a5b7d5d0deed66f9917babbff5c88/element - {"using":"css selector","value":"div.sapUiLocalBusyIndicator"}
RESULT: {"using":"css selector","value":"div.sapUiLocalBusyIndicator"}
COMMAND: POST /session/256a5b7d5d0deed66f9917babbff5c88/execute/async - {"script":"<script> [21 bytes]","args":[{"selector":{"id":"rfm.programui::xRFMxCU_ProgramObjectPage--fe::DataFieldForAction::com.sap.gateway.srvd.rfm.ui_program.v0001.Open::com.sap.gateway.srvd.rfm.ui_program.v0001.xRFMxCU_ProgramType","interaction":{"idSuffix":"BDI-content"}},"wdio_ui5_key":"rfmprogramui::xRFMxCU_ProgramObjectPage--fe::DataFieldForAction::com.sap.gateway.srvd.rfm.ui_program.v0001.Open::com.sap.gateway.srvd.rfm.ui_program.v0001.xRFMxCU_ProgramType"}]}
RESULT: {"script":"<script> [21 bytes]","args":[{"selector":{"id":"rfm.programui::xRFMxCU_ProgramObjectPage--fe::DataFieldForAction::com.sap.gateway.srvd.rfm.ui_program.v0001.Open::com.sap.gateway.srvd.rfm.ui_program.v0001.xRFMxCU_ProgramType","interaction":{"idSuffix":"BDI-content"}},"wdio_ui5_key":"rfmprogramui::xRFMxCU_ProgramObjectPage--fe::DataFieldForAction::com.sap.gateway.srvd.rfm.ui_program.v0001.Open::com.sap.gateway.srvd.rfm.ui_program.v0001.xRFMxCU_ProgramType"}]}
RESULT: undefined
COMMAND: POST /session/256a5b7d5d0deed66f9917babbff5c88/element - {"using":"xpath","value":"//*[@id=\"rfm.programui::xRFMxCU_ProgramObjectPage--fe::DataFieldForAction::com.sap.gateway.srvd.rfm.ui_program.v0001.Open::com.sap.gateway.srvd.rfm.ui_program.v0001.xRFMxCU_ProgramType\"]"}
RESULT: {"using":"xpath","value":"//*[@id=\"rfm.programui::xRFMxCU_ProgramObjectPage--fe::DataFieldForAction::com.sap.gateway.srvd.rfm.ui_program.v0001.Open::com.sap.gateway.srvd.rfm.ui_program.v0001.xRFMxCU_ProgramType\"]"}
COMMAND: POST /session/256a5b7d5d0deed66f9917babbff5c88/element/f.BB468629E3F8F425FAAF9C7F497CB183.d.079E19E11B5E127D49721A85781F2254.e.347/click - {}
RESULT: {}
COMMAND: POST /session/256a5b7d5d0deed66f9917babbff5c88/element - {"using":"css selector","value":"div.sapUiLocalBusyIndicator"}
COMMAND: GET /session/256a5b7d5d0deed66f9917babbff5c88/screenshot - {}
RESULT: {"using":"css selector","value":"div.sapUiLocalBusyIndicator"}
COMMAND: POST /session/256a5b7d5d0deed66f9917babbff5c88/element - {"using":"css selector","value":"div.sapUiLocalBusyIndicator"}
RESULT: {}
RESULT: {"using":"css selector","value":"div.sapUiLocalBusyIndicator"}
COMMAND: POST /session/256a5b7d5d0deed66f9917babbff5c88/execute/async - {"script":"<script> [21 bytes]","args":[{"selector":{"controlType":"sap.m.Button","properties":{"text":"OK"},"searchOpenDialogs":true,"interaction":{"idSuffix":"BDI-content"}},"wdio_ui5_key":"sapm.Button{\"text\":\"OK\"}"}]}
RESULT: {"script":"<script> [21 bytes]","args":[{"selector":{"controlType":"sap.m.Button","properties":{"text":"OK"},"searchOpenDialogs":true,"interaction":{"idSuffix":"BDI-content"}},"wdio_ui5_key":"sapm.Button{\"text\":\"OK\"}"}]}
RESULT: undefined
COMMAND: POST /session/256a5b7d5d0deed66f9917babbff5c88/element - {"using":"xpath","value":"//*[@id=\"__mbox-btn-0\"]"}
RESULT: {"using":"xpath","value":"//*[@id=\"__mbox-btn-0\"]"}
COMMAND: POST /session/256a5b7d5d0deed66f9917babbff5c88/element/f.BB468629E3F8F425FAAF9C7F497CB183.d.079E19E11B5E127D49721A85781F2254.e.587/click - {}
RESULT: {}
COMMAND: POST /session/256a5b7d5d0deed66f9917babbff5c88/element - {"using":"css selector","value":"div.sapUiLocalBusyIndicator"}
COMMAND: GET /session/256a5b7d5d0deed66f9917babbff5c88/screenshot - {}
RESULT: {"using":"css selector","value":"div.sapUiLocalBusyIndicator"}
COMMAND: POST /session/256a5b7d5d0deed66f9917babbff5c88/element - {"using":"css selector","value":"div.sapUiLocalBusyIndicator"}
RESULT: {}
RESULT: {"using":"css selector","value":"div.sapUiLocalBusyIndicator"}
COMMAND: POST /session/256a5b7d5d0deed66f9917babbff5c88/execute/async - {"script":"<script> [21 bytes]","args":[{"selector":{"id":"backBtn"},"wdio_ui5_key":"backBtn"}]}
RESULT: {"script":"<script> [21 bytes]","args":[{"selector":{"id":"backBtn"},"wdio_ui5_key":"backBtn"}]}
RESULT: undefined
COMMAND: POST /session/256a5b7d5d0deed66f9917babbff5c88/element - {"using":"xpath","value":"//*[@id=\"backBtn\"]"}
RESULT: {"using":"xpath","value":"//*[@id=\"backBtn\"]"}
COMMAND: POST /session/256a5b7d5d0deed66f9917babbff5c88/element/f.BB468629E3F8F425FAAF9C7F497CB183.d.079E19E11B5E127D49721A85781F2254.e.592/click - {}
RESULT: {}
COMMAND: GET /session/256a5b7d5d0deed66f9917babbff5c88/screenshot - {}
RESULT: {}
COMMAND: POST /session/256a5b7d5d0deed66f9917babbff5c88/element/f.BB468629E3F8F425FAAF9C7F497CB183.d.079E19E11B5E127D49721A85781F2254.e.592/click - {}
COMMAND: GET /session/256a5b7d5d0deed66f9917babbff5c88/screenshot - {}
]]></system-out>
    </testcase>
    <testcase classname="chrome.139_0_7258_67.windows.Trigger" name="Should create Transaction" time="44.973">
      <system-out><![CDATA[
COMMAND: POST /session/256a5b7d5d0deed66f9917babbff5c88/execute/async - {"script":"<script> [21 bytes]","args":[{"selector":{"controlType":"sap.m.GenericTile","properties":{"header":"Funding Transaction"}},"wdio_ui5_key":"sapm.GenericTile{\"header\":\"Funding Transaction\"}"}]}
RESULT: {}
COMMAND: GET /session/256a5b7d5d0deed66f9917babbff5c88/screenshot - {}
RESULT: {}
RESULT: {"script":"<script> [21 bytes]","args":[{"selector":{"controlType":"sap.m.GenericTile","properties":{"header":"Funding Transaction"}},"wdio_ui5_key":"sapm.GenericTile{\"header\":\"Funding Transaction\"}"}]}
RESULT: undefined
COMMAND: POST /session/256a5b7d5d0deed66f9917babbff5c88/element - {"using":"xpath","value":"//*[@id=\"__tile30\"]"}
RESULT: {}
RESULT: {"using":"xpath","value":"//*[@id=\"__tile30\"]"}
COMMAND: POST /session/256a5b7d5d0deed66f9917babbff5c88/element/f.BB468629E3F8F425FAAF9C7F497CB183.d.079E19E11B5E127D49721A85781F2254.e.682/click - {}
RESULT: {}
COMMAND: POST /session/256a5b7d5d0deed66f9917babbff5c88/execute/async - {"script":"<script> [21 bytes]","args":[{"selector":{"id":"rfm.transactionui::xRFMxCU_TransactionList--fe::table::allTab::LineItem::StandardAction::Create","controlType":"sap.m.Button"},"wdio_ui5_key":"rfmtransactionui::xRFMxCU_TransactionList--fe::table::allTab::LineItem::StandardAction::Createsap.m.Button"}]}
COMMAND: GET /session/256a5b7d5d0deed66f9917babbff5c88/screenshot - {}
RESULT: {"script":"<script> [21 bytes]","args":[{"selector":{"id":"rfm.transactionui::xRFMxCU_TransactionList--fe::table::allTab::LineItem::StandardAction::Create","controlType":"sap.m.Button"},"wdio_ui5_key":"rfmtransactionui::xRFMxCU_TransactionList--fe::table::allTab::LineItem::StandardAction::Createsap.m.Button"}]}
RESULT: undefined
COMMAND: POST /session/256a5b7d5d0deed66f9917babbff5c88/element - {"using":"xpath","value":"//*[@id=\"rfm.transactionui::xRFMxCU_TransactionList--fe::table::allTab::LineItem::StandardAction::Create\"]"}
RESULT: {}
RESULT: {"using":"xpath","value":"//*[@id=\"rfm.transactionui::xRFMxCU_TransactionList--fe::table::allTab::LineItem::StandardAction::Create\"]"}
COMMAND: POST /session/256a5b7d5d0deed66f9917babbff5c88/element/f.BB468629E3F8F425FAAF9C7F497CB183.d.079E19E11B5E127D49721A85781F2254.e.740/click - {}
RESULT: {}
COMMAND: POST /session/256a5b7d5d0deed66f9917babbff5c88/element - {"using":"css selector","value":"div.sapUiLocalBusyIndicator"}
COMMAND: GET /session/256a5b7d5d0deed66f9917babbff5c88/screenshot - {}
RESULT: {"using":"css selector","value":"div.sapUiLocalBusyIndicator"}
COMMAND: POST /session/256a5b7d5d0deed66f9917babbff5c88/execute/sync - {"script":"<script> [21 bytes]","args":[{"element-6066-11e4-a52e-4f735466cecf":"f.BB468629E3F8F425FAAF9C7F497CB183.d.079E19E11B5E127D49721A85781F2254.e.925","ELEMENT":"f.BB468629E3F8F425FAAF9C7F497CB183.d.079E19E11B5E127D49721A85781F2254.e.925"}]}
RESULT: {}
RESULT: {"script":"<script> [21 bytes]","args":[{"element-6066-11e4-a52e-4f735466cecf":"f.BB468629E3F8F425FAAF9C7F497CB183.d.079E19E11B5E127D49721A85781F2254.e.925","ELEMENT":"f.BB468629E3F8F425FAAF9C7F497CB183.d.079E19E11B5E127D49721A85781F2254.e.925"}]}
COMMAND: POST /session/256a5b7d5d0deed66f9917babbff5c88/execute/async - {"script":"<script> [21 bytes]","args":[{"selector":{"id":"CreateDialog::xRFMxCU_TransactionType::ProgramId-inner-vhi","searchOpenDialogs":true},"wdio_ui5_key":"CreateDialogxRFMxCU_TransactionType::ProgramId-inner-vhi"}]}
COMMAND: GET /session/256a5b7d5d0deed66f9917babbff5c88/screenshot - {}
RESULT: {"script":"<script> [21 bytes]","args":[{"selector":{"id":"CreateDialog::xRFMxCU_TransactionType::ProgramId-inner-vhi","searchOpenDialogs":true},"wdio_ui5_key":"CreateDialogxRFMxCU_TransactionType::ProgramId-inner-vhi"}]}
RESULT: undefined
COMMAND: POST /session/256a5b7d5d0deed66f9917babbff5c88/element - {"using":"xpath","value":"//*[@id=\"CreateDialog::xRFMxCU_TransactionType::ProgramId-inner-vhi\"]"}
RESULT: {}
RESULT: {"using":"xpath","value":"//*[@id=\"CreateDialog::xRFMxCU_TransactionType::ProgramId-inner-vhi\"]"}
COMMAND: POST /session/256a5b7d5d0deed66f9917babbff5c88/element/f.BB468629E3F8F425FAAF9C7F497CB183.d.079E19E11B5E127D49721A85781F2254.e.929/click - {}
RESULT: {}
COMMAND: POST /session/256a5b7d5d0deed66f9917babbff5c88/element - {"using":"css selector","value":"div.sapUiLocalBusyIndicator"}
COMMAND: GET /session/256a5b7d5d0deed66f9917babbff5c88/screenshot - {}
RESULT: {"using":"css selector","value":"div.sapUiLocalBusyIndicator"}
COMMAND: POST /session/256a5b7d5d0deed66f9917babbff5c88/execute/sync - {"script":"<script> [21 bytes]","args":[{"element-6066-11e4-a52e-4f735466cecf":"f.BB468629E3F8F425FAAF9C7F497CB183.d.079E19E11B5E127D49721A85781F2254.e.925","ELEMENT":"f.BB468629E3F8F425FAAF9C7F497CB183.d.079E19E11B5E127D49721A85781F2254.e.925"}]}
RESULT: {}
RESULT: {"script":"<script> [21 bytes]","args":[{"element-6066-11e4-a52e-4f735466cecf":"f.BB468629E3F8F425FAAF9C7F497CB183.d.079E19E11B5E127D49721A85781F2254.e.925","ELEMENT":"f.BB468629E3F8F425FAAF9C7F497CB183.d.079E19E11B5E127D49721A85781F2254.e.925"}]}
COMMAND: POST /session/256a5b7d5d0deed66f9917babbff5c88/execute/async - {"script":"<script> [21 bytes]","args":[{"selector":{"id":"ProgramId::VH::Dialog::qualifier::-search-inner","searchOpenDialogs":true,"interaction":{"idSuffix":"I"}},"wdio_ui5_key":"ProgramIdVH::Dialog::qualifier::-search-inner"}]}
COMMAND: GET /session/256a5b7d5d0deed66f9917babbff5c88/screenshot - {}
RESULT: {"script":"<script> [21 bytes]","args":[{"selector":{"id":"ProgramId::VH::Dialog::qualifier::-search-inner","searchOpenDialogs":true,"interaction":{"idSuffix":"I"}},"wdio_ui5_key":"ProgramIdVH::Dialog::qualifier::-search-inner"}]}
RESULT: undefined
COMMAND: POST /session/256a5b7d5d0deed66f9917babbff5c88/execute/async - {"script":"<script> [20 bytes]","args":[{"enterText":"*1673*","selector":{"id":"ProgramId::VH::Dialog::qualifier::-search-inner","searchOpenDialogs":true,"interaction":{"idSuffix":"I"}},"clearTextFirst":true,"interactionType":"ENTER_TEXT"}]}
RESULT: {}
RESULT: {"script":"<script> [20 bytes]","args":[{"enterText":"*1673*","selector":{"id":"ProgramId::VH::Dialog::qualifier::-search-inner","searchOpenDialogs":true,"interaction":{"idSuffix":"I"}},"clearTextFirst":true,"interactionType":"ENTER_TEXT"}]}
COMMAND: POST /session/256a5b7d5d0deed66f9917babbff5c88/element - {"using":"css selector","value":"div.sapUiLocalBusyIndicator"}
RESULT: {"using":"css selector","value":"div.sapUiLocalBusyIndicator"}
COMMAND: POST /session/256a5b7d5d0deed66f9917babbff5c88/execute/sync - {"script":"<script> [21 bytes]","args":[{"element-6066-11e4-a52e-4f735466cecf":"f.BB468629E3F8F425FAAF9C7F497CB183.d.079E19E11B5E127D49721A85781F2254.e.925","ELEMENT":"f.BB468629E3F8F425FAAF9C7F497CB183.d.079E19E11B5E127D49721A85781F2254.e.925"}]}
RESULT: {"script":"<script> [21 bytes]","args":[{"element-6066-11e4-a52e-4f735466cecf":"f.BB468629E3F8F425FAAF9C7F497CB183.d.079E19E11B5E127D49721A85781F2254.e.925","ELEMENT":"f.BB468629E3F8F425FAAF9C7F497CB183.d.079E19E11B5E127D49721A85781F2254.e.925"}]}
COMMAND: POST /session/256a5b7d5d0deed66f9917babbff5c88/execute/async - {"script":"<script> [21 bytes]","args":[{"selector":{"id":"ProgramId::VH::Dialog::qualifier::::Table-innerTable-rows-row0","searchOpenDialogs":true},"wdio_ui5_key":"ProgramIdVH::Dialog::qualifier::::Table-innerTable-rows-row0"}]}
COMMAND: GET /session/256a5b7d5d0deed66f9917babbff5c88/screenshot - {}
RESULT: {"script":"<script> [21 bytes]","args":[{"selector":{"id":"ProgramId::VH::Dialog::qualifier::::Table-innerTable-rows-row0","searchOpenDialogs":true},"wdio_ui5_key":"ProgramIdVH::Dialog::qualifier::::Table-innerTable-rows-row0"}]}
RESULT: undefined
COMMAND: POST /session/256a5b7d5d0deed66f9917babbff5c88/element - {"using":"xpath","value":"//*[@id=\"ProgramId::VH::Dialog::qualifier::::Table-innerTable-rows-row0\"]"}
RESULT: {}
RESULT: {"using":"xpath","value":"//*[@id=\"ProgramId::VH::Dialog::qualifier::::Table-innerTable-rows-row0\"]"}
COMMAND: POST /session/256a5b7d5d0deed66f9917babbff5c88/element/f.BB468629E3F8F425FAAF9C7F497CB183.d.079E19E11B5E127D49721A85781F2254.e.938/click - {}
RESULT: {}
COMMAND: POST /session/256a5b7d5d0deed66f9917babbff5c88/element - {"using":"css selector","value":"div.sapUiLocalBusyIndicator"}
COMMAND: GET /session/256a5b7d5d0deed66f9917babbff5c88/screenshot - {}
RESULT: {"using":"css selector","value":"div.sapUiLocalBusyIndicator"}
COMMAND: POST /session/256a5b7d5d0deed66f9917babbff5c88/execute/sync - {"script":"<script> [21 bytes]","args":[{"element-6066-11e4-a52e-4f735466cecf":"f.BB468629E3F8F425FAAF9C7F497CB183.d.079E19E11B5E127D49721A85781F2254.e.925","ELEMENT":"f.BB468629E3F8F425FAAF9C7F497CB183.d.079E19E11B5E127D49721A85781F2254.e.925"}]}
RESULT: {}
RESULT: {"script":"<script> [21 bytes]","args":[{"element-6066-11e4-a52e-4f735466cecf":"f.BB468629E3F8F425FAAF9C7F497CB183.d.079E19E11B5E127D49721A85781F2254.e.925","ELEMENT":"f.BB468629E3F8F425FAAF9C7F497CB183.d.079E19E11B5E127D49721A85781F2254.e.925"}]}
COMMAND: POST /session/256a5b7d5d0deed66f9917babbff5c88/execute/async - {"script":"<script> [21 bytes]","args":[{"selector":{"id":"CreateDialog::xRFMxCU_TransactionType::FundingType-inner","searchOpenDialogs":true,"interaction":{"idSuffix":"inner"}},"wdio_ui5_key":"CreateDialogxRFMxCU_TransactionType::FundingType-inner"}]}
COMMAND: GET /session/256a5b7d5d0deed66f9917babbff5c88/screenshot - {}
RESULT: {"script":"<script> [21 bytes]","args":[{"selector":{"id":"CreateDialog::xRFMxCU_TransactionType::FundingType-inner","searchOpenDialogs":true,"interaction":{"idSuffix":"inner"}},"wdio_ui5_key":"CreateDialogxRFMxCU_TransactionType::FundingType-inner"}]}
RESULT: undefined
COMMAND: POST /session/256a5b7d5d0deed66f9917babbff5c88/execute/async - {"script":"<script> [20 bytes]","args":[{"enterText":"30","selector":{"id":"CreateDialog::xRFMxCU_TransactionType::FundingType-inner","searchOpenDialogs":true,"interaction":{"idSuffix":"inner"}},"clearTextFirst":true,"interactionType":"ENTER_TEXT"}]}
RESULT: {}
RESULT: {"script":"<script> [20 bytes]","args":[{"enterText":"30","selector":{"id":"CreateDialog::xRFMxCU_TransactionType::FundingType-inner","searchOpenDialogs":true,"interaction":{"idSuffix":"inner"}},"clearTextFirst":true,"interactionType":"ENTER_TEXT"}]}
COMMAND: POST /session/256a5b7d5d0deed66f9917babbff5c88/element - {"using":"css selector","value":"div.sapUiLocalBusyIndicator"}
RESULT: {"using":"css selector","value":"div.sapUiLocalBusyIndicator"}
COMMAND: POST /session/256a5b7d5d0deed66f9917babbff5c88/execute/sync - {"script":"<script> [21 bytes]","args":[{"element-6066-11e4-a52e-4f735466cecf":"f.BB468629E3F8F425FAAF9C7F497CB183.d.079E19E11B5E127D49721A85781F2254.e.925","ELEMENT":"f.BB468629E3F8F425FAAF9C7F497CB183.d.079E19E11B5E127D49721A85781F2254.e.925"}]}
RESULT: {"script":"<script> [21 bytes]","args":[{"element-6066-11e4-a52e-4f735466cecf":"f.BB468629E3F8F425FAAF9C7F497CB183.d.079E19E11B5E127D49721A85781F2254.e.925","ELEMENT":"f.BB468629E3F8F425FAAF9C7F497CB183.d.079E19E11B5E127D49721A85781F2254.e.925"}]}
COMMAND: POST /session/256a5b7d5d0deed66f9917babbff5c88/execute/async - {"script":"<script> [21 bytes]","args":[{"selector":{"id":"CreateDialog::xRFMxCU_Transaction-footer","searchOpenDialogs":true},"wdio_ui5_key":"CreateDialogxRFMxCU_Transaction-footer"}]}
COMMAND: GET /session/256a5b7d5d0deed66f9917babbff5c88/screenshot - {}
RESULT: {"script":"<script> [21 bytes]","args":[{"selector":{"id":"CreateDialog::xRFMxCU_Transaction-footer","searchOpenDialogs":true},"wdio_ui5_key":"CreateDialogxRFMxCU_Transaction-footer"}]}
RESULT: undefined
COMMAND: POST /session/256a5b7d5d0deed66f9917babbff5c88/element - {"using":"xpath","value":"//*[@id=\"CreateDialog::xRFMxCU_Transaction-footer\"]"}
RESULT: {}
RESULT: {"using":"xpath","value":"//*[@id=\"CreateDialog::xRFMxCU_Transaction-footer\"]"}
COMMAND: POST /session/256a5b7d5d0deed66f9917babbff5c88/element/f.BB468629E3F8F425FAAF9C7F497CB183.d.079E19E11B5E127D49721A85781F2254.e.941/click - {}
RESULT: {}
COMMAND: POST /session/256a5b7d5d0deed66f9917babbff5c88/element - {"using":"css selector","value":"div.sapUiLocalBusyIndicator"}
COMMAND: GET /session/256a5b7d5d0deed66f9917babbff5c88/screenshot - {}
RESULT: {"using":"css selector","value":"div.sapUiLocalBusyIndicator"}
COMMAND: POST /session/256a5b7d5d0deed66f9917babbff5c88/execute/sync - {"script":"<script> [21 bytes]","args":[{"element-6066-11e4-a52e-4f735466cecf":"f.BB468629E3F8F425FAAF9C7F497CB183.d.079E19E11B5E127D49721A85781F2254.e.925","ELEMENT":"f.BB468629E3F8F425FAAF9C7F497CB183.d.079E19E11B5E127D49721A85781F2254.e.925"}]}
RESULT: {}
RESULT: {"script":"<script> [21 bytes]","args":[{"element-6066-11e4-a52e-4f735466cecf":"f.BB468629E3F8F425FAAF9C7F497CB183.d.079E19E11B5E127D49721A85781F2254.e.925","ELEMENT":"f.BB468629E3F8F425FAAF9C7F497CB183.d.079E19E11B5E127D49721A85781F2254.e.925"}]}
COMMAND: POST /session/256a5b7d5d0deed66f9917babbff5c88/execute/async - {"script":"<script> [21 bytes]","args":[{"forceSelect":true,"selector":{"controlType":"sap.m.Button","viewName":"sap.fe.templates.ObjectPage.ObjectPage","viewId":"rfm.transactionui::xRFMxCU_TransactionObjectPage","properties":{"text":"Continue"},"searchOpenDialogs":true,"interaction":{"idSuffix":"BDI-content"}},"wdio_ui5_key":"sapfe.templates.ObjectPage.ObjectPagesap.m.Button{\"text\":\"Continue\"}"}]}
COMMAND: GET /session/256a5b7d5d0deed66f9917babbff5c88/screenshot - {}
RESULT: {"script":"<script> [21 bytes]","args":[{"forceSelect":true,"selector":{"controlType":"sap.m.Button","viewName":"sap.fe.templates.ObjectPage.ObjectPage","viewId":"rfm.transactionui::xRFMxCU_TransactionObjectPage","properties":{"text":"Continue"},"searchOpenDialogs":true,"interaction":{"idSuffix":"BDI-content"}},"wdio_ui5_key":"sapfe.templates.ObjectPage.ObjectPagesap.m.Button{\"text\":\"Continue\"}"}]}
RESULT: undefined
COMMAND: POST /session/256a5b7d5d0deed66f9917babbff5c88/element - {"using":"xpath","value":"//*[@id=\"__button245\"]"}
RESULT: {}
RESULT: {"using":"xpath","value":"//*[@id=\"__button245\"]"}
COMMAND: POST /session/256a5b7d5d0deed66f9917babbff5c88/element/f.BB468629E3F8F425FAAF9C7F497CB183.d.079E19E11B5E127D49721A85781F2254.e.943/click - {}
RESULT: {}
COMMAND: POST /session/256a5b7d5d0deed66f9917babbff5c88/element - {"using":"css selector","value":"div.sapUiLocalBusyIndicator"}
COMMAND: GET /session/256a5b7d5d0deed66f9917babbff5c88/screenshot - {}
RESULT: {"using":"css selector","value":"div.sapUiLocalBusyIndicator"}
COMMAND: POST /session/256a5b7d5d0deed66f9917babbff5c88/execute/sync - {"script":"<script> [21 bytes]","args":[{"element-6066-11e4-a52e-4f735466cecf":"f.BB468629E3F8F425FAAF9C7F497CB183.d.079E19E11B5E127D49721A85781F2254.e.925","ELEMENT":"f.BB468629E3F8F425FAAF9C7F497CB183.d.079E19E11B5E127D49721A85781F2254.e.925"}]}
RESULT: {}
RESULT: {"script":"<script> [21 bytes]","args":[{"element-6066-11e4-a52e-4f735466cecf":"f.BB468629E3F8F425FAAF9C7F497CB183.d.079E19E11B5E127D49721A85781F2254.e.925","ELEMENT":"f.BB468629E3F8F425FAAF9C7F497CB183.d.079E19E11B5E127D49721A85781F2254.e.925"}]}
COMMAND: POST /session/256a5b7d5d0deed66f9917babbff5c88/execute/async - {"script":"<script> [21 bytes]","args":[{"selector":{"id":"rfm.transactionui::xRFMxCU_TransactionObjectPage--fe::CustomSubSection::CustomDetailsSection--fe::FormContainer::FieldGroup::Term::FormElement::DataField::AssetCashflowDateFrom::Field-edit","interaction":{"idSuffix":"inner"}},"wdio_ui5_key":"rfmtransactionui::xRFMxCU_TransactionObjectPage--fe::CustomSubSection::CustomDetailsSection--fe::FormContainer::FieldGroup::Term::FormElement::DataField::AssetCashflowDateFrom::Field-edit"}]}
COMMAND: GET /session/256a5b7d5d0deed66f9917babbff5c88/screenshot - {}
RESULT: {"script":"<script> [21 bytes]","args":[{"selector":{"id":"rfm.transactionui::xRFMxCU_TransactionObjectPage--fe::CustomSubSection::CustomDetailsSection--fe::FormContainer::FieldGroup::Term::FormElement::DataField::AssetCashflowDateFrom::Field-edit","interaction":{"idSuffix":"inner"}},"wdio_ui5_key":"rfmtransactionui::xRFMxCU_TransactionObjectPage--fe::CustomSubSection::CustomDetailsSection--fe::FormContainer::FieldGroup::Term::FormElement::DataField::AssetCashflowDateFrom::Field-edit"}]}
RESULT: undefined
COMMAND: POST /session/256a5b7d5d0deed66f9917babbff5c88/execute/async - {"script":"<script> [20 bytes]","args":[{"enterText":"2025-01-01","selector":{"id":"rfm.transactionui::xRFMxCU_TransactionObjectPage--fe::CustomSubSection::CustomDetailsSection--fe::FormContainer::FieldGroup::Term::FormElement::DataField::AssetCashflowDateFrom::Field-edit","interaction":{"idSuffix":"inner"}},"clearTextFirst":true,"interactionType":"ENTER_TEXT"}]}
RESULT: {}
RESULT: {"script":"<script> [20 bytes]","args":[{"enterText":"2025-01-01","selector":{"id":"rfm.transactionui::xRFMxCU_TransactionObjectPage--fe::CustomSubSection::CustomDetailsSection--fe::FormContainer::FieldGroup::Term::FormElement::DataField::AssetCashflowDateFrom::Field-edit","interaction":{"idSuffix":"inner"}},"clearTextFirst":true,"interactionType":"ENTER_TEXT"}]}
COMMAND: POST /session/256a5b7d5d0deed66f9917babbff5c88/element - {"using":"css selector","value":"div.sapUiLocalBusyIndicator"}
RESULT: {"using":"css selector","value":"div.sapUiLocalBusyIndicator"}
COMMAND: POST /session/256a5b7d5d0deed66f9917babbff5c88/element - {"using":"css selector","value":"div.sapUiLocalBusyIndicator"}
RESULT: {"using":"css selector","value":"div.sapUiLocalBusyIndicator"}
COMMAND: POST /session/256a5b7d5d0deed66f9917babbff5c88/execute/async - {"script":"<script> [21 bytes]","args":[{"selector":{"id":"rfm.transactionui::xRFMxCU_TransactionObjectPage--fe::CustomSubSection::CustomDetailsSection--fe::FormContainer::FieldGroup::Term::FormElement::DataField::AssetCashflowDateTo::Field-edit","interaction":{"idSuffix":"inner"}},"wdio_ui5_key":"rfmtransactionui::xRFMxCU_TransactionObjectPage--fe::CustomSubSection::CustomDetailsSection--fe::FormContainer::FieldGroup::Term::FormElement::DataField::AssetCashflowDateTo::Field-edit"}]}
RESULT: {"script":"<script> [21 bytes]","args":[{"selector":{"id":"rfm.transactionui::xRFMxCU_TransactionObjectPage--fe::CustomSubSection::CustomDetailsSection--fe::FormContainer::FieldGroup::Term::FormElement::DataField::AssetCashflowDateTo::Field-edit","interaction":{"idSuffix":"inner"}},"wdio_ui5_key":"rfmtransactionui::xRFMxCU_TransactionObjectPage--fe::CustomSubSection::CustomDetailsSection--fe::FormContainer::FieldGroup::Term::FormElement::DataField::AssetCashflowDateTo::Field-edit"}]}
RESULT: undefined
COMMAND: POST /session/256a5b7d5d0deed66f9917babbff5c88/execute/async - {"script":"<script> [20 bytes]","args":[{"enterText":"2027-12-31","selector":{"id":"rfm.transactionui::xRFMxCU_TransactionObjectPage--fe::CustomSubSection::CustomDetailsSection--fe::FormContainer::FieldGroup::Term::FormElement::DataField::AssetCashflowDateTo::Field-edit","interaction":{"idSuffix":"inner"}},"clearTextFirst":true,"interactionType":"ENTER_TEXT"}]}
RESULT: {"script":"<script> [20 bytes]","args":[{"enterText":"2027-12-31","selector":{"id":"rfm.transactionui::xRFMxCU_TransactionObjectPage--fe::CustomSubSection::CustomDetailsSection--fe::FormContainer::FieldGroup::Term::FormElement::DataField::AssetCashflowDateTo::Field-edit","interaction":{"idSuffix":"inner"}},"clearTextFirst":true,"interactionType":"ENTER_TEXT"}]}
COMMAND: POST /session/256a5b7d5d0deed66f9917babbff5c88/element - {"using":"css selector","value":"div.sapUiLocalBusyIndicator"}
RESULT: {"using":"css selector","value":"div.sapUiLocalBusyIndicator"}
COMMAND: POST /session/256a5b7d5d0deed66f9917babbff5c88/element - {"using":"css selector","value":"div.sapUiLocalBusyIndicator"}
RESULT: {"using":"css selector","value":"div.sapUiLocalBusyIndicator"}
COMMAND: POST /session/256a5b7d5d0deed66f9917babbff5c88/execute/async - {"script":"<script> [21 bytes]","args":[{"selector":{"id":"rfm.transactionui::xRFMxCU_TransactionObjectPage--fe::ObjectPage-anchBar-rfm.transactionui::xRFMxCU_TransactionObjectPage--fe::EditableHeaderSection-anchor","interaction":{"idSuffix":"text"}},"wdio_ui5_key":"rfmtransactionui::xRFMxCU_TransactionObjectPage--fe::ObjectPage-anchBar-rfm.transactionui::xRFMxCU_TransactionObjectPage--fe::EditableHeaderSection-anchor"}]}
RESULT: {"script":"<script> [21 bytes]","args":[{"selector":{"id":"rfm.transactionui::xRFMxCU_TransactionObjectPage--fe::ObjectPage-anchBar-rfm.transactionui::xRFMxCU_TransactionObjectPage--fe::EditableHeaderSection-anchor","interaction":{"idSuffix":"text"}},"wdio_ui5_key":"rfmtransactionui::xRFMxCU_TransactionObjectPage--fe::ObjectPage-anchBar-rfm.transactionui::xRFMxCU_TransactionObjectPage--fe::EditableHeaderSection-anchor"}]}
RESULT: undefined
COMMAND: POST /session/256a5b7d5d0deed66f9917babbff5c88/element - {"using":"css selector","value":"div.sapUiLocalBusyIndicator"}
RESULT: {"using":"css selector","value":"div.sapUiLocalBusyIndicator"}
COMMAND: POST /session/256a5b7d5d0deed66f9917babbff5c88/element - {"using":"css selector","value":"div.sapUiLocalBusyIndicator"}
RESULT: {"using":"css selector","value":"div.sapUiLocalBusyIndicator"}
COMMAND: POST /session/256a5b7d5d0deed66f9917babbff5c88/execute/async - {"script":"<script> [21 bytes]","args":[{"selector":{"id":"rfm.transactionui::xRFMxCU_TransactionObjectPage--fe::HeaderFacet::FormContainer::headerFieldsGP1::FormElement::DataField::Name::Field-edit","interaction":{"idSuffix":"inner"}},"wdio_ui5_key":"rfmtransactionui::xRFMxCU_TransactionObjectPage--fe::HeaderFacet::FormContainer::headerFieldsGP1::FormElement::DataField::Name::Field-edit"}]}
RESULT: {"script":"<script> [21 bytes]","args":[{"selector":{"id":"rfm.transactionui::xRFMxCU_TransactionObjectPage--fe::HeaderFacet::FormContainer::headerFieldsGP1::FormElement::DataField::Name::Field-edit","interaction":{"idSuffix":"inner"}},"wdio_ui5_key":"rfmtransactionui::xRFMxCU_TransactionObjectPage--fe::HeaderFacet::FormContainer::headerFieldsGP1::FormElement::DataField::Name::Field-edit"}]}
RESULT: undefined
COMMAND: POST /session/256a5b7d5d0deed66f9917babbff5c88/element - {"using":"css selector","value":"div.sapUiLocalBusyIndicator"}
RESULT: {"using":"css selector","value":"div.sapUiLocalBusyIndicator"}
COMMAND: POST /session/256a5b7d5d0deed66f9917babbff5c88/element - {"using":"css selector","value":"div.sapUiLocalBusyIndicator"}
RESULT: {"using":"css selector","value":"div.sapUiLocalBusyIndicator"}
COMMAND: POST /session/256a5b7d5d0deed66f9917babbff5c88/execute/async - {"script":"<script> [21 bytes]","args":[{"selector":{"id":"rfm.transactionui::xRFMxCU_TransactionObjectPage--fe::HeaderFacet::FormContainer::headerFieldsGP1::FormElement::DataField::TransactionId::Field-display"},"wdio_ui5_key":"rfmtransactionui::xRFMxCU_TransactionObjectPage--fe::HeaderFacet::FormContainer::headerFieldsGP1::FormElement::DataField::TransactionId::Field-display"}]}
RESULT: {"script":"<script> [21 bytes]","args":[{"selector":{"id":"rfm.transactionui::xRFMxCU_TransactionObjectPage--fe::HeaderFacet::FormContainer::headerFieldsGP1::FormElement::DataField::TransactionId::Field-display"},"wdio_ui5_key":"rfmtransactionui::xRFMxCU_TransactionObjectPage--fe::HeaderFacet::FormContainer::headerFieldsGP1::FormElement::DataField::TransactionId::Field-display"}]}
RESULT: undefined
COMMAND: POST /session/256a5b7d5d0deed66f9917babbff5c88/element - {"using":"css selector","value":"div.sapUiLocalBusyIndicator"}
RESULT: {"using":"css selector","value":"div.sapUiLocalBusyIndicator"}
COMMAND: POST /session/256a5b7d5d0deed66f9917babbff5c88/element - {"using":"css selector","value":"div.sapUiLocalBusyIndicator"}
RESULT: {"using":"css selector","value":"div.sapUiLocalBusyIndicator"}
COMMAND: POST /session/256a5b7d5d0deed66f9917babbff5c88/execute/async - {"script":"<script> [21 bytes]","args":[{"selector":{"id":"rfm.transactionui::xRFMxCU_TransactionObjectPage--fe::ObjectPage-anchBar-rfm.transactionui::xRFMxCU_TransactionObjectPage--fe::FacetSection::FundingScopeCollection-anchor"},"wdio_ui5_key":"rfmtransactionui::xRFMxCU_TransactionObjectPage--fe::ObjectPage-anchBar-rfm.transactionui::xRFMxCU_TransactionObjectPage--fe::FacetSection::FundingScopeCollection-anchor"}]}
RESULT: {"script":"<script> [21 bytes]","args":[{"selector":{"id":"rfm.transactionui::xRFMxCU_TransactionObjectPage--fe::ObjectPage-anchBar-rfm.transactionui::xRFMxCU_TransactionObjectPage--fe::FacetSection::FundingScopeCollection-anchor"},"wdio_ui5_key":"rfmtransactionui::xRFMxCU_TransactionObjectPage--fe::ObjectPage-anchBar-rfm.transactionui::xRFMxCU_TransactionObjectPage--fe::FacetSection::FundingScopeCollection-anchor"}]}
RESULT: undefined
COMMAND: POST /session/256a5b7d5d0deed66f9917babbff5c88/element - {"using":"xpath","value":"//*[@id=\"rfm.transactionui::xRFMxCU_TransactionObjectPage--fe::ObjectPage-anchBar-rfm.transactionui::xRFMxCU_TransactionObjectPage--fe::FacetSection::FundingScopeCollection-anchor\"]"}
RESULT: {"using":"xpath","value":"//*[@id=\"rfm.transactionui::xRFMxCU_TransactionObjectPage--fe::ObjectPage-anchBar-rfm.transactionui::xRFMxCU_TransactionObjectPage--fe::FacetSection::FundingScopeCollection-anchor\"]"}
COMMAND: POST /session/256a5b7d5d0deed66f9917babbff5c88/element/f.BB468629E3F8F425FAAF9C7F497CB183.d.079E19E11B5E127D49721A85781F2254.e.1011/click - {}
RESULT: {}
COMMAND: POST /session/256a5b7d5d0deed66f9917babbff5c88/element - {"using":"css selector","value":"div.sapUiLocalBusyIndicator"}
COMMAND: GET /session/256a5b7d5d0deed66f9917babbff5c88/screenshot - {}
RESULT: {"using":"css selector","value":"div.sapUiLocalBusyIndicator"}
COMMAND: POST /session/256a5b7d5d0deed66f9917babbff5c88/element - {"using":"css selector","value":"div.sapUiLocalBusyIndicator"}
RESULT: {}
RESULT: {"using":"css selector","value":"div.sapUiLocalBusyIndicator"}
COMMAND: POST /session/256a5b7d5d0deed66f9917babbff5c88/execute/async - {"script":"<script> [21 bytes]","args":[{"selector":{"controlType":"sap.ui.mdc.field.FieldInput","viewName":"sap.fe.templates.ObjectPage.ObjectPage","viewId":"rfm.transactionui::xRFMxCU_TransactionObjectPage","bindingPath":{"path":"","propertyPath":"/conditions","modelName":"$field"},"ancestor":{"controlType":"sap.ui.mdc.Field","viewName":"sap.fe.templates.ObjectPage.ObjectPage","viewId":"rfm.transactionui::xRFMxCU_TransactionObjectPage","bindingPath":{"path":"/xRFMxCU_Transaction(TransactionId='undefined',IsActiveEntity=false)/_TransactionCFPart(TransactionId='undefined',CashFlowPartType='1',IsActiveEntity=false)","propertyPath":"__EntityControl/Updatable"}},"interaction":{"idSuffix":"inner"}},"wdio_ui5_key":"sapfe.templates.ObjectPage.ObjectPagesap.ui.mdc.field.FieldInput{\"path\":\"\",\"propertyPath\":\"/conditions\",\"modelName\":\"$field\"}{\"controlType\":\"sap.ui.mdc.Field\",\"viewName\":\"sap.fe.templates.ObjectPage.ObjectPage\",\"viewId\":\"rfm.transactionui::xRFMxCU_TransactionObjectPage\",\"bindingPath\":{\"path\":\"/xRFMxCU_Transaction(TransactionId='undefined',IsActiveEntity=false)/_TransactionCFPart(TransactionId='undefined',CashFlowPartType='1',IsActiveEntity=false)\",\"propertyPath\":\"__EntityControl/Updatable\"}}"}]}
RESULT: {"script":"<script> [21 bytes]","args":[{"selector":{"controlType":"sap.ui.mdc.field.FieldInput","viewName":"sap.fe.templates.ObjectPage.ObjectPage","viewId":"rfm.transactionui::xRFMxCU_TransactionObjectPage","bindingPath":{"path":"","propertyPath":"/conditions","modelName":"$field"},"ancestor":{"controlType":"sap.ui.mdc.Field","viewName":"sap.fe.templates.ObjectPage.ObjectPage","viewId":"rfm.transactionui::xRFMxCU_TransactionObjectPage","bindingPath":{"path":"/xRFMxCU_Transaction(TransactionId='undefined',IsActiveEntity=false)/_TransactionCFPart(TransactionId='undefined',CashFlowPartType='1',IsActiveEntity=false)","propertyPath":"__EntityControl/Updatable"}},"interaction":{"idSuffix":"inner"}},"wdio_ui5_key":"sapfe.templates.ObjectPage.ObjectPagesap.ui.mdc.field.FieldInput{\"path\":\"\",\"propertyPath\":\"/conditions\",\"modelName\":\"$field\"}{\"controlType\":\"sap.ui.mdc.Field\",\"viewName\":\"sap.fe.templates.ObjectPage.ObjectPage\",\"viewId\":\"rfm.transactionui::xRFMxCU_TransactionObjectPage\",\"bindingPath\":{\"path\":\"/xRFMxCU_Transaction(TransactionId='undefined',IsActiveEntity=false)/_TransactionCFPart(TransactionId='undefined',CashFlowPartType='1',IsActiveEntity=false)\",\"propertyPath\":\"__EntityControl/Updatable\"}}"}]}
RESULT: undefined
COMMAND: POST /session/256a5b7d5d0deed66f9917babbff5c88/element - {"using":"css selector","value":"div.sapUiLocalBusyIndicator"}
RESULT: {"using":"css selector","value":"div.sapUiLocalBusyIndicator"}
COMMAND: POST /session/256a5b7d5d0deed66f9917babbff5c88/element - {"using":"css selector","value":"div.sapUiLocalBusyIndicator"}
RESULT: {"using":"css selector","value":"div.sapUiLocalBusyIndicator"}
COMMAND: POST /session/256a5b7d5d0deed66f9917babbff5c88/execute/async - {"script":"<script> [21 bytes]","args":[{"selector":{"id":"rfm.transactionui::xRFMxCU_TransactionObjectPage--fe::table::_TransactionCFPart::LineItem-innerTable-rows-row1","interaction":{"idSuffix":"col0"}},"wdio_ui5_key":"rfmtransactionui::xRFMxCU_TransactionObjectPage--fe::table::_TransactionCFPart::LineItem-innerTable-rows-row1"}]}
RESULT: {"script":"<script> [21 bytes]","args":[{"selector":{"id":"rfm.transactionui::xRFMxCU_TransactionObjectPage--fe::table::_TransactionCFPart::LineItem-innerTable-rows-row1","interaction":{"idSuffix":"col0"}},"wdio_ui5_key":"rfmtransactionui::xRFMxCU_TransactionObjectPage--fe::table::_TransactionCFPart::LineItem-innerTable-rows-row1"}]}
RESULT: undefined
COMMAND: POST /session/256a5b7d5d0deed66f9917babbff5c88/element - {"using":"xpath","value":"//*[@id=\"rfm.transactionui::xRFMxCU_TransactionObjectPage--fe::table::_TransactionCFPart::LineItem-innerTable-rows-row1\"]"}
RESULT: {"using":"xpath","value":"//*[@id=\"rfm.transactionui::xRFMxCU_TransactionObjectPage--fe::table::_TransactionCFPart::LineItem-innerTable-rows-row1\"]"}
COMMAND: POST /session/256a5b7d5d0deed66f9917babbff5c88/element/f.BB468629E3F8F425FAAF9C7F497CB183.d.079E19E11B5E127D49721A85781F2254.e.1021/click - {}
RESULT: {}
COMMAND: POST /session/256a5b7d5d0deed66f9917babbff5c88/element - {"using":"css selector","value":"div.sapUiLocalBusyIndicator"}
COMMAND: GET /session/256a5b7d5d0deed66f9917babbff5c88/screenshot - {}
RESULT: {"using":"css selector","value":"div.sapUiLocalBusyIndicator"}
COMMAND: POST /session/256a5b7d5d0deed66f9917babbff5c88/element - {"using":"css selector","value":"div.sapUiLocalBusyIndicator"}
RESULT: {}
RESULT: {"using":"css selector","value":"div.sapUiLocalBusyIndicator"}
COMMAND: POST /session/256a5b7d5d0deed66f9917babbff5c88/execute/async - {"script":"<script> [21 bytes]","args":[{"forceSelect":true,"selector":{"controlType":"sap.ui.mdc.field.FieldInput","viewName":"sap.fe.templates.ObjectPage.ObjectPage","viewId":"rfm.transactionui::xRFMxCU_TransactionObjectPage","bindingPath":{"path":"","propertyPath":"/conditions","modelName":"$field"},"ancestor":{"controlType":"sap.ui.mdc.Field","viewName":"sap.fe.templates.ObjectPage.ObjectPage","viewId":"rfm.transactionui::xRFMxCU_TransactionObjectPage","bindingPath":{"path":"/xRFMxCU_Transaction(TransactionId='undefined',IsActiveEntity=false)/_TransactionCFPart(TransactionId='undefined',CashFlowPartType='2',IsActiveEntity=false)","propertyPath":"__EntityControl/Updatable"}},"interaction":{"idSuffix":"inner"}},"wdio_ui5_key":"sapfe.templates.ObjectPage.ObjectPagesap.ui.mdc.field.FieldInput{\"path\":\"\",\"propertyPath\":\"/conditions\",\"modelName\":\"$field\"}{\"controlType\":\"sap.ui.mdc.Field\",\"viewName\":\"sap.fe.templates.ObjectPage.ObjectPage\",\"viewId\":\"rfm.transactionui::xRFMxCU_TransactionObjectPage\",\"bindingPath\":{\"path\":\"/xRFMxCU_Transaction(TransactionId='undefined',IsActiveEntity=false)/_TransactionCFPart(TransactionId='undefined',CashFlowPartType='2',IsActiveEntity=false)\",\"propertyPath\":\"__EntityControl/Updatable\"}}"}]}
RESULT: {"script":"<script> [21 bytes]","args":[{"forceSelect":true,"selector":{"controlType":"sap.ui.mdc.field.FieldInput","viewName":"sap.fe.templates.ObjectPage.ObjectPage","viewId":"rfm.transactionui::xRFMxCU_TransactionObjectPage","bindingPath":{"path":"","propertyPath":"/conditions","modelName":"$field"},"ancestor":{"controlType":"sap.ui.mdc.Field","viewName":"sap.fe.templates.ObjectPage.ObjectPage","viewId":"rfm.transactionui::xRFMxCU_TransactionObjectPage","bindingPath":{"path":"/xRFMxCU_Transaction(TransactionId='undefined',IsActiveEntity=false)/_TransactionCFPart(TransactionId='undefined',CashFlowPartType='2',IsActiveEntity=false)","propertyPath":"__EntityControl/Updatable"}},"interaction":{"idSuffix":"inner"}},"wdio_ui5_key":"sapfe.templates.ObjectPage.ObjectPagesap.ui.mdc.field.FieldInput{\"path\":\"\",\"propertyPath\":\"/conditions\",\"modelName\":\"$field\"}{\"controlType\":\"sap.ui.mdc.Field\",\"viewName\":\"sap.fe.templates.ObjectPage.ObjectPage\",\"viewId\":\"rfm.transactionui::xRFMxCU_TransactionObjectPage\",\"bindingPath\":{\"path\":\"/xRFMxCU_Transaction(TransactionId='undefined',IsActiveEntity=false)/_TransactionCFPart(TransactionId='undefined',CashFlowPartType='2',IsActiveEntity=false)\",\"propertyPath\":\"__EntityControl/Updatable\"}}"}]}
RESULT: undefined
COMMAND: POST /session/256a5b7d5d0deed66f9917babbff5c88/execute/async - {"script":"<script> [21 bytes]","args":[{"selector":{"id":"rfm.transactionui::xRFMxCU_TransactionObjectPage--fe::FooterBar::StandardAction::Save","interaction":{"idSuffix":"BDI-content"}},"wdio_ui5_key":"rfmtransactionui::xRFMxCU_TransactionObjectPage--fe::FooterBar::StandardAction::Save"}]}
RESULT: {"script":"<script> [21 bytes]","args":[{"selector":{"id":"rfm.transactionui::xRFMxCU_TransactionObjectPage--fe::FooterBar::StandardAction::Save","interaction":{"idSuffix":"BDI-content"}},"wdio_ui5_key":"rfmtransactionui::xRFMxCU_TransactionObjectPage--fe::FooterBar::StandardAction::Save"}]}
RESULT: undefined
COMMAND: POST /session/256a5b7d5d0deed66f9917babbff5c88/element - {"using":"xpath","value":"//*[@id=\"rfm.transactionui::xRFMxCU_TransactionObjectPage--fe::FooterBar::StandardAction::Save\"]"}
RESULT: {"using":"xpath","value":"//*[@id=\"rfm.transactionui::xRFMxCU_TransactionObjectPage--fe::FooterBar::StandardAction::Save\"]"}
COMMAND: POST /session/256a5b7d5d0deed66f9917babbff5c88/element/f.BB468629E3F8F425FAAF9C7F497CB183.d.079E19E11B5E127D49721A85781F2254.e.1024/click - {}
RESULT: {}
COMMAND: POST /session/256a5b7d5d0deed66f9917babbff5c88/execute/async - {"script":"<script> [21 bytes]","args":[{"selector":{"id":"rfm.transactionui::xRFMxCU_TransactionObjectPage--fe::FooterBar::MessageButton-img"},"wdio_ui5_key":"rfmtransactionui::xRFMxCU_TransactionObjectPage--fe::FooterBar::MessageButton-img"}]}
COMMAND: GET /session/256a5b7d5d0deed66f9917babbff5c88/screenshot - {}
RESULT: {"script":"<script> [21 bytes]","args":[{"selector":{"id":"rfm.transactionui::xRFMxCU_TransactionObjectPage--fe::FooterBar::MessageButton-img"},"wdio_ui5_key":"rfmtransactionui::xRFMxCU_TransactionObjectPage--fe::FooterBar::MessageButton-img"}]}
RESULT: undefined
COMMAND: POST /session/256a5b7d5d0deed66f9917babbff5c88/url - {"url":"https://d4debac0-4a79-4bd3-a71c-dba92f957697.abap-web.eu10.hana.ondemand.com/ui#Shell-home"}
RESULT: {}
RESULT: {"url":"https://d4debac0-4a79-4bd3-a71c-dba92f957697.abap-web.eu10.hana.ondemand.com/ui#Shell-home"}
RESULT: undefined
COMMAND: POST /session/256a5b7d5d0deed66f9917babbff5c88/element - {"using":"css selector","value":"div.sapUiLocalBusyIndicator"}
COMMAND: GET /session/256a5b7d5d0deed66f9917babbff5c88/screenshot - {}
RESULT: {"using":"css selector","value":"div.sapUiLocalBusyIndicator"}
COMMAND: POST /session/256a5b7d5d0deed66f9917babbff5c88/element - {"using":"css selector","value":"div.sapUiLocalBusyIndicator"}
RESULT: {}
RESULT: {"using":"css selector","value":"div.sapUiLocalBusyIndicator"}
COMMAND: GET /session/256a5b7d5d0deed66f9917babbff5c88/screenshot - {}
]]></system-out>
    </testcase>
    <testcase classname="chrome.139_0_7258_67.windows.Trigger" name="Should filter created Transaction" time="13.304">
      <system-out><![CDATA[
COMMAND: POST /session/256a5b7d5d0deed66f9917babbff5c88/execute/async - {"script":"<script> [21 bytes]","args":[{"selector":{"controlType":"sap.m.GenericTile","properties":{"header":"Triggers"}},"wdio_ui5_key":"sapm.GenericTile{\"header\":\"Triggers\"}"}]}
RESULT: {}
RESULT: {"script":"<script> [21 bytes]","args":[{"selector":{"controlType":"sap.m.GenericTile","properties":{"header":"Triggers"}},"wdio_ui5_key":"sapm.GenericTile{\"header\":\"Triggers\"}"}]}
RESULT: undefined
COMMAND: POST /session/256a5b7d5d0deed66f9917babbff5c88/element - {"using":"xpath","value":"//*[@id=\"__tile33\"]"}
RESULT: {"using":"xpath","value":"//*[@id=\"__tile33\"]"}
COMMAND: POST /session/256a5b7d5d0deed66f9917babbff5c88/element/f.BB468629E3F8F425FAAF9C7F497CB183.d.079E19E11B5E127D49721A85781F2254.e.1079/click - {}
RESULT: {}
COMMAND: POST /session/256a5b7d5d0deed66f9917babbff5c88/element - {"using":"css selector","value":"div.sapUiLocalBusyIndicator"}
COMMAND: GET /session/256a5b7d5d0deed66f9917babbff5c88/screenshot - {}
RESULT: {"using":"css selector","value":"div.sapUiLocalBusyIndicator"}
[...]
RESULT: {"using":"xpath","value":"//*[@id=\"rfm.triggerui::TriggerSetObjectPage--fe::StandardAction::Edit\"]"}
COMMAND: POST /session/256a5b7d5d0deed66f9917babbff5c88/elements - {"using":"xpath","value":"//*[@id=\"rfm.triggerui::TriggerSetObjectPage--fe::StandardAction::Edit\"]"}
RESULT: {"using":"xpath","value":"//*[@id=\"rfm.triggerui::TriggerSetObjectPage--fe::StandardAction::Edit\"]"}
COMMAND: POST /session/256a5b7d5d0deed66f9917babbff5c88/elements - {"using":"xpath","value":"//*[@id=\"rfm.triggerui::TriggerSetObjectPage--fe::StandardAction::Edit\"]"}
RESULT: {"using":"xpath","value":"//*[@id=\"rfm.triggerui::TriggerSetObjectPage--fe::StandardAction::Edit\"]"}
COMMAND: POST /session/256a5b7d5d0deed66f9917babbff5c88/elements - {"using":"xpath","value":"//*[@id=\"rfm.triggerui::TriggerSetObjectPage--fe::StandardAction::Edit\"]"}
RESULT: {"using":"xpath","value":"//*[@id=\"rfm.triggerui::TriggerSetObjectPage--fe::StandardAction::Edit\"]"}
COMMAND: POST /session/256a5b7d5d0deed66f9917babbff5c88/elements - {"using":"xpath","value":"//*[@id=\"rfm.triggerui::TriggerSetObjectPage--fe::StandardAction::Edit\"]"}
RESULT: {"using":"xpath","value":"//*[@id=\"rfm.triggerui::TriggerSetObjectPage--fe::StandardAction::Edit\"]"}
COMMAND: POST /session/256a5b7d5d0deed66f9917babbff5c88/elements - {"using":"xpath","value":"//*[@id=\"rfm.triggerui::TriggerSetObjectPage--fe::StandardAction::Edit\"]"}
RESULT: {"using":"xpath","value":"//*[@id=\"rfm.triggerui::TriggerSetObjectPage--fe::StandardAction::Edit\"]"}
COMMAND: POST /session/256a5b7d5d0deed66f9917babbff5c88/elements - {"using":"xpath","value":"//*[@id=\"rfm.triggerui::TriggerSetObjectPage--fe::StandardAction::Edit\"]"}
RESULT: {"using":"xpath","value":"//*[@id=\"rfm.triggerui::TriggerSetObjectPage--fe::StandardAction::Edit\"]"}
COMMAND: POST /session/256a5b7d5d0deed66f9917babbff5c88/elements - {"using":"xpath","value":"//*[@id=\"rfm.triggerui::TriggerSetObjectPage--fe::StandardAction::Edit\"]"}
RESULT: {"using":"xpath","value":"//*[@id=\"rfm.triggerui::TriggerSetObjectPage--fe::StandardAction::Edit\"]"}
COMMAND: POST /session/256a5b7d5d0deed66f9917babbff5c88/elements - {"using":"xpath","value":"//*[@id=\"rfm.triggerui::TriggerSetObjectPage--fe::StandardAction::Edit\"]"}
RESULT: {"using":"xpath","value":"//*[@id=\"rfm.triggerui::TriggerSetObjectPage--fe::StandardAction::Edit\"]"}
COMMAND: POST /session/256a5b7d5d0deed66f9917babbff5c88/elements - {"using":"xpath","value":"//*[@id=\"rfm.triggerui::TriggerSetObjectPage--fe::StandardAction::Edit\"]"}
RESULT: {"using":"xpath","value":"//*[@id=\"rfm.triggerui::TriggerSetObjectPage--fe::StandardAction::Edit\"]"}
COMMAND: POST /session/256a5b7d5d0deed66f9917babbff5c88/element - {"using":"css selector","value":"div.sapUiLocalBusyIndicator"}
RESULT: {"using":"css selector","value":"div.sapUiLocalBusyIndicator"}
COMMAND: POST /session/256a5b7d5d0deed66f9917babbff5c88/element - {"using":"css selector","value":"div.sapUiLocalBusyIndicator"}
RESULT: {"using":"css selector","value":"div.sapUiLocalBusyIndicator"}
COMMAND: POST /session/256a5b7d5d0deed66f9917babbff5c88/element - {"using":"css selector","value":"div[id='rfm.triggerui::TriggerSetObjectPage--fe::table::_Trigger::LineItem-innerTable-rowsel0']"}
RESULT: {"using":"css selector","value":"div[id='rfm.triggerui::TriggerSetObjectPage--fe::table::_Trigger::LineItem-innerTable-rowsel0']"}
COMMAND: POST /session/256a5b7d5d0deed66f9917babbff5c88/element/f.BB468629E3F8F425FAAF9C7F497CB183.d.079E19E11B5E127D49721A85781F2254.e.1877/click - {}
RESULT: {}
COMMAND: POST /session/256a5b7d5d0deed66f9917babbff5c88/element - {"using":"css selector","value":"div.sapUiLocalBusyIndicator"}
COMMAND: GET /session/256a5b7d5d0deed66f9917babbff5c88/screenshot - {}
RESULT: {"using":"css selector","value":"div.sapUiLocalBusyIndicator"}
COMMAND: POST /session/256a5b7d5d0deed66f9917babbff5c88/element - {"using":"css selector","value":"div.sapUiLocalBusyIndicator"}
RESULT: {}
RESULT: {"using":"css selector","value":"div.sapUiLocalBusyIndicator"}
RESULT: undefined
COMMAND: POST /session/256a5b7d5d0deed66f9917babbff5c88/element - {"using":"xpath","value":"//*[@id=\"rfm.triggerui::TriggerSetObjectPage--fe::table::_Trigger::LineItem::StandardAction::Delete\"]"}
RESULT: {"using":"xpath","value":"//*[@id=\"rfm.triggerui::TriggerSetObjectPage--fe::table::_Trigger::LineItem::StandardAction::Delete\"]"}
COMMAND: POST /session/256a5b7d5d0deed66f9917babbff5c88/element/f.BB468629E3F8F425FAAF9C7F497CB183.d.079E19E11B5E127D49721A85781F2254.e.1620/click - {}
RESULT: {}
COMMAND: POST /session/256a5b7d5d0deed66f9917babbff5c88/element - {"using":"css selector","value":"div.sapUiLocalBusyIndicator"}
COMMAND: GET /session/256a5b7d5d0deed66f9917babbff5c88/screenshot - {}
RESULT: {"using":"css selector","value":"div.sapUiLocalBusyIndicator"}
COMMAND: POST /session/256a5b7d5d0deed66f9917babbff5c88/execute/sync - {"script":"<script> [21 bytes]","args":[{"element-6066-11e4-a52e-4f735466cecf":"f.BB468629E3F8F425FAAF9C7F497CB183.d.079E19E11B5E127D49721A85781F2254.e.1879","ELEMENT":"f.BB468629E3F8F425FAAF9C7F497CB183.d.079E19E11B5E127D49721A85781F2254.e.1879"}]}
RESULT: {}
RESULT: {"script":"<script> [21 bytes]","args":[{"element-6066-11e4-a52e-4f735466cecf":"f.BB468629E3F8F425FAAF9C7F497CB183.d.079E19E11B5E127D49721A85781F2254.e.1879","ELEMENT":"f.BB468629E3F8F425FAAF9C7F497CB183.d.079E19E11B5E127D49721A85781F2254.e.1879"}]}
COMMAND: POST /session/256a5b7d5d0deed66f9917babbff5c88/execute/async - {"script":"<script> [21 bytes]","args":[{"forceSelect":true,"selector":{"controlType":"sap.m.Button","properties":{"text":"Delete"},"searchOpenDialogs":true,"interaction":{"idSuffix":"BDI-content"}},"wdio_ui5_key":"sapm.Button{\"text\":\"Delete\"}"}]}
COMMAND: GET /session/256a5b7d5d0deed66f9917babbff5c88/screenshot - {}
RESULT: {"script":"<script> [21 bytes]","args":[{"forceSelect":true,"selector":{"controlType":"sap.m.Button","properties":{"text":"Delete"},"searchOpenDialogs":true,"interaction":{"idSuffix":"BDI-content"}},"wdio_ui5_key":"sapm.Button{\"text\":\"Delete\"}"}]}
RESULT: undefined
COMMAND: POST /session/256a5b7d5d0deed66f9917babbff5c88/element - {"using":"xpath","value":"//*[@id=\"__button299\"]"}
RESULT: {}
RESULT: {"using":"xpath","value":"//*[@id=\"__button299\"]"}
COMMAND: POST /session/256a5b7d5d0deed66f9917babbff5c88/element/f.BB468629E3F8F425FAAF9C7F497CB183.d.079E19E11B5E127D49721A85781F2254.e.1878/click - {}
RESULT: {}
COMMAND: POST /session/256a5b7d5d0deed66f9917babbff5c88/element - {"using":"css selector","value":"div.sapUiLocalBusyIndicator"}
COMMAND: GET /session/256a5b7d5d0deed66f9917babbff5c88/screenshot - {}
RESULT: {"using":"css selector","value":"div.sapUiLocalBusyIndicator"}
COMMAND: POST /session/256a5b7d5d0deed66f9917babbff5c88/execute/sync - {"script":"<script> [21 bytes]","args":[{"element-6066-11e4-a52e-4f735466cecf":"f.BB468629E3F8F425FAAF9C7F497CB183.d.079E19E11B5E127D49721A85781F2254.e.1879","ELEMENT":"f.BB468629E3F8F425FAAF9C7F497CB183.d.079E19E11B5E127D49721A85781F2254.e.1879"}]}
RESULT: {}
COMMAND: POST /session/256a5b7d5d0deed66f9917babbff5c88/element - {"using":"css selector","value":"div.sapUiLocalBusyIndicator"}
RESULT: {"using":"css selector","value":"div.sapUiLocalBusyIndicator"}
COMMAND: POST /session/256a5b7d5d0deed66f9917babbff5c88/element - {"using":"css selector","value":"div.sapUiLocalBusyIndicator"}
RESULT: {"using":"css selector","value":"div.sapUiLocalBusyIndicator"}
RESULT: undefined
COMMAND: POST /session/256a5b7d5d0deed66f9917babbff5c88/element - {"using":"css selector","value":"div.sapUiLocalBusyIndicator"}
RESULT: {"using":"css selector","value":"div.sapUiLocalBusyIndicator"}
COMMAND: POST /session/256a5b7d5d0deed66f9917babbff5c88/element - {"using":"css selector","value":"div.sapUiLocalBusyIndicator"}
RESULT: {"using":"css selector","value":"div.sapUiLocalBusyIndicator"}
COMMAND: GET /session/256a5b7d5d0deed66f9917babbff5c88/screenshot - {}
COMMAND: GET /session/256a5b7d5d0deed66f9917babbff5c88/screenshot - {}
RESULT: {}
]]></system-out>
      <system-err><![CDATA[
Error: expect(received).toEqual(expected) // deep equality

Expected: "No items available"
Received: undefined
    at Context.<anonymous> (D:\a\1\s\test\specs\BusinessObjects\Trigger.spec.js:1313:30)
]]></system-err>
    </testcase>
    <testcase classname="chrome.139_0_7258_67.windows.Trigger" name="Should check navigation to Transaction" time="7.443">
      <system-out><![CDATA[
COMMAND: POST /session/256a5b7d5d0deed66f9917babbff5c88/execute/async - {"script":"<script> [21 bytes]","args":[{"selector":{"id":"rfm.triggerui::TriggerSetObjectPage--fe::HeaderFacet::Form::headerFieldsGP1::DataFieldWithIntentBasedNavigation::TransactionId::FundingTransaction::Manage::Field-content"},"wdio_ui5_key":"rfmtriggerui::TriggerSetObjectPage--fe::HeaderFacet::Form::headerFieldsGP1::DataFieldWithIntentBasedNavigation::TransactionId::FundingTransaction::Manage::Field-content"}]}
COMMAND: GET /session/256a5b7d5d0deed66f9917babbff5c88/screenshot - {}
RESULT: {}
RESULT: {"script":"<script> [21 bytes]","args":[{"selector":{"id":"rfm.triggerui::TriggerSetObjectPage--fe::HeaderFacet::Form::headerFieldsGP1::DataFieldWithIntentBasedNavigation::TransactionId::FundingTransaction::Manage::Field-content"},"wdio_ui5_key":"rfmtriggerui::TriggerSetObjectPage--fe::HeaderFacet::Form::headerFieldsGP1::DataFieldWithIntentBasedNavigation::TransactionId::FundingTransaction::Manage::Field-content"}]}
RESULT: undefined
COMMAND: POST /session/256a5b7d5d0deed66f9917babbff5c88/element - {"using":"xpath","value":"//*[@id=\"rfm.triggerui::TriggerSetObjectPage--fe::HeaderFacet::Form::headerFieldsGP1::DataFieldWithIntentBasedNavigation::TransactionId::FundingTransaction::Manage::Field-content\"]"}
RESULT: {}
RESULT: {"using":"xpath","value":"//*[@id=\"rfm.triggerui::TriggerSetObjectPage--fe::HeaderFacet::Form::headerFieldsGP1::DataFieldWithIntentBasedNavigation::TransactionId::FundingTransaction::Manage::Field-content\"]"}
COMMAND: POST /session/256a5b7d5d0deed66f9917babbff5c88/element/f.BB468629E3F8F425FAAF9C7F497CB183.d.079E19E11B5E127D49721A85781F2254.e.1294/click - {}
RESULT: {}
COMMAND: POST /session/256a5b7d5d0deed66f9917babbff5c88/element - {"using":"css selector","value":"div.sapUiLocalBusyIndicator"}
COMMAND: GET /session/256a5b7d5d0deed66f9917babbff5c88/screenshot - {}
RESULT: {"using":"css selector","value":"div.sapUiLocalBusyIndicator"}
COMMAND: POST /session/256a5b7d5d0deed66f9917babbff5c88/element - {"using":"css selector","value":"div.sapUiLocalBusyIndicator"}
RESULT: {}
RESULT: {"using":"css selector","value":"div.sapUiLocalBusyIndicator"}
COMMAND: POST /session/256a5b7d5d0deed66f9917babbff5c88/execute/async - {"script":"<script> [21 bytes]","args":[{"selector":{"id":"rfm.transactionui::xRFMxCU_TransactionObjectPage--fe::HeaderFacet::Form::headerFieldsGP1::DataField::TransactionId::Field-content"},"wdio_ui5_key":"rfmtransactionui::xRFMxCU_TransactionObjectPage--fe::HeaderFacet::Form::headerFieldsGP1::DataField::TransactionId::Field-content"}]}
RESULT: {"script":"<script> [21 bytes]","args":[{"selector":{"id":"rfm.transactionui::xRFMxCU_TransactionObjectPage--fe::HeaderFacet::Form::headerFieldsGP1::DataField::TransactionId::Field-content"},"wdio_ui5_key":"rfmtransactionui::xRFMxCU_TransactionObjectPage--fe::HeaderFacet::Form::headerFieldsGP1::DataField::TransactionId::Field-content"}]}
RESULT: undefined
COMMAND: POST /session/256a5b7d5d0deed66f9917babbff5c88/element - {"using":"css selector","value":"div.sapUiLocalBusyIndicator"}
RESULT: {"using":"css selector","value":"div.sapUiLocalBusyIndicator"}
COMMAND: POST /session/256a5b7d5d0deed66f9917babbff5c88/element - {"using":"css selector","value":"div.sapUiLocalBusyIndicator"}
RESULT: {"using":"css selector","value":"div.sapUiLocalBusyIndicator"}
RESULT: undefined
COMMAND: POST /session/256a5b7d5d0deed66f9917babbff5c88/element - {"using":"xpath","value":"//*[@id=\"backBtn\"]"}
RESULT: {"using":"xpath","value":"//*[@id=\"backBtn\"]"}
COMMAND: POST /session/256a5b7d5d0deed66f9917babbff5c88/element/f.BB468629E3F8F425FAAF9C7F497CB183.d.079E19E11B5E127D49721A85781F2254.e.1889/click - {}
COMMAND: POST /session/256a5b7d5d0deed66f9917babbff5c88/element - {"using":"css selector","value":"div.sapUiLocalBusyIndicator"}
RESULT: {"using":"css selector","value":"div.sapUiLocalBusyIndicator"}
COMMAND: POST /session/256a5b7d5d0deed66f9917babbff5c88/element - {"using":"css selector","value":"div.sapUiLocalBusyIndicator"}
RESULT: {"using":"css selector","value":"div.sapUiLocalBusyIndicator"}
COMMAND: GET /session/256a5b7d5d0deed66f9917babbff5c88/screenshot - {}
]]></system-out>
    </testcase>
    <testcase classname="chrome.139_0_7258_67.windows.Trigger" name="Should check navigation to Program" time="6.132">
      <skipped/>
      <system-out><![CDATA[
COMMAND: POST /session/256a5b7d5d0deed66f9917babbff5c88/execute/async - {"script":"<script> [21 bytes]","args":[{"selector":{"id":"rfm.triggerui::TriggerSetObjectPage--fe::HeaderFacet::Form::headerFieldsGP1::DataFieldWithIntentBasedNavigation::ProgramId::FundingProgram::Manage::Field-content"},"wdio_ui5_key":"rfmtriggerui::TriggerSetObjectPage--fe::HeaderFacet::Form::headerFieldsGP1::DataFieldWithIntentBasedNavigation::ProgramId::FundingProgram::Manage::Field-content"}]}
RESULT: {}
RESULT: {"script":"<script> [21 bytes]","args":[{"selector":{"id":"rfm.triggerui::TriggerSetObjectPage--fe::HeaderFacet::Form::headerFieldsGP1::DataFieldWithIntentBasedNavigation::ProgramId::FundingProgram::Manage::Field-content"},"wdio_ui5_key":"rfmtriggerui::TriggerSetObjectPage--fe::HeaderFacet::Form::headerFieldsGP1::DataFieldWithIntentBasedNavigation::ProgramId::FundingProgram::Manage::Field-content"}]}
RESULT: undefined
COMMAND: POST /session/256a5b7d5d0deed66f9917babbff5c88/element - {"using":"xpath","value":"//*[@id=\"rfm.triggerui::TriggerSetObjectPage--fe::HeaderFacet::Form::headerFieldsGP1::DataFieldWithIntentBasedNavigation::ProgramId::FundingProgram::Manage::Field-content\"]"}
RESULT: {"using":"xpath","value":"//*[@id=\"rfm.triggerui::TriggerSetObjectPage--fe::HeaderFacet::Form::headerFieldsGP1::DataFieldWithIntentBasedNavigation::ProgramId::FundingProgram::Manage::Field-content\"]"}
COMMAND: POST /session/256a5b7d5d0deed66f9917babbff5c88/element/f.BB468629E3F8F425FAAF9C7F497CB183.d.079E19E11B5E127D49721A85781F2254.e.1297/click - {}
COMMAND: POST /session/256a5b7d5d0deed66f9917babbff5c88/element - {"using":"css selector","value":"div.sapUiLocalBusyIndicator"}
RESULT: {"using":"css selector","value":"div.sapUiLocalBusyIndicator"}
COMMAND: POST /session/256a5b7d5d0deed66f9917babbff5c88/element - {"using":"css selector","value":"div.sapUiLocalBusyIndicator"}
RESULT: {"using":"css selector","value":"div.sapUiLocalBusyIndicator"}
RESULT: undefined
COMMAND: POST /session/256a5b7d5d0deed66f9917babbff5c88/execute/async - {"script":"<script> [21 bytes]","args":[{"element-6066-11e4-a52e-4f735466cecf":"f.BB468629E3F8F425FAAF9C7F497CB183.d.079E19E11B5E127D49721A85781F2254.e.584"},"getText",[]]}
COMMAND: POST /session/256a5b7d5d0deed66f9917babbff5c88/execute/async - {"script":"<script> [21 bytes]","args":[{"selector":{"id":"rfm.programui::xRFMxCU_ProgramObjectPage--fe::HeaderFacet::Form::headerFieldsGP1::DataField::ProgramId::Field-content"},"wdio_ui5_key":"rfmprogramui::xRFMxCU_ProgramObjectPage--fe::HeaderFacet::Form::headerFieldsGP1::DataField::ProgramId::Field-content"}]}
RESULT: {"script":"<script> [21 bytes]","args":[{"selector":{"id":"rfm.programui::xRFMxCU_ProgramObjectPage--fe::HeaderFacet::Form::headerFieldsGP1::DataField::ProgramId::Field-content"},"wdio_ui5_key":"rfmprogramui::xRFMxCU_ProgramObjectPage--fe::HeaderFacet::Form::headerFieldsGP1::DataField::ProgramId::Field-content"}]}
COMMAND: POST /session/256a5b7d5d0deed66f9917babbff5c88/element - {"using":"css selector","value":"div.sapUiLocalBusyIndicator"}
RESULT: {"using":"css selector","value":"div.sapUiLocalBusyIndicator"}
COMMAND: POST /session/256a5b7d5d0deed66f9917babbff5c88/element - {"using":"css selector","value":"div.sapUiLocalBusyIndicator"}
RESULT: {"using":"css selector","value":"div.sapUiLocalBusyIndicator"}
COMMAND: GET /session/256a5b7d5d0deed66f9917babbff5c88/screenshot - {}
COMMAND: GET /session/256a5b7d5d0deed66f9917babbff5c88/screenshot - {}
RESULT: {}
]]></system-out>
      <system-err><![CDATA[
Error: expect(received).toEqual(expected) // deep equality

Expected: "1673"
Received: null
    at Context.<anonymous> (D:\a\1\s\test\specs\BusinessObjects\Trigger.spec.js:1367:43)
]]></system-err>
    </testcase>
    <testcase classname="chrome.139_0_7258_67.windows.Trigger" name="Should check navigation to Program" time="5.489">
      <failure/>
      <error message="expect(received).toEqual(expected) // deep equality&#xA;&#xA;Expected: &quot;1673&quot;&#xA;Received: null"/>
      <system-out><![CDATA[
RESULT: undefined
COMMAND: POST /session/256a5b7d5d0deed66f9917babbff5c88/element - {"using":"xpath","value":"//*[@id=\"rfm.triggerui::TriggerSetObjectPage--fe::HeaderFacet::Form::headerFieldsGP1::DataFieldWithIntentBasedNavigation::ProgramId::FundingProgram::Manage::Field-content\"]"}
RESULT: {}
RESULT: {"using":"xpath","value":"//*[@id=\"rfm.triggerui::TriggerSetObjectPage--fe::HeaderFacet::Form::headerFieldsGP1::DataFieldWithIntentBasedNavigation::ProgramId::FundingProgram::Manage::Field-content\"]"}
COMMAND: POST /session/256a5b7d5d0deed66f9917babbff5c88/element/f.BB468629E3F8F425FAAF9C7F497CB183.d.079E19E11B5E127D49721A85781F2254.e.1297/click - {}
COMMAND: POST /session/256a5b7d5d0deed66f9917babbff5c88/element - {"using":"css selector","value":"div.sapUiLocalBusyIndicator"}
RESULT: {"using":"css selector","value":"div.sapUiLocalBusyIndicator"}
COMMAND: POST /session/256a5b7d5d0deed66f9917babbff5c88/element - {"using":"css selector","value":"div.sapUiLocalBusyIndicator"}
RESULT: {"using":"css selector","value":"div.sapUiLocalBusyIndicator"}
RESULT: undefined
COMMAND: POST /session/256a5b7d5d0deed66f9917babbff5c88/execute/async - {"script":"<script> [21 bytes]","args":[{"element-6066-11e4-a52e-4f735466cecf":"f.BB468629E3F8F425FAAF9C7F497CB183.d.079E19E11B5E127D49721A85781F2254.e.584"},"getText",[]]}
COMMAND: POST /session/256a5b7d5d0deed66f9917babbff5c88/execute/async - {"script":"<script> [21 bytes]","args":[{"selector":{"id":"rfm.programui::xRFMxCU_ProgramObjectPage--fe::HeaderFacet::Form::headerFieldsGP1::DataField::ProgramId::Field-content"},"wdio_ui5_key":"rfmprogramui::xRFMxCU_ProgramObjectPage--fe::HeaderFacet::Form::headerFieldsGP1::DataField::ProgramId::Field-content"}]}
RESULT: {"script":"<script> [21 bytes]","args":[{"selector":{"id":"rfm.programui::xRFMxCU_ProgramObjectPage--fe::HeaderFacet::Form::headerFieldsGP1::DataField::ProgramId::Field-content"},"wdio_ui5_key":"rfmprogramui::xRFMxCU_ProgramObjectPage--fe::HeaderFacet::Form::headerFieldsGP1::DataField::ProgramId::Field-content"}]}
COMMAND: POST /session/256a5b7d5d0deed66f9917babbff5c88/element - {"using":"css selector","value":"div.sapUiLocalBusyIndicator"}
RESULT: {"using":"css selector","value":"div.sapUiLocalBusyIndicator"}
COMMAND: POST /session/256a5b7d5d0deed66f9917babbff5c88/element - {"using":"css selector","value":"div.sapUiLocalBusyIndicator"}
RESULT: {"using":"css selector","value":"div.sapUiLocalBusyIndicator"}
COMMAND: GET /session/256a5b7d5d0deed66f9917babbff5c88/screenshot - {}
COMMAND: GET /session/256a5b7d5d0deed66f9917babbff5c88/screenshot - {}
RESULT: {}
RESULT: {}
COMMAND: DELETE /session/256a5b7d5d0deed66f9917babbff5c88 - {}
COMMAND: GET /session/256a5b7d5d0deed66f9917babbff5c88/screenshot - {}
COMMAND: GET /session/256a5b7d5d0deed66f9917babbff5c88/screenshot - {}
RESULT: {}
]]></system-out>
      <system-err><![CDATA[
Error: expect(received).toEqual(expected) // deep equality

Expected: "1673"
Received: null
    at Context.<anonymous> (D:\a\1\s\test\specs\BusinessObjects\Trigger.spec.js:1367:43)
]]></system-err>
    </testcase>
  </testsuite>
</testsuites>