<?xml version="1.0" encoding="UTF-8"?>
<testsuites tests="29" failures="13" errors="13" skipped="13">
  <testsuite timestamp="2025-08-18T22:56:35" time="786.273" tests="29" failures="13" errors="13" skipped="13">
    <properties>
      <property name="specId" value="0"/>
      <property name="suiteName" value="Replenishment"/>
      <property name="capabilities" value="chrome.139_0_7258_67.windows"/>
      <property name="file" value="file:///D:/a/1/s/test/specs/BusinessOperations/Replenishment.spec.js"/>
    </properties>
    <testcase classname="chrome.139_0_7258_67.windows.Replenishment" name="Should create Program" time="94.158">
      <system-out><![CDATA[
COMMAND: POST /session/27d25bb08839a26db7a1c0faa879d2b1/execute/async - {"script":"<script> [21 bytes]","args":[{"selector":{"controlType":"sap.m.GenericTile","properties":{"header":"Funding Program"}},"wdio_ui5_key":"sapm.GenericTile{\"header\":\"Funding Program\"}"}]}
RESULT: {"script":"<script> [21 bytes]","args":[{"selector":{"controlType":"sap.m.GenericTile","properties":{"header":"Funding Program"}},"wdio_ui5_key":"sapm.GenericTile{\"header\":\"Funding Program\"}"}]}
RESULT: undefined
COMMAND: POST /session/27d25bb08839a26db7a1c0faa879d2b1/element - {"using":"xpath","value":"//*[@id=\"__tile29\"]"}
RESULT: {"using":"xpath","value":"//*[@id=\"__tile29\"]"}
COMMAND: POST /session/27d25bb08839a26db7a1c0faa879d2b1/element/f.8E49323B81461E29E0D2B76946206F2C.d.CEB162704A31F9B5249954B89E1246A1.e.75/click - {}
RESULT: {}
COMMAND: POST /session/27d25bb08839a26db7a1c0faa879d2b1/execute/async - {"script":"<script> [21 bytes]","args":[{"selector":{"id":"rfm.programui::xRFMxCU_ProgramList--fe::table::allTab::LineItem::StandardAction::Create","controlType":"sap.m.Button"},"wdio_ui5_key":"rfmprogramui::xRFMxCU_ProgramList--fe::table::allTab::LineItem::StandardAction::Createsap.m.Button"}]}
COMMAND: GET /session/27d25bb08839a26db7a1c0faa879d2b1/screenshot - {}
RESULT: {"script":"<script> [21 bytes]","args":[{"selector":{"id":"rfm.programui::xRFMxCU_ProgramList--fe::table::allTab::LineItem::StandardAction::Create","controlType":"sap.m.Button"},"wdio_ui5_key":"rfmprogramui::xRFMxCU_ProgramList--fe::table::allTab::LineItem::StandardAction::Createsap.m.Button"}]}
RESULT: undefined
COMMAND: POST /session/27d25bb08839a26db7a1c0faa879d2b1/element - {"using":"xpath","value":"//*[@id=\"rfm.programui::xRFMxCU_ProgramList--fe::table::allTab::LineItem::StandardAction::Create\"]"}
RESULT: {}
RESULT: {"using":"xpath","value":"//*[@id=\"rfm.programui::xRFMxCU_ProgramList--fe::table::allTab::LineItem::StandardAction::Create\"]"}
COMMAND: POST /session/27d25bb08839a26db7a1c0faa879d2b1/element/f.8E49323B81461E29E0D2B76946206F2C.d.CEB162704A31F9B5249954B89E1246A1.e.130/click - {}
RESULT: {}
COMMAND: GET /session/27d25bb08839a26db7a1c0faa879d2b1/screenshot - {}
RESULT: {}
COMMAND: POST /session/27d25bb08839a26db7a1c0faa879d2b1/execute/async - {"script":"<script> [21 bytes]","args":[{"selector":{"id":"CreateDialog::xRFMxCU_ProgramType::FundingScope-inner","searchOpenDialogs":true,"interaction":{"idSuffix":"inner"}},"wdio_ui5_key":"CreateDialogxRFMxCU_ProgramType::FundingScope-inner"}]}
RESULT: {"script":"<script> [21 bytes]","args":[{"selector":{"id":"CreateDialog::xRFMxCU_ProgramType::FundingScope-inner","searchOpenDialogs":true,"interaction":{"idSuffix":"inner"}},"wdio_ui5_key":"CreateDialogxRFMxCU_ProgramType::FundingScope-inner"}]}
RESULT: undefined
COMMAND: POST /session/27d25bb08839a26db7a1c0faa879d2b1/execute/async - {"script":"<script> [20 bytes]","args":[{"enterText":"Total","selector":{"id":"CreateDialog::xRFMxCU_ProgramType::FundingScope-inner","searchOpenDialogs":true,"interaction":{"idSuffix":"inner"}},"clearTextFirst":true,"interactionType":"ENTER_TEXT"}]}
RESULT: {"script":"<script> [20 bytes]","args":[{"enterText":"Total","selector":{"id":"CreateDialog::xRFMxCU_ProgramType::FundingScope-inner","searchOpenDialogs":true,"interaction":{"idSuffix":"inner"}},"clearTextFirst":true,"interactionType":"ENTER_TEXT"}]}
COMMAND: POST /session/27d25bb08839a26db7a1c0faa879d2b1/execute/async - {"script":"<script> [21 bytes]","args":[{"selector":{"id":"CreateDialog::xRFMxCU_ProgramType::ValidFrom-inner","searchOpenDialogs":true,"interaction":{"idSuffix":"inner"}},"wdio_ui5_key":"CreateDialogxRFMxCU_ProgramType::ValidFrom-inner"}]}
RESULT: {"script":"<script> [21 bytes]","args":[{"selector":{"id":"CreateDialog::xRFMxCU_ProgramType::ValidFrom-inner","searchOpenDialogs":true,"interaction":{"idSuffix":"inner"}},"wdio_ui5_key":"CreateDialogxRFMxCU_ProgramType::ValidFrom-inner"}]}
RESULT: undefined
COMMAND: POST /session/27d25bb08839a26db7a1c0faa879d2b1/execute/async - {"script":"<script> [20 bytes]","args":[{"enterText":"2025-01-01","selector":{"id":"CreateDialog::xRFMxCU_ProgramType::ValidFrom-inner","searchOpenDialogs":true,"interaction":{"idSuffix":"inner"}},"clearTextFirst":true,"interactionType":"ENTER_TEXT"}]}
RESULT: {"script":"<script> [20 bytes]","args":[{"enterText":"2025-01-01","selector":{"id":"CreateDialog::xRFMxCU_ProgramType::ValidFrom-inner","searchOpenDialogs":true,"interaction":{"idSuffix":"inner"}},"clearTextFirst":true,"interactionType":"ENTER_TEXT"}]}
COMMAND: POST /session/27d25bb08839a26db7a1c0faa879d2b1/execute/async - {"script":"<script> [21 bytes]","args":[{"selector":{"id":"CreateDialog::xRFMxCU_ProgramType::PortfolioId-inner","searchOpenDialogs":true,"interaction":{"idSuffix":"inner"}},"wdio_ui5_key":"CreateDialogxRFMxCU_ProgramType::PortfolioId-inner"}]}
RESULT: {"script":"<script> [21 bytes]","args":[{"selector":{"id":"CreateDialog::xRFMxCU_ProgramType::PortfolioId-inner","searchOpenDialogs":true,"interaction":{"idSuffix":"inner"}},"wdio_ui5_key":"CreateDialogxRFMxCU_ProgramType::PortfolioId-inner"}]}
RESULT: undefined
COMMAND: POST /session/27d25bb08839a26db7a1c0faa879d2b1/execute/async - {"script":"<script> [20 bytes]","args":[{"enterText":"1","selector":{"id":"CreateDialog::xRFMxCU_ProgramType::PortfolioId-inner","searchOpenDialogs":true,"interaction":{"idSuffix":"inner"}},"clearTextFirst":true,"interactionType":"ENTER_TEXT"}]}
RESULT: {"script":"<script> [20 bytes]","args":[{"enterText":"1","selector":{"id":"CreateDialog::xRFMxCU_ProgramType::PortfolioId-inner","searchOpenDialogs":true,"interaction":{"idSuffix":"inner"}},"clearTextFirst":true,"interactionType":"ENTER_TEXT"}]}
COMMAND: POST /session/27d25bb08839a26db7a1c0faa879d2b1/execute/async - {"script":"<script> [21 bytes]","args":[{"selector":{"controlType":"sap.m.Button","viewName":"sap.fe.templates.ObjectPage.ObjectPage","viewId":"rfm.programui::xRFMxCU_ProgramObjectPage","properties":{"text":"Continue"},"searchOpenDialogs":true,"interaction":{"idSuffix":"BDI-content"}},"wdio_ui5_key":"sapfe.templates.ObjectPage.ObjectPagesap.m.Button{\"text\":\"Continue\"}"}]}
RESULT: {"script":"<script> [21 bytes]","args":[{"selector":{"controlType":"sap.m.Button","viewName":"sap.fe.templates.ObjectPage.ObjectPage","viewId":"rfm.programui::xRFMxCU_ProgramObjectPage","properties":{"text":"Continue"},"searchOpenDialogs":true,"interaction":{"idSuffix":"BDI-content"}},"wdio_ui5_key":"sapfe.templates.ObjectPage.ObjectPagesap.m.Button{\"text\":\"Continue\"}"}]}
RESULT: undefined
COMMAND: POST /session/27d25bb08839a26db7a1c0faa879d2b1/element - {"using":"xpath","value":"//*[@id=\"__button198\"]"}
RESULT: {"using":"xpath","value":"//*[@id=\"__button198\"]"}
COMMAND: POST /session/27d25bb08839a26db7a1c0faa879d2b1/element/f.8E49323B81461E29E0D2B76946206F2C.d.CEB162704A31F9B5249954B89E1246A1.e.301/click - {}
RESULT: {}
COMMAND: GET /session/27d25bb08839a26db7a1c0faa879d2b1/screenshot - {}
RESULT: {}
COMMAND: POST /session/27d25bb08839a26db7a1c0faa879d2b1/execute/async - {"script":"<script> [21 bytes]","args":[{"selector":{"id":"rfm.programui::xRFMxCU_ProgramObjectPage--fe::CustomSubSection::CustomDetailsSection--fe::FormContainer::FieldGroup::basicData1::FormElement::DataField::Currency::Field-edit-inner","interaction":{"idSuffix":"inner"}},"wdio_ui5_key":"rfmprogramui::xRFMxCU_ProgramObjectPage--fe::CustomSubSection::CustomDetailsSection--fe::FormContainer::FieldGroup::basicData1::FormElement::DataField::Currency::Field-edit-inner"}]}
RESULT: {"script":"<script> [21 bytes]","args":[{"selector":{"id":"rfm.programui::xRFMxCU_ProgramObjectPage--fe::CustomSubSection::CustomDetailsSection--fe::FormContainer::FieldGroup::basicData1::FormElement::DataField::Currency::Field-edit-inner","interaction":{"idSuffix":"inner"}},"wdio_ui5_key":"rfmprogramui::xRFMxCU_ProgramObjectPage--fe::CustomSubSection::CustomDetailsSection--fe::FormContainer::FieldGroup::basicData1::FormElement::DataField::Currency::Field-edit-inner"}]}
RESULT: undefined
COMMAND: POST /session/27d25bb08839a26db7a1c0faa879d2b1/execute/async - {"script":"<script> [20 bytes]","args":[{"enterText":"EUR","selector":{"id":"rfm.programui::xRFMxCU_ProgramObjectPage--fe::CustomSubSection::CustomDetailsSection--fe::FormContainer::FieldGroup::basicData1::FormElement::DataField::Currency::Field-edit-inner","interaction":{"idSuffix":"inner"}},"clearTextFirst":true,"interactionType":"ENTER_TEXT"}]}
RESULT: {"script":"<script> [20 bytes]","args":[{"enterText":"EUR","selector":{"id":"rfm.programui::xRFMxCU_ProgramObjectPage--fe::CustomSubSection::CustomDetailsSection--fe::FormContainer::FieldGroup::basicData1::FormElement::DataField::Currency::Field-edit-inner","interaction":{"idSuffix":"inner"}},"clearTextFirst":true,"interactionType":"ENTER_TEXT"}]}
COMMAND: POST /session/27d25bb08839a26db7a1c0faa879d2b1/execute/async - {"script":"<script> [21 bytes]","args":[{"selector":{"id":"rfm.programui::xRFMxCU_ProgramObjectPage--fe::CustomSubSection::CustomDetailsSection--fe::FormContainer::FieldGroup::basicData1::FormElement::DataField::Volume::Field-edit-inner","interaction":{"idSuffix":"inner"}},"wdio_ui5_key":"rfmprogramui::xRFMxCU_ProgramObjectPage--fe::CustomSubSection::CustomDetailsSection--fe::FormContainer::FieldGroup::basicData1::FormElement::DataField::Volume::Field-edit-inner"}]}
RESULT: {"script":"<script> [21 bytes]","args":[{"selector":{"id":"rfm.programui::xRFMxCU_ProgramObjectPage--fe::CustomSubSection::CustomDetailsSection--fe::FormContainer::FieldGroup::basicData1::FormElement::DataField::Volume::Field-edit-inner","interaction":{"idSuffix":"inner"}},"wdio_ui5_key":"rfmprogramui::xRFMxCU_ProgramObjectPage--fe::CustomSubSection::CustomDetailsSection--fe::FormContainer::FieldGroup::basicData1::FormElement::DataField::Volume::Field-edit-inner"}]}
RESULT: undefined
COMMAND: POST /session/27d25bb08839a26db7a1c0faa879d2b1/execute/async - {"script":"<script> [20 bytes]","args":[{"enterText":"1,000,000,000.00","selector":{"id":"rfm.programui::xRFMxCU_ProgramObjectPage--fe::CustomSubSection::CustomDetailsSection--fe::FormContainer::FieldGroup::basicData1::FormElement::DataField::Volume::Field-edit-inner","interaction":{"idSuffix":"inner"}},"clearTextFirst":true,"interactionType":"ENTER_TEXT"}]}
RESULT: {"script":"<script> [20 bytes]","args":[{"enterText":"1,000,000,000.00","selector":{"id":"rfm.programui::xRFMxCU_ProgramObjectPage--fe::CustomSubSection::CustomDetailsSection--fe::FormContainer::FieldGroup::basicData1::FormElement::DataField::Volume::Field-edit-inner","interaction":{"idSuffix":"inner"}},"clearTextFirst":true,"interactionType":"ENTER_TEXT"}]}
COMMAND: POST /session/27d25bb08839a26db7a1c0faa879d2b1/execute/async - {"script":"<script> [21 bytes]","args":[{"selector":{"id":"rfm.programui::xRFMxCU_ProgramObjectPage--fe::CustomSubSection::CustomDetailsSection--fe::FormContainer::FieldGroup::basicData1::FormElement::DataField::ValidTo::Field-edit","interaction":{"idSuffix":"inner"}},"wdio_ui5_key":"rfmprogramui::xRFMxCU_ProgramObjectPage--fe::CustomSubSection::CustomDetailsSection--fe::FormContainer::FieldGroup::basicData1::FormElement::DataField::ValidTo::Field-edit"}]}
RESULT: {"script":"<script> [21 bytes]","args":[{"selector":{"id":"rfm.programui::xRFMxCU_ProgramObjectPage--fe::CustomSubSection::CustomDetailsSection--fe::FormContainer::FieldGroup::basicData1::FormElement::DataField::ValidTo::Field-edit","interaction":{"idSuffix":"inner"}},"wdio_ui5_key":"rfmprogramui::xRFMxCU_ProgramObjectPage--fe::CustomSubSection::CustomDetailsSection--fe::FormContainer::FieldGroup::basicData1::FormElement::DataField::ValidTo::Field-edit"}]}
RESULT: undefined
COMMAND: POST /session/27d25bb08839a26db7a1c0faa879d2b1/execute/async - {"script":"<script> [20 bytes]","args":[{"enterText":"2027-12-31","selector":{"id":"rfm.programui::xRFMxCU_ProgramObjectPage--fe::CustomSubSection::CustomDetailsSection--fe::FormContainer::FieldGroup::basicData1::FormElement::DataField::ValidTo::Field-edit","interaction":{"idSuffix":"inner"}},"clearTextFirst":true,"interactionType":"ENTER_TEXT"}]}
RESULT: {"script":"<script> [20 bytes]","args":[{"enterText":"2027-12-31","selector":{"id":"rfm.programui::xRFMxCU_ProgramObjectPage--fe::CustomSubSection::CustomDetailsSection--fe::FormContainer::FieldGroup::basicData1::FormElement::DataField::ValidTo::Field-edit","interaction":{"idSuffix":"inner"}},"clearTextFirst":true,"interactionType":"ENTER_TEXT"}]}
COMMAND: POST /session/27d25bb08839a26db7a1c0faa879d2b1/execute/async - {"script":"<script> [21 bytes]","args":[{"selector":{"id":"rfm.programui::xRFMxCU_ProgramObjectPage--fe::CustomSubSection::CustomDetailsSection--fe::FormContainer::FieldGroup::basicData2::FormElement::DataField::CompanyCode::Field-edit-inner","interaction":{"idSuffix":"inner"}},"wdio_ui5_key":"rfmprogramui::xRFMxCU_ProgramObjectPage--fe::CustomSubSection::CustomDetailsSection--fe::FormContainer::FieldGroup::basicData2::FormElement::DataField::CompanyCode::Field-edit-inner"}]}
RESULT: {"script":"<script> [21 bytes]","args":[{"selector":{"id":"rfm.programui::xRFMxCU_ProgramObjectPage--fe::CustomSubSection::CustomDetailsSection--fe::FormContainer::FieldGroup::basicData2::FormElement::DataField::CompanyCode::Field-edit-inner","interaction":{"idSuffix":"inner"}},"wdio_ui5_key":"rfmprogramui::xRFMxCU_ProgramObjectPage--fe::CustomSubSection::CustomDetailsSection--fe::FormContainer::FieldGroup::basicData2::FormElement::DataField::CompanyCode::Field-edit-inner"}]}
RESULT: undefined
COMMAND: POST /session/27d25bb08839a26db7a1c0faa879d2b1/execute/async - {"script":"<script> [20 bytes]","args":[{"enterText":"BearingPoint (0001)","selector":{"id":"rfm.programui::xRFMxCU_ProgramObjectPage--fe::CustomSubSection::CustomDetailsSection--fe::FormContainer::FieldGroup::basicData2::FormElement::DataField::CompanyCode::Field-edit-inner","interaction":{"idSuffix":"inner"}},"clearTextFirst":true,"interactionType":"ENTER_TEXT"}]}
RESULT: {"script":"<script> [20 bytes]","args":[{"enterText":"BearingPoint (0001)","selector":{"id":"rfm.programui::xRFMxCU_ProgramObjectPage--fe::CustomSubSection::CustomDetailsSection--fe::FormContainer::FieldGroup::basicData2::FormElement::DataField::CompanyCode::Field-edit-inner","interaction":{"idSuffix":"inner"}},"clearTextFirst":true,"interactionType":"ENTER_TEXT"}]}
COMMAND: POST /session/27d25bb08839a26db7a1c0faa879d2b1/execute/async - {"script":"<script> [21 bytes]","args":[{"selector":{"id":"rfm.programui::xRFMxCU_ProgramObjectPage--fe::CustomSubSection::CustomDetailsSection--DetailsFundingTypesTable-content::StandardAction::Create","interaction":{"idSuffix":"BDI-content"}},"wdio_ui5_key":"rfmprogramui::xRFMxCU_ProgramObjectPage--fe::CustomSubSection::CustomDetailsSection--DetailsFundingTypesTable-content::StandardAction::Create"}]}
RESULT: {"script":"<script> [21 bytes]","args":[{"selector":{"id":"rfm.programui::xRFMxCU_ProgramObjectPage--fe::CustomSubSection::CustomDetailsSection--DetailsFundingTypesTable-content::StandardAction::Create","interaction":{"idSuffix":"BDI-content"}},"wdio_ui5_key":"rfmprogramui::xRFMxCU_ProgramObjectPage--fe::CustomSubSection::CustomDetailsSection--DetailsFundingTypesTable-content::StandardAction::Create"}]}
RESULT: undefined
COMMAND: POST /session/27d25bb08839a26db7a1c0faa879d2b1/element - {"using":"xpath","value":"//*[@id=\"rfm.programui::xRFMxCU_ProgramObjectPage--fe::CustomSubSection::CustomDetailsSection--DetailsFundingTypesTable-content::StandardAction::Create\"]"}
RESULT: {"using":"xpath","value":"//*[@id=\"rfm.programui::xRFMxCU_ProgramObjectPage--fe::CustomSubSection::CustomDetailsSection--DetailsFundingTypesTable-content::StandardAction::Create\"]"}
COMMAND: POST /session/27d25bb08839a26db7a1c0faa879d2b1/element/f.8E49323B81461E29E0D2B76946206F2C.d.CEB162704A31F9B5249954B89E1246A1.e.365/click - {}
RESULT: {}
COMMAND: POST /session/27d25bb08839a26db7a1c0faa879d2b1/execute/async - {"script":"<script> [21 bytes]","args":[{"selector":{"id":"CreateDialog::xRFMxCU_ProgramFundingTypeType::FundingType-inner","searchOpenDialogs":true,"interaction":{"idSuffix":"inner"}},"wdio_ui5_key":"CreateDialogxRFMxCU_ProgramFundingTypeType::FundingType-inner"}]}
COMMAND: GET /session/27d25bb08839a26db7a1c0faa879d2b1/screenshot - {}
RESULT: {"script":"<script> [21 bytes]","args":[{"selector":{"id":"CreateDialog::xRFMxCU_ProgramFundingTypeType::FundingType-inner","searchOpenDialogs":true,"interaction":{"idSuffix":"inner"}},"wdio_ui5_key":"CreateDialogxRFMxCU_ProgramFundingTypeType::FundingType-inner"}]}
RESULT: undefined
COMMAND: POST /session/27d25bb08839a26db7a1c0faa879d2b1/execute/async - {"script":"<script> [20 bytes]","args":[{"enterText":"External Funding (40)","selector":{"id":"CreateDialog::xRFMxCU_ProgramFundingTypeType::FundingType-inner","searchOpenDialogs":true,"interaction":{"idSuffix":"inner"}},"clearTextFirst":true,"interactionType":"ENTER_TEXT"}]}
RESULT: {}
RESULT: {"script":"<script> [20 bytes]","args":[{"enterText":"External Funding (40)","selector":{"id":"CreateDialog::xRFMxCU_ProgramFundingTypeType::FundingType-inner","searchOpenDialogs":true,"interaction":{"idSuffix":"inner"}},"clearTextFirst":true,"interactionType":"ENTER_TEXT"}]}
COMMAND: POST /session/27d25bb08839a26db7a1c0faa879d2b1/execute/async - {"script":"<script> [21 bytes]","args":[{"selector":{"id":"CreateDialog::xRFMxCU_Program::_AllowedFundingType-footer","searchOpenDialogs":true},"wdio_ui5_key":"CreateDialogxRFMxCU_Program::_AllowedFundingType-footer"}]}
RESULT: {"script":"<script> [21 bytes]","args":[{"selector":{"id":"CreateDialog::xRFMxCU_Program::_AllowedFundingType-footer","searchOpenDialogs":true},"wdio_ui5_key":"CreateDialogxRFMxCU_Program::_AllowedFundingType-footer"}]}
RESULT: undefined
COMMAND: POST /session/27d25bb08839a26db7a1c0faa879d2b1/element - {"using":"xpath","value":"//*[@id=\"CreateDialog::xRFMxCU_Program::_AllowedFundingType-footer\"]"}
RESULT: {"using":"xpath","value":"//*[@id=\"CreateDialog::xRFMxCU_Program::_AllowedFundingType-footer\"]"}
COMMAND: POST /session/27d25bb08839a26db7a1c0faa879d2b1/element/f.8E49323B81461E29E0D2B76946206F2C.d.CEB162704A31F9B5249954B89E1246A1.e.508/click - {}
RESULT: {}
COMMAND: GET /session/27d25bb08839a26db7a1c0faa879d2b1/screenshot - {}
RESULT: {}
COMMAND: POST /session/27d25bb08839a26db7a1c0faa879d2b1/execute/async - {"script":"<script> [21 bytes]","args":[{"forceSelect":true,"selector":{"controlType":"sap.m.Button","viewName":"sap.fe.templates.ObjectPage.ObjectPage","viewId":"rfm.programui::xRFMxCU_Program__AllowedFundingTypeObjectPage","properties":{"text":"Continue"},"searchOpenDialogs":true,"interaction":{"idSuffix":"content"}},"wdio_ui5_key":"sapfe.templates.ObjectPage.ObjectPagesap.m.Button{\"text\":\"Continue\"}"}]}
RESULT: {"script":"<script> [21 bytes]","args":[{"forceSelect":true,"selector":{"controlType":"sap.m.Button","viewName":"sap.fe.templates.ObjectPage.ObjectPage","viewId":"rfm.programui::xRFMxCU_Program__AllowedFundingTypeObjectPage","properties":{"text":"Continue"},"searchOpenDialogs":true,"interaction":{"idSuffix":"content"}},"wdio_ui5_key":"sapfe.templates.ObjectPage.ObjectPagesap.m.Button{\"text\":\"Continue\"}"}]}
RESULT: undefined
COMMAND: POST /session/27d25bb08839a26db7a1c0faa879d2b1/element - {"using":"xpath","value":"//*[@id=\"__button211\"]"}
RESULT: {"using":"xpath","value":"//*[@id=\"__button211\"]"}
COMMAND: POST /session/27d25bb08839a26db7a1c0faa879d2b1/element/f.8E49323B81461E29E0D2B76946206F2C.d.CEB162704A31F9B5249954B89E1246A1.e.510/click - {}
RESULT: {}
COMMAND: GET /session/27d25bb08839a26db7a1c0faa879d2b1/screenshot - {}
RESULT: {}
COMMAND: POST /session/27d25bb08839a26db7a1c0faa879d2b1/execute/async - {"script":"<script> [21 bytes]","args":[{"selector":{"id":"rfm.programui::xRFMxCU_Program__AllowedFundingTypeObjectPage--fe::FooterBar::_fc"},"wdio_ui5_key":"rfmprogramui::xRFMxCU_Program__AllowedFundingTypeObjectPage--fe::FooterBar::_fc"}]}
RESULT: {"script":"<script> [21 bytes]","args":[{"selector":{"id":"rfm.programui::xRFMxCU_Program__AllowedFundingTypeObjectPage--fe::FooterBar::_fc"},"wdio_ui5_key":"rfmprogramui::xRFMxCU_Program__AllowedFundingTypeObjectPage--fe::FooterBar::_fc"}]}
RESULT: undefined
COMMAND: POST /session/27d25bb08839a26db7a1c0faa879d2b1/element - {"using":"xpath","value":"//*[@id=\"rfm.programui::xRFMxCU_Program__AllowedFundingTypeObjectPage--fe::FooterBar::_fc\"]"}
RESULT: {"using":"xpath","value":"//*[@id=\"rfm.programui::xRFMxCU_Program__AllowedFundingTypeObjectPage--fe::FooterBar::_fc\"]"}
COMMAND: POST /session/27d25bb08839a26db7a1c0faa879d2b1/element/f.8E49323B81461E29E0D2B76946206F2C.d.CEB162704A31F9B5249954B89E1246A1.e.516/click - {}
RESULT: {}
COMMAND: GET /session/27d25bb08839a26db7a1c0faa879d2b1/screenshot - {}
RESULT: {}
COMMAND: POST /session/27d25bb08839a26db7a1c0faa879d2b1/execute/async - {"script":"<script> [21 bytes]","args":[{"forceSelect":true,"selector":{"id":"rfm.programui::xRFMxCU_Program__AllowedFundingTypeObjectPage--fe::FooterBar::StandardAction::Apply"},"wdio_ui5_key":"rfmprogramui::xRFMxCU_Program__AllowedFundingTypeObjectPage--fe::FooterBar::StandardAction::Apply"}]}
RESULT: {"script":"<script> [21 bytes]","args":[{"forceSelect":true,"selector":{"id":"rfm.programui::xRFMxCU_Program__AllowedFundingTypeObjectPage--fe::FooterBar::StandardAction::Apply"},"wdio_ui5_key":"rfmprogramui::xRFMxCU_Program__AllowedFundingTypeObjectPage--fe::FooterBar::StandardAction::Apply"}]}
RESULT: undefined
COMMAND: POST /session/27d25bb08839a26db7a1c0faa879d2b1/element - {"using":"xpath","value":"//*[@id=\"rfm.programui::xRFMxCU_Program__AllowedFundingTypeObjectPage--fe::FooterBar::StandardAction::Apply\"]"}
RESULT: {"using":"xpath","value":"//*[@id=\"rfm.programui::xRFMxCU_Program__AllowedFundingTypeObjectPage--fe::FooterBar::StandardAction::Apply\"]"}
COMMAND: POST /session/27d25bb08839a26db7a1c0faa879d2b1/element/f.8E49323B81461E29E0D2B76946206F2C.d.CEB162704A31F9B5249954B89E1246A1.e.503/click - {}
RESULT: {}
COMMAND: GET /session/27d25bb08839a26db7a1c0faa879d2b1/screenshot - {}
RESULT: {}
COMMAND: POST /session/27d25bb08839a26db7a1c0faa879d2b1/execute/async - {"script":"<script> [21 bytes]","args":[{"selector":{"id":"rfm.programui::xRFMxCU_ProgramObjectPage--fe::ObjectPage-anchBar-rfm.programui::xRFMxCU_ProgramObjectPage--fe::EditableHeaderSection-anchor","interaction":{"idSuffix":"text"}},"wdio_ui5_key":"rfmprogramui::xRFMxCU_ProgramObjectPage--fe::ObjectPage-anchBar-rfm.programui::xRFMxCU_ProgramObjectPage--fe::EditableHeaderSection-anchor"}]}
RESULT: {"script":"<script> [21 bytes]","args":[{"selector":{"id":"rfm.programui::xRFMxCU_ProgramObjectPage--fe::ObjectPage-anchBar-rfm.programui::xRFMxCU_ProgramObjectPage--fe::EditableHeaderSection-anchor","interaction":{"idSuffix":"text"}},"wdio_ui5_key":"rfmprogramui::xRFMxCU_ProgramObjectPage--fe::ObjectPage-anchBar-rfm.programui::xRFMxCU_ProgramObjectPage--fe::EditableHeaderSection-anchor"}]}
RESULT: undefined
COMMAND: POST /session/27d25bb08839a26db7a1c0faa879d2b1/element - {"using":"xpath","value":"//*[@id=\"rfm.programui::xRFMxCU_ProgramObjectPage--fe::ObjectPage-anchBar-rfm.programui::xRFMxCU_ProgramObjectPage--fe::EditableHeaderSection-anchor\"]"}
RESULT: {"using":"xpath","value":"//*[@id=\"rfm.programui::xRFMxCU_ProgramObjectPage--fe::ObjectPage-anchBar-rfm.programui::xRFMxCU_ProgramObjectPage--fe::EditableHeaderSection-anchor\"]"}
COMMAND: POST /session/27d25bb08839a26db7a1c0faa879d2b1/element/f.8E49323B81461E29E0D2B76946206F2C.d.CEB162704A31F9B5249954B89E1246A1.e.558/click - {}
RESULT: {}
COMMAND: GET /session/27d25bb08839a26db7a1c0faa879d2b1/screenshot - {}
RESULT: {}
COMMAND: POST /session/27d25bb08839a26db7a1c0faa879d2b1/execute/async - {"script":"<script> [21 bytes]","args":[{"selector":{"id":"rfm.programui::xRFMxCU_ProgramObjectPage--fe::HeaderFacet::FormContainer::headerFieldsGP1::FormElement::DataField::Name::Field-edit","interaction":{"idSuffix":"inner"}},"wdio_ui5_key":"rfmprogramui::xRFMxCU_ProgramObjectPage--fe::HeaderFacet::FormContainer::headerFieldsGP1::FormElement::DataField::Name::Field-edit"}]}
RESULT: {"script":"<script> [21 bytes]","args":[{"selector":{"id":"rfm.programui::xRFMxCU_ProgramObjectPage--fe::HeaderFacet::FormContainer::headerFieldsGP1::FormElement::DataField::Name::Field-edit","interaction":{"idSuffix":"inner"}},"wdio_ui5_key":"rfmprogramui::xRFMxCU_ProgramObjectPage--fe::HeaderFacet::FormContainer::headerFieldsGP1::FormElement::DataField::Name::Field-edit"}]}
RESULT: undefined
COMMAND: POST /session/27d25bb08839a26db7a1c0faa879d2b1/execute/async - {"script":"<script> [20 bytes]","args":[{"enterText":"WDIO_Replenishment_2025-08-18_22-56-31","selector":{"id":"rfm.programui::xRFMxCU_ProgramObjectPage--fe::HeaderFacet::FormContainer::headerFieldsGP1::FormElement::DataField::Name::Field-edit","interaction":{"idSuffix":"inner"}},"clearTextFirst":true,"interactionType":"ENTER_TEXT"}]}
RESULT: {"script":"<script> [20 bytes]","args":[{"enterText":"WDIO_Replenishment_2025-08-18_22-56-31","selector":{"id":"rfm.programui::xRFMxCU_ProgramObjectPage--fe::HeaderFacet::FormContainer::headerFieldsGP1::FormElement::DataField::Name::Field-edit","interaction":{"idSuffix":"inner"}},"clearTextFirst":true,"interactionType":"ENTER_TEXT"}]}
COMMAND: POST /session/27d25bb08839a26db7a1c0faa879d2b1/execute/async - {"script":"<script> [21 bytes]","args":[{"selector":{"id":"rfm.programui::xRFMxCU_ProgramObjectPage--fe::FooterBar::StandardAction::Save","interaction":{"idSuffix":"BDI-content"}},"wdio_ui5_key":"rfmprogramui::xRFMxCU_ProgramObjectPage--fe::FooterBar::StandardAction::Save"}]}
RESULT: {"script":"<script> [21 bytes]","args":[{"selector":{"id":"rfm.programui::xRFMxCU_ProgramObjectPage--fe::FooterBar::StandardAction::Save","interaction":{"idSuffix":"BDI-content"}},"wdio_ui5_key":"rfmprogramui::xRFMxCU_ProgramObjectPage--fe::FooterBar::StandardAction::Save"}]}
RESULT: undefined
COMMAND: POST /session/27d25bb08839a26db7a1c0faa879d2b1/element - {"using":"xpath","value":"//*[@id=\"rfm.programui::xRFMxCU_ProgramObjectPage--fe::FooterBar::StandardAction::Save\"]"}
RESULT: {"using":"xpath","value":"//*[@id=\"rfm.programui::xRFMxCU_ProgramObjectPage--fe::FooterBar::StandardAction::Save\"]"}
COMMAND: POST /session/27d25bb08839a26db7a1c0faa879d2b1/element/f.8E49323B81461E29E0D2B76946206F2C.d.CEB162704A31F9B5249954B89E1246A1.e.420/click - {}
RESULT: {}
COMMAND: POST /session/27d25bb08839a26db7a1c0faa879d2b1/execute/async - {"script":"<script> [21 bytes]","args":[{"selector":{"id":"rfm.programui::xRFMxCU_ProgramObjectPage--fe::HeaderFacet::Form::headerFieldsGP1::DataField::ProgramId::Field-content"},"wdio_ui5_key":"rfmprogramui::xRFMxCU_ProgramObjectPage--fe::HeaderFacet::Form::headerFieldsGP1::DataField::ProgramId::Field-content"}]}
COMMAND: GET /session/27d25bb08839a26db7a1c0faa879d2b1/screenshot - {}
RESULT: {"script":"<script> [21 bytes]","args":[{"selector":{"id":"rfm.programui::xRFMxCU_ProgramObjectPage--fe::HeaderFacet::Form::headerFieldsGP1::DataField::ProgramId::Field-content"},"wdio_ui5_key":"rfmprogramui::xRFMxCU_ProgramObjectPage--fe::HeaderFacet::Form::headerFieldsGP1::DataField::ProgramId::Field-content"}]}
RESULT: undefined
COMMAND: POST /session/27d25bb08839a26db7a1c0faa879d2b1/execute/async - {"script":"<script> [21 bytes]","args":[{"element-6066-11e4-a52e-4f735466cecf":"f.8E49323B81461E29E0D2B76946206F2C.d.CEB162704A31F9B5249954B89E1246A1.e.575"},"getText",[]]}
RESULT: {}
RESULT: {"script":"<script> [21 bytes]","args":[{"element-6066-11e4-a52e-4f735466cecf":"f.8E49323B81461E29E0D2B76946206F2C.d.CEB162704A31F9B5249954B89E1246A1.e.575"},"getText",[]]}
COMMAND: POST /session/27d25bb08839a26db7a1c0faa879d2b1/execute/async - {"script":"<script> [21 bytes]","args":[{"selector":{"id":"rfm.programui::xRFMxCU_ProgramObjectPage--fe::DataFieldForAction::com.sap.gateway.srvd.rfm.ui_program.v0001.Open::com.sap.gateway.srvd.rfm.ui_program.v0001.xRFMxCU_ProgramType","interaction":{"idSuffix":"BDI-content"}},"wdio_ui5_key":"rfmprogramui::xRFMxCU_ProgramObjectPage--fe::DataFieldForAction::com.sap.gateway.srvd.rfm.ui_program.v0001.Open::com.sap.gateway.srvd.rfm.ui_program.v0001.xRFMxCU_ProgramType"}]}
RESULT: {"script":"<script> [21 bytes]","args":[{"selector":{"id":"rfm.programui::xRFMxCU_ProgramObjectPage--fe::DataFieldForAction::com.sap.gateway.srvd.rfm.ui_program.v0001.Open::com.sap.gateway.srvd.rfm.ui_program.v0001.xRFMxCU_ProgramType","interaction":{"idSuffix":"BDI-content"}},"wdio_ui5_key":"rfmprogramui::xRFMxCU_ProgramObjectPage--fe::DataFieldForAction::com.sap.gateway.srvd.rfm.ui_program.v0001.Open::com.sap.gateway.srvd.rfm.ui_program.v0001.xRFMxCU_ProgramType"}]}
RESULT: undefined
COMMAND: POST /session/27d25bb08839a26db7a1c0faa879d2b1/element - {"using":"xpath","value":"//*[@id=\"rfm.programui::xRFMxCU_ProgramObjectPage--fe::DataFieldForAction::com.sap.gateway.srvd.rfm.ui_program.v0001.Open::com.sap.gateway.srvd.rfm.ui_program.v0001.xRFMxCU_ProgramType\"]"}
RESULT: {"using":"xpath","value":"//*[@id=\"rfm.programui::xRFMxCU_ProgramObjectPage--fe::DataFieldForAction::com.sap.gateway.srvd.rfm.ui_program.v0001.Open::com.sap.gateway.srvd.rfm.ui_program.v0001.xRFMxCU_ProgramType\"]"}
COMMAND: POST /session/27d25bb08839a26db7a1c0faa879d2b1/element/f.8E49323B81461E29E0D2B76946206F2C.d.CEB162704A31F9B5249954B89E1246A1.e.339/click - {}
RESULT: {}
COMMAND: GET /session/27d25bb08839a26db7a1c0faa879d2b1/screenshot - {}
RESULT: {}
COMMAND: POST /session/27d25bb08839a26db7a1c0faa879d2b1/execute/async - {"script":"<script> [21 bytes]","args":[{"selector":{"controlType":"sap.m.Button","properties":{"text":"OK"},"searchOpenDialogs":true,"interaction":{"idSuffix":"BDI-content"}},"wdio_ui5_key":"sapm.Button{\"text\":\"OK\"}"}]}
RESULT: {"script":"<script> [21 bytes]","args":[{"selector":{"controlType":"sap.m.Button","properties":{"text":"OK"},"searchOpenDialogs":true,"interaction":{"idSuffix":"BDI-content"}},"wdio_ui5_key":"sapm.Button{\"text\":\"OK\"}"}]}
RESULT: undefined
COMMAND: POST /session/27d25bb08839a26db7a1c0faa879d2b1/element - {"using":"xpath","value":"//*[@id=\"__mbox-btn-0\"]"}
RESULT: {"using":"xpath","value":"//*[@id=\"__mbox-btn-0\"]"}
COMMAND: POST /session/27d25bb08839a26db7a1c0faa879d2b1/element/f.8E49323B81461E29E0D2B76946206F2C.d.CEB162704A31F9B5249954B89E1246A1.e.610/click - {}
RESULT: {}
COMMAND: POST /session/27d25bb08839a26db7a1c0faa879d2b1/execute/async - {"script":"<script> [21 bytes]","args":[{"selector":{"id":"backBtn"},"wdio_ui5_key":"backBtn"}]}
COMMAND: GET /session/27d25bb08839a26db7a1c0faa879d2b1/screenshot - {}
RESULT: {"script":"<script> [21 bytes]","args":[{"selector":{"id":"backBtn"},"wdio_ui5_key":"backBtn"}]}
RESULT: undefined
COMMAND: POST /session/27d25bb08839a26db7a1c0faa879d2b1/element - {"using":"xpath","value":"//*[@id=\"backBtn\"]"}
RESULT: {}
RESULT: {"using":"xpath","value":"//*[@id=\"backBtn\"]"}
COMMAND: POST /session/27d25bb08839a26db7a1c0faa879d2b1/element/f.8E49323B81461E29E0D2B76946206F2C.d.CEB162704A31F9B5249954B89E1246A1.e.615/click - {}
RESULT: {}
COMMAND: GET /session/27d25bb08839a26db7a1c0faa879d2b1/screenshot - {}
RESULT: {}
COMMAND: POST /session/27d25bb08839a26db7a1c0faa879d2b1/element/f.8E49323B81461E29E0D2B76946206F2C.d.CEB162704A31F9B5249954B89E1246A1.e.615/click - {}
COMMAND: GET /session/27d25bb08839a26db7a1c0faa879d2b1/screenshot - {}
]]></system-out>
    </testcase>
    <testcase classname="chrome.139_0_7258_67.windows.Replenishment" name="Should create asset 1" time="124.302">
      <skipped/>
      <system-out><![CDATA[
RESULT: {}
COMMAND: GET /session/27d25bb08839a26db7a1c0faa879d2b1/screenshot - {}
RESULT: {}
RESULT: {}
COMMAND: POST /session/27d25bb08839a26db7a1c0faa879d2b1/execute/async - {"script":"<script> [21 bytes]","args":[{"selector":{"controlType":"sap.m.GenericTile","properties":{"header":"Funding Asset"}},"wdio_ui5_key":"sapm.GenericTile{\"header\":\"Funding Asset\"}"}]}
RESULT: {"script":"<script> [21 bytes]","args":[{"selector":{"controlType":"sap.m.GenericTile","properties":{"header":"Funding Asset"}},"wdio_ui5_key":"sapm.GenericTile{\"header\":\"Funding Asset\"}"}]}
RESULT: undefined
COMMAND: POST /session/27d25bb08839a26db7a1c0faa879d2b1/element - {"using":"xpath","value":"//*[@id=\"__tile53\"]"}
RESULT: {"using":"xpath","value":"//*[@id=\"__tile53\"]"}
COMMAND: POST /session/27d25bb08839a26db7a1c0faa879d2b1/element/f.8E49323B81461E29E0D2B76946206F2C.d.CEB162704A31F9B5249954B89E1246A1.e.724/click - {}
RESULT: {}
COMMAND: POST /session/27d25bb08839a26db7a1c0faa879d2b1/execute/async - {"script":"<script> [21 bytes]","args":[{"selector":{"id":"rfm.assetui::xRFMxCU_AssetList--fe::table::allTab::LineItem::StandardAction::Create","controlType":"sap.m.Button"},"wdio_ui5_key":"rfmassetui::xRFMxCU_AssetList--fe::table::allTab::LineItem::StandardAction::Createsap.m.Button"}]}
COMMAND: GET /session/27d25bb08839a26db7a1c0faa879d2b1/screenshot - {}
RESULT: {"script":"<script> [21 bytes]","args":[{"selector":{"id":"rfm.assetui::xRFMxCU_AssetList--fe::table::allTab::LineItem::StandardAction::Create","controlType":"sap.m.Button"},"wdio_ui5_key":"rfmassetui::xRFMxCU_AssetList--fe::table::allTab::LineItem::StandardAction::Createsap.m.Button"}]}
RESULT: undefined
COMMAND: POST /session/27d25bb08839a26db7a1c0faa879d2b1/element - {"using":"xpath","value":"//*[@id=\"rfm.assetui::xRFMxCU_AssetList--fe::table::allTab::LineItem::StandardAction::Create\"]"}
RESULT: {}
RESULT: {"using":"xpath","value":"//*[@id=\"rfm.assetui::xRFMxCU_AssetList--fe::table::allTab::LineItem::StandardAction::Create\"]"}
COMMAND: POST /session/27d25bb08839a26db7a1c0faa879d2b1/element/f.8E49323B81461E29E0D2B76946206F2C.d.CEB162704A31F9B5249954B89E1246A1.e.777/click - {}
RESULT: {}
COMMAND: GET /session/27d25bb08839a26db7a1c0faa879d2b1/screenshot - {}
RESULT: {}
COMMAND: POST /session/27d25bb08839a26db7a1c0faa879d2b1/execute/async - {"script":"<script> [21 bytes]","args":[{"selector":{"id":"CreateDialog::xRFMxCU_AssetType::AssetIdExtern-inner","controlType":"sap.ui.mdc.field.FieldInput","searchOpenDialogs":true},"wdio_ui5_key":"CreateDialogxRFMxCU_AssetType::AssetIdExtern-innersap.ui.mdc.field.FieldInput"}]}
RESULT: {"script":"<script> [21 bytes]","args":[{"selector":{"id":"CreateDialog::xRFMxCU_AssetType::AssetIdExtern-inner","controlType":"sap.ui.mdc.field.FieldInput","searchOpenDialogs":true},"wdio_ui5_key":"CreateDialogxRFMxCU_AssetType::AssetIdExtern-innersap.ui.mdc.field.FieldInput"}]}
RESULT: undefined
COMMAND: POST /session/27d25bb08839a26db7a1c0faa879d2b1/execute/async - {"script":"<script> [21 bytes]","args":[{"element-6066-11e4-a52e-4f735466cecf":"f.8E49323B81461E29E0D2B76946206F2C.d.CEB162704A31F9B5249954B89E1246A1.e.919"},"setValue",["WDIO_Replenishment_2025-08-18_22-56-31"]]}
RESULT: {"script":"<script> [21 bytes]","args":[{"element-6066-11e4-a52e-4f735466cecf":"f.8E49323B81461E29E0D2B76946206F2C.d.CEB162704A31F9B5249954B89E1246A1.e.919"},"setValue",["WDIO_Replenishment_2025-08-18_22-56-31"]]}
COMMAND: POST /session/27d25bb08839a26db7a1c0faa879d2b1/execute/async - {"script":"<script> [21 bytes]","args":[{"selector":{"id":"CreateDialog::xRFMxCU_AssetType::ExternalSystem-inner","searchOpenDialogs":true,"interaction":{"idSuffix":"inner"}},"wdio_ui5_key":"CreateDialogxRFMxCU_AssetType::ExternalSystem-inner"}]}
RESULT: {"script":"<script> [21 bytes]","args":[{"selector":{"id":"CreateDialog::xRFMxCU_AssetType::ExternalSystem-inner","searchOpenDialogs":true,"interaction":{"idSuffix":"inner"}},"wdio_ui5_key":"CreateDialogxRFMxCU_AssetType::ExternalSystem-inner"}]}
RESULT: undefined
COMMAND: POST /session/27d25bb08839a26db7a1c0faa879d2b1/execute/async - {"script":"<script> [20 bytes]","args":[{"enterText":"Test","selector":{"id":"CreateDialog::xRFMxCU_AssetType::ExternalSystem-inner","searchOpenDialogs":true,"interaction":{"idSuffix":"inner"}},"clearTextFirst":true,"interactionType":"ENTER_TEXT"}]}
RESULT: {"script":"<script> [20 bytes]","args":[{"enterText":"Test","selector":{"id":"CreateDialog::xRFMxCU_AssetType::ExternalSystem-inner","searchOpenDialogs":true,"interaction":{"idSuffix":"inner"}},"clearTextFirst":true,"interactionType":"ENTER_TEXT"}]}
COMMAND: POST /session/27d25bb08839a26db7a1c0faa879d2b1/execute/async - {"script":"<script> [21 bytes]","args":[{"selector":{"id":"CreateDialog::xRFMxCU_AssetType::InitiationDate-inner","controlType":"sap.m.DatePicker","searchOpenDialogs":true},"wdio_ui5_key":"CreateDialogxRFMxCU_AssetType::InitiationDate-innersap.m.DatePicker"}]}
RESULT: {"script":"<script> [21 bytes]","args":[{"selector":{"id":"CreateDialog::xRFMxCU_AssetType::InitiationDate-inner","controlType":"sap.m.DatePicker","searchOpenDialogs":true},"wdio_ui5_key":"CreateDialogxRFMxCU_AssetType::InitiationDate-innersap.m.DatePicker"}]}
RESULT: undefined
COMMAND: POST /session/27d25bb08839a26db7a1c0faa879d2b1/execute/async - {"script":"<script> [21 bytes]","args":[{"element-6066-11e4-a52e-4f735466cecf":"f.8E49323B81461E29E0D2B76946206F2C.d.CEB162704A31F9B5249954B89E1246A1.e.920"},"setValue",["2025-01-01"]]}
RESULT: {"script":"<script> [21 bytes]","args":[{"element-6066-11e4-a52e-4f735466cecf":"f.8E49323B81461E29E0D2B76946206F2C.d.CEB162704A31F9B5249954B89E1246A1.e.920"},"setValue",["2025-01-01"]]}
COMMAND: POST /session/27d25bb08839a26db7a1c0faa879d2b1/execute/async - {"script":"<script> [21 bytes]","args":[{"selector":{"id":"CreateDialog::xRFMxCU_AssetType::ClosingDate-inner","controlType":"sap.m.DatePicker","searchOpenDialogs":true},"wdio_ui5_key":"CreateDialogxRFMxCU_AssetType::ClosingDate-innersap.m.DatePicker"}]}
RESULT: {"script":"<script> [21 bytes]","args":[{"selector":{"id":"CreateDialog::xRFMxCU_AssetType::ClosingDate-inner","controlType":"sap.m.DatePicker","searchOpenDialogs":true},"wdio_ui5_key":"CreateDialogxRFMxCU_AssetType::ClosingDate-innersap.m.DatePicker"}]}
RESULT: undefined
COMMAND: POST /session/27d25bb08839a26db7a1c0faa879d2b1/execute/async - {"script":"<script> [21 bytes]","args":[{"element-6066-11e4-a52e-4f735466cecf":"f.8E49323B81461E29E0D2B76946206F2C.d.CEB162704A31F9B5249954B89E1246A1.e.921"},"setValue",["2027-12-31"]]}
RESULT: {"script":"<script> [21 bytes]","args":[{"element-6066-11e4-a52e-4f735466cecf":"f.8E49323B81461E29E0D2B76946206F2C.d.CEB162704A31F9B5249954B89E1246A1.e.921"},"setValue",["2027-12-31"]]}
COMMAND: POST /session/27d25bb08839a26db7a1c0faa879d2b1/execute/async - {"script":"<script> [21 bytes]","args":[{"forceSelect":true,"selector":{"controlType":"sap.m.Button","properties":{"text":"Continue"},"searchOpenDialogs":true},"wdio_ui5_key":"sapm.Button{\"text\":\"Continue\"}"}]}
RESULT: {"script":"<script> [21 bytes]","args":[{"forceSelect":true,"selector":{"controlType":"sap.m.Button","properties":{"text":"Continue"},"searchOpenDialogs":true},"wdio_ui5_key":"sapm.Button{\"text\":\"Continue\"}"}]}
RESULT: undefined
COMMAND: POST /session/27d25bb08839a26db7a1c0faa879d2b1/execute/async - {"script":"<script> [21 bytes]","args":[{"selector":{"id":"__button245"}}]}
RESULT: {"script":"<script> [21 bytes]","args":[{"selector":{"id":"__button245"}}]}
COMMAND: POST /session/27d25bb08839a26db7a1c0faa879d2b1/execute/async - {"script":"<script> [21 bytes]","args":[{"element-6066-11e4-a52e-4f735466cecf":"f.8E49323B81461E29E0D2B76946206F2C.d.CEB162704A31F9B5249954B89E1246A1.e.933"},"getVisible",[]]}
RESULT: {"script":"<script> [21 bytes]","args":[{"element-6066-11e4-a52e-4f735466cecf":"f.8E49323B81461E29E0D2B76946206F2C.d.CEB162704A31F9B5249954B89E1246A1.e.933"},"getVisible",[]]}
COMMAND: POST /session/27d25bb08839a26db7a1c0faa879d2b1/execute/async - {"script":"<script> [21 bytes]","args":[{"selector":{"id":"__button245"}}]}
RESULT: {"script":"<script> [21 bytes]","args":[{"selector":{"id":"__button245"}}]}
COMMAND: POST /session/27d25bb08839a26db7a1c0faa879d2b1/execute/async - {"script":"<script> [21 bytes]","args":[{"element-6066-11e4-a52e-4f735466cecf":"f.8E49323B81461E29E0D2B76946206F2C.d.CEB162704A31F9B5249954B89E1246A1.e.933"},"getEnabled",[]]}
RESULT: {"script":"<script> [21 bytes]","args":[{"element-6066-11e4-a52e-4f735466cecf":"f.8E49323B81461E29E0D2B76946206F2C.d.CEB162704A31F9B5249954B89E1246A1.e.933"},"getEnabled",[]]}
COMMAND: POST /session/27d25bb08839a26db7a1c0faa879d2b1/element - {"using":"xpath","value":"//*[@id=\"__button245\"]"}
RESULT: {"using":"xpath","value":"//*[@id=\"__button245\"]"}
COMMAND: POST /session/27d25bb08839a26db7a1c0faa879d2b1/element/f.8E49323B81461E29E0D2B76946206F2C.d.CEB162704A31F9B5249954B89E1246A1.e.933/click - {}
RESULT: {}
COMMAND: POST /session/27d25bb08839a26db7a1c0faa879d2b1/execute/async - {"script":"<script> [21 bytes]","args":[{"selector":{"id":"rfm.assetui::xRFMxCU_AssetObjectPage--fe::FormContainer::FieldGroup::detailsFieldsGP1::FormElement::DataFieldWithIntentBasedNavigation::PartnerId::Debtor::Manage::Field-edit","interaction":{"idSuffix":"inner"}},"wdio_ui5_key":"rfmassetui::xRFMxCU_AssetObjectPage--fe::FormContainer::FieldGroup::detailsFieldsGP1::FormElement::DataFieldWithIntentBasedNavigation::PartnerId::Debtor::Manage::Field-edit"}]}
COMMAND: GET /session/27d25bb08839a26db7a1c0faa879d2b1/screenshot - {}
RESULT: {"script":"<script> [21 bytes]","args":[{"selector":{"id":"rfm.assetui::xRFMxCU_AssetObjectPage--fe::FormContainer::FieldGroup::detailsFieldsGP1::FormElement::DataFieldWithIntentBasedNavigation::PartnerId::Debtor::Manage::Field-edit","interaction":{"idSuffix":"inner"}},"wdio_ui5_key":"rfmassetui::xRFMxCU_AssetObjectPage--fe::FormContainer::FieldGroup::detailsFieldsGP1::FormElement::DataFieldWithIntentBasedNavigation::PartnerId::Debtor::Manage::Field-edit"}]}
RESULT: undefined
COMMAND: POST /session/27d25bb08839a26db7a1c0faa879d2b1/execute/async - {"script":"<script> [21 bytes]","args":[{"selector":{"id":"rfm.assetui::xRFMxCU_AssetObjectPage--fe::FormContainer::FieldGroup::detailsFieldsGP1::FormElement::DataField::NominalValue::Field-edit-inner","interaction":{"idSuffix":"inner"}},"wdio_ui5_key":"rfmassetui::xRFMxCU_AssetObjectPage--fe::FormContainer::FieldGroup::detailsFieldsGP1::FormElement::DataField::NominalValue::Field-edit-inner"}]}
RESULT: {}
RESULT: {"script":"<script> [21 bytes]","args":[{"selector":{"id":"rfm.assetui::xRFMxCU_AssetObjectPage--fe::FormContainer::FieldGroup::detailsFieldsGP1::FormElement::DataField::NominalValue::Field-edit-inner","interaction":{"idSuffix":"inner"}},"wdio_ui5_key":"rfmassetui::xRFMxCU_AssetObjectPage--fe::FormContainer::FieldGroup::detailsFieldsGP1::FormElement::DataField::NominalValue::Field-edit-inner"}]}
RESULT: undefined
COMMAND: POST /session/27d25bb08839a26db7a1c0faa879d2b1/execute/async - {"script":"<script> [21 bytes]","args":[{"selector":{"id":"rfm.assetui::xRFMxCU_AssetObjectPage--fe::FormContainer::FieldGroup::detailsFieldsGP1::FormElement::DataField::NominalValue::Field-edit-inner-unit","interaction":{"idSuffix":"inner"}},"wdio_ui5_key":"rfmassetui::xRFMxCU_AssetObjectPage--fe::FormContainer::FieldGroup::detailsFieldsGP1::FormElement::DataField::NominalValue::Field-edit-inner-unit"}]}
RESULT: {"script":"<script> [21 bytes]","args":[{"selector":{"id":"rfm.assetui::xRFMxCU_AssetObjectPage--fe::FormContainer::FieldGroup::detailsFieldsGP1::FormElement::DataField::NominalValue::Field-edit-inner-unit","interaction":{"idSuffix":"inner"}},"wdio_ui5_key":"rfmassetui::xRFMxCU_AssetObjectPage--fe::FormContainer::FieldGroup::detailsFieldsGP1::FormElement::DataField::NominalValue::Field-edit-inner-unit"}]}
RESULT: undefined
COMMAND: POST /session/27d25bb08839a26db7a1c0faa879d2b1/execute/async - {"script":"<script> [21 bytes]","args":[{"selector":{"id":"rfm.assetui::xRFMxCU_AssetObjectPage--fe::FormContainer::FieldGroup::detailsFieldsGP2::FormElement::DataField::AssetCategory::Field-edit-inner","interaction":{"idSuffix":"inner"}},"wdio_ui5_key":"rfmassetui::xRFMxCU_AssetObjectPage--fe::FormContainer::FieldGroup::detailsFieldsGP2::FormElement::DataField::AssetCategory::Field-edit-inner"}]}
RESULT: {"script":"<script> [21 bytes]","args":[{"selector":{"id":"rfm.assetui::xRFMxCU_AssetObjectPage--fe::FormContainer::FieldGroup::detailsFieldsGP2::FormElement::DataField::AssetCategory::Field-edit-inner","interaction":{"idSuffix":"inner"}},"wdio_ui5_key":"rfmassetui::xRFMxCU_AssetObjectPage--fe::FormContainer::FieldGroup::detailsFieldsGP2::FormElement::DataField::AssetCategory::Field-edit-inner"}]}
RESULT: undefined
COMMAND: POST /session/27d25bb08839a26db7a1c0faa879d2b1/execute/async - {"script":"<script> [21 bytes]","args":[{"selector":{"id":"rfm.assetui::xRFMxCU_AssetObjectPage--fe::FormContainer::FieldGroup::detailsFieldsGP2::FormElement::DataField::ContractType::Field-edit-inner","interaction":{"idSuffix":"inner"}},"wdio_ui5_key":"rfmassetui::xRFMxCU_AssetObjectPage--fe::FormContainer::FieldGroup::detailsFieldsGP2::FormElement::DataField::ContractType::Field-edit-inner"}]}
RESULT: {"script":"<script> [21 bytes]","args":[{"selector":{"id":"rfm.assetui::xRFMxCU_AssetObjectPage--fe::FormContainer::FieldGroup::detailsFieldsGP2::FormElement::DataField::ContractType::Field-edit-inner","interaction":{"idSuffix":"inner"}},"wdio_ui5_key":"rfmassetui::xRFMxCU_AssetObjectPage--fe::FormContainer::FieldGroup::detailsFieldsGP2::FormElement::DataField::ContractType::Field-edit-inner"}]}
RESULT: undefined
COMMAND: POST /session/27d25bb08839a26db7a1c0faa879d2b1/execute/async - {"script":"<script> [21 bytes]","args":[{"selector":{"id":"rfm.assetui::xRFMxCU_AssetObjectPage--fe::FormContainer::FieldGroup::detailsFieldsGP2::FormElement::DataField::Status::Field-edit-inner","interaction":{"idSuffix":"inner"}},"wdio_ui5_key":"rfmassetui::xRFMxCU_AssetObjectPage--fe::FormContainer::FieldGroup::detailsFieldsGP2::FormElement::DataField::Status::Field-edit-inner"}]}
RESULT: {"script":"<script> [21 bytes]","args":[{"selector":{"id":"rfm.assetui::xRFMxCU_AssetObjectPage--fe::FormContainer::FieldGroup::detailsFieldsGP2::FormElement::DataField::Status::Field-edit-inner","interaction":{"idSuffix":"inner"}},"wdio_ui5_key":"rfmassetui::xRFMxCU_AssetObjectPage--fe::FormContainer::FieldGroup::detailsFieldsGP2::FormElement::DataField::Status::Field-edit-inner"}]}
RESULT: undefined
COMMAND: POST /session/27d25bb08839a26db7a1c0faa879d2b1/execute/async - {"script":"<script> [21 bytes]","args":[{"selector":{"id":"rfm.assetui::xRFMxCU_AssetObjectPage--fe::ObjectPage-anchBar-rfm.assetui::xRFMxCU_AssetObjectPage--fe::FacetSection::CashFlowCollection-anchor","interaction":{"idSuffix":"text"}},"wdio_ui5_key":"rfmassetui::xRFMxCU_AssetObjectPage--fe::ObjectPage-anchBar-rfm.assetui::xRFMxCU_AssetObjectPage--fe::FacetSection::CashFlowCollection-anchor"}]}
RESULT: {"script":"<script> [21 bytes]","args":[{"selector":{"id":"rfm.assetui::xRFMxCU_AssetObjectPage--fe::ObjectPage-anchBar-rfm.assetui::xRFMxCU_AssetObjectPage--fe::FacetSection::CashFlowCollection-anchor","interaction":{"idSuffix":"text"}},"wdio_ui5_key":"rfmassetui::xRFMxCU_AssetObjectPage--fe::ObjectPage-anchBar-rfm.assetui::xRFMxCU_AssetObjectPage--fe::FacetSection::CashFlowCollection-anchor"}]}
RESULT: undefined
COMMAND: POST /session/27d25bb08839a26db7a1c0faa879d2b1/element - {"using":"xpath","value":"//*[@id=\"rfm.assetui::xRFMxCU_AssetObjectPage--fe::ObjectPage-anchBar-rfm.assetui::xRFMxCU_AssetObjectPage--fe::FacetSection::CashFlowCollection-anchor\"]"}
RESULT: {"using":"xpath","value":"//*[@id=\"rfm.assetui::xRFMxCU_AssetObjectPage--fe::ObjectPage-anchBar-rfm.assetui::xRFMxCU_AssetObjectPage--fe::FacetSection::CashFlowCollection-anchor\"]"}
COMMAND: POST /session/27d25bb08839a26db7a1c0faa879d2b1/element/f.8E49323B81461E29E0D2B76946206F2C.d.CEB162704A31F9B5249954B89E1246A1.e.946/click - {}
RESULT: {}
COMMAND: GET /session/27d25bb08839a26db7a1c0faa879d2b1/screenshot - {}
RESULT: {}
COMMAND: POST /session/27d25bb08839a26db7a1c0faa879d2b1/execute/async - {"script":"<script> [21 bytes]","args":[{"selector":{"id":"rfm.assetui::xRFMxCU_AssetObjectPage--fe::FacetSubSection::PlannedCFCollection"},"wdio_ui5_key":"rfmassetui::xRFMxCU_AssetObjectPage--fe::FacetSubSection::PlannedCFCollection"}]}
RESULT: {"script":"<script> [21 bytes]","args":[{"selector":{"id":"rfm.assetui::xRFMxCU_AssetObjectPage--fe::FacetSubSection::PlannedCFCollection"},"wdio_ui5_key":"rfmassetui::xRFMxCU_AssetObjectPage--fe::FacetSubSection::PlannedCFCollection"}]}
RESULT: undefined
COMMAND: POST /session/27d25bb08839a26db7a1c0faa879d2b1/element - {"using":"xpath","value":"//*[@id=\"rfm.assetui::xRFMxCU_AssetObjectPage--fe::FacetSubSection::PlannedCFCollection\"]"}
RESULT: {"using":"xpath","value":"//*[@id=\"rfm.assetui::xRFMxCU_AssetObjectPage--fe::FacetSubSection::PlannedCFCollection\"]"}
COMMAND: POST /session/27d25bb08839a26db7a1c0faa879d2b1/element/f.8E49323B81461E29E0D2B76946206F2C.d.CEB162704A31F9B5249954B89E1246A1.e.980/click - {}
RESULT: {}
COMMAND: POST /session/27d25bb08839a26db7a1c0faa879d2b1/execute/async - {"script":"<script> [21 bytes]","args":[{"selector":{"id":"rfm.assetui::xRFMxCU_AssetObjectPage--fe::table::_AssetCashflow::LineItem::StandardAction::Create","interaction":{"idSuffix":"BDI-content"}},"wdio_ui5_key":"rfmassetui::xRFMxCU_AssetObjectPage--fe::table::_AssetCashflow::LineItem::StandardAction::Create"}]}
COMMAND: GET /session/27d25bb08839a26db7a1c0faa879d2b1/screenshot - {}
RESULT: {"script":"<script> [21 bytes]","args":[{"selector":{"id":"rfm.assetui::xRFMxCU_AssetObjectPage--fe::table::_AssetCashflow::LineItem::StandardAction::Create","interaction":{"idSuffix":"BDI-content"}},"wdio_ui5_key":"rfmassetui::xRFMxCU_AssetObjectPage--fe::table::_AssetCashflow::LineItem::StandardAction::Create"}]}
RESULT: undefined
COMMAND: POST /session/27d25bb08839a26db7a1c0faa879d2b1/element - {"using":"xpath","value":"//*[@id=\"rfm.assetui::xRFMxCU_AssetObjectPage--fe::table::_AssetCashflow::LineItem::StandardAction::Create\"]"}
RESULT: {}
RESULT: {"using":"xpath","value":"//*[@id=\"rfm.assetui::xRFMxCU_AssetObjectPage--fe::table::_AssetCashflow::LineItem::StandardAction::Create\"]"}
COMMAND: POST /session/27d25bb08839a26db7a1c0faa879d2b1/element/f.8E49323B81461E29E0D2B76946206F2C.d.CEB162704A31F9B5249954B89E1246A1.e.984/click - {}
RESULT: {}
COMMAND: GET /session/27d25bb08839a26db7a1c0faa879d2b1/screenshot - {}
RESULT: {}
COMMAND: POST /session/27d25bb08839a26db7a1c0faa879d2b1/execute/async - {"script":"<script> [21 bytes]","args":[{"selector":{"id":"CreateDialog::xRFMxCU_AssetCashflowType::CashflowPartType-inner","searchOpenDialogs":true,"interaction":{"idSuffix":"inner"}},"wdio_ui5_key":"CreateDialogxRFMxCU_AssetCashflowType::CashflowPartType-inner"}]}
RESULT: {"script":"<script> [21 bytes]","args":[{"selector":{"id":"CreateDialog::xRFMxCU_AssetCashflowType::CashflowPartType-inner","searchOpenDialogs":true,"interaction":{"idSuffix":"inner"}},"wdio_ui5_key":"CreateDialogxRFMxCU_AssetCashflowType::CashflowPartType-inner"}]}
RESULT: undefined
COMMAND: POST /session/27d25bb08839a26db7a1c0faa879d2b1/execute/async - {"script":"<script> [20 bytes]","args":[{"enterText":"Interest","selector":{"id":"CreateDialog::xRFMxCU_AssetCashflowType::CashflowPartType-inner","searchOpenDialogs":true,"interaction":{"idSuffix":"inner"}},"clearTextFirst":true,"interactionType":"ENTER_TEXT"}]}
RESULT: {"script":"<script> [20 bytes]","args":[{"enterText":"Interest","selector":{"id":"CreateDialog::xRFMxCU_AssetCashflowType::CashflowPartType-inner","searchOpenDialogs":true,"interaction":{"idSuffix":"inner"}},"clearTextFirst":true,"interactionType":"ENTER_TEXT"}]}
COMMAND: POST /session/27d25bb08839a26db7a1c0faa879d2b1/execute/async - {"script":"<script> [21 bytes]","args":[{"selector":{"id":"CreateDialog::xRFMxCU_AssetCashflowType::DueDate-inner","searchOpenDialogs":true,"interaction":{"idSuffix":"inner"}},"wdio_ui5_key":"CreateDialogxRFMxCU_AssetCashflowType::DueDate-inner"}]}
RESULT: {"script":"<script> [21 bytes]","args":[{"selector":{"id":"CreateDialog::xRFMxCU_AssetCashflowType::DueDate-inner","searchOpenDialogs":true,"interaction":{"idSuffix":"inner"}},"wdio_ui5_key":"CreateDialogxRFMxCU_AssetCashflowType::DueDate-inner"}]}
RESULT: undefined
COMMAND: POST /session/27d25bb08839a26db7a1c0faa879d2b1/execute/async - {"script":"<script> [20 bytes]","args":[{"enterText":"2025-01-01","selector":{"id":"CreateDialog::xRFMxCU_AssetCashflowType::DueDate-inner","searchOpenDialogs":true,"interaction":{"idSuffix":"inner"}},"clearTextFirst":true,"interactionType":"ENTER_TEXT"}]}
RESULT: {"script":"<script> [20 bytes]","args":[{"enterText":"2025-01-01","selector":{"id":"CreateDialog::xRFMxCU_AssetCashflowType::DueDate-inner","searchOpenDialogs":true,"interaction":{"idSuffix":"inner"}},"clearTextFirst":true,"interactionType":"ENTER_TEXT"}]}
COMMAND: POST /session/27d25bb08839a26db7a1c0faa879d2b1/execute/async - {"script":"<script> [21 bytes]","args":[{"forceSelect":true,"selector":{"controlType":"sap.m.Button","viewName":"sap.fe.templates.ObjectPage.ObjectPage","viewId":"rfm.assetui::xRFMxCU_Asset__AssetCashflowObjectPage","properties":{"text":"Continue"},"searchOpenDialogs":true},"wdio_ui5_key":"sapfe.templates.ObjectPage.ObjectPagesap.m.Button{\"text\":\"Continue\"}"}]}
RESULT: {"script":"<script> [21 bytes]","args":[{"forceSelect":true,"selector":{"controlType":"sap.m.Button","viewName":"sap.fe.templates.ObjectPage.ObjectPage","viewId":"rfm.assetui::xRFMxCU_Asset__AssetCashflowObjectPage","properties":{"text":"Continue"},"searchOpenDialogs":true},"wdio_ui5_key":"sapfe.templates.ObjectPage.ObjectPagesap.m.Button{\"text\":\"Continue\"}"}]}
RESULT: undefined
COMMAND: POST /session/27d25bb08839a26db7a1c0faa879d2b1/execute/async - {"script":"<script> [21 bytes]","args":[{"selector":{"id":"__button260"}}]}
RESULT: {"script":"<script> [21 bytes]","args":[{"selector":{"id":"__button260"}}]}
COMMAND: POST /session/27d25bb08839a26db7a1c0faa879d2b1/execute/async - {"script":"<script> [21 bytes]","args":[{"element-6066-11e4-a52e-4f735466cecf":"f.8E49323B81461E29E0D2B76946206F2C.d.CEB162704A31F9B5249954B89E1246A1.e.1194"},"getEnabled",[]]}
RESULT: {"script":"<script> [21 bytes]","args":[{"element-6066-11e4-a52e-4f735466cecf":"f.8E49323B81461E29E0D2B76946206F2C.d.CEB162704A31F9B5249954B89E1246A1.e.1194"},"getEnabled",[]]}
COMMAND: POST /session/27d25bb08839a26db7a1c0faa879d2b1/element - {"using":"xpath","value":"//*[@id=\"__button260\"]"}
RESULT: {"using":"xpath","value":"//*[@id=\"__button260\"]"}
COMMAND: POST /session/27d25bb08839a26db7a1c0faa879d2b1/element/f.8E49323B81461E29E0D2B76946206F2C.d.CEB162704A31F9B5249954B89E1246A1.e.1194/click - {}
RESULT: {}
COMMAND: GET /session/27d25bb08839a26db7a1c0faa879d2b1/screenshot - {}
RESULT: {}
COMMAND: POST /session/27d25bb08839a26db7a1c0faa879d2b1/execute/async - {"script":"<script> [21 bytes]","args":[{"selector":{"id":"rfm.assetui::xRFMxCU_Asset__AssetCashflowObjectPage--fe::FormContainer::CashFlow::FormElement::DataField::Amount::Field-edit-inner","interaction":{"idSuffix":"inner"}},"wdio_ui5_key":"rfmassetui::xRFMxCU_Asset__AssetCashflowObjectPage--fe::FormContainer::CashFlow::FormElement::DataField::Amount::Field-edit-inner"}]}
RESULT: {"script":"<script> [21 bytes]","args":[{"selector":{"id":"rfm.assetui::xRFMxCU_Asset__AssetCashflowObjectPage--fe::FormContainer::CashFlow::FormElement::DataField::Amount::Field-edit-inner","interaction":{"idSuffix":"inner"}},"wdio_ui5_key":"rfmassetui::xRFMxCU_Asset__AssetCashflowObjectPage--fe::FormContainer::CashFlow::FormElement::DataField::Amount::Field-edit-inner"}]}
RESULT: undefined
COMMAND: POST /session/27d25bb08839a26db7a1c0faa879d2b1/execute/async - {"script":"<script> [20 bytes]","args":[{"enterText":"141.77","selector":{"id":"rfm.assetui::xRFMxCU_Asset__AssetCashflowObjectPage--fe::FormContainer::CashFlow::FormElement::DataField::Amount::Field-edit-inner","interaction":{"idSuffix":"inner"}},"clearTextFirst":true,"interactionType":"ENTER_TEXT"}]}
RESULT: {"script":"<script> [20 bytes]","args":[{"enterText":"141.77","selector":{"id":"rfm.assetui::xRFMxCU_Asset__AssetCashflowObjectPage--fe::FormContainer::CashFlow::FormElement::DataField::Amount::Field-edit-inner","interaction":{"idSuffix":"inner"}},"clearTextFirst":true,"interactionType":"ENTER_TEXT"}]}
COMMAND: POST /session/27d25bb08839a26db7a1c0faa879d2b1/execute/async - {"script":"<script> [21 bytes]","args":[{"selector":{"id":"rfm.assetui::xRFMxCU_Asset__AssetCashflowObjectPage--fe::FormContainer::CashFlow::FormElement::DataField::Amount::Field-edit-inner-unit-vhi"},"wdio_ui5_key":"rfmassetui::xRFMxCU_Asset__AssetCashflowObjectPage--fe::FormContainer::CashFlow::FormElement::DataField::Amount::Field-edit-inner-unit-vhi"}]}
RESULT: {"script":"<script> [21 bytes]","args":[{"selector":{"id":"rfm.assetui::xRFMxCU_Asset__AssetCashflowObjectPage--fe::FormContainer::CashFlow::FormElement::DataField::Amount::Field-edit-inner-unit-vhi"},"wdio_ui5_key":"rfmassetui::xRFMxCU_Asset__AssetCashflowObjectPage--fe::FormContainer::CashFlow::FormElement::DataField::Amount::Field-edit-inner-unit-vhi"}]}
RESULT: undefined
COMMAND: POST /session/27d25bb08839a26db7a1c0faa879d2b1/element - {"using":"xpath","value":"//*[@id=\"rfm.assetui::xRFMxCU_Asset__AssetCashflowObjectPage--fe::FormContainer::CashFlow::FormElement::DataField::Amount::Field-edit-inner-unit-vhi\"]"}
RESULT: {"using":"xpath","value":"//*[@id=\"rfm.assetui::xRFMxCU_Asset__AssetCashflowObjectPage--fe::FormContainer::CashFlow::FormElement::DataField::Amount::Field-edit-inner-unit-vhi\"]"}
COMMAND: POST /session/27d25bb08839a26db7a1c0faa879d2b1/element/f.8E49323B81461E29E0D2B76946206F2C.d.CEB162704A31F9B5249954B89E1246A1.e.1215/click - {}
RESULT: {}
COMMAND: POST /session/27d25bb08839a26db7a1c0faa879d2b1/execute/async - {"script":"<script> [21 bytes]","args":[{"selector":{"id":"rfm.assetui::xRFMxCU_Asset__AssetCashflowObjectPage--fe::FormContainer::CashFlow::FieldValueHelp::_AssetCashflow::Amount::_AssetCashflow::Currency::Dialog::qualifier::-search-inner","searchOpenDialogs":true,"interaction":{"idSuffix":"I"}},"wdio_ui5_key":"rfmassetui::xRFMxCU_Asset__AssetCashflowObjectPage--fe::FormContainer::CashFlow::FieldValueHelp::_AssetCashflow::Amount::_AssetCashflow::Currency::Dialog::qualifier::-search-inner"}]}
COMMAND: GET /session/27d25bb08839a26db7a1c0faa879d2b1/screenshot - {}
RESULT: {"script":"<script> [21 bytes]","args":[{"selector":{"id":"rfm.assetui::xRFMxCU_Asset__AssetCashflowObjectPage--fe::FormContainer::CashFlow::FieldValueHelp::_AssetCashflow::Amount::_AssetCashflow::Currency::Dialog::qualifier::-search-inner","searchOpenDialogs":true,"interaction":{"idSuffix":"I"}},"wdio_ui5_key":"rfmassetui::xRFMxCU_Asset__AssetCashflowObjectPage--fe::FormContainer::CashFlow::FieldValueHelp::_AssetCashflow::Amount::_AssetCashflow::Currency::Dialog::qualifier::-search-inner"}]}
RESULT: undefined
COMMAND: POST /session/27d25bb08839a26db7a1c0faa879d2b1/execute/async - {"script":"<script> [21 bytes]","args":[{"selector":{"id":"rfm.assetui::xRFMxCU_Asset__AssetCashflowObjectPage--fe::FormContainer::CashFlow::FieldValueHelp::_AssetCashflow::Amount::_AssetCashflow::Currency::Dialog::qualifier::::Table-innerTable-rows-row0","searchOpenDialogs":true,"interaction":{"idSuffix":"col0"}},"wdio_ui5_key":"rfmassetui::xRFMxCU_Asset__AssetCashflowObjectPage--fe::FormContainer::CashFlow::FieldValueHelp::_AssetCashflow::Amount::_AssetCashflow::Currency::Dialog::qualifier::::Table-innerTable-rows-row0"}]}
RESULT: {}
RESULT: {"script":"<script> [21 bytes]","args":[{"selector":{"id":"rfm.assetui::xRFMxCU_Asset__AssetCashflowObjectPage--fe::FormContainer::CashFlow::FieldValueHelp::_AssetCashflow::Amount::_AssetCashflow::Currency::Dialog::qualifier::::Table-innerTable-rows-row0","searchOpenDialogs":true,"interaction":{"idSuffix":"col0"}},"wdio_ui5_key":"rfmassetui::xRFMxCU_Asset__AssetCashflowObjectPage--fe::FormContainer::CashFlow::FieldValueHelp::_AssetCashflow::Amount::_AssetCashflow::Currency::Dialog::qualifier::::Table-innerTable-rows-row0"}]}
RESULT: undefined
COMMAND: POST /session/27d25bb08839a26db7a1c0faa879d2b1/execute/async - {"script":"<script> [21 bytes]","args":[{"forceSelect":true,"selector":{"id":"rfm.assetui::xRFMxCU_Asset__AssetCashflowObjectPage--fe::FooterBar::StandardAction::Apply","interaction":{"idSuffix":"BDI-content"}},"wdio_ui5_key":"rfmassetui::xRFMxCU_Asset__AssetCashflowObjectPage--fe::FooterBar::StandardAction::Apply"}]}
RESULT: {"script":"<script> [21 bytes]","args":[{"forceSelect":true,"selector":{"id":"rfm.assetui::xRFMxCU_Asset__AssetCashflowObjectPage--fe::FooterBar::StandardAction::Apply","interaction":{"idSuffix":"BDI-content"}},"wdio_ui5_key":"rfmassetui::xRFMxCU_Asset__AssetCashflowObjectPage--fe::FooterBar::StandardAction::Apply"}]}
RESULT: undefined
COMMAND: POST /session/27d25bb08839a26db7a1c0faa879d2b1/element - {"using":"xpath","value":"//*[@id=\"rfm.assetui::xRFMxCU_Asset__AssetCashflowObjectPage--fe::FooterBar::StandardAction::Apply\"]"}
RESULT: {"using":"xpath","value":"//*[@id=\"rfm.assetui::xRFMxCU_Asset__AssetCashflowObjectPage--fe::FooterBar::StandardAction::Apply\"]"}
COMMAND: POST /session/27d25bb08839a26db7a1c0faa879d2b1/element/f.8E49323B81461E29E0D2B76946206F2C.d.CEB162704A31F9B5249954B89E1246A1.e.1188/click - {}
COMMAND: POST /session/27d25bb08839a26db7a1c0faa879d2b1/execute/async - {"script":"<script> [21 bytes]","args":[{"selector":{"id":"rfm.assetui::xRFMxCU_AssetObjectPage--fe::FooterBar::StandardAction::Save","controlType":"sap.m.Button"},"wdio_ui5_key":"rfmassetui::xRFMxCU_AssetObjectPage--fe::FooterBar::StandardAction::Savesap.m.Button"}]}
RESULT: {"script":"<script> [21 bytes]","args":[{"selector":{"id":"rfm.assetui::xRFMxCU_AssetObjectPage--fe::FooterBar::StandardAction::Save","controlType":"sap.m.Button"},"wdio_ui5_key":"rfmassetui::xRFMxCU_AssetObjectPage--fe::FooterBar::StandardAction::Savesap.m.Button"}]}
RESULT: undefined
COMMAND: POST /session/27d25bb08839a26db7a1c0faa879d2b1/element - {"using":"xpath","value":"//*[@id=\"rfm.assetui::xRFMxCU_AssetObjectPage--fe::FooterBar::StandardAction::Save\"]"}
RESULT: {"using":"xpath","value":"//*[@id=\"rfm.assetui::xRFMxCU_AssetObjectPage--fe::FooterBar::StandardAction::Save\"]"}
COMMAND: POST /session/27d25bb08839a26db7a1c0faa879d2b1/element/f.8E49323B81461E29E0D2B76946206F2C.d.CEB162704A31F9B5249954B89E1246A1.e.1114/click - {}
COMMAND: POST /session/27d25bb08839a26db7a1c0faa879d2b1/execute/async - {"script":"<script> [21 bytes]","args":[{"selector":{"id":"rfm.assetui::xRFMxCU_AssetObjectPage--fe::StandardAction::Edit","interaction":{"idSuffix":"content"}},"wdio_ui5_key":"rfmassetui::xRFMxCU_AssetObjectPage--fe::StandardAction::Edit"}]}
RESULT: {"script":"<script> [21 bytes]","args":[{"selector":{"id":"rfm.assetui::xRFMxCU_AssetObjectPage--fe::StandardAction::Edit","interaction":{"idSuffix":"content"}},"wdio_ui5_key":"rfmassetui::xRFMxCU_AssetObjectPage--fe::StandardAction::Edit"}]}
RESULT: undefined
RESULT: undefined
COMMAND: POST /session/27d25bb08839a26db7a1c0faa879d2b1/element - {"using":"xpath","value":"//*[@id=\"rfm.assetui::xRFMxCU_AssetObjectPage--fe::ObjectPage-anchBar-rfm.assetui::xRFMxCU_AssetObjectPage--fe::FacetSection::CashFlowCollection-anchor\"]"}
RESULT: {"using":"xpath","value":"//*[@id=\"rfm.assetui::xRFMxCU_AssetObjectPage--fe::ObjectPage-anchBar-rfm.assetui::xRFMxCU_AssetObjectPage--fe::FacetSection::CashFlowCollection-anchor\"]"}
COMMAND: POST /session/27d25bb08839a26db7a1c0faa879d2b1/element/f.8E49323B81461E29E0D2B76946206F2C.d.CEB162704A31F9B5249954B89E1246A1.e.946/click - {}
RESULT: undefined
COMMAND: POST /session/27d25bb08839a26db7a1c0faa879d2b1/element - {"using":"xpath","value":"//*[@id=\"rfm.assetui::xRFMxCU_AssetObjectPage--fe::table::_AssetCashflow::LineItem::StandardAction::Create\"]"}
RESULT: {"using":"xpath","value":"//*[@id=\"rfm.assetui::xRFMxCU_AssetObjectPage--fe::table::_AssetCashflow::LineItem::StandardAction::Create\"]"}
COMMAND: POST /session/27d25bb08839a26db7a1c0faa879d2b1/element/f.8E49323B81461E29E0D2B76946206F2C.d.CEB162704A31F9B5249954B89E1246A1.e.984/click - {}
RESULT: undefined
COMMAND: POST /session/27d25bb08839a26db7a1c0faa879d2b1/execute/async - {"script":"<script> [20 bytes]","args":[{"enterText":"Principal","selector":{"id":"CreateDialog::xRFMxCU_AssetCashflowType::CashflowPartType-inner","searchOpenDialogs":true,"interaction":{"idSuffix":"inner"}},"clearTextFirst":true,"interactionType":"ENTER_TEXT"}]}
RESULT: {"script":"<script> [20 bytes]","args":[{"enterText":"Principal","selector":{"id":"CreateDialog::xRFMxCU_AssetCashflowType::CashflowPartType-inner","searchOpenDialogs":true,"interaction":{"idSuffix":"inner"}},"clearTextFirst":true,"interactionType":"ENTER_TEXT"}]}
RESULT: undefined
COMMAND: POST /session/27d25bb08839a26db7a1c0faa879d2b1/execute/async - {"script":"<script> [20 bytes]","args":[{"enterText":"2025-01-01","selector":{"id":"CreateDialog::xRFMxCU_AssetCashflowType::DueDate-inner","searchOpenDialogs":true,"interaction":{"idSuffix":"inner"}},"clearTextFirst":true,"interactionType":"ENTER_TEXT"}]}
RESULT: {"script":"<script> [20 bytes]","args":[{"enterText":"2025-01-01","selector":{"id":"CreateDialog::xRFMxCU_AssetCashflowType::DueDate-inner","searchOpenDialogs":true,"interaction":{"idSuffix":"inner"}},"clearTextFirst":true,"interactionType":"ENTER_TEXT"}]}
COMMAND: POST /session/27d25bb08839a26db7a1c0faa879d2b1/execute/async - {"script":"<script> [21 bytes]","args":[{"selector":{"id":"CreateDialog::xRFMxCU_Asset::_AssetCashflow-footer","searchOpenDialogs":true},"wdio_ui5_key":"CreateDialogxRFMxCU_Asset::_AssetCashflow-footer"}]}
RESULT: {"script":"<script> [21 bytes]","args":[{"selector":{"id":"CreateDialog::xRFMxCU_Asset::_AssetCashflow-footer","searchOpenDialogs":true},"wdio_ui5_key":"CreateDialogxRFMxCU_Asset::_AssetCashflow-footer"}]}
RESULT: undefined
COMMAND: GET /session/27d25bb08839a26db7a1c0faa879d2b1/screenshot - {}
COMMAND: GET /session/27d25bb08839a26db7a1c0faa879d2b1/screenshot - {}
RESULT: {}
RESULT: {}
]]></system-out>
      <system-err><![CDATA[
Error: waitUntil condition failed with the following reason: footerButton.getEnabled is not a function
    at async Context.<anonymous> (D:\a\1\s\test\specs\BusinessOperations\Replenishment.spec.js:584:45)
]]></system-err>
    </testcase>
    <testcase classname="chrome.139_0_7258_67.windows.Replenishment" name="Should create asset 1" time="36.565">
      <failure/>
      <error message="waitUntil condition failed with the following reason: continueAssetButton.getVisible is not a function"/>
      <system-out><![CDATA[
RESULT: undefined
COMMAND: POST /session/27d25bb08839a26db7a1c0faa879d2b1/element - {"using":"xpath","value":"//*[@id=\"__tile53\"]"}
RESULT: {"using":"xpath","value":"//*[@id=\"__tile53\"]"}
COMMAND: POST /session/27d25bb08839a26db7a1c0faa879d2b1/element/f.8E49323B81461E29E0D2B76946206F2C.d.CEB162704A31F9B5249954B89E1246A1.e.1224/click - {}
RESULT: undefined
COMMAND: POST /session/27d25bb08839a26db7a1c0faa879d2b1/element/f.8E49323B81461E29E0D2B76946206F2C.d.CEB162704A31F9B5249954B89E1246A1.e.777/click - {}
RESULT: undefined
COMMAND: POST /session/27d25bb08839a26db7a1c0faa879d2b1/execute/async - {"script":"<script> [21 bytes]","args":[{"element-6066-11e4-a52e-4f735466cecf":"f.8E49323B81461E29E0D2B76946206F2C.d.CEB162704A31F9B5249954B89E1246A1.e.919"},"setValue",["WDIO_Replenishment_2025-08-18_22-56-31"]]}
COMMAND: POST /session/27d25bb08839a26db7a1c0faa879d2b1/execute/async - {"script":"<script> [21 bytes]","args":[{"selector":{"id":"CreateDialog::xRFMxCU_AssetType::AssetIdExtern-inner","controlType":"sap.ui.mdc.field.FieldInput","searchOpenDialogs":true},"wdio_ui5_key":"CreateDialogxRFMxCU_AssetType::AssetIdExtern-innersap.ui.mdc.field.FieldInput"}]}
RESULT: {"script":"<script> [21 bytes]","args":[{"selector":{"id":"CreateDialog::xRFMxCU_AssetType::AssetIdExtern-inner","controlType":"sap.ui.mdc.field.FieldInput","searchOpenDialogs":true},"wdio_ui5_key":"CreateDialogxRFMxCU_AssetType::AssetIdExtern-innersap.ui.mdc.field.FieldInput"}]}
RESULT: undefined
COMMAND: POST /session/27d25bb08839a26db7a1c0faa879d2b1/execute/async - {"script":"<script> [20 bytes]","args":[{"enterText":"Test","selector":{"id":"CreateDialog::xRFMxCU_AssetType::ExternalSystem-inner","searchOpenDialogs":true,"interaction":{"idSuffix":"inner"}},"clearTextFirst":true,"interactionType":"ENTER_TEXT"}]}
RESULT: {"script":"<script> [20 bytes]","args":[{"enterText":"Test","selector":{"id":"CreateDialog::xRFMxCU_AssetType::ExternalSystem-inner","searchOpenDialogs":true,"interaction":{"idSuffix":"inner"}},"clearTextFirst":true,"interactionType":"ENTER_TEXT"}]}
RESULT: undefined
COMMAND: POST /session/27d25bb08839a26db7a1c0faa879d2b1/execute/async - {"script":"<script> [21 bytes]","args":[{"element-6066-11e4-a52e-4f735466cecf":"f.8E49323B81461E29E0D2B76946206F2C.d.CEB162704A31F9B5249954B89E1246A1.e.920"},"setValue",["2025-01-01"]]}
COMMAND: POST /session/27d25bb08839a26db7a1c0faa879d2b1/execute/async - {"script":"<script> [21 bytes]","args":[{"selector":{"id":"CreateDialog::xRFMxCU_AssetType::InitiationDate-inner","controlType":"sap.m.DatePicker","searchOpenDialogs":true},"wdio_ui5_key":"CreateDialogxRFMxCU_AssetType::InitiationDate-innersap.m.DatePicker"}]}
RESULT: {"script":"<script> [21 bytes]","args":[{"selector":{"id":"CreateDialog::xRFMxCU_AssetType::InitiationDate-inner","controlType":"sap.m.DatePicker","searchOpenDialogs":true},"wdio_ui5_key":"CreateDialogxRFMxCU_AssetType::InitiationDate-innersap.m.DatePicker"}]}
RESULT: undefined
COMMAND: POST /session/27d25bb08839a26db7a1c0faa879d2b1/execute/async - {"script":"<script> [21 bytes]","args":[{"element-6066-11e4-a52e-4f735466cecf":"f.8E49323B81461E29E0D2B76946206F2C.d.CEB162704A31F9B5249954B89E1246A1.e.921"},"setValue",["2027-12-31"]]}
COMMAND: POST /session/27d25bb08839a26db7a1c0faa879d2b1/execute/async - {"script":"<script> [21 bytes]","args":[{"selector":{"id":"CreateDialog::xRFMxCU_AssetType::ClosingDate-inner","controlType":"sap.m.DatePicker","searchOpenDialogs":true},"wdio_ui5_key":"CreateDialogxRFMxCU_AssetType::ClosingDate-innersap.m.DatePicker"}]}
RESULT: {"script":"<script> [21 bytes]","args":[{"selector":{"id":"CreateDialog::xRFMxCU_AssetType::ClosingDate-inner","controlType":"sap.m.DatePicker","searchOpenDialogs":true},"wdio_ui5_key":"CreateDialogxRFMxCU_AssetType::ClosingDate-innersap.m.DatePicker"}]}
COMMAND: POST /session/27d25bb08839a26db7a1c0faa879d2b1/execute/async - {"script":"<script> [21 bytes]","args":[{"forceSelect":true,"selector":{"controlType":"sap.m.Button","properties":{"text":"Continue"},"searchOpenDialogs":true},"wdio_ui5_key":"sapm.Button{\"text\":\"Continue\"}"}]}
RESULT: {"script":"<script> [21 bytes]","args":[{"forceSelect":true,"selector":{"controlType":"sap.m.Button","properties":{"text":"Continue"},"searchOpenDialogs":true},"wdio_ui5_key":"sapm.Button{\"text\":\"Continue\"}"}]}
RESULT: undefined
COMMAND: GET /session/27d25bb08839a26db7a1c0faa879d2b1/screenshot - {}
COMMAND: GET /session/27d25bb08839a26db7a1c0faa879d2b1/screenshot - {}
RESULT: {}
RESULT: {}
]]></system-out>
      <system-err><![CDATA[
Error: waitUntil condition failed with the following reason: continueAssetButton.getVisible is not a function
    at process.processTimers (node:internal/timers:516:9)
    at async Context.<anonymous> (D:\a\1\s\test\specs\BusinessOperations\Replenishment.spec.js:339:17)
]]></system-err>
    </testcase>
    <testcase classname="chrome.139_0_7258_67.windows.Replenishment" name="Should create asset 2" time="124.604">
      <skipped/>
      <system-out><![CDATA[
COMMAND: GET /session/27d25bb08839a26db7a1c0faa879d2b1/screenshot - {}
RESULT: {}
RESULT: undefined
COMMAND: POST /session/27d25bb08839a26db7a1c0faa879d2b1/element - {"using":"xpath","value":"//*[@id=\"__tile53\"]"}
RESULT: {"using":"xpath","value":"//*[@id=\"__tile53\"]"}
COMMAND: POST /session/27d25bb08839a26db7a1c0faa879d2b1/element/f.8E49323B81461E29E0D2B76946206F2C.d.CEB162704A31F9B5249954B89E1246A1.e.1224/click - {}
RESULT: undefined
COMMAND: POST /session/27d25bb08839a26db7a1c0faa879d2b1/element - {"using":"xpath","value":"//*[@id=\"__tile53\"]"}
RESULT: {"using":"xpath","value":"//*[@id=\"__tile53\"]"}
COMMAND: POST /session/27d25bb08839a26db7a1c0faa879d2b1/element/f.8E49323B81461E29E0D2B76946206F2C.d.CEB162704A31F9B5249954B89E1246A1.e.1224/click - {}
COMMAND: POST /session/27d25bb08839a26db7a1c0faa879d2b1/execute/async - {"script":"<script> [21 bytes]","args":[{"forceSelect":true,"selector":{"id":"rfm.assetui::xRFMxCU_AssetList--fe::table::allTab::LineItem::StandardAction::Create","interaction":{"idSuffix":"BDI-content"}},"wdio_ui5_key":"rfmassetui::xRFMxCU_AssetList--fe::table::allTab::LineItem::StandardAction::Create"}]}
RESULT: {"script":"<script> [21 bytes]","args":[{"forceSelect":true,"selector":{"id":"rfm.assetui::xRFMxCU_AssetList--fe::table::allTab::LineItem::StandardAction::Create","interaction":{"idSuffix":"BDI-content"}},"wdio_ui5_key":"rfmassetui::xRFMxCU_AssetList--fe::table::allTab::LineItem::StandardAction::Create"}]}
RESULT: undefined
COMMAND: POST /session/27d25bb08839a26db7a1c0faa879d2b1/element - {"using":"xpath","value":"//*[@id=\"rfm.assetui::xRFMxCU_AssetList--fe::table::allTab::LineItem::StandardAction::Create\"]"}
RESULT: {"using":"xpath","value":"//*[@id=\"rfm.assetui::xRFMxCU_AssetList--fe::table::allTab::LineItem::StandardAction::Create\"]"}
COMMAND: POST /session/27d25bb08839a26db7a1c0faa879d2b1/element/f.8E49323B81461E29E0D2B76946206F2C.d.CEB162704A31F9B5249954B89E1246A1.e.777/click - {}
RESULT: undefined
COMMAND: POST /session/27d25bb08839a26db7a1c0faa879d2b1/execute/async - {"script":"<script> [21 bytes]","args":[{"element-6066-11e4-a52e-4f735466cecf":"f.8E49323B81461E29E0D2B76946206F2C.d.CEB162704A31F9B5249954B89E1246A1.e.919"},"setValue",["WDIO_Replenishment2_2025-08-18_22-56-31"]]}
COMMAND: POST /session/27d25bb08839a26db7a1c0faa879d2b1/execute/async - {"script":"<script> [21 bytes]","args":[{"selector":{"id":"CreateDialog::xRFMxCU_AssetType::AssetIdExtern-inner","controlType":"sap.ui.mdc.field.FieldInput","searchOpenDialogs":true},"wdio_ui5_key":"CreateDialogxRFMxCU_AssetType::AssetIdExtern-innersap.ui.mdc.field.FieldInput"}]}
RESULT: {"script":"<script> [21 bytes]","args":[{"selector":{"id":"CreateDialog::xRFMxCU_AssetType::AssetIdExtern-inner","controlType":"sap.ui.mdc.field.FieldInput","searchOpenDialogs":true},"wdio_ui5_key":"CreateDialogxRFMxCU_AssetType::AssetIdExtern-innersap.ui.mdc.field.FieldInput"}]}
RESULT: undefined
COMMAND: POST /session/27d25bb08839a26db7a1c0faa879d2b1/execute/async - {"script":"<script> [20 bytes]","args":[{"enterText":"Test","selector":{"id":"CreateDialog::xRFMxCU_AssetType::ExternalSystem-inner","searchOpenDialogs":true,"interaction":{"idSuffix":"inner"}},"clearTextFirst":true,"interactionType":"ENTER_TEXT"}]}
RESULT: {"script":"<script> [20 bytes]","args":[{"enterText":"Test","selector":{"id":"CreateDialog::xRFMxCU_AssetType::ExternalSystem-inner","searchOpenDialogs":true,"interaction":{"idSuffix":"inner"}},"clearTextFirst":true,"interactionType":"ENTER_TEXT"}]}
RESULT: undefined
COMMAND: POST /session/27d25bb08839a26db7a1c0faa879d2b1/execute/async - {"script":"<script> [21 bytes]","args":[{"element-6066-11e4-a52e-4f735466cecf":"f.8E49323B81461E29E0D2B76946206F2C.d.CEB162704A31F9B5249954B89E1246A1.e.920"},"setValue",["2025-01-01"]]}
COMMAND: POST /session/27d25bb08839a26db7a1c0faa879d2b1/execute/async - {"script":"<script> [21 bytes]","args":[{"selector":{"id":"CreateDialog::xRFMxCU_AssetType::InitiationDate-inner","controlType":"sap.m.DatePicker","searchOpenDialogs":true},"wdio_ui5_key":"CreateDialogxRFMxCU_AssetType::InitiationDate-innersap.m.DatePicker"}]}
RESULT: {"script":"<script> [21 bytes]","args":[{"selector":{"id":"CreateDialog::xRFMxCU_AssetType::InitiationDate-inner","controlType":"sap.m.DatePicker","searchOpenDialogs":true},"wdio_ui5_key":"CreateDialogxRFMxCU_AssetType::InitiationDate-innersap.m.DatePicker"}]}
RESULT: undefined
COMMAND: POST /session/27d25bb08839a26db7a1c0faa879d2b1/execute/async - {"script":"<script> [21 bytes]","args":[{"element-6066-11e4-a52e-4f735466cecf":"f.8E49323B81461E29E0D2B76946206F2C.d.CEB162704A31F9B5249954B89E1246A1.e.921"},"setValue",["2027-12-31"]]}
COMMAND: POST /session/27d25bb08839a26db7a1c0faa879d2b1/execute/async - {"script":"<script> [21 bytes]","args":[{"selector":{"id":"CreateDialog::xRFMxCU_AssetType::ClosingDate-inner","controlType":"sap.m.DatePicker","searchOpenDialogs":true},"wdio_ui5_key":"CreateDialogxRFMxCU_AssetType::ClosingDate-innersap.m.DatePicker"}]}
RESULT: {"script":"<script> [21 bytes]","args":[{"selector":{"id":"CreateDialog::xRFMxCU_AssetType::ClosingDate-inner","controlType":"sap.m.DatePicker","searchOpenDialogs":true},"wdio_ui5_key":"CreateDialogxRFMxCU_AssetType::ClosingDate-innersap.m.DatePicker"}]}
COMMAND: POST /session/27d25bb08839a26db7a1c0faa879d2b1/execute/async - {"script":"<script> [21 bytes]","args":[{"selector":{"id":"CreateDialog::xRFMxCU_Asset-footer","searchOpenDialogs":true},"wdio_ui5_key":"CreateDialogxRFMxCU_Asset-footer"}]}
RESULT: {"script":"<script> [21 bytes]","args":[{"selector":{"id":"CreateDialog::xRFMxCU_Asset-footer","searchOpenDialogs":true},"wdio_ui5_key":"CreateDialogxRFMxCU_Asset-footer"}]}
RESULT: undefined
COMMAND: POST /session/27d25bb08839a26db7a1c0faa879d2b1/execute/async - {"script":"<script> [21 bytes]","args":[{"forceSelect":true,"selector":{"controlType":"sap.m.Button","viewName":"sap.fe.templates.ObjectPage.ObjectPage","viewId":"rfm.assetui::xRFMxCU_AssetObjectPage","properties":{"text":"Continue"},"searchOpenDialogs":true},"wdio_ui5_key":"sapfe.templates.ObjectPage.ObjectPagesap.m.Button{\"text\":\"Continue\"}"}]}
RESULT: {"script":"<script> [21 bytes]","args":[{"forceSelect":true,"selector":{"controlType":"sap.m.Button","viewName":"sap.fe.templates.ObjectPage.ObjectPage","viewId":"rfm.assetui::xRFMxCU_AssetObjectPage","properties":{"text":"Continue"},"searchOpenDialogs":true},"wdio_ui5_key":"sapfe.templates.ObjectPage.ObjectPagesap.m.Button{\"text\":\"Continue\"}"}]}
RESULT: undefined
RESULT: undefined
RESULT: undefined
RESULT: undefined
RESULT: undefined
RESULT: undefined
RESULT: undefined
RESULT: undefined
COMMAND: POST /session/27d25bb08839a26db7a1c0faa879d2b1/element - {"using":"xpath","value":"//*[@id=\"rfm.assetui::xRFMxCU_AssetObjectPage--fe::ObjectPage-anchBar-rfm.assetui::xRFMxCU_AssetObjectPage--fe::FacetSection::CashFlowCollection-anchor\"]"}
RESULT: {"using":"xpath","value":"//*[@id=\"rfm.assetui::xRFMxCU_AssetObjectPage--fe::ObjectPage-anchBar-rfm.assetui::xRFMxCU_AssetObjectPage--fe::FacetSection::CashFlowCollection-anchor\"]"}
COMMAND: POST /session/27d25bb08839a26db7a1c0faa879d2b1/element/f.8E49323B81461E29E0D2B76946206F2C.d.CEB162704A31F9B5249954B89E1246A1.e.946/click - {}
RESULT: undefined
COMMAND: POST /session/27d25bb08839a26db7a1c0faa879d2b1/element - {"using":"xpath","value":"//*[@id=\"rfm.assetui::xRFMxCU_AssetObjectPage--fe::FacetSubSection::PlannedCFCollection\"]"}
RESULT: {"using":"xpath","value":"//*[@id=\"rfm.assetui::xRFMxCU_AssetObjectPage--fe::FacetSubSection::PlannedCFCollection\"]"}
COMMAND: POST /session/27d25bb08839a26db7a1c0faa879d2b1/element/f.8E49323B81461E29E0D2B76946206F2C.d.CEB162704A31F9B5249954B89E1246A1.e.980/click - {}
RESULT: undefined
COMMAND: POST /session/27d25bb08839a26db7a1c0faa879d2b1/element - {"using":"xpath","value":"//*[@id=\"rfm.assetui::xRFMxCU_AssetObjectPage--fe::table::_AssetCashflow::LineItem::StandardAction::Create\"]"}
RESULT: {"using":"xpath","value":"//*[@id=\"rfm.assetui::xRFMxCU_AssetObjectPage--fe::table::_AssetCashflow::LineItem::StandardAction::Create\"]"}
[...]
RESULT: {"script":"<script> [21 bytes]","args":[{"selector":{"controlType":"sap.m.CheckBox","viewName":"sap.fe.templates.ObjectPage.ObjectPage","viewId":"rfm.replenishmentui::xRFMxCU_ReplenishmentObjectPage","properties":{"editable":true},"ancestor":{"controlType":"sap.m.ColumnListItem","viewName":"sap.fe.templates.ObjectPage.ObjectPage","viewId":"rfm.replenishmentui::xRFMxCU_ReplenishmentObjectPage","bindingPath":{"path":"/xRFMxCU_Replenishment(ReplenishmentId=,IsActiveEntity=true)/_ReplAsset(ReplenishmentId=,AssetId=)"}}},"wdio_ui5_key":"sapfe.templates.ObjectPage.ObjectPagesap.m.CheckBox{\"editable\":true}{\"controlType\":\"sap.m.ColumnListItem\",\"viewName\":\"sap.fe.templates.ObjectPage.ObjectPage\",\"viewId\":\"rfm.replenishmentui::xRFMxCU_ReplenishmentObjectPage\",\"bindingPath\":{\"path\":\"/xRFMxCU_Replenishment(ReplenishmentId=,IsActiveEntity=true)/_ReplAsset(ReplenishmentId=,AssetId=)\"}}"}]}
RESULT: undefined
COMMAND: GET /session/27d25bb08839a26db7a1c0faa879d2b1/screenshot - {}
COMMAND: GET /session/27d25bb08839a26db7a1c0faa879d2b1/screenshot - {}
RESULT: {}
RESULT: {}
]]></system-out>
      <system-err><![CDATA[
TypeError: checkbox.getEnabled is not a function
    at Context.<anonymous> (D:\a\1\s\test\specs\BusinessOperations\Replenishment.spec.js:2484:36)
]]></system-err>
    </testcase>
    <testcase classname="chrome.139_0_7258_67.windows.Replenishment" name="Should check the addition of asset to the outflow" time="2.401">
      <failure/>
      <error message="checkbox.getEnabled is not a function"/>
      <system-out><![CDATA[
RESULT: undefined
RESULT: undefined
COMMAND: GET /session/27d25bb08839a26db7a1c0faa879d2b1/screenshot - {}
COMMAND: GET /session/27d25bb08839a26db7a1c0faa879d2b1/screenshot - {}
RESULT: {}
RESULT: {}
COMMAND: GET /session/27d25bb08839a26db7a1c0faa879d2b1/screenshot - {}
]]></system-out>
      <system-err><![CDATA[
TypeError: checkbox.getEnabled is not a function
    at Context.<anonymous> (D:\a\1\s\test\specs\BusinessOperations\Replenishment.spec.js:2484:36)
]]></system-err>
    </testcase>
    <testcase classname="chrome.139_0_7258_67.windows.Replenishment" name="Should check the action Execute" time="22.337">
      <skipped/>
      <system-out><![CDATA[
RESULT: {}
COMMAND: POST /session/27d25bb08839a26db7a1c0faa879d2b1/execute/async - {"script":"<script> [21 bytes]","args":[{"selector":{"id":"rfm.replenishmentui::xRFMxCU_ReplenishmentObjectPage--fe::DataFieldForAction::com.sap.gateway.srvd.rfm.ui_replenishment.v0001.Execute::com.sap.gateway.srvd.rfm.ui_replenishment.v0001.xRFMxCU_ReplenishmentType","interaction":{"idSuffix":"BDI-content"}},"wdio_ui5_key":"rfmreplenishmentui::xRFMxCU_ReplenishmentObjectPage--fe::DataFieldForAction::com.sap.gateway.srvd.rfm.ui_replenishment.v0001.Execute::com.sap.gateway.srvd.rfm.ui_replenishment.v0001.xRFMxCU_ReplenishmentType"}]}
RESULT: {"script":"<script> [21 bytes]","args":[{"selector":{"id":"rfm.replenishmentui::xRFMxCU_ReplenishmentObjectPage--fe::DataFieldForAction::com.sap.gateway.srvd.rfm.ui_replenishment.v0001.Execute::com.sap.gateway.srvd.rfm.ui_replenishment.v0001.xRFMxCU_ReplenishmentType","interaction":{"idSuffix":"BDI-content"}},"wdio_ui5_key":"rfmreplenishmentui::xRFMxCU_ReplenishmentObjectPage--fe::DataFieldForAction::com.sap.gateway.srvd.rfm.ui_replenishment.v0001.Execute::com.sap.gateway.srvd.rfm.ui_replenishment.v0001.xRFMxCU_ReplenishmentType"}]}
RESULT: undefined
COMMAND: POST /session/27d25bb08839a26db7a1c0faa879d2b1/execute/async - {"script":"<script> [21 bytes]","args":[{"selector":{"id":"rfm.replenishmentui::xRFMxCU_ReplenishmentObjectPage--fe::ObjectPage-anchBar-rfm.replenishmentui::xRFMxCU_ReplenishmentObjectPage--fe::FacetSection::ReplenishmentDetails-anchor"},"wdio_ui5_key":"rfmreplenishmentui::xRFMxCU_ReplenishmentObjectPage--fe::ObjectPage-anchBar-rfm.replenishmentui::xRFMxCU_ReplenishmentObjectPage--fe::FacetSection::ReplenishmentDetails-anchor"}]}
RESULT: {"script":"<script> [21 bytes]","args":[{"selector":{"id":"rfm.replenishmentui::xRFMxCU_ReplenishmentObjectPage--fe::ObjectPage-anchBar-rfm.replenishmentui::xRFMxCU_ReplenishmentObjectPage--fe::FacetSection::ReplenishmentDetails-anchor"},"wdio_ui5_key":"rfmreplenishmentui::xRFMxCU_ReplenishmentObjectPage--fe::ObjectPage-anchBar-rfm.replenishmentui::xRFMxCU_ReplenishmentObjectPage--fe::FacetSection::ReplenishmentDetails-anchor"}]}
RESULT: undefined
COMMAND: POST /session/27d25bb08839a26db7a1c0faa879d2b1/execute/async - {"script":"<script> [21 bytes]","args":[{"selector":{"id":"rfm.replenishmentui::xRFMxCU_ReplenishmentObjectPage--fe::FormContainer::ReplenishmentDetails::FormElement::DataField::Status::Field-display"},"wdio_ui5_key":"rfmreplenishmentui::xRFMxCU_ReplenishmentObjectPage--fe::FormContainer::ReplenishmentDetails::FormElement::DataField::Status::Field-display"}]}
RESULT: {"script":"<script> [21 bytes]","args":[{"selector":{"id":"rfm.replenishmentui::xRFMxCU_ReplenishmentObjectPage--fe::FormContainer::ReplenishmentDetails::FormElement::DataField::Status::Field-display"},"wdio_ui5_key":"rfmreplenishmentui::xRFMxCU_ReplenishmentObjectPage--fe::FormContainer::ReplenishmentDetails::FormElement::DataField::Status::Field-display"}]}
RESULT: undefined
COMMAND: GET /session/27d25bb08839a26db7a1c0faa879d2b1/screenshot - {}
COMMAND: GET /session/27d25bb08839a26db7a1c0faa879d2b1/screenshot - {}
RESULT: {}
RESULT: {}
]]></system-out>
      <system-err><![CDATA[
Error: expect(received).toEqual(expected) // deep equality

Expected: "Processed"
Received: undefined
    at Context.<anonymous> (D:\a\1\s\test\specs\BusinessOperations\Replenishment.spec.js:2831:40)
]]></system-err>
    </testcase>
    <testcase classname="chrome.139_0_7258_67.windows.Replenishment" name="Should check the action Execute" time="20.479">
      <failure/>
      <error message="expect(received).toEqual(expected) // deep equality&#xA;&#xA;Expected: &quot;Processed&quot;&#xA;Received: undefined"/>
      <system-out><![CDATA[
RESULT: undefined
RESULT: undefined
RESULT: undefined
COMMAND: GET /session/27d25bb08839a26db7a1c0faa879d2b1/screenshot - {}
COMMAND: GET /session/27d25bb08839a26db7a1c0faa879d2b1/screenshot - {}
RESULT: {}
RESULT: {}
COMMAND: GET /session/27d25bb08839a26db7a1c0faa879d2b1/screenshot - {}
]]></system-out>
      <system-err><![CDATA[
Error: expect(received).toEqual(expected) // deep equality

Expected: "Processed"
Received: undefined
    at Context.<anonymous> (D:\a\1\s\test\specs\BusinessOperations\Replenishment.spec.js:2831:40)
]]></system-err>
    </testcase>
    <testcase classname="chrome.139_0_7258_67.windows.Replenishment" name="Should check whether the Replenishment can be found in the Business Operations tab" time="5.43">
      <skipped/>
      <system-out><![CDATA[
RESULT: undefined
RESULT: {}
RESULT: undefined
COMMAND: GET /session/27d25bb08839a26db7a1c0faa879d2b1/screenshot - {}
COMMAND: GET /session/27d25bb08839a26db7a1c0faa879d2b1/screenshot - {}
RESULT: {}
RESULT: {}
]]></system-out>
      <system-err><![CDATA[
Error: TransactionId before navigation is undefined
    at Context.<anonymous> (D:\a\1\s\test\specs\BusinessOperations\Replenishment.spec.js:2858:19)
]]></system-err>
    </testcase>
    <testcase classname="chrome.139_0_7258_67.windows.Replenishment" name="Should check whether the Replenishment can be found in the Business Operations tab" time="5.467">
      <failure/>
      <error message="TransactionId before navigation is undefined"/>
      <system-out><![CDATA[
RESULT: undefined
RESULT: undefined
COMMAND: GET /session/27d25bb08839a26db7a1c0faa879d2b1/screenshot - {}
COMMAND: GET /session/27d25bb08839a26db7a1c0faa879d2b1/screenshot - {}
RESULT: {}
RESULT: {}
]]></system-out>
      <system-err><![CDATA[
Error: TransactionId before navigation is undefined
    at Context.<anonymous> (D:\a\1\s\test\specs\BusinessOperations\Replenishment.spec.js:2858:19)
]]></system-err>
    </testcase>
    <testcase classname="chrome.139_0_7258_67.windows.Replenishment" name="Should check if the navigation from Business Operations back to the Replenishment works" time="6.181">
      <skipped/>
      <system-out><![CDATA[
COMMAND: GET /session/27d25bb08839a26db7a1c0faa879d2b1/screenshot - {}
COMMAND: POST /session/27d25bb08839a26db7a1c0faa879d2b1/execute/async - {"script":"<script> [21 bytes]","args":[{"selector":{"controlType":"sap.m.Text","viewName":"sap.fe.templates.ObjectPage.ObjectPage","viewId":"rfm.transactionui::xRFMxCU_TransactionObjectPage","bindingPath":{"path":"/xRFMxCU_Transaction(TransactionId='undefined',IsActiveEntity=true)/_BusinessOperations(BusinessOperationId=,TransactionId='undefined')","propertyPath":"KeyDate"}},"wdio_ui5_key":"sapfe.templates.ObjectPage.ObjectPagesap.m.Text{\"path\":\"/xRFMxCU_Transaction(TransactionId='undefined',IsActiveEntity=true)/_BusinessOperations(BusinessOperationId=,TransactionId='undefined')\",\"propertyPath\":\"KeyDate\"}"}]}
RESULT: {}
RESULT: {"script":"<script> [21 bytes]","args":[{"selector":{"controlType":"sap.m.Text","viewName":"sap.fe.templates.ObjectPage.ObjectPage","viewId":"rfm.transactionui::xRFMxCU_TransactionObjectPage","bindingPath":{"path":"/xRFMxCU_Transaction(TransactionId='undefined',IsActiveEntity=true)/_BusinessOperations(BusinessOperationId=,TransactionId='undefined')","propertyPath":"KeyDate"}},"wdio_ui5_key":"sapfe.templates.ObjectPage.ObjectPagesap.m.Text{\"path\":\"/xRFMxCU_Transaction(TransactionId='undefined',IsActiveEntity=true)/_BusinessOperations(BusinessOperationId=,TransactionId='undefined')\",\"propertyPath\":\"KeyDate\"}"}]}
RESULT: undefined
COMMAND: GET /session/27d25bb08839a26db7a1c0faa879d2b1/screenshot - {}
COMMAND: GET /session/27d25bb08839a26db7a1c0faa879d2b1/screenshot - {}
RESULT: {}
RESULT: {}
]]></system-out>
      <system-err><![CDATA[
Error: KeyDate before navigation is undefined
    at Context.<anonymous> (D:\a\1\s\test\specs\BusinessOperations\Replenishment.spec.js:2984:23)
]]></system-err>
    </testcase>
    <testcase classname="chrome.139_0_7258_67.windows.Replenishment" name="Should check if the navigation from Business Operations back to the Replenishment works" time="5.472">
      <failure/>
      <error message="KeyDate before navigation is undefined"/>
      <system-out><![CDATA[
RESULT: undefined
COMMAND: GET /session/27d25bb08839a26db7a1c0faa879d2b1/screenshot - {}
COMMAND: GET /session/27d25bb08839a26db7a1c0faa879d2b1/screenshot - {}
RESULT: {}
RESULT: {}
COMMAND: GET /session/27d25bb08839a26db7a1c0faa879d2b1/screenshot - {}
]]></system-out>
      <system-err><![CDATA[
Error: KeyDate before navigation is undefined
    at Context.<anonymous> (D:\a\1\s\test\specs\BusinessOperations\Replenishment.spec.js:2984:23)
]]></system-err>
    </testcase>
    <testcase classname="chrome.139_0_7258_67.windows.Replenishment" name="Should check action Cancel" time="11.196">
      <skipped/>
      <system-out><![CDATA[
COMMAND: POST /session/27d25bb08839a26db7a1c0faa879d2b1/execute/async - {"script":"<script> [21 bytes]","args":[{"selector":{"id":"rfm.replenishmentui::xRFMxCU_ReplenishmentObjectPage--fe::DataFieldForAction::com.sap.gateway.srvd.rfm.ui_replenishment.v0001.Cancel::com.sap.gateway.srvd.rfm.ui_replenishment.v0001.xRFMxCU_ReplenishmentType","interaction":{"idSuffix":"BDI-content"}},"wdio_ui5_key":"rfmreplenishmentui::xRFMxCU_ReplenishmentObjectPage--fe::DataFieldForAction::com.sap.gateway.srvd.rfm.ui_replenishment.v0001.Cancel::com.sap.gateway.srvd.rfm.ui_replenishment.v0001.xRFMxCU_ReplenishmentType"}]}
RESULT: {}
RESULT: {"script":"<script> [21 bytes]","args":[{"selector":{"id":"rfm.replenishmentui::xRFMxCU_ReplenishmentObjectPage--fe::DataFieldForAction::com.sap.gateway.srvd.rfm.ui_replenishment.v0001.Cancel::com.sap.gateway.srvd.rfm.ui_replenishment.v0001.xRFMxCU_ReplenishmentType","interaction":{"idSuffix":"BDI-content"}},"wdio_ui5_key":"rfmreplenishmentui::xRFMxCU_ReplenishmentObjectPage--fe::DataFieldForAction::com.sap.gateway.srvd.rfm.ui_replenishment.v0001.Cancel::com.sap.gateway.srvd.rfm.ui_replenishment.v0001.xRFMxCU_ReplenishmentType"}]}
RESULT: undefined
RESULT: undefined
RESULT: undefined
COMMAND: GET /session/27d25bb08839a26db7a1c0faa879d2b1/screenshot - {}
COMMAND: GET /session/27d25bb08839a26db7a1c0faa879d2b1/screenshot - {}
RESULT: {}
RESULT: {}
]]></system-out>
      <system-err><![CDATA[
Error: expect(received).toEqual(expected) // deep equality

Expected: "Cancelled"
Received: undefined
    at Context.<anonymous> (D:\a\1\s\test\specs\BusinessOperations\Replenishment.spec.js:3078:40)
]]></system-err>
    </testcase>
    <testcase classname="chrome.139_0_7258_67.windows.Replenishment" name="Should check action Cancel" time="10.428">
      <failure/>
      <error message="expect(received).toEqual(expected) // deep equality&#xA;&#xA;Expected: &quot;Cancelled&quot;&#xA;Received: undefined"/>
      <system-out><![CDATA[
RESULT: undefined
RESULT: undefined
RESULT: undefined
COMMAND: GET /session/27d25bb08839a26db7a1c0faa879d2b1/screenshot - {}
COMMAND: GET /session/27d25bb08839a26db7a1c0faa879d2b1/screenshot - {}
RESULT: {}
RESULT: {}
]]></system-out>
      <system-err><![CDATA[
Error: expect(received).toEqual(expected) // deep equality

Expected: "Cancelled"
Received: undefined
    at Context.<anonymous> (D:\a\1\s\test\specs\BusinessOperations\Replenishment.spec.js:3078:40)
]]></system-err>
    </testcase>
    <testcase classname="chrome.139_0_7258_67.windows.Replenishment" name="Should check whether the replenishment can be found in the Replenishment History List" time="4.914">
      <skipped/>
      <system-out><![CDATA[
COMMAND: GET /session/27d25bb08839a26db7a1c0faa879d2b1/screenshot - {}
COMMAND: POST /session/27d25bb08839a26db7a1c0faa879d2b1/execute/async - {"script":"<script> [21 bytes]","args":[{"selector":{"id":"rfm.replenishmentui::xRFMxCU_ReplenishmentObjectPage--fe::FCLStandardAction::Close-img"},"wdio_ui5_key":"rfmreplenishmentui::xRFMxCU_ReplenishmentObjectPage--fe::FCLStandardAction::Close-img"}]}
RESULT: {"script":"<script> [21 bytes]","args":[{"selector":{"id":"rfm.replenishmentui::xRFMxCU_ReplenishmentObjectPage--fe::FCLStandardAction::Close-img"},"wdio_ui5_key":"rfmreplenishmentui::xRFMxCU_ReplenishmentObjectPage--fe::FCLStandardAction::Close-img"}]}
RESULT: undefined
COMMAND: POST /session/27d25bb08839a26db7a1c0faa879d2b1/execute/async - {"script":"<script> [21 bytes]","args":[{"selector":{"controlType":"sap.ui.core.Icon","viewName":"sap.fe.templates.ListReport.ListReport","viewId":"rfm.replenishmentui::xRFMxCU_ReplTransactionList","properties":{"src":{"regex":{"source":"decline"}}},"ancestor":{"controlType":"sap.m.Token","viewName":"sap.fe.templates.ListReport.ListReport","viewId":"rfm.replenishmentui::xRFMxCU_ReplTransactionList","properties":{"text":"=1"}}},"wdio_ui5_key":"sapfe.templates.ListReport.ListReportsap.ui.core.Icon{\"src\":{\"regex\":{\"source\":\"decline\"}}}{\"controlType\":\"sap.m.Token\",\"viewName\":\"sap.fe.templates.ListReport.ListReport\",\"viewId\":\"rfm.replenishmentui::xRFMxCU_ReplTransactionList\",\"properties\":{\"text\":\"=1\"}}"}]}
RESULT: {}
RESULT: {"script":"<script> [21 bytes]","args":[{"selector":{"controlType":"sap.ui.core.Icon","viewName":"sap.fe.templates.ListReport.ListReport","viewId":"rfm.replenishmentui::xRFMxCU_ReplTransactionList","properties":{"src":{"regex":{"source":"decline"}}},"ancestor":{"controlType":"sap.m.Token","viewName":"sap.fe.templates.ListReport.ListReport","viewId":"rfm.replenishmentui::xRFMxCU_ReplTransactionList","properties":{"text":"=1"}}},"wdio_ui5_key":"sapfe.templates.ListReport.ListReportsap.ui.core.Icon{\"src\":{\"regex\":{\"source\":\"decline\"}}}{\"controlType\":\"sap.m.Token\",\"viewName\":\"sap.fe.templates.ListReport.ListReport\",\"viewId\":\"rfm.replenishmentui::xRFMxCU_ReplTransactionList\",\"properties\":{\"text\":\"=1\"}}"}]}
RESULT: undefined
RESULT: undefined
COMMAND: POST /session/27d25bb08839a26db7a1c0faa879d2b1/execute/async - {"script":"<script> [21 bytes]","args":[{"selector":{"controlType":"sap.ui.core.Icon","viewName":"sap.fe.templates.ListReport.ListReport","viewId":"rfm.replenishmentui::xRFMxCU_ReplTransactionList","properties":{"src":{"regex":{"source":"slim\\-arrow\\-right"}}}},"wdio_ui5_key":"sapfe.templates.ListReport.ListReportsap.ui.core.Icon{\"src\":{\"regex\":{\"source\":\"slim\\\\-arrow\\\\-right\"}}}"}]}
RESULT: {"script":"<script> [21 bytes]","args":[{"selector":{"controlType":"sap.ui.core.Icon","viewName":"sap.fe.templates.ListReport.ListReport","viewId":"rfm.replenishmentui::xRFMxCU_ReplTransactionList","properties":{"src":{"regex":{"source":"slim\\-arrow\\-right"}}}},"wdio_ui5_key":"sapfe.templates.ListReport.ListReportsap.ui.core.Icon{\"src\":{\"regex\":{\"source\":\"slim\\\\-arrow\\\\-right\"}}}"}]}
RESULT: undefined
COMMAND: POST /session/27d25bb08839a26db7a1c0faa879d2b1/execute/async - {"script":"<script> [21 bytes]","args":[{"selector":{"controlType":"sap.m.Text","viewName":"sap.fe.templates.ObjectPage.ObjectPage","viewId":"rfm.replenishmentui::xRFMxCU_ReplTransactionObjectPage","bindingPath":{"path":"/xRFMxCU_ReplTransaction('undefined')/_Replenishment(ReplenishmentId=,IsActiveEntity=true)","propertyPath":"KeyDate"}},"wdio_ui5_key":"sapfe.templates.ObjectPage.ObjectPagesap.m.Text{\"path\":\"/xRFMxCU_ReplTransaction('undefined')/_Replenishment(ReplenishmentId=,IsActiveEntity=true)\",\"propertyPath\":\"KeyDate\"}"}]}
RESULT: {"script":"<script> [21 bytes]","args":[{"selector":{"controlType":"sap.m.Text","viewName":"sap.fe.templates.ObjectPage.ObjectPage","viewId":"rfm.replenishmentui::xRFMxCU_ReplTransactionObjectPage","bindingPath":{"path":"/xRFMxCU_ReplTransaction('undefined')/_Replenishment(ReplenishmentId=,IsActiveEntity=true)","propertyPath":"KeyDate"}},"wdio_ui5_key":"sapfe.templates.ObjectPage.ObjectPagesap.m.Text{\"path\":\"/xRFMxCU_ReplTransaction('undefined')/_Replenishment(ReplenishmentId=,IsActiveEntity=true)\",\"propertyPath\":\"KeyDate\"}"}]}
RESULT: undefined
COMMAND: GET /session/27d25bb08839a26db7a1c0faa879d2b1/screenshot - {}
COMMAND: GET /session/27d25bb08839a26db7a1c0faa879d2b1/screenshot - {}
RESULT: {}
RESULT: {}
]]></system-out>
      <system-err><![CDATA[
Error: KeyDate after navigation is undefined
    at Context.<anonymous> (D:\a\1\s\test\specs\BusinessOperations\Replenishment.spec.js:3178:31)
]]></system-err>
    </testcase>
    <testcase classname="chrome.139_0_7258_67.windows.Replenishment" name="Should check whether the replenishment can be found in the Replenishment History List" time="2.437">
      <failure/>
      <error message="KeyDate after navigation is undefined"/>
      <system-out><![CDATA[
RESULT: undefined
RESULT: undefined
RESULT: undefined
RESULT: undefined
RESULT: undefined
COMMAND: GET /session/27d25bb08839a26db7a1c0faa879d2b1/screenshot - {}
COMMAND: GET /session/27d25bb08839a26db7a1c0faa879d2b1/screenshot - {}
RESULT: {}
RESULT: {}
COMMAND: DELETE /session/27d25bb08839a26db7a1c0faa879d2b1 - {}
COMMAND: GET /session/27d25bb08839a26db7a1c0faa879d2b1/screenshot - {}
COMMAND: GET /session/27d25bb08839a26db7a1c0faa879d2b1/screenshot - {}
RESULT: {}
]]></system-out>
      <system-err><![CDATA[
Error: KeyDate after navigation is undefined
    at Context.<anonymous> (D:\a\1\s\test\specs\BusinessOperations\Replenishment.spec.js:3178:31)
]]></system-err>
    </testcase>
  </testsuite>
</testsuites>