<?xml version="1.0" encoding="UTF-8"?>
<testsuites tests="8" failures="0" errors="0" skipped="0">
  <testsuite timestamp="2025-08-06T00:34:19" time="272.481" tests="8" failures="0" errors="0" skipped="0">
    <properties>
      <property name="specId" value="0"/>
      <property name="suiteName" value="Trigger"/>
      <property name="capabilities" value="chrome.138_0_7204_169.windows"/>
      <property name="file" value="file:///D:/a/1/s/test/specs/BusinessObjects/Trigger.spec.js"/>
    </properties>
    <testcase classname="chrome.138_0_7204_169.windows.Trigger" name="Should create Program" time="69.639">
      <system-out><![CDATA[
COMMAND: POST /session/f50ebc9b0300cc5a7a7ecd6b62593f26/execute/async - {"script":"<script> [21 bytes]","args":[{"selector":{"controlType":"sap.m.GenericTile","properties":{"header":"Funding Program"}},"wdio_ui5_key":"sapm.GenericTile{\"header\":\"Funding Program\"}"}]}
RESULT: {"script":"<script> [21 bytes]","args":[{"selector":{"controlType":"sap.m.GenericTile","properties":{"header":"Funding Program"}},"wdio_ui5_key":"sapm.GenericTile{\"header\":\"Funding Program\"}"}]}
RESULT: undefined
COMMAND: POST /session/f50ebc9b0300cc5a7a7ecd6b62593f26/element - {"using":"xpath","value":"//*[@id=\"__tile29\"]"}
RESULT: {"using":"xpath","value":"//*[@id=\"__tile29\"]"}
COMMAND: POST /session/f50ebc9b0300cc5a7a7ecd6b62593f26/element/f.77256AB0F52EACBF8523961987F3F3E9.d.F2D26FDB072A76529B26613EE003ABCF.e.77/click - {}
RESULT: {}
COMMAND: POST /session/f50ebc9b0300cc5a7a7ecd6b62593f26/execute/async - {"script":"<script> [21 bytes]","args":[{"selector":{"id":"rfm.programui::xRFMxCU_ProgramList--fe::table::allTab::LineItem::StandardAction::Create","controlType":"sap.m.Button"},"wdio_ui5_key":"rfmprogramui::xRFMxCU_ProgramList--fe::table::allTab::LineItem::StandardAction::Createsap.m.Button"}]}
COMMAND: GET /session/f50ebc9b0300cc5a7a7ecd6b62593f26/screenshot - {}
RESULT: {"script":"<script> [21 bytes]","args":[{"selector":{"id":"rfm.programui::xRFMxCU_ProgramList--fe::table::allTab::LineItem::StandardAction::Create","controlType":"sap.m.Button"},"wdio_ui5_key":"rfmprogramui::xRFMxCU_ProgramList--fe::table::allTab::LineItem::StandardAction::Createsap.m.Button"}]}
RESULT: undefined
COMMAND: POST /session/f50ebc9b0300cc5a7a7ecd6b62593f26/element - {"using":"xpath","value":"//*[@id=\"rfm.programui::xRFMxCU_ProgramList--fe::table::allTab::LineItem::StandardAction::Create\"]"}
RESULT: {}
RESULT: {"using":"xpath","value":"//*[@id=\"rfm.programui::xRFMxCU_ProgramList--fe::table::allTab::LineItem::StandardAction::Create\"]"}
COMMAND: POST /session/f50ebc9b0300cc5a7a7ecd6b62593f26/element/f.77256AB0F52EACBF8523961987F3F3E9.d.F2D26FDB072A76529B26613EE003ABCF.e.142/click - {}
RESULT: {}
COMMAND: POST /session/f50ebc9b0300cc5a7a7ecd6b62593f26/element - {"using":"css selector","value":"div.sapUiLocalBusyIndicator"}
COMMAND: GET /session/f50ebc9b0300cc5a7a7ecd6b62593f26/screenshot - {}
RESULT: {"using":"css selector","value":"div.sapUiLocalBusyIndicator"}
COMMAND: POST /session/f50ebc9b0300cc5a7a7ecd6b62593f26/element - {"using":"css selector","value":"div.sapUiLocalBusyIndicator"}
RESULT: {}
RESULT: {"using":"css selector","value":"div.sapUiLocalBusyIndicator"}
COMMAND: POST /session/f50ebc9b0300cc5a7a7ecd6b62593f26/execute/sync - {"script":"<script> [21 bytes]","args":[{"element-6066-11e4-a52e-4f735466cecf":"f.77256AB0F52EACBF8523961987F3F3E9.d.F2D26FDB072A76529B26613EE003ABCF.e.308","ELEMENT":"f.77256AB0F52EACBF8523961987F3F3E9.d.F2D26FDB072A76529B26613EE003ABCF.e.308"}]}
RESULT: {"script":"<script> [21 bytes]","args":[{"element-6066-11e4-a52e-4f735466cecf":"f.77256AB0F52EACBF8523961987F3F3E9.d.F2D26FDB072A76529B26613EE003ABCF.e.308","ELEMENT":"f.77256AB0F52EACBF8523961987F3F3E9.d.F2D26FDB072A76529B26613EE003ABCF.e.308"}]}
COMMAND: POST /session/f50ebc9b0300cc5a7a7ecd6b62593f26/execute/async - {"script":"<script> [21 bytes]","args":[{"selector":{"id":"CreateDialog::xRFMxCU_ProgramType::FundingScope-inner","searchOpenDialogs":true,"interaction":{"idSuffix":"inner"}},"wdio_ui5_key":"CreateDialogxRFMxCU_ProgramType::FundingScope-inner"}]}
COMMAND: GET /session/f50ebc9b0300cc5a7a7ecd6b62593f26/screenshot - {}
RESULT: {"script":"<script> [21 bytes]","args":[{"selector":{"id":"CreateDialog::xRFMxCU_ProgramType::FundingScope-inner","searchOpenDialogs":true,"interaction":{"idSuffix":"inner"}},"wdio_ui5_key":"CreateDialogxRFMxCU_ProgramType::FundingScope-inner"}]}
RESULT: undefined
COMMAND: POST /session/f50ebc9b0300cc5a7a7ecd6b62593f26/execute/async - {"script":"<script> [20 bytes]","args":[{"enterText":"Installment","selector":{"id":"CreateDialog::xRFMxCU_ProgramType::FundingScope-inner","searchOpenDialogs":true,"interaction":{"idSuffix":"inner"}},"clearTextFirst":true,"interactionType":"ENTER_TEXT"}]}
RESULT: {}
RESULT: {"script":"<script> [20 bytes]","args":[{"enterText":"Installment","selector":{"id":"CreateDialog::xRFMxCU_ProgramType::FundingScope-inner","searchOpenDialogs":true,"interaction":{"idSuffix":"inner"}},"clearTextFirst":true,"interactionType":"ENTER_TEXT"}]}
COMMAND: POST /session/f50ebc9b0300cc5a7a7ecd6b62593f26/element - {"using":"css selector","value":"div.sapUiLocalBusyIndicator"}
RESULT: {"using":"css selector","value":"div.sapUiLocalBusyIndicator"}
COMMAND: POST /session/f50ebc9b0300cc5a7a7ecd6b62593f26/execute/sync - {"script":"<script> [21 bytes]","args":[{"element-6066-11e4-a52e-4f735466cecf":"f.77256AB0F52EACBF8523961987F3F3E9.d.F2D26FDB072A76529B26613EE003ABCF.e.308","ELEMENT":"f.77256AB0F52EACBF8523961987F3F3E9.d.F2D26FDB072A76529B26613EE003ABCF.e.308"}]}
RESULT: {"script":"<script> [21 bytes]","args":[{"element-6066-11e4-a52e-4f735466cecf":"f.77256AB0F52EACBF8523961987F3F3E9.d.F2D26FDB072A76529B26613EE003ABCF.e.308","ELEMENT":"f.77256AB0F52EACBF8523961987F3F3E9.d.F2D26FDB072A76529B26613EE003ABCF.e.308"}]}
COMMAND: POST /session/f50ebc9b0300cc5a7a7ecd6b62593f26/execute/async - {"script":"<script> [21 bytes]","args":[{"selector":{"id":"CreateDialog::xRFMxCU_ProgramType::ValidFrom-inner","searchOpenDialogs":true,"interaction":{"idSuffix":"inner"}},"wdio_ui5_key":"CreateDialogxRFMxCU_ProgramType::ValidFrom-inner"}]}
COMMAND: GET /session/f50ebc9b0300cc5a7a7ecd6b62593f26/screenshot - {}
RESULT: {"script":"<script> [21 bytes]","args":[{"selector":{"id":"CreateDialog::xRFMxCU_ProgramType::ValidFrom-inner","searchOpenDialogs":true,"interaction":{"idSuffix":"inner"}},"wdio_ui5_key":"CreateDialogxRFMxCU_ProgramType::ValidFrom-inner"}]}
RESULT: undefined
COMMAND: POST /session/f50ebc9b0300cc5a7a7ecd6b62593f26/execute/async - {"script":"<script> [21 bytes]","args":[{"element-6066-11e4-a52e-4f735466cecf":"f.77256AB0F52EACBF8523961987F3F3E9.d.F2D26FDB072A76529B26613EE003ABCF.e.303"},"setValue",["2025-01-01"]]}
RESULT: {}
RESULT: {"script":"<script> [21 bytes]","args":[{"element-6066-11e4-a52e-4f735466cecf":"f.77256AB0F52EACBF8523961987F3F3E9.d.F2D26FDB072A76529B26613EE003ABCF.e.303"},"setValue",["2025-01-01"]]}
COMMAND: POST /session/f50ebc9b0300cc5a7a7ecd6b62593f26/element - {"using":"css selector","value":"div.sapUiLocalBusyIndicator"}
RESULT: {"using":"css selector","value":"div.sapUiLocalBusyIndicator"}
COMMAND: POST /session/f50ebc9b0300cc5a7a7ecd6b62593f26/execute/sync - {"script":"<script> [21 bytes]","args":[{"element-6066-11e4-a52e-4f735466cecf":"f.77256AB0F52EACBF8523961987F3F3E9.d.F2D26FDB072A76529B26613EE003ABCF.e.308","ELEMENT":"f.77256AB0F52EACBF8523961987F3F3E9.d.F2D26FDB072A76529B26613EE003ABCF.e.308"}]}
RESULT: {"script":"<script> [21 bytes]","args":[{"element-6066-11e4-a52e-4f735466cecf":"f.77256AB0F52EACBF8523961987F3F3E9.d.F2D26FDB072A76529B26613EE003ABCF.e.308","ELEMENT":"f.77256AB0F52EACBF8523961987F3F3E9.d.F2D26FDB072A76529B26613EE003ABCF.e.308"}]}
COMMAND: POST /session/f50ebc9b0300cc5a7a7ecd6b62593f26/execute/async - {"script":"<script> [21 bytes]","args":[{"selector":{"id":"CreateDialog::xRFMxCU_ProgramType::PortfolioId-inner","searchOpenDialogs":true,"interaction":{"idSuffix":"inner"}},"wdio_ui5_key":"CreateDialogxRFMxCU_ProgramType::PortfolioId-inner"}]}
COMMAND: GET /session/f50ebc9b0300cc5a7a7ecd6b62593f26/screenshot - {}
RESULT: {"script":"<script> [21 bytes]","args":[{"selector":{"id":"CreateDialog::xRFMxCU_ProgramType::PortfolioId-inner","searchOpenDialogs":true,"interaction":{"idSuffix":"inner"}},"wdio_ui5_key":"CreateDialogxRFMxCU_ProgramType::PortfolioId-inner"}]}
RESULT: undefined
COMMAND: POST /session/f50ebc9b0300cc5a7a7ecd6b62593f26/execute/async - {"script":"<script> [20 bytes]","args":[{"enterText":"1","selector":{"id":"CreateDialog::xRFMxCU_ProgramType::PortfolioId-inner","searchOpenDialogs":true,"interaction":{"idSuffix":"inner"}},"clearTextFirst":true,"interactionType":"ENTER_TEXT"}]}
RESULT: {}
RESULT: {"script":"<script> [20 bytes]","args":[{"enterText":"1","selector":{"id":"CreateDialog::xRFMxCU_ProgramType::PortfolioId-inner","searchOpenDialogs":true,"interaction":{"idSuffix":"inner"}},"clearTextFirst":true,"interactionType":"ENTER_TEXT"}]}
COMMAND: POST /session/f50ebc9b0300cc5a7a7ecd6b62593f26/element - {"using":"css selector","value":"div.sapUiLocalBusyIndicator"}
RESULT: {"using":"css selector","value":"div.sapUiLocalBusyIndicator"}
COMMAND: POST /session/f50ebc9b0300cc5a7a7ecd6b62593f26/execute/sync - {"script":"<script> [21 bytes]","args":[{"element-6066-11e4-a52e-4f735466cecf":"f.77256AB0F52EACBF8523961987F3F3E9.d.F2D26FDB072A76529B26613EE003ABCF.e.308","ELEMENT":"f.77256AB0F52EACBF8523961987F3F3E9.d.F2D26FDB072A76529B26613EE003ABCF.e.308"}]}
RESULT: {"script":"<script> [21 bytes]","args":[{"element-6066-11e4-a52e-4f735466cecf":"f.77256AB0F52EACBF8523961987F3F3E9.d.F2D26FDB072A76529B26613EE003ABCF.e.308","ELEMENT":"f.77256AB0F52EACBF8523961987F3F3E9.d.F2D26FDB072A76529B26613EE003ABCF.e.308"}]}
COMMAND: POST /session/f50ebc9b0300cc5a7a7ecd6b62593f26/execute/async - {"script":"<script> [21 bytes]","args":[{"selector":{"controlType":"sap.m.Button","viewName":"sap.fe.templates.ObjectPage.ObjectPage","viewId":"rfm.programui::xRFMxCU_ProgramObjectPage","properties":{"text":"Continue"},"searchOpenDialogs":true,"interaction":{"idSuffix":"BDI-content"}},"wdio_ui5_key":"sapfe.templates.ObjectPage.ObjectPagesap.m.Button{\"text\":\"Continue\"}"}]}
COMMAND: GET /session/f50ebc9b0300cc5a7a7ecd6b62593f26/screenshot - {}
RESULT: {"script":"<script> [21 bytes]","args":[{"selector":{"controlType":"sap.m.Button","viewName":"sap.fe.templates.ObjectPage.ObjectPage","viewId":"rfm.programui::xRFMxCU_ProgramObjectPage","properties":{"text":"Continue"},"searchOpenDialogs":true,"interaction":{"idSuffix":"BDI-content"}},"wdio_ui5_key":"sapfe.templates.ObjectPage.ObjectPagesap.m.Button{\"text\":\"Continue\"}"}]}
RESULT: undefined
COMMAND: POST /session/f50ebc9b0300cc5a7a7ecd6b62593f26/element - {"using":"xpath","value":"//*[@id=\"__button187\"]"}
RESULT: {}
RESULT: {"using":"xpath","value":"//*[@id=\"__button187\"]"}
COMMAND: POST /session/f50ebc9b0300cc5a7a7ecd6b62593f26/element/f.77256AB0F52EACBF8523961987F3F3E9.d.F2D26FDB072A76529B26613EE003ABCF.e.314/click - {}
RESULT: {}
COMMAND: POST /session/f50ebc9b0300cc5a7a7ecd6b62593f26/element - {"using":"css selector","value":"div.sapUiLocalBusyIndicator"}
COMMAND: GET /session/f50ebc9b0300cc5a7a7ecd6b62593f26/screenshot - {}
RESULT: {"using":"css selector","value":"div.sapUiLocalBusyIndicator"}
COMMAND: POST /session/f50ebc9b0300cc5a7a7ecd6b62593f26/execute/sync - {"script":"<script> [21 bytes]","args":[{"element-6066-11e4-a52e-4f735466cecf":"f.77256AB0F52EACBF8523961987F3F3E9.d.F2D26FDB072A76529B26613EE003ABCF.e.308","ELEMENT":"f.77256AB0F52EACBF8523961987F3F3E9.d.F2D26FDB072A76529B26613EE003ABCF.e.308"}]}
RESULT: {}
COMMAND: POST /session/f50ebc9b0300cc5a7a7ecd6b62593f26/element - {"using":"css selector","value":"div.sapUiLocalBusyIndicator"}
RESULT: {"using":"css selector","value":"div.sapUiLocalBusyIndicator"}
COMMAND: POST /session/f50ebc9b0300cc5a7a7ecd6b62593f26/element - {"using":"css selector","value":"div.sapUiLocalBusyIndicator"}
RESULT: {"using":"css selector","value":"div.sapUiLocalBusyIndicator"}
COMMAND: POST /session/f50ebc9b0300cc5a7a7ecd6b62593f26/execute/async - {"script":"<script> [21 bytes]","args":[{"selector":{"id":"rfm.programui::xRFMxCU_ProgramObjectPage--fe::CustomSubSection::CustomDetailsSection--fe::FormContainer::FieldGroup::basicData1::FormElement::DataField::Currency::Field-edit-inner","interaction":{"idSuffix":"inner"}},"wdio_ui5_key":"rfmprogramui::xRFMxCU_ProgramObjectPage--fe::CustomSubSection::CustomDetailsSection--fe::FormContainer::FieldGroup::basicData1::FormElement::DataField::Currency::Field-edit-inner"}]}
RESULT: {"script":"<script> [21 bytes]","args":[{"selector":{"id":"rfm.programui::xRFMxCU_ProgramObjectPage--fe::CustomSubSection::CustomDetailsSection--fe::FormContainer::FieldGroup::basicData1::FormElement::DataField::Currency::Field-edit-inner","interaction":{"idSuffix":"inner"}},"wdio_ui5_key":"rfmprogramui::xRFMxCU_ProgramObjectPage--fe::CustomSubSection::CustomDetailsSection--fe::FormContainer::FieldGroup::basicData1::FormElement::DataField::Currency::Field-edit-inner"}]}
RESULT: undefined
COMMAND: POST /session/f50ebc9b0300cc5a7a7ecd6b62593f26/execute/async - {"script":"<script> [20 bytes]","args":[{"enterText":"EUR","selector":{"id":"rfm.programui::xRFMxCU_ProgramObjectPage--fe::CustomSubSection::CustomDetailsSection--fe::FormContainer::FieldGroup::basicData1::FormElement::DataField::Currency::Field-edit-inner","interaction":{"idSuffix":"inner"}},"clearTextFirst":true,"interactionType":"ENTER_TEXT"}]}
RESULT: {"script":"<script> [20 bytes]","args":[{"enterText":"EUR","selector":{"id":"rfm.programui::xRFMxCU_ProgramObjectPage--fe::CustomSubSection::CustomDetailsSection--fe::FormContainer::FieldGroup::basicData1::FormElement::DataField::Currency::Field-edit-inner","interaction":{"idSuffix":"inner"}},"clearTextFirst":true,"interactionType":"ENTER_TEXT"}]}
COMMAND: POST /session/f50ebc9b0300cc5a7a7ecd6b62593f26/element - {"using":"css selector","value":"div.sapUiLocalBusyIndicator"}
RESULT: {"using":"css selector","value":"div.sapUiLocalBusyIndicator"}
COMMAND: POST /session/f50ebc9b0300cc5a7a7ecd6b62593f26/element - {"using":"css selector","value":"div.sapUiLocalBusyIndicator"}
RESULT: {"using":"css selector","value":"div.sapUiLocalBusyIndicator"}
COMMAND: POST /session/f50ebc9b0300cc5a7a7ecd6b62593f26/execute/async - {"script":"<script> [21 bytes]","args":[{"selector":{"id":"rfm.programui::xRFMxCU_ProgramObjectPage--fe::CustomSubSection::CustomDetailsSection--fe::FormContainer::FieldGroup::basicData1::FormElement::DataField::Volume::Field-edit-inner","interaction":{"idSuffix":"inner"}},"wdio_ui5_key":"rfmprogramui::xRFMxCU_ProgramObjectPage--fe::CustomSubSection::CustomDetailsSection--fe::FormContainer::FieldGroup::basicData1::FormElement::DataField::Volume::Field-edit-inner"}]}
RESULT: {"script":"<script> [21 bytes]","args":[{"selector":{"id":"rfm.programui::xRFMxCU_ProgramObjectPage--fe::CustomSubSection::CustomDetailsSection--fe::FormContainer::FieldGroup::basicData1::FormElement::DataField::Volume::Field-edit-inner","interaction":{"idSuffix":"inner"}},"wdio_ui5_key":"rfmprogramui::xRFMxCU_ProgramObjectPage--fe::CustomSubSection::CustomDetailsSection--fe::FormContainer::FieldGroup::basicData1::FormElement::DataField::Volume::Field-edit-inner"}]}
RESULT: undefined
COMMAND: POST /session/f50ebc9b0300cc5a7a7ecd6b62593f26/execute/async - {"script":"<script> [20 bytes]","args":[{"enterText":"1,000,000,000.00","selector":{"id":"rfm.programui::xRFMxCU_ProgramObjectPage--fe::CustomSubSection::CustomDetailsSection--fe::FormContainer::FieldGroup::basicData1::FormElement::DataField::Volume::Field-edit-inner","interaction":{"idSuffix":"inner"}},"clearTextFirst":true,"interactionType":"ENTER_TEXT"}]}
RESULT: {"script":"<script> [20 bytes]","args":[{"enterText":"1,000,000,000.00","selector":{"id":"rfm.programui::xRFMxCU_ProgramObjectPage--fe::CustomSubSection::CustomDetailsSection--fe::FormContainer::FieldGroup::basicData1::FormElement::DataField::Volume::Field-edit-inner","interaction":{"idSuffix":"inner"}},"clearTextFirst":true,"interactionType":"ENTER_TEXT"}]}
COMMAND: POST /session/f50ebc9b0300cc5a7a7ecd6b62593f26/element - {"using":"css selector","value":"div.sapUiLocalBusyIndicator"}
RESULT: {"using":"css selector","value":"div.sapUiLocalBusyIndicator"}
COMMAND: POST /session/f50ebc9b0300cc5a7a7ecd6b62593f26/element - {"using":"css selector","value":"div.sapUiLocalBusyIndicator"}
RESULT: {"using":"css selector","value":"div.sapUiLocalBusyIndicator"}
COMMAND: POST /session/f50ebc9b0300cc5a7a7ecd6b62593f26/execute/async - {"script":"<script> [21 bytes]","args":[{"selector":{"id":"rfm.programui::xRFMxCU_ProgramObjectPage--fe::CustomSubSection::CustomDetailsSection--fe::FormContainer::FieldGroup::basicData1::FormElement::DataField::ValidTo::Field-edit","interaction":{"idSuffix":"inner"}},"wdio_ui5_key":"rfmprogramui::xRFMxCU_ProgramObjectPage--fe::CustomSubSection::CustomDetailsSection--fe::FormContainer::FieldGroup::basicData1::FormElement::DataField::ValidTo::Field-edit"}]}
RESULT: {"script":"<script> [21 bytes]","args":[{"selector":{"id":"rfm.programui::xRFMxCU_ProgramObjectPage--fe::CustomSubSection::CustomDetailsSection--fe::FormContainer::FieldGroup::basicData1::FormElement::DataField::ValidTo::Field-edit","interaction":{"idSuffix":"inner"}},"wdio_ui5_key":"rfmprogramui::xRFMxCU_ProgramObjectPage--fe::CustomSubSection::CustomDetailsSection--fe::FormContainer::FieldGroup::basicData1::FormElement::DataField::ValidTo::Field-edit"}]}
RESULT: undefined
COMMAND: POST /session/f50ebc9b0300cc5a7a7ecd6b62593f26/execute/async - {"script":"<script> [21 bytes]","args":[{"element-6066-11e4-a52e-4f735466cecf":"f.77256AB0F52EACBF8523961987F3F3E9.d.F2D26FDB072A76529B26613EE003ABCF.e.344"},"setValue",["2027-12-31"]]}
RESULT: {"script":"<script> [21 bytes]","args":[{"element-6066-11e4-a52e-4f735466cecf":"f.77256AB0F52EACBF8523961987F3F3E9.d.F2D26FDB072A76529B26613EE003ABCF.e.344"},"setValue",["2027-12-31"]]}
COMMAND: POST /session/f50ebc9b0300cc5a7a7ecd6b62593f26/element - {"using":"css selector","value":"div.sapUiLocalBusyIndicator"}
RESULT: {"using":"css selector","value":"div.sapUiLocalBusyIndicator"}
COMMAND: POST /session/f50ebc9b0300cc5a7a7ecd6b62593f26/element - {"using":"css selector","value":"div.sapUiLocalBusyIndicator"}
RESULT: {"using":"css selector","value":"div.sapUiLocalBusyIndicator"}
COMMAND: POST /session/f50ebc9b0300cc5a7a7ecd6b62593f26/execute/async - {"script":"<script> [21 bytes]","args":[{"selector":{"id":"rfm.programui::xRFMxCU_ProgramObjectPage--fe::CustomSubSection::CustomDetailsSection--fe::FormContainer::FieldGroup::basicData2::FormElement::DataField::CompanyCode::Field-edit-inner","interaction":{"idSuffix":"inner"}},"wdio_ui5_key":"rfmprogramui::xRFMxCU_ProgramObjectPage--fe::CustomSubSection::CustomDetailsSection--fe::FormContainer::FieldGroup::basicData2::FormElement::DataField::CompanyCode::Field-edit-inner"}]}
RESULT: {"script":"<script> [21 bytes]","args":[{"selector":{"id":"rfm.programui::xRFMxCU_ProgramObjectPage--fe::CustomSubSection::CustomDetailsSection--fe::FormContainer::FieldGroup::basicData2::FormElement::DataField::CompanyCode::Field-edit-inner","interaction":{"idSuffix":"inner"}},"wdio_ui5_key":"rfmprogramui::xRFMxCU_ProgramObjectPage--fe::CustomSubSection::CustomDetailsSection--fe::FormContainer::FieldGroup::basicData2::FormElement::DataField::CompanyCode::Field-edit-inner"}]}
RESULT: undefined
COMMAND: POST /session/f50ebc9b0300cc5a7a7ecd6b62593f26/execute/async - {"script":"<script> [20 bytes]","args":[{"enterText":"BearingPoint (0001)","selector":{"id":"rfm.programui::xRFMxCU_ProgramObjectPage--fe::CustomSubSection::CustomDetailsSection--fe::FormContainer::FieldGroup::basicData2::FormElement::DataField::CompanyCode::Field-edit-inner","interaction":{"idSuffix":"inner"}},"clearTextFirst":true,"interactionType":"ENTER_TEXT"}]}
RESULT: {"script":"<script> [20 bytes]","args":[{"enterText":"BearingPoint (0001)","selector":{"id":"rfm.programui::xRFMxCU_ProgramObjectPage--fe::CustomSubSection::CustomDetailsSection--fe::FormContainer::FieldGroup::basicData2::FormElement::DataField::CompanyCode::Field-edit-inner","interaction":{"idSuffix":"inner"}},"clearTextFirst":true,"interactionType":"ENTER_TEXT"}]}
COMMAND: POST /session/f50ebc9b0300cc5a7a7ecd6b62593f26/element - {"using":"css selector","value":"div.sapUiLocalBusyIndicator"}
RESULT: {"using":"css selector","value":"div.sapUiLocalBusyIndicator"}
COMMAND: POST /session/f50ebc9b0300cc5a7a7ecd6b62593f26/element - {"using":"css selector","value":"div.sapUiLocalBusyIndicator"}
RESULT: {"using":"css selector","value":"div.sapUiLocalBusyIndicator"}
COMMAND: POST /session/f50ebc9b0300cc5a7a7ecd6b62593f26/execute/async - {"script":"<script> [21 bytes]","args":[{"selector":{"id":"rfm.programui::xRFMxCU_ProgramObjectPage--fe::CustomSubSection::CustomDetailsSection--DetailsFundingTypesTable-content::StandardAction::Create","interaction":{"idSuffix":"BDI-content"}},"wdio_ui5_key":"rfmprogramui::xRFMxCU_ProgramObjectPage--fe::CustomSubSection::CustomDetailsSection--DetailsFundingTypesTable-content::StandardAction::Create"}]}
RESULT: {"script":"<script> [21 bytes]","args":[{"selector":{"id":"rfm.programui::xRFMxCU_ProgramObjectPage--fe::CustomSubSection::CustomDetailsSection--DetailsFundingTypesTable-content::StandardAction::Create","interaction":{"idSuffix":"BDI-content"}},"wdio_ui5_key":"rfmprogramui::xRFMxCU_ProgramObjectPage--fe::CustomSubSection::CustomDetailsSection--DetailsFundingTypesTable-content::StandardAction::Create"}]}
RESULT: undefined
COMMAND: POST /session/f50ebc9b0300cc5a7a7ecd6b62593f26/element - {"using":"xpath","value":"//*[@id=\"rfm.programui::xRFMxCU_ProgramObjectPage--fe::CustomSubSection::CustomDetailsSection--DetailsFundingTypesTable-content::StandardAction::Create\"]"}
RESULT: {"using":"xpath","value":"//*[@id=\"rfm.programui::xRFMxCU_ProgramObjectPage--fe::CustomSubSection::CustomDetailsSection--DetailsFundingTypesTable-content::StandardAction::Create\"]"}
COMMAND: POST /session/f50ebc9b0300cc5a7a7ecd6b62593f26/element/f.77256AB0F52EACBF8523961987F3F3E9.d.F2D26FDB072A76529B26613EE003ABCF.e.356/click - {}
RESULT: {}
COMMAND: POST /session/f50ebc9b0300cc5a7a7ecd6b62593f26/element - {"using":"css selector","value":"div.sapUiLocalBusyIndicator"}
COMMAND: GET /session/f50ebc9b0300cc5a7a7ecd6b62593f26/screenshot - {}
RESULT: {"using":"css selector","value":"div.sapUiLocalBusyIndicator"}
COMMAND: POST /session/f50ebc9b0300cc5a7a7ecd6b62593f26/element - {"using":"css selector","value":"div.sapUiLocalBusyIndicator"}
RESULT: {}
RESULT: {"using":"css selector","value":"div.sapUiLocalBusyIndicator"}
COMMAND: POST /session/f50ebc9b0300cc5a7a7ecd6b62593f26/execute/sync - {"script":"<script> [21 bytes]","args":[{"element-6066-11e4-a52e-4f735466cecf":"f.77256AB0F52EACBF8523961987F3F3E9.d.F2D26FDB072A76529B26613EE003ABCF.e.497","ELEMENT":"f.77256AB0F52EACBF8523961987F3F3E9.d.F2D26FDB072A76529B26613EE003ABCF.e.497"}]}
RESULT: {"script":"<script> [21 bytes]","args":[{"element-6066-11e4-a52e-4f735466cecf":"f.77256AB0F52EACBF8523961987F3F3E9.d.F2D26FDB072A76529B26613EE003ABCF.e.497","ELEMENT":"f.77256AB0F52EACBF8523961987F3F3E9.d.F2D26FDB072A76529B26613EE003ABCF.e.497"}]}
COMMAND: POST /session/f50ebc9b0300cc5a7a7ecd6b62593f26/execute/async - {"script":"<script> [21 bytes]","args":[{"selector":{"id":"CreateDialog::xRFMxCU_ProgramFundingTypeType::FundingType-inner","searchOpenDialogs":true,"interaction":{"idSuffix":"inner"}},"wdio_ui5_key":"CreateDialogxRFMxCU_ProgramFundingTypeType::FundingType-inner"}]}
COMMAND: GET /session/f50ebc9b0300cc5a7a7ecd6b62593f26/screenshot - {}
RESULT: {"script":"<script> [21 bytes]","args":[{"selector":{"id":"CreateDialog::xRFMxCU_ProgramFundingTypeType::FundingType-inner","searchOpenDialogs":true,"interaction":{"idSuffix":"inner"}},"wdio_ui5_key":"CreateDialogxRFMxCU_ProgramFundingTypeType::FundingType-inner"}]}
RESULT: undefined
COMMAND: POST /session/f50ebc9b0300cc5a7a7ecd6b62593f26/execute/async - {"script":"<script> [20 bytes]","args":[{"enterText":"30","selector":{"id":"CreateDialog::xRFMxCU_ProgramFundingTypeType::FundingType-inner","searchOpenDialogs":true,"interaction":{"idSuffix":"inner"}},"clearTextFirst":true,"interactionType":"ENTER_TEXT"}]}
RESULT: {}
RESULT: {"script":"<script> [20 bytes]","args":[{"enterText":"30","selector":{"id":"CreateDialog::xRFMxCU_ProgramFundingTypeType::FundingType-inner","searchOpenDialogs":true,"interaction":{"idSuffix":"inner"}},"clearTextFirst":true,"interactionType":"ENTER_TEXT"}]}
COMMAND: POST /session/f50ebc9b0300cc5a7a7ecd6b62593f26/element - {"using":"css selector","value":"div.sapUiLocalBusyIndicator"}
RESULT: {"using":"css selector","value":"div.sapUiLocalBusyIndicator"}
COMMAND: POST /session/f50ebc9b0300cc5a7a7ecd6b62593f26/execute/sync - {"script":"<script> [21 bytes]","args":[{"element-6066-11e4-a52e-4f735466cecf":"f.77256AB0F52EACBF8523961987F3F3E9.d.F2D26FDB072A76529B26613EE003ABCF.e.497","ELEMENT":"f.77256AB0F52EACBF8523961987F3F3E9.d.F2D26FDB072A76529B26613EE003ABCF.e.497"}]}
RESULT: {"script":"<script> [21 bytes]","args":[{"element-6066-11e4-a52e-4f735466cecf":"f.77256AB0F52EACBF8523961987F3F3E9.d.F2D26FDB072A76529B26613EE003ABCF.e.497","ELEMENT":"f.77256AB0F52EACBF8523961987F3F3E9.d.F2D26FDB072A76529B26613EE003ABCF.e.497"}]}
COMMAND: POST /session/f50ebc9b0300cc5a7a7ecd6b62593f26/execute/async - {"script":"<script> [21 bytes]","args":[{"selector":{"id":"CreateDialog::xRFMxCU_Program::_AllowedFundingType-footer","searchOpenDialogs":true},"wdio_ui5_key":"CreateDialogxRFMxCU_Program::_AllowedFundingType-footer"}]}
COMMAND: GET /session/f50ebc9b0300cc5a7a7ecd6b62593f26/screenshot - {}
RESULT: {"script":"<script> [21 bytes]","args":[{"selector":{"id":"CreateDialog::xRFMxCU_Program::_AllowedFundingType-footer","searchOpenDialogs":true},"wdio_ui5_key":"CreateDialogxRFMxCU_Program::_AllowedFundingType-footer"}]}
RESULT: undefined
COMMAND: POST /session/f50ebc9b0300cc5a7a7ecd6b62593f26/element - {"using":"xpath","value":"//*[@id=\"CreateDialog::xRFMxCU_Program::_AllowedFundingType-footer\"]"}
RESULT: {}
RESULT: {"using":"xpath","value":"//*[@id=\"CreateDialog::xRFMxCU_Program::_AllowedFundingType-footer\"]"}
COMMAND: POST /session/f50ebc9b0300cc5a7a7ecd6b62593f26/element/f.77256AB0F52EACBF8523961987F3F3E9.d.F2D26FDB072A76529B26613EE003ABCF.e.501/click - {}
RESULT: {}
COMMAND: POST /session/f50ebc9b0300cc5a7a7ecd6b62593f26/element - {"using":"css selector","value":"div.sapUiLocalBusyIndicator"}
COMMAND: GET /session/f50ebc9b0300cc5a7a7ecd6b62593f26/screenshot - {}
RESULT: {"using":"css selector","value":"div.sapUiLocalBusyIndicator"}
COMMAND: POST /session/f50ebc9b0300cc5a7a7ecd6b62593f26/execute/sync - {"script":"<script> [21 bytes]","args":[{"element-6066-11e4-a52e-4f735466cecf":"f.77256AB0F52EACBF8523961987F3F3E9.d.F2D26FDB072A76529B26613EE003ABCF.e.497","ELEMENT":"f.77256AB0F52EACBF8523961987F3F3E9.d.F2D26FDB072A76529B26613EE003ABCF.e.497"}]}
RESULT: {}
RESULT: {"script":"<script> [21 bytes]","args":[{"element-6066-11e4-a52e-4f735466cecf":"f.77256AB0F52EACBF8523961987F3F3E9.d.F2D26FDB072A76529B26613EE003ABCF.e.497","ELEMENT":"f.77256AB0F52EACBF8523961987F3F3E9.d.F2D26FDB072A76529B26613EE003ABCF.e.497"}]}
COMMAND: POST /session/f50ebc9b0300cc5a7a7ecd6b62593f26/execute/async - {"script":"<script> [21 bytes]","args":[{"forceSelect":true,"selector":{"controlType":"sap.m.Button","viewName":"sap.fe.templates.ObjectPage.ObjectPage","viewId":"rfm.programui::xRFMxCU_Program__AllowedFundingTypeObjectPage","properties":{"text":"Continue"},"searchOpenDialogs":true,"interaction":{"idSuffix":"content"}},"wdio_ui5_key":"sapfe.templates.ObjectPage.ObjectPagesap.m.Button{\"text\":\"Continue\"}"}]}
COMMAND: GET /session/f50ebc9b0300cc5a7a7ecd6b62593f26/screenshot - {}
RESULT: {"script":"<script> [21 bytes]","args":[{"forceSelect":true,"selector":{"controlType":"sap.m.Button","viewName":"sap.fe.templates.ObjectPage.ObjectPage","viewId":"rfm.programui::xRFMxCU_Program__AllowedFundingTypeObjectPage","properties":{"text":"Continue"},"searchOpenDialogs":true,"interaction":{"idSuffix":"content"}},"wdio_ui5_key":"sapfe.templates.ObjectPage.ObjectPagesap.m.Button{\"text\":\"Continue\"}"}]}
RESULT: undefined
COMMAND: POST /session/f50ebc9b0300cc5a7a7ecd6b62593f26/element - {"using":"xpath","value":"//*[@id=\"__button199\"]"}
RESULT: {}
RESULT: {"using":"xpath","value":"//*[@id=\"__button199\"]"}
COMMAND: POST /session/f50ebc9b0300cc5a7a7ecd6b62593f26/element/f.77256AB0F52EACBF8523961987F3F3E9.d.F2D26FDB072A76529B26613EE003ABCF.e.503/click - {}
RESULT: {}
COMMAND: POST /session/f50ebc9b0300cc5a7a7ecd6b62593f26/execute/async - {"script":"<script> [21 bytes]","args":[{"selector":{"id":"rfm.programui::xRFMxCU_Program__AllowedFundingTypeObjectPage--fe::FooterBar::_fc"},"wdio_ui5_key":"rfmprogramui::xRFMxCU_Program__AllowedFundingTypeObjectPage--fe::FooterBar::_fc"}]}
COMMAND: GET /session/f50ebc9b0300cc5a7a7ecd6b62593f26/screenshot - {}
RESULT: {"script":"<script> [21 bytes]","args":[{"selector":{"id":"rfm.programui::xRFMxCU_Program__AllowedFundingTypeObjectPage--fe::FooterBar::_fc"},"wdio_ui5_key":"rfmprogramui::xRFMxCU_Program__AllowedFundingTypeObjectPage--fe::FooterBar::_fc"}]}
RESULT: undefined
COMMAND: POST /session/f50ebc9b0300cc5a7a7ecd6b62593f26/element - {"using":"xpath","value":"//*[@id=\"rfm.programui::xRFMxCU_Program__AllowedFundingTypeObjectPage--fe::FooterBar::_fc\"]"}
RESULT: {}
RESULT: {"using":"xpath","value":"//*[@id=\"rfm.programui::xRFMxCU_Program__AllowedFundingTypeObjectPage--fe::FooterBar::_fc\"]"}
COMMAND: POST /session/f50ebc9b0300cc5a7a7ecd6b62593f26/element/f.77256AB0F52EACBF8523961987F3F3E9.d.F2D26FDB072A76529B26613EE003ABCF.e.509/click - {}
RESULT: {}
COMMAND: GET /session/f50ebc9b0300cc5a7a7ecd6b62593f26/screenshot - {}
RESULT: {}
COMMAND: POST /session/f50ebc9b0300cc5a7a7ecd6b62593f26/execute/async - {"script":"<script> [21 bytes]","args":[{"forceSelect":true,"selector":{"id":"rfm.programui::xRFMxCU_Program__AllowedFundingTypeObjectPage--fe::FooterBar::StandardAction::Apply"},"wdio_ui5_key":"rfmprogramui::xRFMxCU_Program__AllowedFundingTypeObjectPage--fe::FooterBar::StandardAction::Apply"}]}
RESULT: {"script":"<script> [21 bytes]","args":[{"forceSelect":true,"selector":{"id":"rfm.programui::xRFMxCU_Program__AllowedFundingTypeObjectPage--fe::FooterBar::StandardAction::Apply"},"wdio_ui5_key":"rfmprogramui::xRFMxCU_Program__AllowedFundingTypeObjectPage--fe::FooterBar::StandardAction::Apply"}]}
RESULT: undefined
COMMAND: POST /session/f50ebc9b0300cc5a7a7ecd6b62593f26/element - {"using":"xpath","value":"//*[@id=\"rfm.programui::xRFMxCU_Program__AllowedFundingTypeObjectPage--fe::FooterBar::StandardAction::Apply\"]"}
RESULT: {"using":"xpath","value":"//*[@id=\"rfm.programui::xRFMxCU_Program__AllowedFundingTypeObjectPage--fe::FooterBar::StandardAction::Apply\"]"}
COMMAND: POST /session/f50ebc9b0300cc5a7a7ecd6b62593f26/element/f.77256AB0F52EACBF8523961987F3F3E9.d.F2D26FDB072A76529B26613EE003ABCF.e.493/click - {}
RESULT: {}
COMMAND: GET /session/f50ebc9b0300cc5a7a7ecd6b62593f26/screenshot - {}
RESULT: {}
COMMAND: POST /session/f50ebc9b0300cc5a7a7ecd6b62593f26/execute/async - {"script":"<script> [21 bytes]","args":[{"selector":{"id":"rfm.programui::xRFMxCU_ProgramObjectPage--fe::ObjectPage-anchBar-rfm.programui::xRFMxCU_ProgramObjectPage--fe::EditableHeaderSection-anchor","interaction":{"idSuffix":"text"}},"wdio_ui5_key":"rfmprogramui::xRFMxCU_ProgramObjectPage--fe::ObjectPage-anchBar-rfm.programui::xRFMxCU_ProgramObjectPage--fe::EditableHeaderSection-anchor"}]}
RESULT: {"script":"<script> [21 bytes]","args":[{"selector":{"id":"rfm.programui::xRFMxCU_ProgramObjectPage--fe::ObjectPage-anchBar-rfm.programui::xRFMxCU_ProgramObjectPage--fe::EditableHeaderSection-anchor","interaction":{"idSuffix":"text"}},"wdio_ui5_key":"rfmprogramui::xRFMxCU_ProgramObjectPage--fe::ObjectPage-anchBar-rfm.programui::xRFMxCU_ProgramObjectPage--fe::EditableHeaderSection-anchor"}]}
RESULT: undefined
COMMAND: POST /session/f50ebc9b0300cc5a7a7ecd6b62593f26/element - {"using":"xpath","value":"//*[@id=\"rfm.programui::xRFMxCU_ProgramObjectPage--fe::ObjectPage-anchBar-rfm.programui::xRFMxCU_ProgramObjectPage--fe::EditableHeaderSection-anchor\"]"}
RESULT: {"using":"xpath","value":"//*[@id=\"rfm.programui::xRFMxCU_ProgramObjectPage--fe::ObjectPage-anchBar-rfm.programui::xRFMxCU_ProgramObjectPage--fe::EditableHeaderSection-anchor\"]"}
COMMAND: POST /session/f50ebc9b0300cc5a7a7ecd6b62593f26/element/f.77256AB0F52EACBF8523961987F3F3E9.d.F2D26FDB072A76529B26613EE003ABCF.e.556/click - {}
RESULT: {}
COMMAND: POST /session/f50ebc9b0300cc5a7a7ecd6b62593f26/element - {"using":"css selector","value":"div.sapUiLocalBusyIndicator"}
COMMAND: GET /session/f50ebc9b0300cc5a7a7ecd6b62593f26/screenshot - {}
RESULT: {"using":"css selector","value":"div.sapUiLocalBusyIndicator"}
COMMAND: POST /session/f50ebc9b0300cc5a7a7ecd6b62593f26/element - {"using":"css selector","value":"div.sapUiLocalBusyIndicator"}
RESULT: {}
RESULT: {"using":"css selector","value":"div.sapUiLocalBusyIndicator"}
COMMAND: POST /session/f50ebc9b0300cc5a7a7ecd6b62593f26/execute/async - {"script":"<script> [21 bytes]","args":[{"selector":{"id":"rfm.programui::xRFMxCU_ProgramObjectPage--fe::HeaderFacet::FormContainer::headerFieldsGP1::FormElement::DataField::Name::Field-edit","interaction":{"idSuffix":"inner"}},"wdio_ui5_key":"rfmprogramui::xRFMxCU_ProgramObjectPage--fe::HeaderFacet::FormContainer::headerFieldsGP1::FormElement::DataField::Name::Field-edit"}]}
RESULT: {"script":"<script> [21 bytes]","args":[{"selector":{"id":"rfm.programui::xRFMxCU_ProgramObjectPage--fe::HeaderFacet::FormContainer::headerFieldsGP1::FormElement::DataField::Name::Field-edit","interaction":{"idSuffix":"inner"}},"wdio_ui5_key":"rfmprogramui::xRFMxCU_ProgramObjectPage--fe::HeaderFacet::FormContainer::headerFieldsGP1::FormElement::DataField::Name::Field-edit"}]}
RESULT: undefined
COMMAND: POST /session/f50ebc9b0300cc5a7a7ecd6b62593f26/execute/async - {"script":"<script> [20 bytes]","args":[{"enterText":"WDIO_Trigger_2025-08-06","selector":{"id":"rfm.programui::xRFMxCU_ProgramObjectPage--fe::HeaderFacet::FormContainer::headerFieldsGP1::FormElement::DataField::Name::Field-edit","interaction":{"idSuffix":"inner"}},"clearTextFirst":true,"interactionType":"ENTER_TEXT"}]}
RESULT: {"script":"<script> [20 bytes]","args":[{"enterText":"WDIO_Trigger_2025-08-06","selector":{"id":"rfm.programui::xRFMxCU_ProgramObjectPage--fe::HeaderFacet::FormContainer::headerFieldsGP1::FormElement::DataField::Name::Field-edit","interaction":{"idSuffix":"inner"}},"clearTextFirst":true,"interactionType":"ENTER_TEXT"}]}
COMMAND: POST /session/f50ebc9b0300cc5a7a7ecd6b62593f26/element - {"using":"css selector","value":"div.sapUiLocalBusyIndicator"}
RESULT: {"using":"css selector","value":"div.sapUiLocalBusyIndicator"}
COMMAND: POST /session/f50ebc9b0300cc5a7a7ecd6b62593f26/element - {"using":"css selector","value":"div.sapUiLocalBusyIndicator"}
RESULT: {"using":"css selector","value":"div.sapUiLocalBusyIndicator"}
COMMAND: POST /session/f50ebc9b0300cc5a7a7ecd6b62593f26/execute/async - {"script":"<script> [21 bytes]","args":[{"selector":{"id":"rfm.programui::xRFMxCU_ProgramObjectPage--fe::FooterBar::StandardAction::Save","interaction":{"idSuffix":"BDI-content"}},"wdio_ui5_key":"rfmprogramui::xRFMxCU_ProgramObjectPage--fe::FooterBar::StandardAction::Save"}]}
RESULT: {"script":"<script> [21 bytes]","args":[{"selector":{"id":"rfm.programui::xRFMxCU_ProgramObjectPage--fe::FooterBar::StandardAction::Save","interaction":{"idSuffix":"BDI-content"}},"wdio_ui5_key":"rfmprogramui::xRFMxCU_ProgramObjectPage--fe::FooterBar::StandardAction::Save"}]}
RESULT: undefined
COMMAND: POST /session/f50ebc9b0300cc5a7a7ecd6b62593f26/element - {"using":"xpath","value":"//*[@id=\"rfm.programui::xRFMxCU_ProgramObjectPage--fe::FooterBar::StandardAction::Save\"]"}
RESULT: {"using":"xpath","value":"//*[@id=\"rfm.programui::xRFMxCU_ProgramObjectPage--fe::FooterBar::StandardAction::Save\"]"}
COMMAND: POST /session/f50ebc9b0300cc5a7a7ecd6b62593f26/element/f.77256AB0F52EACBF8523961987F3F3E9.d.F2D26FDB072A76529B26613EE003ABCF.e.411/click - {}
RESULT: {}
COMMAND: POST /session/f50ebc9b0300cc5a7a7ecd6b62593f26/element - {"using":"css selector","value":"div.sapUiLocalBusyIndicator"}
COMMAND: GET /session/f50ebc9b0300cc5a7a7ecd6b62593f26/screenshot - {}
RESULT: {"using":"css selector","value":"div.sapUiLocalBusyIndicator"}
COMMAND: POST /session/f50ebc9b0300cc5a7a7ecd6b62593f26/execute/sync - {"script":"<script> [21 bytes]","args":[{"element-6066-11e4-a52e-4f735466cecf":"f.77256AB0F52EACBF8523961987F3F3E9.d.F2D26FDB072A76529B26613EE003ABCF.e.564","ELEMENT":"f.77256AB0F52EACBF8523961987F3F3E9.d.F2D26FDB072A76529B26613EE003ABCF.e.564"}]}
RESULT: {}
RESULT: {"script":"<script> [21 bytes]","args":[{"element-6066-11e4-a52e-4f735466cecf":"f.77256AB0F52EACBF8523961987F3F3E9.d.F2D26FDB072A76529B26613EE003ABCF.e.564","ELEMENT":"f.77256AB0F52EACBF8523961987F3F3E9.d.F2D26FDB072A76529B26613EE003ABCF.e.564"}]}
COMMAND: POST /session/f50ebc9b0300cc5a7a7ecd6b62593f26/execute/async - {"script":"<script> [21 bytes]","args":[{"selector":{"id":"rfm.programui::xRFMxCU_ProgramObjectPage--fe::HeaderFacet::Form::headerFieldsGP1::DataField::ProgramId::Field-content"},"wdio_ui5_key":"rfmprogramui::xRFMxCU_ProgramObjectPage--fe::HeaderFacet::Form::headerFieldsGP1::DataField::ProgramId::Field-content"}]}
COMMAND: GET /session/f50ebc9b0300cc5a7a7ecd6b62593f26/screenshot - {}
RESULT: {"script":"<script> [21 bytes]","args":[{"selector":{"id":"rfm.programui::xRFMxCU_ProgramObjectPage--fe::HeaderFacet::Form::headerFieldsGP1::DataField::ProgramId::Field-content"},"wdio_ui5_key":"rfmprogramui::xRFMxCU_ProgramObjectPage--fe::HeaderFacet::Form::headerFieldsGP1::DataField::ProgramId::Field-content"}]}
RESULT: undefined
COMMAND: POST /session/f50ebc9b0300cc5a7a7ecd6b62593f26/execute/async - {"script":"<script> [21 bytes]","args":[{"element-6066-11e4-a52e-4f735466cecf":"f.77256AB0F52EACBF8523961987F3F3E9.d.F2D26FDB072A76529B26613EE003ABCF.e.573"},"getText",[]]}
RESULT: {}
RESULT: {"script":"<script> [21 bytes]","args":[{"element-6066-11e4-a52e-4f735466cecf":"f.77256AB0F52EACBF8523961987F3F3E9.d.F2D26FDB072A76529B26613EE003ABCF.e.573"},"getText",[]]}
COMMAND: POST /session/f50ebc9b0300cc5a7a7ecd6b62593f26/element - {"using":"css selector","value":"div.sapUiLocalBusyIndicator"}
RESULT: {"using":"css selector","value":"div.sapUiLocalBusyIndicator"}
COMMAND: POST /session/f50ebc9b0300cc5a7a7ecd6b62593f26/element - {"using":"css selector","value":"div.sapUiLocalBusyIndicator"}
RESULT: {"using":"css selector","value":"div.sapUiLocalBusyIndicator"}
COMMAND: POST /session/f50ebc9b0300cc5a7a7ecd6b62593f26/execute/async - {"script":"<script> [21 bytes]","args":[{"selector":{"id":"rfm.programui::xRFMxCU_ProgramObjectPage--fe::DataFieldForAction::com.sap.gateway.srvd.rfm.ui_program.v0001.Open::com.sap.gateway.srvd.rfm.ui_program.v0001.xRFMxCU_ProgramType","interaction":{"idSuffix":"BDI-content"}},"wdio_ui5_key":"rfmprogramui::xRFMxCU_ProgramObjectPage--fe::DataFieldForAction::com.sap.gateway.srvd.rfm.ui_program.v0001.Open::com.sap.gateway.srvd.rfm.ui_program.v0001.xRFMxCU_ProgramType"}]}
RESULT: {"script":"<script> [21 bytes]","args":[{"selector":{"id":"rfm.programui::xRFMxCU_ProgramObjectPage--fe::DataFieldForAction::com.sap.gateway.srvd.rfm.ui_program.v0001.Open::com.sap.gateway.srvd.rfm.ui_program.v0001.xRFMxCU_ProgramType","interaction":{"idSuffix":"BDI-content"}},"wdio_ui5_key":"rfmprogramui::xRFMxCU_ProgramObjectPage--fe::DataFieldForAction::com.sap.gateway.srvd.rfm.ui_program.v0001.Open::com.sap.gateway.srvd.rfm.ui_program.v0001.xRFMxCU_ProgramType"}]}
RESULT: undefined
COMMAND: POST /session/f50ebc9b0300cc5a7a7ecd6b62593f26/element - {"using":"xpath","value":"//*[@id=\"rfm.programui::xRFMxCU_ProgramObjectPage--fe::DataFieldForAction::com.sap.gateway.srvd.rfm.ui_program.v0001.Open::com.sap.gateway.srvd.rfm.ui_program.v0001.xRFMxCU_ProgramType\"]"}
RESULT: {"using":"xpath","value":"//*[@id=\"rfm.programui::xRFMxCU_ProgramObjectPage--fe::DataFieldForAction::com.sap.gateway.srvd.rfm.ui_program.v0001.Open::com.sap.gateway.srvd.rfm.ui_program.v0001.xRFMxCU_ProgramType\"]"}
COMMAND: POST /session/f50ebc9b0300cc5a7a7ecd6b62593f26/element/f.77256AB0F52EACBF8523961987F3F3E9.d.F2D26FDB072A76529B26613EE003ABCF.e.315/click - {}
RESULT: {}
COMMAND: POST /session/f50ebc9b0300cc5a7a7ecd6b62593f26/element - {"using":"css selector","value":"div.sapUiLocalBusyIndicator"}
COMMAND: GET /session/f50ebc9b0300cc5a7a7ecd6b62593f26/screenshot - {}
RESULT: {"using":"css selector","value":"div.sapUiLocalBusyIndicator"}
COMMAND: POST /session/f50ebc9b0300cc5a7a7ecd6b62593f26/element - {"using":"css selector","value":"div.sapUiLocalBusyIndicator"}
RESULT: {}
RESULT: {"using":"css selector","value":"div.sapUiLocalBusyIndicator"}
COMMAND: POST /session/f50ebc9b0300cc5a7a7ecd6b62593f26/execute/async - {"script":"<script> [21 bytes]","args":[{"selector":{"controlType":"sap.m.Button","properties":{"text":"OK"},"searchOpenDialogs":true,"interaction":{"idSuffix":"BDI-content"}},"wdio_ui5_key":"sapm.Button{\"text\":\"OK\"}"}]}
RESULT: {"script":"<script> [21 bytes]","args":[{"selector":{"controlType":"sap.m.Button","properties":{"text":"OK"},"searchOpenDialogs":true,"interaction":{"idSuffix":"BDI-content"}},"wdio_ui5_key":"sapm.Button{\"text\":\"OK\"}"}]}
RESULT: undefined
COMMAND: POST /session/f50ebc9b0300cc5a7a7ecd6b62593f26/element - {"using":"xpath","value":"//*[@id=\"__mbox-btn-0\"]"}
RESULT: {"using":"xpath","value":"//*[@id=\"__mbox-btn-0\"]"}
COMMAND: POST /session/f50ebc9b0300cc5a7a7ecd6b62593f26/element/f.77256AB0F52EACBF8523961987F3F3E9.d.F2D26FDB072A76529B26613EE003ABCF.e.576/click - {}
RESULT: {}
COMMAND: POST /session/f50ebc9b0300cc5a7a7ecd6b62593f26/element - {"using":"css selector","value":"div.sapUiLocalBusyIndicator"}
COMMAND: GET /session/f50ebc9b0300cc5a7a7ecd6b62593f26/screenshot - {}
RESULT: {"using":"css selector","value":"div.sapUiLocalBusyIndicator"}
COMMAND: POST /session/f50ebc9b0300cc5a7a7ecd6b62593f26/element - {"using":"css selector","value":"div.sapUiLocalBusyIndicator"}
RESULT: {}
RESULT: {"using":"css selector","value":"div.sapUiLocalBusyIndicator"}
COMMAND: POST /session/f50ebc9b0300cc5a7a7ecd6b62593f26/execute/sync - {"script":"<script> [21 bytes]","args":[{"element-6066-11e4-a52e-4f735466cecf":"f.77256AB0F52EACBF8523961987F3F3E9.d.F2D26FDB072A76529B26613EE003ABCF.e.579","ELEMENT":"f.77256AB0F52EACBF8523961987F3F3E9.d.F2D26FDB072A76529B26613EE003ABCF.e.579"}]}
RESULT: {"script":"<script> [21 bytes]","args":[{"element-6066-11e4-a52e-4f735466cecf":"f.77256AB0F52EACBF8523961987F3F3E9.d.F2D26FDB072A76529B26613EE003ABCF.e.579","ELEMENT":"f.77256AB0F52EACBF8523961987F3F3E9.d.F2D26FDB072A76529B26613EE003ABCF.e.579"}]}
COMMAND: POST /session/f50ebc9b0300cc5a7a7ecd6b62593f26/execute/async - {"script":"<script> [21 bytes]","args":[{"selector":{"id":"backBtn"},"wdio_ui5_key":"backBtn"}]}
COMMAND: GET /session/f50ebc9b0300cc5a7a7ecd6b62593f26/screenshot - {}
RESULT: {"script":"<script> [21 bytes]","args":[{"selector":{"id":"backBtn"},"wdio_ui5_key":"backBtn"}]}
RESULT: undefined
COMMAND: POST /session/f50ebc9b0300cc5a7a7ecd6b62593f26/element - {"using":"xpath","value":"//*[@id=\"backBtn\"]"}
RESULT: {}
RESULT: {"using":"xpath","value":"//*[@id=\"backBtn\"]"}
COMMAND: POST /session/f50ebc9b0300cc5a7a7ecd6b62593f26/element/f.77256AB0F52EACBF8523961987F3F3E9.d.F2D26FDB072A76529B26613EE003ABCF.e.582/click - {}
RESULT: {}
COMMAND: GET /session/f50ebc9b0300cc5a7a7ecd6b62593f26/screenshot - {}
RESULT: {}
COMMAND: POST /session/f50ebc9b0300cc5a7a7ecd6b62593f26/element/f.77256AB0F52EACBF8523961987F3F3E9.d.F2D26FDB072A76529B26613EE003ABCF.e.582/click - {}
COMMAND: GET /session/f50ebc9b0300cc5a7a7ecd6b62593f26/screenshot - {}
]]></system-out>
    </testcase>
    <testcase classname="chrome.138_0_7204_169.windows.Trigger" name="Should create Transaction" time="58.348">
      <system-out><![CDATA[
COMMAND: POST /session/f50ebc9b0300cc5a7a7ecd6b62593f26/execute/async - {"script":"<script> [21 bytes]","args":[{"selector":{"controlType":"sap.m.GenericTile","properties":{"header":"Funding Transaction"}},"wdio_ui5_key":"sapm.GenericTile{\"header\":\"Funding Transaction\"}"}]}
RESULT: {}
COMMAND: GET /session/f50ebc9b0300cc5a7a7ecd6b62593f26/screenshot - {}
RESULT: {}
RESULT: {"script":"<script> [21 bytes]","args":[{"selector":{"controlType":"sap.m.GenericTile","properties":{"header":"Funding Transaction"}},"wdio_ui5_key":"sapm.GenericTile{\"header\":\"Funding Transaction\"}"}]}
RESULT: undefined
COMMAND: POST /session/f50ebc9b0300cc5a7a7ecd6b62593f26/element - {"using":"xpath","value":"//*[@id=\"__tile30\"]"}
RESULT: {}
RESULT: {"using":"xpath","value":"//*[@id=\"__tile30\"]"}
COMMAND: POST /session/f50ebc9b0300cc5a7a7ecd6b62593f26/element/f.77256AB0F52EACBF8523961987F3F3E9.d.F2D26FDB072A76529B26613EE003ABCF.e.674/click - {}
RESULT: {}
COMMAND: POST /session/f50ebc9b0300cc5a7a7ecd6b62593f26/execute/async - {"script":"<script> [21 bytes]","args":[{"selector":{"id":"rfm.transactionui::xRFMxCU_TransactionList--fe::table::allTab::LineItem::StandardAction::Create","controlType":"sap.m.Button"},"wdio_ui5_key":"rfmtransactionui::xRFMxCU_TransactionList--fe::table::allTab::LineItem::StandardAction::Createsap.m.Button"}]}
COMMAND: GET /session/f50ebc9b0300cc5a7a7ecd6b62593f26/screenshot - {}
RESULT: {"script":"<script> [21 bytes]","args":[{"selector":{"id":"rfm.transactionui::xRFMxCU_TransactionList--fe::table::allTab::LineItem::StandardAction::Create","controlType":"sap.m.Button"},"wdio_ui5_key":"rfmtransactionui::xRFMxCU_TransactionList--fe::table::allTab::LineItem::StandardAction::Createsap.m.Button"}]}
RESULT: undefined
COMMAND: POST /session/f50ebc9b0300cc5a7a7ecd6b62593f26/element - {"using":"xpath","value":"//*[@id=\"rfm.transactionui::xRFMxCU_TransactionList--fe::table::allTab::LineItem::StandardAction::Create\"]"}
RESULT: {}
RESULT: {"using":"xpath","value":"//*[@id=\"rfm.transactionui::xRFMxCU_TransactionList--fe::table::allTab::LineItem::StandardAction::Create\"]"}
COMMAND: POST /session/f50ebc9b0300cc5a7a7ecd6b62593f26/element/f.77256AB0F52EACBF8523961987F3F3E9.d.F2D26FDB072A76529B26613EE003ABCF.e.731/click - {}
RESULT: {}
COMMAND: POST /session/f50ebc9b0300cc5a7a7ecd6b62593f26/element - {"using":"css selector","value":"div.sapUiLocalBusyIndicator"}
COMMAND: GET /session/f50ebc9b0300cc5a7a7ecd6b62593f26/screenshot - {}
RESULT: {"using":"css selector","value":"div.sapUiLocalBusyIndicator"}
COMMAND: POST /session/f50ebc9b0300cc5a7a7ecd6b62593f26/element - {"using":"css selector","value":"div.sapUiLocalBusyIndicator"}
RESULT: {}
RESULT: {"using":"css selector","value":"div.sapUiLocalBusyIndicator"}
COMMAND: POST /session/f50ebc9b0300cc5a7a7ecd6b62593f26/execute/sync - {"script":"<script> [21 bytes]","args":[{"element-6066-11e4-a52e-4f735466cecf":"f.77256AB0F52EACBF8523961987F3F3E9.d.F2D26FDB072A76529B26613EE003ABCF.e.912","ELEMENT":"f.77256AB0F52EACBF8523961987F3F3E9.d.F2D26FDB072A76529B26613EE003ABCF.e.912"}]}
RESULT: {"script":"<script> [21 bytes]","args":[{"element-6066-11e4-a52e-4f735466cecf":"f.77256AB0F52EACBF8523961987F3F3E9.d.F2D26FDB072A76529B26613EE003ABCF.e.912","ELEMENT":"f.77256AB0F52EACBF8523961987F3F3E9.d.F2D26FDB072A76529B26613EE003ABCF.e.912"}]}
COMMAND: POST /session/f50ebc9b0300cc5a7a7ecd6b62593f26/execute/async - {"script":"<script> [21 bytes]","args":[{"selector":{"id":"CreateDialog::xRFMxCU_TransactionType::ProgramId-inner-vhi","searchOpenDialogs":true},"wdio_ui5_key":"CreateDialogxRFMxCU_TransactionType::ProgramId-inner-vhi"}]}
COMMAND: GET /session/f50ebc9b0300cc5a7a7ecd6b62593f26/screenshot - {}
RESULT: {"script":"<script> [21 bytes]","args":[{"selector":{"id":"CreateDialog::xRFMxCU_TransactionType::ProgramId-inner-vhi","searchOpenDialogs":true},"wdio_ui5_key":"CreateDialogxRFMxCU_TransactionType::ProgramId-inner-vhi"}]}
RESULT: undefined
COMMAND: POST /session/f50ebc9b0300cc5a7a7ecd6b62593f26/element - {"using":"xpath","value":"//*[@id=\"CreateDialog::xRFMxCU_TransactionType::ProgramId-inner-vhi\"]"}
RESULT: {}
RESULT: {"using":"xpath","value":"//*[@id=\"CreateDialog::xRFMxCU_TransactionType::ProgramId-inner-vhi\"]"}
COMMAND: POST /session/f50ebc9b0300cc5a7a7ecd6b62593f26/element/f.77256AB0F52EACBF8523961987F3F3E9.d.F2D26FDB072A76529B26613EE003ABCF.e.914/click - {}
RESULT: {}
COMMAND: POST /session/f50ebc9b0300cc5a7a7ecd6b62593f26/element - {"using":"css selector","value":"div.sapUiLocalBusyIndicator"}
COMMAND: GET /session/f50ebc9b0300cc5a7a7ecd6b62593f26/screenshot - {}
RESULT: {"using":"css selector","value":"div.sapUiLocalBusyIndicator"}
COMMAND: POST /session/f50ebc9b0300cc5a7a7ecd6b62593f26/execute/sync - {"script":"<script> [21 bytes]","args":[{"element-6066-11e4-a52e-4f735466cecf":"f.77256AB0F52EACBF8523961987F3F3E9.d.F2D26FDB072A76529B26613EE003ABCF.e.921","ELEMENT":"f.77256AB0F52EACBF8523961987F3F3E9.d.F2D26FDB072A76529B26613EE003ABCF.e.921"}]}
RESULT: {}
COMMAND: POST /session/f50ebc9b0300cc5a7a7ecd6b62593f26/element - {"using":"css selector","value":"div.sapUiLocalBusyIndicator"}
RESULT: {"using":"css selector","value":"div.sapUiLocalBusyIndicator"}
COMMAND: POST /session/f50ebc9b0300cc5a7a7ecd6b62593f26/execute/sync - {"script":"<script> [21 bytes]","args":[{"element-6066-11e4-a52e-4f735466cecf":"f.77256AB0F52EACBF8523961987F3F3E9.d.F2D26FDB072A76529B26613EE003ABCF.e.912","ELEMENT":"f.77256AB0F52EACBF8523961987F3F3E9.d.F2D26FDB072A76529B26613EE003ABCF.e.912"}]}
RESULT: {"script":"<script> [21 bytes]","args":[{"element-6066-11e4-a52e-4f735466cecf":"f.77256AB0F52EACBF8523961987F3F3E9.d.F2D26FDB072A76529B26613EE003ABCF.e.912","ELEMENT":"f.77256AB0F52EACBF8523961987F3F3E9.d.F2D26FDB072A76529B26613EE003ABCF.e.912"}]}
COMMAND: POST /session/f50ebc9b0300cc5a7a7ecd6b62593f26/execute/async - {"script":"<script> [21 bytes]","args":[{"selector":{"id":"ProgramId::VH::Dialog::qualifier::-search-inner","searchOpenDialogs":true,"interaction":{"idSuffix":"I"}},"wdio_ui5_key":"ProgramIdVH::Dialog::qualifier::-search-inner"}]}
COMMAND: GET /session/f50ebc9b0300cc5a7a7ecd6b62593f26/screenshot - {}
RESULT: {"script":"<script> [21 bytes]","args":[{"selector":{"id":"ProgramId::VH::Dialog::qualifier::-search-inner","searchOpenDialogs":true,"interaction":{"idSuffix":"I"}},"wdio_ui5_key":"ProgramIdVH::Dialog::qualifier::-search-inner"}]}
RESULT: undefined
COMMAND: POST /session/f50ebc9b0300cc5a7a7ecd6b62593f26/execute/async - {"script":"<script> [20 bytes]","args":[{"enterText":"*1364*","selector":{"id":"ProgramId::VH::Dialog::qualifier::-search-inner","searchOpenDialogs":true,"interaction":{"idSuffix":"I"}},"clearTextFirst":true,"interactionType":"ENTER_TEXT"}]}
RESULT: {}
RESULT: {"script":"<script> [20 bytes]","args":[{"enterText":"*1364*","selector":{"id":"ProgramId::VH::Dialog::qualifier::-search-inner","searchOpenDialogs":true,"interaction":{"idSuffix":"I"}},"clearTextFirst":true,"interactionType":"ENTER_TEXT"}]}
COMMAND: POST /session/f50ebc9b0300cc5a7a7ecd6b62593f26/element - {"using":"css selector","value":"div.sapUiLocalBusyIndicator"}
RESULT: {"using":"css selector","value":"div.sapUiLocalBusyIndicator"}
COMMAND: POST /session/f50ebc9b0300cc5a7a7ecd6b62593f26/execute/sync - {"script":"<script> [21 bytes]","args":[{"element-6066-11e4-a52e-4f735466cecf":"f.77256AB0F52EACBF8523961987F3F3E9.d.F2D26FDB072A76529B26613EE003ABCF.e.912","ELEMENT":"f.77256AB0F52EACBF8523961987F3F3E9.d.F2D26FDB072A76529B26613EE003ABCF.e.912"}]}
RESULT: {"script":"<script> [21 bytes]","args":[{"element-6066-11e4-a52e-4f735466cecf":"f.77256AB0F52EACBF8523961987F3F3E9.d.F2D26FDB072A76529B26613EE003ABCF.e.912","ELEMENT":"f.77256AB0F52EACBF8523961987F3F3E9.d.F2D26FDB072A76529B26613EE003ABCF.e.912"}]}
COMMAND: POST /session/f50ebc9b0300cc5a7a7ecd6b62593f26/execute/async - {"script":"<script> [21 bytes]","args":[{"selector":{"id":"ProgramId::VH::Dialog::qualifier::::Table-innerTable-rows-row0","searchOpenDialogs":true},"wdio_ui5_key":"ProgramIdVH::Dialog::qualifier::::Table-innerTable-rows-row0"}]}
COMMAND: GET /session/f50ebc9b0300cc5a7a7ecd6b62593f26/screenshot - {}
RESULT: {"script":"<script> [21 bytes]","args":[{"selector":{"id":"ProgramId::VH::Dialog::qualifier::::Table-innerTable-rows-row0","searchOpenDialogs":true},"wdio_ui5_key":"ProgramIdVH::Dialog::qualifier::::Table-innerTable-rows-row0"}]}
RESULT: undefined
COMMAND: POST /session/f50ebc9b0300cc5a7a7ecd6b62593f26/element - {"using":"xpath","value":"//*[@id=\"ProgramId::VH::Dialog::qualifier::::Table-innerTable-rows-row0\"]"}
RESULT: {}
RESULT: {"using":"xpath","value":"//*[@id=\"ProgramId::VH::Dialog::qualifier::::Table-innerTable-rows-row0\"]"}
COMMAND: POST /session/f50ebc9b0300cc5a7a7ecd6b62593f26/element/f.77256AB0F52EACBF8523961987F3F3E9.d.F2D26FDB072A76529B26613EE003ABCF.e.925/click - {}
RESULT: {}
COMMAND: POST /session/f50ebc9b0300cc5a7a7ecd6b62593f26/element - {"using":"css selector","value":"div.sapUiLocalBusyIndicator"}
COMMAND: GET /session/f50ebc9b0300cc5a7a7ecd6b62593f26/screenshot - {}
RESULT: {"using":"css selector","value":"div.sapUiLocalBusyIndicator"}
COMMAND: POST /session/f50ebc9b0300cc5a7a7ecd6b62593f26/execute/sync - {"script":"<script> [21 bytes]","args":[{"element-6066-11e4-a52e-4f735466cecf":"f.77256AB0F52EACBF8523961987F3F3E9.d.F2D26FDB072A76529B26613EE003ABCF.e.912","ELEMENT":"f.77256AB0F52EACBF8523961987F3F3E9.d.F2D26FDB072A76529B26613EE003ABCF.e.912"}]}
RESULT: {}
RESULT: {"script":"<script> [21 bytes]","args":[{"element-6066-11e4-a52e-4f735466cecf":"f.77256AB0F52EACBF8523961987F3F3E9.d.F2D26FDB072A76529B26613EE003ABCF.e.912","ELEMENT":"f.77256AB0F52EACBF8523961987F3F3E9.d.F2D26FDB072A76529B26613EE003ABCF.e.912"}]}
COMMAND: POST /session/f50ebc9b0300cc5a7a7ecd6b62593f26/execute/async - {"script":"<script> [21 bytes]","args":[{"selector":{"id":"CreateDialog::xRFMxCU_TransactionType::FundingType-inner","searchOpenDialogs":true,"interaction":{"idSuffix":"inner"}},"wdio_ui5_key":"CreateDialogxRFMxCU_TransactionType::FundingType-inner"}]}
COMMAND: GET /session/f50ebc9b0300cc5a7a7ecd6b62593f26/screenshot - {}
RESULT: {"script":"<script> [21 bytes]","args":[{"selector":{"id":"CreateDialog::xRFMxCU_TransactionType::FundingType-inner","searchOpenDialogs":true,"interaction":{"idSuffix":"inner"}},"wdio_ui5_key":"CreateDialogxRFMxCU_TransactionType::FundingType-inner"}]}
RESULT: undefined
COMMAND: POST /session/f50ebc9b0300cc5a7a7ecd6b62593f26/execute/async - {"script":"<script> [20 bytes]","args":[{"enterText":"30","selector":{"id":"CreateDialog::xRFMxCU_TransactionType::FundingType-inner","searchOpenDialogs":true,"interaction":{"idSuffix":"inner"}},"clearTextFirst":true,"interactionType":"ENTER_TEXT"}]}
RESULT: {}
RESULT: {"script":"<script> [20 bytes]","args":[{"enterText":"30","selector":{"id":"CreateDialog::xRFMxCU_TransactionType::FundingType-inner","searchOpenDialogs":true,"interaction":{"idSuffix":"inner"}},"clearTextFirst":true,"interactionType":"ENTER_TEXT"}]}
COMMAND: POST /session/f50ebc9b0300cc5a7a7ecd6b62593f26/element - {"using":"css selector","value":"div.sapUiLocalBusyIndicator"}
RESULT: {"using":"css selector","value":"div.sapUiLocalBusyIndicator"}
COMMAND: POST /session/f50ebc9b0300cc5a7a7ecd6b62593f26/execute/sync - {"script":"<script> [21 bytes]","args":[{"element-6066-11e4-a52e-4f735466cecf":"f.77256AB0F52EACBF8523961987F3F3E9.d.F2D26FDB072A76529B26613EE003ABCF.e.912","ELEMENT":"f.77256AB0F52EACBF8523961987F3F3E9.d.F2D26FDB072A76529B26613EE003ABCF.e.912"}]}
RESULT: {"script":"<script> [21 bytes]","args":[{"element-6066-11e4-a52e-4f735466cecf":"f.77256AB0F52EACBF8523961987F3F3E9.d.F2D26FDB072A76529B26613EE003ABCF.e.912","ELEMENT":"f.77256AB0F52EACBF8523961987F3F3E9.d.F2D26FDB072A76529B26613EE003ABCF.e.912"}]}
COMMAND: POST /session/f50ebc9b0300cc5a7a7ecd6b62593f26/execute/async - {"script":"<script> [21 bytes]","args":[{"selector":{"id":"CreateDialog::xRFMxCU_Transaction-footer","searchOpenDialogs":true},"wdio_ui5_key":"CreateDialogxRFMxCU_Transaction-footer"}]}
COMMAND: GET /session/f50ebc9b0300cc5a7a7ecd6b62593f26/screenshot - {}
RESULT: {"script":"<script> [21 bytes]","args":[{"selector":{"id":"CreateDialog::xRFMxCU_Transaction-footer","searchOpenDialogs":true},"wdio_ui5_key":"CreateDialogxRFMxCU_Transaction-footer"}]}
RESULT: undefined
COMMAND: POST /session/f50ebc9b0300cc5a7a7ecd6b62593f26/element - {"using":"xpath","value":"//*[@id=\"CreateDialog::xRFMxCU_Transaction-footer\"]"}
RESULT: {}
RESULT: {"using":"xpath","value":"//*[@id=\"CreateDialog::xRFMxCU_Transaction-footer\"]"}
COMMAND: POST /session/f50ebc9b0300cc5a7a7ecd6b62593f26/element/f.77256AB0F52EACBF8523961987F3F3E9.d.F2D26FDB072A76529B26613EE003ABCF.e.928/click - {}
RESULT: {}
COMMAND: POST /session/f50ebc9b0300cc5a7a7ecd6b62593f26/element - {"using":"css selector","value":"div.sapUiLocalBusyIndicator"}
COMMAND: GET /session/f50ebc9b0300cc5a7a7ecd6b62593f26/screenshot - {}
RESULT: {"using":"css selector","value":"div.sapUiLocalBusyIndicator"}
COMMAND: POST /session/f50ebc9b0300cc5a7a7ecd6b62593f26/execute/sync - {"script":"<script> [21 bytes]","args":[{"element-6066-11e4-a52e-4f735466cecf":"f.77256AB0F52EACBF8523961987F3F3E9.d.F2D26FDB072A76529B26613EE003ABCF.e.912","ELEMENT":"f.77256AB0F52EACBF8523961987F3F3E9.d.F2D26FDB072A76529B26613EE003ABCF.e.912"}]}
RESULT: {}
RESULT: {"script":"<script> [21 bytes]","args":[{"element-6066-11e4-a52e-4f735466cecf":"f.77256AB0F52EACBF8523961987F3F3E9.d.F2D26FDB072A76529B26613EE003ABCF.e.912","ELEMENT":"f.77256AB0F52EACBF8523961987F3F3E9.d.F2D26FDB072A76529B26613EE003ABCF.e.912"}]}
COMMAND: POST /session/f50ebc9b0300cc5a7a7ecd6b62593f26/execute/async - {"script":"<script> [21 bytes]","args":[{"forceSelect":true,"selector":{"controlType":"sap.m.Button","viewName":"sap.fe.templates.ObjectPage.ObjectPage","viewId":"rfm.transactionui::xRFMxCU_TransactionObjectPage","properties":{"text":"Continue"},"searchOpenDialogs":true,"interaction":{"idSuffix":"BDI-content"}},"wdio_ui5_key":"sapfe.templates.ObjectPage.ObjectPagesap.m.Button{\"text\":\"Continue\"}"}]}
COMMAND: GET /session/f50ebc9b0300cc5a7a7ecd6b62593f26/screenshot - {}
RESULT: {"script":"<script> [21 bytes]","args":[{"forceSelect":true,"selector":{"controlType":"sap.m.Button","viewName":"sap.fe.templates.ObjectPage.ObjectPage","viewId":"rfm.transactionui::xRFMxCU_TransactionObjectPage","properties":{"text":"Continue"},"searchOpenDialogs":true,"interaction":{"idSuffix":"BDI-content"}},"wdio_ui5_key":"sapfe.templates.ObjectPage.ObjectPagesap.m.Button{\"text\":\"Continue\"}"}]}
RESULT: undefined
COMMAND: POST /session/f50ebc9b0300cc5a7a7ecd6b62593f26/element - {"using":"xpath","value":"//*[@id=\"__button245\"]"}
RESULT: {}
RESULT: {"using":"xpath","value":"//*[@id=\"__button245\"]"}
COMMAND: POST /session/f50ebc9b0300cc5a7a7ecd6b62593f26/element/f.77256AB0F52EACBF8523961987F3F3E9.d.F2D26FDB072A76529B26613EE003ABCF.e.930/click - {}
RESULT: {}
COMMAND: POST /session/f50ebc9b0300cc5a7a7ecd6b62593f26/element - {"using":"css selector","value":"div.sapUiLocalBusyIndicator"}
COMMAND: GET /session/f50ebc9b0300cc5a7a7ecd6b62593f26/screenshot - {}
RESULT: {"using":"css selector","value":"div.sapUiLocalBusyIndicator"}
COMMAND: POST /session/f50ebc9b0300cc5a7a7ecd6b62593f26/execute/sync - {"script":"<script> [21 bytes]","args":[{"element-6066-11e4-a52e-4f735466cecf":"f.77256AB0F52EACBF8523961987F3F3E9.d.F2D26FDB072A76529B26613EE003ABCF.e.912","ELEMENT":"f.77256AB0F52EACBF8523961987F3F3E9.d.F2D26FDB072A76529B26613EE003ABCF.e.912"}]}
RESULT: {}
COMMAND: POST /session/f50ebc9b0300cc5a7a7ecd6b62593f26/element - {"using":"css selector","value":"div.sapUiLocalBusyIndicator"}
RESULT: {"using":"css selector","value":"div.sapUiLocalBusyIndicator"}
COMMAND: POST /session/f50ebc9b0300cc5a7a7ecd6b62593f26/element - {"using":"css selector","value":"div.sapUiLocalBusyIndicator"}
RESULT: {"using":"css selector","value":"div.sapUiLocalBusyIndicator"}
COMMAND: POST /session/f50ebc9b0300cc5a7a7ecd6b62593f26/execute/async - {"script":"<script> [21 bytes]","args":[{"selector":{"id":"rfm.transactionui::xRFMxCU_TransactionObjectPage--fe::CustomSubSection::CustomDetailsSection--fe::FormContainer::FieldGroup::Term::FormElement::DataField::AssetCashflowDateFrom::Field-edit","interaction":{"idSuffix":"inner"}},"wdio_ui5_key":"rfmtransactionui::xRFMxCU_TransactionObjectPage--fe::CustomSubSection::CustomDetailsSection--fe::FormContainer::FieldGroup::Term::FormElement::DataField::AssetCashflowDateFrom::Field-edit"}]}
RESULT: {"script":"<script> [21 bytes]","args":[{"selector":{"id":"rfm.transactionui::xRFMxCU_TransactionObjectPage--fe::CustomSubSection::CustomDetailsSection--fe::FormContainer::FieldGroup::Term::FormElement::DataField::AssetCashflowDateFrom::Field-edit","interaction":{"idSuffix":"inner"}},"wdio_ui5_key":"rfmtransactionui::xRFMxCU_TransactionObjectPage--fe::CustomSubSection::CustomDetailsSection--fe::FormContainer::FieldGroup::Term::FormElement::DataField::AssetCashflowDateFrom::Field-edit"}]}
RESULT: undefined
COMMAND: POST /session/f50ebc9b0300cc5a7a7ecd6b62593f26/execute/async - {"script":"<script> [20 bytes]","args":[{"enterText":"2025-01-01","selector":{"id":"rfm.transactionui::xRFMxCU_TransactionObjectPage--fe::CustomSubSection::CustomDetailsSection--fe::FormContainer::FieldGroup::Term::FormElement::DataField::AssetCashflowDateFrom::Field-edit","interaction":{"idSuffix":"inner"}},"clearTextFirst":true,"interactionType":"ENTER_TEXT"}]}
RESULT: {"script":"<script> [20 bytes]","args":[{"enterText":"2025-01-01","selector":{"id":"rfm.transactionui::xRFMxCU_TransactionObjectPage--fe::CustomSubSection::CustomDetailsSection--fe::FormContainer::FieldGroup::Term::FormElement::DataField::AssetCashflowDateFrom::Field-edit","interaction":{"idSuffix":"inner"}},"clearTextFirst":true,"interactionType":"ENTER_TEXT"}]}
COMMAND: POST /session/f50ebc9b0300cc5a7a7ecd6b62593f26/element - {"using":"css selector","value":"div.sapUiLocalBusyIndicator"}
RESULT: {"using":"css selector","value":"div.sapUiLocalBusyIndicator"}
COMMAND: POST /session/f50ebc9b0300cc5a7a7ecd6b62593f26/element - {"using":"css selector","value":"div.sapUiLocalBusyIndicator"}
RESULT: {"using":"css selector","value":"div.sapUiLocalBusyIndicator"}
COMMAND: POST /session/f50ebc9b0300cc5a7a7ecd6b62593f26/execute/async - {"script":"<script> [21 bytes]","args":[{"selector":{"id":"rfm.transactionui::xRFMxCU_TransactionObjectPage--fe::CustomSubSection::CustomDetailsSection--fe::FormContainer::FieldGroup::Term::FormElement::DataField::AssetCashflowDateTo::Field-edit","interaction":{"idSuffix":"inner"}},"wdio_ui5_key":"rfmtransactionui::xRFMxCU_TransactionObjectPage--fe::CustomSubSection::CustomDetailsSection--fe::FormContainer::FieldGroup::Term::FormElement::DataField::AssetCashflowDateTo::Field-edit"}]}
RESULT: {"script":"<script> [21 bytes]","args":[{"selector":{"id":"rfm.transactionui::xRFMxCU_TransactionObjectPage--fe::CustomSubSection::CustomDetailsSection--fe::FormContainer::FieldGroup::Term::FormElement::DataField::AssetCashflowDateTo::Field-edit","interaction":{"idSuffix":"inner"}},"wdio_ui5_key":"rfmtransactionui::xRFMxCU_TransactionObjectPage--fe::CustomSubSection::CustomDetailsSection--fe::FormContainer::FieldGroup::Term::FormElement::DataField::AssetCashflowDateTo::Field-edit"}]}
RESULT: undefined
COMMAND: POST /session/f50ebc9b0300cc5a7a7ecd6b62593f26/execute/async - {"script":"<script> [20 bytes]","args":[{"enterText":"2027-12-31","selector":{"id":"rfm.transactionui::xRFMxCU_TransactionObjectPage--fe::CustomSubSection::CustomDetailsSection--fe::FormContainer::FieldGroup::Term::FormElement::DataField::AssetCashflowDateTo::Field-edit","interaction":{"idSuffix":"inner"}},"clearTextFirst":true,"interactionType":"ENTER_TEXT"}]}
RESULT: {"script":"<script> [20 bytes]","args":[{"enterText":"2027-12-31","selector":{"id":"rfm.transactionui::xRFMxCU_TransactionObjectPage--fe::CustomSubSection::CustomDetailsSection--fe::FormContainer::FieldGroup::Term::FormElement::DataField::AssetCashflowDateTo::Field-edit","interaction":{"idSuffix":"inner"}},"clearTextFirst":true,"interactionType":"ENTER_TEXT"}]}
COMMAND: POST /session/f50ebc9b0300cc5a7a7ecd6b62593f26/element - {"using":"css selector","value":"div.sapUiLocalBusyIndicator"}
RESULT: {"using":"css selector","value":"div.sapUiLocalBusyIndicator"}
COMMAND: POST /session/f50ebc9b0300cc5a7a7ecd6b62593f26/element - {"using":"css selector","value":"div.sapUiLocalBusyIndicator"}
RESULT: {"using":"css selector","value":"div.sapUiLocalBusyIndicator"}
COMMAND: POST /session/f50ebc9b0300cc5a7a7ecd6b62593f26/execute/async - {"script":"<script> [21 bytes]","args":[{"selector":{"id":"rfm.transactionui::xRFMxCU_TransactionObjectPage--fe::ObjectPage-anchBar-rfm.transactionui::xRFMxCU_TransactionObjectPage--fe::EditableHeaderSection-anchor","interaction":{"idSuffix":"text"}},"wdio_ui5_key":"rfmtransactionui::xRFMxCU_TransactionObjectPage--fe::ObjectPage-anchBar-rfm.transactionui::xRFMxCU_TransactionObjectPage--fe::EditableHeaderSection-anchor"}]}
RESULT: {"script":"<script> [21 bytes]","args":[{"selector":{"id":"rfm.transactionui::xRFMxCU_TransactionObjectPage--fe::ObjectPage-anchBar-rfm.transactionui::xRFMxCU_TransactionObjectPage--fe::EditableHeaderSection-anchor","interaction":{"idSuffix":"text"}},"wdio_ui5_key":"rfmtransactionui::xRFMxCU_TransactionObjectPage--fe::ObjectPage-anchBar-rfm.transactionui::xRFMxCU_TransactionObjectPage--fe::EditableHeaderSection-anchor"}]}
RESULT: undefined
COMMAND: POST /session/f50ebc9b0300cc5a7a7ecd6b62593f26/element - {"using":"xpath","value":"//*[@id=\"rfm.transactionui::xRFMxCU_TransactionObjectPage--fe::ObjectPage-anchBar-rfm.transactionui::xRFMxCU_TransactionObjectPage--fe::EditableHeaderSection-anchor\"]"}
RESULT: {"using":"xpath","value":"//*[@id=\"rfm.transactionui::xRFMxCU_TransactionObjectPage--fe::ObjectPage-anchBar-rfm.transactionui::xRFMxCU_TransactionObjectPage--fe::EditableHeaderSection-anchor\"]"}
COMMAND: POST /session/f50ebc9b0300cc5a7a7ecd6b62593f26/element/f.77256AB0F52EACBF8523961987F3F3E9.d.F2D26FDB072A76529B26613EE003ABCF.e.1009/click - {}
RESULT: {}
COMMAND: POST /session/f50ebc9b0300cc5a7a7ecd6b62593f26/element - {"using":"css selector","value":"div.sapUiLocalBusyIndicator"}
COMMAND: GET /session/f50ebc9b0300cc5a7a7ecd6b62593f26/screenshot - {}
RESULT: {"using":"css selector","value":"div.sapUiLocalBusyIndicator"}
COMMAND: POST /session/f50ebc9b0300cc5a7a7ecd6b62593f26/element - {"using":"css selector","value":"div.sapUiLocalBusyIndicator"}
RESULT: {}
RESULT: {"using":"css selector","value":"div.sapUiLocalBusyIndicator"}
COMMAND: POST /session/f50ebc9b0300cc5a7a7ecd6b62593f26/execute/async - {"script":"<script> [21 bytes]","args":[{"selector":{"id":"rfm.transactionui::xRFMxCU_TransactionObjectPage--fe::HeaderFacet::FormContainer::headerFieldsGP1::FormElement::DataField::Name::Field-edit","interaction":{"idSuffix":"inner"}},"wdio_ui5_key":"rfmtransactionui::xRFMxCU_TransactionObjectPage--fe::HeaderFacet::FormContainer::headerFieldsGP1::FormElement::DataField::Name::Field-edit"}]}
RESULT: {"script":"<script> [21 bytes]","args":[{"selector":{"id":"rfm.transactionui::xRFMxCU_TransactionObjectPage--fe::HeaderFacet::FormContainer::headerFieldsGP1::FormElement::DataField::Name::Field-edit","interaction":{"idSuffix":"inner"}},"wdio_ui5_key":"rfmtransactionui::xRFMxCU_TransactionObjectPage--fe::HeaderFacet::FormContainer::headerFieldsGP1::FormElement::DataField::Name::Field-edit"}]}
RESULT: undefined
COMMAND: POST /session/f50ebc9b0300cc5a7a7ecd6b62593f26/execute/async - {"script":"<script> [20 bytes]","args":[{"enterText":"WDIO_Trigger_2025-08-06","selector":{"id":"rfm.transactionui::xRFMxCU_TransactionObjectPage--fe::HeaderFacet::FormContainer::headerFieldsGP1::FormElement::DataField::Name::Field-edit","interaction":{"idSuffix":"inner"}},"clearTextFirst":true,"interactionType":"ENTER_TEXT"}]}
RESULT: {"script":"<script> [20 bytes]","args":[{"enterText":"WDIO_Trigger_2025-08-06","selector":{"id":"rfm.transactionui::xRFMxCU_TransactionObjectPage--fe::HeaderFacet::FormContainer::headerFieldsGP1::FormElement::DataField::Name::Field-edit","interaction":{"idSuffix":"inner"}},"clearTextFirst":true,"interactionType":"ENTER_TEXT"}]}
COMMAND: POST /session/f50ebc9b0300cc5a7a7ecd6b62593f26/element - {"using":"css selector","value":"div.sapUiLocalBusyIndicator"}
RESULT: {"using":"css selector","value":"div.sapUiLocalBusyIndicator"}
COMMAND: POST /session/f50ebc9b0300cc5a7a7ecd6b62593f26/element - {"using":"css selector","value":"div.sapUiLocalBusyIndicator"}
RESULT: {"using":"css selector","value":"div.sapUiLocalBusyIndicator"}
COMMAND: POST /session/f50ebc9b0300cc5a7a7ecd6b62593f26/execute/async - {"script":"<script> [21 bytes]","args":[{"selector":{"id":"rfm.transactionui::xRFMxCU_TransactionObjectPage--fe::HeaderFacet::FormContainer::headerFieldsGP1::FormElement::DataField::TransactionId::Field-display"},"wdio_ui5_key":"rfmtransactionui::xRFMxCU_TransactionObjectPage--fe::HeaderFacet::FormContainer::headerFieldsGP1::FormElement::DataField::TransactionId::Field-display"}]}
RESULT: {"script":"<script> [21 bytes]","args":[{"selector":{"id":"rfm.transactionui::xRFMxCU_TransactionObjectPage--fe::HeaderFacet::FormContainer::headerFieldsGP1::FormElement::DataField::TransactionId::Field-display"},"wdio_ui5_key":"rfmtransactionui::xRFMxCU_TransactionObjectPage--fe::HeaderFacet::FormContainer::headerFieldsGP1::FormElement::DataField::TransactionId::Field-display"}]}
RESULT: undefined
COMMAND: POST /session/f50ebc9b0300cc5a7a7ecd6b62593f26/execute/async - {"script":"<script> [21 bytes]","args":[{"element-6066-11e4-a52e-4f735466cecf":"f.77256AB0F52EACBF8523961987F3F3E9.d.F2D26FDB072A76529B26613EE003ABCF.e.1017"},"getText",[]]}
RESULT: {"script":"<script> [21 bytes]","args":[{"element-6066-11e4-a52e-4f735466cecf":"f.77256AB0F52EACBF8523961987F3F3E9.d.F2D26FDB072A76529B26613EE003ABCF.e.1017"},"getText",[]]}
COMMAND: POST /session/f50ebc9b0300cc5a7a7ecd6b62593f26/element - {"using":"css selector","value":"div.sapUiLocalBusyIndicator"}
RESULT: {"using":"css selector","value":"div.sapUiLocalBusyIndicator"}
COMMAND: POST /session/f50ebc9b0300cc5a7a7ecd6b62593f26/element - {"using":"css selector","value":"div.sapUiLocalBusyIndicator"}
RESULT: {"using":"css selector","value":"div.sapUiLocalBusyIndicator"}
COMMAND: POST /session/f50ebc9b0300cc5a7a7ecd6b62593f26/execute/async - {"script":"<script> [21 bytes]","args":[{"selector":{"id":"rfm.transactionui::xRFMxCU_TransactionObjectPage--fe::ObjectPage-anchBar-rfm.transactionui::xRFMxCU_TransactionObjectPage--fe::FacetSection::FundingScopeCollection-anchor"},"wdio_ui5_key":"rfmtransactionui::xRFMxCU_TransactionObjectPage--fe::ObjectPage-anchBar-rfm.transactionui::xRFMxCU_TransactionObjectPage--fe::FacetSection::FundingScopeCollection-anchor"}]}
RESULT: {"script":"<script> [21 bytes]","args":[{"selector":{"id":"rfm.transactionui::xRFMxCU_TransactionObjectPage--fe::ObjectPage-anchBar-rfm.transactionui::xRFMxCU_TransactionObjectPage--fe::FacetSection::FundingScopeCollection-anchor"},"wdio_ui5_key":"rfmtransactionui::xRFMxCU_TransactionObjectPage--fe::ObjectPage-anchBar-rfm.transactionui::xRFMxCU_TransactionObjectPage--fe::FacetSection::FundingScopeCollection-anchor"}]}
RESULT: undefined
COMMAND: POST /session/f50ebc9b0300cc5a7a7ecd6b62593f26/element - {"using":"xpath","value":"//*[@id=\"rfm.transactionui::xRFMxCU_TransactionObjectPage--fe::ObjectPage-anchBar-rfm.transactionui::xRFMxCU_TransactionObjectPage--fe::FacetSection::FundingScopeCollection-anchor\"]"}
RESULT: {"using":"xpath","value":"//*[@id=\"rfm.transactionui::xRFMxCU_TransactionObjectPage--fe::ObjectPage-anchBar-rfm.transactionui::xRFMxCU_TransactionObjectPage--fe::FacetSection::FundingScopeCollection-anchor\"]"}
COMMAND: POST /session/f50ebc9b0300cc5a7a7ecd6b62593f26/element/f.77256AB0F52EACBF8523961987F3F3E9.d.F2D26FDB072A76529B26613EE003ABCF.e.1018/click - {}
RESULT: {}
COMMAND: POST /session/f50ebc9b0300cc5a7a7ecd6b62593f26/element - {"using":"css selector","value":"div.sapUiLocalBusyIndicator"}
COMMAND: GET /session/f50ebc9b0300cc5a7a7ecd6b62593f26/screenshot - {}
RESULT: {"using":"css selector","value":"div.sapUiLocalBusyIndicator"}
COMMAND: POST /session/f50ebc9b0300cc5a7a7ecd6b62593f26/element - {"using":"css selector","value":"div.sapUiLocalBusyIndicator"}
RESULT: {}
RESULT: {"using":"css selector","value":"div.sapUiLocalBusyIndicator"}
COMMAND: POST /session/f50ebc9b0300cc5a7a7ecd6b62593f26/execute/async - {"script":"<script> [21 bytes]","args":[{"selector":{"controlType":"sap.ui.mdc.field.FieldInput","viewName":"sap.fe.templates.ObjectPage.ObjectPage","viewId":"rfm.transactionui::xRFMxCU_TransactionObjectPage","bindingPath":{"path":"","propertyPath":"/conditions","modelName":"$field"},"ancestor":{"controlType":"sap.ui.mdc.Field","viewName":"sap.fe.templates.ObjectPage.ObjectPage","viewId":"rfm.transactionui::xRFMxCU_TransactionObjectPage","bindingPath":{"path":"/xRFMxCU_Transaction(TransactionId='863',IsActiveEntity=false)/_TransactionCFPart(TransactionId='863',CashFlowPartType='1',IsActiveEntity=false)","propertyPath":"__EntityControl/Updatable"}},"interaction":{"idSuffix":"inner"}},"wdio_ui5_key":"sapfe.templates.ObjectPage.ObjectPagesap.ui.mdc.field.FieldInput{\"path\":\"\",\"propertyPath\":\"/conditions\",\"modelName\":\"$field\"}{\"controlType\":\"sap.ui.mdc.Field\",\"viewName\":\"sap.fe.templates.ObjectPage.ObjectPage\",\"viewId\":\"rfm.transactionui::xRFMxCU_TransactionObjectPage\",\"bindingPath\":{\"path\":\"/xRFMxCU_Transaction(TransactionId='863',IsActiveEntity=false)/_TransactionCFPart(TransactionId='863',CashFlowPartType='1',IsActiveEntity=false)\",\"propertyPath\":\"__EntityControl/Updatable\"}}"}]}
RESULT: {"script":"<script> [21 bytes]","args":[{"selector":{"controlType":"sap.ui.mdc.field.FieldInput","viewName":"sap.fe.templates.ObjectPage.ObjectPage","viewId":"rfm.transactionui::xRFMxCU_TransactionObjectPage","bindingPath":{"path":"","propertyPath":"/conditions","modelName":"$field"},"ancestor":{"controlType":"sap.ui.mdc.Field","viewName":"sap.fe.templates.ObjectPage.ObjectPage","viewId":"rfm.transactionui::xRFMxCU_TransactionObjectPage","bindingPath":{"path":"/xRFMxCU_Transaction(TransactionId='863',IsActiveEntity=false)/_TransactionCFPart(TransactionId='863',CashFlowPartType='1',IsActiveEntity=false)","propertyPath":"__EntityControl/Updatable"}},"interaction":{"idSuffix":"inner"}},"wdio_ui5_key":"sapfe.templates.ObjectPage.ObjectPagesap.ui.mdc.field.FieldInput{\"path\":\"\",\"propertyPath\":\"/conditions\",\"modelName\":\"$field\"}{\"controlType\":\"sap.ui.mdc.Field\",\"viewName\":\"sap.fe.templates.ObjectPage.ObjectPage\",\"viewId\":\"rfm.transactionui::xRFMxCU_TransactionObjectPage\",\"bindingPath\":{\"path\":\"/xRFMxCU_Transaction(TransactionId='863',IsActiveEntity=false)/_TransactionCFPart(TransactionId='863',CashFlowPartType='1',IsActiveEntity=false)\",\"propertyPath\":\"__EntityControl/Updatable\"}}"}]}
RESULT: undefined
COMMAND: POST /session/f50ebc9b0300cc5a7a7ecd6b62593f26/execute/async - {"script":"<script> [20 bytes]","args":[{"enterText":"Funding","selector":{"controlType":"sap.ui.mdc.field.FieldInput","viewName":"sap.fe.templates.ObjectPage.ObjectPage","viewId":"rfm.transactionui::xRFMxCU_TransactionObjectPage","bindingPath":{"path":"","propertyPath":"/conditions","modelName":"$field"},"ancestor":{"controlType":"sap.ui.mdc.Field","viewName":"sap.fe.templates.ObjectPage.ObjectPage","viewId":"rfm.transactionui::xRFMxCU_TransactionObjectPage","bindingPath":{"path":"/xRFMxCU_Transaction(TransactionId='863',IsActiveEntity=false)/_TransactionCFPart(TransactionId='863',CashFlowPartType='1',IsActiveEntity=false)","propertyPath":"__EntityControl/Updatable"}},"interaction":{"idSuffix":"inner"}},"clearTextFirst":true,"interactionType":"ENTER_TEXT"}]}
RESULT: {"script":"<script> [20 bytes]","args":[{"enterText":"Funding","selector":{"controlType":"sap.ui.mdc.field.FieldInput","viewName":"sap.fe.templates.ObjectPage.ObjectPage","viewId":"rfm.transactionui::xRFMxCU_TransactionObjectPage","bindingPath":{"path":"","propertyPath":"/conditions","modelName":"$field"},"ancestor":{"controlType":"sap.ui.mdc.Field","viewName":"sap.fe.templates.ObjectPage.ObjectPage","viewId":"rfm.transactionui::xRFMxCU_TransactionObjectPage","bindingPath":{"path":"/xRFMxCU_Transaction(TransactionId='863',IsActiveEntity=false)/_TransactionCFPart(TransactionId='863',CashFlowPartType='1',IsActiveEntity=false)","propertyPath":"__EntityControl/Updatable"}},"interaction":{"idSuffix":"inner"}},"clearTextFirst":true,"interactionType":"ENTER_TEXT"}]}
COMMAND: POST /session/f50ebc9b0300cc5a7a7ecd6b62593f26/element - {"using":"css selector","value":"div.sapUiLocalBusyIndicator"}
RESULT: {"using":"css selector","value":"div.sapUiLocalBusyIndicator"}
COMMAND: POST /session/f50ebc9b0300cc5a7a7ecd6b62593f26/element - {"using":"css selector","value":"div.sapUiLocalBusyIndicator"}
RESULT: {"using":"css selector","value":"div.sapUiLocalBusyIndicator"}
COMMAND: POST /session/f50ebc9b0300cc5a7a7ecd6b62593f26/execute/async - {"script":"<script> [21 bytes]","args":[{"selector":{"id":"rfm.transactionui::xRFMxCU_TransactionObjectPage--fe::table::_TransactionCFPart::LineItem-innerTable-rows-row1","interaction":{"idSuffix":"col0"}},"wdio_ui5_key":"rfmtransactionui::xRFMxCU_TransactionObjectPage--fe::table::_TransactionCFPart::LineItem-innerTable-rows-row1"}]}
RESULT: {"script":"<script> [21 bytes]","args":[{"selector":{"id":"rfm.transactionui::xRFMxCU_TransactionObjectPage--fe::table::_TransactionCFPart::LineItem-innerTable-rows-row1","interaction":{"idSuffix":"col0"}},"wdio_ui5_key":"rfmtransactionui::xRFMxCU_TransactionObjectPage--fe::table::_TransactionCFPart::LineItem-innerTable-rows-row1"}]}
RESULT: undefined
COMMAND: POST /session/f50ebc9b0300cc5a7a7ecd6b62593f26/element - {"using":"xpath","value":"//*[@id=\"rfm.transactionui::xRFMxCU_TransactionObjectPage--fe::table::_TransactionCFPart::LineItem-innerTable-rows-row1\"]"}
RESULT: {"using":"xpath","value":"//*[@id=\"rfm.transactionui::xRFMxCU_TransactionObjectPage--fe::table::_TransactionCFPart::LineItem-innerTable-rows-row1\"]"}
COMMAND: POST /session/f50ebc9b0300cc5a7a7ecd6b62593f26/element/f.77256AB0F52EACBF8523961987F3F3E9.d.F2D26FDB072A76529B26613EE003ABCF.e.1033/click - {}
RESULT: {}
COMMAND: POST /session/f50ebc9b0300cc5a7a7ecd6b62593f26/element - {"using":"css selector","value":"div.sapUiLocalBusyIndicator"}
COMMAND: GET /session/f50ebc9b0300cc5a7a7ecd6b62593f26/screenshot - {}
RESULT: {"using":"css selector","value":"div.sapUiLocalBusyIndicator"}
COMMAND: POST /session/f50ebc9b0300cc5a7a7ecd6b62593f26/element - {"using":"css selector","value":"div.sapUiLocalBusyIndicator"}
RESULT: {}
RESULT: {"using":"css selector","value":"div.sapUiLocalBusyIndicator"}
COMMAND: POST /session/f50ebc9b0300cc5a7a7ecd6b62593f26/execute/async - {"script":"<script> [21 bytes]","args":[{"forceSelect":true,"selector":{"controlType":"sap.ui.mdc.field.FieldInput","viewName":"sap.fe.templates.ObjectPage.ObjectPage","viewId":"rfm.transactionui::xRFMxCU_TransactionObjectPage","bindingPath":{"path":"","propertyPath":"/conditions","modelName":"$field"},"ancestor":{"controlType":"sap.ui.mdc.Field","viewName":"sap.fe.templates.ObjectPage.ObjectPage","viewId":"rfm.transactionui::xRFMxCU_TransactionObjectPage","bindingPath":{"path":"/xRFMxCU_Transaction(TransactionId='863',IsActiveEntity=false)/_TransactionCFPart(TransactionId='863',CashFlowPartType='2',IsActiveEntity=false)","propertyPath":"__EntityControl/Updatable"}},"interaction":{"idSuffix":"inner"}},"wdio_ui5_key":"sapfe.templates.ObjectPage.ObjectPagesap.ui.mdc.field.FieldInput{\"path\":\"\",\"propertyPath\":\"/conditions\",\"modelName\":\"$field\"}{\"controlType\":\"sap.ui.mdc.Field\",\"viewName\":\"sap.fe.templates.ObjectPage.ObjectPage\",\"viewId\":\"rfm.transactionui::xRFMxCU_TransactionObjectPage\",\"bindingPath\":{\"path\":\"/xRFMxCU_Transaction(TransactionId='863',IsActiveEntity=false)/_TransactionCFPart(TransactionId='863',CashFlowPartType='2',IsActiveEntity=false)\",\"propertyPath\":\"__EntityControl/Updatable\"}}"}]}
[...]
RESULT: {}
RESULT: {}
COMMAND: POST /session/f50ebc9b0300cc5a7a7ecd6b62593f26/element - {"using":"css selector","value":"div.sapUiLocalBusyIndicator"}
COMMAND: GET /session/f50ebc9b0300cc5a7a7ecd6b62593f26/screenshot - {}
RESULT: {"using":"css selector","value":"div.sapUiLocalBusyIndicator"}
COMMAND: POST /session/f50ebc9b0300cc5a7a7ecd6b62593f26/execute/sync - {"script":"<script> [21 bytes]","args":[{"element-6066-11e4-a52e-4f735466cecf":"f.77256AB0F52EACBF8523961987F3F3E9.d.F2D26FDB072A76529B26613EE003ABCF.e.1562","ELEMENT":"f.77256AB0F52EACBF8523961987F3F3E9.d.F2D26FDB072A76529B26613EE003ABCF.e.1562"}]}
RESULT: {}
RESULT: {"script":"<script> [21 bytes]","args":[{"element-6066-11e4-a52e-4f735466cecf":"f.77256AB0F52EACBF8523961987F3F3E9.d.F2D26FDB072A76529B26613EE003ABCF.e.1562","ELEMENT":"f.77256AB0F52EACBF8523961987F3F3E9.d.F2D26FDB072A76529B26613EE003ABCF.e.1562"}]}
COMMAND: POST /session/f50ebc9b0300cc5a7a7ecd6b62593f26/element - {"using":"css selector","value":"div[id='rfm.triggerui::TriggerSetObjectPage--fe::table::_Trigger::LineItem-innerTable-rowsel0']"}
COMMAND: GET /session/f50ebc9b0300cc5a7a7ecd6b62593f26/screenshot - {}
RESULT: {"using":"css selector","value":"div[id='rfm.triggerui::TriggerSetObjectPage--fe::table::_Trigger::LineItem-innerTable-rowsel0']"}
COMMAND: POST /session/f50ebc9b0300cc5a7a7ecd6b62593f26/element/f.77256AB0F52EACBF8523961987F3F3E9.d.F2D26FDB072A76529B26613EE003ABCF.e.1563/click - {}
RESULT: {}
COMMAND: POST /session/f50ebc9b0300cc5a7a7ecd6b62593f26/element - {"using":"css selector","value":"div[id='rfm.triggerui::TriggerSetObjectPage--fe::table::_Trigger::LineItem-innerTable-rowsel0']"}
RESULT: {"using":"css selector","value":"div[id='rfm.triggerui::TriggerSetObjectPage--fe::table::_Trigger::LineItem-innerTable-rowsel0']"}
COMMAND: POST /session/f50ebc9b0300cc5a7a7ecd6b62593f26/element/f.77256AB0F52EACBF8523961987F3F3E9.d.F2D26FDB072A76529B26613EE003ABCF.e.1563/click - {}
COMMAND: POST /session/f50ebc9b0300cc5a7a7ecd6b62593f26/element - {"using":"css selector","value":"div[id='rfm.triggerui::TriggerSetObjectPage--fe::table::_Trigger::LineItem-innerTable-rowsel0']"}
RESULT: {"using":"css selector","value":"div[id='rfm.triggerui::TriggerSetObjectPage--fe::table::_Trigger::LineItem-innerTable-rowsel0']"}
COMMAND: POST /session/f50ebc9b0300cc5a7a7ecd6b62593f26/element/f.77256AB0F52EACBF8523961987F3F3E9.d.F2D26FDB072A76529B26613EE003ABCF.e.1568/click - {}
RESULT: {}
COMMAND: POST /session/f50ebc9b0300cc5a7a7ecd6b62593f26/element - {"using":"css selector","value":"div.sapUiLocalBusyIndicator"}
COMMAND: GET /session/f50ebc9b0300cc5a7a7ecd6b62593f26/screenshot - {}
RESULT: {"using":"css selector","value":"div.sapUiLocalBusyIndicator"}
COMMAND: POST /session/f50ebc9b0300cc5a7a7ecd6b62593f26/element - {"using":"css selector","value":"div.sapUiLocalBusyIndicator"}
RESULT: {}
RESULT: {"using":"css selector","value":"div.sapUiLocalBusyIndicator"}
COMMAND: POST /session/f50ebc9b0300cc5a7a7ecd6b62593f26/execute/async - {"script":"<script> [21 bytes]","args":[{"selector":{"id":"rfm.triggerui::TriggerSetObjectPage--fe::table::_Trigger::LineItem::StandardAction::Delete","interaction":{"idSuffix":"BDI-content"}},"wdio_ui5_key":"rfmtriggerui::TriggerSetObjectPage--fe::table::_Trigger::LineItem::StandardAction::Delete"}]}
RESULT: {"script":"<script> [21 bytes]","args":[{"selector":{"id":"rfm.triggerui::TriggerSetObjectPage--fe::table::_Trigger::LineItem::StandardAction::Delete","interaction":{"idSuffix":"BDI-content"}},"wdio_ui5_key":"rfmtriggerui::TriggerSetObjectPage--fe::table::_Trigger::LineItem::StandardAction::Delete"}]}
RESULT: undefined
COMMAND: POST /session/f50ebc9b0300cc5a7a7ecd6b62593f26/element - {"using":"xpath","value":"//*[@id=\"rfm.triggerui::TriggerSetObjectPage--fe::table::_Trigger::LineItem::StandardAction::Delete\"]"}
RESULT: {"using":"xpath","value":"//*[@id=\"rfm.triggerui::TriggerSetObjectPage--fe::table::_Trigger::LineItem::StandardAction::Delete\"]"}
COMMAND: POST /session/f50ebc9b0300cc5a7a7ecd6b62593f26/element/f.77256AB0F52EACBF8523961987F3F3E9.d.F2D26FDB072A76529B26613EE003ABCF.e.1571/click - {}
RESULT: {}
COMMAND: POST /session/f50ebc9b0300cc5a7a7ecd6b62593f26/element - {"using":"css selector","value":"div.sapUiLocalBusyIndicator"}
COMMAND: GET /session/f50ebc9b0300cc5a7a7ecd6b62593f26/screenshot - {}
RESULT: {"using":"css selector","value":"div.sapUiLocalBusyIndicator"}
COMMAND: POST /session/f50ebc9b0300cc5a7a7ecd6b62593f26/execute/sync - {"script":"<script> [21 bytes]","args":[{"element-6066-11e4-a52e-4f735466cecf":"f.77256AB0F52EACBF8523961987F3F3E9.d.F2D26FDB072A76529B26613EE003ABCF.e.1573","ELEMENT":"f.77256AB0F52EACBF8523961987F3F3E9.d.F2D26FDB072A76529B26613EE003ABCF.e.1573"}]}
RESULT: {}
RESULT: {"script":"<script> [21 bytes]","args":[{"element-6066-11e4-a52e-4f735466cecf":"f.77256AB0F52EACBF8523961987F3F3E9.d.F2D26FDB072A76529B26613EE003ABCF.e.1573","ELEMENT":"f.77256AB0F52EACBF8523961987F3F3E9.d.F2D26FDB072A76529B26613EE003ABCF.e.1573"}]}
COMMAND: POST /session/f50ebc9b0300cc5a7a7ecd6b62593f26/execute/async - {"script":"<script> [21 bytes]","args":[{"forceSelect":true,"selector":{"controlType":"sap.m.Button","properties":{"text":"Delete"},"searchOpenDialogs":true,"interaction":{"idSuffix":"BDI-content"}},"wdio_ui5_key":"sapm.Button{\"text\":\"Delete\"}"}]}
COMMAND: GET /session/f50ebc9b0300cc5a7a7ecd6b62593f26/screenshot - {}
RESULT: {"script":"<script> [21 bytes]","args":[{"forceSelect":true,"selector":{"controlType":"sap.m.Button","properties":{"text":"Delete"},"searchOpenDialogs":true,"interaction":{"idSuffix":"BDI-content"}},"wdio_ui5_key":"sapm.Button{\"text\":\"Delete\"}"}]}
RESULT: undefined
COMMAND: POST /session/f50ebc9b0300cc5a7a7ecd6b62593f26/element - {"using":"xpath","value":"//*[@id=\"__button299\"]"}
RESULT: {}
RESULT: {"using":"xpath","value":"//*[@id=\"__button299\"]"}
COMMAND: POST /session/f50ebc9b0300cc5a7a7ecd6b62593f26/element/f.77256AB0F52EACBF8523961987F3F3E9.d.F2D26FDB072A76529B26613EE003ABCF.e.1572/click - {}
RESULT: {}
COMMAND: POST /session/f50ebc9b0300cc5a7a7ecd6b62593f26/element - {"using":"css selector","value":"div.sapUiLocalBusyIndicator"}
COMMAND: GET /session/f50ebc9b0300cc5a7a7ecd6b62593f26/screenshot - {}
RESULT: {"using":"css selector","value":"div.sapUiLocalBusyIndicator"}
COMMAND: POST /session/f50ebc9b0300cc5a7a7ecd6b62593f26/execute/sync - {"script":"<script> [21 bytes]","args":[{"element-6066-11e4-a52e-4f735466cecf":"f.77256AB0F52EACBF8523961987F3F3E9.d.F2D26FDB072A76529B26613EE003ABCF.e.1573","ELEMENT":"f.77256AB0F52EACBF8523961987F3F3E9.d.F2D26FDB072A76529B26613EE003ABCF.e.1573"}]}
RESULT: {}
COMMAND: POST /session/f50ebc9b0300cc5a7a7ecd6b62593f26/element - {"using":"css selector","value":"div.sapUiLocalBusyIndicator"}
RESULT: {"using":"css selector","value":"div.sapUiLocalBusyIndicator"}
COMMAND: POST /session/f50ebc9b0300cc5a7a7ecd6b62593f26/element - {"using":"css selector","value":"div.sapUiLocalBusyIndicator"}
RESULT: {"using":"css selector","value":"div.sapUiLocalBusyIndicator"}
COMMAND: POST /session/f50ebc9b0300cc5a7a7ecd6b62593f26/execute/async - {"script":"<script> [21 bytes]","args":[{"selector":{"controlType":"sap.m.Title","viewName":"sap.fe.templates.ObjectPage.ObjectPage","viewId":"rfm.triggerui::TriggerSetObjectPage","properties":{"text":"No items available"}},"wdio_ui5_key":"sapfe.templates.ObjectPage.ObjectPagesap.m.Title{\"text\":\"No items available\"}"}]}
RESULT: {"script":"<script> [21 bytes]","args":[{"selector":{"controlType":"sap.m.Title","viewName":"sap.fe.templates.ObjectPage.ObjectPage","viewId":"rfm.triggerui::TriggerSetObjectPage","properties":{"text":"No items available"}},"wdio_ui5_key":"sapfe.templates.ObjectPage.ObjectPagesap.m.Title{\"text\":\"No items available\"}"}]}
RESULT: undefined
COMMAND: POST /session/f50ebc9b0300cc5a7a7ecd6b62593f26/execute/async - {"script":"<script> [21 bytes]","args":[{"element-6066-11e4-a52e-4f735466cecf":"f.77256AB0F52EACBF8523961987F3F3E9.d.F2D26FDB072A76529B26613EE003ABCF.e.1577"},"getText",[]]}
RESULT: {"script":"<script> [21 bytes]","args":[{"element-6066-11e4-a52e-4f735466cecf":"f.77256AB0F52EACBF8523961987F3F3E9.d.F2D26FDB072A76529B26613EE003ABCF.e.1577"},"getText",[]]}
COMMAND: POST /session/f50ebc9b0300cc5a7a7ecd6b62593f26/element - {"using":"css selector","value":"div.sapUiLocalBusyIndicator"}
RESULT: {"using":"css selector","value":"div.sapUiLocalBusyIndicator"}
COMMAND: POST /session/f50ebc9b0300cc5a7a7ecd6b62593f26/element - {"using":"css selector","value":"div.sapUiLocalBusyIndicator"}
RESULT: {"using":"css selector","value":"div.sapUiLocalBusyIndicator"}
RESULT: undefined
COMMAND: POST /session/f50ebc9b0300cc5a7a7ecd6b62593f26/element - {"using":"xpath","value":"//*[@id=\"rfm.triggerui::TriggerSetObjectPage--fe::FooterBar::StandardAction::Save\"]"}
RESULT: {"using":"xpath","value":"//*[@id=\"rfm.triggerui::TriggerSetObjectPage--fe::FooterBar::StandardAction::Save\"]"}
COMMAND: POST /session/f50ebc9b0300cc5a7a7ecd6b62593f26/element/f.77256AB0F52EACBF8523961987F3F3E9.d.F2D26FDB072A76529B26613EE003ABCF.e.1578/click - {}
RESULT: {}
COMMAND: POST /session/f50ebc9b0300cc5a7a7ecd6b62593f26/element - {"using":"css selector","value":"div.sapUiLocalBusyIndicator"}
COMMAND: GET /session/f50ebc9b0300cc5a7a7ecd6b62593f26/screenshot - {}
RESULT: {"using":"css selector","value":"div.sapUiLocalBusyIndicator"}
COMMAND: POST /session/f50ebc9b0300cc5a7a7ecd6b62593f26/execute/sync - {"script":"<script> [21 bytes]","args":[{"element-6066-11e4-a52e-4f735466cecf":"f.77256AB0F52EACBF8523961987F3F3E9.d.F2D26FDB072A76529B26613EE003ABCF.e.1581","ELEMENT":"f.77256AB0F52EACBF8523961987F3F3E9.d.F2D26FDB072A76529B26613EE003ABCF.e.1581"}]}
RESULT: {}
RESULT: {"script":"<script> [21 bytes]","args":[{"element-6066-11e4-a52e-4f735466cecf":"f.77256AB0F52EACBF8523961987F3F3E9.d.F2D26FDB072A76529B26613EE003ABCF.e.1581","ELEMENT":"f.77256AB0F52EACBF8523961987F3F3E9.d.F2D26FDB072A76529B26613EE003ABCF.e.1581"}]}
COMMAND: GET /session/f50ebc9b0300cc5a7a7ecd6b62593f26/screenshot - {}
]]></system-out>
    </testcase>
    <testcase classname="chrome.138_0_7204_169.windows.Trigger" name="Should check navigation to Transaction" time="14.838">
      <system-out><![CDATA[
COMMAND: POST /session/f50ebc9b0300cc5a7a7ecd6b62593f26/execute/async - {"script":"<script> [21 bytes]","args":[{"selector":{"id":"rfm.triggerui::TriggerSetObjectPage--fe::HeaderFacet::Form::headerFieldsGP1::DataFieldWithIntentBasedNavigation::TransactionId::FundingTransaction::Manage::Field-content"},"wdio_ui5_key":"rfmtriggerui::TriggerSetObjectPage--fe::HeaderFacet::Form::headerFieldsGP1::DataFieldWithIntentBasedNavigation::TransactionId::FundingTransaction::Manage::Field-content"}]}
COMMAND: GET /session/f50ebc9b0300cc5a7a7ecd6b62593f26/screenshot - {}
RESULT: {"script":"<script> [21 bytes]","args":[{"selector":{"id":"rfm.triggerui::TriggerSetObjectPage--fe::HeaderFacet::Form::headerFieldsGP1::DataFieldWithIntentBasedNavigation::TransactionId::FundingTransaction::Manage::Field-content"},"wdio_ui5_key":"rfmtriggerui::TriggerSetObjectPage--fe::HeaderFacet::Form::headerFieldsGP1::DataFieldWithIntentBasedNavigation::TransactionId::FundingTransaction::Manage::Field-content"}]}
RESULT: undefined
COMMAND: POST /session/f50ebc9b0300cc5a7a7ecd6b62593f26/element - {"using":"xpath","value":"//*[@id=\"rfm.triggerui::TriggerSetObjectPage--fe::HeaderFacet::Form::headerFieldsGP1::DataFieldWithIntentBasedNavigation::TransactionId::FundingTransaction::Manage::Field-content\"]"}
RESULT: {}
RESULT: {}
RESULT: {"using":"xpath","value":"//*[@id=\"rfm.triggerui::TriggerSetObjectPage--fe::HeaderFacet::Form::headerFieldsGP1::DataFieldWithIntentBasedNavigation::TransactionId::FundingTransaction::Manage::Field-content\"]"}
COMMAND: POST /session/f50ebc9b0300cc5a7a7ecd6b62593f26/element/f.77256AB0F52EACBF8523961987F3F3E9.d.F2D26FDB072A76529B26613EE003ABCF.e.1276/click - {}
RESULT: {}
COMMAND: POST /session/f50ebc9b0300cc5a7a7ecd6b62593f26/element - {"using":"css selector","value":"div.sapUiLocalBusyIndicator"}
COMMAND: GET /session/f50ebc9b0300cc5a7a7ecd6b62593f26/screenshot - {}
RESULT: {"using":"css selector","value":"div.sapUiLocalBusyIndicator"}
COMMAND: POST /session/f50ebc9b0300cc5a7a7ecd6b62593f26/element - {"using":"css selector","value":"div.sapUiLocalBusyIndicator"}
RESULT: {}
RESULT: {"using":"css selector","value":"div.sapUiLocalBusyIndicator"}
COMMAND: POST /session/f50ebc9b0300cc5a7a7ecd6b62593f26/execute/async - {"script":"<script> [21 bytes]","args":[{"selector":{"id":"rfm.transactionui::xRFMxCU_TransactionObjectPage--fe::HeaderFacet::Form::headerFieldsGP1::DataField::TransactionId::Field-content"},"wdio_ui5_key":"rfmtransactionui::xRFMxCU_TransactionObjectPage--fe::HeaderFacet::Form::headerFieldsGP1::DataField::TransactionId::Field-content"}]}
RESULT: {"script":"<script> [21 bytes]","args":[{"selector":{"id":"rfm.transactionui::xRFMxCU_TransactionObjectPage--fe::HeaderFacet::Form::headerFieldsGP1::DataField::TransactionId::Field-content"},"wdio_ui5_key":"rfmtransactionui::xRFMxCU_TransactionObjectPage--fe::HeaderFacet::Form::headerFieldsGP1::DataField::TransactionId::Field-content"}]}
RESULT: undefined
COMMAND: POST /session/f50ebc9b0300cc5a7a7ecd6b62593f26/execute/async - {"script":"<script> [21 bytes]","args":[{"element-6066-11e4-a52e-4f735466cecf":"f.77256AB0F52EACBF8523961987F3F3E9.d.F2D26FDB072A76529B26613EE003ABCF.e.1716"},"getText",[]]}
RESULT: {"script":"<script> [21 bytes]","args":[{"element-6066-11e4-a52e-4f735466cecf":"f.77256AB0F52EACBF8523961987F3F3E9.d.F2D26FDB072A76529B26613EE003ABCF.e.1716"},"getText",[]]}
COMMAND: POST /session/f50ebc9b0300cc5a7a7ecd6b62593f26/element - {"using":"css selector","value":"div.sapUiLocalBusyIndicator"}
RESULT: {"using":"css selector","value":"div.sapUiLocalBusyIndicator"}
COMMAND: POST /session/f50ebc9b0300cc5a7a7ecd6b62593f26/element - {"using":"css selector","value":"div.sapUiLocalBusyIndicator"}
RESULT: {"using":"css selector","value":"div.sapUiLocalBusyIndicator"}
RESULT: undefined
COMMAND: POST /session/f50ebc9b0300cc5a7a7ecd6b62593f26/element - {"using":"xpath","value":"//*[@id=\"backBtn\"]"}
RESULT: {"using":"xpath","value":"//*[@id=\"backBtn\"]"}
COMMAND: POST /session/f50ebc9b0300cc5a7a7ecd6b62593f26/element/f.77256AB0F52EACBF8523961987F3F3E9.d.F2D26FDB072A76529B26613EE003ABCF.e.1750/click - {}
RESULT: {}
COMMAND: POST /session/f50ebc9b0300cc5a7a7ecd6b62593f26/element - {"using":"css selector","value":"div.sapUiLocalBusyIndicator"}
COMMAND: GET /session/f50ebc9b0300cc5a7a7ecd6b62593f26/screenshot - {}
RESULT: {"using":"css selector","value":"div.sapUiLocalBusyIndicator"}
COMMAND: POST /session/f50ebc9b0300cc5a7a7ecd6b62593f26/element - {"using":"css selector","value":"div.sapUiLocalBusyIndicator"}
RESULT: {}
RESULT: {"using":"css selector","value":"div.sapUiLocalBusyIndicator"}
COMMAND: GET /session/f50ebc9b0300cc5a7a7ecd6b62593f26/screenshot - {}
]]></system-out>
    </testcase>
    <testcase classname="chrome.138_0_7204_169.windows.Trigger" name="Should check navigation to Program" time="14.863">
      <system-out><![CDATA[
COMMAND: POST /session/f50ebc9b0300cc5a7a7ecd6b62593f26/execute/async - {"script":"<script> [21 bytes]","args":[{"selector":{"id":"rfm.triggerui::TriggerSetObjectPage--fe::HeaderFacet::Form::headerFieldsGP1::DataFieldWithIntentBasedNavigation::ProgramId::FundingProgram::Manage::Field-content"},"wdio_ui5_key":"rfmtriggerui::TriggerSetObjectPage--fe::HeaderFacet::Form::headerFieldsGP1::DataFieldWithIntentBasedNavigation::ProgramId::FundingProgram::Manage::Field-content"}]}
RESULT: {"script":"<script> [21 bytes]","args":[{"selector":{"id":"rfm.triggerui::TriggerSetObjectPage--fe::HeaderFacet::Form::headerFieldsGP1::DataFieldWithIntentBasedNavigation::ProgramId::FundingProgram::Manage::Field-content"},"wdio_ui5_key":"rfmtriggerui::TriggerSetObjectPage--fe::HeaderFacet::Form::headerFieldsGP1::DataFieldWithIntentBasedNavigation::ProgramId::FundingProgram::Manage::Field-content"}]}
RESULT: undefined
COMMAND: POST /session/f50ebc9b0300cc5a7a7ecd6b62593f26/element - {"using":"xpath","value":"//*[@id=\"rfm.triggerui::TriggerSetObjectPage--fe::HeaderFacet::Form::headerFieldsGP1::DataFieldWithIntentBasedNavigation::ProgramId::FundingProgram::Manage::Field-content\"]"}
RESULT: {}
RESULT: {"using":"xpath","value":"//*[@id=\"rfm.triggerui::TriggerSetObjectPage--fe::HeaderFacet::Form::headerFieldsGP1::DataFieldWithIntentBasedNavigation::ProgramId::FundingProgram::Manage::Field-content\"]"}
COMMAND: POST /session/f50ebc9b0300cc5a7a7ecd6b62593f26/element/f.77256AB0F52EACBF8523961987F3F3E9.d.F2D26FDB072A76529B26613EE003ABCF.e.1862/click - {}
RESULT: {}
COMMAND: POST /session/f50ebc9b0300cc5a7a7ecd6b62593f26/element - {"using":"css selector","value":"div.sapUiLocalBusyIndicator"}
COMMAND: GET /session/f50ebc9b0300cc5a7a7ecd6b62593f26/screenshot - {}
RESULT: {"using":"css selector","value":"div.sapUiLocalBusyIndicator"}
COMMAND: POST /session/f50ebc9b0300cc5a7a7ecd6b62593f26/element - {"using":"css selector","value":"div.sapUiLocalBusyIndicator"}
RESULT: {}
RESULT: {"using":"css selector","value":"div.sapUiLocalBusyIndicator"}
RESULT: undefined
COMMAND: POST /session/f50ebc9b0300cc5a7a7ecd6b62593f26/execute/async - {"script":"<script> [21 bytes]","args":[{"element-6066-11e4-a52e-4f735466cecf":"f.77256AB0F52EACBF8523961987F3F3E9.d.F2D26FDB072A76529B26613EE003ABCF.e.573"},"getText",[]]}
COMMAND: POST /session/f50ebc9b0300cc5a7a7ecd6b62593f26/execute/async - {"script":"<script> [21 bytes]","args":[{"selector":{"id":"rfm.programui::xRFMxCU_ProgramObjectPage--fe::HeaderFacet::Form::headerFieldsGP1::DataField::ProgramId::Field-content"},"wdio_ui5_key":"rfmprogramui::xRFMxCU_ProgramObjectPage--fe::HeaderFacet::Form::headerFieldsGP1::DataField::ProgramId::Field-content"}]}
RESULT: {"script":"<script> [21 bytes]","args":[{"selector":{"id":"rfm.programui::xRFMxCU_ProgramObjectPage--fe::HeaderFacet::Form::headerFieldsGP1::DataField::ProgramId::Field-content"},"wdio_ui5_key":"rfmprogramui::xRFMxCU_ProgramObjectPage--fe::HeaderFacet::Form::headerFieldsGP1::DataField::ProgramId::Field-content"}]}
COMMAND: POST /session/f50ebc9b0300cc5a7a7ecd6b62593f26/execute/async - {"script":"<script> [21 bytes]","args":[{"element-6066-11e4-a52e-4f735466cecf":"f.77256AB0F52EACBF8523961987F3F3E9.d.F2D26FDB072A76529B26613EE003ABCF.e.1985"},"getText",[]]}
RESULT: {"script":"<script> [21 bytes]","args":[{"element-6066-11e4-a52e-4f735466cecf":"f.77256AB0F52EACBF8523961987F3F3E9.d.F2D26FDB072A76529B26613EE003ABCF.e.1985"},"getText",[]]}
COMMAND: POST /session/f50ebc9b0300cc5a7a7ecd6b62593f26/element - {"using":"css selector","value":"div.sapUiLocalBusyIndicator"}
RESULT: {"using":"css selector","value":"div.sapUiLocalBusyIndicator"}
COMMAND: POST /session/f50ebc9b0300cc5a7a7ecd6b62593f26/element - {"using":"css selector","value":"div.sapUiLocalBusyIndicator"}
RESULT: {"using":"css selector","value":"div.sapUiLocalBusyIndicator"}
RESULT: undefined
COMMAND: POST /session/f50ebc9b0300cc5a7a7ecd6b62593f26/element - {"using":"xpath","value":"//*[@id=\"backBtn\"]"}
RESULT: {"using":"xpath","value":"//*[@id=\"backBtn\"]"}
COMMAND: POST /session/f50ebc9b0300cc5a7a7ecd6b62593f26/element/f.77256AB0F52EACBF8523961987F3F3E9.d.F2D26FDB072A76529B26613EE003ABCF.e.1750/click - {}
RESULT: {}
COMMAND: POST /session/f50ebc9b0300cc5a7a7ecd6b62593f26/element - {"using":"css selector","value":"div.sapUiLocalBusyIndicator"}
COMMAND: GET /session/f50ebc9b0300cc5a7a7ecd6b62593f26/screenshot - {}
RESULT: {"using":"css selector","value":"div.sapUiLocalBusyIndicator"}
COMMAND: POST /session/f50ebc9b0300cc5a7a7ecd6b62593f26/element - {"using":"css selector","value":"div.sapUiLocalBusyIndicator"}
RESULT: {}
RESULT: {"using":"css selector","value":"div.sapUiLocalBusyIndicator"}
COMMAND: GET /session/f50ebc9b0300cc5a7a7ecd6b62593f26/screenshot - {}
COMMAND: DELETE /session/f50ebc9b0300cc5a7a7ecd6b62593f26 - {}
RESULT: {}
RESULT: {}
]]></system-out>
    </testcase>
  </testsuite>
</testsuites>