<?xml version="1.0" encoding="UTF-8"?>
<testsuites tests="12" failures="4" errors="4" skipped="4">
  <testsuite timestamp="2025-09-02T01:12:58" time="363.029" tests="12" failures="4" errors="4" skipped="4">
    <properties>
      <property name="specId" value="0"/>
      <property name="suiteName" value="Loan Contract"/>
      <property name="capabilities" value="chrome.139_0_7258_139.windows"/>
      <property name="file" value="file:///D:/a/1/s/test/specs/BusinessObjects/LoanContract.spec.js"/>
    </properties>
    <testcase classname="chrome.139_0_7258_139.windows.Loan_Contract" name="Should create Program" time="60.996">
      <system-out><![CDATA[
COMMAND: POST /session/d1978e2d1924ac6e5f6c6b38470efb5a/execute/async - {"script":"<script> [21 bytes]","args":[{"selector":{"controlType":"sap.m.GenericTile","properties":{"header":"Funding Program"}},"wdio_ui5_key":"sapm.GenericTile{\"header\":\"Funding Program\"}"}]}
RESULT: {"script":"<script> [21 bytes]","args":[{"selector":{"controlType":"sap.m.GenericTile","properties":{"header":"Funding Program"}},"wdio_ui5_key":"sapm.GenericTile{\"header\":\"Funding Program\"}"}]}
RESULT: undefined
COMMAND: POST /session/d1978e2d1924ac6e5f6c6b38470efb5a/element - {"using":"xpath","value":"//*[@id=\"__tile29\"]"}
RESULT: {"using":"xpath","value":"//*[@id=\"__tile29\"]"}
COMMAND: POST /session/d1978e2d1924ac6e5f6c6b38470efb5a/element/f.5551BAC1742EFC43FA32F2B94634C763.d.94775932379063D6FE0568B5D9A46B4D.e.74/click - {}
RESULT: {}
COMMAND: POST /session/d1978e2d1924ac6e5f6c6b38470efb5a/execute/async - {"script":"<script> [21 bytes]","args":[{"selector":{"id":"rfm.programui::xRFMxCU_ProgramList--fe::table::allTab::LineItem::StandardAction::Create","controlType":"sap.m.Button"},"wdio_ui5_key":"rfmprogramui::xRFMxCU_ProgramList--fe::table::allTab::LineItem::StandardAction::Createsap.m.Button"}]}
COMMAND: GET /session/d1978e2d1924ac6e5f6c6b38470efb5a/screenshot - {}
RESULT: {"script":"<script> [21 bytes]","args":[{"selector":{"id":"rfm.programui::xRFMxCU_ProgramList--fe::table::allTab::LineItem::StandardAction::Create","controlType":"sap.m.Button"},"wdio_ui5_key":"rfmprogramui::xRFMxCU_ProgramList--fe::table::allTab::LineItem::StandardAction::Createsap.m.Button"}]}
RESULT: undefined
COMMAND: POST /session/d1978e2d1924ac6e5f6c6b38470efb5a/element - {"using":"xpath","value":"//*[@id=\"rfm.programui::xRFMxCU_ProgramList--fe::table::allTab::LineItem::StandardAction::Create\"]"}
RESULT: {}
RESULT: {"using":"xpath","value":"//*[@id=\"rfm.programui::xRFMxCU_ProgramList--fe::table::allTab::LineItem::StandardAction::Create\"]"}
COMMAND: POST /session/d1978e2d1924ac6e5f6c6b38470efb5a/element/f.5551BAC1742EFC43FA32F2B94634C763.d.94775932379063D6FE0568B5D9A46B4D.e.129/click - {}
RESULT: {}
COMMAND: POST /session/d1978e2d1924ac6e5f6c6b38470efb5a/execute/async - {"script":"<script> [21 bytes]","args":[{"selector":{"id":"CreateDialog::xRFMxCU_ProgramType::FundingScope-inner","searchOpenDialogs":true,"interaction":{"idSuffix":"inner"}},"wdio_ui5_key":"CreateDialogxRFMxCU_ProgramType::FundingScope-inner"}]}
COMMAND: GET /session/d1978e2d1924ac6e5f6c6b38470efb5a/screenshot - {}
RESULT: {"script":"<script> [21 bytes]","args":[{"selector":{"id":"CreateDialog::xRFMxCU_ProgramType::FundingScope-inner","searchOpenDialogs":true,"interaction":{"idSuffix":"inner"}},"wdio_ui5_key":"CreateDialogxRFMxCU_ProgramType::FundingScope-inner"}]}
RESULT: undefined
COMMAND: POST /session/d1978e2d1924ac6e5f6c6b38470efb5a/execute/async - {"script":"<script> [20 bytes]","args":[{"enterText":"Installment","selector":{"id":"CreateDialog::xRFMxCU_ProgramType::FundingScope-inner","searchOpenDialogs":true,"interaction":{"idSuffix":"inner"}},"clearTextFirst":true,"interactionType":"ENTER_TEXT"}]}
RESULT: {}
RESULT: {"script":"<script> [20 bytes]","args":[{"enterText":"Installment","selector":{"id":"CreateDialog::xRFMxCU_ProgramType::FundingScope-inner","searchOpenDialogs":true,"interaction":{"idSuffix":"inner"}},"clearTextFirst":true,"interactionType":"ENTER_TEXT"}]}
COMMAND: POST /session/d1978e2d1924ac6e5f6c6b38470efb5a/execute/async - {"script":"<script> [21 bytes]","args":[{"selector":{"id":"CreateDialog::xRFMxCU_ProgramType::ValidFrom-inner","searchOpenDialogs":true,"interaction":{"idSuffix":"inner"}},"wdio_ui5_key":"CreateDialogxRFMxCU_ProgramType::ValidFrom-inner"}]}
RESULT: {"script":"<script> [21 bytes]","args":[{"selector":{"id":"CreateDialog::xRFMxCU_ProgramType::ValidFrom-inner","searchOpenDialogs":true,"interaction":{"idSuffix":"inner"}},"wdio_ui5_key":"CreateDialogxRFMxCU_ProgramType::ValidFrom-inner"}]}
RESULT: undefined
COMMAND: POST /session/d1978e2d1924ac6e5f6c6b38470efb5a/execute/async - {"script":"<script> [21 bytes]","args":[{"element-6066-11e4-a52e-4f735466cecf":"f.5551BAC1742EFC43FA32F2B94634C763.d.94775932379063D6FE0568B5D9A46B4D.e.285"},"setValue",["2025-01-01"]]}
RESULT: {"script":"<script> [21 bytes]","args":[{"element-6066-11e4-a52e-4f735466cecf":"f.5551BAC1742EFC43FA32F2B94634C763.d.94775932379063D6FE0568B5D9A46B4D.e.285"},"setValue",["2025-01-01"]]}
COMMAND: POST /session/d1978e2d1924ac6e5f6c6b38470efb5a/execute/async - {"script":"<script> [21 bytes]","args":[{"selector":{"id":"CreateDialog::xRFMxCU_ProgramType::PortfolioId-inner","searchOpenDialogs":true,"interaction":{"idSuffix":"inner"}},"wdio_ui5_key":"CreateDialogxRFMxCU_ProgramType::PortfolioId-inner"}]}
RESULT: {"script":"<script> [21 bytes]","args":[{"selector":{"id":"CreateDialog::xRFMxCU_ProgramType::PortfolioId-inner","searchOpenDialogs":true,"interaction":{"idSuffix":"inner"}},"wdio_ui5_key":"CreateDialogxRFMxCU_ProgramType::PortfolioId-inner"}]}
RESULT: undefined
COMMAND: POST /session/d1978e2d1924ac6e5f6c6b38470efb5a/execute/async - {"script":"<script> [20 bytes]","args":[{"enterText":"1","selector":{"id":"CreateDialog::xRFMxCU_ProgramType::PortfolioId-inner","searchOpenDialogs":true,"interaction":{"idSuffix":"inner"}},"clearTextFirst":true,"interactionType":"ENTER_TEXT"}]}
RESULT: {"script":"<script> [20 bytes]","args":[{"enterText":"1","selector":{"id":"CreateDialog::xRFMxCU_ProgramType::PortfolioId-inner","searchOpenDialogs":true,"interaction":{"idSuffix":"inner"}},"clearTextFirst":true,"interactionType":"ENTER_TEXT"}]}
COMMAND: POST /session/d1978e2d1924ac6e5f6c6b38470efb5a/execute/async - {"script":"<script> [21 bytes]","args":[{"selector":{"controlType":"sap.m.Button","viewName":"sap.fe.templates.ObjectPage.ObjectPage","viewId":"rfm.programui::xRFMxCU_ProgramObjectPage","properties":{"text":"Continue"},"searchOpenDialogs":true,"interaction":{"idSuffix":"BDI-content"}},"wdio_ui5_key":"sapfe.templates.ObjectPage.ObjectPagesap.m.Button{\"text\":\"Continue\"}"}]}
RESULT: {"script":"<script> [21 bytes]","args":[{"selector":{"controlType":"sap.m.Button","viewName":"sap.fe.templates.ObjectPage.ObjectPage","viewId":"rfm.programui::xRFMxCU_ProgramObjectPage","properties":{"text":"Continue"},"searchOpenDialogs":true,"interaction":{"idSuffix":"BDI-content"}},"wdio_ui5_key":"sapfe.templates.ObjectPage.ObjectPagesap.m.Button{\"text\":\"Continue\"}"}]}
RESULT: undefined
COMMAND: POST /session/d1978e2d1924ac6e5f6c6b38470efb5a/element - {"using":"xpath","value":"//*[@id=\"__button198\"]"}
RESULT: {"using":"xpath","value":"//*[@id=\"__button198\"]"}
COMMAND: POST /session/d1978e2d1924ac6e5f6c6b38470efb5a/element/f.5551BAC1742EFC43FA32F2B94634C763.d.94775932379063D6FE0568B5D9A46B4D.e.301/click - {}
RESULT: {}
COMMAND: POST /session/d1978e2d1924ac6e5f6c6b38470efb5a/execute/async - {"script":"<script> [21 bytes]","args":[{"selector":{"id":"rfm.programui::xRFMxCU_ProgramObjectPage--fe::CustomSubSection::CustomDetailsSection--fe::FormContainer::FieldGroup::basicData1::FormElement::DataField::Currency::Field-edit-inner","interaction":{"idSuffix":"inner"}},"wdio_ui5_key":"rfmprogramui::xRFMxCU_ProgramObjectPage--fe::CustomSubSection::CustomDetailsSection--fe::FormContainer::FieldGroup::basicData1::FormElement::DataField::Currency::Field-edit-inner"}]}
COMMAND: GET /session/d1978e2d1924ac6e5f6c6b38470efb5a/screenshot - {}
RESULT: {"script":"<script> [21 bytes]","args":[{"selector":{"id":"rfm.programui::xRFMxCU_ProgramObjectPage--fe::CustomSubSection::CustomDetailsSection--fe::FormContainer::FieldGroup::basicData1::FormElement::DataField::Currency::Field-edit-inner","interaction":{"idSuffix":"inner"}},"wdio_ui5_key":"rfmprogramui::xRFMxCU_ProgramObjectPage--fe::CustomSubSection::CustomDetailsSection--fe::FormContainer::FieldGroup::basicData1::FormElement::DataField::Currency::Field-edit-inner"}]}
RESULT: undefined
COMMAND: POST /session/d1978e2d1924ac6e5f6c6b38470efb5a/execute/async - {"script":"<script> [20 bytes]","args":[{"enterText":"EUR","selector":{"id":"rfm.programui::xRFMxCU_ProgramObjectPage--fe::CustomSubSection::CustomDetailsSection--fe::FormContainer::FieldGroup::basicData1::FormElement::DataField::Currency::Field-edit-inner","interaction":{"idSuffix":"inner"}},"clearTextFirst":true,"interactionType":"ENTER_TEXT"}]}
RESULT: {}
RESULT: {"script":"<script> [20 bytes]","args":[{"enterText":"EUR","selector":{"id":"rfm.programui::xRFMxCU_ProgramObjectPage--fe::CustomSubSection::CustomDetailsSection--fe::FormContainer::FieldGroup::basicData1::FormElement::DataField::Currency::Field-edit-inner","interaction":{"idSuffix":"inner"}},"clearTextFirst":true,"interactionType":"ENTER_TEXT"}]}
COMMAND: POST /session/d1978e2d1924ac6e5f6c6b38470efb5a/execute/async - {"script":"<script> [21 bytes]","args":[{"selector":{"id":"rfm.programui::xRFMxCU_ProgramObjectPage--fe::CustomSubSection::CustomDetailsSection--fe::FormContainer::FieldGroup::basicData1::FormElement::DataField::Volume::Field-edit-inner","interaction":{"idSuffix":"inner"}},"wdio_ui5_key":"rfmprogramui::xRFMxCU_ProgramObjectPage--fe::CustomSubSection::CustomDetailsSection--fe::FormContainer::FieldGroup::basicData1::FormElement::DataField::Volume::Field-edit-inner"}]}
RESULT: {"script":"<script> [21 bytes]","args":[{"selector":{"id":"rfm.programui::xRFMxCU_ProgramObjectPage--fe::CustomSubSection::CustomDetailsSection--fe::FormContainer::FieldGroup::basicData1::FormElement::DataField::Volume::Field-edit-inner","interaction":{"idSuffix":"inner"}},"wdio_ui5_key":"rfmprogramui::xRFMxCU_ProgramObjectPage--fe::CustomSubSection::CustomDetailsSection--fe::FormContainer::FieldGroup::basicData1::FormElement::DataField::Volume::Field-edit-inner"}]}
RESULT: undefined
COMMAND: POST /session/d1978e2d1924ac6e5f6c6b38470efb5a/execute/async - {"script":"<script> [20 bytes]","args":[{"enterText":"1,000,000,000.00","selector":{"id":"rfm.programui::xRFMxCU_ProgramObjectPage--fe::CustomSubSection::CustomDetailsSection--fe::FormContainer::FieldGroup::basicData1::FormElement::DataField::Volume::Field-edit-inner","interaction":{"idSuffix":"inner"}},"clearTextFirst":true,"interactionType":"ENTER_TEXT"}]}
RESULT: {"script":"<script> [20 bytes]","args":[{"enterText":"1,000,000,000.00","selector":{"id":"rfm.programui::xRFMxCU_ProgramObjectPage--fe::CustomSubSection::CustomDetailsSection--fe::FormContainer::FieldGroup::basicData1::FormElement::DataField::Volume::Field-edit-inner","interaction":{"idSuffix":"inner"}},"clearTextFirst":true,"interactionType":"ENTER_TEXT"}]}
COMMAND: POST /session/d1978e2d1924ac6e5f6c6b38470efb5a/execute/async - {"script":"<script> [21 bytes]","args":[{"selector":{"id":"rfm.programui::xRFMxCU_ProgramObjectPage--fe::CustomSubSection::CustomDetailsSection--fe::FormContainer::FieldGroup::basicData1::FormElement::DataField::ValidTo::Field-edit","interaction":{"idSuffix":"inner"}},"wdio_ui5_key":"rfmprogramui::xRFMxCU_ProgramObjectPage--fe::CustomSubSection::CustomDetailsSection--fe::FormContainer::FieldGroup::basicData1::FormElement::DataField::ValidTo::Field-edit"}]}
RESULT: {"script":"<script> [21 bytes]","args":[{"selector":{"id":"rfm.programui::xRFMxCU_ProgramObjectPage--fe::CustomSubSection::CustomDetailsSection--fe::FormContainer::FieldGroup::basicData1::FormElement::DataField::ValidTo::Field-edit","interaction":{"idSuffix":"inner"}},"wdio_ui5_key":"rfmprogramui::xRFMxCU_ProgramObjectPage--fe::CustomSubSection::CustomDetailsSection--fe::FormContainer::FieldGroup::basicData1::FormElement::DataField::ValidTo::Field-edit"}]}
RESULT: undefined
COMMAND: POST /session/d1978e2d1924ac6e5f6c6b38470efb5a/execute/async - {"script":"<script> [21 bytes]","args":[{"element-6066-11e4-a52e-4f735466cecf":"f.5551BAC1742EFC43FA32F2B94634C763.d.94775932379063D6FE0568B5D9A46B4D.e.354"},"setValue",["2027-12-31"]]}
RESULT: {"script":"<script> [21 bytes]","args":[{"element-6066-11e4-a52e-4f735466cecf":"f.5551BAC1742EFC43FA32F2B94634C763.d.94775932379063D6FE0568B5D9A46B4D.e.354"},"setValue",["2027-12-31"]]}
COMMAND: POST /session/d1978e2d1924ac6e5f6c6b38470efb5a/execute/async - {"script":"<script> [21 bytes]","args":[{"selector":{"id":"rfm.programui::xRFMxCU_ProgramObjectPage--fe::CustomSubSection::CustomDetailsSection--fe::FormContainer::FieldGroup::basicData2::FormElement::DataField::CompanyCode::Field-edit-inner","interaction":{"idSuffix":"inner"}},"wdio_ui5_key":"rfmprogramui::xRFMxCU_ProgramObjectPage--fe::CustomSubSection::CustomDetailsSection--fe::FormContainer::FieldGroup::basicData2::FormElement::DataField::CompanyCode::Field-edit-inner"}]}
RESULT: {"script":"<script> [21 bytes]","args":[{"selector":{"id":"rfm.programui::xRFMxCU_ProgramObjectPage--fe::CustomSubSection::CustomDetailsSection--fe::FormContainer::FieldGroup::basicData2::FormElement::DataField::CompanyCode::Field-edit-inner","interaction":{"idSuffix":"inner"}},"wdio_ui5_key":"rfmprogramui::xRFMxCU_ProgramObjectPage--fe::CustomSubSection::CustomDetailsSection--fe::FormContainer::FieldGroup::basicData2::FormElement::DataField::CompanyCode::Field-edit-inner"}]}
RESULT: undefined
COMMAND: POST /session/d1978e2d1924ac6e5f6c6b38470efb5a/execute/async - {"script":"<script> [20 bytes]","args":[{"enterText":"BearingPoint (0001)","selector":{"id":"rfm.programui::xRFMxCU_ProgramObjectPage--fe::CustomSubSection::CustomDetailsSection--fe::FormContainer::FieldGroup::basicData2::FormElement::DataField::CompanyCode::Field-edit-inner","interaction":{"idSuffix":"inner"}},"clearTextFirst":true,"interactionType":"ENTER_TEXT"}]}
RESULT: {"script":"<script> [20 bytes]","args":[{"enterText":"BearingPoint (0001)","selector":{"id":"rfm.programui::xRFMxCU_ProgramObjectPage--fe::CustomSubSection::CustomDetailsSection--fe::FormContainer::FieldGroup::basicData2::FormElement::DataField::CompanyCode::Field-edit-inner","interaction":{"idSuffix":"inner"}},"clearTextFirst":true,"interactionType":"ENTER_TEXT"}]}
COMMAND: POST /session/d1978e2d1924ac6e5f6c6b38470efb5a/execute/async - {"script":"<script> [21 bytes]","args":[{"selector":{"id":"rfm.programui::xRFMxCU_ProgramObjectPage--fe::CustomSubSection::CustomDetailsSection--DetailsFundingTypesTable-content::StandardAction::Create","interaction":{"idSuffix":"BDI-content"}},"wdio_ui5_key":"rfmprogramui::xRFMxCU_ProgramObjectPage--fe::CustomSubSection::CustomDetailsSection--DetailsFundingTypesTable-content::StandardAction::Create"}]}
RESULT: {"script":"<script> [21 bytes]","args":[{"selector":{"id":"rfm.programui::xRFMxCU_ProgramObjectPage--fe::CustomSubSection::CustomDetailsSection--DetailsFundingTypesTable-content::StandardAction::Create","interaction":{"idSuffix":"BDI-content"}},"wdio_ui5_key":"rfmprogramui::xRFMxCU_ProgramObjectPage--fe::CustomSubSection::CustomDetailsSection--DetailsFundingTypesTable-content::StandardAction::Create"}]}
RESULT: undefined
COMMAND: POST /session/d1978e2d1924ac6e5f6c6b38470efb5a/element - {"using":"xpath","value":"//*[@id=\"rfm.programui::xRFMxCU_ProgramObjectPage--fe::CustomSubSection::CustomDetailsSection--DetailsFundingTypesTable-content::StandardAction::Create\"]"}
RESULT: {"using":"xpath","value":"//*[@id=\"rfm.programui::xRFMxCU_ProgramObjectPage--fe::CustomSubSection::CustomDetailsSection--DetailsFundingTypesTable-content::StandardAction::Create\"]"}
COMMAND: POST /session/d1978e2d1924ac6e5f6c6b38470efb5a/element/f.5551BAC1742EFC43FA32F2B94634C763.d.94775932379063D6FE0568B5D9A46B4D.e.365/click - {}
RESULT: {}
COMMAND: POST /session/d1978e2d1924ac6e5f6c6b38470efb5a/execute/async - {"script":"<script> [21 bytes]","args":[{"selector":{"id":"CreateDialog::xRFMxCU_ProgramFundingTypeType::FundingType-inner","searchOpenDialogs":true,"interaction":{"idSuffix":"inner"}},"wdio_ui5_key":"CreateDialogxRFMxCU_ProgramFundingTypeType::FundingType-inner"}]}
COMMAND: GET /session/d1978e2d1924ac6e5f6c6b38470efb5a/screenshot - {}
RESULT: {"script":"<script> [21 bytes]","args":[{"selector":{"id":"CreateDialog::xRFMxCU_ProgramFundingTypeType::FundingType-inner","searchOpenDialogs":true,"interaction":{"idSuffix":"inner"}},"wdio_ui5_key":"CreateDialogxRFMxCU_ProgramFundingTypeType::FundingType-inner"}]}
RESULT: undefined
COMMAND: POST /session/d1978e2d1924ac6e5f6c6b38470efb5a/execute/async - {"script":"<script> [20 bytes]","args":[{"enterText":"10","selector":{"id":"CreateDialog::xRFMxCU_ProgramFundingTypeType::FundingType-inner","searchOpenDialogs":true,"interaction":{"idSuffix":"inner"}},"clearTextFirst":true,"interactionType":"ENTER_TEXT"}]}
RESULT: {}
RESULT: {"script":"<script> [20 bytes]","args":[{"enterText":"10","selector":{"id":"CreateDialog::xRFMxCU_ProgramFundingTypeType::FundingType-inner","searchOpenDialogs":true,"interaction":{"idSuffix":"inner"}},"clearTextFirst":true,"interactionType":"ENTER_TEXT"}]}
COMMAND: POST /session/d1978e2d1924ac6e5f6c6b38470efb5a/execute/async - {"script":"<script> [21 bytes]","args":[{"selector":{"id":"CreateDialog::xRFMxCU_Program::_AllowedFundingType-footer","searchOpenDialogs":true},"wdio_ui5_key":"CreateDialogxRFMxCU_Program::_AllowedFundingType-footer"}]}
RESULT: {"script":"<script> [21 bytes]","args":[{"selector":{"id":"CreateDialog::xRFMxCU_Program::_AllowedFundingType-footer","searchOpenDialogs":true},"wdio_ui5_key":"CreateDialogxRFMxCU_Program::_AllowedFundingType-footer"}]}
RESULT: undefined
COMMAND: POST /session/d1978e2d1924ac6e5f6c6b38470efb5a/element - {"using":"xpath","value":"//*[@id=\"CreateDialog::xRFMxCU_Program::_AllowedFundingType-footer\"]"}
RESULT: {"using":"xpath","value":"//*[@id=\"CreateDialog::xRFMxCU_Program::_AllowedFundingType-footer\"]"}
COMMAND: POST /session/d1978e2d1924ac6e5f6c6b38470efb5a/element/f.5551BAC1742EFC43FA32F2B94634C763.d.94775932379063D6FE0568B5D9A46B4D.e.510/click - {}
RESULT: {}
COMMAND: POST /session/d1978e2d1924ac6e5f6c6b38470efb5a/execute/async - {"script":"<script> [21 bytes]","args":[{"forceSelect":true,"selector":{"controlType":"sap.m.Button","viewName":"sap.fe.templates.ObjectPage.ObjectPage","viewId":"rfm.programui::xRFMxCU_Program__AllowedFundingTypeObjectPage","properties":{"text":"Continue"},"searchOpenDialogs":true,"interaction":{"idSuffix":"content"}},"wdio_ui5_key":"sapfe.templates.ObjectPage.ObjectPagesap.m.Button{\"text\":\"Continue\"}"}]}
COMMAND: GET /session/d1978e2d1924ac6e5f6c6b38470efb5a/screenshot - {}
RESULT: {"script":"<script> [21 bytes]","args":[{"forceSelect":true,"selector":{"controlType":"sap.m.Button","viewName":"sap.fe.templates.ObjectPage.ObjectPage","viewId":"rfm.programui::xRFMxCU_Program__AllowedFundingTypeObjectPage","properties":{"text":"Continue"},"searchOpenDialogs":true,"interaction":{"idSuffix":"content"}},"wdio_ui5_key":"sapfe.templates.ObjectPage.ObjectPagesap.m.Button{\"text\":\"Continue\"}"}]}
RESULT: undefined
COMMAND: POST /session/d1978e2d1924ac6e5f6c6b38470efb5a/execute/async - {"script":"<script> [21 bytes]","args":[{"selector":{"id":"__button211"}}]}
RESULT: {}
RESULT: {"script":"<script> [21 bytes]","args":[{"selector":{"id":"__button211"}}]}
COMMAND: POST /session/d1978e2d1924ac6e5f6c6b38470efb5a/execute/async - {"script":"<script> [21 bytes]","args":[{"element-6066-11e4-a52e-4f735466cecf":"f.5551BAC1742EFC43FA32F2B94634C763.d.94775932379063D6FE0568B5D9A46B4D.e.511"},"getEnabled",[]]}
RESULT: {"script":"<script> [21 bytes]","args":[{"element-6066-11e4-a52e-4f735466cecf":"f.5551BAC1742EFC43FA32F2B94634C763.d.94775932379063D6FE0568B5D9A46B4D.e.511"},"getEnabled",[]]}
COMMAND: POST /session/d1978e2d1924ac6e5f6c6b38470efb5a/element - {"using":"xpath","value":"//*[@id=\"__button211\"]"}
COMMAND: POST /session/d1978e2d1924ac6e5f6c6b38470efb5a/execute/async - {"script":"<script> [21 bytes]","args":[{"selector":{"id":"__button211"}}]}
RESULT: {"script":"<script> [21 bytes]","args":[{"selector":{"id":"__button211"}}]}
COMMAND: POST /session/d1978e2d1924ac6e5f6c6b38470efb5a/execute/async - {"script":"<script> [21 bytes]","args":[{"element-6066-11e4-a52e-4f735466cecf":"f.5551BAC1742EFC43FA32F2B94634C763.d.94775932379063D6FE0568B5D9A46B4D.e.511"},"getEnabled",[]]}
RESULT: {"using":"xpath","value":"//*[@id=\"__button211\"]"}
COMMAND: POST /session/d1978e2d1924ac6e5f6c6b38470efb5a/element/f.5551BAC1742EFC43FA32F2B94634C763.d.94775932379063D6FE0568B5D9A46B4D.e.512/click - {}
RESULT: {"script":"<script> [21 bytes]","args":[{"element-6066-11e4-a52e-4f735466cecf":"f.5551BAC1742EFC43FA32F2B94634C763.d.94775932379063D6FE0568B5D9A46B4D.e.511"},"getEnabled",[]]}
RESULT: {}
COMMAND: POST /session/d1978e2d1924ac6e5f6c6b38470efb5a/execute/async - {"script":"<script> [21 bytes]","args":[{"selector":{"id":"rfm.programui::xRFMxCU_Program__AllowedFundingTypeObjectPage--fe::FooterBar::StandardAction::Apply","interaction":{"idSuffix":"BDI-content"}},"wdio_ui5_key":"rfmprogramui::xRFMxCU_Program__AllowedFundingTypeObjectPage--fe::FooterBar::StandardAction::Apply"}]}
COMMAND: GET /session/d1978e2d1924ac6e5f6c6b38470efb5a/screenshot - {}
RESULT: {"script":"<script> [21 bytes]","args":[{"selector":{"id":"rfm.programui::xRFMxCU_Program__AllowedFundingTypeObjectPage--fe::FooterBar::StandardAction::Apply","interaction":{"idSuffix":"BDI-content"}},"wdio_ui5_key":"rfmprogramui::xRFMxCU_Program__AllowedFundingTypeObjectPage--fe::FooterBar::StandardAction::Apply"}]}
RESULT: undefined
COMMAND: POST /session/d1978e2d1924ac6e5f6c6b38470efb5a/element - {"using":"xpath","value":"//*[@id=\"rfm.programui::xRFMxCU_Program__AllowedFundingTypeObjectPage--fe::FooterBar::StandardAction::Apply\"]"}
RESULT: {}
RESULT: {"using":"xpath","value":"//*[@id=\"rfm.programui::xRFMxCU_Program__AllowedFundingTypeObjectPage--fe::FooterBar::StandardAction::Apply\"]"}
COMMAND: POST /session/d1978e2d1924ac6e5f6c6b38470efb5a/element/f.5551BAC1742EFC43FA32F2B94634C763.d.94775932379063D6FE0568B5D9A46B4D.e.503/click - {}
RESULT: {}
COMMAND: POST /session/d1978e2d1924ac6e5f6c6b38470efb5a/execute/async - {"script":"<script> [21 bytes]","args":[{"selector":{"id":"rfm.programui::xRFMxCU_ProgramObjectPage--fe::ObjectPage-anchBar-rfm.programui::xRFMxCU_ProgramObjectPage--fe::EditableHeaderSection-anchor","interaction":{"idSuffix":"text"}},"wdio_ui5_key":"rfmprogramui::xRFMxCU_ProgramObjectPage--fe::ObjectPage-anchBar-rfm.programui::xRFMxCU_ProgramObjectPage--fe::EditableHeaderSection-anchor"}]}
COMMAND: GET /session/d1978e2d1924ac6e5f6c6b38470efb5a/screenshot - {}
RESULT: {"script":"<script> [21 bytes]","args":[{"selector":{"id":"rfm.programui::xRFMxCU_ProgramObjectPage--fe::ObjectPage-anchBar-rfm.programui::xRFMxCU_ProgramObjectPage--fe::EditableHeaderSection-anchor","interaction":{"idSuffix":"text"}},"wdio_ui5_key":"rfmprogramui::xRFMxCU_ProgramObjectPage--fe::ObjectPage-anchBar-rfm.programui::xRFMxCU_ProgramObjectPage--fe::EditableHeaderSection-anchor"}]}
RESULT: undefined
COMMAND: POST /session/d1978e2d1924ac6e5f6c6b38470efb5a/element - {"using":"xpath","value":"//*[@id=\"rfm.programui::xRFMxCU_ProgramObjectPage--fe::ObjectPage-anchBar-rfm.programui::xRFMxCU_ProgramObjectPage--fe::EditableHeaderSection-anchor\"]"}
RESULT: {}
RESULT: {"using":"xpath","value":"//*[@id=\"rfm.programui::xRFMxCU_ProgramObjectPage--fe::ObjectPage-anchBar-rfm.programui::xRFMxCU_ProgramObjectPage--fe::EditableHeaderSection-anchor\"]"}
COMMAND: POST /session/d1978e2d1924ac6e5f6c6b38470efb5a/element/f.5551BAC1742EFC43FA32F2B94634C763.d.94775932379063D6FE0568B5D9A46B4D.e.562/click - {}
RESULT: {}
COMMAND: POST /session/d1978e2d1924ac6e5f6c6b38470efb5a/execute/async - {"script":"<script> [21 bytes]","args":[{"selector":{"id":"rfm.programui::xRFMxCU_ProgramObjectPage--fe::HeaderFacet::FormContainer::headerFieldsGP1::FormElement::DataField::Name::Field-edit","interaction":{"idSuffix":"inner"}},"wdio_ui5_key":"rfmprogramui::xRFMxCU_ProgramObjectPage--fe::HeaderFacet::FormContainer::headerFieldsGP1::FormElement::DataField::Name::Field-edit"}]}
COMMAND: GET /session/d1978e2d1924ac6e5f6c6b38470efb5a/screenshot - {}
RESULT: {"script":"<script> [21 bytes]","args":[{"selector":{"id":"rfm.programui::xRFMxCU_ProgramObjectPage--fe::HeaderFacet::FormContainer::headerFieldsGP1::FormElement::DataField::Name::Field-edit","interaction":{"idSuffix":"inner"}},"wdio_ui5_key":"rfmprogramui::xRFMxCU_ProgramObjectPage--fe::HeaderFacet::FormContainer::headerFieldsGP1::FormElement::DataField::Name::Field-edit"}]}
RESULT: undefined
COMMAND: POST /session/d1978e2d1924ac6e5f6c6b38470efb5a/execute/async - {"script":"<script> [20 bytes]","args":[{"enterText":"WDIO_LoanContract_2025-09-02","selector":{"id":"rfm.programui::xRFMxCU_ProgramObjectPage--fe::HeaderFacet::FormContainer::headerFieldsGP1::FormElement::DataField::Name::Field-edit","interaction":{"idSuffix":"inner"}},"clearTextFirst":true,"interactionType":"ENTER_TEXT"}]}
RESULT: {}
RESULT: {"script":"<script> [20 bytes]","args":[{"enterText":"WDIO_LoanContract_2025-09-02","selector":{"id":"rfm.programui::xRFMxCU_ProgramObjectPage--fe::HeaderFacet::FormContainer::headerFieldsGP1::FormElement::DataField::Name::Field-edit","interaction":{"idSuffix":"inner"}},"clearTextFirst":true,"interactionType":"ENTER_TEXT"}]}
COMMAND: POST /session/d1978e2d1924ac6e5f6c6b38470efb5a/execute/async - {"script":"<script> [21 bytes]","args":[{"selector":{"id":"rfm.programui::xRFMxCU_ProgramObjectPage--fe::FooterBar::StandardAction::Save","interaction":{"idSuffix":"BDI-content"}},"wdio_ui5_key":"rfmprogramui::xRFMxCU_ProgramObjectPage--fe::FooterBar::StandardAction::Save"}]}
RESULT: {"script":"<script> [21 bytes]","args":[{"selector":{"id":"rfm.programui::xRFMxCU_ProgramObjectPage--fe::FooterBar::StandardAction::Save","interaction":{"idSuffix":"BDI-content"}},"wdio_ui5_key":"rfmprogramui::xRFMxCU_ProgramObjectPage--fe::FooterBar::StandardAction::Save"}]}
RESULT: undefined
COMMAND: POST /session/d1978e2d1924ac6e5f6c6b38470efb5a/element - {"using":"xpath","value":"//*[@id=\"rfm.programui::xRFMxCU_ProgramObjectPage--fe::FooterBar::StandardAction::Save\"]"}
RESULT: {"using":"xpath","value":"//*[@id=\"rfm.programui::xRFMxCU_ProgramObjectPage--fe::FooterBar::StandardAction::Save\"]"}
COMMAND: POST /session/d1978e2d1924ac6e5f6c6b38470efb5a/element/f.5551BAC1742EFC43FA32F2B94634C763.d.94775932379063D6FE0568B5D9A46B4D.e.420/click - {}
RESULT: {}
COMMAND: POST /session/d1978e2d1924ac6e5f6c6b38470efb5a/execute/async - {"script":"<script> [21 bytes]","args":[{"selector":{"id":"rfm.programui::xRFMxCU_ProgramObjectPage--fe::HeaderFacet::Form::headerFieldsGP1::DataField::ProgramId::Field-content"},"wdio_ui5_key":"rfmprogramui::xRFMxCU_ProgramObjectPage--fe::HeaderFacet::Form::headerFieldsGP1::DataField::ProgramId::Field-content"}]}
COMMAND: GET /session/d1978e2d1924ac6e5f6c6b38470efb5a/screenshot - {}
RESULT: {"script":"<script> [21 bytes]","args":[{"selector":{"id":"rfm.programui::xRFMxCU_ProgramObjectPage--fe::HeaderFacet::Form::headerFieldsGP1::DataField::ProgramId::Field-content"},"wdio_ui5_key":"rfmprogramui::xRFMxCU_ProgramObjectPage--fe::HeaderFacet::Form::headerFieldsGP1::DataField::ProgramId::Field-content"}]}
RESULT: undefined
COMMAND: POST /session/d1978e2d1924ac6e5f6c6b38470efb5a/execute/async - {"script":"<script> [21 bytes]","args":[{"element-6066-11e4-a52e-4f735466cecf":"f.5551BAC1742EFC43FA32F2B94634C763.d.94775932379063D6FE0568B5D9A46B4D.e.579"},"getText",[]]}
RESULT: {}
RESULT: {"script":"<script> [21 bytes]","args":[{"element-6066-11e4-a52e-4f735466cecf":"f.5551BAC1742EFC43FA32F2B94634C763.d.94775932379063D6FE0568B5D9A46B4D.e.579"},"getText",[]]}
COMMAND: POST /session/d1978e2d1924ac6e5f6c6b38470efb5a/execute/async - {"script":"<script> [21 bytes]","args":[{"selector":{"id":"rfm.programui::xRFMxCU_ProgramObjectPage--fe::DataFieldForAction::com.sap.gateway.srvd.rfm.ui_program.v0001.Open::com.sap.gateway.srvd.rfm.ui_program.v0001.xRFMxCU_ProgramType","interaction":{"idSuffix":"BDI-content"}},"wdio_ui5_key":"rfmprogramui::xRFMxCU_ProgramObjectPage--fe::DataFieldForAction::com.sap.gateway.srvd.rfm.ui_program.v0001.Open::com.sap.gateway.srvd.rfm.ui_program.v0001.xRFMxCU_ProgramType"}]}
RESULT: {"script":"<script> [21 bytes]","args":[{"selector":{"id":"rfm.programui::xRFMxCU_ProgramObjectPage--fe::DataFieldForAction::com.sap.gateway.srvd.rfm.ui_program.v0001.Open::com.sap.gateway.srvd.rfm.ui_program.v0001.xRFMxCU_ProgramType","interaction":{"idSuffix":"BDI-content"}},"wdio_ui5_key":"rfmprogramui::xRFMxCU_ProgramObjectPage--fe::DataFieldForAction::com.sap.gateway.srvd.rfm.ui_program.v0001.Open::com.sap.gateway.srvd.rfm.ui_program.v0001.xRFMxCU_ProgramType"}]}
RESULT: undefined
COMMAND: POST /session/d1978e2d1924ac6e5f6c6b38470efb5a/element - {"using":"xpath","value":"//*[@id=\"rfm.programui::xRFMxCU_ProgramObjectPage--fe::DataFieldForAction::com.sap.gateway.srvd.rfm.ui_program.v0001.Open::com.sap.gateway.srvd.rfm.ui_program.v0001.xRFMxCU_ProgramType\"]"}
RESULT: {"using":"xpath","value":"//*[@id=\"rfm.programui::xRFMxCU_ProgramObjectPage--fe::DataFieldForAction::com.sap.gateway.srvd.rfm.ui_program.v0001.Open::com.sap.gateway.srvd.rfm.ui_program.v0001.xRFMxCU_ProgramType\"]"}
COMMAND: POST /session/d1978e2d1924ac6e5f6c6b38470efb5a/element/f.5551BAC1742EFC43FA32F2B94634C763.d.94775932379063D6FE0568B5D9A46B4D.e.339/click - {}
RESULT: {}
COMMAND: POST /session/d1978e2d1924ac6e5f6c6b38470efb5a/execute/async - {"script":"<script> [21 bytes]","args":[{"selector":{"controlType":"sap.m.Button","properties":{"text":"OK"},"searchOpenDialogs":true,"interaction":{"idSuffix":"BDI-content"}},"wdio_ui5_key":"sapm.Button{\"text\":\"OK\"}"}]}
COMMAND: GET /session/d1978e2d1924ac6e5f6c6b38470efb5a/screenshot - {}
RESULT: {"script":"<script> [21 bytes]","args":[{"selector":{"controlType":"sap.m.Button","properties":{"text":"OK"},"searchOpenDialogs":true,"interaction":{"idSuffix":"BDI-content"}},"wdio_ui5_key":"sapm.Button{\"text\":\"OK\"}"}]}
RESULT: undefined
COMMAND: POST /session/d1978e2d1924ac6e5f6c6b38470efb5a/element - {"using":"xpath","value":"//*[@id=\"__mbox-btn-0\"]"}
RESULT: {}
RESULT: {"using":"xpath","value":"//*[@id=\"__mbox-btn-0\"]"}
COMMAND: POST /session/d1978e2d1924ac6e5f6c6b38470efb5a/element/f.5551BAC1742EFC43FA32F2B94634C763.d.94775932379063D6FE0568B5D9A46B4D.e.614/click - {}
RESULT: {}
COMMAND: POST /session/d1978e2d1924ac6e5f6c6b38470efb5a/execute/async - {"script":"<script> [21 bytes]","args":[{"selector":{"id":"backBtn"},"wdio_ui5_key":"backBtn"}]}
COMMAND: GET /session/d1978e2d1924ac6e5f6c6b38470efb5a/screenshot - {}
RESULT: {"script":"<script> [21 bytes]","args":[{"selector":{"id":"backBtn"},"wdio_ui5_key":"backBtn"}]}
RESULT: undefined
COMMAND: POST /session/d1978e2d1924ac6e5f6c6b38470efb5a/element - {"using":"xpath","value":"//*[@id=\"backBtn\"]"}
RESULT: {}
RESULT: {"using":"xpath","value":"//*[@id=\"backBtn\"]"}
COMMAND: POST /session/d1978e2d1924ac6e5f6c6b38470efb5a/element/f.5551BAC1742EFC43FA32F2B94634C763.d.94775932379063D6FE0568B5D9A46B4D.e.619/click - {}
RESULT: {}
COMMAND: GET /session/d1978e2d1924ac6e5f6c6b38470efb5a/screenshot - {}
RESULT: {}
COMMAND: POST /session/d1978e2d1924ac6e5f6c6b38470efb5a/element/f.5551BAC1742EFC43FA32F2B94634C763.d.94775932379063D6FE0568B5D9A46B4D.e.619/click - {}
COMMAND: GET /session/d1978e2d1924ac6e5f6c6b38470efb5a/screenshot - {}
]]></system-out>
    </testcase>
    <testcase classname="chrome.139_0_7258_139.windows.Loan_Contract" name="Should create Transaction" time="60.654">
      <skipped/>
      <system-out><![CDATA[
COMMAND: POST /session/d1978e2d1924ac6e5f6c6b38470efb5a/execute/async - {"script":"<script> [21 bytes]","args":[{"selector":{"controlType":"sap.m.GenericTile","properties":{"header":"Funding Transaction"}},"wdio_ui5_key":"sapm.GenericTile{\"header\":\"Funding Transaction\"}"}]}
RESULT: {}
COMMAND: GET /session/d1978e2d1924ac6e5f6c6b38470efb5a/screenshot - {}
RESULT: {}
RESULT: {"script":"<script> [21 bytes]","args":[{"selector":{"controlType":"sap.m.GenericTile","properties":{"header":"Funding Transaction"}},"wdio_ui5_key":"sapm.GenericTile{\"header\":\"Funding Transaction\"}"}]}
RESULT: undefined
COMMAND: POST /session/d1978e2d1924ac6e5f6c6b38470efb5a/element - {"using":"xpath","value":"//*[@id=\"__tile30\"]"}
RESULT: {}
RESULT: {"using":"xpath","value":"//*[@id=\"__tile30\"]"}
COMMAND: POST /session/d1978e2d1924ac6e5f6c6b38470efb5a/element/f.5551BAC1742EFC43FA32F2B94634C763.d.94775932379063D6FE0568B5D9A46B4D.e.728/click - {}
RESULT: {}
COMMAND: POST /session/d1978e2d1924ac6e5f6c6b38470efb5a/execute/async - {"script":"<script> [21 bytes]","args":[{"selector":{"id":"rfm.transactionui::xRFMxCU_TransactionList--fe::table::allTab::LineItem::StandardAction::Create","controlType":"sap.m.Button"},"wdio_ui5_key":"rfmtransactionui::xRFMxCU_TransactionList--fe::table::allTab::LineItem::StandardAction::Createsap.m.Button"}]}
COMMAND: GET /session/d1978e2d1924ac6e5f6c6b38470efb5a/screenshot - {}
RESULT: {"script":"<script> [21 bytes]","args":[{"selector":{"id":"rfm.transactionui::xRFMxCU_TransactionList--fe::table::allTab::LineItem::StandardAction::Create","controlType":"sap.m.Button"},"wdio_ui5_key":"rfmtransactionui::xRFMxCU_TransactionList--fe::table::allTab::LineItem::StandardAction::Createsap.m.Button"}]}
RESULT: undefined
COMMAND: POST /session/d1978e2d1924ac6e5f6c6b38470efb5a/element - {"using":"xpath","value":"//*[@id=\"rfm.transactionui::xRFMxCU_TransactionList--fe::table::allTab::LineItem::StandardAction::Create\"]"}
RESULT: {}
RESULT: {"using":"xpath","value":"//*[@id=\"rfm.transactionui::xRFMxCU_TransactionList--fe::table::allTab::LineItem::StandardAction::Create\"]"}
COMMAND: POST /session/d1978e2d1924ac6e5f6c6b38470efb5a/element/f.5551BAC1742EFC43FA32F2B94634C763.d.94775932379063D6FE0568B5D9A46B4D.e.785/click - {}
RESULT: {}
COMMAND: POST /session/d1978e2d1924ac6e5f6c6b38470efb5a/execute/async - {"script":"<script> [21 bytes]","args":[{"selector":{"id":"CreateDialog::xRFMxCU_TransactionType::ProgramId-inner-vhi","searchOpenDialogs":true},"wdio_ui5_key":"CreateDialogxRFMxCU_TransactionType::ProgramId-inner-vhi"}]}
COMMAND: GET /session/d1978e2d1924ac6e5f6c6b38470efb5a/screenshot - {}
RESULT: {"script":"<script> [21 bytes]","args":[{"selector":{"id":"CreateDialog::xRFMxCU_TransactionType::ProgramId-inner-vhi","searchOpenDialogs":true},"wdio_ui5_key":"CreateDialogxRFMxCU_TransactionType::ProgramId-inner-vhi"}]}
RESULT: undefined
COMMAND: POST /session/d1978e2d1924ac6e5f6c6b38470efb5a/element - {"using":"xpath","value":"//*[@id=\"CreateDialog::xRFMxCU_TransactionType::ProgramId-inner-vhi\"]"}
RESULT: {}
RESULT: {"using":"xpath","value":"//*[@id=\"CreateDialog::xRFMxCU_TransactionType::ProgramId-inner-vhi\"]"}
COMMAND: POST /session/d1978e2d1924ac6e5f6c6b38470efb5a/element/f.5551BAC1742EFC43FA32F2B94634C763.d.94775932379063D6FE0568B5D9A46B4D.e.973/click - {}
RESULT: {}
COMMAND: POST /session/d1978e2d1924ac6e5f6c6b38470efb5a/execute/async - {"script":"<script> [21 bytes]","args":[{"selector":{"id":"ProgramId::VH::Dialog::qualifier::-search-inner","searchOpenDialogs":true,"interaction":{"idSuffix":"I"}},"wdio_ui5_key":"ProgramIdVH::Dialog::qualifier::-search-inner"}]}
COMMAND: GET /session/d1978e2d1924ac6e5f6c6b38470efb5a/screenshot - {}
RESULT: {"script":"<script> [21 bytes]","args":[{"selector":{"id":"ProgramId::VH::Dialog::qualifier::-search-inner","searchOpenDialogs":true,"interaction":{"idSuffix":"I"}},"wdio_ui5_key":"ProgramIdVH::Dialog::qualifier::-search-inner"}]}
RESULT: undefined
COMMAND: POST /session/d1978e2d1924ac6e5f6c6b38470efb5a/execute/async - {"script":"<script> [20 bytes]","args":[{"enterText":"*2256*","selector":{"id":"ProgramId::VH::Dialog::qualifier::-search-inner","searchOpenDialogs":true,"interaction":{"idSuffix":"I"}},"clearTextFirst":true,"interactionType":"ENTER_TEXT"}]}
RESULT: {}
RESULT: {"script":"<script> [20 bytes]","args":[{"enterText":"*2256*","selector":{"id":"ProgramId::VH::Dialog::qualifier::-search-inner","searchOpenDialogs":true,"interaction":{"idSuffix":"I"}},"clearTextFirst":true,"interactionType":"ENTER_TEXT"}]}
COMMAND: POST /session/d1978e2d1924ac6e5f6c6b38470efb5a/execute/async - {"script":"<script> [21 bytes]","args":[{"selector":{"id":"ProgramId::VH::Dialog::qualifier::::Table-innerTable-rows-row0","searchOpenDialogs":true},"wdio_ui5_key":"ProgramIdVH::Dialog::qualifier::::Table-innerTable-rows-row0"}]}
RESULT: {"script":"<script> [21 bytes]","args":[{"selector":{"id":"ProgramId::VH::Dialog::qualifier::::Table-innerTable-rows-row0","searchOpenDialogs":true},"wdio_ui5_key":"ProgramIdVH::Dialog::qualifier::::Table-innerTable-rows-row0"}]}
RESULT: undefined
COMMAND: POST /session/d1978e2d1924ac6e5f6c6b38470efb5a/element - {"using":"xpath","value":"//*[@id=\"ProgramId::VH::Dialog::qualifier::::Table-innerTable-rows-row0\"]"}
RESULT: {"using":"xpath","value":"//*[@id=\"ProgramId::VH::Dialog::qualifier::::Table-innerTable-rows-row0\"]"}
COMMAND: POST /session/d1978e2d1924ac6e5f6c6b38470efb5a/element/f.5551BAC1742EFC43FA32F2B94634C763.d.94775932379063D6FE0568B5D9A46B4D.e.982/click - {}
RESULT: {}
COMMAND: POST /session/d1978e2d1924ac6e5f6c6b38470efb5a/execute/async - {"script":"<script> [21 bytes]","args":[{"selector":{"id":"CreateDialog::xRFMxCU_TransactionType::FundingType-inner","searchOpenDialogs":true,"interaction":{"idSuffix":"inner"}},"wdio_ui5_key":"CreateDialogxRFMxCU_TransactionType::FundingType-inner"}]}
COMMAND: GET /session/d1978e2d1924ac6e5f6c6b38470efb5a/screenshot - {}
RESULT: {"script":"<script> [21 bytes]","args":[{"selector":{"id":"CreateDialog::xRFMxCU_TransactionType::FundingType-inner","searchOpenDialogs":true,"interaction":{"idSuffix":"inner"}},"wdio_ui5_key":"CreateDialogxRFMxCU_TransactionType::FundingType-inner"}]}
RESULT: undefined
COMMAND: POST /session/d1978e2d1924ac6e5f6c6b38470efb5a/execute/async - {"script":"<script> [20 bytes]","args":[{"enterText":"10","selector":{"id":"CreateDialog::xRFMxCU_TransactionType::FundingType-inner","searchOpenDialogs":true,"interaction":{"idSuffix":"inner"}},"clearTextFirst":true,"interactionType":"ENTER_TEXT"}]}
RESULT: {}
RESULT: {"script":"<script> [20 bytes]","args":[{"enterText":"10","selector":{"id":"CreateDialog::xRFMxCU_TransactionType::FundingType-inner","searchOpenDialogs":true,"interaction":{"idSuffix":"inner"}},"clearTextFirst":true,"interactionType":"ENTER_TEXT"}]}
COMMAND: POST /session/d1978e2d1924ac6e5f6c6b38470efb5a/execute/async - {"script":"<script> [21 bytes]","args":[{"selector":{"id":"CreateDialog::xRFMxCU_Transaction-footer","searchOpenDialogs":true},"wdio_ui5_key":"CreateDialogxRFMxCU_Transaction-footer"}]}
RESULT: {"script":"<script> [21 bytes]","args":[{"selector":{"id":"CreateDialog::xRFMxCU_Transaction-footer","searchOpenDialogs":true},"wdio_ui5_key":"CreateDialogxRFMxCU_Transaction-footer"}]}
RESULT: undefined
COMMAND: POST /session/d1978e2d1924ac6e5f6c6b38470efb5a/element - {"using":"xpath","value":"//*[@id=\"CreateDialog::xRFMxCU_Transaction-footer\"]"}
RESULT: {"using":"xpath","value":"//*[@id=\"CreateDialog::xRFMxCU_Transaction-footer\"]"}
COMMAND: POST /session/d1978e2d1924ac6e5f6c6b38470efb5a/element/f.5551BAC1742EFC43FA32F2B94634C763.d.94775932379063D6FE0568B5D9A46B4D.e.985/click - {}
COMMAND: POST /session/d1978e2d1924ac6e5f6c6b38470efb5a/execute/async - {"script":"<script> [21 bytes]","args":[{"forceSelect":true,"selector":{"controlType":"sap.m.Button","viewName":"sap.fe.templates.ObjectPage.ObjectPage","viewId":"rfm.transactionui::xRFMxCU_TransactionObjectPage","properties":{"text":"Continue"},"searchOpenDialogs":true,"interaction":{"idSuffix":"BDI-content"}},"wdio_ui5_key":"sapfe.templates.ObjectPage.ObjectPagesap.m.Button{\"text\":\"Continue\"}"}]}
RESULT: {"script":"<script> [21 bytes]","args":[{"forceSelect":true,"selector":{"controlType":"sap.m.Button","viewName":"sap.fe.templates.ObjectPage.ObjectPage","viewId":"rfm.transactionui::xRFMxCU_TransactionObjectPage","properties":{"text":"Continue"},"searchOpenDialogs":true,"interaction":{"idSuffix":"BDI-content"}},"wdio_ui5_key":"sapfe.templates.ObjectPage.ObjectPagesap.m.Button{\"text\":\"Continue\"}"}]}
RESULT: undefined
COMMAND: POST /session/d1978e2d1924ac6e5f6c6b38470efb5a/element - {"using":"xpath","value":"//*[@id=\"__button257\"]"}
RESULT: {"using":"xpath","value":"//*[@id=\"__button257\"]"}
COMMAND: POST /session/d1978e2d1924ac6e5f6c6b38470efb5a/element/f.5551BAC1742EFC43FA32F2B94634C763.d.94775932379063D6FE0568B5D9A46B4D.e.987/click - {}
COMMAND: POST /session/d1978e2d1924ac6e5f6c6b38470efb5a/execute/async - {"script":"<script> [21 bytes]","args":[{"selector":{"id":"rfm.transactionui::xRFMxCU_TransactionObjectPage--fe::CustomSubSection::CustomDetailsSection--fe::FormContainer::FieldGroup::Term::FormElement::DataField::AssetCashflowDateFrom::Field-edit","interaction":{"idSuffix":"inner"}},"wdio_ui5_key":"rfmtransactionui::xRFMxCU_TransactionObjectPage--fe::CustomSubSection::CustomDetailsSection--fe::FormContainer::FieldGroup::Term::FormElement::DataField::AssetCashflowDateFrom::Field-edit"}]}
RESULT: {"script":"<script> [21 bytes]","args":[{"selector":{"id":"rfm.transactionui::xRFMxCU_TransactionObjectPage--fe::CustomSubSection::CustomDetailsSection--fe::FormContainer::FieldGroup::Term::FormElement::DataField::AssetCashflowDateFrom::Field-edit","interaction":{"idSuffix":"inner"}},"wdio_ui5_key":"rfmtransactionui::xRFMxCU_TransactionObjectPage--fe::CustomSubSection::CustomDetailsSection--fe::FormContainer::FieldGroup::Term::FormElement::DataField::AssetCashflowDateFrom::Field-edit"}]}
RESULT: undefined
COMMAND: POST /session/d1978e2d1924ac6e5f6c6b38470efb5a/execute/async - {"script":"<script> [21 bytes]","args":[{"selector":{"id":"rfm.transactionui::xRFMxCU_TransactionObjectPage--fe::CustomSubSection::CustomDetailsSection--fe::FormContainer::FieldGroup::Term::FormElement::DataField::AssetCashflowDateTo::Field-edit","interaction":{"idSuffix":"inner"}},"wdio_ui5_key":"rfmtransactionui::xRFMxCU_TransactionObjectPage--fe::CustomSubSection::CustomDetailsSection--fe::FormContainer::FieldGroup::Term::FormElement::DataField::AssetCashflowDateTo::Field-edit"}]}
RESULT: {"script":"<script> [21 bytes]","args":[{"selector":{"id":"rfm.transactionui::xRFMxCU_TransactionObjectPage--fe::CustomSubSection::CustomDetailsSection--fe::FormContainer::FieldGroup::Term::FormElement::DataField::AssetCashflowDateTo::Field-edit","interaction":{"idSuffix":"inner"}},"wdio_ui5_key":"rfmtransactionui::xRFMxCU_TransactionObjectPage--fe::CustomSubSection::CustomDetailsSection--fe::FormContainer::FieldGroup::Term::FormElement::DataField::AssetCashflowDateTo::Field-edit"}]}
RESULT: undefined
COMMAND: POST /session/d1978e2d1924ac6e5f6c6b38470efb5a/execute/async - {"script":"<script> [21 bytes]","args":[{"selector":{"id":"rfm.transactionui::xRFMxCU_TransactionObjectPage--fe::ObjectPage-anchBar-rfm.transactionui::xRFMxCU_TransactionObjectPage--fe::EditableHeaderSection-anchor","interaction":{"idSuffix":"text"}},"wdio_ui5_key":"rfmtransactionui::xRFMxCU_TransactionObjectPage--fe::ObjectPage-anchBar-rfm.transactionui::xRFMxCU_TransactionObjectPage--fe::EditableHeaderSection-anchor"}]}
RESULT: {"script":"<script> [21 bytes]","args":[{"selector":{"id":"rfm.transactionui::xRFMxCU_TransactionObjectPage--fe::ObjectPage-anchBar-rfm.transactionui::xRFMxCU_TransactionObjectPage--fe::EditableHeaderSection-anchor","interaction":{"idSuffix":"text"}},"wdio_ui5_key":"rfmtransactionui::xRFMxCU_TransactionObjectPage--fe::ObjectPage-anchBar-rfm.transactionui::xRFMxCU_TransactionObjectPage--fe::EditableHeaderSection-anchor"}]}
RESULT: undefined
COMMAND: POST /session/d1978e2d1924ac6e5f6c6b38470efb5a/execute/async - {"script":"<script> [21 bytes]","args":[{"selector":{"id":"rfm.transactionui::xRFMxCU_TransactionObjectPage--fe::HeaderFacet::FormContainer::headerFieldsGP1::FormElement::DataField::Name::Field-edit","interaction":{"idSuffix":"inner"}},"wdio_ui5_key":"rfmtransactionui::xRFMxCU_TransactionObjectPage--fe::HeaderFacet::FormContainer::headerFieldsGP1::FormElement::DataField::Name::Field-edit"}]}
RESULT: {"script":"<script> [21 bytes]","args":[{"selector":{"id":"rfm.transactionui::xRFMxCU_TransactionObjectPage--fe::HeaderFacet::FormContainer::headerFieldsGP1::FormElement::DataField::Name::Field-edit","interaction":{"idSuffix":"inner"}},"wdio_ui5_key":"rfmtransactionui::xRFMxCU_TransactionObjectPage--fe::HeaderFacet::FormContainer::headerFieldsGP1::FormElement::DataField::Name::Field-edit"}]}
RESULT: undefined
COMMAND: POST /session/d1978e2d1924ac6e5f6c6b38470efb5a/execute/async - {"script":"<script> [21 bytes]","args":[{"selector":{"id":"rfm.transactionui::xRFMxCU_TransactionObjectPage--fe::HeaderFacet::FormContainer::headerFieldsGP1::FormElement::DataField::TransactionId::Field-display"},"wdio_ui5_key":"rfmtransactionui::xRFMxCU_TransactionObjectPage--fe::HeaderFacet::FormContainer::headerFieldsGP1::FormElement::DataField::TransactionId::Field-display"}]}
RESULT: {"script":"<script> [21 bytes]","args":[{"selector":{"id":"rfm.transactionui::xRFMxCU_TransactionObjectPage--fe::HeaderFacet::FormContainer::headerFieldsGP1::FormElement::DataField::TransactionId::Field-display"},"wdio_ui5_key":"rfmtransactionui::xRFMxCU_TransactionObjectPage--fe::HeaderFacet::FormContainer::headerFieldsGP1::FormElement::DataField::TransactionId::Field-display"}]}
RESULT: undefined
COMMAND: POST /session/d1978e2d1924ac6e5f6c6b38470efb5a/execute/async - {"script":"<script> [21 bytes]","args":[{"selector":{"id":"rfm.transactionui::xRFMxCU_TransactionObjectPage--fe::ObjectPage-anchBar-rfm.transactionui::xRFMxCU_TransactionObjectPage--fe::FacetSection::FundingScopeCollection-anchor"},"wdio_ui5_key":"rfmtransactionui::xRFMxCU_TransactionObjectPage--fe::ObjectPage-anchBar-rfm.transactionui::xRFMxCU_TransactionObjectPage--fe::FacetSection::FundingScopeCollection-anchor"}]}
RESULT: {"script":"<script> [21 bytes]","args":[{"selector":{"id":"rfm.transactionui::xRFMxCU_TransactionObjectPage--fe::ObjectPage-anchBar-rfm.transactionui::xRFMxCU_TransactionObjectPage--fe::FacetSection::FundingScopeCollection-anchor"},"wdio_ui5_key":"rfmtransactionui::xRFMxCU_TransactionObjectPage--fe::ObjectPage-anchBar-rfm.transactionui::xRFMxCU_TransactionObjectPage--fe::FacetSection::FundingScopeCollection-anchor"}]}
RESULT: undefined
COMMAND: POST /session/d1978e2d1924ac6e5f6c6b38470efb5a/element - {"using":"xpath","value":"//*[@id=\"rfm.transactionui::xRFMxCU_TransactionObjectPage--fe::ObjectPage-anchBar-rfm.transactionui::xRFMxCU_TransactionObjectPage--fe::FacetSection::FundingScopeCollection-anchor\"]"}
RESULT: {"using":"xpath","value":"//*[@id=\"rfm.transactionui::xRFMxCU_TransactionObjectPage--fe::ObjectPage-anchBar-rfm.transactionui::xRFMxCU_TransactionObjectPage--fe::FacetSection::FundingScopeCollection-anchor\"]"}
COMMAND: POST /session/d1978e2d1924ac6e5f6c6b38470efb5a/element/f.5551BAC1742EFC43FA32F2B94634C763.d.94775932379063D6FE0568B5D9A46B4D.e.988/click - {}
COMMAND: POST /session/d1978e2d1924ac6e5f6c6b38470efb5a/execute/async - {"script":"<script> [21 bytes]","args":[{"selector":{"controlType":"sap.ui.mdc.field.FieldInput","viewName":"sap.fe.templates.ObjectPage.ObjectPage","viewId":"rfm.transactionui::xRFMxCU_TransactionObjectPage","bindingPath":{"path":"","propertyPath":"/conditions","modelName":"$field"},"ancestor":{"controlType":"sap.ui.mdc.Field","viewName":"sap.fe.templates.ObjectPage.ObjectPage","viewId":"rfm.transactionui::xRFMxCU_TransactionObjectPage","bindingPath":{"path":"/xRFMxCU_Transaction(TransactionId='undefined',IsActiveEntity=false)/_TransactionCFPart(TransactionId='undefined',CashFlowPartType='1',IsActiveEntity=false)","propertyPath":"__EntityControl/Updatable"}},"interaction":{"idSuffix":"inner"}},"wdio_ui5_key":"sapfe.templates.ObjectPage.ObjectPagesap.ui.mdc.field.FieldInput{\"path\":\"\",\"propertyPath\":\"/conditions\",\"modelName\":\"$field\"}{\"controlType\":\"sap.ui.mdc.Field\",\"viewName\":\"sap.fe.templates.ObjectPage.ObjectPage\",\"viewId\":\"rfm.transactionui::xRFMxCU_TransactionObjectPage\",\"bindingPath\":{\"path\":\"/xRFMxCU_Transaction(TransactionId='undefined',IsActiveEntity=false)/_TransactionCFPart(TransactionId='undefined',CashFlowPartType='1',IsActiveEntity=false)\",\"propertyPath\":\"__EntityControl/Updatable\"}}"}]}
RESULT: {"script":"<script> [21 bytes]","args":[{"selector":{"controlType":"sap.ui.mdc.field.FieldInput","viewName":"sap.fe.templates.ObjectPage.ObjectPage","viewId":"rfm.transactionui::xRFMxCU_TransactionObjectPage","bindingPath":{"path":"","propertyPath":"/conditions","modelName":"$field"},"ancestor":{"controlType":"sap.ui.mdc.Field","viewName":"sap.fe.templates.ObjectPage.ObjectPage","viewId":"rfm.transactionui::xRFMxCU_TransactionObjectPage","bindingPath":{"path":"/xRFMxCU_Transaction(TransactionId='undefined',IsActiveEntity=false)/_TransactionCFPart(TransactionId='undefined',CashFlowPartType='1',IsActiveEntity=false)","propertyPath":"__EntityControl/Updatable"}},"interaction":{"idSuffix":"inner"}},"wdio_ui5_key":"sapfe.templates.ObjectPage.ObjectPagesap.ui.mdc.field.FieldInput{\"path\":\"\",\"propertyPath\":\"/conditions\",\"modelName\":\"$field\"}{\"controlType\":\"sap.ui.mdc.Field\",\"viewName\":\"sap.fe.templates.ObjectPage.ObjectPage\",\"viewId\":\"rfm.transactionui::xRFMxCU_TransactionObjectPage\",\"bindingPath\":{\"path\":\"/xRFMxCU_Transaction(TransactionId='undefined',IsActiveEntity=false)/_TransactionCFPart(TransactionId='undefined',CashFlowPartType='1',IsActiveEntity=false)\",\"propertyPath\":\"__EntityControl/Updatable\"}}"}]}
RESULT: undefined
COMMAND: POST /session/d1978e2d1924ac6e5f6c6b38470efb5a/execute/async - {"script":"<script> [21 bytes]","args":[{"selector":{"id":"rfm.transactionui::xRFMxCU_TransactionObjectPage--fe::table::_TransactionCFPart::LineItem-innerTable-rows-row1","interaction":{"idSuffix":"col0"}},"wdio_ui5_key":"rfmtransactionui::xRFMxCU_TransactionObjectPage--fe::table::_TransactionCFPart::LineItem-innerTable-rows-row1"}]}
RESULT: {"script":"<script> [21 bytes]","args":[{"selector":{"id":"rfm.transactionui::xRFMxCU_TransactionObjectPage--fe::table::_TransactionCFPart::LineItem-innerTable-rows-row1","interaction":{"idSuffix":"col0"}},"wdio_ui5_key":"rfmtransactionui::xRFMxCU_TransactionObjectPage--fe::table::_TransactionCFPart::LineItem-innerTable-rows-row1"}]}
RESULT: undefined
COMMAND: POST /session/d1978e2d1924ac6e5f6c6b38470efb5a/execute/async - {"script":"<script> [21 bytes]","args":[{"forceSelect":true,"selector":{"controlType":"sap.ui.mdc.field.FieldInput","viewName":"sap.fe.templates.ObjectPage.ObjectPage","viewId":"rfm.transactionui::xRFMxCU_TransactionObjectPage","bindingPath":{"path":"","propertyPath":"/conditions","modelName":"$field"},"ancestor":{"controlType":"sap.ui.mdc.Field","viewName":"sap.fe.templates.ObjectPage.ObjectPage","viewId":"rfm.transactionui::xRFMxCU_TransactionObjectPage","bindingPath":{"path":"/xRFMxCU_Transaction(TransactionId='undefined',IsActiveEntity=false)/_TransactionCFPart(TransactionId='undefined',CashFlowPartType='2',IsActiveEntity=false)","propertyPath":"__EntityControl/Updatable"}},"interaction":{"idSuffix":"inner"}},"wdio_ui5_key":"sapfe.templates.ObjectPage.ObjectPagesap.ui.mdc.field.FieldInput{\"path\":\"\",\"propertyPath\":\"/conditions\",\"modelName\":\"$field\"}{\"controlType\":\"sap.ui.mdc.Field\",\"viewName\":\"sap.fe.templates.ObjectPage.ObjectPage\",\"viewId\":\"rfm.transactionui::xRFMxCU_TransactionObjectPage\",\"bindingPath\":{\"path\":\"/xRFMxCU_Transaction(TransactionId='undefined',IsActiveEntity=false)/_TransactionCFPart(TransactionId='undefined',CashFlowPartType='2',IsActiveEntity=false)\",\"propertyPath\":\"__EntityControl/Updatable\"}}"}]}
RESULT: {"script":"<script> [21 bytes]","args":[{"forceSelect":true,"selector":{"controlType":"sap.ui.mdc.field.FieldInput","viewName":"sap.fe.templates.ObjectPage.ObjectPage","viewId":"rfm.transactionui::xRFMxCU_TransactionObjectPage","bindingPath":{"path":"","propertyPath":"/conditions","modelName":"$field"},"ancestor":{"controlType":"sap.ui.mdc.Field","viewName":"sap.fe.templates.ObjectPage.ObjectPage","viewId":"rfm.transactionui::xRFMxCU_TransactionObjectPage","bindingPath":{"path":"/xRFMxCU_Transaction(TransactionId='undefined',IsActiveEntity=false)/_TransactionCFPart(TransactionId='undefined',CashFlowPartType='2',IsActiveEntity=false)","propertyPath":"__EntityControl/Updatable"}},"interaction":{"idSuffix":"inner"}},"wdio_ui5_key":"sapfe.templates.ObjectPage.ObjectPagesap.ui.mdc.field.FieldInput{\"path\":\"\",\"propertyPath\":\"/conditions\",\"modelName\":\"$field\"}{\"controlType\":\"sap.ui.mdc.Field\",\"viewName\":\"sap.fe.templates.ObjectPage.ObjectPage\",\"viewId\":\"rfm.transactionui::xRFMxCU_TransactionObjectPage\",\"bindingPath\":{\"path\":\"/xRFMxCU_Transaction(TransactionId='undefined',IsActiveEntity=false)/_TransactionCFPart(TransactionId='undefined',CashFlowPartType='2',IsActiveEntity=false)\",\"propertyPath\":\"__EntityControl/Updatable\"}}"}]}
RESULT: undefined
COMMAND: GET /session/d1978e2d1924ac6e5f6c6b38470efb5a/screenshot - {}
COMMAND: GET /session/d1978e2d1924ac6e5f6c6b38470efb5a/screenshot - {}
RESULT: {}
RESULT: {}
]]></system-out>
      <system-err><![CDATA[
Error: waitUntil condition failed with the following reason: fieldInput.getEditable is not a function
    at async Context.<anonymous> (D:\a\1\s\test\specs\BusinessObjects\LoanContract.spec.js:473:18)
]]></system-err>
    </testcase>
    <testcase classname="chrome.139_0_7258_139.windows.Loan_Contract" name="Should create Transaction" time="43.395">
      <failure/>
      <error message="waitUntil condition failed with the following reason: fieldInput.getEditable is not a function"/>
      <system-out><![CDATA[
RESULT: undefined
COMMAND: POST /session/d1978e2d1924ac6e5f6c6b38470efb5a/element - {"using":"xpath","value":"//*[@id=\"__tile30\"]"}
RESULT: {"using":"xpath","value":"//*[@id=\"__tile30\"]"}
COMMAND: POST /session/d1978e2d1924ac6e5f6c6b38470efb5a/element/f.5551BAC1742EFC43FA32F2B94634C763.d.94775932379063D6FE0568B5D9A46B4D.e.989/click - {}
RESULT: undefined
COMMAND: POST /session/d1978e2d1924ac6e5f6c6b38470efb5a/element/f.5551BAC1742EFC43FA32F2B94634C763.d.94775932379063D6FE0568B5D9A46B4D.e.785/click - {}
RESULT: undefined
COMMAND: POST /session/d1978e2d1924ac6e5f6c6b38470efb5a/element - {"using":"xpath","value":"//*[@id=\"CreateDialog::xRFMxCU_TransactionType::ProgramId-inner-vhi\"]"}
RESULT: {"using":"xpath","value":"//*[@id=\"CreateDialog::xRFMxCU_TransactionType::ProgramId-inner-vhi\"]"}
COMMAND: POST /session/d1978e2d1924ac6e5f6c6b38470efb5a/element/f.5551BAC1742EFC43FA32F2B94634C763.d.94775932379063D6FE0568B5D9A46B4D.e.973/click - {}
RESULT: undefined
COMMAND: POST /session/d1978e2d1924ac6e5f6c6b38470efb5a/execute/async - {"script":"<script> [20 bytes]","args":[{"enterText":"*2256*","selector":{"id":"ProgramId::VH::Dialog::qualifier::-search-inner","searchOpenDialogs":true,"interaction":{"idSuffix":"I"}},"clearTextFirst":true,"interactionType":"ENTER_TEXT"}]}
RESULT: {"script":"<script> [20 bytes]","args":[{"enterText":"*2256*","selector":{"id":"ProgramId::VH::Dialog::qualifier::-search-inner","searchOpenDialogs":true,"interaction":{"idSuffix":"I"}},"clearTextFirst":true,"interactionType":"ENTER_TEXT"}]}
RESULT: undefined
COMMAND: POST /session/d1978e2d1924ac6e5f6c6b38470efb5a/element - {"using":"xpath","value":"//*[@id=\"ProgramId::VH::Dialog::qualifier::::Table-innerTable-rows-row0\"]"}
RESULT: {"using":"xpath","value":"//*[@id=\"ProgramId::VH::Dialog::qualifier::::Table-innerTable-rows-row0\"]"}
COMMAND: POST /session/d1978e2d1924ac6e5f6c6b38470efb5a/element/f.5551BAC1742EFC43FA32F2B94634C763.d.94775932379063D6FE0568B5D9A46B4D.e.982/click - {}
RESULT: undefined
COMMAND: POST /session/d1978e2d1924ac6e5f6c6b38470efb5a/execute/async - {"script":"<script> [20 bytes]","args":[{"enterText":"10","selector":{"id":"CreateDialog::xRFMxCU_TransactionType::FundingType-inner","searchOpenDialogs":true,"interaction":{"idSuffix":"inner"}},"clearTextFirst":true,"interactionType":"ENTER_TEXT"}]}
RESULT: {"script":"<script> [20 bytes]","args":[{"enterText":"10","selector":{"id":"CreateDialog::xRFMxCU_TransactionType::FundingType-inner","searchOpenDialogs":true,"interaction":{"idSuffix":"inner"}},"clearTextFirst":true,"interactionType":"ENTER_TEXT"}]}
RESULT: undefined
COMMAND: POST /session/d1978e2d1924ac6e5f6c6b38470efb5a/element - {"using":"xpath","value":"//*[@id=\"CreateDialog::xRFMxCU_Transaction-footer\"]"}
RESULT: {"using":"xpath","value":"//*[@id=\"CreateDialog::xRFMxCU_Transaction-footer\"]"}
COMMAND: POST /session/d1978e2d1924ac6e5f6c6b38470efb5a/element/f.5551BAC1742EFC43FA32F2B94634C763.d.94775932379063D6FE0568B5D9A46B4D.e.985/click - {}
COMMAND: POST /session/d1978e2d1924ac6e5f6c6b38470efb5a/execute/async - {"script":"<script> [21 bytes]","args":[{"forceSelect":true,"selector":{"controlType":"sap.m.Button","viewName":"sap.fe.templates.ObjectPage.ObjectPage","viewId":"rfm.transactionui::xRFMxCU_TransactionObjectPage","properties":{"text":"Continue"},"searchOpenDialogs":true,"interaction":{"idSuffix":"BDI-content"}},"wdio_ui5_key":"sapfe.templates.ObjectPage.ObjectPagesap.m.Button{\"text\":\"Continue\"}"}]}
RESULT: {"script":"<script> [21 bytes]","args":[{"forceSelect":true,"selector":{"controlType":"sap.m.Button","viewName":"sap.fe.templates.ObjectPage.ObjectPage","viewId":"rfm.transactionui::xRFMxCU_TransactionObjectPage","properties":{"text":"Continue"},"searchOpenDialogs":true,"interaction":{"idSuffix":"BDI-content"}},"wdio_ui5_key":"sapfe.templates.ObjectPage.ObjectPagesap.m.Button{\"text\":\"Continue\"}"}]}
RESULT: undefined
COMMAND: POST /session/d1978e2d1924ac6e5f6c6b38470efb5a/element - {"using":"xpath","value":"//*[@id=\"__button257\"]"}
RESULT: {"using":"xpath","value":"//*[@id=\"__button257\"]"}
COMMAND: POST /session/d1978e2d1924ac6e5f6c6b38470efb5a/element/f.5551BAC1742EFC43FA32F2B94634C763.d.94775932379063D6FE0568B5D9A46B4D.e.987/click - {}
RESULT: undefined
RESULT: undefined
RESULT: undefined
RESULT: undefined
RESULT: undefined
RESULT: undefined
COMMAND: POST /session/d1978e2d1924ac6e5f6c6b38470efb5a/element - {"using":"xpath","value":"//*[@id=\"rfm.transactionui::xRFMxCU_TransactionObjectPage--fe::ObjectPage-anchBar-rfm.transactionui::xRFMxCU_TransactionObjectPage--fe::FacetSection::FundingScopeCollection-anchor\"]"}
RESULT: {"using":"xpath","value":"//*[@id=\"rfm.transactionui::xRFMxCU_TransactionObjectPage--fe::ObjectPage-anchBar-rfm.transactionui::xRFMxCU_TransactionObjectPage--fe::FacetSection::FundingScopeCollection-anchor\"]"}
COMMAND: POST /session/d1978e2d1924ac6e5f6c6b38470efb5a/element/f.5551BAC1742EFC43FA32F2B94634C763.d.94775932379063D6FE0568B5D9A46B4D.e.988/click - {}
RESULT: undefined
RESULT: undefined
COMMAND: POST /session/d1978e2d1924ac6e5f6c6b38470efb5a/execute/async - {"script":"<script> [21 bytes]","args":[{"forceSelect":true,"selector":{"controlType":"sap.ui.mdc.field.FieldInput","viewName":"sap.fe.templates.ObjectPage.ObjectPage","viewId":"rfm.transactionui::xRFMxCU_TransactionObjectPage","bindingPath":{"path":"","propertyPath":"/conditions","modelName":"$field"},"ancestor":{"controlType":"sap.ui.mdc.Field","viewName":"sap.fe.templates.ObjectPage.ObjectPage","viewId":"rfm.transactionui::xRFMxCU_TransactionObjectPage","bindingPath":{"path":"/xRFMxCU_Transaction(TransactionId='undefined',IsActiveEntity=false)/_TransactionCFPart(TransactionId='undefined',CashFlowPartType='2',IsActiveEntity=false)","propertyPath":"__EntityControl/Updatable"}},"interaction":{"idSuffix":"inner"}},"wdio_ui5_key":"sapfe.templates.ObjectPage.ObjectPagesap.ui.mdc.field.FieldInput{\"path\":\"\",\"propertyPath\":\"/conditions\",\"modelName\":\"$field\"}{\"controlType\":\"sap.ui.mdc.Field\",\"viewName\":\"sap.fe.templates.ObjectPage.ObjectPage\",\"viewId\":\"rfm.transactionui::xRFMxCU_TransactionObjectPage\",\"bindingPath\":{\"path\":\"/xRFMxCU_Transaction(TransactionId='undefined',IsActiveEntity=false)/_TransactionCFPart(TransactionId='undefined',CashFlowPartType='2',IsActiveEntity=false)\",\"propertyPath\":\"__EntityControl/Updatable\"}}"}]}
RESULT: {"script":"<script> [21 bytes]","args":[{"forceSelect":true,"selector":{"controlType":"sap.ui.mdc.field.FieldInput","viewName":"sap.fe.templates.ObjectPage.ObjectPage","viewId":"rfm.transactionui::xRFMxCU_TransactionObjectPage","bindingPath":{"path":"","propertyPath":"/conditions","modelName":"$field"},"ancestor":{"controlType":"sap.ui.mdc.Field","viewName":"sap.fe.templates.ObjectPage.ObjectPage","viewId":"rfm.transactionui::xRFMxCU_TransactionObjectPage","bindingPath":{"path":"/xRFMxCU_Transaction(TransactionId='undefined',IsActiveEntity=false)/_TransactionCFPart(TransactionId='undefined',CashFlowPartType='2',IsActiveEntity=false)","propertyPath":"__EntityControl/Updatable"}},"interaction":{"idSuffix":"inner"}},"wdio_ui5_key":"sapfe.templates.ObjectPage.ObjectPagesap.ui.mdc.field.FieldInput{\"path\":\"\",\"propertyPath\":\"/conditions\",\"modelName\":\"$field\"}{\"controlType\":\"sap.ui.mdc.Field\",\"viewName\":\"sap.fe.templates.ObjectPage.ObjectPage\",\"viewId\":\"rfm.transactionui::xRFMxCU_TransactionObjectPage\",\"bindingPath\":{\"path\":\"/xRFMxCU_Transaction(TransactionId='undefined',IsActiveEntity=false)/_TransactionCFPart(TransactionId='undefined',CashFlowPartType='2',IsActiveEntity=false)\",\"propertyPath\":\"__EntityControl/Updatable\"}}"}]}
RESULT: undefined
COMMAND: GET /session/d1978e2d1924ac6e5f6c6b38470efb5a/screenshot - {}
COMMAND: GET /session/d1978e2d1924ac6e5f6c6b38470efb5a/screenshot - {}
RESULT: {}
RESULT: {}
]]></system-out>
      <system-err><![CDATA[
Error: waitUntil condition failed with the following reason: fieldInput.getEditable is not a function
    at process.processTimers (node:internal/timers:516:9)
    at async Context.<anonymous> (D:\a\1\s\test\specs\BusinessObjects\LoanContract.spec.js:473:18)
]]></system-err>
    </testcase>
    <testcase classname="chrome.139_0_7258_139.windows.Loan_Contract" name="Should filter created Transaction" time="4.093">
      <skipped/>
      <system-out><![CDATA[
COMMAND: POST /session/d1978e2d1924ac6e5f6c6b38470efb5a/execute/async - {"script":"<script> [21 bytes]","args":[{"selector":{"controlType":"sap.m.GenericTile","properties":{"header":"Loan Contract"}},"wdio_ui5_key":"sapm.GenericTile{\"header\":\"Loan Contract\"}"}]}
COMMAND: GET /session/d1978e2d1924ac6e5f6c6b38470efb5a/screenshot - {}
RESULT: {"script":"<script> [21 bytes]","args":[{"selector":{"controlType":"sap.m.GenericTile","properties":{"header":"Loan Contract"}},"wdio_ui5_key":"sapm.GenericTile{\"header\":\"Loan Contract\"}"}]}
RESULT: undefined
COMMAND: POST /session/d1978e2d1924ac6e5f6c6b38470efb5a/execute/async - {"script":"<script> [21 bytes]","args":[{"selector":{"id":"rfm.loancontractui::xRFMxCU_LoanSetList--fe::FilterBar::xRFMxCU_LoanSet::FilterField::TransactionId-inner","interaction":{"idSuffix":"inner"}},"wdio_ui5_key":"rfmloancontractui::xRFMxCU_LoanSetList--fe::FilterBar::xRFMxCU_LoanSet::FilterField::TransactionId-inner"}]}
RESULT: {}
RESULT: {"script":"<script> [21 bytes]","args":[{"selector":{"id":"rfm.loancontractui::xRFMxCU_LoanSetList--fe::FilterBar::xRFMxCU_LoanSet::FilterField::TransactionId-inner","interaction":{"idSuffix":"inner"}},"wdio_ui5_key":"rfmloancontractui::xRFMxCU_LoanSetList--fe::FilterBar::xRFMxCU_LoanSet::FilterField::TransactionId-inner"}]}
RESULT: undefined
COMMAND: POST /session/d1978e2d1924ac6e5f6c6b38470efb5a/execute/async - {"script":"<script> [21 bytes]","args":[{"selector":{"id":"rfm.loancontractui::xRFMxCU_LoanSetList--fe::FilterBar::xRFMxCU_LoanSet-btnSearch","interaction":{"idSuffix":"BDI-content"}},"wdio_ui5_key":"rfmloancontractui::xRFMxCU_LoanSetList--fe::FilterBar::xRFMxCU_LoanSet-btnSearch"}]}
RESULT: {"script":"<script> [21 bytes]","args":[{"selector":{"id":"rfm.loancontractui::xRFMxCU_LoanSetList--fe::FilterBar::xRFMxCU_LoanSet-btnSearch","interaction":{"idSuffix":"BDI-content"}},"wdio_ui5_key":"rfmloancontractui::xRFMxCU_LoanSetList--fe::FilterBar::xRFMxCU_LoanSet-btnSearch"}]}
RESULT: undefined
COMMAND: POST /session/d1978e2d1924ac6e5f6c6b38470efb5a/execute/async - {"script":"<script> [21 bytes]","args":[{"selector":{"id":"rfm.loancontractui::xRFMxCU_LoanSetList--fe::table::xRFMxCU_LoanSet::LineItem-innerTable-rows-row0"},"wdio_ui5_key":"rfmloancontractui::xRFMxCU_LoanSetList--fe::table::xRFMxCU_LoanSet::LineItem-innerTable-rows-row0"}]}
RESULT: {"script":"<script> [21 bytes]","args":[{"selector":{"id":"rfm.loancontractui::xRFMxCU_LoanSetList--fe::table::xRFMxCU_LoanSet::LineItem-innerTable-rows-row0"},"wdio_ui5_key":"rfmloancontractui::xRFMxCU_LoanSetList--fe::table::xRFMxCU_LoanSet::LineItem-innerTable-rows-row0"}]}
RESULT: undefined
RESULT: undefined
COMMAND: GET /session/d1978e2d1924ac6e5f6c6b38470efb5a/screenshot - {}
COMMAND: GET /session/d1978e2d1924ac6e5f6c6b38470efb5a/screenshot - {}
RESULT: {}
]]></system-out>
      <system-err><![CDATA[
TypeError: Cannot read properties of undefined (reading 'match')
    at Context.<anonymous> (D:\a\1\s\test\specs\BusinessObjects\LoanContract.spec.js:594:29)
]]></system-err>
    </testcase>
    <testcase classname="chrome.139_0_7258_139.windows.Loan_Contract" name="Should filter created Transaction" time="0.771">
      <failure/>
      <error message="Cannot read properties of undefined (reading 'match')"/>
      <system-out><![CDATA[
RESULT: undefined
RESULT: undefined
RESULT: undefined
RESULT: undefined
RESULT: undefined
COMMAND: GET /session/d1978e2d1924ac6e5f6c6b38470efb5a/screenshot - {}
COMMAND: GET /session/d1978e2d1924ac6e5f6c6b38470efb5a/screenshot - {}
RESULT: {}
RESULT: {}
]]></system-out>
      <system-err><![CDATA[
TypeError: Cannot read properties of undefined (reading 'match')
    at Context.<anonymous> (D:\a\1\s\test\specs\BusinessObjects\LoanContract.spec.js:594:29)
]]></system-err>
    </testcase>
    <testcase classname="chrome.139_0_7258_139.windows.Loan_Contract" name="Should check navigation to Transaction" time="1.975">
      <skipped/>
      <system-out><![CDATA[
COMMAND: POST /session/d1978e2d1924ac6e5f6c6b38470efb5a/execute/async - {"script":"<script> [21 bytes]","args":[{"selector":{"controlType":"sap.m.Title","viewName":"sap.fe.templates.ObjectPage.ObjectPage","viewId":"rfm.loancontractui::xRFMxCU_LoanSetObjectPage","bindingPath":{"path":"/xRFMxCU_LoanSet(LoanSetId='',IsActiveEntity=true)","propertyPath":"TransactionId"}},"wdio_ui5_key":"sapfe.templates.ObjectPage.ObjectPagesap.m.Title{\"path\":\"/xRFMxCU_LoanSet(LoanSetId='',IsActiveEntity=true)\",\"propertyPath\":\"TransactionId\"}"}]}
COMMAND: GET /session/d1978e2d1924ac6e5f6c6b38470efb5a/screenshot - {}
RESULT: {}
RESULT: {"script":"<script> [21 bytes]","args":[{"selector":{"controlType":"sap.m.Title","viewName":"sap.fe.templates.ObjectPage.ObjectPage","viewId":"rfm.loancontractui::xRFMxCU_LoanSetObjectPage","bindingPath":{"path":"/xRFMxCU_LoanSet(LoanSetId='',IsActiveEntity=true)","propertyPath":"TransactionId"}},"wdio_ui5_key":"sapfe.templates.ObjectPage.ObjectPagesap.m.Title{\"path\":\"/xRFMxCU_LoanSet(LoanSetId='',IsActiveEntity=true)\",\"propertyPath\":\"TransactionId\"}"}]}
RESULT: undefined
COMMAND: GET /session/d1978e2d1924ac6e5f6c6b38470efb5a/screenshot - {}
COMMAND: GET /session/d1978e2d1924ac6e5f6c6b38470efb5a/screenshot - {}
RESULT: {}
RESULT: {}
]]></system-out>
      <system-err><![CDATA[
Error: TransactionIdBeforeNav is undefined
    at Context.<anonymous> (D:\a\1\s\test\specs\BusinessObjects\LoanContract.spec.js:658:19)
]]></system-err>
    </testcase>
    <testcase classname="chrome.139_0_7258_139.windows.Loan_Contract" name="Should check navigation to Transaction" time="0.77">
      <failure/>
      <error message="TransactionIdBeforeNav is undefined"/>
      <system-out><![CDATA[
RESULT: undefined
COMMAND: GET /session/d1978e2d1924ac6e5f6c6b38470efb5a/screenshot - {}
COMMAND: GET /session/d1978e2d1924ac6e5f6c6b38470efb5a/screenshot - {}
RESULT: {}
RESULT: {}
]]></system-out>
      <system-err><![CDATA[
Error: TransactionIdBeforeNav is undefined
    at Context.<anonymous> (D:\a\1\s\test\specs\BusinessObjects\LoanContract.spec.js:658:19)
]]></system-err>
    </testcase>
    <testcase classname="chrome.139_0_7258_139.windows.Loan_Contract" name="Should create a Loan" time="6.236">
      <system-out><![CDATA[
COMMAND: POST /session/d1978e2d1924ac6e5f6c6b38470efb5a/execute/async - {"script":"<script> [21 bytes]","args":[{"selector":{"id":"rfm.loancontractui::xRFMxCU_LoanSetObjectPage--fe::StandardAction::Edit","interaction":{"idSuffix":"BDI-content"}},"wdio_ui5_key":"rfmloancontractui::xRFMxCU_LoanSetObjectPage--fe::StandardAction::Edit"}]}
COMMAND: GET /session/d1978e2d1924ac6e5f6c6b38470efb5a/screenshot - {}
RESULT: {}
RESULT: {"script":"<script> [21 bytes]","args":[{"selector":{"id":"rfm.loancontractui::xRFMxCU_LoanSetObjectPage--fe::StandardAction::Edit","interaction":{"idSuffix":"BDI-content"}},"wdio_ui5_key":"rfmloancontractui::xRFMxCU_LoanSetObjectPage--fe::StandardAction::Edit"}]}
RESULT: undefined
COMMAND: POST /session/d1978e2d1924ac6e5f6c6b38470efb5a/execute/async - {"script":"<script> [21 bytes]","args":[{"selector":{"id":"rfm.loancontractui::xRFMxCU_LoanSetObjectPage--fe::table::_Loan::LineItem::StandardAction::Create","interaction":{"idSuffix":"content"}},"wdio_ui5_key":"rfmloancontractui::xRFMxCU_LoanSetObjectPage--fe::table::_Loan::LineItem::StandardAction::Create"}]}
RESULT: {}
RESULT: {"script":"<script> [21 bytes]","args":[{"selector":{"id":"rfm.loancontractui::xRFMxCU_LoanSetObjectPage--fe::table::_Loan::LineItem::StandardAction::Create","interaction":{"idSuffix":"content"}},"wdio_ui5_key":"rfmloancontractui::xRFMxCU_LoanSetObjectPage--fe::table::_Loan::LineItem::StandardAction::Create"}]}
RESULT: undefined
COMMAND: POST /session/d1978e2d1924ac6e5f6c6b38470efb5a/execute/async - {"script":"<script> [21 bytes]","args":[{"selector":{"id":"rfm.loancontractui::xRFMxCU_LoanSet__LoanObjectPage--fe::HeaderFacet::FormContainer::headerFieldsGP1::FormElement::DataField::CompanyCode::Field-edit-inner","interaction":{"idSuffix":"inner"}},"wdio_ui5_key":"rfmloancontractui::xRFMxCU_LoanSet__LoanObjectPage--fe::HeaderFacet::FormContainer::headerFieldsGP1::FormElement::DataField::CompanyCode::Field-edit-inner"}]}
RESULT: {"script":"<script> [21 bytes]","args":[{"selector":{"id":"rfm.loancontractui::xRFMxCU_LoanSet__LoanObjectPage--fe::HeaderFacet::FormContainer::headerFieldsGP1::FormElement::DataField::CompanyCode::Field-edit-inner","interaction":{"idSuffix":"inner"}},"wdio_ui5_key":"rfmloancontractui::xRFMxCU_LoanSet__LoanObjectPage--fe::HeaderFacet::FormContainer::headerFieldsGP1::FormElement::DataField::CompanyCode::Field-edit-inner"}]}
RESULT: undefined
COMMAND: POST /session/d1978e2d1924ac6e5f6c6b38470efb5a/execute/async - {"script":"<script> [21 bytes]","args":[{"selector":{"id":"rfm.loancontractui::xRFMxCU_LoanSet__LoanObjectPage--fe::HeaderFacet::FormContainer::headerContractStartFacet::FormElement::Field-edit","interaction":{"idSuffix":"inner"}},"wdio_ui5_key":"rfmloancontractui::xRFMxCU_LoanSet__LoanObjectPage--fe::HeaderFacet::FormContainer::headerContractStartFacet::FormElement::Field-edit"}]}
RESULT: {"script":"<script> [21 bytes]","args":[{"selector":{"id":"rfm.loancontractui::xRFMxCU_LoanSet__LoanObjectPage--fe::HeaderFacet::FormContainer::headerContractStartFacet::FormElement::Field-edit","interaction":{"idSuffix":"inner"}},"wdio_ui5_key":"rfmloancontractui::xRFMxCU_LoanSet__LoanObjectPage--fe::HeaderFacet::FormContainer::headerContractStartFacet::FormElement::Field-edit"}]}
RESULT: undefined
COMMAND: POST /session/d1978e2d1924ac6e5f6c6b38470efb5a/execute/async - {"script":"<script> [21 bytes]","args":[{"selector":{"id":"rfm.loancontractui::xRFMxCU_LoanSet__LoanObjectPage--fe::HeaderFacet::FormContainer::headerContractEndFacet::FormElement::Field-edit","interaction":{"idSuffix":"inner"}},"wdio_ui5_key":"rfmloancontractui::xRFMxCU_LoanSet__LoanObjectPage--fe::HeaderFacet::FormContainer::headerContractEndFacet::FormElement::Field-edit"}]}
RESULT: {"script":"<script> [21 bytes]","args":[{"selector":{"id":"rfm.loancontractui::xRFMxCU_LoanSet__LoanObjectPage--fe::HeaderFacet::FormContainer::headerContractEndFacet::FormElement::Field-edit","interaction":{"idSuffix":"inner"}},"wdio_ui5_key":"rfmloancontractui::xRFMxCU_LoanSet__LoanObjectPage--fe::HeaderFacet::FormContainer::headerContractEndFacet::FormElement::Field-edit"}]}
RESULT: undefined
COMMAND: POST /session/d1978e2d1924ac6e5f6c6b38470efb5a/execute/async - {"script":"<script> [21 bytes]","args":[{"selector":{"id":"rfm.loancontractui::xRFMxCU_LoanSet__LoanObjectPage--fe::ObjectPage-anchBar-rfm.loancontractui::xRFMxCU_LoanSet__LoanObjectPage--fe::CustomSection::LoanDetailsSection-anchor"},"wdio_ui5_key":"rfmloancontractui::xRFMxCU_LoanSet__LoanObjectPage--fe::ObjectPage-anchBar-rfm.loancontractui::xRFMxCU_LoanSet__LoanObjectPage--fe::CustomSection::LoanDetailsSection-anchor"}]}
RESULT: {"script":"<script> [21 bytes]","args":[{"selector":{"id":"rfm.loancontractui::xRFMxCU_LoanSet__LoanObjectPage--fe::ObjectPage-anchBar-rfm.loancontractui::xRFMxCU_LoanSet__LoanObjectPage--fe::CustomSection::LoanDetailsSection-anchor"},"wdio_ui5_key":"rfmloancontractui::xRFMxCU_LoanSet__LoanObjectPage--fe::ObjectPage-anchBar-rfm.loancontractui::xRFMxCU_LoanSet__LoanObjectPage--fe::CustomSection::LoanDetailsSection-anchor"}]}
RESULT: undefined
COMMAND: POST /session/d1978e2d1924ac6e5f6c6b38470efb5a/execute/async - {"script":"<script> [21 bytes]","args":[{"selector":{"id":"rfm.loancontractui::xRFMxCU_LoanSet__LoanObjectPage--fe::CustomSubSection::LoanDetailsSection--fe::FormContainer::FieldGroup::detailsFieldsGP2::FormElement::DataField::PartnerId::Field-edit","interaction":{"idSuffix":"inner"}},"wdio_ui5_key":"rfmloancontractui::xRFMxCU_LoanSet__LoanObjectPage--fe::CustomSubSection::LoanDetailsSection--fe::FormContainer::FieldGroup::detailsFieldsGP2::FormElement::DataField::PartnerId::Field-edit"}]}
RESULT: {"script":"<script> [21 bytes]","args":[{"selector":{"id":"rfm.loancontractui::xRFMxCU_LoanSet__LoanObjectPage--fe::CustomSubSection::LoanDetailsSection--fe::FormContainer::FieldGroup::detailsFieldsGP2::FormElement::DataField::PartnerId::Field-edit","interaction":{"idSuffix":"inner"}},"wdio_ui5_key":"rfmloancontractui::xRFMxCU_LoanSet__LoanObjectPage--fe::CustomSubSection::LoanDetailsSection--fe::FormContainer::FieldGroup::detailsFieldsGP2::FormElement::DataField::PartnerId::Field-edit"}]}
RESULT: undefined
COMMAND: POST /session/d1978e2d1924ac6e5f6c6b38470efb5a/execute/async - {"script":"<script> [21 bytes]","args":[{"selector":{"id":"rfm.loancontractui::xRFMxCU_LoanSet__LoanObjectPage--fe::CustomSubSection::LoanDetailsSection--fe::FormContainer::FieldGroup::detailsFieldsGP1::FormElement::DataField::ProportionPercentage::Field-edit","interaction":{"idSuffix":"inner"}},"wdio_ui5_key":"rfmloancontractui::xRFMxCU_LoanSet__LoanObjectPage--fe::CustomSubSection::LoanDetailsSection--fe::FormContainer::FieldGroup::detailsFieldsGP1::FormElement::DataField::ProportionPercentage::Field-edit"}]}
RESULT: {"script":"<script> [21 bytes]","args":[{"selector":{"id":"rfm.loancontractui::xRFMxCU_LoanSet__LoanObjectPage--fe::CustomSubSection::LoanDetailsSection--fe::FormContainer::FieldGroup::detailsFieldsGP1::FormElement::DataField::ProportionPercentage::Field-edit","interaction":{"idSuffix":"inner"}},"wdio_ui5_key":"rfmloancontractui::xRFMxCU_LoanSet__LoanObjectPage--fe::CustomSubSection::LoanDetailsSection--fe::FormContainer::FieldGroup::detailsFieldsGP1::FormElement::DataField::ProportionPercentage::Field-edit"}]}
RESULT: undefined
COMMAND: POST /session/d1978e2d1924ac6e5f6c6b38470efb5a/execute/async - {"script":"<script> [21 bytes]","args":[{"forceSelect":true,"selector":{"id":"rfm.loancontractui::xRFMxCU_LoanSetObjectPage--fe::FooterBar::StandardAction::Save","interaction":{"idSuffix":"BDI-content"}},"wdio_ui5_key":"rfmloancontractui::xRFMxCU_LoanSetObjectPage--fe::FooterBar::StandardAction::Save"}]}
RESULT: {"script":"<script> [21 bytes]","args":[{"forceSelect":true,"selector":{"id":"rfm.loancontractui::xRFMxCU_LoanSetObjectPage--fe::FooterBar::StandardAction::Save","interaction":{"idSuffix":"BDI-content"}},"wdio_ui5_key":"rfmloancontractui::xRFMxCU_LoanSetObjectPage--fe::FooterBar::StandardAction::Save"}]}
RESULT: undefined
COMMAND: POST /session/d1978e2d1924ac6e5f6c6b38470efb5a/execute/async - {"script":"<script> [21 bytes]","args":[{"selector":{"controlType":"sap.m.Title","viewName":"sap.fe.templates.ObjectPage.ObjectPage","viewId":"rfm.loancontractui::xRFMxCU_LoanSetObjectPage","properties":{"text":"No items available"}},"wdio_ui5_key":"sapfe.templates.ObjectPage.ObjectPagesap.m.Title{\"text\":\"No items available\"}"}]}
RESULT: {"script":"<script> [21 bytes]","args":[{"selector":{"controlType":"sap.m.Title","viewName":"sap.fe.templates.ObjectPage.ObjectPage","viewId":"rfm.loancontractui::xRFMxCU_LoanSetObjectPage","properties":{"text":"No items available"}},"wdio_ui5_key":"sapfe.templates.ObjectPage.ObjectPagesap.m.Title{\"text\":\"No items available\"}"}]}
RESULT: undefined
COMMAND: GET /session/d1978e2d1924ac6e5f6c6b38470efb5a/screenshot - {}
]]></system-out>
    </testcase>
    <testcase classname="chrome.139_0_7258_139.windows.Loan_Contract" name="Should create a Loan Condition" time="5.864">
      <system-out><![CDATA[
RESULT: undefined
COMMAND: POST /session/d1978e2d1924ac6e5f6c6b38470efb5a/execute/async - {"script":"<script> [21 bytes]","args":[{"selector":{"controlType":"sap.ui.core.Icon","viewName":"sap.fe.templates.ObjectPage.ObjectPage","viewId":"rfm.loancontractui::xRFMxCU_LoanSetObjectPage","properties":{"src":{"regex":{"source":"navigation\\-right\\-arrow"}}}},"wdio_ui5_key":"sapfe.templates.ObjectPage.ObjectPagesap.ui.core.Icon{\"src\":{\"regex\":{\"source\":\"navigation\\\\-right\\\\-arrow\"}}}"}]}
RESULT: {"script":"<script> [21 bytes]","args":[{"selector":{"controlType":"sap.ui.core.Icon","viewName":"sap.fe.templates.ObjectPage.ObjectPage","viewId":"rfm.loancontractui::xRFMxCU_LoanSetObjectPage","properties":{"src":{"regex":{"source":"navigation\\-right\\-arrow"}}}},"wdio_ui5_key":"sapfe.templates.ObjectPage.ObjectPagesap.ui.core.Icon{\"src\":{\"regex\":{\"source\":\"navigation\\\\-right\\\\-arrow\"}}}"}]}
RESULT: undefined
COMMAND: POST /session/d1978e2d1924ac6e5f6c6b38470efb5a/execute/async - {"script":"<script> [21 bytes]","args":[{"selector":{"id":"rfm.loancontractui::xRFMxCU_LoanSet__LoanObjectPage--fe::ObjectPage-anchBar-rfm.loancontractui::xRFMxCU_LoanSet__LoanObjectPage--fe::FacetSection::LoanCondition-anchor","interaction":{"idSuffix":"text"}},"wdio_ui5_key":"rfmloancontractui::xRFMxCU_LoanSet__LoanObjectPage--fe::ObjectPage-anchBar-rfm.loancontractui::xRFMxCU_LoanSet__LoanObjectPage--fe::FacetSection::LoanCondition-anchor"}]}
RESULT: {}
RESULT: {"script":"<script> [21 bytes]","args":[{"selector":{"id":"rfm.loancontractui::xRFMxCU_LoanSet__LoanObjectPage--fe::ObjectPage-anchBar-rfm.loancontractui::xRFMxCU_LoanSet__LoanObjectPage--fe::FacetSection::LoanCondition-anchor","interaction":{"idSuffix":"text"}},"wdio_ui5_key":"rfmloancontractui::xRFMxCU_LoanSet__LoanObjectPage--fe::ObjectPage-anchBar-rfm.loancontractui::xRFMxCU_LoanSet__LoanObjectPage--fe::FacetSection::LoanCondition-anchor"}]}
RESULT: undefined
COMMAND: POST /session/d1978e2d1924ac6e5f6c6b38470efb5a/execute/async - {"script":"<script> [21 bytes]","args":[{"selector":{"id":"rfm.loancontractui::xRFMxCU_LoanSet__LoanObjectPage--fe::table::_LoanCondition::LineItem::StandardAction::Create","interaction":{"idSuffix":"inner"}},"wdio_ui5_key":"rfmloancontractui::xRFMxCU_LoanSet__LoanObjectPage--fe::table::_LoanCondition::LineItem::StandardAction::Create"}]}
[...]
RESULT: {"using":"css selector","value":"div[id='rfm.loancontractui::xRFMxCU_LoanSetObjectPage--fe::table::_Loan::LineItem-innerTable-rowsel0']"}
COMMAND: POST /session/d1978e2d1924ac6e5f6c6b38470efb5a/elements - {"using":"css selector","value":"div[id='rfm.loancontractui::xRFMxCU_LoanSetObjectPage--fe::table::_Loan::LineItem-innerTable-rowsel0']"}
RESULT: {"using":"css selector","value":"div[id='rfm.loancontractui::xRFMxCU_LoanSetObjectPage--fe::table::_Loan::LineItem-innerTable-rowsel0']"}
COMMAND: POST /session/d1978e2d1924ac6e5f6c6b38470efb5a/elements - {"using":"css selector","value":"div[id='rfm.loancontractui::xRFMxCU_LoanSetObjectPage--fe::table::_Loan::LineItem-innerTable-rowsel0']"}
RESULT: {"using":"css selector","value":"div[id='rfm.loancontractui::xRFMxCU_LoanSetObjectPage--fe::table::_Loan::LineItem-innerTable-rowsel0']"}
COMMAND: POST /session/d1978e2d1924ac6e5f6c6b38470efb5a/elements - {"using":"css selector","value":"div[id='rfm.loancontractui::xRFMxCU_LoanSetObjectPage--fe::table::_Loan::LineItem-innerTable-rowsel0']"}
RESULT: {"using":"css selector","value":"div[id='rfm.loancontractui::xRFMxCU_LoanSetObjectPage--fe::table::_Loan::LineItem-innerTable-rowsel0']"}
COMMAND: POST /session/d1978e2d1924ac6e5f6c6b38470efb5a/elements - {"using":"css selector","value":"div[id='rfm.loancontractui::xRFMxCU_LoanSetObjectPage--fe::table::_Loan::LineItem-innerTable-rowsel0']"}
RESULT: {"using":"css selector","value":"div[id='rfm.loancontractui::xRFMxCU_LoanSetObjectPage--fe::table::_Loan::LineItem-innerTable-rowsel0']"}
COMMAND: POST /session/d1978e2d1924ac6e5f6c6b38470efb5a/elements - {"using":"css selector","value":"div[id='rfm.loancontractui::xRFMxCU_LoanSetObjectPage--fe::table::_Loan::LineItem-innerTable-rowsel0']"}
RESULT: {"using":"css selector","value":"div[id='rfm.loancontractui::xRFMxCU_LoanSetObjectPage--fe::table::_Loan::LineItem-innerTable-rowsel0']"}
COMMAND: POST /session/d1978e2d1924ac6e5f6c6b38470efb5a/elements - {"using":"css selector","value":"div[id='rfm.loancontractui::xRFMxCU_LoanSetObjectPage--fe::table::_Loan::LineItem-innerTable-rowsel0']"}
RESULT: {"using":"css selector","value":"div[id='rfm.loancontractui::xRFMxCU_LoanSetObjectPage--fe::table::_Loan::LineItem-innerTable-rowsel0']"}
COMMAND: POST /session/d1978e2d1924ac6e5f6c6b38470efb5a/elements - {"using":"css selector","value":"div[id='rfm.loancontractui::xRFMxCU_LoanSetObjectPage--fe::table::_Loan::LineItem-innerTable-rowsel0']"}
RESULT: {"using":"css selector","value":"div[id='rfm.loancontractui::xRFMxCU_LoanSetObjectPage--fe::table::_Loan::LineItem-innerTable-rowsel0']"}
COMMAND: POST /session/d1978e2d1924ac6e5f6c6b38470efb5a/elements - {"using":"css selector","value":"div[id='rfm.loancontractui::xRFMxCU_LoanSetObjectPage--fe::table::_Loan::LineItem-innerTable-rowsel0']"}
RESULT: {"using":"css selector","value":"div[id='rfm.loancontractui::xRFMxCU_LoanSetObjectPage--fe::table::_Loan::LineItem-innerTable-rowsel0']"}
COMMAND: POST /session/d1978e2d1924ac6e5f6c6b38470efb5a/elements - {"using":"css selector","value":"div[id='rfm.loancontractui::xRFMxCU_LoanSetObjectPage--fe::table::_Loan::LineItem-innerTable-rowsel0']"}
RESULT: {"using":"css selector","value":"div[id='rfm.loancontractui::xRFMxCU_LoanSetObjectPage--fe::table::_Loan::LineItem-innerTable-rowsel0']"}
COMMAND: POST /session/d1978e2d1924ac6e5f6c6b38470efb5a/elements - {"using":"css selector","value":"div[id='rfm.loancontractui::xRFMxCU_LoanSetObjectPage--fe::table::_Loan::LineItem-innerTable-rowsel0']"}
RESULT: {"using":"css selector","value":"div[id='rfm.loancontractui::xRFMxCU_LoanSetObjectPage--fe::table::_Loan::LineItem-innerTable-rowsel0']"}
COMMAND: POST /session/d1978e2d1924ac6e5f6c6b38470efb5a/elements - {"using":"css selector","value":"div[id='rfm.loancontractui::xRFMxCU_LoanSetObjectPage--fe::table::_Loan::LineItem-innerTable-rowsel0']"}
RESULT: {"using":"css selector","value":"div[id='rfm.loancontractui::xRFMxCU_LoanSetObjectPage--fe::table::_Loan::LineItem-innerTable-rowsel0']"}
COMMAND: POST /session/d1978e2d1924ac6e5f6c6b38470efb5a/elements - {"using":"css selector","value":"div[id='rfm.loancontractui::xRFMxCU_LoanSetObjectPage--fe::table::_Loan::LineItem-innerTable-rowsel0']"}
RESULT: {"using":"css selector","value":"div[id='rfm.loancontractui::xRFMxCU_LoanSetObjectPage--fe::table::_Loan::LineItem-innerTable-rowsel0']"}
COMMAND: POST /session/d1978e2d1924ac6e5f6c6b38470efb5a/elements - {"using":"css selector","value":"div[id='rfm.loancontractui::xRFMxCU_LoanSetObjectPage--fe::table::_Loan::LineItem-innerTable-rowsel0']"}
RESULT: {"using":"css selector","value":"div[id='rfm.loancontractui::xRFMxCU_LoanSetObjectPage--fe::table::_Loan::LineItem-innerTable-rowsel0']"}
COMMAND: POST /session/d1978e2d1924ac6e5f6c6b38470efb5a/elements - {"using":"css selector","value":"div[id='rfm.loancontractui::xRFMxCU_LoanSetObjectPage--fe::table::_Loan::LineItem-innerTable-rowsel0']"}
RESULT: {"using":"css selector","value":"div[id='rfm.loancontractui::xRFMxCU_LoanSetObjectPage--fe::table::_Loan::LineItem-innerTable-rowsel0']"}
COMMAND: POST /session/d1978e2d1924ac6e5f6c6b38470efb5a/elements - {"using":"css selector","value":"div[id='rfm.loancontractui::xRFMxCU_LoanSetObjectPage--fe::table::_Loan::LineItem-innerTable-rowsel0']"}
RESULT: {"using":"css selector","value":"div[id='rfm.loancontractui::xRFMxCU_LoanSetObjectPage--fe::table::_Loan::LineItem-innerTable-rowsel0']"}
COMMAND: POST /session/d1978e2d1924ac6e5f6c6b38470efb5a/elements - {"using":"css selector","value":"div[id='rfm.loancontractui::xRFMxCU_LoanSetObjectPage--fe::table::_Loan::LineItem-innerTable-rowsel0']"}
RESULT: {"using":"css selector","value":"div[id='rfm.loancontractui::xRFMxCU_LoanSetObjectPage--fe::table::_Loan::LineItem-innerTable-rowsel0']"}
COMMAND: POST /session/d1978e2d1924ac6e5f6c6b38470efb5a/elements - {"using":"css selector","value":"div[id='rfm.loancontractui::xRFMxCU_LoanSetObjectPage--fe::table::_Loan::LineItem-innerTable-rowsel0']"}
RESULT: {"using":"css selector","value":"div[id='rfm.loancontractui::xRFMxCU_LoanSetObjectPage--fe::table::_Loan::LineItem-innerTable-rowsel0']"}
COMMAND: POST /session/d1978e2d1924ac6e5f6c6b38470efb5a/elements - {"using":"css selector","value":"div[id='rfm.loancontractui::xRFMxCU_LoanSetObjectPage--fe::table::_Loan::LineItem-innerTable-rowsel0']"}
RESULT: {"using":"css selector","value":"div[id='rfm.loancontractui::xRFMxCU_LoanSetObjectPage--fe::table::_Loan::LineItem-innerTable-rowsel0']"}
COMMAND: POST /session/d1978e2d1924ac6e5f6c6b38470efb5a/elements - {"using":"css selector","value":"div[id='rfm.loancontractui::xRFMxCU_LoanSetObjectPage--fe::table::_Loan::LineItem-innerTable-rowsel0']"}
RESULT: {"using":"css selector","value":"div[id='rfm.loancontractui::xRFMxCU_LoanSetObjectPage--fe::table::_Loan::LineItem-innerTable-rowsel0']"}
COMMAND: POST /session/d1978e2d1924ac6e5f6c6b38470efb5a/elements - {"using":"css selector","value":"div[id='rfm.loancontractui::xRFMxCU_LoanSetObjectPage--fe::table::_Loan::LineItem-innerTable-rowsel0']"}
RESULT: {"using":"css selector","value":"div[id='rfm.loancontractui::xRFMxCU_LoanSetObjectPage--fe::table::_Loan::LineItem-innerTable-rowsel0']"}
COMMAND: POST /session/d1978e2d1924ac6e5f6c6b38470efb5a/elements - {"using":"css selector","value":"div[id='rfm.loancontractui::xRFMxCU_LoanSetObjectPage--fe::table::_Loan::LineItem-innerTable-rowsel0']"}
RESULT: {"using":"css selector","value":"div[id='rfm.loancontractui::xRFMxCU_LoanSetObjectPage--fe::table::_Loan::LineItem-innerTable-rowsel0']"}
COMMAND: POST /session/d1978e2d1924ac6e5f6c6b38470efb5a/elements - {"using":"css selector","value":"div[id='rfm.loancontractui::xRFMxCU_LoanSetObjectPage--fe::table::_Loan::LineItem-innerTable-rowsel0']"}
RESULT: {"using":"css selector","value":"div[id='rfm.loancontractui::xRFMxCU_LoanSetObjectPage--fe::table::_Loan::LineItem-innerTable-rowsel0']"}
COMMAND: POST /session/d1978e2d1924ac6e5f6c6b38470efb5a/elements - {"using":"css selector","value":"div[id='rfm.loancontractui::xRFMxCU_LoanSetObjectPage--fe::table::_Loan::LineItem-innerTable-rowsel0']"}
RESULT: {"using":"css selector","value":"div[id='rfm.loancontractui::xRFMxCU_LoanSetObjectPage--fe::table::_Loan::LineItem-innerTable-rowsel0']"}
COMMAND: POST /session/d1978e2d1924ac6e5f6c6b38470efb5a/elements - {"using":"css selector","value":"div[id='rfm.loancontractui::xRFMxCU_LoanSetObjectPage--fe::table::_Loan::LineItem-innerTable-rowsel0']"}
RESULT: {"using":"css selector","value":"div[id='rfm.loancontractui::xRFMxCU_LoanSetObjectPage--fe::table::_Loan::LineItem-innerTable-rowsel0']"}
COMMAND: POST /session/d1978e2d1924ac6e5f6c6b38470efb5a/elements - {"using":"css selector","value":"div[id='rfm.loancontractui::xRFMxCU_LoanSetObjectPage--fe::table::_Loan::LineItem-innerTable-rowsel0']"}
RESULT: {"using":"css selector","value":"div[id='rfm.loancontractui::xRFMxCU_LoanSetObjectPage--fe::table::_Loan::LineItem-innerTable-rowsel0']"}
COMMAND: POST /session/d1978e2d1924ac6e5f6c6b38470efb5a/elements - {"using":"css selector","value":"div[id='rfm.loancontractui::xRFMxCU_LoanSetObjectPage--fe::table::_Loan::LineItem-innerTable-rowsel0']"}
RESULT: {"using":"css selector","value":"div[id='rfm.loancontractui::xRFMxCU_LoanSetObjectPage--fe::table::_Loan::LineItem-innerTable-rowsel0']"}
COMMAND: POST /session/d1978e2d1924ac6e5f6c6b38470efb5a/elements - {"using":"css selector","value":"div[id='rfm.loancontractui::xRFMxCU_LoanSetObjectPage--fe::table::_Loan::LineItem-innerTable-rowsel0']"}
RESULT: {"using":"css selector","value":"div[id='rfm.loancontractui::xRFMxCU_LoanSetObjectPage--fe::table::_Loan::LineItem-innerTable-rowsel0']"}
COMMAND: POST /session/d1978e2d1924ac6e5f6c6b38470efb5a/elements - {"using":"css selector","value":"div[id='rfm.loancontractui::xRFMxCU_LoanSetObjectPage--fe::table::_Loan::LineItem-innerTable-rowsel0']"}
RESULT: {"using":"css selector","value":"div[id='rfm.loancontractui::xRFMxCU_LoanSetObjectPage--fe::table::_Loan::LineItem-innerTable-rowsel0']"}
COMMAND: POST /session/d1978e2d1924ac6e5f6c6b38470efb5a/elements - {"using":"css selector","value":"div[id='rfm.loancontractui::xRFMxCU_LoanSetObjectPage--fe::table::_Loan::LineItem-innerTable-rowsel0']"}
RESULT: {"using":"css selector","value":"div[id='rfm.loancontractui::xRFMxCU_LoanSetObjectPage--fe::table::_Loan::LineItem-innerTable-rowsel0']"}
COMMAND: POST /session/d1978e2d1924ac6e5f6c6b38470efb5a/elements - {"using":"css selector","value":"div[id='rfm.loancontractui::xRFMxCU_LoanSetObjectPage--fe::table::_Loan::LineItem-innerTable-rowsel0']"}
RESULT: {"using":"css selector","value":"div[id='rfm.loancontractui::xRFMxCU_LoanSetObjectPage--fe::table::_Loan::LineItem-innerTable-rowsel0']"}
COMMAND: POST /session/d1978e2d1924ac6e5f6c6b38470efb5a/elements - {"using":"css selector","value":"div[id='rfm.loancontractui::xRFMxCU_LoanSetObjectPage--fe::table::_Loan::LineItem-innerTable-rowsel0']"}
RESULT: {"using":"css selector","value":"div[id='rfm.loancontractui::xRFMxCU_LoanSetObjectPage--fe::table::_Loan::LineItem-innerTable-rowsel0']"}
COMMAND: POST /session/d1978e2d1924ac6e5f6c6b38470efb5a/elements - {"using":"css selector","value":"div[id='rfm.loancontractui::xRFMxCU_LoanSetObjectPage--fe::table::_Loan::LineItem-innerTable-rowsel0']"}
RESULT: {"using":"css selector","value":"div[id='rfm.loancontractui::xRFMxCU_LoanSetObjectPage--fe::table::_Loan::LineItem-innerTable-rowsel0']"}
COMMAND: POST /session/d1978e2d1924ac6e5f6c6b38470efb5a/elements - {"using":"css selector","value":"div[id='rfm.loancontractui::xRFMxCU_LoanSetObjectPage--fe::table::_Loan::LineItem-innerTable-rowsel0']"}
RESULT: {"using":"css selector","value":"div[id='rfm.loancontractui::xRFMxCU_LoanSetObjectPage--fe::table::_Loan::LineItem-innerTable-rowsel0']"}
COMMAND: POST /session/d1978e2d1924ac6e5f6c6b38470efb5a/elements - {"using":"css selector","value":"div[id='rfm.loancontractui::xRFMxCU_LoanSetObjectPage--fe::table::_Loan::LineItem-innerTable-rowsel0']"}
RESULT: {"using":"css selector","value":"div[id='rfm.loancontractui::xRFMxCU_LoanSetObjectPage--fe::table::_Loan::LineItem-innerTable-rowsel0']"}
COMMAND: POST /session/d1978e2d1924ac6e5f6c6b38470efb5a/elements - {"using":"css selector","value":"div[id='rfm.loancontractui::xRFMxCU_LoanSetObjectPage--fe::table::_Loan::LineItem-innerTable-rowsel0']"}
RESULT: {"using":"css selector","value":"div[id='rfm.loancontractui::xRFMxCU_LoanSetObjectPage--fe::table::_Loan::LineItem-innerTable-rowsel0']"}
COMMAND: POST /session/d1978e2d1924ac6e5f6c6b38470efb5a/elements - {"using":"css selector","value":"div[id='rfm.loancontractui::xRFMxCU_LoanSetObjectPage--fe::table::_Loan::LineItem-innerTable-rowsel0']"}
RESULT: {"using":"css selector","value":"div[id='rfm.loancontractui::xRFMxCU_LoanSetObjectPage--fe::table::_Loan::LineItem-innerTable-rowsel0']"}
COMMAND: POST /session/d1978e2d1924ac6e5f6c6b38470efb5a/elements - {"using":"css selector","value":"div[id='rfm.loancontractui::xRFMxCU_LoanSetObjectPage--fe::table::_Loan::LineItem-innerTable-rowsel0']"}
RESULT: {"using":"css selector","value":"div[id='rfm.loancontractui::xRFMxCU_LoanSetObjectPage--fe::table::_Loan::LineItem-innerTable-rowsel0']"}
COMMAND: POST /session/d1978e2d1924ac6e5f6c6b38470efb5a/elements - {"using":"css selector","value":"div[id='rfm.loancontractui::xRFMxCU_LoanSetObjectPage--fe::table::_Loan::LineItem-innerTable-rowsel0']"}
RESULT: {"using":"css selector","value":"div[id='rfm.loancontractui::xRFMxCU_LoanSetObjectPage--fe::table::_Loan::LineItem-innerTable-rowsel0']"}
COMMAND: POST /session/d1978e2d1924ac6e5f6c6b38470efb5a/elements - {"using":"css selector","value":"div[id='rfm.loancontractui::xRFMxCU_LoanSetObjectPage--fe::table::_Loan::LineItem-innerTable-rowsel0']"}
RESULT: {"using":"css selector","value":"div[id='rfm.loancontractui::xRFMxCU_LoanSetObjectPage--fe::table::_Loan::LineItem-innerTable-rowsel0']"}
COMMAND: POST /session/d1978e2d1924ac6e5f6c6b38470efb5a/elements - {"using":"css selector","value":"div[id='rfm.loancontractui::xRFMxCU_LoanSetObjectPage--fe::table::_Loan::LineItem-innerTable-rowsel0']"}
RESULT: {"using":"css selector","value":"div[id='rfm.loancontractui::xRFMxCU_LoanSetObjectPage--fe::table::_Loan::LineItem-innerTable-rowsel0']"}
COMMAND: POST /session/d1978e2d1924ac6e5f6c6b38470efb5a/elements - {"using":"css selector","value":"div[id='rfm.loancontractui::xRFMxCU_LoanSetObjectPage--fe::table::_Loan::LineItem-innerTable-rowsel0']"}
RESULT: {"using":"css selector","value":"div[id='rfm.loancontractui::xRFMxCU_LoanSetObjectPage--fe::table::_Loan::LineItem-innerTable-rowsel0']"}
COMMAND: POST /session/d1978e2d1924ac6e5f6c6b38470efb5a/elements - {"using":"css selector","value":"div[id='rfm.loancontractui::xRFMxCU_LoanSetObjectPage--fe::table::_Loan::LineItem-innerTable-rowsel0']"}
RESULT: {"using":"css selector","value":"div[id='rfm.loancontractui::xRFMxCU_LoanSetObjectPage--fe::table::_Loan::LineItem-innerTable-rowsel0']"}
COMMAND: POST /session/d1978e2d1924ac6e5f6c6b38470efb5a/elements - {"using":"css selector","value":"div[id='rfm.loancontractui::xRFMxCU_LoanSetObjectPage--fe::table::_Loan::LineItem-innerTable-rowsel0']"}
RESULT: {"using":"css selector","value":"div[id='rfm.loancontractui::xRFMxCU_LoanSetObjectPage--fe::table::_Loan::LineItem-innerTable-rowsel0']"}
COMMAND: POST /session/d1978e2d1924ac6e5f6c6b38470efb5a/elements - {"using":"css selector","value":"div[id='rfm.loancontractui::xRFMxCU_LoanSetObjectPage--fe::table::_Loan::LineItem-innerTable-rowsel0']"}
RESULT: {"using":"css selector","value":"div[id='rfm.loancontractui::xRFMxCU_LoanSetObjectPage--fe::table::_Loan::LineItem-innerTable-rowsel0']"}
COMMAND: POST /session/d1978e2d1924ac6e5f6c6b38470efb5a/elements - {"using":"css selector","value":"div[id='rfm.loancontractui::xRFMxCU_LoanSetObjectPage--fe::table::_Loan::LineItem-innerTable-rowsel0']"}
RESULT: {"using":"css selector","value":"div[id='rfm.loancontractui::xRFMxCU_LoanSetObjectPage--fe::table::_Loan::LineItem-innerTable-rowsel0']"}
COMMAND: POST /session/d1978e2d1924ac6e5f6c6b38470efb5a/elements - {"using":"css selector","value":"div[id='rfm.loancontractui::xRFMxCU_LoanSetObjectPage--fe::table::_Loan::LineItem-innerTable-rowsel0']"}
RESULT: {"using":"css selector","value":"div[id='rfm.loancontractui::xRFMxCU_LoanSetObjectPage--fe::table::_Loan::LineItem-innerTable-rowsel0']"}
COMMAND: POST /session/d1978e2d1924ac6e5f6c6b38470efb5a/elements - {"using":"css selector","value":"div[id='rfm.loancontractui::xRFMxCU_LoanSetObjectPage--fe::table::_Loan::LineItem-innerTable-rowsel0']"}
RESULT: {"using":"css selector","value":"div[id='rfm.loancontractui::xRFMxCU_LoanSetObjectPage--fe::table::_Loan::LineItem-innerTable-rowsel0']"}
COMMAND: POST /session/d1978e2d1924ac6e5f6c6b38470efb5a/elements - {"using":"css selector","value":"div[id='rfm.loancontractui::xRFMxCU_LoanSetObjectPage--fe::table::_Loan::LineItem-innerTable-rowsel0']"}
RESULT: {"using":"css selector","value":"div[id='rfm.loancontractui::xRFMxCU_LoanSetObjectPage--fe::table::_Loan::LineItem-innerTable-rowsel0']"}
COMMAND: POST /session/d1978e2d1924ac6e5f6c6b38470efb5a/elements - {"using":"css selector","value":"div[id='rfm.loancontractui::xRFMxCU_LoanSetObjectPage--fe::table::_Loan::LineItem-innerTable-rowsel0']"}
RESULT: {"using":"css selector","value":"div[id='rfm.loancontractui::xRFMxCU_LoanSetObjectPage--fe::table::_Loan::LineItem-innerTable-rowsel0']"}
COMMAND: POST /session/d1978e2d1924ac6e5f6c6b38470efb5a/elements - {"using":"css selector","value":"div[id='rfm.loancontractui::xRFMxCU_LoanSetObjectPage--fe::table::_Loan::LineItem-innerTable-rowsel0']"}
RESULT: {"using":"css selector","value":"div[id='rfm.loancontractui::xRFMxCU_LoanSetObjectPage--fe::table::_Loan::LineItem-innerTable-rowsel0']"}
COMMAND: POST /session/d1978e2d1924ac6e5f6c6b38470efb5a/elements - {"using":"css selector","value":"div[id='rfm.loancontractui::xRFMxCU_LoanSetObjectPage--fe::table::_Loan::LineItem-innerTable-rowsel0']"}
RESULT: {"using":"css selector","value":"div[id='rfm.loancontractui::xRFMxCU_LoanSetObjectPage--fe::table::_Loan::LineItem-innerTable-rowsel0']"}
COMMAND: POST /session/d1978e2d1924ac6e5f6c6b38470efb5a/elements - {"using":"css selector","value":"div[id='rfm.loancontractui::xRFMxCU_LoanSetObjectPage--fe::table::_Loan::LineItem-innerTable-rowsel0']"}
RESULT: {"using":"css selector","value":"div[id='rfm.loancontractui::xRFMxCU_LoanSetObjectPage--fe::table::_Loan::LineItem-innerTable-rowsel0']"}
COMMAND: POST /session/d1978e2d1924ac6e5f6c6b38470efb5a/elements - {"using":"css selector","value":"div[id='rfm.loancontractui::xRFMxCU_LoanSetObjectPage--fe::table::_Loan::LineItem-innerTable-rowsel0']"}
RESULT: {"using":"css selector","value":"div[id='rfm.loancontractui::xRFMxCU_LoanSetObjectPage--fe::table::_Loan::LineItem-innerTable-rowsel0']"}
COMMAND: POST /session/d1978e2d1924ac6e5f6c6b38470efb5a/elements - {"using":"css selector","value":"div[id='rfm.loancontractui::xRFMxCU_LoanSetObjectPage--fe::table::_Loan::LineItem-innerTable-rowsel0']"}
RESULT: {"using":"css selector","value":"div[id='rfm.loancontractui::xRFMxCU_LoanSetObjectPage--fe::table::_Loan::LineItem-innerTable-rowsel0']"}
COMMAND: GET /session/d1978e2d1924ac6e5f6c6b38470efb5a/screenshot - {}
COMMAND: GET /session/d1978e2d1924ac6e5f6c6b38470efb5a/screenshot - {}
RESULT: {}
RESULT: {}
COMMAND: DELETE /session/d1978e2d1924ac6e5f6c6b38470efb5a - {}
COMMAND: GET /session/d1978e2d1924ac6e5f6c6b38470efb5a/screenshot - {}
COMMAND: GET /session/d1978e2d1924ac6e5f6c6b38470efb5a/screenshot - {}
RESULT: {}
]]></system-out>
      <system-err><![CDATA[
Error: Can't call click on element with selector "div[id='rfm.loancontractui::xRFMxCU_LoanSetObjectPage--fe::table::_Loan::LineItem-innerTable-rowsel0']" because element wasn't found
    at async Context.<anonymous> (D:\a\1\s\test\specs\BusinessObjects\LoanContract.spec.js:1049:9)
]]></system-err>
    </testcase>
  </testsuite>
</testsuites>