<?xml version="1.0" encoding="UTF-8"?>
<testsuites tests="15" failures="7" errors="7" skipped="7">
  <testsuite timestamp="2025-10-08T01:18:35" time="298.662" tests="15" failures="7" errors="7" skipped="7">
    <properties>
      <property name="specId" value="0"/>
      <property name="suiteName" value="Limiting"/>
      <property name="capabilities" value="chrome.140_0_7339_208.windows"/>
      <property name="file" value="file:///D:/a/1/s/test/specs/BusinessObjects/Limiting.spec.js"/>
    </properties>
    <testcase classname="chrome.140_0_7339_208.windows.Limiting" name="Should create Program" time="53.213">
      <system-out><![CDATA[
COMMAND: POST /session/d46e1820c6acec5699516d40b212ec2a/execute/async - {"script":"<script> [21 bytes]","args":[{"selector":{"controlType":"sap.m.GenericTile","properties":{"header":"Funding Program"}},"wdio_ui5_key":"sapm.GenericTile{\"header\":\"Funding Program\"}"}]}
RESULT: {"script":"<script> [21 bytes]","args":[{"selector":{"controlType":"sap.m.GenericTile","properties":{"header":"Funding Program"}},"wdio_ui5_key":"sapm.GenericTile{\"header\":\"Funding Program\"}"}]}
RESULT: undefined
COMMAND: POST /session/d46e1820c6acec5699516d40b212ec2a/element - {"using":"xpath","value":"//*[@id=\"__tile29\"]"}
RESULT: {"using":"xpath","value":"//*[@id=\"__tile29\"]"}
COMMAND: POST /session/d46e1820c6acec5699516d40b212ec2a/element/f.79F15804A418F550E01A58A1EE3E8ECF.d.5EC85F539B44E50EE6AB224DF62EC503.e.71/click - {}
RESULT: {}
COMMAND: POST /session/d46e1820c6acec5699516d40b212ec2a/execute/async - {"script":"<script> [21 bytes]","args":[{"selector":{"id":"rfm.programui::xRFMxCU_ProgramList--fe::table::allTab::LineItem::StandardAction::Create","controlType":"sap.m.Button"},"wdio_ui5_key":"rfmprogramui::xRFMxCU_ProgramList--fe::table::allTab::LineItem::StandardAction::Createsap.m.Button"}]}
COMMAND: GET /session/d46e1820c6acec5699516d40b212ec2a/screenshot - {}
RESULT: {"script":"<script> [21 bytes]","args":[{"selector":{"id":"rfm.programui::xRFMxCU_ProgramList--fe::table::allTab::LineItem::StandardAction::Create","controlType":"sap.m.Button"},"wdio_ui5_key":"rfmprogramui::xRFMxCU_ProgramList--fe::table::allTab::LineItem::StandardAction::Createsap.m.Button"}]}
RESULT: undefined
COMMAND: POST /session/d46e1820c6acec5699516d40b212ec2a/element - {"using":"xpath","value":"//*[@id=\"rfm.programui::xRFMxCU_ProgramList--fe::table::allTab::LineItem::StandardAction::Create\"]"}
RESULT: {}
RESULT: {"using":"xpath","value":"//*[@id=\"rfm.programui::xRFMxCU_ProgramList--fe::table::allTab::LineItem::StandardAction::Create\"]"}
COMMAND: POST /session/d46e1820c6acec5699516d40b212ec2a/element/f.79F15804A418F550E01A58A1EE3E8ECF.d.5EC85F539B44E50EE6AB224DF62EC503.e.196/click - {}
RESULT: {}
COMMAND: POST /session/d46e1820c6acec5699516d40b212ec2a/execute/async - {"script":"<script> [21 bytes]","args":[{"selector":{"id":"CreateDialog::xRFMxCU_ProgramType::FundingScope-inner","searchOpenDialogs":true,"interaction":{"idSuffix":"inner"}},"wdio_ui5_key":"CreateDialogxRFMxCU_ProgramType::FundingScope-inner"}]}
COMMAND: GET /session/d46e1820c6acec5699516d40b212ec2a/screenshot - {}
RESULT: {"script":"<script> [21 bytes]","args":[{"selector":{"id":"CreateDialog::xRFMxCU_ProgramType::FundingScope-inner","searchOpenDialogs":true,"interaction":{"idSuffix":"inner"}},"wdio_ui5_key":"CreateDialogxRFMxCU_ProgramType::FundingScope-inner"}]}
RESULT: undefined
COMMAND: POST /session/d46e1820c6acec5699516d40b212ec2a/execute/async - {"script":"<script> [20 bytes]","args":[{"enterText":"Installment","selector":{"id":"CreateDialog::xRFMxCU_ProgramType::FundingScope-inner","searchOpenDialogs":true,"interaction":{"idSuffix":"inner"}},"clearTextFirst":true,"interactionType":"ENTER_TEXT"}]}
RESULT: {}
RESULT: {"script":"<script> [20 bytes]","args":[{"enterText":"Installment","selector":{"id":"CreateDialog::xRFMxCU_ProgramType::FundingScope-inner","searchOpenDialogs":true,"interaction":{"idSuffix":"inner"}},"clearTextFirst":true,"interactionType":"ENTER_TEXT"}]}
COMMAND: POST /session/d46e1820c6acec5699516d40b212ec2a/execute/async - {"script":"<script> [21 bytes]","args":[{"selector":{"id":"CreateDialog::xRFMxCU_ProgramType::ValidFrom-inner","searchOpenDialogs":true,"interaction":{"idSuffix":"inner"}},"wdio_ui5_key":"CreateDialogxRFMxCU_ProgramType::ValidFrom-inner"}]}
RESULT: {"script":"<script> [21 bytes]","args":[{"selector":{"id":"CreateDialog::xRFMxCU_ProgramType::ValidFrom-inner","searchOpenDialogs":true,"interaction":{"idSuffix":"inner"}},"wdio_ui5_key":"CreateDialogxRFMxCU_ProgramType::ValidFrom-inner"}]}
RESULT: undefined
COMMAND: POST /session/d46e1820c6acec5699516d40b212ec2a/execute/async - {"script":"<script> [21 bytes]","args":[{"element-6066-11e4-a52e-4f735466cecf":"f.79F15804A418F550E01A58A1EE3E8ECF.d.5EC85F539B44E50EE6AB224DF62EC503.e.302"},"setValue",["2025-01-01"]]}
RESULT: {"script":"<script> [21 bytes]","args":[{"element-6066-11e4-a52e-4f735466cecf":"f.79F15804A418F550E01A58A1EE3E8ECF.d.5EC85F539B44E50EE6AB224DF62EC503.e.302"},"setValue",["2025-01-01"]]}
COMMAND: POST /session/d46e1820c6acec5699516d40b212ec2a/execute/async - {"script":"<script> [21 bytes]","args":[{"selector":{"id":"CreateDialog::xRFMxCU_ProgramType::PortfolioId-inner","searchOpenDialogs":true,"interaction":{"idSuffix":"inner"}},"wdio_ui5_key":"CreateDialogxRFMxCU_ProgramType::PortfolioId-inner"}]}
RESULT: {"script":"<script> [21 bytes]","args":[{"selector":{"id":"CreateDialog::xRFMxCU_ProgramType::PortfolioId-inner","searchOpenDialogs":true,"interaction":{"idSuffix":"inner"}},"wdio_ui5_key":"CreateDialogxRFMxCU_ProgramType::PortfolioId-inner"}]}
RESULT: undefined
COMMAND: POST /session/d46e1820c6acec5699516d40b212ec2a/execute/async - {"script":"<script> [20 bytes]","args":[{"enterText":"1","selector":{"id":"CreateDialog::xRFMxCU_ProgramType::PortfolioId-inner","searchOpenDialogs":true,"interaction":{"idSuffix":"inner"}},"clearTextFirst":true,"interactionType":"ENTER_TEXT"}]}
RESULT: {"script":"<script> [20 bytes]","args":[{"enterText":"1","selector":{"id":"CreateDialog::xRFMxCU_ProgramType::PortfolioId-inner","searchOpenDialogs":true,"interaction":{"idSuffix":"inner"}},"clearTextFirst":true,"interactionType":"ENTER_TEXT"}]}
COMMAND: POST /session/d46e1820c6acec5699516d40b212ec2a/execute/async - {"script":"<script> [21 bytes]","args":[{"selector":{"controlType":"sap.m.Button","viewName":"sap.fe.templates.ObjectPage.ObjectPage","viewId":"rfm.programui::xRFMxCU_ProgramObjectPage","properties":{"text":"Continue"},"searchOpenDialogs":true,"interaction":{"idSuffix":"BDI-content"}},"wdio_ui5_key":"sapfe.templates.ObjectPage.ObjectPagesap.m.Button{\"text\":\"Continue\"}"}]}
RESULT: {"script":"<script> [21 bytes]","args":[{"selector":{"controlType":"sap.m.Button","viewName":"sap.fe.templates.ObjectPage.ObjectPage","viewId":"rfm.programui::xRFMxCU_ProgramObjectPage","properties":{"text":"Continue"},"searchOpenDialogs":true,"interaction":{"idSuffix":"BDI-content"}},"wdio_ui5_key":"sapfe.templates.ObjectPage.ObjectPagesap.m.Button{\"text\":\"Continue\"}"}]}
RESULT: undefined
COMMAND: POST /session/d46e1820c6acec5699516d40b212ec2a/element - {"using":"xpath","value":"//*[@id=\"__button194\"]"}
RESULT: {"using":"xpath","value":"//*[@id=\"__button194\"]"}
COMMAND: POST /session/d46e1820c6acec5699516d40b212ec2a/element/f.79F15804A418F550E01A58A1EE3E8ECF.d.5EC85F539B44E50EE6AB224DF62EC503.e.318/click - {}
RESULT: {}
COMMAND: POST /session/d46e1820c6acec5699516d40b212ec2a/execute/async - {"script":"<script> [21 bytes]","args":[{"selector":{"id":"rfm.programui::xRFMxCU_ProgramObjectPage--fe::CustomSubSection::CustomDetailsSection--fe::FormContainer::FieldGroup::basicData1::FormElement::DataField::Currency::Field-edit-inner","interaction":{"idSuffix":"inner"}},"wdio_ui5_key":"rfmprogramui::xRFMxCU_ProgramObjectPage--fe::CustomSubSection::CustomDetailsSection--fe::FormContainer::FieldGroup::basicData1::FormElement::DataField::Currency::Field-edit-inner"}]}
COMMAND: GET /session/d46e1820c6acec5699516d40b212ec2a/screenshot - {}
RESULT: {"script":"<script> [21 bytes]","args":[{"selector":{"id":"rfm.programui::xRFMxCU_ProgramObjectPage--fe::CustomSubSection::CustomDetailsSection--fe::FormContainer::FieldGroup::basicData1::FormElement::DataField::Currency::Field-edit-inner","interaction":{"idSuffix":"inner"}},"wdio_ui5_key":"rfmprogramui::xRFMxCU_ProgramObjectPage--fe::CustomSubSection::CustomDetailsSection--fe::FormContainer::FieldGroup::basicData1::FormElement::DataField::Currency::Field-edit-inner"}]}
RESULT: undefined
COMMAND: POST /session/d46e1820c6acec5699516d40b212ec2a/execute/async - {"script":"<script> [21 bytes]","args":[{"selector":{"id":"rfm.programui::xRFMxCU_ProgramObjectPage--fe::CustomSubSection::CustomDetailsSection--fe::FormContainer::FieldGroup::basicData1::FormElement::DataField::Volume::Field-edit-inner","interaction":{"idSuffix":"inner"}},"wdio_ui5_key":"rfmprogramui::xRFMxCU_ProgramObjectPage--fe::CustomSubSection::CustomDetailsSection--fe::FormContainer::FieldGroup::basicData1::FormElement::DataField::Volume::Field-edit-inner"}]}
RESULT: {}
RESULT: {"script":"<script> [21 bytes]","args":[{"selector":{"id":"rfm.programui::xRFMxCU_ProgramObjectPage--fe::CustomSubSection::CustomDetailsSection--fe::FormContainer::FieldGroup::basicData1::FormElement::DataField::Volume::Field-edit-inner","interaction":{"idSuffix":"inner"}},"wdio_ui5_key":"rfmprogramui::xRFMxCU_ProgramObjectPage--fe::CustomSubSection::CustomDetailsSection--fe::FormContainer::FieldGroup::basicData1::FormElement::DataField::Volume::Field-edit-inner"}]}
RESULT: undefined
COMMAND: POST /session/d46e1820c6acec5699516d40b212ec2a/execute/async - {"script":"<script> [21 bytes]","args":[{"selector":{"id":"rfm.programui::xRFMxCU_ProgramObjectPage--fe::CustomSubSection::CustomDetailsSection--fe::FormContainer::FieldGroup::basicData1::FormElement::DataField::ValidTo::Field-edit","interaction":{"idSuffix":"inner"}},"wdio_ui5_key":"rfmprogramui::xRFMxCU_ProgramObjectPage--fe::CustomSubSection::CustomDetailsSection--fe::FormContainer::FieldGroup::basicData1::FormElement::DataField::ValidTo::Field-edit"}]}
RESULT: {"script":"<script> [21 bytes]","args":[{"selector":{"id":"rfm.programui::xRFMxCU_ProgramObjectPage--fe::CustomSubSection::CustomDetailsSection--fe::FormContainer::FieldGroup::basicData1::FormElement::DataField::ValidTo::Field-edit","interaction":{"idSuffix":"inner"}},"wdio_ui5_key":"rfmprogramui::xRFMxCU_ProgramObjectPage--fe::CustomSubSection::CustomDetailsSection--fe::FormContainer::FieldGroup::basicData1::FormElement::DataField::ValidTo::Field-edit"}]}
RESULT: undefined
COMMAND: POST /session/d46e1820c6acec5699516d40b212ec2a/execute/async - {"script":"<script> [21 bytes]","args":[{"element-6066-11e4-a52e-4f735466cecf":"f.79F15804A418F550E01A58A1EE3E8ECF.d.5EC85F539B44E50EE6AB224DF62EC503.e.338"},"setValue",["2027-12-31"]]}
RESULT: {"script":"<script> [21 bytes]","args":[{"element-6066-11e4-a52e-4f735466cecf":"f.79F15804A418F550E01A58A1EE3E8ECF.d.5EC85F539B44E50EE6AB224DF62EC503.e.338"},"setValue",["2027-12-31"]]}
COMMAND: POST /session/d46e1820c6acec5699516d40b212ec2a/execute/async - {"script":"<script> [21 bytes]","args":[{"selector":{"id":"rfm.programui::xRFMxCU_ProgramObjectPage--fe::CustomSubSection::CustomDetailsSection--fe::FormContainer::FieldGroup::basicData2::FormElement::DataField::CompanyCode::Field-edit-inner","interaction":{"idSuffix":"inner"}},"wdio_ui5_key":"rfmprogramui::xRFMxCU_ProgramObjectPage--fe::CustomSubSection::CustomDetailsSection--fe::FormContainer::FieldGroup::basicData2::FormElement::DataField::CompanyCode::Field-edit-inner"}]}
RESULT: {"script":"<script> [21 bytes]","args":[{"selector":{"id":"rfm.programui::xRFMxCU_ProgramObjectPage--fe::CustomSubSection::CustomDetailsSection--fe::FormContainer::FieldGroup::basicData2::FormElement::DataField::CompanyCode::Field-edit-inner","interaction":{"idSuffix":"inner"}},"wdio_ui5_key":"rfmprogramui::xRFMxCU_ProgramObjectPage--fe::CustomSubSection::CustomDetailsSection--fe::FormContainer::FieldGroup::basicData2::FormElement::DataField::CompanyCode::Field-edit-inner"}]}
RESULT: undefined
COMMAND: POST /session/d46e1820c6acec5699516d40b212ec2a/execute/async - {"script":"<script> [20 bytes]","args":[{"enterText":"BearingPoint (0001)","selector":{"id":"rfm.programui::xRFMxCU_ProgramObjectPage--fe::CustomSubSection::CustomDetailsSection--fe::FormContainer::FieldGroup::basicData2::FormElement::DataField::CompanyCode::Field-edit-inner","interaction":{"idSuffix":"inner"}},"clearTextFirst":true,"interactionType":"ENTER_TEXT"}]}
RESULT: {"script":"<script> [20 bytes]","args":[{"enterText":"BearingPoint (0001)","selector":{"id":"rfm.programui::xRFMxCU_ProgramObjectPage--fe::CustomSubSection::CustomDetailsSection--fe::FormContainer::FieldGroup::basicData2::FormElement::DataField::CompanyCode::Field-edit-inner","interaction":{"idSuffix":"inner"}},"clearTextFirst":true,"interactionType":"ENTER_TEXT"}]}
COMMAND: POST /session/d46e1820c6acec5699516d40b212ec2a/execute/async - {"script":"<script> [21 bytes]","args":[{"selector":{"id":"rfm.programui::xRFMxCU_ProgramObjectPage--fe::CustomSubSection::CustomDetailsSection--DetailsFundingTypesTable-content::StandardAction::Create","interaction":{"idSuffix":"BDI-content"}},"wdio_ui5_key":"rfmprogramui::xRFMxCU_ProgramObjectPage--fe::CustomSubSection::CustomDetailsSection--DetailsFundingTypesTable-content::StandardAction::Create"}]}
RESULT: {"script":"<script> [21 bytes]","args":[{"selector":{"id":"rfm.programui::xRFMxCU_ProgramObjectPage--fe::CustomSubSection::CustomDetailsSection--DetailsFundingTypesTable-content::StandardAction::Create","interaction":{"idSuffix":"BDI-content"}},"wdio_ui5_key":"rfmprogramui::xRFMxCU_ProgramObjectPage--fe::CustomSubSection::CustomDetailsSection--DetailsFundingTypesTable-content::StandardAction::Create"}]}
RESULT: undefined
COMMAND: POST /session/d46e1820c6acec5699516d40b212ec2a/element - {"using":"xpath","value":"//*[@id=\"rfm.programui::xRFMxCU_ProgramObjectPage--fe::CustomSubSection::CustomDetailsSection--DetailsFundingTypesTable-content::StandardAction::Create\"]"}
RESULT: {"using":"xpath","value":"//*[@id=\"rfm.programui::xRFMxCU_ProgramObjectPage--fe::CustomSubSection::CustomDetailsSection--DetailsFundingTypesTable-content::StandardAction::Create\"]"}
COMMAND: POST /session/d46e1820c6acec5699516d40b212ec2a/element/f.79F15804A418F550E01A58A1EE3E8ECF.d.5EC85F539B44E50EE6AB224DF62EC503.e.348/click - {}
RESULT: {}
COMMAND: POST /session/d46e1820c6acec5699516d40b212ec2a/execute/async - {"script":"<script> [21 bytes]","args":[{"selector":{"id":"CreateDialog::xRFMxCU_ProgramFundingTypeType::FundingType-inner","searchOpenDialogs":true,"interaction":{"idSuffix":"inner"}},"wdio_ui5_key":"CreateDialogxRFMxCU_ProgramFundingTypeType::FundingType-inner"}]}
COMMAND: GET /session/d46e1820c6acec5699516d40b212ec2a/screenshot - {}
RESULT: {"script":"<script> [21 bytes]","args":[{"selector":{"id":"CreateDialog::xRFMxCU_ProgramFundingTypeType::FundingType-inner","searchOpenDialogs":true,"interaction":{"idSuffix":"inner"}},"wdio_ui5_key":"CreateDialogxRFMxCU_ProgramFundingTypeType::FundingType-inner"}]}
RESULT: undefined
COMMAND: POST /session/d46e1820c6acec5699516d40b212ec2a/execute/async - {"script":"<script> [20 bytes]","args":[{"enterText":"99","selector":{"id":"CreateDialog::xRFMxCU_ProgramFundingTypeType::FundingType-inner","searchOpenDialogs":true,"interaction":{"idSuffix":"inner"}},"clearTextFirst":true,"interactionType":"ENTER_TEXT"}]}
RESULT: {}
RESULT: {"script":"<script> [20 bytes]","args":[{"enterText":"99","selector":{"id":"CreateDialog::xRFMxCU_ProgramFundingTypeType::FundingType-inner","searchOpenDialogs":true,"interaction":{"idSuffix":"inner"}},"clearTextFirst":true,"interactionType":"ENTER_TEXT"}]}
COMMAND: POST /session/d46e1820c6acec5699516d40b212ec2a/execute/async - {"script":"<script> [21 bytes]","args":[{"selector":{"id":"CreateDialog::xRFMxCU_Program::_AllowedFundingType-footer","searchOpenDialogs":true},"wdio_ui5_key":"CreateDialogxRFMxCU_Program::_AllowedFundingType-footer"}]}
RESULT: {"script":"<script> [21 bytes]","args":[{"selector":{"id":"CreateDialog::xRFMxCU_Program::_AllowedFundingType-footer","searchOpenDialogs":true},"wdio_ui5_key":"CreateDialogxRFMxCU_Program::_AllowedFundingType-footer"}]}
RESULT: undefined
COMMAND: POST /session/d46e1820c6acec5699516d40b212ec2a/element - {"using":"xpath","value":"//*[@id=\"CreateDialog::xRFMxCU_Program::_AllowedFundingType-footer\"]"}
RESULT: {"using":"xpath","value":"//*[@id=\"CreateDialog::xRFMxCU_Program::_AllowedFundingType-footer\"]"}
COMMAND: POST /session/d46e1820c6acec5699516d40b212ec2a/element/f.79F15804A418F550E01A58A1EE3E8ECF.d.5EC85F539B44E50EE6AB224DF62EC503.e.519/click - {}
RESULT: {}
COMMAND: GET /session/d46e1820c6acec5699516d40b212ec2a/screenshot - {}
RESULT: {}
COMMAND: POST /session/d46e1820c6acec5699516d40b212ec2a/execute/async - {"script":"<script> [21 bytes]","args":[{"forceSelect":true,"selector":{"controlType":"sap.m.Button","viewName":"sap.fe.templates.ObjectPage.ObjectPage","viewId":"rfm.programui::xRFMxCU_Program__AllowedFundingTypeObjectPage","properties":{"text":"Continue"},"searchOpenDialogs":true,"interaction":{"idSuffix":"content"}},"wdio_ui5_key":"sapfe.templates.ObjectPage.ObjectPagesap.m.Button{\"text\":\"Continue\"}"}]}
RESULT: {"script":"<script> [21 bytes]","args":[{"forceSelect":true,"selector":{"controlType":"sap.m.Button","viewName":"sap.fe.templates.ObjectPage.ObjectPage","viewId":"rfm.programui::xRFMxCU_Program__AllowedFundingTypeObjectPage","properties":{"text":"Continue"},"searchOpenDialogs":true,"interaction":{"idSuffix":"content"}},"wdio_ui5_key":"sapfe.templates.ObjectPage.ObjectPagesap.m.Button{\"text\":\"Continue\"}"}]}
RESULT: undefined
COMMAND: POST /session/d46e1820c6acec5699516d40b212ec2a/execute/async - {"script":"<script> [21 bytes]","args":[{"selector":{"id":"__button207"}}]}
RESULT: {"script":"<script> [21 bytes]","args":[{"selector":{"id":"__button207"}}]}
COMMAND: POST /session/d46e1820c6acec5699516d40b212ec2a/execute/async - {"script":"<script> [21 bytes]","args":[{"element-6066-11e4-a52e-4f735466cecf":"f.79F15804A418F550E01A58A1EE3E8ECF.d.5EC85F539B44E50EE6AB224DF62EC503.e.520"},"getEnabled",[]]}
RESULT: {"script":"<script> [21 bytes]","args":[{"element-6066-11e4-a52e-4f735466cecf":"f.79F15804A418F550E01A58A1EE3E8ECF.d.5EC85F539B44E50EE6AB224DF62EC503.e.520"},"getEnabled",[]]}
COMMAND: POST /session/d46e1820c6acec5699516d40b212ec2a/element - {"using":"xpath","value":"//*[@id=\"__button207\"]"}
COMMAND: POST /session/d46e1820c6acec5699516d40b212ec2a/execute/async - {"script":"<script> [21 bytes]","args":[{"selector":{"id":"__button207"}}]}
RESULT: {"script":"<script> [21 bytes]","args":[{"selector":{"id":"__button207"}}]}
COMMAND: POST /session/d46e1820c6acec5699516d40b212ec2a/execute/async - {"script":"<script> [21 bytes]","args":[{"element-6066-11e4-a52e-4f735466cecf":"f.79F15804A418F550E01A58A1EE3E8ECF.d.5EC85F539B44E50EE6AB224DF62EC503.e.520"},"getEnabled",[]]}
RESULT: {"using":"xpath","value":"//*[@id=\"__button207\"]"}
COMMAND: POST /session/d46e1820c6acec5699516d40b212ec2a/element/f.79F15804A418F550E01A58A1EE3E8ECF.d.5EC85F539B44E50EE6AB224DF62EC503.e.521/click - {}
RESULT: {"script":"<script> [21 bytes]","args":[{"element-6066-11e4-a52e-4f735466cecf":"f.79F15804A418F550E01A58A1EE3E8ECF.d.5EC85F539B44E50EE6AB224DF62EC503.e.520"},"getEnabled",[]]}
RESULT: {}
COMMAND: POST /session/d46e1820c6acec5699516d40b212ec2a/execute/async - {"script":"<script> [21 bytes]","args":[{"selector":{"id":"rfm.programui::xRFMxCU_Program__AllowedFundingTypeObjectPage--fe::FooterBar::StandardAction::Apply","interaction":{"idSuffix":"BDI-content"}},"wdio_ui5_key":"rfmprogramui::xRFMxCU_Program__AllowedFundingTypeObjectPage--fe::FooterBar::StandardAction::Apply"}]}
COMMAND: GET /session/d46e1820c6acec5699516d40b212ec2a/screenshot - {}
RESULT: {"script":"<script> [21 bytes]","args":[{"selector":{"id":"rfm.programui::xRFMxCU_Program__AllowedFundingTypeObjectPage--fe::FooterBar::StandardAction::Apply","interaction":{"idSuffix":"BDI-content"}},"wdio_ui5_key":"rfmprogramui::xRFMxCU_Program__AllowedFundingTypeObjectPage--fe::FooterBar::StandardAction::Apply"}]}
RESULT: undefined
COMMAND: POST /session/d46e1820c6acec5699516d40b212ec2a/element - {"using":"xpath","value":"//*[@id=\"rfm.programui::xRFMxCU_Program__AllowedFundingTypeObjectPage--fe::FooterBar::StandardAction::Apply\"]"}
RESULT: {}
RESULT: {"using":"xpath","value":"//*[@id=\"rfm.programui::xRFMxCU_Program__AllowedFundingTypeObjectPage--fe::FooterBar::StandardAction::Apply\"]"}
COMMAND: POST /session/d46e1820c6acec5699516d40b212ec2a/element/f.79F15804A418F550E01A58A1EE3E8ECF.d.5EC85F539B44E50EE6AB224DF62EC503.e.509/click - {}
RESULT: {}
COMMAND: POST /session/d46e1820c6acec5699516d40b212ec2a/execute/async - {"script":"<script> [21 bytes]","args":[{"selector":{"id":"rfm.programui::xRFMxCU_ProgramObjectPage--fe::ObjectPage-anchBar-rfm.programui::xRFMxCU_ProgramObjectPage--fe::EditableHeaderSection-anchor","interaction":{"idSuffix":"text"}},"wdio_ui5_key":"rfmprogramui::xRFMxCU_ProgramObjectPage--fe::ObjectPage-anchBar-rfm.programui::xRFMxCU_ProgramObjectPage--fe::EditableHeaderSection-anchor"}]}
COMMAND: GET /session/d46e1820c6acec5699516d40b212ec2a/screenshot - {}
RESULT: {"script":"<script> [21 bytes]","args":[{"selector":{"id":"rfm.programui::xRFMxCU_ProgramObjectPage--fe::ObjectPage-anchBar-rfm.programui::xRFMxCU_ProgramObjectPage--fe::EditableHeaderSection-anchor","interaction":{"idSuffix":"text"}},"wdio_ui5_key":"rfmprogramui::xRFMxCU_ProgramObjectPage--fe::ObjectPage-anchBar-rfm.programui::xRFMxCU_ProgramObjectPage--fe::EditableHeaderSection-anchor"}]}
RESULT: undefined
COMMAND: POST /session/d46e1820c6acec5699516d40b212ec2a/execute/async - {"script":"<script> [21 bytes]","args":[{"selector":{"id":"rfm.programui::xRFMxCU_ProgramObjectPage--fe::HeaderFacet::FormContainer::headerFieldsGP1::FormElement::DataField::Name::Field-edit","interaction":{"idSuffix":"inner"}},"wdio_ui5_key":"rfmprogramui::xRFMxCU_ProgramObjectPage--fe::HeaderFacet::FormContainer::headerFieldsGP1::FormElement::DataField::Name::Field-edit"}]}
RESULT: {}
RESULT: {"script":"<script> [21 bytes]","args":[{"selector":{"id":"rfm.programui::xRFMxCU_ProgramObjectPage--fe::HeaderFacet::FormContainer::headerFieldsGP1::FormElement::DataField::Name::Field-edit","interaction":{"idSuffix":"inner"}},"wdio_ui5_key":"rfmprogramui::xRFMxCU_ProgramObjectPage--fe::HeaderFacet::FormContainer::headerFieldsGP1::FormElement::DataField::Name::Field-edit"}]}
RESULT: undefined
COMMAND: POST /session/d46e1820c6acec5699516d40b212ec2a/execute/async - {"script":"<script> [21 bytes]","args":[{"selector":{"id":"rfm.programui::xRFMxCU_ProgramObjectPage--fe::FooterBar::StandardAction::Save","interaction":{"idSuffix":"BDI-content"}},"wdio_ui5_key":"rfmprogramui::xRFMxCU_ProgramObjectPage--fe::FooterBar::StandardAction::Save"}]}
RESULT: {"script":"<script> [21 bytes]","args":[{"selector":{"id":"rfm.programui::xRFMxCU_ProgramObjectPage--fe::FooterBar::StandardAction::Save","interaction":{"idSuffix":"BDI-content"}},"wdio_ui5_key":"rfmprogramui::xRFMxCU_ProgramObjectPage--fe::FooterBar::StandardAction::Save"}]}
RESULT: undefined
COMMAND: POST /session/d46e1820c6acec5699516d40b212ec2a/element - {"using":"xpath","value":"//*[@id=\"rfm.programui::xRFMxCU_ProgramObjectPage--fe::FooterBar::StandardAction::Save\"]"}
RESULT: {"using":"xpath","value":"//*[@id=\"rfm.programui::xRFMxCU_ProgramObjectPage--fe::FooterBar::StandardAction::Save\"]"}
COMMAND: POST /session/d46e1820c6acec5699516d40b212ec2a/element/f.79F15804A418F550E01A58A1EE3E8ECF.d.5EC85F539B44E50EE6AB224DF62EC503.e.433/click - {}
RESULT: {}
COMMAND: POST /session/d46e1820c6acec5699516d40b212ec2a/execute/async - {"script":"<script> [21 bytes]","args":[{"selector":{"id":"rfm.programui::xRFMxCU_ProgramObjectPage--fe::HeaderFacet::Form::headerFieldsGP1::DataField::ProgramId::Field-content"},"wdio_ui5_key":"rfmprogramui::xRFMxCU_ProgramObjectPage--fe::HeaderFacet::Form::headerFieldsGP1::DataField::ProgramId::Field-content"}]}
COMMAND: GET /session/d46e1820c6acec5699516d40b212ec2a/screenshot - {}
RESULT: {"script":"<script> [21 bytes]","args":[{"selector":{"id":"rfm.programui::xRFMxCU_ProgramObjectPage--fe::HeaderFacet::Form::headerFieldsGP1::DataField::ProgramId::Field-content"},"wdio_ui5_key":"rfmprogramui::xRFMxCU_ProgramObjectPage--fe::HeaderFacet::Form::headerFieldsGP1::DataField::ProgramId::Field-content"}]}
RESULT: undefined
COMMAND: POST /session/d46e1820c6acec5699516d40b212ec2a/execute/async - {"script":"<script> [21 bytes]","args":[{"selector":{"id":"rfm.programui::xRFMxCU_ProgramObjectPage--fe::DataFieldForAction::com.sap.gateway.srvd.rfm.ui_program.v0001.Open::com.sap.gateway.srvd.rfm.ui_program.v0001.xRFMxCU_ProgramType","interaction":{"idSuffix":"BDI-content"}},"wdio_ui5_key":"rfmprogramui::xRFMxCU_ProgramObjectPage--fe::DataFieldForAction::com.sap.gateway.srvd.rfm.ui_program.v0001.Open::com.sap.gateway.srvd.rfm.ui_program.v0001.xRFMxCU_ProgramType"}]}
RESULT: {}
RESULT: {"script":"<script> [21 bytes]","args":[{"selector":{"id":"rfm.programui::xRFMxCU_ProgramObjectPage--fe::DataFieldForAction::com.sap.gateway.srvd.rfm.ui_program.v0001.Open::com.sap.gateway.srvd.rfm.ui_program.v0001.xRFMxCU_ProgramType","interaction":{"idSuffix":"BDI-content"}},"wdio_ui5_key":"rfmprogramui::xRFMxCU_ProgramObjectPage--fe::DataFieldForAction::com.sap.gateway.srvd.rfm.ui_program.v0001.Open::com.sap.gateway.srvd.rfm.ui_program.v0001.xRFMxCU_ProgramType"}]}
RESULT: undefined
COMMAND: POST /session/d46e1820c6acec5699516d40b212ec2a/element - {"using":"xpath","value":"//*[@id=\"rfm.programui::xRFMxCU_ProgramObjectPage--fe::DataFieldForAction::com.sap.gateway.srvd.rfm.ui_program.v0001.Open::com.sap.gateway.srvd.rfm.ui_program.v0001.xRFMxCU_ProgramType\"]"}
RESULT: {"using":"xpath","value":"//*[@id=\"rfm.programui::xRFMxCU_ProgramObjectPage--fe::DataFieldForAction::com.sap.gateway.srvd.rfm.ui_program.v0001.Open::com.sap.gateway.srvd.rfm.ui_program.v0001.xRFMxCU_ProgramType\"]"}
COMMAND: POST /session/d46e1820c6acec5699516d40b212ec2a/element/f.79F15804A418F550E01A58A1EE3E8ECF.d.5EC85F539B44E50EE6AB224DF62EC503.e.361/click - {}
COMMAND: POST /session/d46e1820c6acec5699516d40b212ec2a/execute/async - {"script":"<script> [21 bytes]","args":[{"selector":{"controlType":"sap.m.Button","properties":{"text":"OK"},"searchOpenDialogs":true,"interaction":{"idSuffix":"BDI-content"}},"wdio_ui5_key":"sapm.Button{\"text\":\"OK\"}"}]}
RESULT: {"script":"<script> [21 bytes]","args":[{"selector":{"controlType":"sap.m.Button","properties":{"text":"OK"},"searchOpenDialogs":true,"interaction":{"idSuffix":"BDI-content"}},"wdio_ui5_key":"sapm.Button{\"text\":\"OK\"}"}]}
RESULT: undefined
COMMAND: POST /session/d46e1820c6acec5699516d40b212ec2a/execute/async - {"script":"<script> [21 bytes]","args":[{"selector":{"id":"backBtn"},"wdio_ui5_key":"backBtn"}]}
RESULT: {"script":"<script> [21 bytes]","args":[{"selector":{"id":"backBtn"},"wdio_ui5_key":"backBtn"}]}
RESULT: undefined
COMMAND: POST /session/d46e1820c6acec5699516d40b212ec2a/element - {"using":"xpath","value":"//*[@id=\"backBtn\"]"}
RESULT: {"using":"xpath","value":"//*[@id=\"backBtn\"]"}
COMMAND: POST /session/d46e1820c6acec5699516d40b212ec2a/element/f.79F15804A418F550E01A58A1EE3E8ECF.d.5EC85F539B44E50EE6AB224DF62EC503.e.594/click - {}
COMMAND: POST /session/d46e1820c6acec5699516d40b212ec2a/element/f.79F15804A418F550E01A58A1EE3E8ECF.d.5EC85F539B44E50EE6AB224DF62EC503.e.594/click - {}
COMMAND: GET /session/d46e1820c6acec5699516d40b212ec2a/screenshot - {}
]]></system-out>
    </testcase>
    <testcase classname="chrome.140_0_7339_208.windows.Limiting" name="Should create Transaction" time="26.955">
      <skipped/>
      <system-out><![CDATA[
COMMAND: POST /session/d46e1820c6acec5699516d40b212ec2a/execute/async - {"script":"<script> [21 bytes]","args":[{"selector":{"controlType":"sap.m.GenericTile","properties":{"header":"Funding Transaction"}},"wdio_ui5_key":"sapm.GenericTile{\"header\":\"Funding Transaction\"}"}]}
RESULT: {}
RESULT: {"script":"<script> [21 bytes]","args":[{"selector":{"controlType":"sap.m.GenericTile","properties":{"header":"Funding Transaction"}},"wdio_ui5_key":"sapm.GenericTile{\"header\":\"Funding Transaction\"}"}]}
RESULT: undefined
COMMAND: POST /session/d46e1820c6acec5699516d40b212ec2a/execute/async - {"script":"<script> [21 bytes]","args":[{"selector":{"id":"rfm.transactionui::xRFMxCU_TransactionList--fe::table::allTab::LineItem::StandardAction::Create","controlType":"sap.m.Button"},"wdio_ui5_key":"rfmtransactionui::xRFMxCU_TransactionList--fe::table::allTab::LineItem::StandardAction::Createsap.m.Button"}]}
RESULT: {"script":"<script> [21 bytes]","args":[{"selector":{"id":"rfm.transactionui::xRFMxCU_TransactionList--fe::table::allTab::LineItem::StandardAction::Create","controlType":"sap.m.Button"},"wdio_ui5_key":"rfmtransactionui::xRFMxCU_TransactionList--fe::table::allTab::LineItem::StandardAction::Createsap.m.Button"}]}
RESULT: undefined
COMMAND: POST /session/d46e1820c6acec5699516d40b212ec2a/execute/async - {"script":"<script> [21 bytes]","args":[{"selector":{"id":"CreateDialog::xRFMxCU_TransactionType::ProgramId-inner-vhi","searchOpenDialogs":true},"wdio_ui5_key":"CreateDialogxRFMxCU_TransactionType::ProgramId-inner-vhi"}]}
RESULT: {"script":"<script> [21 bytes]","args":[{"selector":{"id":"CreateDialog::xRFMxCU_TransactionType::ProgramId-inner-vhi","searchOpenDialogs":true},"wdio_ui5_key":"CreateDialogxRFMxCU_TransactionType::ProgramId-inner-vhi"}]}
RESULT: undefined
COMMAND: POST /session/d46e1820c6acec5699516d40b212ec2a/execute/async - {"script":"<script> [21 bytes]","args":[{"selector":{"id":"ProgramId::VH::Dialog::qualifier::-search-inner","searchOpenDialogs":true,"interaction":{"idSuffix":"I"}},"wdio_ui5_key":"ProgramIdVH::Dialog::qualifier::-search-inner"}]}
RESULT: {"script":"<script> [21 bytes]","args":[{"selector":{"id":"ProgramId::VH::Dialog::qualifier::-search-inner","searchOpenDialogs":true,"interaction":{"idSuffix":"I"}},"wdio_ui5_key":"ProgramIdVH::Dialog::qualifier::-search-inner"}]}
RESULT: undefined
COMMAND: POST /session/d46e1820c6acec5699516d40b212ec2a/execute/async - {"script":"<script> [21 bytes]","args":[{"selector":{"id":"ProgramId::VH::Dialog::qualifier::::Table-innerTable-rows-row0","searchOpenDialogs":true},"wdio_ui5_key":"ProgramIdVH::Dialog::qualifier::::Table-innerTable-rows-row0"}]}
RESULT: {"script":"<script> [21 bytes]","args":[{"selector":{"id":"ProgramId::VH::Dialog::qualifier::::Table-innerTable-rows-row0","searchOpenDialogs":true},"wdio_ui5_key":"ProgramIdVH::Dialog::qualifier::::Table-innerTable-rows-row0"}]}
RESULT: undefined
COMMAND: POST /session/d46e1820c6acec5699516d40b212ec2a/execute/async - {"script":"<script> [21 bytes]","args":[{"selector":{"id":"CreateDialog::xRFMxCU_TransactionType::FundingType-inner","searchOpenDialogs":true,"interaction":{"idSuffix":"inner"}},"wdio_ui5_key":"CreateDialogxRFMxCU_TransactionType::FundingType-inner"}]}
RESULT: {"script":"<script> [21 bytes]","args":[{"selector":{"id":"CreateDialog::xRFMxCU_TransactionType::FundingType-inner","searchOpenDialogs":true,"interaction":{"idSuffix":"inner"}},"wdio_ui5_key":"CreateDialogxRFMxCU_TransactionType::FundingType-inner"}]}
RESULT: undefined
COMMAND: POST /session/d46e1820c6acec5699516d40b212ec2a/execute/async - {"script":"<script> [21 bytes]","args":[{"selector":{"id":"CreateDialog::xRFMxCU_Transaction-footer","searchOpenDialogs":true},"wdio_ui5_key":"CreateDialogxRFMxCU_Transaction-footer"}]}
RESULT: {"script":"<script> [21 bytes]","args":[{"selector":{"id":"CreateDialog::xRFMxCU_Transaction-footer","searchOpenDialogs":true},"wdio_ui5_key":"CreateDialogxRFMxCU_Transaction-footer"}]}
RESULT: undefined
COMMAND: POST /session/d46e1820c6acec5699516d40b212ec2a/execute/async - {"script":"<script> [21 bytes]","args":[{"forceSelect":true,"selector":{"controlType":"sap.m.Button","viewName":"sap.fe.templates.ObjectPage.ObjectPage","viewId":"rfm.transactionui::xRFMxCU_TransactionObjectPage","properties":{"text":"Continue"},"searchOpenDialogs":true,"interaction":{"idSuffix":"BDI-content"}},"wdio_ui5_key":"sapfe.templates.ObjectPage.ObjectPagesap.m.Button{\"text\":\"Continue\"}"}]}
RESULT: {"script":"<script> [21 bytes]","args":[{"forceSelect":true,"selector":{"controlType":"sap.m.Button","viewName":"sap.fe.templates.ObjectPage.ObjectPage","viewId":"rfm.transactionui::xRFMxCU_TransactionObjectPage","properties":{"text":"Continue"},"searchOpenDialogs":true,"interaction":{"idSuffix":"BDI-content"}},"wdio_ui5_key":"sapfe.templates.ObjectPage.ObjectPagesap.m.Button{\"text\":\"Continue\"}"}]}
RESULT: undefined
COMMAND: POST /session/d46e1820c6acec5699516d40b212ec2a/execute/async - {"script":"<script> [21 bytes]","args":[{"selector":{"id":"rfm.transactionui::xRFMxCU_TransactionObjectPage--fe::CustomSubSection::CustomDetailsSection--fe::FormContainer::FieldGroup::Term::FormElement::DataField::AssetCashflowDateFrom::Field-edit","interaction":{"idSuffix":"inner"}},"wdio_ui5_key":"rfmtransactionui::xRFMxCU_TransactionObjectPage--fe::CustomSubSection::CustomDetailsSection--fe::FormContainer::FieldGroup::Term::FormElement::DataField::AssetCashflowDateFrom::Field-edit"}]}
RESULT: {"script":"<script> [21 bytes]","args":[{"selector":{"id":"rfm.transactionui::xRFMxCU_TransactionObjectPage--fe::CustomSubSection::CustomDetailsSection--fe::FormContainer::FieldGroup::Term::FormElement::DataField::AssetCashflowDateFrom::Field-edit","interaction":{"idSuffix":"inner"}},"wdio_ui5_key":"rfmtransactionui::xRFMxCU_TransactionObjectPage--fe::CustomSubSection::CustomDetailsSection--fe::FormContainer::FieldGroup::Term::FormElement::DataField::AssetCashflowDateFrom::Field-edit"}]}
RESULT: undefined
COMMAND: POST /session/d46e1820c6acec5699516d40b212ec2a/execute/async - {"script":"<script> [21 bytes]","args":[{"selector":{"id":"rfm.transactionui::xRFMxCU_TransactionObjectPage--fe::CustomSubSection::CustomDetailsSection--fe::FormContainer::FieldGroup::Term::FormElement::DataField::AssetCashflowDateTo::Field-edit","interaction":{"idSuffix":"inner"}},"wdio_ui5_key":"rfmtransactionui::xRFMxCU_TransactionObjectPage--fe::CustomSubSection::CustomDetailsSection--fe::FormContainer::FieldGroup::Term::FormElement::DataField::AssetCashflowDateTo::Field-edit"}]}
RESULT: {"script":"<script> [21 bytes]","args":[{"selector":{"id":"rfm.transactionui::xRFMxCU_TransactionObjectPage--fe::CustomSubSection::CustomDetailsSection--fe::FormContainer::FieldGroup::Term::FormElement::DataField::AssetCashflowDateTo::Field-edit","interaction":{"idSuffix":"inner"}},"wdio_ui5_key":"rfmtransactionui::xRFMxCU_TransactionObjectPage--fe::CustomSubSection::CustomDetailsSection--fe::FormContainer::FieldGroup::Term::FormElement::DataField::AssetCashflowDateTo::Field-edit"}]}
RESULT: undefined
COMMAND: POST /session/d46e1820c6acec5699516d40b212ec2a/execute/async - {"script":"<script> [21 bytes]","args":[{"selector":{"id":"rfm.transactionui::xRFMxCU_TransactionObjectPage--fe::ObjectPage-anchBar-rfm.transactionui::xRFMxCU_TransactionObjectPage--fe::EditableHeaderSection-anchor","interaction":{"idSuffix":"text"}},"wdio_ui5_key":"rfmtransactionui::xRFMxCU_TransactionObjectPage--fe::ObjectPage-anchBar-rfm.transactionui::xRFMxCU_TransactionObjectPage--fe::EditableHeaderSection-anchor"}]}
RESULT: {"script":"<script> [21 bytes]","args":[{"selector":{"id":"rfm.transactionui::xRFMxCU_TransactionObjectPage--fe::ObjectPage-anchBar-rfm.transactionui::xRFMxCU_TransactionObjectPage--fe::EditableHeaderSection-anchor","interaction":{"idSuffix":"text"}},"wdio_ui5_key":"rfmtransactionui::xRFMxCU_TransactionObjectPage--fe::ObjectPage-anchBar-rfm.transactionui::xRFMxCU_TransactionObjectPage--fe::EditableHeaderSection-anchor"}]}
RESULT: undefined
COMMAND: POST /session/d46e1820c6acec5699516d40b212ec2a/execute/async - {"script":"<script> [21 bytes]","args":[{"selector":{"id":"rfm.transactionui::xRFMxCU_TransactionObjectPage--fe::HeaderFacet::FormContainer::headerFieldsGP1::FormElement::DataField::Name::Field-edit","interaction":{"idSuffix":"inner"}},"wdio_ui5_key":"rfmtransactionui::xRFMxCU_TransactionObjectPage--fe::HeaderFacet::FormContainer::headerFieldsGP1::FormElement::DataField::Name::Field-edit"}]}
RESULT: {"script":"<script> [21 bytes]","args":[{"selector":{"id":"rfm.transactionui::xRFMxCU_TransactionObjectPage--fe::HeaderFacet::FormContainer::headerFieldsGP1::FormElement::DataField::Name::Field-edit","interaction":{"idSuffix":"inner"}},"wdio_ui5_key":"rfmtransactionui::xRFMxCU_TransactionObjectPage--fe::HeaderFacet::FormContainer::headerFieldsGP1::FormElement::DataField::Name::Field-edit"}]}
RESULT: undefined
COMMAND: POST /session/d46e1820c6acec5699516d40b212ec2a/execute/async - {"script":"<script> [21 bytes]","args":[{"selector":{"id":"rfm.transactionui::xRFMxCU_TransactionObjectPage--fe::HeaderFacet::FormContainer::headerFieldsGP1::FormElement::DataField::TransactionId::Field-display"},"wdio_ui5_key":"rfmtransactionui::xRFMxCU_TransactionObjectPage--fe::HeaderFacet::FormContainer::headerFieldsGP1::FormElement::DataField::TransactionId::Field-display"}]}
RESULT: {"script":"<script> [21 bytes]","args":[{"selector":{"id":"rfm.transactionui::xRFMxCU_TransactionObjectPage--fe::HeaderFacet::FormContainer::headerFieldsGP1::FormElement::DataField::TransactionId::Field-display"},"wdio_ui5_key":"rfmtransactionui::xRFMxCU_TransactionObjectPage--fe::HeaderFacet::FormContainer::headerFieldsGP1::FormElement::DataField::TransactionId::Field-display"}]}
RESULT: undefined
COMMAND: POST /session/d46e1820c6acec5699516d40b212ec2a/execute/async - {"script":"<script> [21 bytes]","args":[{"selector":{"id":"rfm.transactionui::xRFMxCU_TransactionObjectPage--fe::ObjectPage-anchBar-rfm.transactionui::xRFMxCU_TransactionObjectPage--fe::FacetSection::FundingScopeCollection-anchor"},"wdio_ui5_key":"rfmtransactionui::xRFMxCU_TransactionObjectPage--fe::ObjectPage-anchBar-rfm.transactionui::xRFMxCU_TransactionObjectPage--fe::FacetSection::FundingScopeCollection-anchor"}]}
RESULT: {"script":"<script> [21 bytes]","args":[{"selector":{"id":"rfm.transactionui::xRFMxCU_TransactionObjectPage--fe::ObjectPage-anchBar-rfm.transactionui::xRFMxCU_TransactionObjectPage--fe::FacetSection::FundingScopeCollection-anchor"},"wdio_ui5_key":"rfmtransactionui::xRFMxCU_TransactionObjectPage--fe::ObjectPage-anchBar-rfm.transactionui::xRFMxCU_TransactionObjectPage--fe::FacetSection::FundingScopeCollection-anchor"}]}
RESULT: undefined
COMMAND: POST /session/d46e1820c6acec5699516d40b212ec2a/execute/async - {"script":"<script> [21 bytes]","args":[{"selector":{"controlType":"sap.ui.mdc.field.FieldInput","viewName":"sap.fe.templates.ObjectPage.ObjectPage","viewId":"rfm.transactionui::xRFMxCU_TransactionObjectPage","bindingPath":{"path":"","propertyPath":"/conditions","modelName":"$field"},"ancestor":{"controlType":"sap.ui.mdc.Field","viewName":"sap.fe.templates.ObjectPage.ObjectPage","viewId":"rfm.transactionui::xRFMxCU_TransactionObjectPage","bindingPath":{"path":"/xRFMxCU_Transaction(TransactionId='undefined',IsActiveEntity=false)/_TransactionCFPart(TransactionId='undefined',CashFlowPartType='1',IsActiveEntity=false)","propertyPath":"__EntityControl/Updatable"}},"interaction":{"idSuffix":"inner"}},"wdio_ui5_key":"sapfe.templates.ObjectPage.ObjectPagesap.ui.mdc.field.FieldInput{\"path\":\"\",\"propertyPath\":\"/conditions\",\"modelName\":\"$field\"}{\"controlType\":\"sap.ui.mdc.Field\",\"viewName\":\"sap.fe.templates.ObjectPage.ObjectPage\",\"viewId\":\"rfm.transactionui::xRFMxCU_TransactionObjectPage\",\"bindingPath\":{\"path\":\"/xRFMxCU_Transaction(TransactionId='undefined',IsActiveEntity=false)/_TransactionCFPart(TransactionId='undefined',CashFlowPartType='1',IsActiveEntity=false)\",\"propertyPath\":\"__EntityControl/Updatable\"}}"}]}
RESULT: {"script":"<script> [21 bytes]","args":[{"selector":{"controlType":"sap.ui.mdc.field.FieldInput","viewName":"sap.fe.templates.ObjectPage.ObjectPage","viewId":"rfm.transactionui::xRFMxCU_TransactionObjectPage","bindingPath":{"path":"","propertyPath":"/conditions","modelName":"$field"},"ancestor":{"controlType":"sap.ui.mdc.Field","viewName":"sap.fe.templates.ObjectPage.ObjectPage","viewId":"rfm.transactionui::xRFMxCU_TransactionObjectPage","bindingPath":{"path":"/xRFMxCU_Transaction(TransactionId='undefined',IsActiveEntity=false)/_TransactionCFPart(TransactionId='undefined',CashFlowPartType='1',IsActiveEntity=false)","propertyPath":"__EntityControl/Updatable"}},"interaction":{"idSuffix":"inner"}},"wdio_ui5_key":"sapfe.templates.ObjectPage.ObjectPagesap.ui.mdc.field.FieldInput{\"path\":\"\",\"propertyPath\":\"/conditions\",\"modelName\":\"$field\"}{\"controlType\":\"sap.ui.mdc.Field\",\"viewName\":\"sap.fe.templates.ObjectPage.ObjectPage\",\"viewId\":\"rfm.transactionui::xRFMxCU_TransactionObjectPage\",\"bindingPath\":{\"path\":\"/xRFMxCU_Transaction(TransactionId='undefined',IsActiveEntity=false)/_TransactionCFPart(TransactionId='undefined',CashFlowPartType='1',IsActiveEntity=false)\",\"propertyPath\":\"__EntityControl/Updatable\"}}"}]}
RESULT: undefined
COMMAND: POST /session/d46e1820c6acec5699516d40b212ec2a/execute/async - {"script":"<script> [21 bytes]","args":[{"selector":{"id":"rfm.transactionui::xRFMxCU_TransactionObjectPage--fe::table::_TransactionCFPart::LineItem-innerTable-rows-row1","interaction":{"idSuffix":"col0"}},"wdio_ui5_key":"rfmtransactionui::xRFMxCU_TransactionObjectPage--fe::table::_TransactionCFPart::LineItem-innerTable-rows-row1"}]}
RESULT: {"script":"<script> [21 bytes]","args":[{"selector":{"id":"rfm.transactionui::xRFMxCU_TransactionObjectPage--fe::table::_TransactionCFPart::LineItem-innerTable-rows-row1","interaction":{"idSuffix":"col0"}},"wdio_ui5_key":"rfmtransactionui::xRFMxCU_TransactionObjectPage--fe::table::_TransactionCFPart::LineItem-innerTable-rows-row1"}]}
RESULT: undefined
COMMAND: POST /session/d46e1820c6acec5699516d40b212ec2a/execute/async - {"script":"<script> [21 bytes]","args":[{"forceSelect":true,"selector":{"controlType":"sap.ui.mdc.field.FieldInput","viewName":"sap.fe.templates.ObjectPage.ObjectPage","viewId":"rfm.transactionui::xRFMxCU_TransactionObjectPage","bindingPath":{"path":"","propertyPath":"/conditions","modelName":"$field"},"ancestor":{"controlType":"sap.ui.mdc.Field","viewName":"sap.fe.templates.ObjectPage.ObjectPage","viewId":"rfm.transactionui::xRFMxCU_TransactionObjectPage","bindingPath":{"path":"/xRFMxCU_Transaction(TransactionId='undefined',IsActiveEntity=false)/_TransactionCFPart(TransactionId='undefined',CashFlowPartType='2',IsActiveEntity=false)","propertyPath":"__EntityControl/Updatable"}},"interaction":{"idSuffix":"inner"}},"wdio_ui5_key":"sapfe.templates.ObjectPage.ObjectPagesap.ui.mdc.field.FieldInput{\"path\":\"\",\"propertyPath\":\"/conditions\",\"modelName\":\"$field\"}{\"controlType\":\"sap.ui.mdc.Field\",\"viewName\":\"sap.fe.templates.ObjectPage.ObjectPage\",\"viewId\":\"rfm.transactionui::xRFMxCU_TransactionObjectPage\",\"bindingPath\":{\"path\":\"/xRFMxCU_Transaction(TransactionId='undefined',IsActiveEntity=false)/_TransactionCFPart(TransactionId='undefined',CashFlowPartType='2',IsActiveEntity=false)\",\"propertyPath\":\"__EntityControl/Updatable\"}}"}]}
RESULT: {"script":"<script> [21 bytes]","args":[{"forceSelect":true,"selector":{"controlType":"sap.ui.mdc.field.FieldInput","viewName":"sap.fe.templates.ObjectPage.ObjectPage","viewId":"rfm.transactionui::xRFMxCU_TransactionObjectPage","bindingPath":{"path":"","propertyPath":"/conditions","modelName":"$field"},"ancestor":{"controlType":"sap.ui.mdc.Field","viewName":"sap.fe.templates.ObjectPage.ObjectPage","viewId":"rfm.transactionui::xRFMxCU_TransactionObjectPage","bindingPath":{"path":"/xRFMxCU_Transaction(TransactionId='undefined',IsActiveEntity=false)/_TransactionCFPart(TransactionId='undefined',CashFlowPartType='2',IsActiveEntity=false)","propertyPath":"__EntityControl/Updatable"}},"interaction":{"idSuffix":"inner"}},"wdio_ui5_key":"sapfe.templates.ObjectPage.ObjectPagesap.ui.mdc.field.FieldInput{\"path\":\"\",\"propertyPath\":\"/conditions\",\"modelName\":\"$field\"}{\"controlType\":\"sap.ui.mdc.Field\",\"viewName\":\"sap.fe.templates.ObjectPage.ObjectPage\",\"viewId\":\"rfm.transactionui::xRFMxCU_TransactionObjectPage\",\"bindingPath\":{\"path\":\"/xRFMxCU_Transaction(TransactionId='undefined',IsActiveEntity=false)/_TransactionCFPart(TransactionId='undefined',CashFlowPartType='2',IsActiveEntity=false)\",\"propertyPath\":\"__EntityControl/Updatable\"}}"}]}
RESULT: undefined
COMMAND: GET /session/d46e1820c6acec5699516d40b212ec2a/screenshot - {}
COMMAND: GET /session/d46e1820c6acec5699516d40b212ec2a/screenshot - {}
RESULT: {}
RESULT: {}
]]></system-out>
      <system-err><![CDATA[
Error: waitUntil condition failed with the following reason: fieldInput.getEditable is not a function
    at async Context.<anonymous> (D:\a\1\s\test\specs\BusinessObjects\Limiting.spec.js:474:18)
]]></system-err>
    </testcase>
    <testcase classname="chrome.140_0_7339_208.windows.Limiting" name="Should create Transaction" time="15.399">
      <failure/>
      <error message="waitUntil condition failed with the following reason: fieldInput.getEditable is not a function"/>
      <system-out><![CDATA[
RESULT: undefined
RESULT: undefined
RESULT: undefined
RESULT: undefined
RESULT: undefined
RESULT: undefined
RESULT: undefined
COMMAND: POST /session/d46e1820c6acec5699516d40b212ec2a/execute/async - {"script":"<script> [21 bytes]","args":[{"forceSelect":true,"selector":{"controlType":"sap.m.Button","viewName":"sap.fe.templates.ObjectPage.ObjectPage","viewId":"rfm.transactionui::xRFMxCU_TransactionObjectPage","properties":{"text":"Continue"},"searchOpenDialogs":true,"interaction":{"idSuffix":"BDI-content"}},"wdio_ui5_key":"sapfe.templates.ObjectPage.ObjectPagesap.m.Button{\"text\":\"Continue\"}"}]}
RESULT: {"script":"<script> [21 bytes]","args":[{"forceSelect":true,"selector":{"controlType":"sap.m.Button","viewName":"sap.fe.templates.ObjectPage.ObjectPage","viewId":"rfm.transactionui::xRFMxCU_TransactionObjectPage","properties":{"text":"Continue"},"searchOpenDialogs":true,"interaction":{"idSuffix":"BDI-content"}},"wdio_ui5_key":"sapfe.templates.ObjectPage.ObjectPagesap.m.Button{\"text\":\"Continue\"}"}]}
RESULT: undefined
RESULT: undefined
RESULT: undefined
RESULT: undefined
RESULT: undefined
RESULT: undefined
RESULT: undefined
RESULT: undefined
RESULT: undefined
COMMAND: POST /session/d46e1820c6acec5699516d40b212ec2a/execute/async - {"script":"<script> [21 bytes]","args":[{"forceSelect":true,"selector":{"controlType":"sap.ui.mdc.field.FieldInput","viewName":"sap.fe.templates.ObjectPage.ObjectPage","viewId":"rfm.transactionui::xRFMxCU_TransactionObjectPage","bindingPath":{"path":"","propertyPath":"/conditions","modelName":"$field"},"ancestor":{"controlType":"sap.ui.mdc.Field","viewName":"sap.fe.templates.ObjectPage.ObjectPage","viewId":"rfm.transactionui::xRFMxCU_TransactionObjectPage","bindingPath":{"path":"/xRFMxCU_Transaction(TransactionId='undefined',IsActiveEntity=false)/_TransactionCFPart(TransactionId='undefined',CashFlowPartType='2',IsActiveEntity=false)","propertyPath":"__EntityControl/Updatable"}},"interaction":{"idSuffix":"inner"}},"wdio_ui5_key":"sapfe.templates.ObjectPage.ObjectPagesap.ui.mdc.field.FieldInput{\"path\":\"\",\"propertyPath\":\"/conditions\",\"modelName\":\"$field\"}{\"controlType\":\"sap.ui.mdc.Field\",\"viewName\":\"sap.fe.templates.ObjectPage.ObjectPage\",\"viewId\":\"rfm.transactionui::xRFMxCU_TransactionObjectPage\",\"bindingPath\":{\"path\":\"/xRFMxCU_Transaction(TransactionId='undefined',IsActiveEntity=false)/_TransactionCFPart(TransactionId='undefined',CashFlowPartType='2',IsActiveEntity=false)\",\"propertyPath\":\"__EntityControl/Updatable\"}}"}]}
RESULT: {"script":"<script> [21 bytes]","args":[{"forceSelect":true,"selector":{"controlType":"sap.ui.mdc.field.FieldInput","viewName":"sap.fe.templates.ObjectPage.ObjectPage","viewId":"rfm.transactionui::xRFMxCU_TransactionObjectPage","bindingPath":{"path":"","propertyPath":"/conditions","modelName":"$field"},"ancestor":{"controlType":"sap.ui.mdc.Field","viewName":"sap.fe.templates.ObjectPage.ObjectPage","viewId":"rfm.transactionui::xRFMxCU_TransactionObjectPage","bindingPath":{"path":"/xRFMxCU_Transaction(TransactionId='undefined',IsActiveEntity=false)/_TransactionCFPart(TransactionId='undefined',CashFlowPartType='2',IsActiveEntity=false)","propertyPath":"__EntityControl/Updatable"}},"interaction":{"idSuffix":"inner"}},"wdio_ui5_key":"sapfe.templates.ObjectPage.ObjectPagesap.ui.mdc.field.FieldInput{\"path\":\"\",\"propertyPath\":\"/conditions\",\"modelName\":\"$field\"}{\"controlType\":\"sap.ui.mdc.Field\",\"viewName\":\"sap.fe.templates.ObjectPage.ObjectPage\",\"viewId\":\"rfm.transactionui::xRFMxCU_TransactionObjectPage\",\"bindingPath\":{\"path\":\"/xRFMxCU_Transaction(TransactionId='undefined',IsActiveEntity=false)/_TransactionCFPart(TransactionId='undefined',CashFlowPartType='2',IsActiveEntity=false)\",\"propertyPath\":\"__EntityControl/Updatable\"}}"}]}
RESULT: undefined
COMMAND: GET /session/d46e1820c6acec5699516d40b212ec2a/screenshot - {}
COMMAND: GET /session/d46e1820c6acec5699516d40b212ec2a/screenshot - {}
RESULT: {}
RESULT: {}
]]></system-out>
      <system-err><![CDATA[
Error: waitUntil condition failed with the following reason: fieldInput.getEditable is not a function
    at async Context.<anonymous> (D:\a\1\s\test\specs\BusinessObjects\Limiting.spec.js:474:18)
]]></system-err>
    </testcase>
    <testcase classname="chrome.140_0_7339_208.windows.Limiting" name="Should filter created Transaction" time="4.959">
      <skipped/>
      <system-out><![CDATA[
COMMAND: POST /session/d46e1820c6acec5699516d40b212ec2a/execute/async - {"script":"<script> [21 bytes]","args":[{"selector":{"controlType":"sap.m.GenericTile","properties":{"header":"Limiting"}},"wdio_ui5_key":"sapm.GenericTile{\"header\":\"Limiting\"}"}]}
COMMAND: GET /session/d46e1820c6acec5699516d40b212ec2a/screenshot - {}
RESULT: {"script":"<script> [21 bytes]","args":[{"selector":{"controlType":"sap.m.GenericTile","properties":{"header":"Limiting"}},"wdio_ui5_key":"sapm.GenericTile{\"header\":\"Limiting\"}"}]}
RESULT: undefined
COMMAND: POST /session/d46e1820c6acec5699516d40b212ec2a/execute/async - {"script":"<script> [21 bytes]","args":[{"selector":{"id":"rfm.limitingui::xRFMxCU_LimitingList--fe::FilterBar::xRFMxCU_Limiting::FilterField::TransactionId-inner","interaction":{"idSuffix":"inner"}},"wdio_ui5_key":"rfmlimitingui::xRFMxCU_LimitingList--fe::FilterBar::xRFMxCU_Limiting::FilterField::TransactionId-inner"}]}
RESULT: {}
RESULT: {"script":"<script> [21 bytes]","args":[{"selector":{"id":"rfm.limitingui::xRFMxCU_LimitingList--fe::FilterBar::xRFMxCU_Limiting::FilterField::TransactionId-inner","interaction":{"idSuffix":"inner"}},"wdio_ui5_key":"rfmlimitingui::xRFMxCU_LimitingList--fe::FilterBar::xRFMxCU_Limiting::FilterField::TransactionId-inner"}]}
RESULT: undefined
COMMAND: POST /session/d46e1820c6acec5699516d40b212ec2a/execute/async - {"script":"<script> [21 bytes]","args":[{"selector":{"id":"rfm.limitingui::xRFMxCU_LimitingList--fe::FilterBar::xRFMxCU_Limiting-btnSearch","interaction":{"idSuffix":"BDI-content"}},"wdio_ui5_key":"rfmlimitingui::xRFMxCU_LimitingList--fe::FilterBar::xRFMxCU_Limiting-btnSearch"}]}
RESULT: {"script":"<script> [21 bytes]","args":[{"selector":{"id":"rfm.limitingui::xRFMxCU_LimitingList--fe::FilterBar::xRFMxCU_Limiting-btnSearch","interaction":{"idSuffix":"BDI-content"}},"wdio_ui5_key":"rfmlimitingui::xRFMxCU_LimitingList--fe::FilterBar::xRFMxCU_Limiting-btnSearch"}]}
RESULT: undefined
COMMAND: POST /session/d46e1820c6acec5699516d40b212ec2a/execute/async - {"script":"<script> [21 bytes]","args":[{"selector":{"id":"rfm.limitingui::xRFMxCU_LimitingList--fe::table::allTab::LineItem-innerTable-rows-row0"},"wdio_ui5_key":"rfmlimitingui::xRFMxCU_LimitingList--fe::table::allTab::LineItem-innerTable-rows-row0"}]}
RESULT: {"script":"<script> [21 bytes]","args":[{"selector":{"id":"rfm.limitingui::xRFMxCU_LimitingList--fe::table::allTab::LineItem-innerTable-rows-row0"},"wdio_ui5_key":"rfmlimitingui::xRFMxCU_LimitingList--fe::table::allTab::LineItem-innerTable-rows-row0"}]}
RESULT: undefined
RESULT: undefined
COMMAND: GET /session/d46e1820c6acec5699516d40b212ec2a/screenshot - {}
COMMAND: GET /session/d46e1820c6acec5699516d40b212ec2a/screenshot - {}
RESULT: {}
]]></system-out>
      <system-err><![CDATA[
TypeError: Cannot read properties of undefined (reading 'match')
    at Context.<anonymous> (D:\a\1\s\test\specs\BusinessObjects\Limiting.spec.js:595:24)
]]></system-err>
    </testcase>
    <testcase classname="chrome.140_0_7339_208.windows.Limiting" name="Should filter created Transaction" time="2.509">
      <failure/>
      <error message="Cannot read properties of undefined (reading 'match')"/>
      <system-out><![CDATA[
RESULT: undefined
RESULT: undefined
RESULT: undefined
RESULT: {}
RESULT: undefined
RESULT: undefined
COMMAND: GET /session/d46e1820c6acec5699516d40b212ec2a/screenshot - {}
COMMAND: GET /session/d46e1820c6acec5699516d40b212ec2a/screenshot - {}
RESULT: {}
RESULT: {}
]]></system-out>
      <system-err><![CDATA[
TypeError: Cannot read properties of undefined (reading 'match')
    at Context.<anonymous> (D:\a\1\s\test\specs\BusinessObjects\Limiting.spec.js:595:24)
]]></system-err>
    </testcase>
    <testcase classname="chrome.140_0_7339_208.windows.Limiting" name="Should check creation of a Limiting Rule" time="6.667">
      <skipped/>
      <system-out><![CDATA[
COMMAND: POST /session/d46e1820c6acec5699516d40b212ec2a/execute/async - {"script":"<script> [21 bytes]","args":[{"selector":{"id":"rfm.limitingui::xRFMxCU_LimitingObjectPage--fe::StandardAction::Edit","interaction":{"idSuffix":"BDI-content"}},"wdio_ui5_key":"rfmlimitingui::xRFMxCU_LimitingObjectPage--fe::StandardAction::Edit"}]}
COMMAND: GET /session/d46e1820c6acec5699516d40b212ec2a/screenshot - {}
RESULT: {}
RESULT: {"script":"<script> [21 bytes]","args":[{"selector":{"id":"rfm.limitingui::xRFMxCU_LimitingObjectPage--fe::StandardAction::Edit","interaction":{"idSuffix":"BDI-content"}},"wdio_ui5_key":"rfmlimitingui::xRFMxCU_LimitingObjectPage--fe::StandardAction::Edit"}]}
RESULT: undefined
COMMAND: POST /session/d46e1820c6acec5699516d40b212ec2a/execute/async - {"script":"<script> [21 bytes]","args":[{"forceSelect":true,"selector":{"id":"rfm.limitingui::xRFMxCU_LimitingObjectPage--fe::table::_LimitingRule::LineItem::StandardAction::Create","interaction":{"idSuffix":"content"}},"wdio_ui5_key":"rfmlimitingui::xRFMxCU_LimitingObjectPage--fe::table::_LimitingRule::LineItem::StandardAction::Create"}]}
RESULT: {"script":"<script> [21 bytes]","args":[{"forceSelect":true,"selector":{"id":"rfm.limitingui::xRFMxCU_LimitingObjectPage--fe::table::_LimitingRule::LineItem::StandardAction::Create","interaction":{"idSuffix":"content"}},"wdio_ui5_key":"rfmlimitingui::xRFMxCU_LimitingObjectPage--fe::table::_LimitingRule::LineItem::StandardAction::Create"}]}
RESULT: undefined
COMMAND: POST /session/d46e1820c6acec5699516d40b212ec2a/execute/async - {"script":"<script> [21 bytes]","args":[{"selector":{"id":"CreateDialog::xRFMxCU_LimitingRuleType::Category-inner","searchOpenDialogs":true,"interaction":{"idSuffix":"inner"}},"wdio_ui5_key":"CreateDialogxRFMxCU_LimitingRuleType::Category-inner"}]}
RESULT: {"script":"<script> [21 bytes]","args":[{"selector":{"id":"CreateDialog::xRFMxCU_LimitingRuleType::Category-inner","searchOpenDialogs":true,"interaction":{"idSuffix":"inner"}},"wdio_ui5_key":"CreateDialogxRFMxCU_LimitingRuleType::Category-inner"}]}
RESULT: undefined
COMMAND: POST /session/d46e1820c6acec5699516d40b212ec2a/execute/async - {"script":"<script> [21 bytes]","args":[{"forceSelect":true,"selector":{"controlType":"sap.m.Button","viewName":"sap.fe.templates.ObjectPage.ObjectPage","viewId":"rfm.limitingui::xRFMxCU_Limiting__LimitingRuleObjectPage","properties":{"text":"Continue"},"searchOpenDialogs":true,"interaction":{"idSuffix":"BDI-content"}},"wdio_ui5_key":"sapfe.templates.ObjectPage.ObjectPagesap.m.Button{\"text\":\"Continue\"}"}]}
RESULT: {"script":"<script> [21 bytes]","args":[{"forceSelect":true,"selector":{"controlType":"sap.m.Button","viewName":"sap.fe.templates.ObjectPage.ObjectPage","viewId":"rfm.limitingui::xRFMxCU_Limiting__LimitingRuleObjectPage","properties":{"text":"Continue"},"searchOpenDialogs":true,"interaction":{"idSuffix":"BDI-content"}},"wdio_ui5_key":"sapfe.templates.ObjectPage.ObjectPagesap.m.Button{\"text\":\"Continue\"}"}]}
RESULT: undefined
COMMAND: POST /session/d46e1820c6acec5699516d40b212ec2a/execute/async - {"script":"<script> [21 bytes]","args":[{"forceSelect":true,"selector":{"id":"rfm.limitingui::xRFMxCU_Limiting__LimitingRuleObjectPage--fe::FooterBar::StandardAction::Apply","interaction":{"idSuffix":"BDI-content"}},"wdio_ui5_key":"rfmlimitingui::xRFMxCU_Limiting__LimitingRuleObjectPage--fe::FooterBar::StandardAction::Apply"}]}
RESULT: {"script":"<script> [21 bytes]","args":[{"forceSelect":true,"selector":{"id":"rfm.limitingui::xRFMxCU_Limiting__LimitingRuleObjectPage--fe::FooterBar::StandardAction::Apply","interaction":{"idSuffix":"BDI-content"}},"wdio_ui5_key":"rfmlimitingui::xRFMxCU_Limiting__LimitingRuleObjectPage--fe::FooterBar::StandardAction::Apply"}]}
RESULT: undefined
COMMAND: POST /session/d46e1820c6acec5699516d40b212ec2a/execute/async - {"script":"<script> [21 bytes]","args":[{"selector":{"id":"rfm.limitingui::xRFMxCU_LimitingObjectPage--fe::FooterBar::StandardAction::Save","interaction":{"idSuffix":"BDI-content"}},"wdio_ui5_key":"rfmlimitingui::xRFMxCU_LimitingObjectPage--fe::FooterBar::StandardAction::Save"}]}
RESULT: {"script":"<script> [21 bytes]","args":[{"selector":{"id":"rfm.limitingui::xRFMxCU_LimitingObjectPage--fe::FooterBar::StandardAction::Save","interaction":{"idSuffix":"BDI-content"}},"wdio_ui5_key":"rfmlimitingui::xRFMxCU_LimitingObjectPage--fe::FooterBar::StandardAction::Save"}]}
RESULT: undefined
COMMAND: POST /session/d46e1820c6acec5699516d40b212ec2a/execute/async - {"script":"<script> [21 bytes]","args":[{"selector":{"controlType":"sap.ui.core.Icon","viewName":"sap.fe.templates.ObjectPage.ObjectPage","viewId":"rfm.limitingui::xRFMxCU_LimitingObjectPage","properties":{"src":{"regex":{"source":"navigation\\-right\\-arrow"}}}},"wdio_ui5_key":"sapfe.templates.ObjectPage.ObjectPagesap.ui.core.Icon{\"src\":{\"regex\":{\"source\":\"navigation\\\\-right\\\\-arrow\"}}}"}]}
RESULT: {"script":"<script> [21 bytes]","args":[{"selector":{"controlType":"sap.ui.core.Icon","viewName":"sap.fe.templates.ObjectPage.ObjectPage","viewId":"rfm.limitingui::xRFMxCU_LimitingObjectPage","properties":{"src":{"regex":{"source":"navigation\\-right\\-arrow"}}}},"wdio_ui5_key":"sapfe.templates.ObjectPage.ObjectPagesap.ui.core.Icon{\"src\":{\"regex\":{\"source\":\"navigation\\\\-right\\\\-arrow\"}}}"}]}
RESULT: undefined
COMMAND: POST /session/d46e1820c6acec5699516d40b212ec2a/execute/async - {"script":"<script> [21 bytes]","args":[{"selector":{"id":"rfm.limitingui::xRFMxCU_Limiting__LimitingRuleObjectPage--fe::FormContainer::Details::FormElement::DataField::Category::Field-display"},"wdio_ui5_key":"rfmlimitingui::xRFMxCU_Limiting__LimitingRuleObjectPage--fe::FormContainer::Details::FormElement::DataField::Category::Field-display"}]}
RESULT: {"script":"<script> [21 bytes]","args":[{"selector":{"id":"rfm.limitingui::xRFMxCU_Limiting__LimitingRuleObjectPage--fe::FormContainer::Details::FormElement::DataField::Category::Field-display"},"wdio_ui5_key":"rfmlimitingui::xRFMxCU_Limiting__LimitingRuleObjectPage--fe::FormContainer::Details::FormElement::DataField::Category::Field-display"}]}
RESULT: undefined
COMMAND: GET /session/d46e1820c6acec5699516d40b212ec2a/screenshot - {}
COMMAND: GET /session/d46e1820c6acec5699516d40b212ec2a/screenshot - {}
RESULT: {}
]]></system-out>
      <system-err><![CDATA[
Error: expect(received).toEqual(expected) // deep equality

Expected: "Proportion (1)"
Received: undefined
    at Context.<anonymous> (D:\a\1\s\test\specs\BusinessObjects\Limiting.spec.js:737:18)
]]></system-err>
    </testcase>
    <testcase classname="chrome.140_0_7339_208.windows.Limiting" name="Should check creation of a Limiting Rule" time="3.633">
      <failure/>
      <error message="expect(received).toEqual(expected) // deep equality&#xA;&#xA;Expected: &quot;Proportion (1)&quot;&#xA;Received: undefined"/>
      <system-out><![CDATA[
RESULT: undefined
RESULT: {}
COMMAND: POST /session/d46e1820c6acec5699516d40b212ec2a/execute/async - {"script":"<script> [21 bytes]","args":[{"forceSelect":true,"selector":{"id":"rfm.limitingui::xRFMxCU_LimitingObjectPage--fe::table::_LimitingRule::LineItem::StandardAction::Create","interaction":{"idSuffix":"content"}},"wdio_ui5_key":"rfmlimitingui::xRFMxCU_LimitingObjectPage--fe::table::_LimitingRule::LineItem::StandardAction::Create"}]}
RESULT: {"script":"<script> [21 bytes]","args":[{"forceSelect":true,"selector":{"id":"rfm.limitingui::xRFMxCU_LimitingObjectPage--fe::table::_LimitingRule::LineItem::StandardAction::Create","interaction":{"idSuffix":"content"}},"wdio_ui5_key":"rfmlimitingui::xRFMxCU_LimitingObjectPage--fe::table::_LimitingRule::LineItem::StandardAction::Create"}]}
RESULT: undefined
RESULT: undefined
COMMAND: POST /session/d46e1820c6acec5699516d40b212ec2a/execute/async - {"script":"<script> [21 bytes]","args":[{"forceSelect":true,"selector":{"controlType":"sap.m.Button","viewName":"sap.fe.templates.ObjectPage.ObjectPage","viewId":"rfm.limitingui::xRFMxCU_Limiting__LimitingRuleObjectPage","properties":{"text":"Continue"},"searchOpenDialogs":true,"interaction":{"idSuffix":"BDI-content"}},"wdio_ui5_key":"sapfe.templates.ObjectPage.ObjectPagesap.m.Button{\"text\":\"Continue\"}"}]}
RESULT: {"script":"<script> [21 bytes]","args":[{"forceSelect":true,"selector":{"controlType":"sap.m.Button","viewName":"sap.fe.templates.ObjectPage.ObjectPage","viewId":"rfm.limitingui::xRFMxCU_Limiting__LimitingRuleObjectPage","properties":{"text":"Continue"},"searchOpenDialogs":true,"interaction":{"idSuffix":"BDI-content"}},"wdio_ui5_key":"sapfe.templates.ObjectPage.ObjectPagesap.m.Button{\"text\":\"Continue\"}"}]}
RESULT: undefined
COMMAND: POST /session/d46e1820c6acec5699516d40b212ec2a/execute/async - {"script":"<script> [21 bytes]","args":[{"forceSelect":true,"selector":{"id":"rfm.limitingui::xRFMxCU_Limiting__LimitingRuleObjectPage--fe::FooterBar::StandardAction::Apply","interaction":{"idSuffix":"BDI-content"}},"wdio_ui5_key":"rfmlimitingui::xRFMxCU_Limiting__LimitingRuleObjectPage--fe::FooterBar::StandardAction::Apply"}]}
RESULT: {"script":"<script> [21 bytes]","args":[{"forceSelect":true,"selector":{"id":"rfm.limitingui::xRFMxCU_Limiting__LimitingRuleObjectPage--fe::FooterBar::StandardAction::Apply","interaction":{"idSuffix":"BDI-content"}},"wdio_ui5_key":"rfmlimitingui::xRFMxCU_Limiting__LimitingRuleObjectPage--fe::FooterBar::StandardAction::Apply"}]}
RESULT: undefined
RESULT: undefined
RESULT: undefined
RESULT: undefined
COMMAND: GET /session/d46e1820c6acec5699516d40b212ec2a/screenshot - {}
COMMAND: GET /session/d46e1820c6acec5699516d40b212ec2a/screenshot - {}
RESULT: {}
]]></system-out>
      <system-err><![CDATA[
Error: expect(received).toEqual(expected) // deep equality

Expected: "Proportion (1)"
Received: undefined
    at Context.<anonymous> (D:\a\1\s\test\specs\BusinessObjects\Limiting.spec.js:737:18)
]]></system-err>
    </testcase>
    <testcase classname="chrome.140_0_7339_208.windows.Limiting" name="Should check navigation to Selection Rules" time="2.229">
      <skipped/>
      <system-out><![CDATA[
COMMAND: POST /session/d46e1820c6acec5699516d40b212ec2a/execute/async - {"script":"<script> [21 bytes]","args":[{"selector":{"id":"rfm.limitingui::xRFMxCU_Limiting__LimitingRuleObjectPage--fe::CustomAction::SelectionRule","interaction":{"idSuffix":"content"}},"wdio_ui5_key":"rfmlimitingui::xRFMxCU_Limiting__LimitingRuleObjectPage--fe::CustomAction::SelectionRule"}]}
COMMAND: GET /session/d46e1820c6acec5699516d40b212ec2a/screenshot - {}
RESULT: {}
RESULT: {"script":"<script> [21 bytes]","args":[{"selector":{"id":"rfm.limitingui::xRFMxCU_Limiting__LimitingRuleObjectPage--fe::CustomAction::SelectionRule","interaction":{"idSuffix":"content"}},"wdio_ui5_key":"rfmlimitingui::xRFMxCU_Limiting__LimitingRuleObjectPage--fe::CustomAction::SelectionRule"}]}
RESULT: undefined
COMMAND: POST /session/d46e1820c6acec5699516d40b212ec2a/execute/async - {"script":"<script> [21 bytes]","args":[{"selector":{"id":"shellAppTitle"},"wdio_ui5_key":"shellAppTitle"}]}
RESULT: {}
RESULT: {"script":"<script> [21 bytes]","args":[{"selector":{"id":"shellAppTitle"},"wdio_ui5_key":"shellAppTitle"}]}
RESULT: undefined
COMMAND: POST /session/d46e1820c6acec5699516d40b212ec2a/execute/async - {"script":"<script> [21 bytes]","args":[{"element-6066-11e4-a52e-4f735466cecf":"f.79F15804A418F550E01A58A1EE3E8ECF.d.5EC85F539B44E50EE6AB224DF62EC503.e.595"},"getTitle",[]]}
RESULT: {"script":"<script> [21 bytes]","args":[{"element-6066-11e4-a52e-4f735466cecf":"f.79F15804A418F550E01A58A1EE3E8ECF.d.5EC85F539B44E50EE6AB224DF62EC503.e.595"},"getTitle",[]]}
COMMAND: GET /session/d46e1820c6acec5699516d40b212ec2a/screenshot - {}
COMMAND: GET /session/d46e1820c6acec5699516d40b212ec2a/screenshot - {}
RESULT: {}
]]></system-out>
      <system-err><![CDATA[
Error: expect(received).toEqual(expected) // deep equality

Expected: "Selection Rule"
Received: "Funding Program"
    at Context.<anonymous> (D:\a\1\s\test\specs\BusinessObjects\Limiting.spec.js:765:27)
]]></system-err>
    </testcase>
    <testcase classname="chrome.140_0_7339_208.windows.Limiting" name="Should check navigation to Selection Rules" time="0.919">
      <failure/>
      <error message="expect(received).toEqual(expected) // deep equality&#xA;&#xA;Expected: &quot;Selection Rule&quot;&#xA;Received: &quot;Funding Program&quot;"/>
      <system-out><![CDATA[
RESULT: undefined
RESULT: undefined
COMMAND: POST /session/d46e1820c6acec5699516d40b212ec2a/execute/async - {"script":"<script> [21 bytes]","args":[{"element-6066-11e4-a52e-4f735466cecf":"f.79F15804A418F550E01A58A1EE3E8ECF.d.5EC85F539B44E50EE6AB224DF62EC503.e.595"},"getTitle",[]]}
RESULT: {}
RESULT: {"script":"<script> [21 bytes]","args":[{"element-6066-11e4-a52e-4f735466cecf":"f.79F15804A418F550E01A58A1EE3E8ECF.d.5EC85F539B44E50EE6AB224DF62EC503.e.595"},"getTitle",[]]}
COMMAND: GET /session/d46e1820c6acec5699516d40b212ec2a/screenshot - {}
COMMAND: GET /session/d46e1820c6acec5699516d40b212ec2a/screenshot - {}
RESULT: {}
]]></system-out>
      <system-err><![CDATA[
Error: expect(received).toEqual(expected) // deep equality

Expected: "Selection Rule"
Received: "Funding Program"
    at Context.<anonymous> (D:\a\1\s\test\specs\BusinessObjects\Limiting.spec.js:765:27)
]]></system-err>
    </testcase>
    <testcase classname="chrome.140_0_7339_208.windows.Limiting" name="Should check Evaluate action" time="3.876">
      <skipped/>
      <system-out><![CDATA[
COMMAND: POST /session/d46e1820c6acec5699516d40b212ec2a/execute/async - {"script":"<script> [21 bytes]","args":[{"selector":{"id":"rfm.limitingui::xRFMxCU_Limiting__LimitingRuleObjectPage--fe::FCLStandardAction::Close-img"},"wdio_ui5_key":"rfmlimitingui::xRFMxCU_Limiting__LimitingRuleObjectPage--fe::FCLStandardAction::Close-img"}]}
COMMAND: GET /session/d46e1820c6acec5699516d40b212ec2a/screenshot - {}
RESULT: {}
RESULT: {"script":"<script> [21 bytes]","args":[{"selector":{"id":"rfm.limitingui::xRFMxCU_Limiting__LimitingRuleObjectPage--fe::FCLStandardAction::Close-img"},"wdio_ui5_key":"rfmlimitingui::xRFMxCU_Limiting__LimitingRuleObjectPage--fe::FCLStandardAction::Close-img"}]}
RESULT: undefined
RESULT: {}
COMMAND: POST /session/d46e1820c6acec5699516d40b212ec2a/execute/async - {"script":"<script> [21 bytes]","args":[{"selector":{"id":"rfm.limitingui::xRFMxCU_LimitingObjectPage--fe::DataFieldForAction::com.sap.gateway.srvd.rfm.ui_limiting.v0001.Evaluate::com.sap.gateway.srvd.rfm.ui_limiting.v0001.xRFMxCU_LimitingType","interaction":{"idSuffix":"BDI-content"}},"wdio_ui5_key":"rfmlimitingui::xRFMxCU_LimitingObjectPage--fe::DataFieldForAction::com.sap.gateway.srvd.rfm.ui_limiting.v0001.Evaluate::com.sap.gateway.srvd.rfm.ui_limiting.v0001.xRFMxCU_LimitingType"}]}
RESULT: {"script":"<script> [21 bytes]","args":[{"selector":{"id":"rfm.limitingui::xRFMxCU_LimitingObjectPage--fe::DataFieldForAction::com.sap.gateway.srvd.rfm.ui_limiting.v0001.Evaluate::com.sap.gateway.srvd.rfm.ui_limiting.v0001.xRFMxCU_LimitingType","interaction":{"idSuffix":"BDI-content"}},"wdio_ui5_key":"rfmlimitingui::xRFMxCU_LimitingObjectPage--fe::DataFieldForAction::com.sap.gateway.srvd.rfm.ui_limiting.v0001.Evaluate::com.sap.gateway.srvd.rfm.ui_limiting.v0001.xRFMxCU_LimitingType"}]}
RESULT: undefined
COMMAND: POST /session/d46e1820c6acec5699516d40b212ec2a/execute/async - {"script":"<script> [21 bytes]","args":[{"selector":{"controlType":"sap.m.Text","properties":{"text":"Error"},"searchOpenDialogs":true},"wdio_ui5_key":"sapm.Text{\"text\":\"Error\"}"}]}
RESULT: {"script":"<script> [21 bytes]","args":[{"selector":{"controlType":"sap.m.Text","properties":{"text":"Error"},"searchOpenDialogs":true},"wdio_ui5_key":"sapm.Text{\"text\":\"Error\"}"}]}
RESULT: undefined
COMMAND: GET /session/d46e1820c6acec5699516d40b212ec2a/screenshot - {}
COMMAND: GET /session/d46e1820c6acec5699516d40b212ec2a/screenshot - {}
RESULT: {}
]]></system-out>
      <system-err><![CDATA[
Error: expect(received).toEqual(expected) // deep equality

Expected: "Error"
Received: undefined
    at Context.<anonymous> (D:\a\1\s\test\specs\BusinessObjects\Limiting.spec.js:804:18)
]]></system-err>
    </testcase>
    <testcase classname="chrome.140_0_7339_208.windows.Limiting" name="Should check Evaluate action" time="2.551">
      <failure/>
      <error message="expect(received).toEqual(expected) // deep equality&#xA;&#xA;Expected: &quot;Error&quot;&#xA;Received: undefined"/>
      <system-out><![CDATA[
RESULT: undefined
RESULT: {}
RESULT: undefined
RESULT: undefined
COMMAND: GET /session/d46e1820c6acec5699516d40b212ec2a/screenshot - {}
COMMAND: GET /session/d46e1820c6acec5699516d40b212ec2a/screenshot - {}
RESULT: {}
RESULT: {}
]]></system-out>
      <system-err><![CDATA[
Error: expect(received).toEqual(expected) // deep equality

Expected: "Error"
Received: undefined
    at Context.<anonymous> (D:\a\1\s\test\specs\BusinessObjects\Limiting.spec.js:804:18)
]]></system-err>
    </testcase>
    <testcase classname="chrome.140_0_7339_208.windows.Limiting" name="Should check Limit action" time="1.675">
      <skipped/>
      <system-out><![CDATA[
COMMAND: POST /session/d46e1820c6acec5699516d40b212ec2a/execute/async - {"script":"<script> [21 bytes]","args":[{"selector":{"id":"rfm.limitingui::xRFMxCU_LimitingObjectPage--fe::DataFieldForAction::com.sap.gateway.srvd.rfm.ui_limiting.v0001.Limit::com.sap.gateway.srvd.rfm.ui_limiting.v0001.xRFMxCU_LimitingType","interaction":{"idSuffix":"inner"}},"wdio_ui5_key":"rfmlimitingui::xRFMxCU_LimitingObjectPage--fe::DataFieldForAction::com.sap.gateway.srvd.rfm.ui_limiting.v0001.Limit::com.sap.gateway.srvd.rfm.ui_limiting.v0001.xRFMxCU_LimitingType"}]}
COMMAND: GET /session/d46e1820c6acec5699516d40b212ec2a/screenshot - {}
RESULT: {"script":"<script> [21 bytes]","args":[{"selector":{"id":"rfm.limitingui::xRFMxCU_LimitingObjectPage--fe::DataFieldForAction::com.sap.gateway.srvd.rfm.ui_limiting.v0001.Limit::com.sap.gateway.srvd.rfm.ui_limiting.v0001.xRFMxCU_LimitingType","interaction":{"idSuffix":"inner"}},"wdio_ui5_key":"rfmlimitingui::xRFMxCU_LimitingObjectPage--fe::DataFieldForAction::com.sap.gateway.srvd.rfm.ui_limiting.v0001.Limit::com.sap.gateway.srvd.rfm.ui_limiting.v0001.xRFMxCU_LimitingType"}]}
RESULT: undefined
COMMAND: POST /session/d46e1820c6acec5699516d40b212ec2a/execute/async - {"script":"<script> [21 bytes]","args":[{"forceSelect":true,"selector":{"id":"fe::APD_::com.sap.gateway.srvd.rfm.ui_limiting.v0001.Limit::Action::Ok","searchOpenDialogs":true,"interaction":{"idSuffix":"BDI-content"}},"wdio_ui5_key":"feAPD_::com.sap.gateway.srvd.rfm.ui_limiting.v0001.Limit::Action::Ok"}]}
RESULT: {}
RESULT: {"script":"<script> [21 bytes]","args":[{"forceSelect":true,"selector":{"id":"fe::APD_::com.sap.gateway.srvd.rfm.ui_limiting.v0001.Limit::Action::Ok","searchOpenDialogs":true,"interaction":{"idSuffix":"BDI-content"}},"wdio_ui5_key":"feAPD_::com.sap.gateway.srvd.rfm.ui_limiting.v0001.Limit::Action::Ok"}]}
RESULT: undefined
RESULT: undefined
COMMAND: GET /session/d46e1820c6acec5699516d40b212ec2a/screenshot - {}
COMMAND: GET /session/d46e1820c6acec5699516d40b212ec2a/screenshot - {}
RESULT: {}
RESULT: {}
]]></system-out>
      <system-err><![CDATA[
Error: expect(received).toEqual(expected) // deep equality

Expected: "Error"
Received: undefined
    at Context.<anonymous> (D:\a\1\s\test\specs\BusinessObjects\Limiting.spec.js:855:18)
]]></system-err>
    </testcase>
    <testcase classname="chrome.140_0_7339_208.windows.Limiting" name="Should check Limit action" time="0.909">
      <failure/>
      <error message="expect(received).toEqual(expected) // deep equality&#xA;&#xA;Expected: &quot;Error&quot;&#xA;Received: undefined"/>
      <system-out><![CDATA[
RESULT: undefined
COMMAND: POST /session/d46e1820c6acec5699516d40b212ec2a/execute/async - {"script":"<script> [21 bytes]","args":[{"forceSelect":true,"selector":{"id":"fe::APD_::com.sap.gateway.srvd.rfm.ui_limiting.v0001.Limit::Action::Ok","searchOpenDialogs":true,"interaction":{"idSuffix":"BDI-content"}},"wdio_ui5_key":"feAPD_::com.sap.gateway.srvd.rfm.ui_limiting.v0001.Limit::Action::Ok"}]}
RESULT: {"script":"<script> [21 bytes]","args":[{"forceSelect":true,"selector":{"id":"fe::APD_::com.sap.gateway.srvd.rfm.ui_limiting.v0001.Limit::Action::Ok","searchOpenDialogs":true,"interaction":{"idSuffix":"BDI-content"}},"wdio_ui5_key":"feAPD_::com.sap.gateway.srvd.rfm.ui_limiting.v0001.Limit::Action::Ok"}]}
RESULT: undefined
RESULT: undefined
COMMAND: GET /session/d46e1820c6acec5699516d40b212ec2a/screenshot - {}
COMMAND: GET /session/d46e1820c6acec5699516d40b212ec2a/screenshot - {}
RESULT: {}
]]></system-out>
      <system-err><![CDATA[
Error: expect(received).toEqual(expected) // deep equality

Expected: "Error"
Received: undefined
    at Context.<anonymous> (D:\a\1\s\test\specs\BusinessObjects\Limiting.spec.js:855:18)
]]></system-err>
    </testcase>
    <testcase classname="chrome.140_0_7339_208.windows.Limiting" name="Should check deletion of a Limiting Rule" time="62.587">
      <skipped/>
      <system-out><![CDATA[
RESULT: undefined
COMMAND: GET /session/d46e1820c6acec5699516d40b212ec2a/screenshot - {}
RESULT: {}
RESULT: {}
COMMAND: POST /session/d46e1820c6acec5699516d40b212ec2a/element - {"using":"css selector","value":"div[id='rfm.limitingui::xRFMxCU_LimitingObjectPage--fe::table::_LimitingRule::LineItem-innerTable-rowsel0']"}
RESULT: {"using":"css selector","value":"div[id='rfm.limitingui::xRFMxCU_LimitingObjectPage--fe::table::_LimitingRule::LineItem-innerTable-rowsel0']"}
COMMAND: POST /session/d46e1820c6acec5699516d40b212ec2a/elements - {"using":"css selector","value":"div[id='rfm.limitingui::xRFMxCU_LimitingObjectPage--fe::table::_LimitingRule::LineItem-innerTable-rowsel0']"}
RESULT: {"using":"css selector","value":"div[id='rfm.limitingui::xRFMxCU_LimitingObjectPage--fe::table::_LimitingRule::LineItem-innerTable-rowsel0']"}
COMMAND: POST /session/d46e1820c6acec5699516d40b212ec2a/elements - {"using":"css selector","value":"div[id='rfm.limitingui::xRFMxCU_LimitingObjectPage--fe::table::_LimitingRule::LineItem-innerTable-rowsel0']"}
RESULT: {"using":"css selector","value":"div[id='rfm.limitingui::xRFMxCU_LimitingObjectPage--fe::table::_LimitingRule::LineItem-innerTable-rowsel0']"}
COMMAND: POST /session/d46e1820c6acec5699516d40b212ec2a/elements - {"using":"css selector","value":"div[id='rfm.limitingui::xRFMxCU_LimitingObjectPage--fe::table::_LimitingRule::LineItem-innerTable-rowsel0']"}
RESULT: {"using":"css selector","value":"div[id='rfm.limitingui::xRFMxCU_LimitingObjectPage--fe::table::_LimitingRule::LineItem-innerTable-rowsel0']"}
COMMAND: POST /session/d46e1820c6acec5699516d40b212ec2a/elements - {"using":"css selector","value":"div[id='rfm.limitingui::xRFMxCU_LimitingObjectPage--fe::table::_LimitingRule::LineItem-innerTable-rowsel0']"}
RESULT: {"using":"css selector","value":"div[id='rfm.limitingui::xRFMxCU_LimitingObjectPage--fe::table::_LimitingRule::LineItem-innerTable-rowsel0']"}
COMMAND: POST /session/d46e1820c6acec5699516d40b212ec2a/elements - {"using":"css selector","value":"div[id='rfm.limitingui::xRFMxCU_LimitingObjectPage--fe::table::_LimitingRule::LineItem-innerTable-rowsel0']"}
RESULT: {"using":"css selector","value":"div[id='rfm.limitingui::xRFMxCU_LimitingObjectPage--fe::table::_LimitingRule::LineItem-innerTable-rowsel0']"}
COMMAND: POST /session/d46e1820c6acec5699516d40b212ec2a/elements - {"using":"css selector","value":"div[id='rfm.limitingui::xRFMxCU_LimitingObjectPage--fe::table::_LimitingRule::LineItem-innerTable-rowsel0']"}
RESULT: {"using":"css selector","value":"div[id='rfm.limitingui::xRFMxCU_LimitingObjectPage--fe::table::_LimitingRule::LineItem-innerTable-rowsel0']"}
COMMAND: POST /session/d46e1820c6acec5699516d40b212ec2a/elements - {"using":"css selector","value":"div[id='rfm.limitingui::xRFMxCU_LimitingObjectPage--fe::table::_LimitingRule::LineItem-innerTable-rowsel0']"}
RESULT: {"using":"css selector","value":"div[id='rfm.limitingui::xRFMxCU_LimitingObjectPage--fe::table::_LimitingRule::LineItem-innerTable-rowsel0']"}
COMMAND: POST /session/d46e1820c6acec5699516d40b212ec2a/elements - {"using":"css selector","value":"div[id='rfm.limitingui::xRFMxCU_LimitingObjectPage--fe::table::_LimitingRule::LineItem-innerTable-rowsel0']"}
RESULT: {"using":"css selector","value":"div[id='rfm.limitingui::xRFMxCU_LimitingObjectPage--fe::table::_LimitingRule::LineItem-innerTable-rowsel0']"}
COMMAND: POST /session/d46e1820c6acec5699516d40b212ec2a/elements - {"using":"css selector","value":"div[id='rfm.limitingui::xRFMxCU_LimitingObjectPage--fe::table::_LimitingRule::LineItem-innerTable-rowsel0']"}
RESULT: {"using":"css selector","value":"div[id='rfm.limitingui::xRFMxCU_LimitingObjectPage--fe::table::_LimitingRule::LineItem-innerTable-rowsel0']"}
COMMAND: POST /session/d46e1820c6acec5699516d40b212ec2a/elements - {"using":"css selector","value":"div[id='rfm.limitingui::xRFMxCU_LimitingObjectPage--fe::table::_LimitingRule::LineItem-innerTable-rowsel0']"}
RESULT: {"using":"css selector","value":"div[id='rfm.limitingui::xRFMxCU_LimitingObjectPage--fe::table::_LimitingRule::LineItem-innerTable-rowsel0']"}
COMMAND: POST /session/d46e1820c6acec5699516d40b212ec2a/elements - {"using":"css selector","value":"div[id='rfm.limitingui::xRFMxCU_LimitingObjectPage--fe::table::_LimitingRule::LineItem-innerTable-rowsel0']"}
RESULT: {"using":"css selector","value":"div[id='rfm.limitingui::xRFMxCU_LimitingObjectPage--fe::table::_LimitingRule::LineItem-innerTable-rowsel0']"}
COMMAND: POST /session/d46e1820c6acec5699516d40b212ec2a/elements - {"using":"css selector","value":"div[id='rfm.limitingui::xRFMxCU_LimitingObjectPage--fe::table::_LimitingRule::LineItem-innerTable-rowsel0']"}
RESULT: {"using":"css selector","value":"div[id='rfm.limitingui::xRFMxCU_LimitingObjectPage--fe::table::_LimitingRule::LineItem-innerTable-rowsel0']"}
COMMAND: POST /session/d46e1820c6acec5699516d40b212ec2a/elements - {"using":"css selector","value":"div[id='rfm.limitingui::xRFMxCU_LimitingObjectPage--fe::table::_LimitingRule::LineItem-innerTable-rowsel0']"}
RESULT: {"using":"css selector","value":"div[id='rfm.limitingui::xRFMxCU_LimitingObjectPage--fe::table::_LimitingRule::LineItem-innerTable-rowsel0']"}
COMMAND: POST /session/d46e1820c6acec5699516d40b212ec2a/elements - {"using":"css selector","value":"div[id='rfm.limitingui::xRFMxCU_LimitingObjectPage--fe::table::_LimitingRule::LineItem-innerTable-rowsel0']"}
[...]
COMMAND: POST /session/d46e1820c6acec5699516d40b212ec2a/elements - {"using":"css selector","value":"div[id='rfm.limitingui::xRFMxCU_LimitingObjectPage--fe::table::_LimitingRule::LineItem-innerTable-rowsel0']"}
RESULT: {"using":"css selector","value":"div[id='rfm.limitingui::xRFMxCU_LimitingObjectPage--fe::table::_LimitingRule::LineItem-innerTable-rowsel0']"}
COMMAND: POST /session/d46e1820c6acec5699516d40b212ec2a/elements - {"using":"css selector","value":"div[id='rfm.limitingui::xRFMxCU_LimitingObjectPage--fe::table::_LimitingRule::LineItem-innerTable-rowsel0']"}
RESULT: {"using":"css selector","value":"div[id='rfm.limitingui::xRFMxCU_LimitingObjectPage--fe::table::_LimitingRule::LineItem-innerTable-rowsel0']"}
COMMAND: POST /session/d46e1820c6acec5699516d40b212ec2a/elements - {"using":"css selector","value":"div[id='rfm.limitingui::xRFMxCU_LimitingObjectPage--fe::table::_LimitingRule::LineItem-innerTable-rowsel0']"}
RESULT: {"using":"css selector","value":"div[id='rfm.limitingui::xRFMxCU_LimitingObjectPage--fe::table::_LimitingRule::LineItem-innerTable-rowsel0']"}
COMMAND: POST /session/d46e1820c6acec5699516d40b212ec2a/elements - {"using":"css selector","value":"div[id='rfm.limitingui::xRFMxCU_LimitingObjectPage--fe::table::_LimitingRule::LineItem-innerTable-rowsel0']"}
RESULT: {"using":"css selector","value":"div[id='rfm.limitingui::xRFMxCU_LimitingObjectPage--fe::table::_LimitingRule::LineItem-innerTable-rowsel0']"}
COMMAND: POST /session/d46e1820c6acec5699516d40b212ec2a/elements - {"using":"css selector","value":"div[id='rfm.limitingui::xRFMxCU_LimitingObjectPage--fe::table::_LimitingRule::LineItem-innerTable-rowsel0']"}
RESULT: {"using":"css selector","value":"div[id='rfm.limitingui::xRFMxCU_LimitingObjectPage--fe::table::_LimitingRule::LineItem-innerTable-rowsel0']"}
COMMAND: POST /session/d46e1820c6acec5699516d40b212ec2a/elements - {"using":"css selector","value":"div[id='rfm.limitingui::xRFMxCU_LimitingObjectPage--fe::table::_LimitingRule::LineItem-innerTable-rowsel0']"}
RESULT: {"using":"css selector","value":"div[id='rfm.limitingui::xRFMxCU_LimitingObjectPage--fe::table::_LimitingRule::LineItem-innerTable-rowsel0']"}
COMMAND: POST /session/d46e1820c6acec5699516d40b212ec2a/elements - {"using":"css selector","value":"div[id='rfm.limitingui::xRFMxCU_LimitingObjectPage--fe::table::_LimitingRule::LineItem-innerTable-rowsel0']"}
RESULT: {"using":"css selector","value":"div[id='rfm.limitingui::xRFMxCU_LimitingObjectPage--fe::table::_LimitingRule::LineItem-innerTable-rowsel0']"}
COMMAND: POST /session/d46e1820c6acec5699516d40b212ec2a/elements - {"using":"css selector","value":"div[id='rfm.limitingui::xRFMxCU_LimitingObjectPage--fe::table::_LimitingRule::LineItem-innerTable-rowsel0']"}
RESULT: {"using":"css selector","value":"div[id='rfm.limitingui::xRFMxCU_LimitingObjectPage--fe::table::_LimitingRule::LineItem-innerTable-rowsel0']"}
COMMAND: POST /session/d46e1820c6acec5699516d40b212ec2a/elements - {"using":"css selector","value":"div[id='rfm.limitingui::xRFMxCU_LimitingObjectPage--fe::table::_LimitingRule::LineItem-innerTable-rowsel0']"}
RESULT: {"using":"css selector","value":"div[id='rfm.limitingui::xRFMxCU_LimitingObjectPage--fe::table::_LimitingRule::LineItem-innerTable-rowsel0']"}
COMMAND: POST /session/d46e1820c6acec5699516d40b212ec2a/elements - {"using":"css selector","value":"div[id='rfm.limitingui::xRFMxCU_LimitingObjectPage--fe::table::_LimitingRule::LineItem-innerTable-rowsel0']"}
RESULT: {"using":"css selector","value":"div[id='rfm.limitingui::xRFMxCU_LimitingObjectPage--fe::table::_LimitingRule::LineItem-innerTable-rowsel0']"}
COMMAND: POST /session/d46e1820c6acec5699516d40b212ec2a/elements - {"using":"css selector","value":"div[id='rfm.limitingui::xRFMxCU_LimitingObjectPage--fe::table::_LimitingRule::LineItem-innerTable-rowsel0']"}
RESULT: {"using":"css selector","value":"div[id='rfm.limitingui::xRFMxCU_LimitingObjectPage--fe::table::_LimitingRule::LineItem-innerTable-rowsel0']"}
COMMAND: POST /session/d46e1820c6acec5699516d40b212ec2a/elements - {"using":"css selector","value":"div[id='rfm.limitingui::xRFMxCU_LimitingObjectPage--fe::table::_LimitingRule::LineItem-innerTable-rowsel0']"}
RESULT: {"using":"css selector","value":"div[id='rfm.limitingui::xRFMxCU_LimitingObjectPage--fe::table::_LimitingRule::LineItem-innerTable-rowsel0']"}
COMMAND: POST /session/d46e1820c6acec5699516d40b212ec2a/elements - {"using":"css selector","value":"div[id='rfm.limitingui::xRFMxCU_LimitingObjectPage--fe::table::_LimitingRule::LineItem-innerTable-rowsel0']"}
RESULT: {"using":"css selector","value":"div[id='rfm.limitingui::xRFMxCU_LimitingObjectPage--fe::table::_LimitingRule::LineItem-innerTable-rowsel0']"}
COMMAND: POST /session/d46e1820c6acec5699516d40b212ec2a/elements - {"using":"css selector","value":"div[id='rfm.limitingui::xRFMxCU_LimitingObjectPage--fe::table::_LimitingRule::LineItem-innerTable-rowsel0']"}
RESULT: {"using":"css selector","value":"div[id='rfm.limitingui::xRFMxCU_LimitingObjectPage--fe::table::_LimitingRule::LineItem-innerTable-rowsel0']"}
COMMAND: POST /session/d46e1820c6acec5699516d40b212ec2a/elements - {"using":"css selector","value":"div[id='rfm.limitingui::xRFMxCU_LimitingObjectPage--fe::table::_LimitingRule::LineItem-innerTable-rowsel0']"}
RESULT: {"using":"css selector","value":"div[id='rfm.limitingui::xRFMxCU_LimitingObjectPage--fe::table::_LimitingRule::LineItem-innerTable-rowsel0']"}
COMMAND: POST /session/d46e1820c6acec5699516d40b212ec2a/elements - {"using":"css selector","value":"div[id='rfm.limitingui::xRFMxCU_LimitingObjectPage--fe::table::_LimitingRule::LineItem-innerTable-rowsel0']"}
RESULT: {"using":"css selector","value":"div[id='rfm.limitingui::xRFMxCU_LimitingObjectPage--fe::table::_LimitingRule::LineItem-innerTable-rowsel0']"}
COMMAND: POST /session/d46e1820c6acec5699516d40b212ec2a/elements - {"using":"css selector","value":"div[id='rfm.limitingui::xRFMxCU_LimitingObjectPage--fe::table::_LimitingRule::LineItem-innerTable-rowsel0']"}
RESULT: {"using":"css selector","value":"div[id='rfm.limitingui::xRFMxCU_LimitingObjectPage--fe::table::_LimitingRule::LineItem-innerTable-rowsel0']"}
COMMAND: POST /session/d46e1820c6acec5699516d40b212ec2a/elements - {"using":"css selector","value":"div[id='rfm.limitingui::xRFMxCU_LimitingObjectPage--fe::table::_LimitingRule::LineItem-innerTable-rowsel0']"}
RESULT: {"using":"css selector","value":"div[id='rfm.limitingui::xRFMxCU_LimitingObjectPage--fe::table::_LimitingRule::LineItem-innerTable-rowsel0']"}
COMMAND: POST /session/d46e1820c6acec5699516d40b212ec2a/elements - {"using":"css selector","value":"div[id='rfm.limitingui::xRFMxCU_LimitingObjectPage--fe::table::_LimitingRule::LineItem-innerTable-rowsel0']"}
RESULT: {"using":"css selector","value":"div[id='rfm.limitingui::xRFMxCU_LimitingObjectPage--fe::table::_LimitingRule::LineItem-innerTable-rowsel0']"}
COMMAND: POST /session/d46e1820c6acec5699516d40b212ec2a/elements - {"using":"css selector","value":"div[id='rfm.limitingui::xRFMxCU_LimitingObjectPage--fe::table::_LimitingRule::LineItem-innerTable-rowsel0']"}
RESULT: {"using":"css selector","value":"div[id='rfm.limitingui::xRFMxCU_LimitingObjectPage--fe::table::_LimitingRule::LineItem-innerTable-rowsel0']"}
COMMAND: POST /session/d46e1820c6acec5699516d40b212ec2a/elements - {"using":"css selector","value":"div[id='rfm.limitingui::xRFMxCU_LimitingObjectPage--fe::table::_LimitingRule::LineItem-innerTable-rowsel0']"}
RESULT: {"using":"css selector","value":"div[id='rfm.limitingui::xRFMxCU_LimitingObjectPage--fe::table::_LimitingRule::LineItem-innerTable-rowsel0']"}
COMMAND: POST /session/d46e1820c6acec5699516d40b212ec2a/elements - {"using":"css selector","value":"div[id='rfm.limitingui::xRFMxCU_LimitingObjectPage--fe::table::_LimitingRule::LineItem-innerTable-rowsel0']"}
RESULT: {"using":"css selector","value":"div[id='rfm.limitingui::xRFMxCU_LimitingObjectPage--fe::table::_LimitingRule::LineItem-innerTable-rowsel0']"}
COMMAND: POST /session/d46e1820c6acec5699516d40b212ec2a/elements - {"using":"css selector","value":"div[id='rfm.limitingui::xRFMxCU_LimitingObjectPage--fe::table::_LimitingRule::LineItem-innerTable-rowsel0']"}
RESULT: {"using":"css selector","value":"div[id='rfm.limitingui::xRFMxCU_LimitingObjectPage--fe::table::_LimitingRule::LineItem-innerTable-rowsel0']"}
COMMAND: POST /session/d46e1820c6acec5699516d40b212ec2a/elements - {"using":"css selector","value":"div[id='rfm.limitingui::xRFMxCU_LimitingObjectPage--fe::table::_LimitingRule::LineItem-innerTable-rowsel0']"}
RESULT: {"using":"css selector","value":"div[id='rfm.limitingui::xRFMxCU_LimitingObjectPage--fe::table::_LimitingRule::LineItem-innerTable-rowsel0']"}
COMMAND: POST /session/d46e1820c6acec5699516d40b212ec2a/elements - {"using":"css selector","value":"div[id='rfm.limitingui::xRFMxCU_LimitingObjectPage--fe::table::_LimitingRule::LineItem-innerTable-rowsel0']"}
RESULT: {"using":"css selector","value":"div[id='rfm.limitingui::xRFMxCU_LimitingObjectPage--fe::table::_LimitingRule::LineItem-innerTable-rowsel0']"}
COMMAND: POST /session/d46e1820c6acec5699516d40b212ec2a/elements - {"using":"css selector","value":"div[id='rfm.limitingui::xRFMxCU_LimitingObjectPage--fe::table::_LimitingRule::LineItem-innerTable-rowsel0']"}
RESULT: {"using":"css selector","value":"div[id='rfm.limitingui::xRFMxCU_LimitingObjectPage--fe::table::_LimitingRule::LineItem-innerTable-rowsel0']"}
COMMAND: POST /session/d46e1820c6acec5699516d40b212ec2a/elements - {"using":"css selector","value":"div[id='rfm.limitingui::xRFMxCU_LimitingObjectPage--fe::table::_LimitingRule::LineItem-innerTable-rowsel0']"}
RESULT: {"using":"css selector","value":"div[id='rfm.limitingui::xRFMxCU_LimitingObjectPage--fe::table::_LimitingRule::LineItem-innerTable-rowsel0']"}
COMMAND: POST /session/d46e1820c6acec5699516d40b212ec2a/elements - {"using":"css selector","value":"div[id='rfm.limitingui::xRFMxCU_LimitingObjectPage--fe::table::_LimitingRule::LineItem-innerTable-rowsel0']"}
RESULT: {"using":"css selector","value":"div[id='rfm.limitingui::xRFMxCU_LimitingObjectPage--fe::table::_LimitingRule::LineItem-innerTable-rowsel0']"}
COMMAND: POST /session/d46e1820c6acec5699516d40b212ec2a/elements - {"using":"css selector","value":"div[id='rfm.limitingui::xRFMxCU_LimitingObjectPage--fe::table::_LimitingRule::LineItem-innerTable-rowsel0']"}
RESULT: {"using":"css selector","value":"div[id='rfm.limitingui::xRFMxCU_LimitingObjectPage--fe::table::_LimitingRule::LineItem-innerTable-rowsel0']"}
COMMAND: POST /session/d46e1820c6acec5699516d40b212ec2a/elements - {"using":"css selector","value":"div[id='rfm.limitingui::xRFMxCU_LimitingObjectPage--fe::table::_LimitingRule::LineItem-innerTable-rowsel0']"}
RESULT: {"using":"css selector","value":"div[id='rfm.limitingui::xRFMxCU_LimitingObjectPage--fe::table::_LimitingRule::LineItem-innerTable-rowsel0']"}
COMMAND: POST /session/d46e1820c6acec5699516d40b212ec2a/elements - {"using":"css selector","value":"div[id='rfm.limitingui::xRFMxCU_LimitingObjectPage--fe::table::_LimitingRule::LineItem-innerTable-rowsel0']"}
RESULT: {"using":"css selector","value":"div[id='rfm.limitingui::xRFMxCU_LimitingObjectPage--fe::table::_LimitingRule::LineItem-innerTable-rowsel0']"}
COMMAND: POST /session/d46e1820c6acec5699516d40b212ec2a/elements - {"using":"css selector","value":"div[id='rfm.limitingui::xRFMxCU_LimitingObjectPage--fe::table::_LimitingRule::LineItem-innerTable-rowsel0']"}
RESULT: {"using":"css selector","value":"div[id='rfm.limitingui::xRFMxCU_LimitingObjectPage--fe::table::_LimitingRule::LineItem-innerTable-rowsel0']"}
COMMAND: POST /session/d46e1820c6acec5699516d40b212ec2a/elements - {"using":"css selector","value":"div[id='rfm.limitingui::xRFMxCU_LimitingObjectPage--fe::table::_LimitingRule::LineItem-innerTable-rowsel0']"}
RESULT: {"using":"css selector","value":"div[id='rfm.limitingui::xRFMxCU_LimitingObjectPage--fe::table::_LimitingRule::LineItem-innerTable-rowsel0']"}
COMMAND: POST /session/d46e1820c6acec5699516d40b212ec2a/elements - {"using":"css selector","value":"div[id='rfm.limitingui::xRFMxCU_LimitingObjectPage--fe::table::_LimitingRule::LineItem-innerTable-rowsel0']"}
RESULT: {"using":"css selector","value":"div[id='rfm.limitingui::xRFMxCU_LimitingObjectPage--fe::table::_LimitingRule::LineItem-innerTable-rowsel0']"}
COMMAND: POST /session/d46e1820c6acec5699516d40b212ec2a/elements - {"using":"css selector","value":"div[id='rfm.limitingui::xRFMxCU_LimitingObjectPage--fe::table::_LimitingRule::LineItem-innerTable-rowsel0']"}
RESULT: {"using":"css selector","value":"div[id='rfm.limitingui::xRFMxCU_LimitingObjectPage--fe::table::_LimitingRule::LineItem-innerTable-rowsel0']"}
COMMAND: POST /session/d46e1820c6acec5699516d40b212ec2a/elements - {"using":"css selector","value":"div[id='rfm.limitingui::xRFMxCU_LimitingObjectPage--fe::table::_LimitingRule::LineItem-innerTable-rowsel0']"}
RESULT: {"using":"css selector","value":"div[id='rfm.limitingui::xRFMxCU_LimitingObjectPage--fe::table::_LimitingRule::LineItem-innerTable-rowsel0']"}
COMMAND: POST /session/d46e1820c6acec5699516d40b212ec2a/elements - {"using":"css selector","value":"div[id='rfm.limitingui::xRFMxCU_LimitingObjectPage--fe::table::_LimitingRule::LineItem-innerTable-rowsel0']"}
RESULT: {"using":"css selector","value":"div[id='rfm.limitingui::xRFMxCU_LimitingObjectPage--fe::table::_LimitingRule::LineItem-innerTable-rowsel0']"}
COMMAND: POST /session/d46e1820c6acec5699516d40b212ec2a/elements - {"using":"css selector","value":"div[id='rfm.limitingui::xRFMxCU_LimitingObjectPage--fe::table::_LimitingRule::LineItem-innerTable-rowsel0']"}
RESULT: {"using":"css selector","value":"div[id='rfm.limitingui::xRFMxCU_LimitingObjectPage--fe::table::_LimitingRule::LineItem-innerTable-rowsel0']"}
COMMAND: POST /session/d46e1820c6acec5699516d40b212ec2a/elements - {"using":"css selector","value":"div[id='rfm.limitingui::xRFMxCU_LimitingObjectPage--fe::table::_LimitingRule::LineItem-innerTable-rowsel0']"}
RESULT: {"using":"css selector","value":"div[id='rfm.limitingui::xRFMxCU_LimitingObjectPage--fe::table::_LimitingRule::LineItem-innerTable-rowsel0']"}
COMMAND: POST /session/d46e1820c6acec5699516d40b212ec2a/elements - {"using":"css selector","value":"div[id='rfm.limitingui::xRFMxCU_LimitingObjectPage--fe::table::_LimitingRule::LineItem-innerTable-rowsel0']"}
RESULT: {"using":"css selector","value":"div[id='rfm.limitingui::xRFMxCU_LimitingObjectPage--fe::table::_LimitingRule::LineItem-innerTable-rowsel0']"}
COMMAND: POST /session/d46e1820c6acec5699516d40b212ec2a/elements - {"using":"css selector","value":"div[id='rfm.limitingui::xRFMxCU_LimitingObjectPage--fe::table::_LimitingRule::LineItem-innerTable-rowsel0']"}
RESULT: {"using":"css selector","value":"div[id='rfm.limitingui::xRFMxCU_LimitingObjectPage--fe::table::_LimitingRule::LineItem-innerTable-rowsel0']"}
COMMAND: POST /session/d46e1820c6acec5699516d40b212ec2a/elements - {"using":"css selector","value":"div[id='rfm.limitingui::xRFMxCU_LimitingObjectPage--fe::table::_LimitingRule::LineItem-innerTable-rowsel0']"}
RESULT: {"using":"css selector","value":"div[id='rfm.limitingui::xRFMxCU_LimitingObjectPage--fe::table::_LimitingRule::LineItem-innerTable-rowsel0']"}
COMMAND: POST /session/d46e1820c6acec5699516d40b212ec2a/elements - {"using":"css selector","value":"div[id='rfm.limitingui::xRFMxCU_LimitingObjectPage--fe::table::_LimitingRule::LineItem-innerTable-rowsel0']"}
RESULT: {"using":"css selector","value":"div[id='rfm.limitingui::xRFMxCU_LimitingObjectPage--fe::table::_LimitingRule::LineItem-innerTable-rowsel0']"}
COMMAND: POST /session/d46e1820c6acec5699516d40b212ec2a/elements - {"using":"css selector","value":"div[id='rfm.limitingui::xRFMxCU_LimitingObjectPage--fe::table::_LimitingRule::LineItem-innerTable-rowsel0']"}
RESULT: {"using":"css selector","value":"div[id='rfm.limitingui::xRFMxCU_LimitingObjectPage--fe::table::_LimitingRule::LineItem-innerTable-rowsel0']"}
COMMAND: POST /session/d46e1820c6acec5699516d40b212ec2a/elements - {"using":"css selector","value":"div[id='rfm.limitingui::xRFMxCU_LimitingObjectPage--fe::table::_LimitingRule::LineItem-innerTable-rowsel0']"}
RESULT: {"using":"css selector","value":"div[id='rfm.limitingui::xRFMxCU_LimitingObjectPage--fe::table::_LimitingRule::LineItem-innerTable-rowsel0']"}
COMMAND: POST /session/d46e1820c6acec5699516d40b212ec2a/elements - {"using":"css selector","value":"div[id='rfm.limitingui::xRFMxCU_LimitingObjectPage--fe::table::_LimitingRule::LineItem-innerTable-rowsel0']"}
RESULT: {"using":"css selector","value":"div[id='rfm.limitingui::xRFMxCU_LimitingObjectPage--fe::table::_LimitingRule::LineItem-innerTable-rowsel0']"}
COMMAND: POST /session/d46e1820c6acec5699516d40b212ec2a/elements - {"using":"css selector","value":"div[id='rfm.limitingui::xRFMxCU_LimitingObjectPage--fe::table::_LimitingRule::LineItem-innerTable-rowsel0']"}
RESULT: {"using":"css selector","value":"div[id='rfm.limitingui::xRFMxCU_LimitingObjectPage--fe::table::_LimitingRule::LineItem-innerTable-rowsel0']"}
COMMAND: POST /session/d46e1820c6acec5699516d40b212ec2a/elements - {"using":"css selector","value":"div[id='rfm.limitingui::xRFMxCU_LimitingObjectPage--fe::table::_LimitingRule::LineItem-innerTable-rowsel0']"}
RESULT: {"using":"css selector","value":"div[id='rfm.limitingui::xRFMxCU_LimitingObjectPage--fe::table::_LimitingRule::LineItem-innerTable-rowsel0']"}
COMMAND: POST /session/d46e1820c6acec5699516d40b212ec2a/elements - {"using":"css selector","value":"div[id='rfm.limitingui::xRFMxCU_LimitingObjectPage--fe::table::_LimitingRule::LineItem-innerTable-rowsel0']"}
RESULT: {"using":"css selector","value":"div[id='rfm.limitingui::xRFMxCU_LimitingObjectPage--fe::table::_LimitingRule::LineItem-innerTable-rowsel0']"}
COMMAND: POST /session/d46e1820c6acec5699516d40b212ec2a/elements - {"using":"css selector","value":"div[id='rfm.limitingui::xRFMxCU_LimitingObjectPage--fe::table::_LimitingRule::LineItem-innerTable-rowsel0']"}
RESULT: {"using":"css selector","value":"div[id='rfm.limitingui::xRFMxCU_LimitingObjectPage--fe::table::_LimitingRule::LineItem-innerTable-rowsel0']"}
COMMAND: POST /session/d46e1820c6acec5699516d40b212ec2a/elements - {"using":"css selector","value":"div[id='rfm.limitingui::xRFMxCU_LimitingObjectPage--fe::table::_LimitingRule::LineItem-innerTable-rowsel0']"}
RESULT: {"using":"css selector","value":"div[id='rfm.limitingui::xRFMxCU_LimitingObjectPage--fe::table::_LimitingRule::LineItem-innerTable-rowsel0']"}
COMMAND: POST /session/d46e1820c6acec5699516d40b212ec2a/elements - {"using":"css selector","value":"div[id='rfm.limitingui::xRFMxCU_LimitingObjectPage--fe::table::_LimitingRule::LineItem-innerTable-rowsel0']"}
RESULT: {"using":"css selector","value":"div[id='rfm.limitingui::xRFMxCU_LimitingObjectPage--fe::table::_LimitingRule::LineItem-innerTable-rowsel0']"}
COMMAND: POST /session/d46e1820c6acec5699516d40b212ec2a/elements - {"using":"css selector","value":"div[id='rfm.limitingui::xRFMxCU_LimitingObjectPage--fe::table::_LimitingRule::LineItem-innerTable-rowsel0']"}
RESULT: {"using":"css selector","value":"div[id='rfm.limitingui::xRFMxCU_LimitingObjectPage--fe::table::_LimitingRule::LineItem-innerTable-rowsel0']"}
COMMAND: GET /session/d46e1820c6acec5699516d40b212ec2a/screenshot - {}
COMMAND: GET /session/d46e1820c6acec5699516d40b212ec2a/screenshot - {}
RESULT: {}
RESULT: {}
COMMAND: GET /session/d46e1820c6acec5699516d40b212ec2a/screenshot - {}
COMMAND: DELETE /session/d46e1820c6acec5699516d40b212ec2a - {}
COMMAND: GET /session/d46e1820c6acec5699516d40b212ec2a/screenshot - {}
RESULT: {}
RESULT: {}
]]></system-out>
      <system-err><![CDATA[
Error: Can't call click on element with selector "div[id='rfm.limitingui::xRFMxCU_LimitingObjectPage--fe::table::_LimitingRule::LineItem-innerTable-rowsel0']" because element wasn't found
    at async Context.<anonymous> (D:\a\1\s\test\specs\BusinessObjects\Limiting.spec.js:887:13)
]]></system-err>
    </testcase>
  </testsuite>
</testsuites>