<?xml version="1.0" encoding="UTF-8"?>
<testsuites tests="9" failures="4" errors="4" skipped="4">
  <testsuite timestamp="2025-09-01T23:18:57" time="360.692" tests="9" failures="4" errors="4" skipped="4">
    <properties>
      <property name="specId" value="0"/>
      <property name="suiteName" value="ABS Conditions"/>
      <property name="capabilities" value="chrome.139_0_7258_139.windows"/>
      <property name="file" value="file:///D:/a/1/s/test/specs/ABS/ABSConditions.spec.js"/>
    </properties>
    <testcase classname="chrome.139_0_7258_139.windows.ABS_Conditions" name="Should create Program" time="63.335">
      <system-out><![CDATA[
COMMAND: POST /session/7c34aaf14bfe1bda27bb3b99577c62d4/execute/async - {"script":"<script> [21 bytes]","args":[{"selector":{"controlType":"sap.m.GenericTile","properties":{"header":"Funding Program"}},"wdio_ui5_key":"sapm.GenericTile{\"header\":\"Funding Program\"}"}]}
RESULT: {"script":"<script> [21 bytes]","args":[{"selector":{"controlType":"sap.m.GenericTile","properties":{"header":"Funding Program"}},"wdio_ui5_key":"sapm.GenericTile{\"header\":\"Funding Program\"}"}]}
RESULT: undefined
COMMAND: POST /session/7c34aaf14bfe1bda27bb3b99577c62d4/element - {"using":"xpath","value":"//*[@id=\"__tile29\"]"}
RESULT: {"using":"xpath","value":"//*[@id=\"__tile29\"]"}
COMMAND: POST /session/7c34aaf14bfe1bda27bb3b99577c62d4/element/f.549D4DB69F416BD034E967A21DECD785.d.A2EBE009D5AFEB8F19ED1DE55722784C.e.74/click - {}
RESULT: {}
COMMAND: POST /session/7c34aaf14bfe1bda27bb3b99577c62d4/execute/async - {"script":"<script> [21 bytes]","args":[{"selector":{"id":"rfm.programui::xRFMxCU_ProgramList--fe::table::allTab::LineItem::StandardAction::Create","controlType":"sap.m.Button"},"wdio_ui5_key":"rfmprogramui::xRFMxCU_ProgramList--fe::table::allTab::LineItem::StandardAction::Createsap.m.Button"}]}
COMMAND: GET /session/7c34aaf14bfe1bda27bb3b99577c62d4/screenshot - {}
RESULT: {"script":"<script> [21 bytes]","args":[{"selector":{"id":"rfm.programui::xRFMxCU_ProgramList--fe::table::allTab::LineItem::StandardAction::Create","controlType":"sap.m.Button"},"wdio_ui5_key":"rfmprogramui::xRFMxCU_ProgramList--fe::table::allTab::LineItem::StandardAction::Createsap.m.Button"}]}
RESULT: undefined
COMMAND: POST /session/7c34aaf14bfe1bda27bb3b99577c62d4/element - {"using":"xpath","value":"//*[@id=\"rfm.programui::xRFMxCU_ProgramList--fe::table::allTab::LineItem::StandardAction::Create\"]"}
RESULT: {}
RESULT: {"using":"xpath","value":"//*[@id=\"rfm.programui::xRFMxCU_ProgramList--fe::table::allTab::LineItem::StandardAction::Create\"]"}
COMMAND: POST /session/7c34aaf14bfe1bda27bb3b99577c62d4/element/f.549D4DB69F416BD034E967A21DECD785.d.A2EBE009D5AFEB8F19ED1DE55722784C.e.130/click - {}
RESULT: {}
COMMAND: POST /session/7c34aaf14bfe1bda27bb3b99577c62d4/execute/async - {"script":"<script> [21 bytes]","args":[{"selector":{"id":"CreateDialog::xRFMxCU_ProgramType::FundingScope-inner","searchOpenDialogs":true,"interaction":{"idSuffix":"inner"}},"wdio_ui5_key":"CreateDialogxRFMxCU_ProgramType::FundingScope-inner"}]}
COMMAND: GET /session/7c34aaf14bfe1bda27bb3b99577c62d4/screenshot - {}
RESULT: {"script":"<script> [21 bytes]","args":[{"selector":{"id":"CreateDialog::xRFMxCU_ProgramType::FundingScope-inner","searchOpenDialogs":true,"interaction":{"idSuffix":"inner"}},"wdio_ui5_key":"CreateDialogxRFMxCU_ProgramType::FundingScope-inner"}]}
RESULT: undefined
COMMAND: POST /session/7c34aaf14bfe1bda27bb3b99577c62d4/execute/async - {"script":"<script> [20 bytes]","args":[{"enterText":"Installment","selector":{"id":"CreateDialog::xRFMxCU_ProgramType::FundingScope-inner","searchOpenDialogs":true,"interaction":{"idSuffix":"inner"}},"clearTextFirst":true,"interactionType":"ENTER_TEXT"}]}
RESULT: {}
RESULT: {"script":"<script> [20 bytes]","args":[{"enterText":"Installment","selector":{"id":"CreateDialog::xRFMxCU_ProgramType::FundingScope-inner","searchOpenDialogs":true,"interaction":{"idSuffix":"inner"}},"clearTextFirst":true,"interactionType":"ENTER_TEXT"}]}
COMMAND: POST /session/7c34aaf14bfe1bda27bb3b99577c62d4/execute/async - {"script":"<script> [21 bytes]","args":[{"selector":{"id":"CreateDialog::xRFMxCU_ProgramType::ValidFrom-inner","searchOpenDialogs":true,"interaction":{"idSuffix":"inner"}},"wdio_ui5_key":"CreateDialogxRFMxCU_ProgramType::ValidFrom-inner"}]}
RESULT: {"script":"<script> [21 bytes]","args":[{"selector":{"id":"CreateDialog::xRFMxCU_ProgramType::ValidFrom-inner","searchOpenDialogs":true,"interaction":{"idSuffix":"inner"}},"wdio_ui5_key":"CreateDialogxRFMxCU_ProgramType::ValidFrom-inner"}]}
RESULT: undefined
COMMAND: POST /session/7c34aaf14bfe1bda27bb3b99577c62d4/execute/async - {"script":"<script> [21 bytes]","args":[{"element-6066-11e4-a52e-4f735466cecf":"f.549D4DB69F416BD034E967A21DECD785.d.A2EBE009D5AFEB8F19ED1DE55722784C.e.288"},"setValue",["2025-01-01"]]}
RESULT: {"script":"<script> [21 bytes]","args":[{"element-6066-11e4-a52e-4f735466cecf":"f.549D4DB69F416BD034E967A21DECD785.d.A2EBE009D5AFEB8F19ED1DE55722784C.e.288"},"setValue",["2025-01-01"]]}
COMMAND: POST /session/7c34aaf14bfe1bda27bb3b99577c62d4/execute/async - {"script":"<script> [21 bytes]","args":[{"selector":{"id":"CreateDialog::xRFMxCU_ProgramType::PortfolioId-inner","searchOpenDialogs":true,"interaction":{"idSuffix":"inner"}},"wdio_ui5_key":"CreateDialogxRFMxCU_ProgramType::PortfolioId-inner"}]}
RESULT: {"script":"<script> [21 bytes]","args":[{"selector":{"id":"CreateDialog::xRFMxCU_ProgramType::PortfolioId-inner","searchOpenDialogs":true,"interaction":{"idSuffix":"inner"}},"wdio_ui5_key":"CreateDialogxRFMxCU_ProgramType::PortfolioId-inner"}]}
RESULT: undefined
COMMAND: POST /session/7c34aaf14bfe1bda27bb3b99577c62d4/execute/async - {"script":"<script> [20 bytes]","args":[{"enterText":"1","selector":{"id":"CreateDialog::xRFMxCU_ProgramType::PortfolioId-inner","searchOpenDialogs":true,"interaction":{"idSuffix":"inner"}},"clearTextFirst":true,"interactionType":"ENTER_TEXT"}]}
RESULT: {"script":"<script> [20 bytes]","args":[{"enterText":"1","selector":{"id":"CreateDialog::xRFMxCU_ProgramType::PortfolioId-inner","searchOpenDialogs":true,"interaction":{"idSuffix":"inner"}},"clearTextFirst":true,"interactionType":"ENTER_TEXT"}]}
COMMAND: POST /session/7c34aaf14bfe1bda27bb3b99577c62d4/execute/async - {"script":"<script> [21 bytes]","args":[{"selector":{"controlType":"sap.m.Button","viewName":"sap.fe.templates.ObjectPage.ObjectPage","viewId":"rfm.programui::xRFMxCU_ProgramObjectPage","properties":{"text":"Continue"},"searchOpenDialogs":true,"interaction":{"idSuffix":"BDI-content"}},"wdio_ui5_key":"sapfe.templates.ObjectPage.ObjectPagesap.m.Button{\"text\":\"Continue\"}"}]}
RESULT: {"script":"<script> [21 bytes]","args":[{"selector":{"controlType":"sap.m.Button","viewName":"sap.fe.templates.ObjectPage.ObjectPage","viewId":"rfm.programui::xRFMxCU_ProgramObjectPage","properties":{"text":"Continue"},"searchOpenDialogs":true,"interaction":{"idSuffix":"BDI-content"}},"wdio_ui5_key":"sapfe.templates.ObjectPage.ObjectPagesap.m.Button{\"text\":\"Continue\"}"}]}
RESULT: undefined
COMMAND: POST /session/7c34aaf14bfe1bda27bb3b99577c62d4/element - {"using":"xpath","value":"//*[@id=\"__button198\"]"}
RESULT: {"using":"xpath","value":"//*[@id=\"__button198\"]"}
COMMAND: POST /session/7c34aaf14bfe1bda27bb3b99577c62d4/element/f.549D4DB69F416BD034E967A21DECD785.d.A2EBE009D5AFEB8F19ED1DE55722784C.e.305/click - {}
RESULT: {}
COMMAND: POST /session/7c34aaf14bfe1bda27bb3b99577c62d4/execute/async - {"script":"<script> [21 bytes]","args":[{"selector":{"id":"rfm.programui::xRFMxCU_ProgramObjectPage--fe::CustomSubSection::CustomDetailsSection--fe::FormContainer::FieldGroup::basicData1::FormElement::DataField::Currency::Field-edit-inner","interaction":{"idSuffix":"inner"}},"wdio_ui5_key":"rfmprogramui::xRFMxCU_ProgramObjectPage--fe::CustomSubSection::CustomDetailsSection--fe::FormContainer::FieldGroup::basicData1::FormElement::DataField::Currency::Field-edit-inner"}]}
COMMAND: GET /session/7c34aaf14bfe1bda27bb3b99577c62d4/screenshot - {}
RESULT: {"script":"<script> [21 bytes]","args":[{"selector":{"id":"rfm.programui::xRFMxCU_ProgramObjectPage--fe::CustomSubSection::CustomDetailsSection--fe::FormContainer::FieldGroup::basicData1::FormElement::DataField::Currency::Field-edit-inner","interaction":{"idSuffix":"inner"}},"wdio_ui5_key":"rfmprogramui::xRFMxCU_ProgramObjectPage--fe::CustomSubSection::CustomDetailsSection--fe::FormContainer::FieldGroup::basicData1::FormElement::DataField::Currency::Field-edit-inner"}]}
RESULT: undefined
COMMAND: POST /session/7c34aaf14bfe1bda27bb3b99577c62d4/execute/async - {"script":"<script> [20 bytes]","args":[{"enterText":"EUR","selector":{"id":"rfm.programui::xRFMxCU_ProgramObjectPage--fe::CustomSubSection::CustomDetailsSection--fe::FormContainer::FieldGroup::basicData1::FormElement::DataField::Currency::Field-edit-inner","interaction":{"idSuffix":"inner"}},"clearTextFirst":true,"interactionType":"ENTER_TEXT"}]}
RESULT: {}
RESULT: {"script":"<script> [20 bytes]","args":[{"enterText":"EUR","selector":{"id":"rfm.programui::xRFMxCU_ProgramObjectPage--fe::CustomSubSection::CustomDetailsSection--fe::FormContainer::FieldGroup::basicData1::FormElement::DataField::Currency::Field-edit-inner","interaction":{"idSuffix":"inner"}},"clearTextFirst":true,"interactionType":"ENTER_TEXT"}]}
COMMAND: POST /session/7c34aaf14bfe1bda27bb3b99577c62d4/execute/async - {"script":"<script> [21 bytes]","args":[{"selector":{"id":"rfm.programui::xRFMxCU_ProgramObjectPage--fe::CustomSubSection::CustomDetailsSection--fe::FormContainer::FieldGroup::basicData1::FormElement::DataField::Volume::Field-edit-inner","interaction":{"idSuffix":"inner"}},"wdio_ui5_key":"rfmprogramui::xRFMxCU_ProgramObjectPage--fe::CustomSubSection::CustomDetailsSection--fe::FormContainer::FieldGroup::basicData1::FormElement::DataField::Volume::Field-edit-inner"}]}
RESULT: {"script":"<script> [21 bytes]","args":[{"selector":{"id":"rfm.programui::xRFMxCU_ProgramObjectPage--fe::CustomSubSection::CustomDetailsSection--fe::FormContainer::FieldGroup::basicData1::FormElement::DataField::Volume::Field-edit-inner","interaction":{"idSuffix":"inner"}},"wdio_ui5_key":"rfmprogramui::xRFMxCU_ProgramObjectPage--fe::CustomSubSection::CustomDetailsSection--fe::FormContainer::FieldGroup::basicData1::FormElement::DataField::Volume::Field-edit-inner"}]}
RESULT: undefined
COMMAND: POST /session/7c34aaf14bfe1bda27bb3b99577c62d4/execute/async - {"script":"<script> [20 bytes]","args":[{"enterText":"1,000,000,000.00","selector":{"id":"rfm.programui::xRFMxCU_ProgramObjectPage--fe::CustomSubSection::CustomDetailsSection--fe::FormContainer::FieldGroup::basicData1::FormElement::DataField::Volume::Field-edit-inner","interaction":{"idSuffix":"inner"}},"clearTextFirst":true,"interactionType":"ENTER_TEXT"}]}
RESULT: {"script":"<script> [20 bytes]","args":[{"enterText":"1,000,000,000.00","selector":{"id":"rfm.programui::xRFMxCU_ProgramObjectPage--fe::CustomSubSection::CustomDetailsSection--fe::FormContainer::FieldGroup::basicData1::FormElement::DataField::Volume::Field-edit-inner","interaction":{"idSuffix":"inner"}},"clearTextFirst":true,"interactionType":"ENTER_TEXT"}]}
COMMAND: POST /session/7c34aaf14bfe1bda27bb3b99577c62d4/execute/async - {"script":"<script> [21 bytes]","args":[{"selector":{"id":"rfm.programui::xRFMxCU_ProgramObjectPage--fe::CustomSubSection::CustomDetailsSection--fe::FormContainer::FieldGroup::basicData1::FormElement::DataField::ValidTo::Field-edit","interaction":{"idSuffix":"inner"}},"wdio_ui5_key":"rfmprogramui::xRFMxCU_ProgramObjectPage--fe::CustomSubSection::CustomDetailsSection--fe::FormContainer::FieldGroup::basicData1::FormElement::DataField::ValidTo::Field-edit"}]}
RESULT: {"script":"<script> [21 bytes]","args":[{"selector":{"id":"rfm.programui::xRFMxCU_ProgramObjectPage--fe::CustomSubSection::CustomDetailsSection--fe::FormContainer::FieldGroup::basicData1::FormElement::DataField::ValidTo::Field-edit","interaction":{"idSuffix":"inner"}},"wdio_ui5_key":"rfmprogramui::xRFMxCU_ProgramObjectPage--fe::CustomSubSection::CustomDetailsSection--fe::FormContainer::FieldGroup::basicData1::FormElement::DataField::ValidTo::Field-edit"}]}
RESULT: undefined
COMMAND: POST /session/7c34aaf14bfe1bda27bb3b99577c62d4/execute/async - {"script":"<script> [21 bytes]","args":[{"element-6066-11e4-a52e-4f735466cecf":"f.549D4DB69F416BD034E967A21DECD785.d.A2EBE009D5AFEB8F19ED1DE55722784C.e.358"},"setValue",["2027-12-31"]]}
RESULT: {"script":"<script> [21 bytes]","args":[{"element-6066-11e4-a52e-4f735466cecf":"f.549D4DB69F416BD034E967A21DECD785.d.A2EBE009D5AFEB8F19ED1DE55722784C.e.358"},"setValue",["2027-12-31"]]}
COMMAND: POST /session/7c34aaf14bfe1bda27bb3b99577c62d4/execute/async - {"script":"<script> [21 bytes]","args":[{"selector":{"id":"rfm.programui::xRFMxCU_ProgramObjectPage--fe::CustomSubSection::CustomDetailsSection--fe::FormContainer::FieldGroup::basicData2::FormElement::DataField::CompanyCode::Field-edit-inner","interaction":{"idSuffix":"inner"}},"wdio_ui5_key":"rfmprogramui::xRFMxCU_ProgramObjectPage--fe::CustomSubSection::CustomDetailsSection--fe::FormContainer::FieldGroup::basicData2::FormElement::DataField::CompanyCode::Field-edit-inner"}]}
RESULT: {"script":"<script> [21 bytes]","args":[{"selector":{"id":"rfm.programui::xRFMxCU_ProgramObjectPage--fe::CustomSubSection::CustomDetailsSection--fe::FormContainer::FieldGroup::basicData2::FormElement::DataField::CompanyCode::Field-edit-inner","interaction":{"idSuffix":"inner"}},"wdio_ui5_key":"rfmprogramui::xRFMxCU_ProgramObjectPage--fe::CustomSubSection::CustomDetailsSection--fe::FormContainer::FieldGroup::basicData2::FormElement::DataField::CompanyCode::Field-edit-inner"}]}
RESULT: undefined
COMMAND: POST /session/7c34aaf14bfe1bda27bb3b99577c62d4/execute/async - {"script":"<script> [20 bytes]","args":[{"enterText":"BearingPoint (0001)","selector":{"id":"rfm.programui::xRFMxCU_ProgramObjectPage--fe::CustomSubSection::CustomDetailsSection--fe::FormContainer::FieldGroup::basicData2::FormElement::DataField::CompanyCode::Field-edit-inner","interaction":{"idSuffix":"inner"}},"clearTextFirst":true,"interactionType":"ENTER_TEXT"}]}
RESULT: {"script":"<script> [20 bytes]","args":[{"enterText":"BearingPoint (0001)","selector":{"id":"rfm.programui::xRFMxCU_ProgramObjectPage--fe::CustomSubSection::CustomDetailsSection--fe::FormContainer::FieldGroup::basicData2::FormElement::DataField::CompanyCode::Field-edit-inner","interaction":{"idSuffix":"inner"}},"clearTextFirst":true,"interactionType":"ENTER_TEXT"}]}
COMMAND: POST /session/7c34aaf14bfe1bda27bb3b99577c62d4/execute/async - {"script":"<script> [21 bytes]","args":[{"selector":{"id":"rfm.programui::xRFMxCU_ProgramObjectPage--fe::CustomSubSection::CustomDetailsSection--DetailsFundingTypesTable-content::StandardAction::Create","interaction":{"idSuffix":"BDI-content"}},"wdio_ui5_key":"rfmprogramui::xRFMxCU_ProgramObjectPage--fe::CustomSubSection::CustomDetailsSection--DetailsFundingTypesTable-content::StandardAction::Create"}]}
RESULT: {"script":"<script> [21 bytes]","args":[{"selector":{"id":"rfm.programui::xRFMxCU_ProgramObjectPage--fe::CustomSubSection::CustomDetailsSection--DetailsFundingTypesTable-content::StandardAction::Create","interaction":{"idSuffix":"BDI-content"}},"wdio_ui5_key":"rfmprogramui::xRFMxCU_ProgramObjectPage--fe::CustomSubSection::CustomDetailsSection--DetailsFundingTypesTable-content::StandardAction::Create"}]}
RESULT: undefined
COMMAND: POST /session/7c34aaf14bfe1bda27bb3b99577c62d4/element - {"using":"xpath","value":"//*[@id=\"rfm.programui::xRFMxCU_ProgramObjectPage--fe::CustomSubSection::CustomDetailsSection--DetailsFundingTypesTable-content::StandardAction::Create\"]"}
RESULT: {"using":"xpath","value":"//*[@id=\"rfm.programui::xRFMxCU_ProgramObjectPage--fe::CustomSubSection::CustomDetailsSection--DetailsFundingTypesTable-content::StandardAction::Create\"]"}
COMMAND: POST /session/7c34aaf14bfe1bda27bb3b99577c62d4/element/f.549D4DB69F416BD034E967A21DECD785.d.A2EBE009D5AFEB8F19ED1DE55722784C.e.369/click - {}
RESULT: {}
COMMAND: POST /session/7c34aaf14bfe1bda27bb3b99577c62d4/execute/async - {"script":"<script> [21 bytes]","args":[{"selector":{"id":"CreateDialog::xRFMxCU_ProgramFundingTypeType::FundingType-inner","searchOpenDialogs":true,"interaction":{"idSuffix":"inner"}},"wdio_ui5_key":"CreateDialogxRFMxCU_ProgramFundingTypeType::FundingType-inner"}]}
COMMAND: GET /session/7c34aaf14bfe1bda27bb3b99577c62d4/screenshot - {}
RESULT: {"script":"<script> [21 bytes]","args":[{"selector":{"id":"CreateDialog::xRFMxCU_ProgramFundingTypeType::FundingType-inner","searchOpenDialogs":true,"interaction":{"idSuffix":"inner"}},"wdio_ui5_key":"CreateDialogxRFMxCU_ProgramFundingTypeType::FundingType-inner"}]}
RESULT: undefined
COMMAND: POST /session/7c34aaf14bfe1bda27bb3b99577c62d4/execute/async - {"script":"<script> [20 bytes]","args":[{"enterText":"99","selector":{"id":"CreateDialog::xRFMxCU_ProgramFundingTypeType::FundingType-inner","searchOpenDialogs":true,"interaction":{"idSuffix":"inner"}},"clearTextFirst":true,"interactionType":"ENTER_TEXT"}]}
RESULT: {}
RESULT: {"script":"<script> [20 bytes]","args":[{"enterText":"99","selector":{"id":"CreateDialog::xRFMxCU_ProgramFundingTypeType::FundingType-inner","searchOpenDialogs":true,"interaction":{"idSuffix":"inner"}},"clearTextFirst":true,"interactionType":"ENTER_TEXT"}]}
COMMAND: POST /session/7c34aaf14bfe1bda27bb3b99577c62d4/execute/async - {"script":"<script> [21 bytes]","args":[{"selector":{"id":"CreateDialog::xRFMxCU_Program::_AllowedFundingType-footer","searchOpenDialogs":true},"wdio_ui5_key":"CreateDialogxRFMxCU_Program::_AllowedFundingType-footer"}]}
RESULT: {"script":"<script> [21 bytes]","args":[{"selector":{"id":"CreateDialog::xRFMxCU_Program::_AllowedFundingType-footer","searchOpenDialogs":true},"wdio_ui5_key":"CreateDialogxRFMxCU_Program::_AllowedFundingType-footer"}]}
RESULT: undefined
COMMAND: POST /session/7c34aaf14bfe1bda27bb3b99577c62d4/element - {"using":"xpath","value":"//*[@id=\"CreateDialog::xRFMxCU_Program::_AllowedFundingType-footer\"]"}
RESULT: {"using":"xpath","value":"//*[@id=\"CreateDialog::xRFMxCU_Program::_AllowedFundingType-footer\"]"}
COMMAND: POST /session/7c34aaf14bfe1bda27bb3b99577c62d4/element/f.549D4DB69F416BD034E967A21DECD785.d.A2EBE009D5AFEB8F19ED1DE55722784C.e.507/click - {}
RESULT: {}
COMMAND: POST /session/7c34aaf14bfe1bda27bb3b99577c62d4/execute/async - {"script":"<script> [21 bytes]","args":[{"forceSelect":true,"selector":{"controlType":"sap.m.Button","viewName":"sap.fe.templates.ObjectPage.ObjectPage","viewId":"rfm.programui::xRFMxCU_Program__AllowedFundingTypeObjectPage","properties":{"text":"Continue"},"searchOpenDialogs":true,"interaction":{"idSuffix":"content"}},"wdio_ui5_key":"sapfe.templates.ObjectPage.ObjectPagesap.m.Button{\"text\":\"Continue\"}"}]}
COMMAND: GET /session/7c34aaf14bfe1bda27bb3b99577c62d4/screenshot - {}
RESULT: {"script":"<script> [21 bytes]","args":[{"forceSelect":true,"selector":{"controlType":"sap.m.Button","viewName":"sap.fe.templates.ObjectPage.ObjectPage","viewId":"rfm.programui::xRFMxCU_Program__AllowedFundingTypeObjectPage","properties":{"text":"Continue"},"searchOpenDialogs":true,"interaction":{"idSuffix":"content"}},"wdio_ui5_key":"sapfe.templates.ObjectPage.ObjectPagesap.m.Button{\"text\":\"Continue\"}"}]}
RESULT: undefined
COMMAND: POST /session/7c34aaf14bfe1bda27bb3b99577c62d4/element - {"using":"xpath","value":"//*[@id=\"__button211\"]"}
RESULT: {}
RESULT: {"using":"xpath","value":"//*[@id=\"__button211\"]"}
COMMAND: POST /session/7c34aaf14bfe1bda27bb3b99577c62d4/element/f.549D4DB69F416BD034E967A21DECD785.d.A2EBE009D5AFEB8F19ED1DE55722784C.e.509/click - {}
RESULT: {}
COMMAND: GET /session/7c34aaf14bfe1bda27bb3b99577c62d4/screenshot - {}
RESULT: {}
COMMAND: POST /session/7c34aaf14bfe1bda27bb3b99577c62d4/execute/async - {"script":"<script> [21 bytes]","args":[{"selector":{"id":"rfm.programui::xRFMxCU_Program__AllowedFundingTypeObjectPage--fe::FooterBar::_fc"},"wdio_ui5_key":"rfmprogramui::xRFMxCU_Program__AllowedFundingTypeObjectPage--fe::FooterBar::_fc"}]}
RESULT: {"script":"<script> [21 bytes]","args":[{"selector":{"id":"rfm.programui::xRFMxCU_Program__AllowedFundingTypeObjectPage--fe::FooterBar::_fc"},"wdio_ui5_key":"rfmprogramui::xRFMxCU_Program__AllowedFundingTypeObjectPage--fe::FooterBar::_fc"}]}
RESULT: undefined
COMMAND: POST /session/7c34aaf14bfe1bda27bb3b99577c62d4/element - {"using":"xpath","value":"//*[@id=\"rfm.programui::xRFMxCU_Program__AllowedFundingTypeObjectPage--fe::FooterBar::_fc\"]"}
RESULT: {"using":"xpath","value":"//*[@id=\"rfm.programui::xRFMxCU_Program__AllowedFundingTypeObjectPage--fe::FooterBar::_fc\"]"}
COMMAND: POST /session/7c34aaf14bfe1bda27bb3b99577c62d4/element/f.549D4DB69F416BD034E967A21DECD785.d.A2EBE009D5AFEB8F19ED1DE55722784C.e.515/click - {}
RESULT: {}
COMMAND: GET /session/7c34aaf14bfe1bda27bb3b99577c62d4/screenshot - {}
RESULT: {}
COMMAND: POST /session/7c34aaf14bfe1bda27bb3b99577c62d4/execute/async - {"script":"<script> [21 bytes]","args":[{"forceSelect":true,"selector":{"id":"rfm.programui::xRFMxCU_Program__AllowedFundingTypeObjectPage--fe::FooterBar::StandardAction::Apply"},"wdio_ui5_key":"rfmprogramui::xRFMxCU_Program__AllowedFundingTypeObjectPage--fe::FooterBar::StandardAction::Apply"}]}
RESULT: {"script":"<script> [21 bytes]","args":[{"forceSelect":true,"selector":{"id":"rfm.programui::xRFMxCU_Program__AllowedFundingTypeObjectPage--fe::FooterBar::StandardAction::Apply"},"wdio_ui5_key":"rfmprogramui::xRFMxCU_Program__AllowedFundingTypeObjectPage--fe::FooterBar::StandardAction::Apply"}]}
RESULT: undefined
COMMAND: POST /session/7c34aaf14bfe1bda27bb3b99577c62d4/element - {"using":"xpath","value":"//*[@id=\"rfm.programui::xRFMxCU_Program__AllowedFundingTypeObjectPage--fe::FooterBar::StandardAction::Apply\"]"}
RESULT: {"using":"xpath","value":"//*[@id=\"rfm.programui::xRFMxCU_Program__AllowedFundingTypeObjectPage--fe::FooterBar::StandardAction::Apply\"]"}
COMMAND: POST /session/7c34aaf14bfe1bda27bb3b99577c62d4/element/f.549D4DB69F416BD034E967A21DECD785.d.A2EBE009D5AFEB8F19ED1DE55722784C.e.498/click - {}
RESULT: {}
COMMAND: GET /session/7c34aaf14bfe1bda27bb3b99577c62d4/screenshot - {}
RESULT: {}
COMMAND: POST /session/7c34aaf14bfe1bda27bb3b99577c62d4/execute/async - {"script":"<script> [21 bytes]","args":[{"selector":{"id":"rfm.programui::xRFMxCU_ProgramObjectPage--fe::ObjectPage-anchBar-rfm.programui::xRFMxCU_ProgramObjectPage--fe::EditableHeaderSection-anchor","interaction":{"idSuffix":"text"}},"wdio_ui5_key":"rfmprogramui::xRFMxCU_ProgramObjectPage--fe::ObjectPage-anchBar-rfm.programui::xRFMxCU_ProgramObjectPage--fe::EditableHeaderSection-anchor"}]}
RESULT: {"script":"<script> [21 bytes]","args":[{"selector":{"id":"rfm.programui::xRFMxCU_ProgramObjectPage--fe::ObjectPage-anchBar-rfm.programui::xRFMxCU_ProgramObjectPage--fe::EditableHeaderSection-anchor","interaction":{"idSuffix":"text"}},"wdio_ui5_key":"rfmprogramui::xRFMxCU_ProgramObjectPage--fe::ObjectPage-anchBar-rfm.programui::xRFMxCU_ProgramObjectPage--fe::EditableHeaderSection-anchor"}]}
RESULT: undefined
COMMAND: POST /session/7c34aaf14bfe1bda27bb3b99577c62d4/element - {"using":"xpath","value":"//*[@id=\"rfm.programui::xRFMxCU_ProgramObjectPage--fe::ObjectPage-anchBar-rfm.programui::xRFMxCU_ProgramObjectPage--fe::EditableHeaderSection-anchor\"]"}
RESULT: {"using":"xpath","value":"//*[@id=\"rfm.programui::xRFMxCU_ProgramObjectPage--fe::ObjectPage-anchBar-rfm.programui::xRFMxCU_ProgramObjectPage--fe::EditableHeaderSection-anchor\"]"}
COMMAND: POST /session/7c34aaf14bfe1bda27bb3b99577c62d4/element/f.549D4DB69F416BD034E967A21DECD785.d.A2EBE009D5AFEB8F19ED1DE55722784C.e.564/click - {}
RESULT: {}
COMMAND: POST /session/7c34aaf14bfe1bda27bb3b99577c62d4/execute/async - {"script":"<script> [21 bytes]","args":[{"selector":{"id":"rfm.programui::xRFMxCU_ProgramObjectPage--fe::HeaderFacet::FormContainer::headerFieldsGP1::FormElement::DataField::Name::Field-edit","interaction":{"idSuffix":"inner"}},"wdio_ui5_key":"rfmprogramui::xRFMxCU_ProgramObjectPage--fe::HeaderFacet::FormContainer::headerFieldsGP1::FormElement::DataField::Name::Field-edit"}]}
COMMAND: GET /session/7c34aaf14bfe1bda27bb3b99577c62d4/screenshot - {}
RESULT: {"script":"<script> [21 bytes]","args":[{"selector":{"id":"rfm.programui::xRFMxCU_ProgramObjectPage--fe::HeaderFacet::FormContainer::headerFieldsGP1::FormElement::DataField::Name::Field-edit","interaction":{"idSuffix":"inner"}},"wdio_ui5_key":"rfmprogramui::xRFMxCU_ProgramObjectPage--fe::HeaderFacet::FormContainer::headerFieldsGP1::FormElement::DataField::Name::Field-edit"}]}
RESULT: undefined
COMMAND: POST /session/7c34aaf14bfe1bda27bb3b99577c62d4/execute/async - {"script":"<script> [20 bytes]","args":[{"enterText":"WDIO_Conditions_2025-09-01","selector":{"id":"rfm.programui::xRFMxCU_ProgramObjectPage--fe::HeaderFacet::FormContainer::headerFieldsGP1::FormElement::DataField::Name::Field-edit","interaction":{"idSuffix":"inner"}},"clearTextFirst":true,"interactionType":"ENTER_TEXT"}]}
RESULT: {}
RESULT: {"script":"<script> [20 bytes]","args":[{"enterText":"WDIO_Conditions_2025-09-01","selector":{"id":"rfm.programui::xRFMxCU_ProgramObjectPage--fe::HeaderFacet::FormContainer::headerFieldsGP1::FormElement::DataField::Name::Field-edit","interaction":{"idSuffix":"inner"}},"clearTextFirst":true,"interactionType":"ENTER_TEXT"}]}
COMMAND: POST /session/7c34aaf14bfe1bda27bb3b99577c62d4/execute/async - {"script":"<script> [21 bytes]","args":[{"selector":{"id":"rfm.programui::xRFMxCU_ProgramObjectPage--fe::FooterBar::StandardAction::Save","interaction":{"idSuffix":"BDI-content"}},"wdio_ui5_key":"rfmprogramui::xRFMxCU_ProgramObjectPage--fe::FooterBar::StandardAction::Save"}]}
RESULT: {"script":"<script> [21 bytes]","args":[{"selector":{"id":"rfm.programui::xRFMxCU_ProgramObjectPage--fe::FooterBar::StandardAction::Save","interaction":{"idSuffix":"BDI-content"}},"wdio_ui5_key":"rfmprogramui::xRFMxCU_ProgramObjectPage--fe::FooterBar::StandardAction::Save"}]}
RESULT: undefined
COMMAND: POST /session/7c34aaf14bfe1bda27bb3b99577c62d4/element - {"using":"xpath","value":"//*[@id=\"rfm.programui::xRFMxCU_ProgramObjectPage--fe::FooterBar::StandardAction::Save\"]"}
RESULT: {"using":"xpath","value":"//*[@id=\"rfm.programui::xRFMxCU_ProgramObjectPage--fe::FooterBar::StandardAction::Save\"]"}
COMMAND: POST /session/7c34aaf14bfe1bda27bb3b99577c62d4/element/f.549D4DB69F416BD034E967A21DECD785.d.A2EBE009D5AFEB8F19ED1DE55722784C.e.424/click - {}
RESULT: {}
COMMAND: POST /session/7c34aaf14bfe1bda27bb3b99577c62d4/execute/async - {"script":"<script> [21 bytes]","args":[{"selector":{"id":"rfm.programui::xRFMxCU_ProgramObjectPage--fe::HeaderFacet::Form::headerFieldsGP1::DataField::ProgramId::Field-content"},"wdio_ui5_key":"rfmprogramui::xRFMxCU_ProgramObjectPage--fe::HeaderFacet::Form::headerFieldsGP1::DataField::ProgramId::Field-content"}]}
COMMAND: GET /session/7c34aaf14bfe1bda27bb3b99577c62d4/screenshot - {}
RESULT: {"script":"<script> [21 bytes]","args":[{"selector":{"id":"rfm.programui::xRFMxCU_ProgramObjectPage--fe::HeaderFacet::Form::headerFieldsGP1::DataField::ProgramId::Field-content"},"wdio_ui5_key":"rfmprogramui::xRFMxCU_ProgramObjectPage--fe::HeaderFacet::Form::headerFieldsGP1::DataField::ProgramId::Field-content"}]}
RESULT: undefined
COMMAND: POST /session/7c34aaf14bfe1bda27bb3b99577c62d4/execute/async - {"script":"<script> [21 bytes]","args":[{"element-6066-11e4-a52e-4f735466cecf":"f.549D4DB69F416BD034E967A21DECD785.d.A2EBE009D5AFEB8F19ED1DE55722784C.e.580"},"getText",[]]}
RESULT: {}
RESULT: {"script":"<script> [21 bytes]","args":[{"element-6066-11e4-a52e-4f735466cecf":"f.549D4DB69F416BD034E967A21DECD785.d.A2EBE009D5AFEB8F19ED1DE55722784C.e.580"},"getText",[]]}
COMMAND: POST /session/7c34aaf14bfe1bda27bb3b99577c62d4/execute/async - {"script":"<script> [21 bytes]","args":[{"selector":{"id":"rfm.programui::xRFMxCU_ProgramObjectPage--fe::DataFieldForAction::com.sap.gateway.srvd.rfm.ui_program.v0001.Open::com.sap.gateway.srvd.rfm.ui_program.v0001.xRFMxCU_ProgramType","interaction":{"idSuffix":"BDI-content"}},"wdio_ui5_key":"rfmprogramui::xRFMxCU_ProgramObjectPage--fe::DataFieldForAction::com.sap.gateway.srvd.rfm.ui_program.v0001.Open::com.sap.gateway.srvd.rfm.ui_program.v0001.xRFMxCU_ProgramType"}]}
RESULT: {"script":"<script> [21 bytes]","args":[{"selector":{"id":"rfm.programui::xRFMxCU_ProgramObjectPage--fe::DataFieldForAction::com.sap.gateway.srvd.rfm.ui_program.v0001.Open::com.sap.gateway.srvd.rfm.ui_program.v0001.xRFMxCU_ProgramType","interaction":{"idSuffix":"BDI-content"}},"wdio_ui5_key":"rfmprogramui::xRFMxCU_ProgramObjectPage--fe::DataFieldForAction::com.sap.gateway.srvd.rfm.ui_program.v0001.Open::com.sap.gateway.srvd.rfm.ui_program.v0001.xRFMxCU_ProgramType"}]}
RESULT: undefined
COMMAND: POST /session/7c34aaf14bfe1bda27bb3b99577c62d4/element - {"using":"xpath","value":"//*[@id=\"rfm.programui::xRFMxCU_ProgramObjectPage--fe::DataFieldForAction::com.sap.gateway.srvd.rfm.ui_program.v0001.Open::com.sap.gateway.srvd.rfm.ui_program.v0001.xRFMxCU_ProgramType\"]"}
RESULT: {"using":"xpath","value":"//*[@id=\"rfm.programui::xRFMxCU_ProgramObjectPage--fe::DataFieldForAction::com.sap.gateway.srvd.rfm.ui_program.v0001.Open::com.sap.gateway.srvd.rfm.ui_program.v0001.xRFMxCU_ProgramType\"]"}
COMMAND: POST /session/7c34aaf14bfe1bda27bb3b99577c62d4/element/f.549D4DB69F416BD034E967A21DECD785.d.A2EBE009D5AFEB8F19ED1DE55722784C.e.343/click - {}
RESULT: {}
COMMAND: POST /session/7c34aaf14bfe1bda27bb3b99577c62d4/execute/async - {"script":"<script> [21 bytes]","args":[{"selector":{"controlType":"sap.m.Button","properties":{"text":"OK"},"searchOpenDialogs":true,"interaction":{"idSuffix":"BDI-content"}},"wdio_ui5_key":"sapm.Button{\"text\":\"OK\"}"}]}
COMMAND: GET /session/7c34aaf14bfe1bda27bb3b99577c62d4/screenshot - {}
RESULT: {"script":"<script> [21 bytes]","args":[{"selector":{"controlType":"sap.m.Button","properties":{"text":"OK"},"searchOpenDialogs":true,"interaction":{"idSuffix":"BDI-content"}},"wdio_ui5_key":"sapm.Button{\"text\":\"OK\"}"}]}
RESULT: undefined
COMMAND: POST /session/7c34aaf14bfe1bda27bb3b99577c62d4/element - {"using":"xpath","value":"//*[@id=\"__mbox-btn-0\"]"}
RESULT: {}
RESULT: {"using":"xpath","value":"//*[@id=\"__mbox-btn-0\"]"}
COMMAND: POST /session/7c34aaf14bfe1bda27bb3b99577c62d4/element/f.549D4DB69F416BD034E967A21DECD785.d.A2EBE009D5AFEB8F19ED1DE55722784C.e.615/click - {}
RESULT: {}
COMMAND: POST /session/7c34aaf14bfe1bda27bb3b99577c62d4/execute/async - {"script":"<script> [21 bytes]","args":[{"selector":{"id":"backBtn"},"wdio_ui5_key":"backBtn"}]}
COMMAND: GET /session/7c34aaf14bfe1bda27bb3b99577c62d4/screenshot - {}
RESULT: {"script":"<script> [21 bytes]","args":[{"selector":{"id":"backBtn"},"wdio_ui5_key":"backBtn"}]}
RESULT: undefined
COMMAND: POST /session/7c34aaf14bfe1bda27bb3b99577c62d4/element - {"using":"xpath","value":"//*[@id=\"backBtn\"]"}
RESULT: {}
RESULT: {"using":"xpath","value":"//*[@id=\"backBtn\"]"}
COMMAND: POST /session/7c34aaf14bfe1bda27bb3b99577c62d4/element/f.549D4DB69F416BD034E967A21DECD785.d.A2EBE009D5AFEB8F19ED1DE55722784C.e.620/click - {}
RESULT: {}
COMMAND: GET /session/7c34aaf14bfe1bda27bb3b99577c62d4/screenshot - {}
RESULT: {}
COMMAND: POST /session/7c34aaf14bfe1bda27bb3b99577c62d4/element/f.549D4DB69F416BD034E967A21DECD785.d.A2EBE009D5AFEB8F19ED1DE55722784C.e.620/click - {}
COMMAND: GET /session/7c34aaf14bfe1bda27bb3b99577c62d4/screenshot - {}
]]></system-out>
    </testcase>
    <testcase classname="chrome.139_0_7258_139.windows.ABS_Conditions" name="Should create Transaction" time="59.991">
      <skipped/>
      <system-out><![CDATA[
COMMAND: POST /session/7c34aaf14bfe1bda27bb3b99577c62d4/execute/async - {"script":"<script> [21 bytes]","args":[{"selector":{"controlType":"sap.m.GenericTile","properties":{"header":"Funding Transaction"}},"wdio_ui5_key":"sapm.GenericTile{\"header\":\"Funding Transaction\"}"}]}
RESULT: {}
COMMAND: GET /session/7c34aaf14bfe1bda27bb3b99577c62d4/screenshot - {}
RESULT: {}
RESULT: {"script":"<script> [21 bytes]","args":[{"selector":{"controlType":"sap.m.GenericTile","properties":{"header":"Funding Transaction"}},"wdio_ui5_key":"sapm.GenericTile{\"header\":\"Funding Transaction\"}"}]}
RESULT: undefined
COMMAND: POST /session/7c34aaf14bfe1bda27bb3b99577c62d4/element - {"using":"xpath","value":"//*[@id=\"__tile30\"]"}
RESULT: {}
RESULT: {"using":"xpath","value":"//*[@id=\"__tile30\"]"}
COMMAND: POST /session/7c34aaf14bfe1bda27bb3b99577c62d4/element/f.549D4DB69F416BD034E967A21DECD785.d.A2EBE009D5AFEB8F19ED1DE55722784C.e.733/click - {}
RESULT: {}
COMMAND: POST /session/7c34aaf14bfe1bda27bb3b99577c62d4/execute/async - {"script":"<script> [21 bytes]","args":[{"selector":{"id":"rfm.transactionui::xRFMxCU_TransactionList--fe::table::allTab::LineItem::StandardAction::Create","controlType":"sap.m.Button"},"wdio_ui5_key":"rfmtransactionui::xRFMxCU_TransactionList--fe::table::allTab::LineItem::StandardAction::Createsap.m.Button"}]}
COMMAND: GET /session/7c34aaf14bfe1bda27bb3b99577c62d4/screenshot - {}
RESULT: {"script":"<script> [21 bytes]","args":[{"selector":{"id":"rfm.transactionui::xRFMxCU_TransactionList--fe::table::allTab::LineItem::StandardAction::Create","controlType":"sap.m.Button"},"wdio_ui5_key":"rfmtransactionui::xRFMxCU_TransactionList--fe::table::allTab::LineItem::StandardAction::Createsap.m.Button"}]}
RESULT: undefined
COMMAND: POST /session/7c34aaf14bfe1bda27bb3b99577c62d4/element - {"using":"xpath","value":"//*[@id=\"rfm.transactionui::xRFMxCU_TransactionList--fe::table::allTab::LineItem::StandardAction::Create\"]"}
RESULT: {}
RESULT: {"using":"xpath","value":"//*[@id=\"rfm.transactionui::xRFMxCU_TransactionList--fe::table::allTab::LineItem::StandardAction::Create\"]"}
COMMAND: POST /session/7c34aaf14bfe1bda27bb3b99577c62d4/element/f.549D4DB69F416BD034E967A21DECD785.d.A2EBE009D5AFEB8F19ED1DE55722784C.e.789/click - {}
RESULT: {}
COMMAND: POST /session/7c34aaf14bfe1bda27bb3b99577c62d4/execute/async - {"script":"<script> [21 bytes]","args":[{"selector":{"id":"CreateDialog::xRFMxCU_TransactionType::ProgramId-inner-vhi","searchOpenDialogs":true},"wdio_ui5_key":"CreateDialogxRFMxCU_TransactionType::ProgramId-inner-vhi"}]}
COMMAND: GET /session/7c34aaf14bfe1bda27bb3b99577c62d4/screenshot - {}
RESULT: {"script":"<script> [21 bytes]","args":[{"selector":{"id":"CreateDialog::xRFMxCU_TransactionType::ProgramId-inner-vhi","searchOpenDialogs":true},"wdio_ui5_key":"CreateDialogxRFMxCU_TransactionType::ProgramId-inner-vhi"}]}
RESULT: undefined
COMMAND: POST /session/7c34aaf14bfe1bda27bb3b99577c62d4/element - {"using":"xpath","value":"//*[@id=\"CreateDialog::xRFMxCU_TransactionType::ProgramId-inner-vhi\"]"}
RESULT: {}
RESULT: {"using":"xpath","value":"//*[@id=\"CreateDialog::xRFMxCU_TransactionType::ProgramId-inner-vhi\"]"}
COMMAND: POST /session/7c34aaf14bfe1bda27bb3b99577c62d4/element/f.549D4DB69F416BD034E967A21DECD785.d.A2EBE009D5AFEB8F19ED1DE55722784C.e.979/click - {}
RESULT: {}
COMMAND: POST /session/7c34aaf14bfe1bda27bb3b99577c62d4/execute/async - {"script":"<script> [21 bytes]","args":[{"selector":{"id":"ProgramId::VH::Dialog::qualifier::-search-inner","searchOpenDialogs":true,"interaction":{"idSuffix":"I"}},"wdio_ui5_key":"ProgramIdVH::Dialog::qualifier::-search-inner"}]}
COMMAND: GET /session/7c34aaf14bfe1bda27bb3b99577c62d4/screenshot - {}
RESULT: {"script":"<script> [21 bytes]","args":[{"selector":{"id":"ProgramId::VH::Dialog::qualifier::-search-inner","searchOpenDialogs":true,"interaction":{"idSuffix":"I"}},"wdio_ui5_key":"ProgramIdVH::Dialog::qualifier::-search-inner"}]}
RESULT: undefined
COMMAND: POST /session/7c34aaf14bfe1bda27bb3b99577c62d4/execute/async - {"script":"<script> [20 bytes]","args":[{"enterText":"*2234*","selector":{"id":"ProgramId::VH::Dialog::qualifier::-search-inner","searchOpenDialogs":true,"interaction":{"idSuffix":"I"}},"clearTextFirst":true,"interactionType":"ENTER_TEXT"}]}
RESULT: {}
RESULT: {"script":"<script> [20 bytes]","args":[{"enterText":"*2234*","selector":{"id":"ProgramId::VH::Dialog::qualifier::-search-inner","searchOpenDialogs":true,"interaction":{"idSuffix":"I"}},"clearTextFirst":true,"interactionType":"ENTER_TEXT"}]}
COMMAND: POST /session/7c34aaf14bfe1bda27bb3b99577c62d4/execute/async - {"script":"<script> [21 bytes]","args":[{"selector":{"id":"ProgramId::VH::Dialog::qualifier::::Table-innerTable-rows-row0","searchOpenDialogs":true},"wdio_ui5_key":"ProgramIdVH::Dialog::qualifier::::Table-innerTable-rows-row0"}]}
RESULT: {"script":"<script> [21 bytes]","args":[{"selector":{"id":"ProgramId::VH::Dialog::qualifier::::Table-innerTable-rows-row0","searchOpenDialogs":true},"wdio_ui5_key":"ProgramIdVH::Dialog::qualifier::::Table-innerTable-rows-row0"}]}
RESULT: undefined
COMMAND: POST /session/7c34aaf14bfe1bda27bb3b99577c62d4/element - {"using":"xpath","value":"//*[@id=\"ProgramId::VH::Dialog::qualifier::::Table-innerTable-rows-row0\"]"}
RESULT: {"using":"xpath","value":"//*[@id=\"ProgramId::VH::Dialog::qualifier::::Table-innerTable-rows-row0\"]"}
COMMAND: POST /session/7c34aaf14bfe1bda27bb3b99577c62d4/element/f.549D4DB69F416BD034E967A21DECD785.d.A2EBE009D5AFEB8F19ED1DE55722784C.e.988/click - {}
RESULT: {}
COMMAND: POST /session/7c34aaf14bfe1bda27bb3b99577c62d4/execute/async - {"script":"<script> [21 bytes]","args":[{"selector":{"id":"CreateDialog::xRFMxCU_TransactionType::FundingType-inner","searchOpenDialogs":true,"interaction":{"idSuffix":"inner"}},"wdio_ui5_key":"CreateDialogxRFMxCU_TransactionType::FundingType-inner"}]}
COMMAND: GET /session/7c34aaf14bfe1bda27bb3b99577c62d4/screenshot - {}
RESULT: {"script":"<script> [21 bytes]","args":[{"selector":{"id":"CreateDialog::xRFMxCU_TransactionType::FundingType-inner","searchOpenDialogs":true,"interaction":{"idSuffix":"inner"}},"wdio_ui5_key":"CreateDialogxRFMxCU_TransactionType::FundingType-inner"}]}
RESULT: undefined
COMMAND: POST /session/7c34aaf14bfe1bda27bb3b99577c62d4/execute/async - {"script":"<script> [20 bytes]","args":[{"enterText":"Securitization (Structuring by Originator) (99)","selector":{"id":"CreateDialog::xRFMxCU_TransactionType::FundingType-inner","searchOpenDialogs":true,"interaction":{"idSuffix":"inner"}},"clearTextFirst":true,"interactionType":"ENTER_TEXT"}]}
RESULT: {}
RESULT: {"script":"<script> [20 bytes]","args":[{"enterText":"Securitization (Structuring by Originator) (99)","selector":{"id":"CreateDialog::xRFMxCU_TransactionType::FundingType-inner","searchOpenDialogs":true,"interaction":{"idSuffix":"inner"}},"clearTextFirst":true,"interactionType":"ENTER_TEXT"}]}
COMMAND: POST /session/7c34aaf14bfe1bda27bb3b99577c62d4/execute/async - {"script":"<script> [21 bytes]","args":[{"selector":{"id":"CreateDialog::xRFMxCU_Transaction-footer","searchOpenDialogs":true},"wdio_ui5_key":"CreateDialogxRFMxCU_Transaction-footer"}]}
RESULT: {"script":"<script> [21 bytes]","args":[{"selector":{"id":"CreateDialog::xRFMxCU_Transaction-footer","searchOpenDialogs":true},"wdio_ui5_key":"CreateDialogxRFMxCU_Transaction-footer"}]}
RESULT: undefined
COMMAND: POST /session/7c34aaf14bfe1bda27bb3b99577c62d4/element - {"using":"xpath","value":"//*[@id=\"CreateDialog::xRFMxCU_Transaction-footer\"]"}
RESULT: {"using":"xpath","value":"//*[@id=\"CreateDialog::xRFMxCU_Transaction-footer\"]"}
COMMAND: POST /session/7c34aaf14bfe1bda27bb3b99577c62d4/element/f.549D4DB69F416BD034E967A21DECD785.d.A2EBE009D5AFEB8F19ED1DE55722784C.e.991/click - {}
COMMAND: POST /session/7c34aaf14bfe1bda27bb3b99577c62d4/execute/async - {"script":"<script> [21 bytes]","args":[{"forceSelect":true,"selector":{"controlType":"sap.m.Button","viewName":"sap.fe.templates.ObjectPage.ObjectPage","viewId":"rfm.transactionui::xRFMxCU_TransactionObjectPage","properties":{"text":"Continue"},"searchOpenDialogs":true,"interaction":{"idSuffix":"BDI-content"}},"wdio_ui5_key":"sapfe.templates.ObjectPage.ObjectPagesap.m.Button{\"text\":\"Continue\"}"}]}
RESULT: {"script":"<script> [21 bytes]","args":[{"forceSelect":true,"selector":{"controlType":"sap.m.Button","viewName":"sap.fe.templates.ObjectPage.ObjectPage","viewId":"rfm.transactionui::xRFMxCU_TransactionObjectPage","properties":{"text":"Continue"},"searchOpenDialogs":true,"interaction":{"idSuffix":"BDI-content"}},"wdio_ui5_key":"sapfe.templates.ObjectPage.ObjectPagesap.m.Button{\"text\":\"Continue\"}"}]}
RESULT: undefined
COMMAND: POST /session/7c34aaf14bfe1bda27bb3b99577c62d4/element - {"using":"xpath","value":"//*[@id=\"__button257\"]"}
RESULT: {"using":"xpath","value":"//*[@id=\"__button257\"]"}
COMMAND: POST /session/7c34aaf14bfe1bda27bb3b99577c62d4/element/f.549D4DB69F416BD034E967A21DECD785.d.A2EBE009D5AFEB8F19ED1DE55722784C.e.993/click - {}
COMMAND: POST /session/7c34aaf14bfe1bda27bb3b99577c62d4/execute/async - {"script":"<script> [21 bytes]","args":[{"selector":{"id":"rfm.transactionui::xRFMxCU_TransactionObjectPage--fe::CustomSubSection::CustomDetailsSection--fe::FormContainer::FieldGroup::Term::FormElement::DataField::AssetCashflowDateFrom::Field-edit","interaction":{"idSuffix":"inner"}},"wdio_ui5_key":"rfmtransactionui::xRFMxCU_TransactionObjectPage--fe::CustomSubSection::CustomDetailsSection--fe::FormContainer::FieldGroup::Term::FormElement::DataField::AssetCashflowDateFrom::Field-edit"}]}
RESULT: {"script":"<script> [21 bytes]","args":[{"selector":{"id":"rfm.transactionui::xRFMxCU_TransactionObjectPage--fe::CustomSubSection::CustomDetailsSection--fe::FormContainer::FieldGroup::Term::FormElement::DataField::AssetCashflowDateFrom::Field-edit","interaction":{"idSuffix":"inner"}},"wdio_ui5_key":"rfmtransactionui::xRFMxCU_TransactionObjectPage--fe::CustomSubSection::CustomDetailsSection--fe::FormContainer::FieldGroup::Term::FormElement::DataField::AssetCashflowDateFrom::Field-edit"}]}
RESULT: undefined
COMMAND: POST /session/7c34aaf14bfe1bda27bb3b99577c62d4/execute/async - {"script":"<script> [21 bytes]","args":[{"selector":{"id":"rfm.transactionui::xRFMxCU_TransactionObjectPage--fe::CustomSubSection::CustomDetailsSection--fe::FormContainer::FieldGroup::Term::FormElement::DataField::AssetCashflowDateTo::Field-edit","interaction":{"idSuffix":"inner"}},"wdio_ui5_key":"rfmtransactionui::xRFMxCU_TransactionObjectPage--fe::CustomSubSection::CustomDetailsSection--fe::FormContainer::FieldGroup::Term::FormElement::DataField::AssetCashflowDateTo::Field-edit"}]}
RESULT: {"script":"<script> [21 bytes]","args":[{"selector":{"id":"rfm.transactionui::xRFMxCU_TransactionObjectPage--fe::CustomSubSection::CustomDetailsSection--fe::FormContainer::FieldGroup::Term::FormElement::DataField::AssetCashflowDateTo::Field-edit","interaction":{"idSuffix":"inner"}},"wdio_ui5_key":"rfmtransactionui::xRFMxCU_TransactionObjectPage--fe::CustomSubSection::CustomDetailsSection--fe::FormContainer::FieldGroup::Term::FormElement::DataField::AssetCashflowDateTo::Field-edit"}]}
RESULT: undefined
COMMAND: POST /session/7c34aaf14bfe1bda27bb3b99577c62d4/execute/async - {"script":"<script> [21 bytes]","args":[{"selector":{"id":"rfm.transactionui::xRFMxCU_TransactionObjectPage--fe::ObjectPage-anchBar-rfm.transactionui::xRFMxCU_TransactionObjectPage--fe::EditableHeaderSection-anchor","interaction":{"idSuffix":"text"}},"wdio_ui5_key":"rfmtransactionui::xRFMxCU_TransactionObjectPage--fe::ObjectPage-anchBar-rfm.transactionui::xRFMxCU_TransactionObjectPage--fe::EditableHeaderSection-anchor"}]}
RESULT: {"script":"<script> [21 bytes]","args":[{"selector":{"id":"rfm.transactionui::xRFMxCU_TransactionObjectPage--fe::ObjectPage-anchBar-rfm.transactionui::xRFMxCU_TransactionObjectPage--fe::EditableHeaderSection-anchor","interaction":{"idSuffix":"text"}},"wdio_ui5_key":"rfmtransactionui::xRFMxCU_TransactionObjectPage--fe::ObjectPage-anchBar-rfm.transactionui::xRFMxCU_TransactionObjectPage--fe::EditableHeaderSection-anchor"}]}
RESULT: undefined
COMMAND: POST /session/7c34aaf14bfe1bda27bb3b99577c62d4/execute/async - {"script":"<script> [21 bytes]","args":[{"selector":{"id":"rfm.transactionui::xRFMxCU_TransactionObjectPage--fe::HeaderFacet::FormContainer::headerFieldsGP1::FormElement::DataField::Name::Field-edit","interaction":{"idSuffix":"inner"}},"wdio_ui5_key":"rfmtransactionui::xRFMxCU_TransactionObjectPage--fe::HeaderFacet::FormContainer::headerFieldsGP1::FormElement::DataField::Name::Field-edit"}]}
RESULT: {"script":"<script> [21 bytes]","args":[{"selector":{"id":"rfm.transactionui::xRFMxCU_TransactionObjectPage--fe::HeaderFacet::FormContainer::headerFieldsGP1::FormElement::DataField::Name::Field-edit","interaction":{"idSuffix":"inner"}},"wdio_ui5_key":"rfmtransactionui::xRFMxCU_TransactionObjectPage--fe::HeaderFacet::FormContainer::headerFieldsGP1::FormElement::DataField::Name::Field-edit"}]}
RESULT: undefined
COMMAND: POST /session/7c34aaf14bfe1bda27bb3b99577c62d4/execute/async - {"script":"<script> [21 bytes]","args":[{"selector":{"id":"rfm.transactionui::xRFMxCU_TransactionObjectPage--fe::HeaderFacet::FormContainer::headerFieldsGP1::FormElement::DataField::TransactionId::Field-display"},"wdio_ui5_key":"rfmtransactionui::xRFMxCU_TransactionObjectPage--fe::HeaderFacet::FormContainer::headerFieldsGP1::FormElement::DataField::TransactionId::Field-display"}]}
RESULT: {"script":"<script> [21 bytes]","args":[{"selector":{"id":"rfm.transactionui::xRFMxCU_TransactionObjectPage--fe::HeaderFacet::FormContainer::headerFieldsGP1::FormElement::DataField::TransactionId::Field-display"},"wdio_ui5_key":"rfmtransactionui::xRFMxCU_TransactionObjectPage--fe::HeaderFacet::FormContainer::headerFieldsGP1::FormElement::DataField::TransactionId::Field-display"}]}
RESULT: undefined
COMMAND: POST /session/7c34aaf14bfe1bda27bb3b99577c62d4/execute/async - {"script":"<script> [21 bytes]","args":[{"selector":{"id":"rfm.transactionui::xRFMxCU_TransactionObjectPage--fe::ObjectPage-anchBar-rfm.transactionui::xRFMxCU_TransactionObjectPage--fe::FacetSection::FundingScopeCollection-anchor"},"wdio_ui5_key":"rfmtransactionui::xRFMxCU_TransactionObjectPage--fe::ObjectPage-anchBar-rfm.transactionui::xRFMxCU_TransactionObjectPage--fe::FacetSection::FundingScopeCollection-anchor"}]}
RESULT: {"script":"<script> [21 bytes]","args":[{"selector":{"id":"rfm.transactionui::xRFMxCU_TransactionObjectPage--fe::ObjectPage-anchBar-rfm.transactionui::xRFMxCU_TransactionObjectPage--fe::FacetSection::FundingScopeCollection-anchor"},"wdio_ui5_key":"rfmtransactionui::xRFMxCU_TransactionObjectPage--fe::ObjectPage-anchBar-rfm.transactionui::xRFMxCU_TransactionObjectPage--fe::FacetSection::FundingScopeCollection-anchor"}]}
RESULT: undefined
COMMAND: POST /session/7c34aaf14bfe1bda27bb3b99577c62d4/element - {"using":"xpath","value":"//*[@id=\"rfm.transactionui::xRFMxCU_TransactionObjectPage--fe::ObjectPage-anchBar-rfm.transactionui::xRFMxCU_TransactionObjectPage--fe::FacetSection::FundingScopeCollection-anchor\"]"}
RESULT: {"using":"xpath","value":"//*[@id=\"rfm.transactionui::xRFMxCU_TransactionObjectPage--fe::ObjectPage-anchBar-rfm.transactionui::xRFMxCU_TransactionObjectPage--fe::FacetSection::FundingScopeCollection-anchor\"]"}
COMMAND: POST /session/7c34aaf14bfe1bda27bb3b99577c62d4/element/f.549D4DB69F416BD034E967A21DECD785.d.A2EBE009D5AFEB8F19ED1DE55722784C.e.994/click - {}
COMMAND: POST /session/7c34aaf14bfe1bda27bb3b99577c62d4/execute/async - {"script":"<script> [21 bytes]","args":[{"selector":{"controlType":"sap.ui.mdc.field.FieldInput","viewName":"sap.fe.templates.ObjectPage.ObjectPage","viewId":"rfm.transactionui::xRFMxCU_TransactionObjectPage","bindingPath":{"path":"","propertyPath":"/conditions","modelName":"$field"},"ancestor":{"controlType":"sap.ui.mdc.Field","viewName":"sap.fe.templates.ObjectPage.ObjectPage","viewId":"rfm.transactionui::xRFMxCU_TransactionObjectPage","bindingPath":{"path":"/xRFMxCU_Transaction(TransactionId='undefined',IsActiveEntity=false)/_TransactionCFPart(TransactionId='undefined',CashFlowPartType='1',IsActiveEntity=false)","propertyPath":"__EntityControl/Updatable"}},"interaction":{"idSuffix":"inner"}},"wdio_ui5_key":"sapfe.templates.ObjectPage.ObjectPagesap.ui.mdc.field.FieldInput{\"path\":\"\",\"propertyPath\":\"/conditions\",\"modelName\":\"$field\"}{\"controlType\":\"sap.ui.mdc.Field\",\"viewName\":\"sap.fe.templates.ObjectPage.ObjectPage\",\"viewId\":\"rfm.transactionui::xRFMxCU_TransactionObjectPage\",\"bindingPath\":{\"path\":\"/xRFMxCU_Transaction(TransactionId='undefined',IsActiveEntity=false)/_TransactionCFPart(TransactionId='undefined',CashFlowPartType='1',IsActiveEntity=false)\",\"propertyPath\":\"__EntityControl/Updatable\"}}"}]}
RESULT: {"script":"<script> [21 bytes]","args":[{"selector":{"controlType":"sap.ui.mdc.field.FieldInput","viewName":"sap.fe.templates.ObjectPage.ObjectPage","viewId":"rfm.transactionui::xRFMxCU_TransactionObjectPage","bindingPath":{"path":"","propertyPath":"/conditions","modelName":"$field"},"ancestor":{"controlType":"sap.ui.mdc.Field","viewName":"sap.fe.templates.ObjectPage.ObjectPage","viewId":"rfm.transactionui::xRFMxCU_TransactionObjectPage","bindingPath":{"path":"/xRFMxCU_Transaction(TransactionId='undefined',IsActiveEntity=false)/_TransactionCFPart(TransactionId='undefined',CashFlowPartType='1',IsActiveEntity=false)","propertyPath":"__EntityControl/Updatable"}},"interaction":{"idSuffix":"inner"}},"wdio_ui5_key":"sapfe.templates.ObjectPage.ObjectPagesap.ui.mdc.field.FieldInput{\"path\":\"\",\"propertyPath\":\"/conditions\",\"modelName\":\"$field\"}{\"controlType\":\"sap.ui.mdc.Field\",\"viewName\":\"sap.fe.templates.ObjectPage.ObjectPage\",\"viewId\":\"rfm.transactionui::xRFMxCU_TransactionObjectPage\",\"bindingPath\":{\"path\":\"/xRFMxCU_Transaction(TransactionId='undefined',IsActiveEntity=false)/_TransactionCFPart(TransactionId='undefined',CashFlowPartType='1',IsActiveEntity=false)\",\"propertyPath\":\"__EntityControl/Updatable\"}}"}]}
RESULT: undefined
COMMAND: POST /session/7c34aaf14bfe1bda27bb3b99577c62d4/execute/async - {"script":"<script> [21 bytes]","args":[{"selector":{"id":"rfm.transactionui::xRFMxCU_TransactionObjectPage--fe::table::_TransactionCFPart::LineItem-innerTable-rows-row1","interaction":{"idSuffix":"col0"}},"wdio_ui5_key":"rfmtransactionui::xRFMxCU_TransactionObjectPage--fe::table::_TransactionCFPart::LineItem-innerTable-rows-row1"}]}
RESULT: {"script":"<script> [21 bytes]","args":[{"selector":{"id":"rfm.transactionui::xRFMxCU_TransactionObjectPage--fe::table::_TransactionCFPart::LineItem-innerTable-rows-row1","interaction":{"idSuffix":"col0"}},"wdio_ui5_key":"rfmtransactionui::xRFMxCU_TransactionObjectPage--fe::table::_TransactionCFPart::LineItem-innerTable-rows-row1"}]}
RESULT: undefined
COMMAND: POST /session/7c34aaf14bfe1bda27bb3b99577c62d4/execute/async - {"script":"<script> [21 bytes]","args":[{"forceSelect":true,"selector":{"controlType":"sap.ui.mdc.field.FieldInput","viewName":"sap.fe.templates.ObjectPage.ObjectPage","viewId":"rfm.transactionui::xRFMxCU_TransactionObjectPage","bindingPath":{"path":"","propertyPath":"/conditions","modelName":"$field"},"ancestor":{"controlType":"sap.ui.mdc.Field","viewName":"sap.fe.templates.ObjectPage.ObjectPage","viewId":"rfm.transactionui::xRFMxCU_TransactionObjectPage","bindingPath":{"path":"/xRFMxCU_Transaction(TransactionId='undefined',IsActiveEntity=false)/_TransactionCFPart(TransactionId='undefined',CashFlowPartType='2',IsActiveEntity=false)","propertyPath":"__EntityControl/Updatable"}},"interaction":{"idSuffix":"inner"}},"wdio_ui5_key":"sapfe.templates.ObjectPage.ObjectPagesap.ui.mdc.field.FieldInput{\"path\":\"\",\"propertyPath\":\"/conditions\",\"modelName\":\"$field\"}{\"controlType\":\"sap.ui.mdc.Field\",\"viewName\":\"sap.fe.templates.ObjectPage.ObjectPage\",\"viewId\":\"rfm.transactionui::xRFMxCU_TransactionObjectPage\",\"bindingPath\":{\"path\":\"/xRFMxCU_Transaction(TransactionId='undefined',IsActiveEntity=false)/_TransactionCFPart(TransactionId='undefined',CashFlowPartType='2',IsActiveEntity=false)\",\"propertyPath\":\"__EntityControl/Updatable\"}}"}]}
RESULT: {"script":"<script> [21 bytes]","args":[{"forceSelect":true,"selector":{"controlType":"sap.ui.mdc.field.FieldInput","viewName":"sap.fe.templates.ObjectPage.ObjectPage","viewId":"rfm.transactionui::xRFMxCU_TransactionObjectPage","bindingPath":{"path":"","propertyPath":"/conditions","modelName":"$field"},"ancestor":{"controlType":"sap.ui.mdc.Field","viewName":"sap.fe.templates.ObjectPage.ObjectPage","viewId":"rfm.transactionui::xRFMxCU_TransactionObjectPage","bindingPath":{"path":"/xRFMxCU_Transaction(TransactionId='undefined',IsActiveEntity=false)/_TransactionCFPart(TransactionId='undefined',CashFlowPartType='2',IsActiveEntity=false)","propertyPath":"__EntityControl/Updatable"}},"interaction":{"idSuffix":"inner"}},"wdio_ui5_key":"sapfe.templates.ObjectPage.ObjectPagesap.ui.mdc.field.FieldInput{\"path\":\"\",\"propertyPath\":\"/conditions\",\"modelName\":\"$field\"}{\"controlType\":\"sap.ui.mdc.Field\",\"viewName\":\"sap.fe.templates.ObjectPage.ObjectPage\",\"viewId\":\"rfm.transactionui::xRFMxCU_TransactionObjectPage\",\"bindingPath\":{\"path\":\"/xRFMxCU_Transaction(TransactionId='undefined',IsActiveEntity=false)/_TransactionCFPart(TransactionId='undefined',CashFlowPartType='2',IsActiveEntity=false)\",\"propertyPath\":\"__EntityControl/Updatable\"}}"}]}
RESULT: undefined
COMMAND: GET /session/7c34aaf14bfe1bda27bb3b99577c62d4/screenshot - {}
COMMAND: GET /session/7c34aaf14bfe1bda27bb3b99577c62d4/screenshot - {}
RESULT: {}
RESULT: {}
]]></system-out>
      <system-err><![CDATA[
Error: waitUntil condition failed with the following reason: fieldInput.getEditable is not a function
    at process.processTimers (node:internal/timers:516:9)
    at async Context.<anonymous> (D:\a\1\s\test\specs\ABS\ABSConditions.spec.js:476:18)
]]></system-err>
    </testcase>
    <testcase classname="chrome.139_0_7258_139.windows.ABS_Conditions" name="Should create Transaction" time="43.116">
      <failure/>
      <error message="waitUntil condition failed with the following reason: fieldInput.getEditable is not a function"/>
      <system-out><![CDATA[
RESULT: undefined
COMMAND: POST /session/7c34aaf14bfe1bda27bb3b99577c62d4/element - {"using":"xpath","value":"//*[@id=\"__tile30\"]"}
RESULT: {"using":"xpath","value":"//*[@id=\"__tile30\"]"}
COMMAND: POST /session/7c34aaf14bfe1bda27bb3b99577c62d4/element/f.549D4DB69F416BD034E967A21DECD785.d.A2EBE009D5AFEB8F19ED1DE55722784C.e.995/click - {}
RESULT: undefined
COMMAND: POST /session/7c34aaf14bfe1bda27bb3b99577c62d4/element/f.549D4DB69F416BD034E967A21DECD785.d.A2EBE009D5AFEB8F19ED1DE55722784C.e.789/click - {}
RESULT: undefined
COMMAND: POST /session/7c34aaf14bfe1bda27bb3b99577c62d4/element - {"using":"xpath","value":"//*[@id=\"CreateDialog::xRFMxCU_TransactionType::ProgramId-inner-vhi\"]"}
RESULT: {"using":"xpath","value":"//*[@id=\"CreateDialog::xRFMxCU_TransactionType::ProgramId-inner-vhi\"]"}
COMMAND: POST /session/7c34aaf14bfe1bda27bb3b99577c62d4/element/f.549D4DB69F416BD034E967A21DECD785.d.A2EBE009D5AFEB8F19ED1DE55722784C.e.979/click - {}
RESULT: undefined
COMMAND: POST /session/7c34aaf14bfe1bda27bb3b99577c62d4/execute/async - {"script":"<script> [20 bytes]","args":[{"enterText":"*2234*","selector":{"id":"ProgramId::VH::Dialog::qualifier::-search-inner","searchOpenDialogs":true,"interaction":{"idSuffix":"I"}},"clearTextFirst":true,"interactionType":"ENTER_TEXT"}]}
RESULT: {"script":"<script> [20 bytes]","args":[{"enterText":"*2234*","selector":{"id":"ProgramId::VH::Dialog::qualifier::-search-inner","searchOpenDialogs":true,"interaction":{"idSuffix":"I"}},"clearTextFirst":true,"interactionType":"ENTER_TEXT"}]}
RESULT: undefined
COMMAND: POST /session/7c34aaf14bfe1bda27bb3b99577c62d4/element - {"using":"xpath","value":"//*[@id=\"ProgramId::VH::Dialog::qualifier::::Table-innerTable-rows-row0\"]"}
RESULT: {"using":"xpath","value":"//*[@id=\"ProgramId::VH::Dialog::qualifier::::Table-innerTable-rows-row0\"]"}
COMMAND: POST /session/7c34aaf14bfe1bda27bb3b99577c62d4/element/f.549D4DB69F416BD034E967A21DECD785.d.A2EBE009D5AFEB8F19ED1DE55722784C.e.988/click - {}
RESULT: undefined
COMMAND: POST /session/7c34aaf14bfe1bda27bb3b99577c62d4/execute/async - {"script":"<script> [20 bytes]","args":[{"enterText":"Securitization (Structuring by Originator) (99)","selector":{"id":"CreateDialog::xRFMxCU_TransactionType::FundingType-inner","searchOpenDialogs":true,"interaction":{"idSuffix":"inner"}},"clearTextFirst":true,"interactionType":"ENTER_TEXT"}]}
RESULT: {"script":"<script> [20 bytes]","args":[{"enterText":"Securitization (Structuring by Originator) (99)","selector":{"id":"CreateDialog::xRFMxCU_TransactionType::FundingType-inner","searchOpenDialogs":true,"interaction":{"idSuffix":"inner"}},"clearTextFirst":true,"interactionType":"ENTER_TEXT"}]}
RESULT: undefined
COMMAND: POST /session/7c34aaf14bfe1bda27bb3b99577c62d4/element - {"using":"xpath","value":"//*[@id=\"CreateDialog::xRFMxCU_Transaction-footer\"]"}
RESULT: {"using":"xpath","value":"//*[@id=\"CreateDialog::xRFMxCU_Transaction-footer\"]"}
COMMAND: POST /session/7c34aaf14bfe1bda27bb3b99577c62d4/element/f.549D4DB69F416BD034E967A21DECD785.d.A2EBE009D5AFEB8F19ED1DE55722784C.e.991/click - {}
COMMAND: POST /session/7c34aaf14bfe1bda27bb3b99577c62d4/execute/async - {"script":"<script> [21 bytes]","args":[{"forceSelect":true,"selector":{"controlType":"sap.m.Button","viewName":"sap.fe.templates.ObjectPage.ObjectPage","viewId":"rfm.transactionui::xRFMxCU_TransactionObjectPage","properties":{"text":"Continue"},"searchOpenDialogs":true,"interaction":{"idSuffix":"BDI-content"}},"wdio_ui5_key":"sapfe.templates.ObjectPage.ObjectPagesap.m.Button{\"text\":\"Continue\"}"}]}
RESULT: {"script":"<script> [21 bytes]","args":[{"forceSelect":true,"selector":{"controlType":"sap.m.Button","viewName":"sap.fe.templates.ObjectPage.ObjectPage","viewId":"rfm.transactionui::xRFMxCU_TransactionObjectPage","properties":{"text":"Continue"},"searchOpenDialogs":true,"interaction":{"idSuffix":"BDI-content"}},"wdio_ui5_key":"sapfe.templates.ObjectPage.ObjectPagesap.m.Button{\"text\":\"Continue\"}"}]}
RESULT: undefined
COMMAND: POST /session/7c34aaf14bfe1bda27bb3b99577c62d4/element - {"using":"xpath","value":"//*[@id=\"__button257\"]"}
RESULT: {"using":"xpath","value":"//*[@id=\"__button257\"]"}
COMMAND: POST /session/7c34aaf14bfe1bda27bb3b99577c62d4/element/f.549D4DB69F416BD034E967A21DECD785.d.A2EBE009D5AFEB8F19ED1DE55722784C.e.993/click - {}
RESULT: undefined
RESULT: undefined
RESULT: undefined
RESULT: undefined
RESULT: undefined
RESULT: undefined
COMMAND: POST /session/7c34aaf14bfe1bda27bb3b99577c62d4/element - {"using":"xpath","value":"//*[@id=\"rfm.transactionui::xRFMxCU_TransactionObjectPage--fe::ObjectPage-anchBar-rfm.transactionui::xRFMxCU_TransactionObjectPage--fe::FacetSection::FundingScopeCollection-anchor\"]"}
RESULT: {"using":"xpath","value":"//*[@id=\"rfm.transactionui::xRFMxCU_TransactionObjectPage--fe::ObjectPage-anchBar-rfm.transactionui::xRFMxCU_TransactionObjectPage--fe::FacetSection::FundingScopeCollection-anchor\"]"}
COMMAND: POST /session/7c34aaf14bfe1bda27bb3b99577c62d4/element/f.549D4DB69F416BD034E967A21DECD785.d.A2EBE009D5AFEB8F19ED1DE55722784C.e.994/click - {}
RESULT: undefined
RESULT: undefined
COMMAND: POST /session/7c34aaf14bfe1bda27bb3b99577c62d4/execute/async - {"script":"<script> [21 bytes]","args":[{"forceSelect":true,"selector":{"controlType":"sap.ui.mdc.field.FieldInput","viewName":"sap.fe.templates.ObjectPage.ObjectPage","viewId":"rfm.transactionui::xRFMxCU_TransactionObjectPage","bindingPath":{"path":"","propertyPath":"/conditions","modelName":"$field"},"ancestor":{"controlType":"sap.ui.mdc.Field","viewName":"sap.fe.templates.ObjectPage.ObjectPage","viewId":"rfm.transactionui::xRFMxCU_TransactionObjectPage","bindingPath":{"path":"/xRFMxCU_Transaction(TransactionId='undefined',IsActiveEntity=false)/_TransactionCFPart(TransactionId='undefined',CashFlowPartType='2',IsActiveEntity=false)","propertyPath":"__EntityControl/Updatable"}},"interaction":{"idSuffix":"inner"}},"wdio_ui5_key":"sapfe.templates.ObjectPage.ObjectPagesap.ui.mdc.field.FieldInput{\"path\":\"\",\"propertyPath\":\"/conditions\",\"modelName\":\"$field\"}{\"controlType\":\"sap.ui.mdc.Field\",\"viewName\":\"sap.fe.templates.ObjectPage.ObjectPage\",\"viewId\":\"rfm.transactionui::xRFMxCU_TransactionObjectPage\",\"bindingPath\":{\"path\":\"/xRFMxCU_Transaction(TransactionId='undefined',IsActiveEntity=false)/_TransactionCFPart(TransactionId='undefined',CashFlowPartType='2',IsActiveEntity=false)\",\"propertyPath\":\"__EntityControl/Updatable\"}}"}]}
RESULT: {"script":"<script> [21 bytes]","args":[{"forceSelect":true,"selector":{"controlType":"sap.ui.mdc.field.FieldInput","viewName":"sap.fe.templates.ObjectPage.ObjectPage","viewId":"rfm.transactionui::xRFMxCU_TransactionObjectPage","bindingPath":{"path":"","propertyPath":"/conditions","modelName":"$field"},"ancestor":{"controlType":"sap.ui.mdc.Field","viewName":"sap.fe.templates.ObjectPage.ObjectPage","viewId":"rfm.transactionui::xRFMxCU_TransactionObjectPage","bindingPath":{"path":"/xRFMxCU_Transaction(TransactionId='undefined',IsActiveEntity=false)/_TransactionCFPart(TransactionId='undefined',CashFlowPartType='2',IsActiveEntity=false)","propertyPath":"__EntityControl/Updatable"}},"interaction":{"idSuffix":"inner"}},"wdio_ui5_key":"sapfe.templates.ObjectPage.ObjectPagesap.ui.mdc.field.FieldInput{\"path\":\"\",\"propertyPath\":\"/conditions\",\"modelName\":\"$field\"}{\"controlType\":\"sap.ui.mdc.Field\",\"viewName\":\"sap.fe.templates.ObjectPage.ObjectPage\",\"viewId\":\"rfm.transactionui::xRFMxCU_TransactionObjectPage\",\"bindingPath\":{\"path\":\"/xRFMxCU_Transaction(TransactionId='undefined',IsActiveEntity=false)/_TransactionCFPart(TransactionId='undefined',CashFlowPartType='2',IsActiveEntity=false)\",\"propertyPath\":\"__EntityControl/Updatable\"}}"}]}
RESULT: undefined
COMMAND: GET /session/7c34aaf14bfe1bda27bb3b99577c62d4/screenshot - {}
COMMAND: GET /session/7c34aaf14bfe1bda27bb3b99577c62d4/screenshot - {}
RESULT: {}
RESULT: {}
]]></system-out>
      <system-err><![CDATA[
Error: waitUntil condition failed with the following reason: fieldInput.getEditable is not a function
    at async Context.<anonymous> (D:\a\1\s\test\specs\ABS\ABSConditions.spec.js:476:18)
]]></system-err>
    </testcase>
    <testcase classname="chrome.139_0_7258_139.windows.ABS_Conditions" name="Should filter created Transaction" time="3.924">
      <skipped/>
      <system-out><![CDATA[
COMMAND: POST /session/7c34aaf14bfe1bda27bb3b99577c62d4/execute/async - {"script":"<script> [21 bytes]","args":[{"selector":{"controlType":"sap.m.GenericTile","properties":{"header":"ABS Conditions"}},"wdio_ui5_key":"sapm.GenericTile{\"header\":\"ABS Conditions\"}"}]}
COMMAND: GET /session/7c34aaf14bfe1bda27bb3b99577c62d4/screenshot - {}
RESULT: {"script":"<script> [21 bytes]","args":[{"selector":{"controlType":"sap.m.GenericTile","properties":{"header":"ABS Conditions"}},"wdio_ui5_key":"sapm.GenericTile{\"header\":\"ABS Conditions\"}"}]}
RESULT: undefined
RESULT: undefined
COMMAND: POST /session/7c34aaf14bfe1bda27bb3b99577c62d4/execute/async - {"script":"<script> [21 bytes]","args":[{"selector":{"id":"rfm.conditionsui::xRFMxCU_ConditionsList--fe::FilterBar::xRFMxCU_Conditions::FilterField::TransactionId-inner","interaction":{"idSuffix":"inner"}},"wdio_ui5_key":"rfmconditionsui::xRFMxCU_ConditionsList--fe::FilterBar::xRFMxCU_Conditions::FilterField::TransactionId-inner"}]}
RESULT: {}
RESULT: {"script":"<script> [21 bytes]","args":[{"selector":{"id":"rfm.conditionsui::xRFMxCU_ConditionsList--fe::FilterBar::xRFMxCU_Conditions::FilterField::TransactionId-inner","interaction":{"idSuffix":"inner"}},"wdio_ui5_key":"rfmconditionsui::xRFMxCU_ConditionsList--fe::FilterBar::xRFMxCU_Conditions::FilterField::TransactionId-inner"}]}
RESULT: undefined
COMMAND: POST /session/7c34aaf14bfe1bda27bb3b99577c62d4/execute/async - {"script":"<script> [21 bytes]","args":[{"selector":{"id":"rfm.conditionsui::xRFMxCU_ConditionsList--fe::FilterBar::xRFMxCU_Conditions-btnSearch","interaction":{"idSuffix":"BDI-content"}},"wdio_ui5_key":"rfmconditionsui::xRFMxCU_ConditionsList--fe::FilterBar::xRFMxCU_Conditions-btnSearch"}]}
RESULT: {"script":"<script> [21 bytes]","args":[{"selector":{"id":"rfm.conditionsui::xRFMxCU_ConditionsList--fe::FilterBar::xRFMxCU_Conditions-btnSearch","interaction":{"idSuffix":"BDI-content"}},"wdio_ui5_key":"rfmconditionsui::xRFMxCU_ConditionsList--fe::FilterBar::xRFMxCU_Conditions-btnSearch"}]}
RESULT: undefined
COMMAND: POST /session/7c34aaf14bfe1bda27bb3b99577c62d4/execute/async - {"script":"<script> [21 bytes]","args":[{"selector":{"id":"rfm.conditionsui::xRFMxCU_ConditionsList--fe::table::allTab::LineItem-innerTable-rows-row0"},"wdio_ui5_key":"rfmconditionsui::xRFMxCU_ConditionsList--fe::table::allTab::LineItem-innerTable-rows-row0"}]}
RESULT: {"script":"<script> [21 bytes]","args":[{"selector":{"id":"rfm.conditionsui::xRFMxCU_ConditionsList--fe::table::allTab::LineItem-innerTable-rows-row0"},"wdio_ui5_key":"rfmconditionsui::xRFMxCU_ConditionsList--fe::table::allTab::LineItem-innerTable-rows-row0"}]}
RESULT: undefined
RESULT: undefined
COMMAND: GET /session/7c34aaf14bfe1bda27bb3b99577c62d4/screenshot - {}
COMMAND: GET /session/7c34aaf14bfe1bda27bb3b99577c62d4/screenshot - {}
RESULT: {}
]]></system-out>
      <system-err><![CDATA[
TypeError: Cannot read properties of undefined (reading 'match')
    at Context.<anonymous> (D:\a\1\s\test\specs\ABS\ABSConditions.spec.js:590:40)
]]></system-err>
    </testcase>
    <testcase classname="chrome.139_0_7258_139.windows.ABS_Conditions" name="Should filter created Transaction" time="0.703">
      <failure/>
      <error message="Cannot read properties of undefined (reading 'match')"/>
      <system-out><![CDATA[
RESULT: undefined
RESULT: undefined
RESULT: undefined
RESULT: undefined
RESULT: undefined
RESULT: undefined
COMMAND: GET /session/7c34aaf14bfe1bda27bb3b99577c62d4/screenshot - {}
COMMAND: GET /session/7c34aaf14bfe1bda27bb3b99577c62d4/screenshot - {}
RESULT: {}
RESULT: {}
]]></system-out>
      <system-err><![CDATA[
TypeError: Cannot read properties of undefined (reading 'match')
    at Context.<anonymous> (D:\a\1\s\test\specs\ABS\ABSConditions.spec.js:590:40)
]]></system-err>
    </testcase>
    <testcase classname="chrome.139_0_7258_139.windows.ABS_Conditions" name="Should check creation of a Condition Position" time="8.872">
      <skipped/>
      <system-out><![CDATA[
COMMAND: POST /session/7c34aaf14bfe1bda27bb3b99577c62d4/execute/async - {"script":"<script> [21 bytes]","args":[{"selector":{"id":"rfm.conditionsui::xRFMxCU_ConditionsObjectPage--fe::StandardAction::Edit","interaction":{"idSuffix":"inner"}},"wdio_ui5_key":"rfmconditionsui::xRFMxCU_ConditionsObjectPage--fe::StandardAction::Edit"}]}
COMMAND: GET /session/7c34aaf14bfe1bda27bb3b99577c62d4/screenshot - {}
RESULT: {}
RESULT: {"script":"<script> [21 bytes]","args":[{"selector":{"id":"rfm.conditionsui::xRFMxCU_ConditionsObjectPage--fe::StandardAction::Edit","interaction":{"idSuffix":"inner"}},"wdio_ui5_key":"rfmconditionsui::xRFMxCU_ConditionsObjectPage--fe::StandardAction::Edit"}]}
RESULT: undefined
COMMAND: POST /session/7c34aaf14bfe1bda27bb3b99577c62d4/execute/async - {"script":"<script> [21 bytes]","args":[{"selector":{"id":"rfm.conditionsui::xRFMxCU_ConditionsObjectPage--fe::table::_ConditionPosition::LineItem::StandardAction::Create","interaction":{"idSuffix":"BDI-content"}},"wdio_ui5_key":"rfmconditionsui::xRFMxCU_ConditionsObjectPage--fe::table::_ConditionPosition::LineItem::StandardAction::Create"}]}
RESULT: {}
RESULT: {"script":"<script> [21 bytes]","args":[{"selector":{"id":"rfm.conditionsui::xRFMxCU_ConditionsObjectPage--fe::table::_ConditionPosition::LineItem::StandardAction::Create","interaction":{"idSuffix":"BDI-content"}},"wdio_ui5_key":"rfmconditionsui::xRFMxCU_ConditionsObjectPage--fe::table::_ConditionPosition::LineItem::StandardAction::Create"}]}
RESULT: undefined
COMMAND: POST /session/7c34aaf14bfe1bda27bb3b99577c62d4/execute/async - {"script":"<script> [21 bytes]","args":[{"selector":{"id":"CreateDialog::xRFMxCU_ConditionPositionType::ConditionType-inner","searchOpenDialogs":true,"interaction":{"idSuffix":"inner"}},"wdio_ui5_key":"CreateDialogxRFMxCU_ConditionPositionType::ConditionType-inner"}]}
RESULT: {"script":"<script> [21 bytes]","args":[{"selector":{"id":"CreateDialog::xRFMxCU_ConditionPositionType::ConditionType-inner","searchOpenDialogs":true,"interaction":{"idSuffix":"inner"}},"wdio_ui5_key":"CreateDialogxRFMxCU_ConditionPositionType::ConditionType-inner"}]}
RESULT: undefined
COMMAND: POST /session/7c34aaf14bfe1bda27bb3b99577c62d4/execute/async - {"script":"<script> [21 bytes]","args":[{"selector":{"id":"CreateDialog::xRFMxCU_ConditionPositionType::ValidFrom-inner","searchOpenDialogs":true,"interaction":{"idSuffix":"inner"}},"wdio_ui5_key":"CreateDialogxRFMxCU_ConditionPositionType::ValidFrom-inner"}]}
RESULT: {"script":"<script> [21 bytes]","args":[{"selector":{"id":"CreateDialog::xRFMxCU_ConditionPositionType::ValidFrom-inner","searchOpenDialogs":true,"interaction":{"idSuffix":"inner"}},"wdio_ui5_key":"CreateDialogxRFMxCU_ConditionPositionType::ValidFrom-inner"}]}
RESULT: undefined
COMMAND: POST /session/7c34aaf14bfe1bda27bb3b99577c62d4/execute/async - {"script":"<script> [21 bytes]","args":[{"forceSelect":true,"selector":{"controlType":"sap.m.Button","viewName":"sap.fe.templates.ObjectPage.ObjectPage","viewId":"rfm.conditionsui::xRFMxCU_Conditions__ConditionPositionObjectPage","properties":{"text":"Continue"},"searchOpenDialogs":true,"interaction":{"idSuffix":"BDI-content"}},"wdio_ui5_key":"sapfe.templates.ObjectPage.ObjectPagesap.m.Button{\"text\":\"Continue\"}"}]}
RESULT: {"script":"<script> [21 bytes]","args":[{"forceSelect":true,"selector":{"controlType":"sap.m.Button","viewName":"sap.fe.templates.ObjectPage.ObjectPage","viewId":"rfm.conditionsui::xRFMxCU_Conditions__ConditionPositionObjectPage","properties":{"text":"Continue"},"searchOpenDialogs":true,"interaction":{"idSuffix":"BDI-content"}},"wdio_ui5_key":"sapfe.templates.ObjectPage.ObjectPagesap.m.Button{\"text\":\"Continue\"}"}]}
RESULT: undefined
COMMAND: POST /session/7c34aaf14bfe1bda27bb3b99577c62d4/element - {"using":"xpath","value":"//*[@id=\"__button257\"]"}
RESULT: {"using":"xpath","value":"//*[@id=\"__button257\"]"}
COMMAND: POST /session/7c34aaf14bfe1bda27bb3b99577c62d4/element/f.549D4DB69F416BD034E967A21DECD785.d.A2EBE009D5AFEB8F19ED1DE55722784C.e.993/click - {}
COMMAND: POST /session/7c34aaf14bfe1bda27bb3b99577c62d4/execute/async - {"script":"<script> [21 bytes]","args":[{"selector":{"id":"rfm.conditionsui::xRFMxCU_Conditions__ConditionPositionObjectPage--fe::FormContainer::FieldGroup::detailsFieldsGP1::FormElement::DataField::ConditionType::Field-display"},"wdio_ui5_key":"rfmconditionsui::xRFMxCU_Conditions__ConditionPositionObjectPage--fe::FormContainer::FieldGroup::detailsFieldsGP1::FormElement::DataField::ConditionType::Field-display"}]}
RESULT: {"script":"<script> [21 bytes]","args":[{"selector":{"id":"rfm.conditionsui::xRFMxCU_Conditions__ConditionPositionObjectPage--fe::FormContainer::FieldGroup::detailsFieldsGP1::FormElement::DataField::ConditionType::Field-display"},"wdio_ui5_key":"rfmconditionsui::xRFMxCU_Conditions__ConditionPositionObjectPage--fe::FormContainer::FieldGroup::detailsFieldsGP1::FormElement::DataField::ConditionType::Field-display"}]}
RESULT: undefined
COMMAND: GET /session/7c34aaf14bfe1bda27bb3b99577c62d4/screenshot - {}
COMMAND: GET /session/7c34aaf14bfe1bda27bb3b99577c62d4/screenshot - {}
RESULT: {}
]]></system-out>
      <system-err><![CDATA[
Error: expect(received).toEqual(expected) // deep equality

Expected: "Taxes (2103)"
Received: undefined
    at Context.<anonymous> (D:\a\1\s\test\specs\ABS\ABSConditions.spec.js:699:22)
]]></system-err>
    </testcase>
    <testcase classname="chrome.139_0_7258_139.windows.ABS_Conditions" name="Should check creation of a Condition Position" time="8.673">
      <failure/>
      <error message="expect(received).toEqual(expected) // deep equality&#xA;&#xA;Expected: &quot;Taxes (2103)&quot;&#xA;Received: undefined"/>
      <system-out><![CDATA[
RESULT: undefined
RESULT: undefined
RESULT: undefined
RESULT: undefined
COMMAND: POST /session/7c34aaf14bfe1bda27bb3b99577c62d4/execute/async - {"script":"<script> [21 bytes]","args":[{"forceSelect":true,"selector":{"controlType":"sap.m.Button","viewName":"sap.fe.templates.ObjectPage.ObjectPage","viewId":"rfm.conditionsui::xRFMxCU_Conditions__ConditionPositionObjectPage","properties":{"text":"Continue"},"searchOpenDialogs":true,"interaction":{"idSuffix":"BDI-content"}},"wdio_ui5_key":"sapfe.templates.ObjectPage.ObjectPagesap.m.Button{\"text\":\"Continue\"}"}]}
RESULT: {}
RESULT: {"script":"<script> [21 bytes]","args":[{"forceSelect":true,"selector":{"controlType":"sap.m.Button","viewName":"sap.fe.templates.ObjectPage.ObjectPage","viewId":"rfm.conditionsui::xRFMxCU_Conditions__ConditionPositionObjectPage","properties":{"text":"Continue"},"searchOpenDialogs":true,"interaction":{"idSuffix":"BDI-content"}},"wdio_ui5_key":"sapfe.templates.ObjectPage.ObjectPagesap.m.Button{\"text\":\"Continue\"}"}]}
RESULT: undefined
COMMAND: POST /session/7c34aaf14bfe1bda27bb3b99577c62d4/element - {"using":"xpath","value":"//*[@id=\"__button257\"]"}
RESULT: {"using":"xpath","value":"//*[@id=\"__button257\"]"}
COMMAND: POST /session/7c34aaf14bfe1bda27bb3b99577c62d4/element/f.549D4DB69F416BD034E967A21DECD785.d.A2EBE009D5AFEB8F19ED1DE55722784C.e.993/click - {}
RESULT: undefined
COMMAND: GET /session/7c34aaf14bfe1bda27bb3b99577c62d4/screenshot - {}
COMMAND: GET /session/7c34aaf14bfe1bda27bb3b99577c62d4/screenshot - {}
RESULT: {}
]]></system-out>
      <system-err><![CDATA[
Error: expect(received).toEqual(expected) // deep equality

Expected: "Taxes (2103)"
Received: undefined
    at Context.<anonymous> (D:\a\1\s\test\specs\ABS\ABSConditions.spec.js:699:22)
]]></system-err>
    </testcase>
    <testcase classname="chrome.139_0_7258_139.windows.ABS_Conditions" name="Should check deletion of a Condition Position" time="60.802">
      <skipped/>
      <system-out><![CDATA[
RESULT: undefined
COMMAND: POST /session/7c34aaf14bfe1bda27bb3b99577c62d4/element - {"using":"css selector","value":"div[id='rfm.conditionsui::xRFMxCU_ConditionsObjectPage--fe::table::_ConditionPosition::LineItem-innerTable-rowsel0']"}
COMMAND: GET /session/7c34aaf14bfe1bda27bb3b99577c62d4/screenshot - {}
RESULT: {}
RESULT: {"using":"css selector","value":"div[id='rfm.conditionsui::xRFMxCU_ConditionsObjectPage--fe::table::_ConditionPosition::LineItem-innerTable-rowsel0']"}
COMMAND: POST /session/7c34aaf14bfe1bda27bb3b99577c62d4/elements - {"using":"css selector","value":"div[id='rfm.conditionsui::xRFMxCU_ConditionsObjectPage--fe::table::_ConditionPosition::LineItem-innerTable-rowsel0']"}
RESULT: {}
RESULT: {"using":"css selector","value":"div[id='rfm.conditionsui::xRFMxCU_ConditionsObjectPage--fe::table::_ConditionPosition::LineItem-innerTable-rowsel0']"}
COMMAND: POST /session/7c34aaf14bfe1bda27bb3b99577c62d4/elements - {"using":"css selector","value":"div[id='rfm.conditionsui::xRFMxCU_ConditionsObjectPage--fe::table::_ConditionPosition::LineItem-innerTable-rowsel0']"}
RESULT: {"using":"css selector","value":"div[id='rfm.conditionsui::xRFMxCU_ConditionsObjectPage--fe::table::_ConditionPosition::LineItem-innerTable-rowsel0']"}
COMMAND: POST /session/7c34aaf14bfe1bda27bb3b99577c62d4/elements - {"using":"css selector","value":"div[id='rfm.conditionsui::xRFMxCU_ConditionsObjectPage--fe::table::_ConditionPosition::LineItem-innerTable-rowsel0']"}
RESULT: {"using":"css selector","value":"div[id='rfm.conditionsui::xRFMxCU_ConditionsObjectPage--fe::table::_ConditionPosition::LineItem-innerTable-rowsel0']"}
COMMAND: POST /session/7c34aaf14bfe1bda27bb3b99577c62d4/elements - {"using":"css selector","value":"div[id='rfm.conditionsui::xRFMxCU_ConditionsObjectPage--fe::table::_ConditionPosition::LineItem-innerTable-rowsel0']"}
RESULT: {"using":"css selector","value":"div[id='rfm.conditionsui::xRFMxCU_ConditionsObjectPage--fe::table::_ConditionPosition::LineItem-innerTable-rowsel0']"}
COMMAND: POST /session/7c34aaf14bfe1bda27bb3b99577c62d4/elements - {"using":"css selector","value":"div[id='rfm.conditionsui::xRFMxCU_ConditionsObjectPage--fe::table::_ConditionPosition::LineItem-innerTable-rowsel0']"}
RESULT: {"using":"css selector","value":"div[id='rfm.conditionsui::xRFMxCU_ConditionsObjectPage--fe::table::_ConditionPosition::LineItem-innerTable-rowsel0']"}
COMMAND: POST /session/7c34aaf14bfe1bda27bb3b99577c62d4/elements - {"using":"css selector","value":"div[id='rfm.conditionsui::xRFMxCU_ConditionsObjectPage--fe::table::_ConditionPosition::LineItem-innerTable-rowsel0']"}
RESULT: {"using":"css selector","value":"div[id='rfm.conditionsui::xRFMxCU_ConditionsObjectPage--fe::table::_ConditionPosition::LineItem-innerTable-rowsel0']"}
COMMAND: POST /session/7c34aaf14bfe1bda27bb3b99577c62d4/elements - {"using":"css selector","value":"div[id='rfm.conditionsui::xRFMxCU_ConditionsObjectPage--fe::table::_ConditionPosition::LineItem-innerTable-rowsel0']"}
RESULT: {"using":"css selector","value":"div[id='rfm.conditionsui::xRFMxCU_ConditionsObjectPage--fe::table::_ConditionPosition::LineItem-innerTable-rowsel0']"}
COMMAND: POST /session/7c34aaf14bfe1bda27bb3b99577c62d4/elements - {"using":"css selector","value":"div[id='rfm.conditionsui::xRFMxCU_ConditionsObjectPage--fe::table::_ConditionPosition::LineItem-innerTable-rowsel0']"}
RESULT: {"using":"css selector","value":"div[id='rfm.conditionsui::xRFMxCU_ConditionsObjectPage--fe::table::_ConditionPosition::LineItem-innerTable-rowsel0']"}
COMMAND: POST /session/7c34aaf14bfe1bda27bb3b99577c62d4/elements - {"using":"css selector","value":"div[id='rfm.conditionsui::xRFMxCU_ConditionsObjectPage--fe::table::_ConditionPosition::LineItem-innerTable-rowsel0']"}
RESULT: {"using":"css selector","value":"div[id='rfm.conditionsui::xRFMxCU_ConditionsObjectPage--fe::table::_ConditionPosition::LineItem-innerTable-rowsel0']"}
COMMAND: POST /session/7c34aaf14bfe1bda27bb3b99577c62d4/elements - {"using":"css selector","value":"div[id='rfm.conditionsui::xRFMxCU_ConditionsObjectPage--fe::table::_ConditionPosition::LineItem-innerTable-rowsel0']"}
RESULT: {"using":"css selector","value":"div[id='rfm.conditionsui::xRFMxCU_ConditionsObjectPage--fe::table::_ConditionPosition::LineItem-innerTable-rowsel0']"}
COMMAND: POST /session/7c34aaf14bfe1bda27bb3b99577c62d4/elements - {"using":"css selector","value":"div[id='rfm.conditionsui::xRFMxCU_ConditionsObjectPage--fe::table::_ConditionPosition::LineItem-innerTable-rowsel0']"}
RESULT: {"using":"css selector","value":"div[id='rfm.conditionsui::xRFMxCU_ConditionsObjectPage--fe::table::_ConditionPosition::LineItem-innerTable-rowsel0']"}
COMMAND: POST /session/7c34aaf14bfe1bda27bb3b99577c62d4/elements - {"using":"css selector","value":"div[id='rfm.conditionsui::xRFMxCU_ConditionsObjectPage--fe::table::_ConditionPosition::LineItem-innerTable-rowsel0']"}
RESULT: {"using":"css selector","value":"div[id='rfm.conditionsui::xRFMxCU_ConditionsObjectPage--fe::table::_ConditionPosition::LineItem-innerTable-rowsel0']"}
COMMAND: POST /session/7c34aaf14bfe1bda27bb3b99577c62d4/elements - {"using":"css selector","value":"div[id='rfm.conditionsui::xRFMxCU_ConditionsObjectPage--fe::table::_ConditionPosition::LineItem-innerTable-rowsel0']"}
RESULT: {"using":"css selector","value":"div[id='rfm.conditionsui::xRFMxCU_ConditionsObjectPage--fe::table::_ConditionPosition::LineItem-innerTable-rowsel0']"}
COMMAND: POST /session/7c34aaf14bfe1bda27bb3b99577c62d4/elements - {"using":"css selector","value":"div[id='rfm.conditionsui::xRFMxCU_ConditionsObjectPage--fe::table::_ConditionPosition::LineItem-innerTable-rowsel0']"}
RESULT: {"using":"css selector","value":"div[id='rfm.conditionsui::xRFMxCU_ConditionsObjectPage--fe::table::_ConditionPosition::LineItem-innerTable-rowsel0']"}
COMMAND: POST /session/7c34aaf14bfe1bda27bb3b99577c62d4/elements - {"using":"css selector","value":"div[id='rfm.conditionsui::xRFMxCU_ConditionsObjectPage--fe::table::_ConditionPosition::LineItem-innerTable-rowsel0']"}
[...]
RESULT: {"using":"css selector","value":"div[id='rfm.conditionsui::xRFMxCU_ConditionsObjectPage--fe::table::_ConditionPosition::LineItem-innerTable-rowsel0']"}
COMMAND: POST /session/7c34aaf14bfe1bda27bb3b99577c62d4/elements - {"using":"css selector","value":"div[id='rfm.conditionsui::xRFMxCU_ConditionsObjectPage--fe::table::_ConditionPosition::LineItem-innerTable-rowsel0']"}
RESULT: {"using":"css selector","value":"div[id='rfm.conditionsui::xRFMxCU_ConditionsObjectPage--fe::table::_ConditionPosition::LineItem-innerTable-rowsel0']"}
COMMAND: POST /session/7c34aaf14bfe1bda27bb3b99577c62d4/elements - {"using":"css selector","value":"div[id='rfm.conditionsui::xRFMxCU_ConditionsObjectPage--fe::table::_ConditionPosition::LineItem-innerTable-rowsel0']"}
RESULT: {"using":"css selector","value":"div[id='rfm.conditionsui::xRFMxCU_ConditionsObjectPage--fe::table::_ConditionPosition::LineItem-innerTable-rowsel0']"}
COMMAND: POST /session/7c34aaf14bfe1bda27bb3b99577c62d4/elements - {"using":"css selector","value":"div[id='rfm.conditionsui::xRFMxCU_ConditionsObjectPage--fe::table::_ConditionPosition::LineItem-innerTable-rowsel0']"}
RESULT: {"using":"css selector","value":"div[id='rfm.conditionsui::xRFMxCU_ConditionsObjectPage--fe::table::_ConditionPosition::LineItem-innerTable-rowsel0']"}
COMMAND: POST /session/7c34aaf14bfe1bda27bb3b99577c62d4/elements - {"using":"css selector","value":"div[id='rfm.conditionsui::xRFMxCU_ConditionsObjectPage--fe::table::_ConditionPosition::LineItem-innerTable-rowsel0']"}
RESULT: {"using":"css selector","value":"div[id='rfm.conditionsui::xRFMxCU_ConditionsObjectPage--fe::table::_ConditionPosition::LineItem-innerTable-rowsel0']"}
COMMAND: POST /session/7c34aaf14bfe1bda27bb3b99577c62d4/elements - {"using":"css selector","value":"div[id='rfm.conditionsui::xRFMxCU_ConditionsObjectPage--fe::table::_ConditionPosition::LineItem-innerTable-rowsel0']"}
RESULT: {"using":"css selector","value":"div[id='rfm.conditionsui::xRFMxCU_ConditionsObjectPage--fe::table::_ConditionPosition::LineItem-innerTable-rowsel0']"}
COMMAND: POST /session/7c34aaf14bfe1bda27bb3b99577c62d4/elements - {"using":"css selector","value":"div[id='rfm.conditionsui::xRFMxCU_ConditionsObjectPage--fe::table::_ConditionPosition::LineItem-innerTable-rowsel0']"}
RESULT: {"using":"css selector","value":"div[id='rfm.conditionsui::xRFMxCU_ConditionsObjectPage--fe::table::_ConditionPosition::LineItem-innerTable-rowsel0']"}
COMMAND: POST /session/7c34aaf14bfe1bda27bb3b99577c62d4/elements - {"using":"css selector","value":"div[id='rfm.conditionsui::xRFMxCU_ConditionsObjectPage--fe::table::_ConditionPosition::LineItem-innerTable-rowsel0']"}
RESULT: {"using":"css selector","value":"div[id='rfm.conditionsui::xRFMxCU_ConditionsObjectPage--fe::table::_ConditionPosition::LineItem-innerTable-rowsel0']"}
COMMAND: POST /session/7c34aaf14bfe1bda27bb3b99577c62d4/elements - {"using":"css selector","value":"div[id='rfm.conditionsui::xRFMxCU_ConditionsObjectPage--fe::table::_ConditionPosition::LineItem-innerTable-rowsel0']"}
RESULT: {"using":"css selector","value":"div[id='rfm.conditionsui::xRFMxCU_ConditionsObjectPage--fe::table::_ConditionPosition::LineItem-innerTable-rowsel0']"}
COMMAND: POST /session/7c34aaf14bfe1bda27bb3b99577c62d4/elements - {"using":"css selector","value":"div[id='rfm.conditionsui::xRFMxCU_ConditionsObjectPage--fe::table::_ConditionPosition::LineItem-innerTable-rowsel0']"}
RESULT: {"using":"css selector","value":"div[id='rfm.conditionsui::xRFMxCU_ConditionsObjectPage--fe::table::_ConditionPosition::LineItem-innerTable-rowsel0']"}
COMMAND: POST /session/7c34aaf14bfe1bda27bb3b99577c62d4/elements - {"using":"css selector","value":"div[id='rfm.conditionsui::xRFMxCU_ConditionsObjectPage--fe::table::_ConditionPosition::LineItem-innerTable-rowsel0']"}
RESULT: {"using":"css selector","value":"div[id='rfm.conditionsui::xRFMxCU_ConditionsObjectPage--fe::table::_ConditionPosition::LineItem-innerTable-rowsel0']"}
COMMAND: POST /session/7c34aaf14bfe1bda27bb3b99577c62d4/elements - {"using":"css selector","value":"div[id='rfm.conditionsui::xRFMxCU_ConditionsObjectPage--fe::table::_ConditionPosition::LineItem-innerTable-rowsel0']"}
RESULT: {"using":"css selector","value":"div[id='rfm.conditionsui::xRFMxCU_ConditionsObjectPage--fe::table::_ConditionPosition::LineItem-innerTable-rowsel0']"}
COMMAND: POST /session/7c34aaf14bfe1bda27bb3b99577c62d4/elements - {"using":"css selector","value":"div[id='rfm.conditionsui::xRFMxCU_ConditionsObjectPage--fe::table::_ConditionPosition::LineItem-innerTable-rowsel0']"}
RESULT: {"using":"css selector","value":"div[id='rfm.conditionsui::xRFMxCU_ConditionsObjectPage--fe::table::_ConditionPosition::LineItem-innerTable-rowsel0']"}
COMMAND: POST /session/7c34aaf14bfe1bda27bb3b99577c62d4/elements - {"using":"css selector","value":"div[id='rfm.conditionsui::xRFMxCU_ConditionsObjectPage--fe::table::_ConditionPosition::LineItem-innerTable-rowsel0']"}
RESULT: {"using":"css selector","value":"div[id='rfm.conditionsui::xRFMxCU_ConditionsObjectPage--fe::table::_ConditionPosition::LineItem-innerTable-rowsel0']"}
COMMAND: POST /session/7c34aaf14bfe1bda27bb3b99577c62d4/elements - {"using":"css selector","value":"div[id='rfm.conditionsui::xRFMxCU_ConditionsObjectPage--fe::table::_ConditionPosition::LineItem-innerTable-rowsel0']"}
RESULT: {"using":"css selector","value":"div[id='rfm.conditionsui::xRFMxCU_ConditionsObjectPage--fe::table::_ConditionPosition::LineItem-innerTable-rowsel0']"}
COMMAND: POST /session/7c34aaf14bfe1bda27bb3b99577c62d4/elements - {"using":"css selector","value":"div[id='rfm.conditionsui::xRFMxCU_ConditionsObjectPage--fe::table::_ConditionPosition::LineItem-innerTable-rowsel0']"}
RESULT: {"using":"css selector","value":"div[id='rfm.conditionsui::xRFMxCU_ConditionsObjectPage--fe::table::_ConditionPosition::LineItem-innerTable-rowsel0']"}
COMMAND: POST /session/7c34aaf14bfe1bda27bb3b99577c62d4/elements - {"using":"css selector","value":"div[id='rfm.conditionsui::xRFMxCU_ConditionsObjectPage--fe::table::_ConditionPosition::LineItem-innerTable-rowsel0']"}
RESULT: {"using":"css selector","value":"div[id='rfm.conditionsui::xRFMxCU_ConditionsObjectPage--fe::table::_ConditionPosition::LineItem-innerTable-rowsel0']"}
COMMAND: POST /session/7c34aaf14bfe1bda27bb3b99577c62d4/elements - {"using":"css selector","value":"div[id='rfm.conditionsui::xRFMxCU_ConditionsObjectPage--fe::table::_ConditionPosition::LineItem-innerTable-rowsel0']"}
RESULT: {"using":"css selector","value":"div[id='rfm.conditionsui::xRFMxCU_ConditionsObjectPage--fe::table::_ConditionPosition::LineItem-innerTable-rowsel0']"}
COMMAND: POST /session/7c34aaf14bfe1bda27bb3b99577c62d4/elements - {"using":"css selector","value":"div[id='rfm.conditionsui::xRFMxCU_ConditionsObjectPage--fe::table::_ConditionPosition::LineItem-innerTable-rowsel0']"}
RESULT: {"using":"css selector","value":"div[id='rfm.conditionsui::xRFMxCU_ConditionsObjectPage--fe::table::_ConditionPosition::LineItem-innerTable-rowsel0']"}
COMMAND: POST /session/7c34aaf14bfe1bda27bb3b99577c62d4/elements - {"using":"css selector","value":"div[id='rfm.conditionsui::xRFMxCU_ConditionsObjectPage--fe::table::_ConditionPosition::LineItem-innerTable-rowsel0']"}
RESULT: {"using":"css selector","value":"div[id='rfm.conditionsui::xRFMxCU_ConditionsObjectPage--fe::table::_ConditionPosition::LineItem-innerTable-rowsel0']"}
COMMAND: POST /session/7c34aaf14bfe1bda27bb3b99577c62d4/elements - {"using":"css selector","value":"div[id='rfm.conditionsui::xRFMxCU_ConditionsObjectPage--fe::table::_ConditionPosition::LineItem-innerTable-rowsel0']"}
RESULT: {"using":"css selector","value":"div[id='rfm.conditionsui::xRFMxCU_ConditionsObjectPage--fe::table::_ConditionPosition::LineItem-innerTable-rowsel0']"}
COMMAND: POST /session/7c34aaf14bfe1bda27bb3b99577c62d4/elements - {"using":"css selector","value":"div[id='rfm.conditionsui::xRFMxCU_ConditionsObjectPage--fe::table::_ConditionPosition::LineItem-innerTable-rowsel0']"}
RESULT: {"using":"css selector","value":"div[id='rfm.conditionsui::xRFMxCU_ConditionsObjectPage--fe::table::_ConditionPosition::LineItem-innerTable-rowsel0']"}
COMMAND: POST /session/7c34aaf14bfe1bda27bb3b99577c62d4/elements - {"using":"css selector","value":"div[id='rfm.conditionsui::xRFMxCU_ConditionsObjectPage--fe::table::_ConditionPosition::LineItem-innerTable-rowsel0']"}
RESULT: {"using":"css selector","value":"div[id='rfm.conditionsui::xRFMxCU_ConditionsObjectPage--fe::table::_ConditionPosition::LineItem-innerTable-rowsel0']"}
COMMAND: POST /session/7c34aaf14bfe1bda27bb3b99577c62d4/elements - {"using":"css selector","value":"div[id='rfm.conditionsui::xRFMxCU_ConditionsObjectPage--fe::table::_ConditionPosition::LineItem-innerTable-rowsel0']"}
RESULT: {"using":"css selector","value":"div[id='rfm.conditionsui::xRFMxCU_ConditionsObjectPage--fe::table::_ConditionPosition::LineItem-innerTable-rowsel0']"}
COMMAND: POST /session/7c34aaf14bfe1bda27bb3b99577c62d4/elements - {"using":"css selector","value":"div[id='rfm.conditionsui::xRFMxCU_ConditionsObjectPage--fe::table::_ConditionPosition::LineItem-innerTable-rowsel0']"}
RESULT: {"using":"css selector","value":"div[id='rfm.conditionsui::xRFMxCU_ConditionsObjectPage--fe::table::_ConditionPosition::LineItem-innerTable-rowsel0']"}
COMMAND: POST /session/7c34aaf14bfe1bda27bb3b99577c62d4/elements - {"using":"css selector","value":"div[id='rfm.conditionsui::xRFMxCU_ConditionsObjectPage--fe::table::_ConditionPosition::LineItem-innerTable-rowsel0']"}
RESULT: {"using":"css selector","value":"div[id='rfm.conditionsui::xRFMxCU_ConditionsObjectPage--fe::table::_ConditionPosition::LineItem-innerTable-rowsel0']"}
COMMAND: POST /session/7c34aaf14bfe1bda27bb3b99577c62d4/elements - {"using":"css selector","value":"div[id='rfm.conditionsui::xRFMxCU_ConditionsObjectPage--fe::table::_ConditionPosition::LineItem-innerTable-rowsel0']"}
RESULT: {"using":"css selector","value":"div[id='rfm.conditionsui::xRFMxCU_ConditionsObjectPage--fe::table::_ConditionPosition::LineItem-innerTable-rowsel0']"}
COMMAND: POST /session/7c34aaf14bfe1bda27bb3b99577c62d4/elements - {"using":"css selector","value":"div[id='rfm.conditionsui::xRFMxCU_ConditionsObjectPage--fe::table::_ConditionPosition::LineItem-innerTable-rowsel0']"}
RESULT: {"using":"css selector","value":"div[id='rfm.conditionsui::xRFMxCU_ConditionsObjectPage--fe::table::_ConditionPosition::LineItem-innerTable-rowsel0']"}
COMMAND: POST /session/7c34aaf14bfe1bda27bb3b99577c62d4/elements - {"using":"css selector","value":"div[id='rfm.conditionsui::xRFMxCU_ConditionsObjectPage--fe::table::_ConditionPosition::LineItem-innerTable-rowsel0']"}
RESULT: {"using":"css selector","value":"div[id='rfm.conditionsui::xRFMxCU_ConditionsObjectPage--fe::table::_ConditionPosition::LineItem-innerTable-rowsel0']"}
COMMAND: POST /session/7c34aaf14bfe1bda27bb3b99577c62d4/elements - {"using":"css selector","value":"div[id='rfm.conditionsui::xRFMxCU_ConditionsObjectPage--fe::table::_ConditionPosition::LineItem-innerTable-rowsel0']"}
RESULT: {"using":"css selector","value":"div[id='rfm.conditionsui::xRFMxCU_ConditionsObjectPage--fe::table::_ConditionPosition::LineItem-innerTable-rowsel0']"}
COMMAND: POST /session/7c34aaf14bfe1bda27bb3b99577c62d4/elements - {"using":"css selector","value":"div[id='rfm.conditionsui::xRFMxCU_ConditionsObjectPage--fe::table::_ConditionPosition::LineItem-innerTable-rowsel0']"}
RESULT: {"using":"css selector","value":"div[id='rfm.conditionsui::xRFMxCU_ConditionsObjectPage--fe::table::_ConditionPosition::LineItem-innerTable-rowsel0']"}
COMMAND: POST /session/7c34aaf14bfe1bda27bb3b99577c62d4/elements - {"using":"css selector","value":"div[id='rfm.conditionsui::xRFMxCU_ConditionsObjectPage--fe::table::_ConditionPosition::LineItem-innerTable-rowsel0']"}
RESULT: {"using":"css selector","value":"div[id='rfm.conditionsui::xRFMxCU_ConditionsObjectPage--fe::table::_ConditionPosition::LineItem-innerTable-rowsel0']"}
COMMAND: POST /session/7c34aaf14bfe1bda27bb3b99577c62d4/elements - {"using":"css selector","value":"div[id='rfm.conditionsui::xRFMxCU_ConditionsObjectPage--fe::table::_ConditionPosition::LineItem-innerTable-rowsel0']"}
RESULT: {"using":"css selector","value":"div[id='rfm.conditionsui::xRFMxCU_ConditionsObjectPage--fe::table::_ConditionPosition::LineItem-innerTable-rowsel0']"}
COMMAND: POST /session/7c34aaf14bfe1bda27bb3b99577c62d4/elements - {"using":"css selector","value":"div[id='rfm.conditionsui::xRFMxCU_ConditionsObjectPage--fe::table::_ConditionPosition::LineItem-innerTable-rowsel0']"}
RESULT: {"using":"css selector","value":"div[id='rfm.conditionsui::xRFMxCU_ConditionsObjectPage--fe::table::_ConditionPosition::LineItem-innerTable-rowsel0']"}
COMMAND: POST /session/7c34aaf14bfe1bda27bb3b99577c62d4/elements - {"using":"css selector","value":"div[id='rfm.conditionsui::xRFMxCU_ConditionsObjectPage--fe::table::_ConditionPosition::LineItem-innerTable-rowsel0']"}
RESULT: {"using":"css selector","value":"div[id='rfm.conditionsui::xRFMxCU_ConditionsObjectPage--fe::table::_ConditionPosition::LineItem-innerTable-rowsel0']"}
COMMAND: POST /session/7c34aaf14bfe1bda27bb3b99577c62d4/elements - {"using":"css selector","value":"div[id='rfm.conditionsui::xRFMxCU_ConditionsObjectPage--fe::table::_ConditionPosition::LineItem-innerTable-rowsel0']"}
RESULT: {"using":"css selector","value":"div[id='rfm.conditionsui::xRFMxCU_ConditionsObjectPage--fe::table::_ConditionPosition::LineItem-innerTable-rowsel0']"}
COMMAND: POST /session/7c34aaf14bfe1bda27bb3b99577c62d4/elements - {"using":"css selector","value":"div[id='rfm.conditionsui::xRFMxCU_ConditionsObjectPage--fe::table::_ConditionPosition::LineItem-innerTable-rowsel0']"}
RESULT: {"using":"css selector","value":"div[id='rfm.conditionsui::xRFMxCU_ConditionsObjectPage--fe::table::_ConditionPosition::LineItem-innerTable-rowsel0']"}
COMMAND: POST /session/7c34aaf14bfe1bda27bb3b99577c62d4/elements - {"using":"css selector","value":"div[id='rfm.conditionsui::xRFMxCU_ConditionsObjectPage--fe::table::_ConditionPosition::LineItem-innerTable-rowsel0']"}
RESULT: {"using":"css selector","value":"div[id='rfm.conditionsui::xRFMxCU_ConditionsObjectPage--fe::table::_ConditionPosition::LineItem-innerTable-rowsel0']"}
COMMAND: POST /session/7c34aaf14bfe1bda27bb3b99577c62d4/elements - {"using":"css selector","value":"div[id='rfm.conditionsui::xRFMxCU_ConditionsObjectPage--fe::table::_ConditionPosition::LineItem-innerTable-rowsel0']"}
RESULT: {"using":"css selector","value":"div[id='rfm.conditionsui::xRFMxCU_ConditionsObjectPage--fe::table::_ConditionPosition::LineItem-innerTable-rowsel0']"}
COMMAND: POST /session/7c34aaf14bfe1bda27bb3b99577c62d4/elements - {"using":"css selector","value":"div[id='rfm.conditionsui::xRFMxCU_ConditionsObjectPage--fe::table::_ConditionPosition::LineItem-innerTable-rowsel0']"}
RESULT: {"using":"css selector","value":"div[id='rfm.conditionsui::xRFMxCU_ConditionsObjectPage--fe::table::_ConditionPosition::LineItem-innerTable-rowsel0']"}
COMMAND: POST /session/7c34aaf14bfe1bda27bb3b99577c62d4/elements - {"using":"css selector","value":"div[id='rfm.conditionsui::xRFMxCU_ConditionsObjectPage--fe::table::_ConditionPosition::LineItem-innerTable-rowsel0']"}
RESULT: {"using":"css selector","value":"div[id='rfm.conditionsui::xRFMxCU_ConditionsObjectPage--fe::table::_ConditionPosition::LineItem-innerTable-rowsel0']"}
COMMAND: POST /session/7c34aaf14bfe1bda27bb3b99577c62d4/elements - {"using":"css selector","value":"div[id='rfm.conditionsui::xRFMxCU_ConditionsObjectPage--fe::table::_ConditionPosition::LineItem-innerTable-rowsel0']"}
RESULT: {"using":"css selector","value":"div[id='rfm.conditionsui::xRFMxCU_ConditionsObjectPage--fe::table::_ConditionPosition::LineItem-innerTable-rowsel0']"}
COMMAND: POST /session/7c34aaf14bfe1bda27bb3b99577c62d4/elements - {"using":"css selector","value":"div[id='rfm.conditionsui::xRFMxCU_ConditionsObjectPage--fe::table::_ConditionPosition::LineItem-innerTable-rowsel0']"}
RESULT: {"using":"css selector","value":"div[id='rfm.conditionsui::xRFMxCU_ConditionsObjectPage--fe::table::_ConditionPosition::LineItem-innerTable-rowsel0']"}
COMMAND: POST /session/7c34aaf14bfe1bda27bb3b99577c62d4/elements - {"using":"css selector","value":"div[id='rfm.conditionsui::xRFMxCU_ConditionsObjectPage--fe::table::_ConditionPosition::LineItem-innerTable-rowsel0']"}
RESULT: {"using":"css selector","value":"div[id='rfm.conditionsui::xRFMxCU_ConditionsObjectPage--fe::table::_ConditionPosition::LineItem-innerTable-rowsel0']"}
COMMAND: POST /session/7c34aaf14bfe1bda27bb3b99577c62d4/elements - {"using":"css selector","value":"div[id='rfm.conditionsui::xRFMxCU_ConditionsObjectPage--fe::table::_ConditionPosition::LineItem-innerTable-rowsel0']"}
RESULT: {"using":"css selector","value":"div[id='rfm.conditionsui::xRFMxCU_ConditionsObjectPage--fe::table::_ConditionPosition::LineItem-innerTable-rowsel0']"}
COMMAND: POST /session/7c34aaf14bfe1bda27bb3b99577c62d4/elements - {"using":"css selector","value":"div[id='rfm.conditionsui::xRFMxCU_ConditionsObjectPage--fe::table::_ConditionPosition::LineItem-innerTable-rowsel0']"}
RESULT: {"using":"css selector","value":"div[id='rfm.conditionsui::xRFMxCU_ConditionsObjectPage--fe::table::_ConditionPosition::LineItem-innerTable-rowsel0']"}
COMMAND: POST /session/7c34aaf14bfe1bda27bb3b99577c62d4/elements - {"using":"css selector","value":"div[id='rfm.conditionsui::xRFMxCU_ConditionsObjectPage--fe::table::_ConditionPosition::LineItem-innerTable-rowsel0']"}
RESULT: {"using":"css selector","value":"div[id='rfm.conditionsui::xRFMxCU_ConditionsObjectPage--fe::table::_ConditionPosition::LineItem-innerTable-rowsel0']"}
COMMAND: POST /session/7c34aaf14bfe1bda27bb3b99577c62d4/elements - {"using":"css selector","value":"div[id='rfm.conditionsui::xRFMxCU_ConditionsObjectPage--fe::table::_ConditionPosition::LineItem-innerTable-rowsel0']"}
RESULT: {"using":"css selector","value":"div[id='rfm.conditionsui::xRFMxCU_ConditionsObjectPage--fe::table::_ConditionPosition::LineItem-innerTable-rowsel0']"}
COMMAND: POST /session/7c34aaf14bfe1bda27bb3b99577c62d4/elements - {"using":"css selector","value":"div[id='rfm.conditionsui::xRFMxCU_ConditionsObjectPage--fe::table::_ConditionPosition::LineItem-innerTable-rowsel0']"}
RESULT: {"using":"css selector","value":"div[id='rfm.conditionsui::xRFMxCU_ConditionsObjectPage--fe::table::_ConditionPosition::LineItem-innerTable-rowsel0']"}
COMMAND: POST /session/7c34aaf14bfe1bda27bb3b99577c62d4/elements - {"using":"css selector","value":"div[id='rfm.conditionsui::xRFMxCU_ConditionsObjectPage--fe::table::_ConditionPosition::LineItem-innerTable-rowsel0']"}
RESULT: {"using":"css selector","value":"div[id='rfm.conditionsui::xRFMxCU_ConditionsObjectPage--fe::table::_ConditionPosition::LineItem-innerTable-rowsel0']"}
COMMAND: POST /session/7c34aaf14bfe1bda27bb3b99577c62d4/elements - {"using":"css selector","value":"div[id='rfm.conditionsui::xRFMxCU_ConditionsObjectPage--fe::table::_ConditionPosition::LineItem-innerTable-rowsel0']"}
RESULT: {"using":"css selector","value":"div[id='rfm.conditionsui::xRFMxCU_ConditionsObjectPage--fe::table::_ConditionPosition::LineItem-innerTable-rowsel0']"}
COMMAND: GET /session/7c34aaf14bfe1bda27bb3b99577c62d4/screenshot - {}
COMMAND: GET /session/7c34aaf14bfe1bda27bb3b99577c62d4/screenshot - {}
RESULT: {}
RESULT: {}
COMMAND: DELETE /session/7c34aaf14bfe1bda27bb3b99577c62d4 - {}
COMMAND: GET /session/7c34aaf14bfe1bda27bb3b99577c62d4/screenshot - {}
COMMAND: GET /session/7c34aaf14bfe1bda27bb3b99577c62d4/screenshot - {}
RESULT: {}
]]></system-out>
      <system-err><![CDATA[
Error: Can't call click on element with selector "div[id='rfm.conditionsui::xRFMxCU_ConditionsObjectPage--fe::table::_ConditionPosition::LineItem-innerTable-rowsel0']" because element wasn't found
    at async Context.<anonymous> (D:\a\1\s\test\specs\ABS\ABSConditions.spec.js:758:9)
]]></system-err>
    </testcase>
  </testsuite>
</testsuites>